  **** energia_25_01_41.rnc ****


  Total primaries run:        50000000

    Total weight of the primaries run:   50000000.0    


  Detector n:            1   Product   
     (Region           3  Volume:    0.174417302      cmc,
      distr. type  :           3    ,
      Z_max:          46 , N-Z_max:          22 , N-Z_min:          -4 )

     Tot. response (n/cmc/pr)   3.51779312E-02   +/-  0.260533541      %
     ( --> Nuclei/pr            6.13564020E-03   +/-  0.260533541      % )

  **** Isotope Yield as a function of Mass Number **** ****            (nuclei / cmc / pr)             ****


  A_min:           1  -  A_max:         114

  A:          101  1.3874770E-05 +/-   1.2711043E+01 %
  A:          100  2.9663342E-03 +/-   5.2708962E-01 %
  A:           99  1.8654801E-02 +/-   2.5538842E-01 %
  A:           98  8.1292396E-03 +/-   5.5862376E-01 %
  A:           97  5.8480437E-06 +/-   1.3218136E+01 %
  A:           96  6.1920463E-05 +/-   4.9613659E+00 %
  A:           95  1.5594783E-05 +/-   5.7166192E+00 %
  A:            4  8.0611270E-05 +/-   3.7697824E+00 %
  A:            3  1.2613428E-06 +/-   3.1637292E+01 %
  A:            2  4.2312316E-05 +/-   6.0792993E+00 %
  A:            1  5.2061350E-03 +/-   3.8413712E-01 %

  **** Isotope Yield as a function of Atomic Number **** ****            (nuclei / cmc / pr)               ****


  Z_min:           1  -  Z_max:          46

  Z:           43  2.7163590E-02 +/-   3.2053942E-01 %
  Z:           42  2.6019208E-03 +/-   7.4946759E-01 %
  Z:           41  8.1987280E-05 +/-   3.5824709E+00 %
  Z:           40  1.1466752E-07 +/-   9.9000000E+01 %
  Z:            2  8.0611270E-05 +/-   3.7697824E+00 %
  Z:            1  5.2497086E-03 +/-   3.9262582E-01 %

  **** Residual nuclei distribution  **** ****    (nuclei / cmc / pr)        ****



  A \ Z   36         37         38         39         40         41         42         43         44         45         46
 101   0.00E+00   0.00E+00   0.00E+00   0.00E+00   0.00E+00   0.00E+00   1.39E-05   0.00E+00   0.00E+00   0.00E+00   0.00E+00
      +/- 0.0 %  +/- 0.0 %  +/- 0.0 %  +/- 0.0 %  +/- 0.0 %  +/- 0.0 %  +/-12.7 %  +/- 0.0 %  +/- 0.0 %  +/- 0.0 %  +/- 0.0 %
 100   0.00E+00   0.00E+00   0.00E+00   0.00E+00   0.00E+00   5.73E-08   1.60E-03   1.36E-03   0.00E+00   0.00E+00   0.00E+00
      +/- 0.0 %  +/- 0.0 %  +/- 0.0 %  +/- 0.0 %  +/- 0.0 %  +/-99.0 %  +/- 0.8 %  +/- 1.1 %  +/- 0.0 %  +/- 0.0 %  +/- 0.0 %
  99   0.00E+00   0.00E+00   0.00E+00   0.00E+00   0.00E+00   5.73E-08   8.35E-04   8.91E-03   0.00E+00   0.00E+00   0.00E+00
      +/- 0.0 %  +/- 0.0 %  +/- 0.0 %  +/- 0.0 %  +/- 0.0 %  +/-99.0 %  +/- 1.0 %  +/- 0.3 %  +/- 0.0 %  +/- 0.0 %  +/- 0.0 %
  98   0.00E+00   0.00E+00   0.00E+00   0.00E+00   0.00E+00   0.00E+00   1.51E-04   7.98E-03   0.00E+00   0.00E+00   0.00E+00
      +/- 0.0 %  +/- 0.0 %  +/- 0.0 %  +/- 0.0 %  +/- 0.0 %  +/- 0.0 %  +/- 3.7 %  +/- 0.6 %  +/- 0.0 %  +/- 0.0 %  +/- 0.0 %
  97   0.00E+00   0.00E+00   0.00E+00   0.00E+00   1.15E-07   2.12E-06   1.49E-06   0.00E+00   0.00E+00   0.00E+00   0.00E+00
      +/- 0.0 %  +/- 0.0 %  +/- 0.0 %  +/- 0.0 %  +/-99.0 %  +/-15.1 %  +/-23.1 %  +/- 0.0 %  +/- 0.0 %  +/- 0.0 %  +/- 0.0 %
  96   0.00E+00   0.00E+00   0.00E+00   0.00E+00   0.00E+00   6.19E-05   0.00E+00   0.00E+00   0.00E+00   0.00E+00   0.00E+00
      +/- 0.0 %  +/- 0.0 %  +/- 0.0 %  +/- 0.0 %  +/- 0.0 %  +/- 5.0 %  +/- 0.0 %  +/- 0.0 %  +/- 0.0 %  +/- 0.0 %  +/- 0.0 %
  95   0.00E+00   0.00E+00   0.00E+00   0.00E+00   0.00E+00   7.80E-06   0.00E+00   0.00E+00   0.00E+00   0.00E+00   0.00E+00
      +/- 0.0 %  +/- 0.0 %  +/- 0.0 %  +/- 0.0 %  +/- 0.0 %  +/- 5.7 %  +/- 0.0 %  +/- 0.0 %  +/- 0.0 %  +/- 0.0 %  +/- 0.0 %

  A \ Z   25         26         27         28         29         30         31         32         33         34         35

  A \ Z   14         15         16         17         18         19         20         21         22         23         24

  A \ Z    3          4          5          6          7          8          9         10         11         12         13

  A \ Z    1          2
   4   0.00E+00   8.06E-05
      +/- 0.0 %  +/- 3.8 %
   3   1.26E-06   0.00E+00
      +/-31.6 %  +/- 0.0 %
   2   4.23E-05   0.00E+00
      +/- 6.1 %  +/- 0.0 %
   1   5.21E-03   0.00E+00
      +/- 0.4 %  +/- 0.0 %


  **** Isomers (nuclei / cmc / pr)     ****
      A        Z       mth
       95      41       1    7.80E-06 +/-  5.7 %
       97      41       1    2.12E-06 +/- 15.1 %
       99      41       1    5.73E-08 +/- 99.0 %
       99      43       1    8.91E-03 +/-  0.3 %
      100      41       1    5.73E-08 +/- 99.0 %

