  **** energia_10_01_41.rnc ****


  Total primaries run:        50000000

    Total weight of the primaries run:   50000000.0    


  Detector n:            1   Product   
     (Region           3  Volume:     1.46673098E-02  cmc,
      distr. type  :           3    ,
      Z_max:          46 , N-Z_max:          22 , N-Z_min:          -4 )

     Tot. response (n/cmc/pr)   1.70474332E-02   +/-   1.02390540      %
     ( --> Nuclei/pr            2.50040001E-04   +/-   1.02390540      % )

  **** Isotope Yield as a function of Mass Number **** ****            (nuclei / cmc / pr)             ****


  A_min:           1  -  A_max:         114

  A:          101  1.3635766E-06 +/-   9.9000000E+01 %
  A:          100  9.1100549E-03 +/-   8.7431897E-01 %
  A:           99  7.7396605E-03 +/-   1.6364030E+00 %
  A:           97  1.3635766E-06 +/-   9.9000000E+01 %
  A:            4  1.3635766E-06 +/-   9.9000000E+01 %
  A:            1  1.9362787E-04 +/-   9.9481781E+00 %

  **** Isotope Yield as a function of Atomic Number **** ****            (nuclei / cmc / pr)               ****


  Z_min:           1  -  Z_max:          46

  Z:           43  1.6774719E-02 +/-   1.0340399E+00 %
  Z:           42  7.6360287E-05 +/-   1.4628816E+01 %
  Z:           41  1.3635766E-06 +/-   9.9000000E+01 %
  Z:            2  1.3635766E-06 +/-   9.9000000E+01 %
  Z:            1  1.9362787E-04 +/-   9.9481781E+00 %

  **** Residual nuclei distribution  **** ****    (nuclei / cmc / pr)        ****



  A \ Z   36         37         38         39         40         41         42         43         44         45         46
 101   0.00E+00   0.00E+00   0.00E+00   0.00E+00   0.00E+00   0.00E+00   1.36E-06   0.00E+00   0.00E+00   0.00E+00   0.00E+00
      +/- 0.0 %  +/- 0.0 %  +/- 0.0 %  +/- 0.0 %  +/- 0.0 %  +/- 0.0 %  +/-99.0 %  +/- 0.0 %  +/- 0.0 %  +/- 0.0 %  +/- 0.0 %
 100   0.00E+00   0.00E+00   0.00E+00   0.00E+00   0.00E+00   0.00E+00   7.50E-05   9.04E-03   0.00E+00   0.00E+00   0.00E+00
      +/- 0.0 %  +/- 0.0 %  +/- 0.0 %  +/- 0.0 %  +/- 0.0 %  +/- 0.0 %  +/-15.2 %  +/- 0.9 %  +/- 0.0 %  +/- 0.0 %  +/- 0.0 %
  99   0.00E+00   0.00E+00   0.00E+00   0.00E+00   0.00E+00   0.00E+00   0.00E+00   3.87E-03   0.00E+00   0.00E+00   0.00E+00
      +/- 0.0 %  +/- 0.0 %  +/- 0.0 %  +/- 0.0 %  +/- 0.0 %  +/- 0.0 %  +/- 0.0 %  +/- 1.6 %  +/- 0.0 %  +/- 0.0 %  +/- 0.0 %
  97   0.00E+00   0.00E+00   0.00E+00   0.00E+00   0.00E+00   6.82E-07   0.00E+00   0.00E+00   0.00E+00   0.00E+00   0.00E+00
      +/- 0.0 %  +/- 0.0 %  +/- 0.0 %  +/- 0.0 %  +/- 0.0 %  +/-99.0 %  +/- 0.0 %  +/- 0.0 %  +/- 0.0 %  +/- 0.0 %  +/- 0.0 %

  A \ Z   25         26         27         28         29         30         31         32         33         34         35

  A \ Z   14         15         16         17         18         19         20         21         22         23         24

  A \ Z    3          4          5          6          7          8          9         10         11         12         13

  A \ Z    1          2
   4   0.00E+00   1.36E-06
      +/- 0.0 %  +/-99.0 %
   1   1.94E-04   0.00E+00
      +/- 9.9 %  +/- 0.0 %


  **** Isomers (nuclei / cmc / pr)     ****
      A        Z       mth
       97      41       1    6.82E-07 +/- 99.0 %
       99      43       1    3.87E-03 +/-  1.6 %

