  **** energia_225_01_41.rnc ****


  Total primaries run:        50000000

    Total weight of the primaries run:   50000000.0    


  Detector n:            1   Product   
     (Region           3  Volume:    0.141018242      cmc,
      distr. type  :           3    ,
      Z_max:          46 , N-Z_max:          22 , N-Z_min:          -4 )

     Tot. response (n/cmc/pr)   3.34063172E-02   +/-  0.212398171      %
     ( --> Nuclei/pr            4.71090013E-03   +/-  0.212398171      % )

  **** Isotope Yield as a function of Mass Number **** ****            (nuclei / cmc / pr)             ****


  A_min:           1  -  A_max:         114

  A:          101  1.1204225E-05 +/-   8.9407682E+00 %
  A:          100  2.9469947E-03 +/-   4.9654324E-01 %
  A:           99  2.1058836E-02 +/-   2.4958542E-01 %
  A:           98  4.4676490E-03 +/-   6.2624308E-01 %
  A:           97  5.9566761E-06 +/-   1.8028280E+01 %
  A:           96  4.9780794E-05 +/-   6.4751729E+00 %
  A:           95  2.9783381E-06 +/-   2.0634921E+01 %
  A:            4  5.6730250E-05 +/-   5.4518094E+00 %
  A:            3  5.6730250E-07 +/-   5.5277080E+01 %
  A:            2  1.6026296E-05 +/-   1.0557835E+01 %
  A:            1  4.7895932E-03 +/-   4.6551229E-01 %

  **** Isotope Yield as a function of Atomic Number **** ****            (nuclei / cmc / pr)               ****


  Z_min:           1  -  Z_max:          46

  Z:           43  2.6522243E-02 +/-   2.4420415E-01 %
  Z:           42  1.9630085E-03 +/-   8.6995780E-01 %
  Z:           41  5.8148505E-05 +/-   5.6444078E+00 %
  Z:            2  5.6730250E-05 +/-   5.4518094E+00 %
  Z:            1  4.8061868E-03 +/-   4.7577379E-01 %

  **** Residual nuclei distribution  **** ****    (nuclei / cmc / pr)        ****



  A \ Z   36         37         38         39         40         41         42         43         44         45         46
 101   0.00E+00   0.00E+00   0.00E+00   0.00E+00   0.00E+00   0.00E+00   1.12E-05   0.00E+00   0.00E+00   0.00E+00   0.00E+00
      +/- 0.0 %  +/- 0.0 %  +/- 0.0 %  +/- 0.0 %  +/- 0.0 %  +/- 0.0 %  +/- 8.9 %  +/- 0.0 %  +/- 0.0 %  +/- 0.0 %  +/- 0.0 %
 100   0.00E+00   0.00E+00   0.00E+00   0.00E+00   0.00E+00   0.00E+00   1.35E-03   1.59E-03   0.00E+00   0.00E+00   0.00E+00
      +/- 0.0 %  +/- 0.0 %  +/- 0.0 %  +/- 0.0 %  +/- 0.0 %  +/- 0.0 %  +/- 1.1 %  +/- 0.6 %  +/- 0.0 %  +/- 0.0 %  +/- 0.0 %
  99   0.00E+00   0.00E+00   0.00E+00   0.00E+00   0.00E+00   0.00E+00   5.59E-04   1.02E-02   0.00E+00   0.00E+00   0.00E+00
      +/- 0.0 %  +/- 0.0 %  +/- 0.0 %  +/- 0.0 %  +/- 0.0 %  +/- 0.0 %  +/- 1.4 %  +/- 0.2 %  +/- 0.0 %  +/- 0.0 %  +/- 0.0 %
  98   0.00E+00   0.00E+00   0.00E+00   0.00E+00   0.00E+00   0.00E+00   3.89E-05   4.43E-03   0.00E+00   0.00E+00   0.00E+00
      +/- 0.0 %  +/- 0.0 %  +/- 0.0 %  +/- 0.0 %  +/- 0.0 %  +/- 0.0 %  +/- 7.3 %  +/- 0.6 %  +/- 0.0 %  +/- 0.0 %  +/- 0.0 %
  97   0.00E+00   0.00E+00   0.00E+00   0.00E+00   0.00E+00   2.69E-06   5.67E-07   0.00E+00   0.00E+00   0.00E+00   0.00E+00
      +/- 0.0 %  +/- 0.0 %  +/- 0.0 %  +/- 0.0 %  +/- 0.0 %  +/-16.6 %  +/-55.3 %  +/- 0.0 %  +/- 0.0 %  +/- 0.0 %  +/- 0.0 %
  96   0.00E+00   0.00E+00   0.00E+00   0.00E+00   0.00E+00   4.98E-05   0.00E+00   0.00E+00   0.00E+00   0.00E+00   0.00E+00
      +/- 0.0 %  +/- 0.0 %  +/- 0.0 %  +/- 0.0 %  +/- 0.0 %  +/- 6.5 %  +/- 0.0 %  +/- 0.0 %  +/- 0.0 %  +/- 0.0 %  +/- 0.0 %
  95   0.00E+00   0.00E+00   0.00E+00   0.00E+00   0.00E+00   1.49E-06   0.00E+00   0.00E+00   0.00E+00   0.00E+00   0.00E+00
      +/- 0.0 %  +/- 0.0 %  +/- 0.0 %  +/- 0.0 %  +/- 0.0 %  +/-20.6 %  +/- 0.0 %  +/- 0.0 %  +/- 0.0 %  +/- 0.0 %  +/- 0.0 %

  A \ Z   25         26         27         28         29         30         31         32         33         34         35

  A \ Z   14         15         16         17         18         19         20         21         22         23         24

  A \ Z    3          4          5          6          7          8          9         10         11         12         13

  A \ Z    1          2
   4   0.00E+00   5.67E-05
      +/- 0.0 %  +/- 5.5 %
   3   5.67E-07   0.00E+00
      +/-55.3 %  +/- 0.0 %
   2   1.60E-05   0.00E+00
      +/-10.6 %  +/- 0.0 %
   1   4.79E-03   0.00E+00
      +/- 0.5 %  +/- 0.0 %


  **** Isomers (nuclei / cmc / pr)     ****
      A        Z       mth
       95      41       1    1.49E-06 +/- 20.6 %
       97      41       1    2.69E-06 +/- 16.6 %
       99      43       1    1.02E-02 +/-  0.2 %

