  **** energia_175_01_41.rnc ****


  Total primaries run:       100000000

    Total weight of the primaries run:   100000000.    


  Detector n:            1   Product   
     (Region           3  Volume:     8.19955692E-02  cmc,
      distr. type  :           3    ,
      Z_max:          46 , N-Z_max:          22 , N-Z_min:          -4 )

     Tot. response (n/cmc/pr)   2.88683884E-02   +/-  0.208360136      %
     ( --> Nuclei/pr            2.36707996E-03   +/-  0.208360136      % )

  **** Isotope Yield as a function of Mass Number **** ****            (nuclei / cmc / pr)             ****


  A_min:           1  -  A_max:         114

  A:          101  5.9759325E-06 +/-   9.5837203E+00 %
  A:          100  3.1687078E-03 +/-   5.7595454E-01 %
  A:           99  2.1895939E-02 +/-   2.4912841E-01 %
  A:           98  3.6587342E-06 +/-   1.4907120E+01 %
  A:           97  9.8785823E-06 +/-   9.8887189E+00 %
  A:           96  1.1829907E-05 +/-   8.4979584E+00 %
  A:            4  2.1098701E-05 +/-   5.0513888E+00 %
  A:            2  1.0976202E-06 +/-   3.4104148E+01 %
  A:            1  3.7502026E-03 +/-   4.2633026E-01 %

  **** Isotope Yield as a function of Atomic Number **** ****            (nuclei / cmc / pr)               ****


  Z_min:           1  -  Z_max:          46

  Z:           43  2.4142524E-02 +/-   2.3814972E-01 %
  Z:           42  9.3175765E-04 +/-   1.1744072E+00 %
  Z:           41  2.1708490E-05 +/-   4.8155501E+00 %
  Z:            2  2.1098701E-05 +/-   5.0513888E+00 %
  Z:            1  3.7513002E-03 +/-   4.2766421E-01 %

  **** Residual nuclei distribution  **** ****    (nuclei / cmc / pr)        ****



  A \ Z   36         37         38         39         40         41         42         43         44         45         46
 101   0.00E+00   0.00E+00   0.00E+00   0.00E+00   0.00E+00   0.00E+00   5.98E-06   0.00E+00   0.00E+00   0.00E+00   0.00E+00
      +/- 0.0 %  +/- 0.0 %  +/- 0.0 %  +/- 0.0 %  +/- 0.0 %  +/- 0.0 %  +/- 9.6 %  +/- 0.0 %  +/- 0.0 %  +/- 0.0 %  +/- 0.0 %
 100   0.00E+00   0.00E+00   0.00E+00   0.00E+00   0.00E+00   0.00E+00   8.25E-04   2.34E-03   0.00E+00   0.00E+00   0.00E+00
      +/- 0.0 %  +/- 0.0 %  +/- 0.0 %  +/- 0.0 %  +/- 0.0 %  +/- 0.0 %  +/- 1.2 %  +/- 0.6 %  +/- 0.0 %  +/- 0.0 %  +/- 0.0 %
  99   0.00E+00   0.00E+00   0.00E+00   0.00E+00   0.00E+00   0.00E+00   1.01E-04   1.09E-02   0.00E+00   0.00E+00   0.00E+00
      +/- 0.0 %  +/- 0.0 %  +/- 0.0 %  +/- 0.0 %  +/- 0.0 %  +/- 0.0 %  +/- 3.0 %  +/- 0.2 %  +/- 0.0 %  +/- 0.0 %  +/- 0.0 %
  98   0.00E+00   0.00E+00   0.00E+00   0.00E+00   0.00E+00   0.00E+00   1.22E-07   3.54E-06   0.00E+00   0.00E+00   0.00E+00
      +/- 0.0 %  +/- 0.0 %  +/- 0.0 %  +/- 0.0 %  +/- 0.0 %  +/- 0.0 %  +/-99.0 %  +/-15.4 %  +/- 0.0 %  +/- 0.0 %  +/- 0.0 %
  97   0.00E+00   0.00E+00   0.00E+00   0.00E+00   0.00E+00   4.94E-06   0.00E+00   0.00E+00   0.00E+00   0.00E+00   0.00E+00
      +/- 0.0 %  +/- 0.0 %  +/- 0.0 %  +/- 0.0 %  +/- 0.0 %  +/- 9.9 %  +/- 0.0 %  +/- 0.0 %  +/- 0.0 %  +/- 0.0 %  +/- 0.0 %
  96   0.00E+00   0.00E+00   0.00E+00   0.00E+00   0.00E+00   1.18E-05   0.00E+00   0.00E+00   0.00E+00   0.00E+00   0.00E+00
      +/- 0.0 %  +/- 0.0 %  +/- 0.0 %  +/- 0.0 %  +/- 0.0 %  +/- 8.5 %  +/- 0.0 %  +/- 0.0 %  +/- 0.0 %  +/- 0.0 %  +/- 0.0 %

  A \ Z   25         26         27         28         29         30         31         32         33         34         35

  A \ Z   14         15         16         17         18         19         20         21         22         23         24

  A \ Z    3          4          5          6          7          8          9         10         11         12         13

  A \ Z    1          2
   4   0.00E+00   2.11E-05
      +/- 0.0 %  +/- 5.1 %
   2   1.10E-06   0.00E+00
      +/-34.1 %  +/- 0.0 %
   1   3.75E-03   0.00E+00
      +/- 0.4 %  +/- 0.0 %


  **** Isomers (nuclei / cmc / pr)     ****
      A        Z       mth
       97      41       1    4.94E-06 +/-  9.9 %
       99      43       1    1.09E-02 +/-  0.2 %

