  **** energia_15_01_41.rnc ****


  Total primaries run:       100000000

    Total weight of the primaries run:   100000000.    


  Detector n:            1   Product   
     (Region           3  Volume:     5.65486699E-02  cmc,
      distr. type  :           3    ,
      Z_max:          46 , N-Z_max:          22 , N-Z_min:          -4 )

     Tot. response (n/cmc/pr)   2.58340295E-02   +/-  0.357522458      %
     ( --> Nuclei/pr            1.46088004E-03   +/-  0.357522458      % )

  **** Isotope Yield as a function of Mass Number **** ****            (nuclei / cmc / pr)             ****


  A_min:           1  -  A_max:         114

  A:          101  6.1893586E-06 +/-   1.7527024E+01 %
  A:          100  3.7228108E-03 +/-   6.0134073E-01 %
  A:           99  1.9125472E-02 +/-   3.4365152E-01 %
  A:           97  5.8356810E-06 +/-   1.4093867E+01 %
  A:           96  4.5978092E-06 +/-   1.7735381E+01 %
  A:            4  1.0079813E-05 +/-   7.3225500E+00 %
  A:            2  1.7683882E-07 +/-   9.9000000E+01 %
  A:            1  2.9588671E-03 +/-   8.7302328E-01 %

  **** Isotope Yield as a function of Atomic Number **** ****            (nuclei / cmc / pr)               ****


  Z_min:           1  -  Z_max:          46

  Z:           43  2.2288234E-02 +/-   3.2756429E-01 %
  Z:           42  5.6623790E-04 +/-   1.4104942E+00 %
  Z:           41  1.0433490E-05 +/-   7.5699113E+00 %
  Z:            2  1.0079813E-05 +/-   7.3225500E+00 %
  Z:            1  2.9590440E-03 +/-   8.7072343E-01 %

  **** Residual nuclei distribution  **** ****    (nuclei / cmc / pr)        ****



  A \ Z   36         37         38         39         40         41         42         43         44         45         46
 101   0.00E+00   0.00E+00   0.00E+00   0.00E+00   0.00E+00   0.00E+00   6.19E-06   0.00E+00   0.00E+00   0.00E+00   0.00E+00
      +/- 0.0 %  +/- 0.0 %  +/- 0.0 %  +/- 0.0 %  +/- 0.0 %  +/- 0.0 %  +/-17.5 %  +/- 0.0 %  +/- 0.0 %  +/- 0.0 %  +/- 0.0 %
 100   0.00E+00   0.00E+00   0.00E+00   0.00E+00   0.00E+00   0.00E+00   5.45E-04   3.18E-03   0.00E+00   0.00E+00   0.00E+00
      +/- 0.0 %  +/- 0.0 %  +/- 0.0 %  +/- 0.0 %  +/- 0.0 %  +/- 0.0 %  +/- 1.7 %  +/- 0.6 %  +/- 0.0 %  +/- 0.0 %  +/- 0.0 %
  99   0.00E+00   0.00E+00   0.00E+00   0.00E+00   0.00E+00   0.00E+00   1.49E-05   9.56E-03   0.00E+00   0.00E+00   0.00E+00
      +/- 0.0 %  +/- 0.0 %  +/- 0.0 %  +/- 0.0 %  +/- 0.0 %  +/- 0.0 %  +/-15.6 %  +/- 0.3 %  +/- 0.0 %  +/- 0.0 %  +/- 0.0 %
  97   0.00E+00   0.00E+00   0.00E+00   0.00E+00   0.00E+00   2.92E-06   0.00E+00   0.00E+00   0.00E+00   0.00E+00   0.00E+00
      +/- 0.0 %  +/- 0.0 %  +/- 0.0 %  +/- 0.0 %  +/- 0.0 %  +/-14.1 %  +/- 0.0 %  +/- 0.0 %  +/- 0.0 %  +/- 0.0 %  +/- 0.0 %
  96   0.00E+00   0.00E+00   0.00E+00   0.00E+00   0.00E+00   4.60E-06   0.00E+00   0.00E+00   0.00E+00   0.00E+00   0.00E+00
      +/- 0.0 %  +/- 0.0 %  +/- 0.0 %  +/- 0.0 %  +/- 0.0 %  +/-17.7 %  +/- 0.0 %  +/- 0.0 %  +/- 0.0 %  +/- 0.0 %  +/- 0.0 %

  A \ Z   25         26         27         28         29         30         31         32         33         34         35

  A \ Z   14         15         16         17         18         19         20         21         22         23         24

  A \ Z    3          4          5          6          7          8          9         10         11         12         13

  A \ Z    1          2
   4   0.00E+00   1.01E-05
      +/- 0.0 %  +/- 7.3 %
   2   1.77E-07   0.00E+00
      +/-99.0 %  +/- 0.0 %
   1   2.96E-03   0.00E+00
      +/- 0.9 %  +/- 0.0 %


  **** Isomers (nuclei / cmc / pr)     ****
      A        Z       mth
       97      41       1    2.92E-06 +/- 14.1 %
       99      43       1    9.56E-03 +/-  0.3 %

