  **** energia_275_01_41.rnc ****


  Total primaries run:        50000000

    Total weight of the primaries run:   50000000.0    


  Detector n:            1   Product   
     (Region           3  Volume:    0.210643783      cmc,
      distr. type  :           3    ,
      Z_max:          46 , N-Z_max:          22 , N-Z_min:          -4 )

     Tot. response (n/cmc/pr)   3.67864631E-02   +/-  0.158325255      %
     ( --> Nuclei/pr            7.74883991E-03   +/-  0.158325255      % )

  **** Isotope Yield as a function of Mass Number **** ****            (nuclei / cmc / pr)             ****


  A_min:           1  -  A_max:         114

  A:          101  1.5761205E-05 +/-   8.7158771E+00 %
  A:          100  3.0558698E-03 +/-   6.0818695E-01 %
  A:           99  1.6500463E-02 +/-   2.1239377E-01 %
  A:           98  1.1094275E-02 +/-   2.0621928E-01 %
  A:           97  1.0785981E-04 +/-   3.2679944E+00 %
  A:           96  6.4374078E-05 +/-   3.0050555E+00 %
  A:           95  4.3580682E-05 +/-   4.5054689E+00 %
  A:            4  1.0966381E-04 +/-   2.4257880E+00 %
  A:            3  1.9938874E-06 +/-   2.2947353E+01 %
  A:            2  7.2919311E-05 +/-   2.9615840E+00 %
  A:            1  5.7197034E-03 +/-   4.9755975E-01 %

  **** Isotope Yield as a function of Atomic Number **** ****            (nuclei / cmc / pr)               ****


  Z_min:           1  -  Z_max:          46

  Z:           43  2.7446810E-02 +/-   1.5277922E-01 %
  Z:           42  3.3235255E-03 +/-   4.8795369E-01 %
  Z:           41  1.1175264E-04 +/-   2.4852828E+00 %
  Z:           40  9.4947018E-08 +/-   9.9000000E+01 %
  Z:            2  1.0966381E-04 +/-   2.4257880E+00 %
  Z:            1  5.7946166E-03 +/-   4.9574940E-01 %

  **** Residual nuclei distribution  **** ****    (nuclei / cmc / pr)        ****



  A \ Z   36         37         38         39         40         41         42         43         44         45         46
 101   0.00E+00   0.00E+00   0.00E+00   0.00E+00   0.00E+00   0.00E+00   1.58E-05   0.00E+00   0.00E+00   0.00E+00   0.00E+00
      +/- 0.0 %  +/- 0.0 %  +/- 0.0 %  +/- 0.0 %  +/- 0.0 %  +/- 0.0 %  +/- 8.7 %  +/- 0.0 %  +/- 0.0 %  +/- 0.0 %  +/- 0.0 %
 100   0.00E+00   0.00E+00   0.00E+00   0.00E+00   0.00E+00   4.75E-08   1.83E-03   1.22E-03   0.00E+00   0.00E+00   0.00E+00
      +/- 0.0 %  +/- 0.0 %  +/- 0.0 %  +/- 0.0 %  +/- 0.0 %  +/-99.0 %  +/- 0.6 %  +/- 1.1 %  +/- 0.0 %  +/- 0.0 %  +/- 0.0 %
  99   0.00E+00   0.00E+00   0.00E+00   0.00E+00   0.00E+00   0.00E+00   1.10E-03   7.70E-03   0.00E+00   0.00E+00   0.00E+00
      +/- 0.0 %  +/- 0.0 %  +/- 0.0 %  +/- 0.0 %  +/- 0.0 %  +/- 0.0 %  +/- 0.8 %  +/- 0.2 %  +/- 0.0 %  +/- 0.0 %  +/- 0.0 %
  98   0.00E+00   0.00E+00   0.00E+00   0.00E+00   0.00E+00   0.00E+00   3.73E-04   1.07E-02   0.00E+00   0.00E+00   0.00E+00
      +/- 0.0 %  +/- 0.0 %  +/- 0.0 %  +/- 0.0 %  +/- 0.0 %  +/- 0.0 %  +/- 1.8 %  +/- 0.2 %  +/- 0.0 %  +/- 0.0 %  +/- 0.0 %
  97   0.00E+00   0.00E+00   0.00E+00   0.00E+00   0.00E+00   1.95E-06   3.04E-06   5.05E-05   0.00E+00   0.00E+00   0.00E+00
      +/- 0.0 %  +/- 0.0 %  +/- 0.0 %  +/- 0.0 %  +/- 0.0 %  +/-15.2 %  +/-22.2 %  +/- 3.3 %  +/- 0.0 %  +/- 0.0 %  +/- 0.0 %
  96   0.00E+00   0.00E+00   0.00E+00   0.00E+00   9.49E-08   6.42E-05   9.49E-08   0.00E+00   0.00E+00   0.00E+00   0.00E+00
      +/- 0.0 %  +/- 0.0 %  +/- 0.0 %  +/- 0.0 %  +/-99.0 %  +/- 2.9 %  +/-99.0 %  +/- 0.0 %  +/- 0.0 %  +/- 0.0 %  +/- 0.0 %
  95   0.00E+00   0.00E+00   0.00E+00   0.00E+00   0.00E+00   2.18E-05   0.00E+00   0.00E+00   0.00E+00   0.00E+00   0.00E+00
      +/- 0.0 %  +/- 0.0 %  +/- 0.0 %  +/- 0.0 %  +/- 0.0 %  +/- 4.5 %  +/- 0.0 %  +/- 0.0 %  +/- 0.0 %  +/- 0.0 %  +/- 0.0 %

  A \ Z   25         26         27         28         29         30         31         32         33         34         35

  A \ Z   14         15         16         17         18         19         20         21         22         23         24

  A \ Z    3          4          5          6          7          8          9         10         11         12         13

  A \ Z    1          2
   4   0.00E+00   1.10E-04
      +/- 0.0 %  +/- 2.4 %
   3   1.99E-06   0.00E+00
      +/-22.9 %  +/- 0.0 %
   2   7.29E-05   0.00E+00
      +/- 3.0 %  +/- 0.0 %
   1   5.72E-03   0.00E+00
      +/- 0.5 %  +/- 0.0 %


  **** Isomers (nuclei / cmc / pr)     ****
      A        Z       mth
       95      41       1    2.18E-05 +/-  4.5 %
       97      41       1    1.95E-06 +/- 15.2 %
       97      43       1    5.05E-05 +/-  3.3 %
       99      43       1    7.70E-03 +/-  0.2 %
      100      41       1    4.75E-08 +/- 99.0 %

