  **** energia_125_01_41.rnc ****


  Total primaries run:        50000000

    Total weight of the primaries run:   50000000.0    


  Detector n:            1   Product   
     (Region           3  Volume:     3.41059193E-02  cmc,
      distr. type  :           3    ,
      Z_max:          46 , N-Z_max:          22 , N-Z_min:          -4 )

     Tot. response (n/cmc/pr)   2.17522345E-02   +/-  0.515327573      %
     ( --> Nuclei/pr            7.41879980E-04   +/-  0.515327573      % )

  **** Isotope Yield as a function of Mass Number **** ****            (nuclei / cmc / pr)             ****


  A_min:           1  -  A_max:         114

  A:          101  1.1728169E-06 +/-   6.6666667E+01 %
  A:          100  5.2067207E-03 +/-   1.0750920E+00 %
  A:           99  1.4792740E-02 +/-   6.1710970E-01 %
  A:           97  5.2776761E-06 +/-   3.4940672E+01 %
  A:           96  5.8640844E-07 +/-   9.9000000E+01 %
  A:            4  5.2776761E-06 +/-   3.4940672E+01 %
  A:            1  1.7404603E-03 +/-   2.1735794E+00 %

  **** Isotope Yield as a function of Atomic Number **** ****            (nuclei / cmc / pr)               ****


  Z_min:           1  -  Z_max:          46

  Z:           43  1.9744959E-02 +/-   4.5844251E-01 %
  Z:           42  2.5567409E-04 +/-   4.8618080E+00 %
  Z:           41  5.8640845E-06 +/-   2.9814240E+01 %
  Z:            2  5.2776761E-06 +/-   3.4940672E+01 %
  Z:            1  1.7404603E-03 +/-   2.1735794E+00 %

  **** Residual nuclei distribution  **** ****    (nuclei / cmc / pr)        ****



  A \ Z   36         37         38         39         40         41         42         43         44         45         46
 101   0.00E+00   0.00E+00   0.00E+00   0.00E+00   0.00E+00   0.00E+00   1.17E-06   0.00E+00   0.00E+00   0.00E+00   0.00E+00
      +/- 0.0 %  +/- 0.0 %  +/- 0.0 %  +/- 0.0 %  +/- 0.0 %  +/- 0.0 %  +/-66.7 %  +/- 0.0 %  +/- 0.0 %  +/- 0.0 %  +/- 0.0 %
 100   0.00E+00   0.00E+00   0.00E+00   0.00E+00   0.00E+00   0.00E+00   2.54E-04   4.95E-03   0.00E+00   0.00E+00   0.00E+00
      +/- 0.0 %  +/- 0.0 %  +/- 0.0 %  +/- 0.0 %  +/- 0.0 %  +/- 0.0 %  +/- 5.0 %  +/- 1.1 %  +/- 0.0 %  +/- 0.0 %  +/- 0.0 %
  99   0.00E+00   0.00E+00   0.00E+00   0.00E+00   0.00E+00   0.00E+00   5.86E-07   7.40E-03   0.00E+00   0.00E+00   0.00E+00
      +/- 0.0 %  +/- 0.0 %  +/- 0.0 %  +/- 0.0 %  +/- 0.0 %  +/- 0.0 %  +/-99.0 %  +/- 0.6 %  +/- 0.0 %  +/- 0.0 %  +/- 0.0 %
  97   0.00E+00   0.00E+00   0.00E+00   0.00E+00   0.00E+00   2.64E-06   0.00E+00   0.00E+00   0.00E+00   0.00E+00   0.00E+00
      +/- 0.0 %  +/- 0.0 %  +/- 0.0 %  +/- 0.0 %  +/- 0.0 %  +/-34.9 %  +/- 0.0 %  +/- 0.0 %  +/- 0.0 %  +/- 0.0 %  +/- 0.0 %
  96   0.00E+00   0.00E+00   0.00E+00   0.00E+00   0.00E+00   5.86E-07   0.00E+00   0.00E+00   0.00E+00   0.00E+00   0.00E+00
      +/- 0.0 %  +/- 0.0 %  +/- 0.0 %  +/- 0.0 %  +/- 0.0 %  +/-99.0 %  +/- 0.0 %  +/- 0.0 %  +/- 0.0 %  +/- 0.0 %  +/- 0.0 %

  A \ Z   25         26         27         28         29         30         31         32         33         34         35

  A \ Z   14         15         16         17         18         19         20         21         22         23         24

  A \ Z    3          4          5          6          7          8          9         10         11         12         13

  A \ Z    1          2
   4   0.00E+00   5.28E-06
      +/- 0.0 %  +/-34.9 %
   1   1.74E-03   0.00E+00
      +/- 2.2 %  +/- 0.0 %


  **** Isomers (nuclei / cmc / pr)     ****
      A        Z       mth
       97      41       1    2.64E-06 +/- 34.9 %
       99      43       1    7.40E-03 +/-  0.6 %

