1NUMBER OF BEAM       NUMBER OF BEAM        APPROXIMATE NUMBER    AVERAGE TIME USED     TIME LEFT (RESERVED   NUMBER OF STARS
 PARTICLES HANDLED    PARTICLES LEFT        OF BEAM PARTICLES     BY A BEAM PARTICLE     10000.0 SECONDS      CREATED
                                            THAT CAN STILL BE                           FOR PRINTOUT)
                                            HANDLED

 NEXT SEEDS: EE9B770     241       0       0       0       0    5B97     3B7       0       0
          1             499999999             499999999             1.5592575E-04         1.0000000E+30                 0       
 NEXT SEEDS: EE9B83E     241       0       0       0       0    5B97     3B7       0       0
   10000000             490000000             490000000             4.8468130E-05         1.0000000E+30             33562       
 NEXT SEEDS: A7223DE     243       0       0       0       0    5B97     3B7       0       0
   20000000             480000000             480000000             4.8252243E-05         1.0000000E+30             66756       
 NEXT SEEDS: 5E002D5     245       0       0       0       0    5B97     3B7       0       0
   30000000             470000000             470000000             4.8159352E-05         1.0000000E+30            100021       
 NEXT SEEDS: 15B224C     247       0       0       0       0    5B97     3B7       0       0
   40000000             460000000             460000000             4.8071452E-05         1.0000000E+30            132942       
 NEXT SEEDS:3867C0C7     248       0       0       0       0    5B97     3B7       0       0
   50000000             450000000             450000000             4.8097860E-05         1.0000000E+30            166197       
 NEXT SEEDS:33E31955     24A       0       0       0       0    5B97     3B7       0       0
   60000000             440000000             440000000             4.8098286E-05         1.0000000E+30            199260       
 NEXT SEEDS:2F5D600D     24C       0       0       0       0    5B97     3B7       0       0
   70000000             430000000             430000000             4.8077039E-05         1.0000000E+30            232511       
 NEXT SEEDS:2AD2354F     24E       0       0       0       0    5B97     3B7       0       0
   80000000             420000000             420000000             4.8155627E-05         1.0000000E+30            265588       
 NEXT SEEDS:264C7C06     250       0       0       0       0    5B97     3B7       0       0
   90000000             410000000             410000000             4.8155435E-05         1.0000000E+30            298836       
 NEXT SEEDS:21C59797     252       0       0       0       0    5B97     3B7       0       0
  100000000             400000000             400000000             4.8123603E-05         1.0000000E+30            332114       
 NEXT SEEDS:1D473838     254       0       0       0       0    5B97     3B7       0       0
  110000000             390000000             390000000             4.8129691E-05         1.0000000E+30            365411       
 NEXT SEEDS:18D384A2     256       0       0       0       0    5B97     3B7       0       0
  120000000             380000000             380000000             4.8114855E-05         1.0000000E+30            398784       
 NEXT SEEDS:145481FC     258       0       0       0       0    5B97     3B7       0       0
  130000000             370000000             370000000             4.8112680E-05         1.0000000E+30            431848       
 NEXT SEEDS: FCC2296     25A       0       0       0       0    5B97     3B7       0       0
  140000000             360000000             360000000             4.8110400E-05         1.0000000E+30            465095       
 NEXT SEEDS: B45EB1E     25C       0       0       0       0    5B97     3B7       0       0
  150000000             350000000             350000000             4.8110634E-05         1.0000000E+30            498041       
 NEXT SEEDS: 6B96622     25E       0       0       0       0    5B97     3B7       0       0
  160000000             340000000             340000000             4.8132223E-05         1.0000000E+30            531271       
 NEXT SEEDS: 238028E     260       0       0       0       0    5B97     3B7       0       0
  170000000             330000000             330000000             4.8121576E-05         1.0000000E+30            564606       
 NEXT SEEDS:39531212     261       0       0       0       0    5B97     3B7       0       0
  180000000             320000000             320000000             4.8119930E-05         1.0000000E+30            597734       
 NEXT SEEDS:34CB36E2     263       0       0       0       0    5B97     3B7       0       0
  190000000             310000000             310000000             4.8122689E-05         1.0000000E+30            630766       
 NEXT SEEDS:30474790     265       0       0       0       0    5B97     3B7       0       0
  200000000             300000000             300000000             4.8120407E-05         1.0000000E+30            664206       
 NEXT SEEDS:2BC61DC6     267       0       0       0       0    5B97     3B7       0       0
  210000000             290000000             290000000             4.8162474E-05         1.0000000E+30            697569       
 NEXT SEEDS:2741A695     269       0       0       0       0    5B97     3B7       0       0
  220000000             280000000             280000000             4.8176804E-05         1.0000000E+30            730940       
 NEXT SEEDS:22C33C21     26B       0       0       0       0    5B97     3B7       0       0
  230000000             270000000             270000000             4.8200490E-05         1.0000000E+30            764225       
 NEXT SEEDS:1E39D527     26D       0       0       0       0    5B97     3B7       0       0
  240000000             260000000             260000000             4.8192962E-05         1.0000000E+30            797249       
 NEXT SEEDS:19B57121     26F       0       0       0       0    5B97     3B7       0       0
  250000000             250000000             250000000             4.8186381E-05         1.0000000E+30            830379       
 NEXT SEEDS:152728E7     271       0       0       0       0    5B97     3B7       0       0
  260000000             240000000             240000000             4.8169754E-05         1.0000000E+30            863495       
 NEXT SEEDS:109B476B     273       0       0       0       0    5B97     3B7       0       0
  270000000             230000000             230000000             4.8254859E-05         1.0000000E+30            896606       
 NEXT SEEDS: C10F74F     275       0       0       0       0    5B97     3B7       0       0
  280000000             220000000             220000000             4.8248101E-05         1.0000000E+30            930110       
 NEXT SEEDS: 78BC134     277       0       0       0       0    5B97     3B7       0       0
  290000000             210000000             210000000             4.8270543E-05         1.0000000E+30            963541       
 NEXT SEEDS: 30D154D     279       0       0       0       0    5B97     3B7       0       0
  300000000             200000000             200000000             4.8268540E-05         1.0000000E+30            996822       
 NEXT SEEDS:3A29836A     27A       0       0       0       0    5B97     3B7       0       0
  310000000             190000000             190000000             4.8257244E-05         1.0000000E+30           1029590       
 NEXT SEEDS:359963F5     27C       0       0       0       0    5B97     3B7       0       0
  320000000             180000000             180000000             4.8274092E-05         1.0000000E+30           1063140       
 NEXT SEEDS:311592E6     27E       0       0       0       0    5B97     3B7       0       0
  330000000             170000000             170000000             4.8289999E-05         1.0000000E+30           1096499       
 NEXT SEEDS:2C8FDDCD     280       0       0       0       0    5B97     3B7       0       0
  340000000             160000000             160000000             4.8301670E-05         1.0000000E+30           1129702       
 NEXT SEEDS:280A286F     282       0       0       0       0    5B97     3B7       0       0
  350000000             150000000             150000000             4.8329647E-05         1.0000000E+30           1162887       
 NEXT SEEDS:237CE70B     284       0       0       0       0    5B97     3B7       0       0
  360000000             140000000             140000000             4.8370967E-05         1.0000000E+30           1196111       
 NEXT SEEDS:1EF2BEDC     286       0       0       0       0    5B97     3B7       0       0
  370000000             130000000             130000000             4.8367466E-05         1.0000000E+30           1229363       
 NEXT SEEDS:1A6EA0C3     288       0       0       0       0    5B97     3B7       0       0
  380000000             120000000             120000000             4.8385443E-05         1.0000000E+30           1262247       
 NEXT SEEDS:15E3FA42     28A       0       0       0       0    5B97     3B7       0       0
  390000000             110000000             110000000             4.8417101E-05         1.0000000E+30           1295593       
 NEXT SEEDS:115E4B98     28C       0       0       0       0    5B97     3B7       0       0
  400000000             100000000             100000000             4.8418275E-05         1.0000000E+30           1329140       
 NEXT SEEDS: CDF590D     28E       0       0       0       0    5B97     3B7       0       0
  410000000              90000000              90000000             4.8430834E-05         1.0000000E+30           1362354       
 NEXT SEEDS: 852E99D     290       0       0       0       0    5B97     3B7       0       0
  420000000              80000000              80000000             4.8433676E-05         1.0000000E+30           1395479       
 NEXT SEEDS: 3CE1E08     292       0       0       0       0    5B97     3B7       0       0
  430000000              70000000              70000000             4.8449544E-05         1.0000000E+30           1428693       
 NEXT SEEDS:3AE2269B     293       0       0       0       0    5B97     3B7       0       0
  440000000              60000000              60000000             4.8455534E-05         1.0000000E+30           1461956       
 NEXT SEEDS:36543A85     295       0       0       0       0    5B97     3B7       0       0
  450000000              50000000              50000000             4.8452056E-05         1.0000000E+30           1495168       
 NEXT SEEDS:31D04A90     297       0       0       0       0    5B97     3B7       0       0
  460000000              40000000              40000000             4.8468222E-05         1.0000000E+30           1528603       
 NEXT SEEDS:2D53CA08     299       0       0       0       0    5B97     3B7       0       0
  470000000              30000000              30000000             4.8485953E-05         1.0000000E+30           1562277       
 NEXT SEEDS:28D75BB7     29B       0       0       0       0    5B97     3B7       0       0
  480000000              20000000              20000000             4.8489074E-05         1.0000000E+30           1595296       
 NEXT SEEDS:2451BB7B     29D       0       0       0       0    5B97     3B7       0       0
  490000000              10000000              10000000             4.8492609E-05         1.0000000E+30           1628817       
 NEXT SEEDS:1FCD0BE2     29F       0       0       0       0    5B97     3B7       0       0
  499999950                    50                    50             4.8500359E-05         1.0000000E+30           1662124       
 NEXT SEEDS:1B43BDEB     2A1       0       0       0       0    5B97     3B7       0       0
  499999951                    49                    49             4.8500363E-05         1.0000000E+30           1662124       
 NEXT SEEDS:1B43BEB2     2A1       0       0       0       0    5B97     3B7       0       0
  499999952                    48                    48             4.8500363E-05         1.0000000E+30           1662124       
 NEXT SEEDS:1B43BF79     2A1       0       0       0       0    5B97     3B7       0       0
  499999953                    47                    47             4.8500363E-05         1.0000000E+30           1662124       
 NEXT SEEDS:1B43C05F     2A1       0       0       0       0    5B97     3B7       0       0
  499999954                    46                    46             4.8500363E-05         1.0000000E+30           1662124       
 NEXT SEEDS:1B43C12D     2A1       0       0       0       0    5B97     3B7       0       0
  499999955                    45                    45             4.8500363E-05         1.0000000E+30           1662124       
 NEXT SEEDS:1B43C20E     2A1       0       0       0       0    5B97     3B7       0       0
  499999956                    44                    44             4.8500363E-05         1.0000000E+30           1662124       
 NEXT SEEDS:1B43C2DC     2A1       0       0       0       0    5B97     3B7       0       0
  499999957                    43                    43             4.8500362E-05         1.0000000E+30           1662124       
 NEXT SEEDS:1B43C3AD     2A1       0       0       0       0    5B97     3B7       0       0
  499999958                    42                    42             4.8500362E-05         1.0000000E+30           1662124       
 NEXT SEEDS:1B43C3BA     2A1       0       0       0       0    5B97     3B7       0       0
  499999959                    41                    41             4.8500362E-05         1.0000000E+30           1662124       
 NEXT SEEDS:1B43C488     2A1       0       0       0       0    5B97     3B7       0       0
  499999960                    40                    40             4.8500366E-05         1.0000000E+30           1662124       
 NEXT SEEDS:1B43C564     2A1       0       0       0       0    5B97     3B7       0       0
  499999961                    39                    39             4.8500366E-05         1.0000000E+30           1662124       
 NEXT SEEDS:1B43C56B     2A1       0       0       0       0    5B97     3B7       0       0
  499999962                    38                    38             4.8500366E-05         1.0000000E+30           1662124       
 NEXT SEEDS:1B43C648     2A1       0       0       0       0    5B97     3B7       0       0
  499999963                    37                    37             4.8500366E-05         1.0000000E+30           1662124       
 NEXT SEEDS:1B43C70E     2A1       0       0       0       0    5B97     3B7       0       0
  499999964                    36                    36             4.8500366E-05         1.0000000E+30           1662124       
 NEXT SEEDS:1B43C715     2A1       0       0       0       0    5B97     3B7       0       0
  499999965                    35                    35             4.8500366E-05         1.0000000E+30           1662124       
 NEXT SEEDS:1B43C7EF     2A1       0       0       0       0    5B97     3B7       0       0
  499999966                    34                    34             4.8500365E-05         1.0000000E+30           1662124       
 NEXT SEEDS:1B43C8BE     2A1       0       0       0       0    5B97     3B7       0       0
  499999967                    33                    33             4.8500365E-05         1.0000000E+30           1662124       
 NEXT SEEDS:1B43C8C7     2A1       0       0       0       0    5B97     3B7       0       0
  499999968                    32                    32             4.8500365E-05         1.0000000E+30           1662124       
 NEXT SEEDS:1B43C99C     2A1       0       0       0       0    5B97     3B7       0       0
  499999969                    31                    31             4.8500365E-05         1.0000000E+30           1662124       
 NEXT SEEDS:1B43CA77     2A1       0       0       0       0    5B97     3B7       0       0
  499999970                    30                    30             4.8500365E-05         1.0000000E+30           1662124       
 NEXT SEEDS:1B43CB3E     2A1       0       0       0       0    5B97     3B7       0       0
  499999971                    29                    29             4.8500369E-05         1.0000000E+30           1662124       
 NEXT SEEDS:1B43CC11     2A1       0       0       0       0    5B97     3B7       0       0
  499999972                    28                    28             4.8500369E-05         1.0000000E+30           1662124       
 NEXT SEEDS:1B43CCE2     2A1       0       0       0       0    5B97     3B7       0       0
  499999973                    27                    27             4.8500369E-05         1.0000000E+30           1662124       
 NEXT SEEDS:1B43CDB9     2A1       0       0       0       0    5B97     3B7       0       0
  499999974                    26                    26             4.8500369E-05         1.0000000E+30           1662124       
 NEXT SEEDS:1B43CE87     2A1       0       0       0       0    5B97     3B7       0       0
  499999975                    25                    25             4.8500369E-05         1.0000000E+30           1662124       
 NEXT SEEDS:1B43CF57     2A1       0       0       0       0    5B97     3B7       0       0
  499999976                    24                    24             4.8500368E-05         1.0000000E+30           1662124       
 NEXT SEEDS:1B43D022     2A1       0       0       0       0    5B97     3B7       0       0
  499999977                    23                    23             4.8500368E-05         1.0000000E+30           1662124       
 NEXT SEEDS:1B43D0F4     2A1       0       0       0       0    5B97     3B7       0       0
  499999978                    22                    22             4.8500368E-05         1.0000000E+30           1662124       
 NEXT SEEDS:1B43D1C2     2A1       0       0       0       0    5B97     3B7       0       0
  499999979                    21                    21             4.8500368E-05         1.0000000E+30           1662124       
 NEXT SEEDS:1B43D1D1     2A1       0       0       0       0    5B97     3B7       0       0
  499999980                    20                    20             4.8500372E-05         1.0000000E+30           1662124       
 NEXT SEEDS:1B43D2B7     2A1       0       0       0       0    5B97     3B7       0       0
  499999981                    19                    19             4.8500372E-05         1.0000000E+30           1662124       
 NEXT SEEDS:1B43D39D     2A1       0       0       0       0    5B97     3B7       0       0
  499999982                    18                    18             4.8500372E-05         1.0000000E+30           1662124       
 NEXT SEEDS:1B43D45A     2A1       0       0       0       0    5B97     3B7       0       0
  499999983                    17                    17             4.8500372E-05         1.0000000E+30           1662124       
 NEXT SEEDS:1B43D525     2A1       0       0       0       0    5B97     3B7       0       0
  499999984                    16                    16             4.8500372E-05         1.0000000E+30           1662124       
 NEXT SEEDS:1B43D5FE     2A1       0       0       0       0    5B97     3B7       0       0
  499999985                    15                    15             4.8500371E-05         1.0000000E+30           1662124       
 NEXT SEEDS:1B43D6CA     2A1       0       0       0       0    5B97     3B7       0       0
  499999986                    14                    14             4.8500371E-05         1.0000000E+30           1662124       
 NEXT SEEDS:1B43D797     2A1       0       0       0       0    5B97     3B7       0       0
  499999987                    13                    13             4.8500371E-05         1.0000000E+30           1662124       
 NEXT SEEDS:1B43D876     2A1       0       0       0       0    5B97     3B7       0       0
  499999988                    12                    12             4.8500371E-05         1.0000000E+30           1662124       
 NEXT SEEDS:1B43D943     2A1       0       0       0       0    5B97     3B7       0       0
  499999989                    11                    11             4.8500371E-05         1.0000000E+30           1662124       
 NEXT SEEDS:1B43DA28     2A1       0       0       0       0    5B97     3B7       0       0
  499999990                    10                    10             4.8500375E-05         1.0000000E+30           1662124       
 NEXT SEEDS:1B43DA2F     2A1       0       0       0       0    5B97     3B7       0       0
  499999991                     9                     9             4.8500375E-05         1.0000000E+30           1662124       
 NEXT SEEDS:1B43DB05     2A1       0       0       0       0    5B97     3B7       0       0
  499999992                     8                     8             4.8500375E-05         1.0000000E+30           1662124       
 NEXT SEEDS:1B43DBD0     2A1       0       0       0       0    5B97     3B7       0       0
  499999993                     7                     7             4.8500375E-05         1.0000000E+30           1662124       
 NEXT SEEDS:1B43DCB1     2A1       0       0       0       0    5B97     3B7       0       0
  499999994                     6                     6             4.8500374E-05         1.0000000E+30           1662124       
 NEXT SEEDS:1B43DD82     2A1       0       0       0       0    5B97     3B7       0       0
  499999995                     5                     5             4.8500374E-05         1.0000000E+30           1662124       
 NEXT SEEDS:1B43DE58     2A1       0       0       0       0    5B97     3B7       0       0
  499999996                     4                     4             4.8500374E-05         1.0000000E+30           1662124       
 NEXT SEEDS:1B43DF34     2A1       0       0       0       0    5B97     3B7       0       0
  499999997                     3                     3             4.8500374E-05         1.0000000E+30           1662124       
 NEXT SEEDS:1B43E00D     2A1       0       0       0       0    5B97     3B7       0       0
  499999998                     2                     2             4.8500374E-05         1.0000000E+30           1662124       
 NEXT SEEDS:1B43E014     2A1       0       0       0       0    5B97     3B7       0       0
  499999999                     1                     1             4.8500374E-05         1.0000000E+30           1662124       
 NEXT SEEDS:1B43E0E7     2A1       0       0       0       0    5B97     3B7       0       0
  500000000                     0                     1             4.8500378E-05         1.0000000E+30           1662124       
 NEXT SEEDS:1B43E0F0     2A1       0       0       0       0    5B97     3B7       0       0
