1NUMBER OF BEAM       NUMBER OF BEAM        APPROXIMATE NUMBER    AVERAGE TIME USED     TIME LEFT (RESERVED   NUMBER OF STARS
 PARTICLES HANDLED    PARTICLES LEFT        OF BEAM PARTICLES     BY A BEAM PARTICLE     10000.0 SECONDS      CREATED
                                            THAT CAN STILL BE                           FOR PRINTOUT)
                                            HANDLED

 NEXT SEEDS: 2F4D0B3     1E1       0       0       0       0    5B98     3B7       0       0
          1             499999999             499999999             1.3589859E-04         1.0000000E+30                 0       
 NEXT SEEDS: 2F4D189     1E1       0       0       0       0    5B98     3B7       0       0
   10000000             490000000             490000000             4.8471073E-05         1.0000000E+30             33283       
 NEXT SEEDS:3A096424     1E2       0       0       0       0    5B98     3B7       0       0
   20000000             480000000             480000000             4.8375377E-05         1.0000000E+30             66839       
 NEXT SEEDS:35888F95     1E4       0       0       0       0    5B98     3B7       0       0
   30000000             470000000             470000000             4.8493894E-05         1.0000000E+30             99876       
 NEXT SEEDS:30FE8D05     1E6       0       0       0       0    5B98     3B7       0       0
   40000000             460000000             460000000             4.8430299E-05         1.0000000E+30            133122       
 NEXT SEEDS:2C7D5BF1     1E8       0       0       0       0    5B98     3B7       0       0
   50000000             450000000             450000000             4.8369134E-05         1.0000000E+30            166190       
 NEXT SEEDS:27F6466D     1EA       0       0       0       0    5B98     3B7       0       0
   60000000             440000000             440000000             4.8369546E-05         1.0000000E+30            199397       
 NEXT SEEDS:23746D50     1EC       0       0       0       0    5B98     3B7       0       0
   70000000             430000000             430000000             4.8339093E-05         1.0000000E+30            232822       
 NEXT SEEDS:1EEFDC07     1EE       0       0       0       0    5B98     3B7       0       0
   80000000             420000000             420000000             4.8335054E-05         1.0000000E+30            265914       
 NEXT SEEDS:1A65A1DB     1F0       0       0       0       0    5B98     3B7       0       0
   90000000             410000000             410000000             4.8315358E-05         1.0000000E+30            299216       
 NEXT SEEDS:15DEEDE7     1F2       0       0       0       0    5B98     3B7       0       0
  100000000             400000000             400000000             4.8304550E-05         1.0000000E+30            332481       
 NEXT SEEDS:115760F2     1F4       0       0       0       0    5B98     3B7       0       0
  110000000             390000000             390000000             4.8420485E-05         1.0000000E+30            365741       
 NEXT SEEDS: CCF5DEB     1F6       0       0       0       0    5B98     3B7       0       0
  120000000             380000000             380000000             4.8385253E-05         1.0000000E+30            399297       
 NEXT SEEDS: 84E1DA9     1F8       0       0       0       0    5B98     3B7       0       0
  130000000             370000000             370000000             4.8373208E-05         1.0000000E+30            432706       
 NEXT SEEDS: 3C980A4     1FA       0       0       0       0    5B98     3B7       0       0
  140000000             360000000             360000000             4.8380622E-05         1.0000000E+30            466292       
 NEXT SEEDS:3AEB76EE     1FB       0       0       0       0    5B98     3B7       0       0
  150000000             350000000             350000000             4.8453541E-05         1.0000000E+30            499574       
 NEXT SEEDS:3668280D     1FD       0       0       0       0    5B98     3B7       0       0
  160000000             340000000             340000000             4.8434909E-05         1.0000000E+30            532777       
 NEXT SEEDS:31DF14C3     1FF       0       0       0       0    5B98     3B7       0       0
  170000000             330000000             330000000             4.8472762E-05         1.0000000E+30            565976       
 NEXT SEEDS:2D589719     201       0       0       0       0    5B98     3B7       0       0
  180000000             320000000             320000000             4.8461667E-05         1.0000000E+30            598983       
 NEXT SEEDS:28CFFFB9     203       0       0       0       0    5B98     3B7       0       0
  190000000             310000000             310000000             4.8441742E-05         1.0000000E+30            632307       
 NEXT SEEDS:2447C305     205       0       0       0       0    5B98     3B7       0       0
  200000000             300000000             300000000             4.8425114E-05         1.0000000E+30            665560       
 NEXT SEEDS:1FBFC4C8     207       0       0       0       0    5B98     3B7       0       0
  210000000             290000000             290000000             4.8425304E-05         1.0000000E+30            698951       
 NEXT SEEDS:1B3C2503     209       0       0       0       0    5B98     3B7       0       0
  220000000             280000000             280000000             4.8412853E-05         1.0000000E+30            732239       
 NEXT SEEDS:16BB0212     20B       0       0       0       0    5B98     3B7       0       0
  230000000             270000000             270000000             4.8410166E-05         1.0000000E+30            765469       
 NEXT SEEDS:1231120F     20D       0       0       0       0    5B98     3B7       0       0
  240000000             260000000             260000000             4.8405076E-05         1.0000000E+30            798805       
 NEXT SEEDS: DA90A7D     20F       0       0       0       0    5B98     3B7       0       0
  250000000             250000000             250000000             4.8396720E-05         1.0000000E+30            831950       
 NEXT SEEDS: 91BA29F     211       0       0       0       0    5B98     3B7       0       0
  260000000             240000000             240000000             4.8380846E-05         1.0000000E+30            865015       
 NEXT SEEDS: 49160FB     213       0       0       0       0    5B98     3B7       0       0
  270000000             230000000             230000000             4.8361322E-05         1.0000000E+30            898308       
 NEXT SEEDS:  117460     215       0       0       0       0    5B98     3B7       0       0
  280000000             220000000             220000000             4.8350608E-05         1.0000000E+30            931331       
 NEXT SEEDS:3721634C     216       0       0       0       0    5B98     3B7       0       0
  290000000             210000000             210000000             4.8336144E-05         1.0000000E+30            964439       
 NEXT SEEDS:329E1E87     218       0       0       0       0    5B98     3B7       0       0
  *** Rcfset:kprin,bfcmax,epat00,ppat00,ravpot           1  -1.0380538365857284E-002  0.94308355218141360        9.5140205393813113E-002   12.440777676959296     
  300000000             200000000             200000000             4.8333813E-05         1.0000000E+30            997762       
 NEXT SEEDS:2E18633F     21A       0       0       0       0    5B98     3B7       0       0
  310000000             190000000             190000000             4.8320326E-05         1.0000000E+30           1030979       
 NEXT SEEDS:299A58C6     21C       0       0       0       0    5B98     3B7       0       0
  320000000             180000000             180000000             4.8298234E-05         1.0000000E+30           1064288       
 NEXT SEEDS:25187B15     21E       0       0       0       0    5B98     3B7       0       0
  330000000             170000000             170000000             4.8297909E-05         1.0000000E+30           1097329       
 NEXT SEEDS:208D0322     220       0       0       0       0    5B98     3B7       0       0
  340000000             160000000             160000000             4.8324599E-05         1.0000000E+30           1130699       
 NEXT SEEDS:1C0215AE     222       0       0       0       0    5B98     3B7       0       0
  350000000             150000000             150000000             4.8350191E-05         1.0000000E+30           1163599       
 NEXT SEEDS:176F4E56     224       0       0       0       0    5B98     3B7       0       0
  360000000             140000000             140000000             4.8371920E-05         1.0000000E+30           1196583       
 NEXT SEEDS:12E0250D     226       0       0       0       0    5B98     3B7       0       0
  370000000             130000000             130000000             4.8357001E-05         1.0000000E+30           1230201       
 NEXT SEEDS: E5B4F09     228       0       0       0       0    5B98     3B7       0       0
  380000000             120000000             120000000             4.8346105E-05         1.0000000E+30           1262862       
 NEXT SEEDS: 9C3D39E     22A       0       0       0       0    5B98     3B7       0       0
  390000000             110000000             110000000             4.8332733E-05         1.0000000E+30           1295959       
 NEXT SEEDS: 5382FD1     22C       0       0       0       0    5B98     3B7       0       0
  400000000             100000000             100000000             4.8324415E-05         1.0000000E+30           1329136       
 NEXT SEEDS:  B3975A     22E       0       0       0       0    5B98     3B7       0       0
  410000000              90000000              90000000             4.8321566E-05         1.0000000E+30           1362280       
 NEXT SEEDS:37C9031B     22F       0       0       0       0    5B98     3B7       0       0
  420000000              80000000              80000000             4.8330219E-05         1.0000000E+30           1395441       
 NEXT SEEDS:333FF637     231       0       0       0       0    5B98     3B7       0       0
  430000000              70000000              70000000             4.8319478E-05         1.0000000E+30           1428565       
 NEXT SEEDS:2EBFF861     233       0       0       0       0    5B98     3B7       0       0
  440000000              60000000              60000000             4.8313562E-05         1.0000000E+30           1461711       
 NEXT SEEDS:2A354AD9     235       0       0       0       0    5B98     3B7       0       0
  450000000              50000000              50000000             4.8318842E-05         1.0000000E+30           1494845       
 NEXT SEEDS:25AB5D63     237       0       0       0       0    5B98     3B7       0       0
  460000000              40000000              40000000             4.8312131E-05         1.0000000E+30           1527765       
 NEXT SEEDS:21197231     239       0       0       0       0    5B98     3B7       0       0
  470000000              30000000              30000000             4.8334712E-05         1.0000000E+30           1561177       
 NEXT SEEDS:1C9631E8     23B       0       0       0       0    5B98     3B7       0       0
  480000000              20000000              20000000             4.8329021E-05         1.0000000E+30           1594318       
 NEXT SEEDS:1810A48B     23D       0       0       0       0    5B98     3B7       0       0
  490000000              10000000              10000000             4.8318093E-05         1.0000000E+30           1627744       
 NEXT SEEDS:139691AB     23F       0       0       0       0    5B98     3B7       0       0
  499999950                    50                    50             4.8320111E-05         1.0000000E+30           1660718       
 NEXT SEEDS: F0C2171     241       0       0       0       0    5B98     3B7       0       0
  499999951                    49                    49             4.8320111E-05         1.0000000E+30           1660718       
 NEXT SEEDS: F0C223B     241       0       0       0       0    5B98     3B7       0       0
  499999952                    48                    48             4.8320115E-05         1.0000000E+30           1660718       
 NEXT SEEDS: F0C230F     241       0       0       0       0    5B98     3B7       0       0
  499999953                    47                    47             4.8320115E-05         1.0000000E+30           1660718       
 NEXT SEEDS: F0C2316     241       0       0       0       0    5B98     3B7       0       0
  499999954                    46                    46             4.8320115E-05         1.0000000E+30           1660718       
 NEXT SEEDS: F0C23F1     241       0       0       0       0    5B98     3B7       0       0
  499999955                    45                    45             4.8320115E-05         1.0000000E+30           1660718       
 NEXT SEEDS: F0C24BF     241       0       0       0       0    5B98     3B7       0       0
  499999956                    44                    44             4.8320114E-05         1.0000000E+30           1660718       
 NEXT SEEDS: F0C256F     241       0       0       0       0    5B98     3B7       0       0
  499999957                    43                    43             4.8320114E-05         1.0000000E+30           1660718       
 NEXT SEEDS: F0C263C     241       0       0       0       0    5B98     3B7       0       0
  499999958                    42                    42             4.8320114E-05         1.0000000E+30           1660718       
 NEXT SEEDS: F0C271F     241       0       0       0       0    5B98     3B7       0       0
  499999959                    41                    41             4.8320118E-05         1.0000000E+30           1660718       
 NEXT SEEDS: F0C2805     241       0       0       0       0    5B98     3B7       0       0
  499999960                    40                    40             4.8320118E-05         1.0000000E+30           1660718       
 NEXT SEEDS: F0C28ED     241       0       0       0       0    5B98     3B7       0       0
  499999961                    39                    39             4.8320118E-05         1.0000000E+30           1660718       
 NEXT SEEDS: F0C29BB     241       0       0       0       0    5B98     3B7       0       0
  499999962                    38                    38             4.8320118E-05         1.0000000E+30           1660718       
 NEXT SEEDS: F0C2AB3     241       0       0       0       0    5B98     3B7       0       0
  499999963                    37                    37             4.8320118E-05         1.0000000E+30           1660718       
 NEXT SEEDS: F0C2B90     241       0       0       0       0    5B98     3B7       0       0
  499999964                    36                    36             4.8320118E-05         1.0000000E+30           1660718       
 NEXT SEEDS: F0C2C80     241       0       0       0       0    5B98     3B7       0       0
  499999965                    35                    35             4.8320117E-05         1.0000000E+30           1660718       
 NEXT SEEDS: F0C2D52     241       0       0       0       0    5B98     3B7       0       0
  499999966                    34                    34             4.8320121E-05         1.0000000E+30           1660718       
 NEXT SEEDS: F0C2E11     241       0       0       0       0    5B98     3B7       0       0
  499999967                    33                    33             4.8320121E-05         1.0000000E+30           1660718       
 NEXT SEEDS: F0C2F0C     241       0       0       0       0    5B98     3B7       0       0
  499999968                    32                    32             4.8320121E-05         1.0000000E+30           1660718       
 NEXT SEEDS: F0C2FEC     241       0       0       0       0    5B98     3B7       0       0
  499999969                    31                    31             4.8320121E-05         1.0000000E+30           1660718       
 NEXT SEEDS: F0C30AF     241       0       0       0       0    5B98     3B7       0       0
  499999970                    30                    30             4.8320121E-05         1.0000000E+30           1660718       
 NEXT SEEDS: F0C3168     241       0       0       0       0    5B98     3B7       0       0
  499999971                    29                    29             4.8320121E-05         1.0000000E+30           1660718       
 NEXT SEEDS: F0C3224     241       0       0       0       0    5B98     3B7       0       0
  499999972                    28                    28             4.8320121E-05         1.0000000E+30           1660718       
 NEXT SEEDS: F0C32EA     241       0       0       0       0    5B98     3B7       0       0
  499999973                    27                    27             4.8320125E-05         1.0000000E+30           1660718       
 NEXT SEEDS: F0C33BB     241       0       0       0       0    5B98     3B7       0       0
  499999974                    26                    26             4.8320124E-05         1.0000000E+30           1660718       
 NEXT SEEDS: F0C3496     241       0       0       0       0    5B98     3B7       0       0
  499999975                    25                    25             4.8320124E-05         1.0000000E+30           1660718       
 NEXT SEEDS: F0C3564     241       0       0       0       0    5B98     3B7       0       0
  499999976                    24                    24             4.8320124E-05         1.0000000E+30           1660718       
 NEXT SEEDS: F0C3635     241       0       0       0       0    5B98     3B7       0       0
  499999977                    23                    23             4.8320124E-05         1.0000000E+30           1660718       
 NEXT SEEDS: F0C3706     241       0       0       0       0    5B98     3B7       0       0
  499999978                    22                    22             4.8320124E-05         1.0000000E+30           1660718       
 NEXT SEEDS: F0C370F     241       0       0       0       0    5B98     3B7       0       0
  499999979                    21                    21             4.8320124E-05         1.0000000E+30           1660718       
 NEXT SEEDS: F0C37E7     241       0       0       0       0    5B98     3B7       0       0
  499999980                    20                    20             4.8320128E-05         1.0000000E+30           1660718       
 NEXT SEEDS: F0C38B9     241       0       0       0       0    5B98     3B7       0       0
  499999981                    19                    19             4.8320128E-05         1.0000000E+30           1660718       
 NEXT SEEDS: F0C3982     241       0       0       0       0    5B98     3B7       0       0
  499999982                    18                    18             4.8320128E-05         1.0000000E+30           1660718       
 NEXT SEEDS: F0C3A69     241       0       0       0       0    5B98     3B7       0       0
  499999983                    17                    17             4.8320127E-05         1.0000000E+30           1660718       
 NEXT SEEDS: F0C3B4D     241       0       0       0       0    5B98     3B7       0       0
  499999984                    16                    16             4.8320127E-05         1.0000000E+30           1660718       
 NEXT SEEDS: F0C3C15     241       0       0       0       0    5B98     3B7       0       0
  499999985                    15                    15             4.8320127E-05         1.0000000E+30           1660718       
 NEXT SEEDS: F0C3CF0     241       0       0       0       0    5B98     3B7       0       0
  499999986                    14                    14             4.8320127E-05         1.0000000E+30           1660718       
 NEXT SEEDS: F0C3CF9     241       0       0       0       0    5B98     3B7       0       0
  499999987                    13                    13             4.8320127E-05         1.0000000E+30           1660718       
 NEXT SEEDS: F0C3DBB     241       0       0       0       0    5B98     3B7       0       0
  499999988                    12                    12             4.8320127E-05         1.0000000E+30           1660718       
 NEXT SEEDS: F0C3E9E     241       0       0       0       0    5B98     3B7       0       0
  499999989                    11                    11             4.8320127E-05         1.0000000E+30           1660718       
 NEXT SEEDS: F0C3F73     241       0       0       0       0    5B98     3B7       0       0
  499999990                    10                    10             4.8320131E-05         1.0000000E+30           1660718       
 NEXT SEEDS: F0C404D     241       0       0       0       0    5B98     3B7       0       0
  499999991                     9                     9             4.8320131E-05         1.0000000E+30           1660718       
 NEXT SEEDS: F0C410E     241       0       0       0       0    5B98     3B7       0       0
  499999992                     8                     8             4.8320130E-05         1.0000000E+30           1660718       
 NEXT SEEDS: F0C41E8     241       0       0       0       0    5B98     3B7       0       0
  499999993                     7                     7             4.8320130E-05         1.0000000E+30           1660718       
 NEXT SEEDS: F0C42CA     241       0       0       0       0    5B98     3B7       0       0
  499999994                     6                     6             4.8320130E-05         1.0000000E+30           1660718       
 NEXT SEEDS: F0C42D1     241       0       0       0       0    5B98     3B7       0       0
  499999995                     5                     5             4.8320130E-05         1.0000000E+30           1660718       
 NEXT SEEDS: F0C43AD     241       0       0       0       0    5B98     3B7       0       0
  499999996                     4                     4             4.8320130E-05         1.0000000E+30           1660718       
 NEXT SEEDS: F0C4491     241       0       0       0       0    5B98     3B7       0       0
  499999997                     3                     3             4.8320130E-05         1.0000000E+30           1660718       
 NEXT SEEDS: F0C4498     241       0       0       0       0    5B98     3B7       0       0
  499999998                     2                     2             4.8320130E-05         1.0000000E+30           1660718       
 NEXT SEEDS: F0C4574     241       0       0       0       0    5B98     3B7       0       0
  499999999                     1                     1             4.8320130E-05         1.0000000E+30           1660718       
 NEXT SEEDS: F0C464E     241       0       0       0       0    5B98     3B7       0       0
  500000000                     0                     1             4.8320130E-05         1.0000000E+30           1660718       
 NEXT SEEDS: F0C473E     241       0       0       0       0    5B98     3B7       0       0
