1NUMBER OF BEAM       NUMBER OF BEAM        APPROXIMATE NUMBER    AVERAGE TIME USED     TIME LEFT (RESERVED   NUMBER OF STARS
 PARTICLES HANDLED    PARTICLES LEFT        OF BEAM PARTICLES     BY A BEAM PARTICLE     10000.0 SECONDS      CREATED
                                            THAT CAN STILL BE                           FOR PRINTOUT)
                                            HANDLED

 NEXT SEEDS:31852B6A     180       0       0       0       0    5B95     3B7       0       0
          1             499999999             499999999             1.4162064E-04         1.0000000E+30                 0       
 NEXT SEEDS:31852C35     180       0       0       0       0    5B95     3B7       0       0
   10000000             490000000             490000000             4.7659482E-05         1.0000000E+30             33246       
 NEXT SEEDS:2D08DC16     182       0       0       0       0    5B95     3B7       0       0
   20000000             480000000             480000000             4.7895294E-05         1.0000000E+30             66473       
 NEXT SEEDS:2888FAA5     184       0       0       0       0    5B95     3B7       0       0
   30000000             470000000             470000000             4.7834426E-05         1.0000000E+30             99802       
 NEXT SEEDS:2400E955     186       0       0       0       0    5B95     3B7       0       0
   40000000             460000000             460000000             4.7799553E-05         1.0000000E+30            133096       
 NEXT SEEDS:1F80B6E6     188       0       0       0       0    5B95     3B7       0       0
   50000000             450000000             450000000             4.7747858E-05         1.0000000E+30            166733       
 NEXT SEEDS:1B049619     18A       0       0       0       0    5B95     3B7       0       0
   60000000             440000000             440000000             4.7723740E-05         1.0000000E+30            200183       
 NEXT SEEDS:168789F3     18C       0       0       0       0    5B95     3B7       0       0
   70000000             430000000             430000000             4.7666672E-05         1.0000000E+30            233615       
 NEXT SEEDS:120698A7     18E       0       0       0       0    5B95     3B7       0       0
   80000000             420000000             420000000             4.7791373E-05         1.0000000E+30            266966       
 NEXT SEEDS: D87DC09     190       0       0       0       0    5B95     3B7       0       0
   90000000             410000000             410000000             4.7798503E-05         1.0000000E+30            300397       
 NEXT SEEDS: 9050EC6     192       0       0       0       0    5B95     3B7       0       0
  100000000             400000000             400000000             4.7791006E-05         1.0000000E+30            333463       
 NEXT SEEDS: 47898E7     194       0       0       0       0    5B95     3B7       0       0
  110000000             390000000             390000000             4.7809926E-05         1.0000000E+30            366825       
 NEXT SEEDS:3B951B04     195       0       0       0       0    5B95     3B7       0       0
  120000000             380000000             380000000             4.7773780E-05         1.0000000E+30            399746       
 NEXT SEEDS:3709CF8F     197       0       0       0       0    5B95     3B7       0       0
  130000000             370000000             370000000             4.7795121E-05         1.0000000E+30            433127       
 NEXT SEEDS:328C4C6D     199       0       0       0       0    5B95     3B7       0       0
  140000000             360000000             360000000             4.7791846E-05         1.0000000E+30            466272       
 NEXT SEEDS:2E03B2BE     19B       0       0       0       0    5B95     3B7       0       0
  150000000             350000000             350000000             4.7769740E-05         1.0000000E+30            499784       
 NEXT SEEDS:2987C0EF     19D       0       0       0       0    5B95     3B7       0       0
  160000000             340000000             340000000             4.7831559E-05         1.0000000E+30            533003       
 NEXT SEEDS:24FE2DC9     19F       0       0       0       0    5B95     3B7       0       0
  170000000             330000000             330000000             4.7834085E-05         1.0000000E+30            566146       
 NEXT SEEDS:2074F139     1A1       0       0       0       0    5B95     3B7       0       0
  180000000             320000000             320000000             4.7855062E-05         1.0000000E+30            599278       
 NEXT SEEDS:1BE91381     1A3       0       0       0       0    5B95     3B7       0       0
  190000000             310000000             310000000             4.7847651E-05         1.0000000E+30            632984       
 NEXT SEEDS:176F53B6     1A5       0       0       0       0    5B95     3B7       0       0
  200000000             300000000             300000000             4.7837827E-05         1.0000000E+30            666134       
 NEXT SEEDS:12E238AC     1A7       0       0       0       0    5B95     3B7       0       0
  210000000             290000000             290000000             4.7824303E-05         1.0000000E+30            699422       
 NEXT SEEDS: E59C106     1A9       0       0       0       0    5B95     3B7       0       0
  220000000             280000000             280000000             4.7812940E-05         1.0000000E+30            732742       
 NEXT SEEDS: 9D54E8F     1AB       0       0       0       0    5B95     3B7       0       0
  230000000             270000000             270000000             4.7803308E-05         1.0000000E+30            766117       
 NEXT SEEDS: 55A3030     1AD       0       0       0       0    5B95     3B7       0       0
  240000000             260000000             260000000             4.7808517E-05         1.0000000E+30            799770       
 NEXT SEEDS:  D76B0F     1AF       0       0       0       0    5B95     3B7       0       0
  250000000             250000000             250000000             4.7806074E-05         1.0000000E+30            832526       
 NEXT SEEDS:37E5D19D     1B0       0       0       0       0    5B95     3B7       0       0
  260000000             240000000             240000000             4.7808451E-05         1.0000000E+30            865688       
 NEXT SEEDS:335DCCA6     1B2       0       0       0       0    5B95     3B7       0       0
  270000000             230000000             230000000             4.7832719E-05         1.0000000E+30            898840       
 NEXT SEEDS:2ED92DB6     1B4       0       0       0       0    5B95     3B7       0       0
  280000000             220000000             220000000             4.7830036E-05         1.0000000E+30            932200       
 NEXT SEEDS:2A5A085C     1B6       0       0       0       0    5B95     3B7       0       0
  290000000             210000000             210000000             4.7815497E-05         1.0000000E+30            965690       
 NEXT SEEDS:25D506EB     1B8       0       0       0       0    5B95     3B7       0       0
  300000000             200000000             200000000             4.7809528E-05         1.0000000E+30            999120       
 NEXT SEEDS:21500235     1BA       0       0       0       0    5B95     3B7       0       0
  310000000             190000000             190000000             4.7809454E-05         1.0000000E+30           1032509       
 NEXT SEEDS:1CCE870F     1BC       0       0       0       0    5B95     3B7       0       0
  320000000             180000000             180000000             4.7812345E-05         1.0000000E+30           1065936       
 NEXT SEEDS:18462CA7     1BE       0       0       0       0    5B95     3B7       0       0
  330000000             170000000             170000000             4.7814995E-05         1.0000000E+30           1099377       
 NEXT SEEDS:13C6A7A5     1C0       0       0       0       0    5B95     3B7       0       0
  340000000             160000000             160000000             4.7824406E-05         1.0000000E+30           1132703       
 NEXT SEEDS: F3FE9C7     1C2       0       0       0       0    5B95     3B7       0       0
  350000000             150000000             150000000             4.7845279E-05         1.0000000E+30           1165700       
 NEXT SEEDS: AB9362C     1C4       0       0       0       0    5B95     3B7       0       0
  360000000             140000000             140000000             4.7836882E-05         1.0000000E+30           1198879       
 NEXT SEEDS: 637D468     1C6       0       0       0       0    5B95     3B7       0       0
  370000000             130000000             130000000             4.7842774E-05         1.0000000E+30           1232210       
 NEXT SEEDS: 1B5C4E0     1C8       0       0       0       0    5B95     3B7       0       0
  380000000             120000000             120000000             4.7845909E-05         1.0000000E+30           1265349       
 NEXT SEEDS:38CB4EBD     1C9       0       0       0       0    5B95     3B7       0       0
  390000000             110000000             110000000             4.7848332E-05         1.0000000E+30           1298935       
 NEXT SEEDS:3450AD2F     1CB       0       0       0       0    5B95     3B7       0       0
  400000000             100000000             100000000             4.7846616E-05         1.0000000E+30           1332270       
 NEXT SEEDS:2FCE2692     1CD       0       0       0       0    5B95     3B7       0       0
  410000000              90000000              90000000             4.7844460E-05         1.0000000E+30           1365621       
 NEXT SEEDS:2B5535DB     1CF       0       0       0       0    5B95     3B7       0       0
  420000000              80000000              80000000             4.7850135E-05         1.0000000E+30           1399037       
 NEXT SEEDS:26D8B492     1D1       0       0       0       0    5B95     3B7       0       0
  430000000              70000000              70000000             4.7848238E-05         1.0000000E+30           1432355       
 NEXT SEEDS:225F904C     1D3       0       0       0       0    5B95     3B7       0       0
  440000000              60000000              60000000             4.7845339E-05         1.0000000E+30           1465343       
 NEXT SEEDS:1DD5BBC2     1D5       0       0       0       0    5B95     3B7       0       0
  450000000              50000000              50000000             4.7851754E-05         1.0000000E+30           1498389       
 NEXT SEEDS:194A3968     1D7       0       0       0       0    5B95     3B7       0       0
  460000000              40000000              40000000             4.7858084E-05         1.0000000E+30           1531918       
 NEXT SEEDS:14CC2C48     1D9       0       0       0       0    5B95     3B7       0       0
  470000000              30000000              30000000             4.7851022E-05         1.0000000E+30           1564880       
 NEXT SEEDS:103C3F85     1DB       0       0       0       0    5B95     3B7       0       0
  480000000              20000000              20000000             4.7844299E-05         1.0000000E+30           1598152       
 NEXT SEEDS: BB28582     1DD       0       0       0       0    5B95     3B7       0       0
  490000000              10000000              10000000             4.7845899E-05         1.0000000E+30           1631442       
 NEXT SEEDS: 72E3464     1DF       0       0       0       0    5B95     3B7       0       0
  499999950                    50                    50             4.7842481E-05         1.0000000E+30           1664815       
 NEXT SEEDS: 2ADFF7A     1E1       0       0       0       0    5B95     3B7       0       0
  499999951                    49                    49             4.7842481E-05         1.0000000E+30           1664815       
 NEXT SEEDS: 2AE0057     1E1       0       0       0       0    5B95     3B7       0       0
  499999952                    48                    48             4.7842481E-05         1.0000000E+30           1664815       
 NEXT SEEDS: 2AE0060     1E1       0       0       0       0    5B95     3B7       0       0
  499999953                    47                    47             4.7842481E-05         1.0000000E+30           1664815       
 NEXT SEEDS: 2AE0137     1E1       0       0       0       0    5B95     3B7       0       0
  499999954                    46                    46             4.7842481E-05         1.0000000E+30           1664815       
 NEXT SEEDS: 2AE0140     1E1       0       0       0       0    5B95     3B7       0       0
  499999955                    45                    45             4.7842481E-05         1.0000000E+30           1664815       
 NEXT SEEDS: 2AE0209     1E1       0       0       0       0    5B95     3B7       0       0
  499999956                    44                    44             4.7842481E-05         1.0000000E+30           1664815       
 NEXT SEEDS: 2AE02E7     1E1       0       0       0       0    5B95     3B7       0       0
  499999957                    43                    43             4.7842481E-05         1.0000000E+30           1664815       
 NEXT SEEDS: 2AE03AA     1E1       0       0       0       0    5B95     3B7       0       0
  499999958                    42                    42             4.7842485E-05         1.0000000E+30           1664815       
 NEXT SEEDS: 2AE0475     1E1       0       0       0       0    5B95     3B7       0       0
  499999959                    41                    41             4.7842485E-05         1.0000000E+30           1664815       
 NEXT SEEDS: 2AE0549     1E1       0       0       0       0    5B95     3B7       0       0
  499999960                    40                    40             4.7842484E-05         1.0000000E+30           1664815       
 NEXT SEEDS: 2AE0629     1E1       0       0       0       0    5B95     3B7       0       0
  499999961                    39                    39             4.7842484E-05         1.0000000E+30           1664815       
 NEXT SEEDS: 2AE06EE     1E1       0       0       0       0    5B95     3B7       0       0
  499999962                    38                    38             4.7842484E-05         1.0000000E+30           1664815       
 NEXT SEEDS: 2AE07CD     1E1       0       0       0       0    5B95     3B7       0       0
  499999963                    37                    37             4.7842484E-05         1.0000000E+30           1664815       
 NEXT SEEDS: 2AE08A7     1E1       0       0       0       0    5B95     3B7       0       0
  499999964                    36                    36             4.7842484E-05         1.0000000E+30           1664815       
 NEXT SEEDS: 2AE0975     1E1       0       0       0       0    5B95     3B7       0       0
  499999965                    35                    35             4.7842484E-05         1.0000000E+30           1664815       
 NEXT SEEDS: 2AE0A4A     1E1       0       0       0       0    5B95     3B7       0       0
  499999966                    34                    34             4.7842484E-05         1.0000000E+30           1664815       
 NEXT SEEDS: 2AE0B24     1E1       0       0       0       0    5B95     3B7       0       0
  499999967                    33                    33             4.7842488E-05         1.0000000E+30           1664815       
 NEXT SEEDS: 2AE0C0D     1E1       0       0       0       0    5B95     3B7       0       0
  499999968                    32                    32             4.7842488E-05         1.0000000E+30           1664815       
 NEXT SEEDS: 2AE0CF1     1E1       0       0       0       0    5B95     3B7       0       0
  499999969                    31                    31             4.7842487E-05         1.0000000E+30           1664815       
 NEXT SEEDS: 2AE0DC4     1E1       0       0       0       0    5B95     3B7       0       0
  499999970                    30                    30             4.7842487E-05         1.0000000E+30           1664815       
 NEXT SEEDS: 2AE0E8D     1E1       0       0       0       0    5B95     3B7       0       0
  499999971                    29                    29             4.7842487E-05         1.0000000E+30           1664815       
 NEXT SEEDS: 2AE0F6D     1E1       0       0       0       0    5B95     3B7       0       0
  499999972                    28                    28             4.7842487E-05         1.0000000E+30           1664815       
 NEXT SEEDS: 2AE1043     1E1       0       0       0       0    5B95     3B7       0       0
  499999973                    27                    27             4.7842487E-05         1.0000000E+30           1664815       
 NEXT SEEDS: 2AE112C     1E1       0       0       0       0    5B95     3B7       0       0
  499999974                    26                    26             4.7842487E-05         1.0000000E+30           1664815       
 NEXT SEEDS: 2AE1207     1E1       0       0       0       0    5B95     3B7       0       0
  499999975                    25                    25             4.7842487E-05         1.0000000E+30           1664815       
 NEXT SEEDS: 2AE1210     1E1       0       0       0       0    5B95     3B7       0       0
  499999976                    24                    24             4.7842491E-05         1.0000000E+30           1664815       
 NEXT SEEDS: 2AE12F3     1E1       0       0       0       0    5B95     3B7       0       0
  499999977                    23                    23             4.7842491E-05         1.0000000E+30           1664815       
 NEXT SEEDS: 2AE12FA     1E1       0       0       0       0    5B95     3B7       0       0
  499999978                    22                    22             4.7842491E-05         1.0000000E+30           1664815       
 NEXT SEEDS: 2AE13DD     1E1       0       0       0       0    5B95     3B7       0       0
  499999979                    21                    21             4.7842490E-05         1.0000000E+30           1664815       
 NEXT SEEDS: 2AE14C1     1E1       0       0       0       0    5B95     3B7       0       0
  499999980                    20                    20             4.7842490E-05         1.0000000E+30           1664815       
 NEXT SEEDS: 2AE1599     1E1       0       0       0       0    5B95     3B7       0       0
  499999981                    19                    19             4.7842490E-05         1.0000000E+30           1664815       
 NEXT SEEDS: 2AE1670     1E1       0       0       0       0    5B95     3B7       0       0
  499999982                    18                    18             4.7842490E-05         1.0000000E+30           1664815       
 NEXT SEEDS: 2AE176D     1E1       0       0       0       0    5B95     3B7       0       0
  499999983                    17                    17             4.7842490E-05         1.0000000E+30           1664815       
 NEXT SEEDS: 2AE183A     1E1       0       0       0       0    5B95     3B7       0       0
  499999984                    16                    16             4.7842490E-05         1.0000000E+30           1664815       
 NEXT SEEDS: 2AE1908     1E1       0       0       0       0    5B95     3B7       0       0
  499999985                    15                    15             4.7842494E-05         1.0000000E+30           1664815       
 NEXT SEEDS: 2AE19CD     1E1       0       0       0       0    5B95     3B7       0       0
  499999986                    14                    14             4.7842494E-05         1.0000000E+30           1664815       
 NEXT SEEDS: 2AE1AA2     1E1       0       0       0       0    5B95     3B7       0       0
  499999987                    13                    13             4.7842494E-05         1.0000000E+30           1664815       
 NEXT SEEDS: 2AE1AAB     1E1       0       0       0       0    5B95     3B7       0       0
  499999988                    12                    12             4.7842493E-05         1.0000000E+30           1664815       
 NEXT SEEDS: 2AE1B86     1E1       0       0       0       0    5B95     3B7       0       0
  499999989                    11                    11             4.7842493E-05         1.0000000E+30           1664815       
 NEXT SEEDS: 2AE1C69     1E1       0       0       0       0    5B95     3B7       0       0
  499999990                    10                    10             4.7842493E-05         1.0000000E+30           1664815       
 NEXT SEEDS: 2AE1D36     1E1       0       0       0       0    5B95     3B7       0       0
  499999991                     9                     9             4.7842493E-05         1.0000000E+30           1664815       
 NEXT SEEDS: 2AE1DFE     1E1       0       0       0       0    5B95     3B7       0       0
  499999992                     8                     8             4.7842493E-05         1.0000000E+30           1664815       
 NEXT SEEDS: 2AE1EDC     1E1       0       0       0       0    5B95     3B7       0       0
  499999993                     7                     7             4.7842497E-05         1.0000000E+30           1664815       
 NEXT SEEDS: 2AE1FAF     1E1       0       0       0       0    5B95     3B7       0       0
  499999994                     6                     6             4.7842497E-05         1.0000000E+30           1664815       
 NEXT SEEDS: 2AE2096     1E1       0       0       0       0    5B95     3B7       0       0
  499999995                     5                     5             4.7842497E-05         1.0000000E+30           1664815       
 NEXT SEEDS: 2AE2192     1E1       0       0       0       0    5B95     3B7       0       0
  499999996                     4                     4             4.7842497E-05         1.0000000E+30           1664815       
 NEXT SEEDS: 2AE2199     1E1       0       0       0       0    5B95     3B7       0       0
  499999997                     3                     3             4.7842496E-05         1.0000000E+30           1664815       
 NEXT SEEDS: 2AE2274     1E1       0       0       0       0    5B95     3B7       0       0
  499999998                     2                     2             4.7842496E-05         1.0000000E+30           1664815       
 NEXT SEEDS: 2AE2344     1E1       0       0       0       0    5B95     3B7       0       0
  499999999                     1                     1             4.7842496E-05         1.0000000E+30           1664815       
 NEXT SEEDS: 2AE240E     1E1       0       0       0       0    5B95     3B7       0       0
  500000000                     0                     1             4.7842496E-05         1.0000000E+30           1664815       
 NEXT SEEDS: 2AE2417     1E1       0       0       0       0    5B95     3B7       0       0
