1NUMBER OF BEAM       NUMBER OF BEAM        APPROXIMATE NUMBER    AVERAGE TIME USED     TIME LEFT (RESERVED   NUMBER OF STARS
 PARTICLES HANDLED    PARTICLES LEFT        OF BEAM PARTICLES     BY A BEAM PARTICLE     10000.0 SECONDS      CREATED
                                            THAT CAN STILL BE                           FOR PRINTOUT)
                                            HANDLED

 NEXT SEEDS:347CAC8D     361       0       0       0       0    5B95     3B7       0       0
          1             499999999             499999999             1.4925003E-04         1.0000000E+30                 0       
 NEXT SEEDS:347CAD6A     361       0       0       0       0    5B95     3B7       0       0
   10000000             490000000             490000000             4.8032388E-05         1.0000000E+30             32965       
 NEXT SEEDS:2FEB103E     363       0       0       0       0    5B95     3B7       0       0
   20000000             480000000             480000000             4.8083435E-05         1.0000000E+30             66336       
 NEXT SEEDS:2B6FD1AA     365       0       0       0       0    5B95     3B7       0       0
   30000000             470000000             470000000             4.8451953E-05         1.0000000E+30             99490       
 NEXT SEEDS:26E7146E     367       0       0       0       0    5B95     3B7       0       0
   40000000             460000000             460000000             4.8620581E-05         1.0000000E+30            132998       
 NEXT SEEDS:2261D4E9     369       0       0       0       0    5B95     3B7       0       0
   50000000             450000000             450000000             4.8623791E-05         1.0000000E+30            166383       
 NEXT SEEDS:1DE15009     36B       0       0       0       0    5B95     3B7       0       0
   60000000             440000000             440000000             4.8560907E-05         1.0000000E+30            199637       
 NEXT SEEDS:1961B9FD     36D       0       0       0       0    5B95     3B7       0       0
   70000000             430000000             430000000             4.8523683E-05         1.0000000E+30            233100       
 NEXT SEEDS:14DFB293     36F       0       0       0       0    5B95     3B7       0       0
   80000000             420000000             420000000             4.8473247E-05         1.0000000E+30            266350       
 NEXT SEEDS:1059844D     371       0       0       0       0    5B95     3B7       0       0
   90000000             410000000             410000000             4.8428246E-05         1.0000000E+30            299867       
 NEXT SEEDS: BD60D65     373       0       0       0       0    5B95     3B7       0       0
  100000000             400000000             400000000             4.8399967E-05         1.0000000E+30            333029       
 NEXT SEEDS: 7469CFB     375       0       0       0       0    5B95     3B7       0       0
  110000000             390000000             390000000             4.8385779E-05         1.0000000E+30            366417       
 NEXT SEEDS: 2C801EF     377       0       0       0       0    5B95     3B7       0       0
  120000000             380000000             380000000             4.8319044E-05         1.0000000E+30            399726       
 NEXT SEEDS:39E0EDCF     378       0       0       0       0    5B95     3B7       0       0
  130000000             370000000             370000000             4.8239702E-05         1.0000000E+30            432764       
 NEXT SEEDS:35525340     37A       0       0       0       0    5B95     3B7       0       0
  140000000             360000000             360000000             4.8190465E-05         1.0000000E+30            466007       
 NEXT SEEDS:30D6764F     37C       0       0       0       0    5B95     3B7       0       0
  150000000             350000000             350000000             4.8138751E-05         1.0000000E+30            499327       
 NEXT SEEDS:2C58DABE     37E       0       0       0       0    5B95     3B7       0       0
  160000000             340000000             340000000             4.8113044E-05         1.0000000E+30            532519       
 NEXT SEEDS:27D8D032     380       0       0       0       0    5B95     3B7       0       0
  170000000             330000000             330000000             4.8175670E-05         1.0000000E+30            565850       
 NEXT SEEDS:235397FF     382       0       0       0       0    5B95     3B7       0       0
  180000000             320000000             320000000             4.8214456E-05         1.0000000E+30            599018       
 NEXT SEEDS:1ED10A90     384       0       0       0       0    5B95     3B7       0       0
  190000000             310000000             310000000             4.8248744E-05         1.0000000E+30            632368       
 NEXT SEEDS:1A4C4CBA     386       0       0       0       0    5B95     3B7       0       0
  200000000             300000000             300000000             4.8256595E-05         1.0000000E+30            665522       
 NEXT SEEDS:15C6A904     388       0       0       0       0    5B95     3B7       0       0
  210000000             290000000             290000000             4.8253421E-05         1.0000000E+30            698768       
 NEXT SEEDS:113C73AD     38A       0       0       0       0    5B95     3B7       0       0
  220000000             280000000             280000000             4.8275092E-05         1.0000000E+30            731979       
 NEXT SEEDS: CBB6B75     38C       0       0       0       0    5B95     3B7       0       0
  230000000             270000000             270000000             4.8289740E-05         1.0000000E+30            765280       
 NEXT SEEDS: 831F09F     38E       0       0       0       0    5B95     3B7       0       0
  240000000             260000000             260000000             4.8319379E-05         1.0000000E+30            798254       
 NEXT SEEDS: 3A1C22E     390       0       0       0       0    5B95     3B7       0       0
  250000000             250000000             250000000             4.8321573E-05         1.0000000E+30            831648       
 NEXT SEEDS:3AB6A7DE     391       0       0       0       0    5B95     3B7       0       0
  260000000             240000000             240000000             4.8302083E-05         1.0000000E+30            864881       
 NEXT SEEDS:3631893F     393       0       0       0       0    5B95     3B7       0       0
  270000000             230000000             230000000             4.8289094E-05         1.0000000E+30            898217       
 NEXT SEEDS:31A71F94     395       0       0       0       0    5B95     3B7       0       0
  280000000             220000000             220000000             4.8288444E-05         1.0000000E+30            931264       
 NEXT SEEDS:2D1C593B     397       0       0       0       0    5B95     3B7       0       0
  290000000             210000000             210000000             4.8281579E-05         1.0000000E+30            964348       
 NEXT SEEDS:28904089     399       0       0       0       0    5B95     3B7       0       0
  *** Rcfset:kprin,bfcmax,epat00,ppat00,ravpot           1  -5.5569745218861266E-002  0.94287707618686700        9.3071225875449345E-002   12.440777676959296     
  300000000             200000000             200000000             4.8299494E-05         1.0000000E+30            997593       
 NEXT SEEDS:2406B358     39B       0       0       0       0    5B95     3B7       0       0
  310000000             190000000             190000000             4.8309673E-05         1.0000000E+30           1030733       
 NEXT SEEDS:1F7FEB74     39D       0       0       0       0    5B95     3B7       0       0
  320000000             180000000             180000000             4.8331221E-05         1.0000000E+30           1064024       
 NEXT SEEDS:1AFA73D2     39F       0       0       0       0    5B95     3B7       0       0
  330000000             170000000             170000000             4.8334797E-05         1.0000000E+30           1097170       
 NEXT SEEDS:1678BC54     3A1       0       0       0       0    5B95     3B7       0       0
  340000000             160000000             160000000             4.8330703E-05         1.0000000E+30           1130966       
 NEXT SEEDS:11FEF276     3A3       0       0       0       0    5B95     3B7       0       0
  350000000             150000000             150000000             4.8330384E-05         1.0000000E+30           1163941       
 NEXT SEEDS: D71C187     3A5       0       0       0       0    5B95     3B7       0       0
  360000000             140000000             140000000             4.8316584E-05         1.0000000E+30           1197366       
 NEXT SEEDS: 8ED957C     3A7       0       0       0       0    5B95     3B7       0       0
  370000000             130000000             130000000             4.8303509E-05         1.0000000E+30           1230775       
 NEXT SEEDS: 4716A85     3A9       0       0       0       0    5B95     3B7       0       0
  380000000             120000000             120000000             4.8295214E-05         1.0000000E+30           1264259       
 NEXT SEEDS:3B8FB45A     3AA       0       0       0       0    5B95     3B7       0       0
  390000000             110000000             110000000             4.8337985E-05         1.0000000E+30           1297768       
 NEXT SEEDS:3713B7C8     3AC       0       0       0       0    5B95     3B7       0       0
  400000000             100000000             100000000             4.8344398E-05         1.0000000E+30           1330774       
 NEXT SEEDS:328C012A     3AE       0       0       0       0    5B95     3B7       0       0
  410000000              90000000              90000000             4.8343187E-05         1.0000000E+30           1364262       
 NEXT SEEDS:2E0132A5     3B0       0       0       0       0    5B95     3B7       0       0
  420000000              80000000              80000000             4.8353659E-05         1.0000000E+30           1397221       
 NEXT SEEDS:296D9A01     3B2       0       0       0       0    5B95     3B7       0       0
  430000000              70000000              70000000             4.8346765E-05         1.0000000E+30           1430669       
 NEXT SEEDS:24EB4FA0     3B4       0       0       0       0    5B95     3B7       0       0
  440000000              60000000              60000000             4.8342231E-05         1.0000000E+30           1464041       
 NEXT SEEDS:2068747C     3B6       0       0       0       0    5B95     3B7       0       0
  450000000              50000000              50000000             4.8334960E-05         1.0000000E+30           1497300       
 NEXT SEEDS:1BE6F76D     3B8       0       0       0       0    5B95     3B7       0       0
  460000000              40000000              40000000             4.8334807E-05         1.0000000E+30           1530304       
 NEXT SEEDS:175B7051     3BA       0       0       0       0    5B95     3B7       0       0
  470000000              30000000              30000000             4.8322261E-05         1.0000000E+30           1563541       
 NEXT SEEDS:12E0BEB6     3BC       0       0       0       0    5B95     3B7       0       0
  480000000              20000000              20000000             4.8327892E-05         1.0000000E+30           1596905       
 NEXT SEEDS: E5D7D98     3BE       0       0       0       0    5B95     3B7       0       0
  490000000              10000000              10000000             4.8315748E-05         1.0000000E+30           1630571       
 NEXT SEEDS: 9DE7B2C     3C0       0       0       0       0    5B95     3B7       0       0
  499999950                    50                    50             4.8302246E-05         1.0000000E+30           1663962       
 NEXT SEEDS: 54EAC90     3C2       0       0       0       0    5B95     3B7       0       0
  499999951                    49                    49             4.8302246E-05         1.0000000E+30           1663962       
 NEXT SEEDS: 54EAD63     3C2       0       0       0       0    5B95     3B7       0       0
  499999952                    48                    48             4.8302246E-05         1.0000000E+30           1663962       
 NEXT SEEDS: 54EAE33     3C2       0       0       0       0    5B95     3B7       0       0
  499999953                    47                    47             4.8302246E-05         1.0000000E+30           1663962       
 NEXT SEEDS: 54EAF12     3C2       0       0       0       0    5B95     3B7       0       0
  499999954                    46                    46             4.8302250E-05         1.0000000E+30           1663962       
 NEXT SEEDS: 54EAFE9     3C2       0       0       0       0    5B95     3B7       0       0
  499999955                    45                    45             4.8302250E-05         1.0000000E+30           1663962       
 NEXT SEEDS: 54EB0B7     3C2       0       0       0       0    5B95     3B7       0       0
  499999956                    44                    44             4.8302250E-05         1.0000000E+30           1663962       
 NEXT SEEDS: 54EB2BA     3C2       0       0       0       0    5B95     3B7       0       0
  499999957                    43                    43             4.8302250E-05         1.0000000E+30           1663963       
 NEXT SEEDS: 54EBB3A     3C2       0       0       0       0    5B95     3B7       0       0
  499999958                    42                    42             4.8302249E-05         1.0000000E+30           1663963       
 NEXT SEEDS: 54EBBF6     3C2       0       0       0       0    5B95     3B7       0       0
  499999959                    41                    41             4.8302249E-05         1.0000000E+30           1663963       
 NEXT SEEDS: 54EBCCA     3C2       0       0       0       0    5B95     3B7       0       0
  499999960                    40                    40             4.8302249E-05         1.0000000E+30           1663963       
 NEXT SEEDS: 54EBD9E     3C2       0       0       0       0    5B95     3B7       0       0
  499999961                    39                    39             4.8302253E-05         1.0000000E+30           1663963       
 NEXT SEEDS: 54EBE7F     3C2       0       0       0       0    5B95     3B7       0       0
  499999962                    38                    38             4.8302253E-05         1.0000000E+30           1663963       
 NEXT SEEDS: 54EBE86     3C2       0       0       0       0    5B95     3B7       0       0
  499999963                    37                    37             4.8302253E-05         1.0000000E+30           1663963       
 NEXT SEEDS: 54EBF58     3C2       0       0       0       0    5B95     3B7       0       0
  499999964                    36                    36             4.8302253E-05         1.0000000E+30           1663963       
 NEXT SEEDS: 54EC068     3C2       0       0       0       0    5B95     3B7       0       0
  499999965                    35                    35             4.8302253E-05         1.0000000E+30           1663963       
 NEXT SEEDS: 54EC130     3C2       0       0       0       0    5B95     3B7       0       0
  499999966                    34                    34             4.8302253E-05         1.0000000E+30           1663963       
 NEXT SEEDS: 54EC202     3C2       0       0       0       0    5B95     3B7       0       0
  499999967                    33                    33             4.8302252E-05         1.0000000E+30           1663963       
 NEXT SEEDS: 54EC2DA     3C2       0       0       0       0    5B95     3B7       0       0
  499999968                    32                    32             4.8302252E-05         1.0000000E+30           1663963       
 NEXT SEEDS: 54EC3A0     3C2       0       0       0       0    5B95     3B7       0       0
  499999969                    31                    31             4.8302252E-05         1.0000000E+30           1663963       
 NEXT SEEDS: 54EC472     3C2       0       0       0       0    5B95     3B7       0       0
  499999970                    30                    30             4.8302252E-05         1.0000000E+30           1663963       
 NEXT SEEDS: 54EC553     3C2       0       0       0       0    5B95     3B7       0       0
  499999971                    29                    29             4.8302252E-05         1.0000000E+30           1663963       
 NEXT SEEDS: 54EC642     3C2       0       0       0       0    5B95     3B7       0       0
  499999972                    28                    28             4.8302252E-05         1.0000000E+30           1663963       
 NEXT SEEDS: 54EC731     3C2       0       0       0       0    5B95     3B7       0       0
  499999973                    27                    27             4.8302252E-05         1.0000000E+30           1663963       
 NEXT SEEDS: 54EC80C     3C2       0       0       0       0    5B95     3B7       0       0
  499999974                    26                    26             4.8302252E-05         1.0000000E+30           1663963       
 NEXT SEEDS: 54EC8E3     3C2       0       0       0       0    5B95     3B7       0       0
  499999975                    25                    25             4.8302252E-05         1.0000000E+30           1663963       
 NEXT SEEDS: 54EC9BD     3C2       0       0       0       0    5B95     3B7       0       0
  499999976                    24                    24             4.8302252E-05         1.0000000E+30           1663963       
 NEXT SEEDS: 54ECA7E     3C2       0       0       0       0    5B95     3B7       0       0
  499999977                    23                    23             4.8302251E-05         1.0000000E+30           1663963       
 NEXT SEEDS: 54ECB52     3C2       0       0       0       0    5B95     3B7       0       0
  499999978                    22                    22             4.8302251E-05         1.0000000E+30           1663963       
 NEXT SEEDS: 54ECC2E     3C2       0       0       0       0    5B95     3B7       0       0
  499999979                    21                    21             4.8302251E-05         1.0000000E+30           1663963       
 NEXT SEEDS: 54ECD2B     3C2       0       0       0       0    5B95     3B7       0       0
  499999980                    20                    20             4.8302251E-05         1.0000000E+30           1663963       
 NEXT SEEDS: 54ECE02     3C2       0       0       0       0    5B95     3B7       0       0
  499999981                    19                    19             4.8302251E-05         1.0000000E+30           1663963       
 NEXT SEEDS: 54ECEEE     3C2       0       0       0       0    5B95     3B7       0       0
  499999982                    18                    18             4.8302251E-05         1.0000000E+30           1663963       
 NEXT SEEDS: 54ECEF5     3C2       0       0       0       0    5B95     3B7       0       0
  499999983                    17                    17             4.8302251E-05         1.0000000E+30           1663963       
 NEXT SEEDS: 54ECFEF     3C2       0       0       0       0    5B95     3B7       0       0
  499999984                    16                    16             4.8302251E-05         1.0000000E+30           1663963       
 NEXT SEEDS: 54ED0C0     3C2       0       0       0       0    5B95     3B7       0       0
  499999985                    15                    15             4.8302251E-05         1.0000000E+30           1663963       
 NEXT SEEDS: 54ED1B3     3C2       0       0       0       0    5B95     3B7       0       0
  499999986                    14                    14             4.8302251E-05         1.0000000E+30           1663963       
 NEXT SEEDS: 54ED28A     3C2       0       0       0       0    5B95     3B7       0       0
  499999987                    13                    13             4.8302251E-05         1.0000000E+30           1663963       
 NEXT SEEDS: 54ED35A     3C2       0       0       0       0    5B95     3B7       0       0
  499999988                    12                    12             4.8302250E-05         1.0000000E+30           1663963       
 NEXT SEEDS: 54ED41E     3C2       0       0       0       0    5B95     3B7       0       0
  499999989                    11                    11             4.8302250E-05         1.0000000E+30           1663963       
 NEXT SEEDS: 54ED4FB     3C2       0       0       0       0    5B95     3B7       0       0
  499999990                    10                    10             4.8302250E-05         1.0000000E+30           1663963       
 NEXT SEEDS: 54ED5D9     3C2       0       0       0       0    5B95     3B7       0       0
  499999991                     9                     9             4.8302250E-05         1.0000000E+30           1663963       
 NEXT SEEDS: 54ED69B     3C2       0       0       0       0    5B95     3B7       0       0
  499999992                     8                     8             4.8302250E-05         1.0000000E+30           1663963       
 NEXT SEEDS: 54ED77C     3C2       0       0       0       0    5B95     3B7       0       0
  499999993                     7                     7             4.8302250E-05         1.0000000E+30           1663963       
 NEXT SEEDS: 54ED859     3C2       0       0       0       0    5B95     3B7       0       0
  499999994                     6                     6             4.8302250E-05         1.0000000E+30           1663963       
 NEXT SEEDS: 54ED938     3C2       0       0       0       0    5B95     3B7       0       0
  499999995                     5                     5             4.8302250E-05         1.0000000E+30           1663963       
 NEXT SEEDS: 54ED93F     3C2       0       0       0       0    5B95     3B7       0       0
  499999996                     4                     4             4.8302250E-05         1.0000000E+30           1663963       
 NEXT SEEDS: 54ED9FF     3C2       0       0       0       0    5B95     3B7       0       0
  499999997                     3                     3             4.8302250E-05         1.0000000E+30           1663963       
 NEXT SEEDS: 54EDAD7     3C2       0       0       0       0    5B95     3B7       0       0
  499999998                     2                     2             4.8302249E-05         1.0000000E+30           1663963       
 NEXT SEEDS: 54EDBB5     3C2       0       0       0       0    5B95     3B7       0       0
  499999999                     1                     1             4.8302249E-05         1.0000000E+30           1663963       
 NEXT SEEDS: 54EDC87     3C2       0       0       0       0    5B95     3B7       0       0
  500000000                     0                     1             4.8302249E-05         1.0000000E+30           1663963       
 NEXT SEEDS: 54EDD6A     3C2       0       0       0       0    5B95     3B7       0       0
