1NUMBER OF BEAM       NUMBER OF BEAM        APPROXIMATE NUMBER    AVERAGE TIME USED     TIME LEFT (RESERVED   NUMBER OF STARS
 PARTICLES HANDLED    PARTICLES LEFT        OF BEAM PARTICLES     BY A BEAM PARTICLE     10000.0 SECONDS      CREATED
                                            THAT CAN STILL BE                           FOR PRINTOUT)
                                            HANDLED

 NEXT SEEDS: F96F962     241       0       0       0       0    5B96     3B7       0       0
          1             499999999             499999999             6.6280365E-05         1.0000000E+30                 0       
 NEXT SEEDS: F96F96D     241       0       0       0       0    5B96     3B7       0       0
   10000000             490000000             490000000             4.7869922E-05         1.0000000E+30             33224       
 NEXT SEEDS: B18AACA     243       0       0       0       0    5B96     3B7       0       0
   20000000             480000000             480000000             4.7808336E-05         1.0000000E+30             66431       
 NEXT SEEDS: 69AB8C7     245       0       0       0       0    5B96     3B7       0       0
   30000000             470000000             470000000             4.7797503E-05         1.0000000E+30             99531       
 NEXT SEEDS: 2111C7D     247       0       0       0       0    5B96     3B7       0       0
   40000000             460000000             460000000             4.7890839E-05         1.0000000E+30            132673       
 NEXT SEEDS:391E0A28     248       0       0       0       0    5B96     3B7       0       0
  *** Rcfset:kprin,bfcmax,epat00,ppat00,ravpot           1  -1.1892458262211081E-002  0.94307634505571147        9.5068737715946192E-002   12.440777676959296     
   50000000             450000000             450000000             4.7898301E-05         1.0000000E+30            165937       
 NEXT SEEDS:3498AD06     24A       0       0       0       0    5B96     3B7       0       0
   60000000             440000000             440000000             4.7944153E-05         1.0000000E+30            199272       
 NEXT SEEDS:3019996A     24C       0       0       0       0    5B96     3B7       0       0
   70000000             430000000             430000000             4.8033252E-05         1.0000000E+30            232346       
 NEXT SEEDS:2B93801E     24E       0       0       0       0    5B96     3B7       0       0
   80000000             420000000             420000000             4.8063834E-05         1.0000000E+30            265775       
 NEXT SEEDS:2716F2F9     250       0       0       0       0    5B96     3B7       0       0
  *** Rcfset:kprin,bfcmax,epat00,ppat00,ravpot           1  -1.0173791406482557E-002  0.94308453939834436        9.5149990748560856E-002   12.440777676959296     
   90000000             410000000             410000000             4.8068145E-05         1.0000000E+30            299176       
 NEXT SEEDS:229A7261     252       0       0       0       0    5B96     3B7       0       0
  100000000             400000000             400000000             4.8062664E-05         1.0000000E+30            332682       
 NEXT SEEDS:1E1E0DA1     254       0       0       0       0    5B96     3B7       0       0
  110000000             390000000             390000000             4.8054686E-05         1.0000000E+30            365774       
 NEXT SEEDS:1992F5C0     256       0       0       0       0    5B96     3B7       0       0
  120000000             380000000             380000000             4.8017389E-05         1.0000000E+30            398983       
 NEXT SEEDS:150B1DD0     258       0       0       0       0    5B96     3B7       0       0
  130000000             370000000             370000000             4.7952365E-05         1.0000000E+30            432159       
 NEXT SEEDS:1080E727     25A       0       0       0       0    5B96     3B7       0       0
  140000000             360000000             360000000             4.7954128E-05         1.0000000E+30            465638       
 NEXT SEEDS: BFE6077     25C       0       0       0       0    5B96     3B7       0       0
  150000000             350000000             350000000             4.7923504E-05         1.0000000E+30            498718       
 NEXT SEEDS: 7741B93     25E       0       0       0       0    5B96     3B7       0       0
  160000000             340000000             340000000             4.7894997E-05         1.0000000E+30            532078       
 NEXT SEEDS: 2EE429F     260       0       0       0       0    5B96     3B7       0       0
  170000000             330000000             330000000             4.7866715E-05         1.0000000E+30            564980       
 NEXT SEEDS:39F8EFBC     261       0       0       0       0    5B96     3B7       0       0
  180000000             320000000             320000000             4.7836674E-05         1.0000000E+30            598292       
 NEXT SEEDS:3577C663     263       0       0       0       0    5B96     3B7       0       0
  190000000             310000000             310000000             4.7811209E-05         1.0000000E+30            631653       
 NEXT SEEDS:30FA1344     265       0       0       0       0    5B96     3B7       0       0
  200000000             300000000             300000000             4.7785341E-05         1.0000000E+30            665037       
 NEXT SEEDS:2C7EEB83     267       0       0       0       0    5B96     3B7       0       0
  210000000             290000000             290000000             4.7793414E-05         1.0000000E+30            698243       
 NEXT SEEDS:27FF5FCA     269       0       0       0       0    5B96     3B7       0       0
  220000000             280000000             280000000             4.7836611E-05         1.0000000E+30            731539       
 NEXT SEEDS:237B98A1     26B       0       0       0       0    5B96     3B7       0       0
  230000000             270000000             270000000             4.7840535E-05         1.0000000E+30            764673       
 NEXT SEEDS:1EF2CFA1     26D       0       0       0       0    5B96     3B7       0       0
  240000000             260000000             260000000             4.7850577E-05         1.0000000E+30            798063       
 NEXT SEEDS:1A6A15F1     26F       0       0       0       0    5B96     3B7       0       0
  250000000             250000000             250000000             4.7844245E-05         1.0000000E+30            831624       
 NEXT SEEDS:15ED0B9C     271       0       0       0       0    5B96     3B7       0       0
  260000000             240000000             240000000             4.7921055E-05         1.0000000E+30            865021       
 NEXT SEEDS:116DC779     273       0       0       0       0    5B96     3B7       0       0
  270000000             230000000             230000000             4.7921541E-05         1.0000000E+30            898017       
 NEXT SEEDS: CDBE73C     275       0       0       0       0    5B96     3B7       0       0
  280000000             220000000             220000000             4.7935128E-05         1.0000000E+30            931070       
 NEXT SEEDS: 85592CB     277       0       0       0       0    5B96     3B7       0       0
  290000000             210000000             210000000             4.7952360E-05         1.0000000E+30            964579       
 NEXT SEEDS: 3DB9590     279       0       0       0       0    5B96     3B7       0       0
  300000000             200000000             200000000             4.7952369E-05         1.0000000E+30            997842       
 NEXT SEEDS:3AEEC71A     27A       0       0       0       0    5B96     3B7       0       0
  310000000             190000000             190000000             4.7965082E-05         1.0000000E+30           1030869       
 NEXT SEEDS:3667970B     27C       0       0       0       0    5B96     3B7       0       0
  320000000             180000000             180000000             4.7979629E-05         1.0000000E+30           1064164       
 NEXT SEEDS:31DA3C06     27E       0       0       0       0    5B96     3B7       0       0
  330000000             170000000             170000000             4.7987103E-05         1.0000000E+30           1097272       
 NEXT SEEDS:2D587797     280       0       0       0       0    5B96     3B7       0       0
  340000000             160000000             160000000             4.7983518E-05         1.0000000E+30           1130260       
 NEXT SEEDS:28D2B7C5     282       0       0       0       0    5B96     3B7       0       0
  350000000             150000000             150000000             4.7990195E-05         1.0000000E+30           1163355       
 NEXT SEEDS:244DBDFA     284       0       0       0       0    5B96     3B7       0       0
  360000000             140000000             140000000             4.7991210E-05         1.0000000E+30           1196703       
 NEXT SEEDS:1FCB9D78     286       0       0       0       0    5B96     3B7       0       0
  370000000             130000000             130000000             4.7992372E-05         1.0000000E+30           1229988       
 NEXT SEEDS:1B47D4C6     288       0       0       0       0    5B96     3B7       0       0
  380000000             120000000             120000000             4.7994993E-05         1.0000000E+30           1263331       
 NEXT SEEDS:16C1E016     28A       0       0       0       0    5B96     3B7       0       0
  390000000             110000000             110000000             4.8002799E-05         1.0000000E+30           1296626       
 NEXT SEEDS:123EAC63     28C       0       0       0       0    5B96     3B7       0       0
  400000000             100000000             100000000             4.8004916E-05         1.0000000E+30           1329811       
 NEXT SEEDS: DB523CD     28E       0       0       0       0    5B96     3B7       0       0
  *** Rcfset:kprin,bfcmax,epat00,ppat00,ravpot           1  -3.6765821245187569E-002  0.94296080199822918        9.3915634440744564E-002   12.440777676959296     
  410000000              90000000              90000000             4.8002786E-05         1.0000000E+30           1363192       
 NEXT SEEDS: 93452C0     290       0       0       0       0    5B96     3B7       0       0
  420000000              80000000              80000000             4.8006296E-05         1.0000000E+30           1396441       
 NEXT SEEDS: 4B1ED7B     292       0       0       0       0    5B96     3B7       0       0
  430000000              70000000              70000000             4.8009679E-05         1.0000000E+30           1429734       
 NEXT SEEDS:  313B31     294       0       0       0       0    5B96     3B7       0       0
  440000000              60000000              60000000             4.8009601E-05         1.0000000E+30           1463272       
 NEXT SEEDS:374BD2D9     295       0       0       0       0    5B96     3B7       0       0
  450000000              50000000              50000000             4.8008975E-05         1.0000000E+30           1496376       
 NEXT SEEDS:32C95E62     297       0       0       0       0    5B96     3B7       0       0
  460000000              40000000              40000000             4.8012640E-05         1.0000000E+30           1529683       
 NEXT SEEDS:2E456DBA     299       0       0       0       0    5B96     3B7       0       0
  470000000              30000000              30000000             4.8012878E-05         1.0000000E+30           1563173       
 NEXT SEEDS:29C70CF3     29B       0       0       0       0    5B96     3B7       0       0
  480000000              20000000              20000000             4.8025520E-05         1.0000000E+30           1596285       
 NEXT SEEDS:253E57B5     29D       0       0       0       0    5B96     3B7       0       0
  490000000              10000000              10000000             4.8050960E-05         1.0000000E+30           1629253       
 NEXT SEEDS:20B2DC5A     29F       0       0       0       0    5B96     3B7       0       0
  499999950                    50                    50             4.8070258E-05         1.0000000E+30           1662472       
 NEXT SEEDS:1C2AACD6     2A1       0       0       0       0    5B96     3B7       0       0
  499999951                    49                    49             4.8070258E-05         1.0000000E+30           1662472       
 NEXT SEEDS:1C2AADA0     2A1       0       0       0       0    5B96     3B7       0       0
  499999952                    48                    48             4.8070258E-05         1.0000000E+30           1662472       
 NEXT SEEDS:1C2AAE8C     2A1       0       0       0       0    5B96     3B7       0       0
  499999953                    47                    47             4.8070258E-05         1.0000000E+30           1662472       
 NEXT SEEDS:1C2AAF7F     2A1       0       0       0       0    5B96     3B7       0       0
  499999954                    46                    46             4.8070258E-05         1.0000000E+30           1662472       
 NEXT SEEDS:1C2AB02F     2A1       0       0       0       0    5B96     3B7       0       0
  499999955                    45                    45             4.8070258E-05         1.0000000E+30           1662472       
 NEXT SEEDS:1C2AB107     2A1       0       0       0       0    5B96     3B7       0       0
  499999956                    44                    44             4.8070258E-05         1.0000000E+30           1662472       
 NEXT SEEDS:1C2AB1DE     2A1       0       0       0       0    5B96     3B7       0       0
  499999957                    43                    43             4.8070262E-05         1.0000000E+30           1662472       
 NEXT SEEDS:1C2AB2C7     2A1       0       0       0       0    5B96     3B7       0       0
  499999958                    42                    42             4.8070261E-05         1.0000000E+30           1662472       
 NEXT SEEDS:1C2AB39B     2A1       0       0       0       0    5B96     3B7       0       0
  499999959                    41                    41             4.8070261E-05         1.0000000E+30           1662472       
 NEXT SEEDS:1C2AB47C     2A1       0       0       0       0    5B96     3B7       0       0
  499999960                    40                    40             4.8070261E-05         1.0000000E+30           1662472       
 NEXT SEEDS:1C2AB54D     2A1       0       0       0       0    5B96     3B7       0       0
  499999961                    39                    39             4.8070261E-05         1.0000000E+30           1662472       
 NEXT SEEDS:1C2AB554     2A1       0       0       0       0    5B96     3B7       0       0
  499999962                    38                    38             4.8070261E-05         1.0000000E+30           1662472       
 NEXT SEEDS:1C2AB61E     2A1       0       0       0       0    5B96     3B7       0       0
  499999963                    37                    37             4.8070261E-05         1.0000000E+30           1662472       
 NEXT SEEDS:1C2AB6F1     2A1       0       0       0       0    5B96     3B7       0       0
  499999964                    36                    36             4.8070261E-05         1.0000000E+30           1662472       
 NEXT SEEDS:1C2AB7BF     2A1       0       0       0       0    5B96     3B7       0       0
  499999965                    35                    35             4.8070261E-05         1.0000000E+30           1662472       
 NEXT SEEDS:1C2AB880     2A1       0       0       0       0    5B96     3B7       0       0
  499999966                    34                    34             4.8070261E-05         1.0000000E+30           1662472       
 NEXT SEEDS:1C2AB964     2A1       0       0       0       0    5B96     3B7       0       0
  499999967                    33                    33             4.8070264E-05         1.0000000E+30           1662472       
 NEXT SEEDS:1C2ABA42     2A1       0       0       0       0    5B96     3B7       0       0
  499999968                    32                    32             4.8070264E-05         1.0000000E+30           1662472       
 NEXT SEEDS:1C2ABB1B     2A1       0       0       0       0    5B96     3B7       0       0
  499999969                    31                    31             4.8070264E-05         1.0000000E+30           1662472       
 NEXT SEEDS:1C2ABBF5     2A1       0       0       0       0    5B96     3B7       0       0
  499999970                    30                    30             4.8070264E-05         1.0000000E+30           1662472       
 NEXT SEEDS:1C2ABCC2     2A1       0       0       0       0    5B96     3B7       0       0
  499999971                    29                    29             4.8070264E-05         1.0000000E+30           1662472       
 NEXT SEEDS:1C2ABD8D     2A1       0       0       0       0    5B96     3B7       0       0
  499999972                    28                    28             4.8070264E-05         1.0000000E+30           1662472       
 NEXT SEEDS:1C2ABE73     2A1       0       0       0       0    5B96     3B7       0       0
  499999973                    27                    27             4.8070264E-05         1.0000000E+30           1662472       
 NEXT SEEDS:1C2ABF6E     2A1       0       0       0       0    5B96     3B7       0       0
  499999974                    26                    26             4.8070264E-05         1.0000000E+30           1662472       
 NEXT SEEDS:1C2AC049     2A1       0       0       0       0    5B96     3B7       0       0
  499999975                    25                    25             4.8070264E-05         1.0000000E+30           1662472       
 NEXT SEEDS:1C2AC131     2A1       0       0       0       0    5B96     3B7       0       0
  499999976                    24                    24             4.8070264E-05         1.0000000E+30           1662472       
 NEXT SEEDS:1C2AC1FA     2A1       0       0       0       0    5B96     3B7       0       0
  499999977                    23                    23             4.8070263E-05         1.0000000E+30           1662472       
 NEXT SEEDS:1C2AC2CD     2A1       0       0       0       0    5B96     3B7       0       0
  499999978                    22                    22             4.8070263E-05         1.0000000E+30           1662472       
 NEXT SEEDS:1C2AC3AD     2A1       0       0       0       0    5B96     3B7       0       0
  499999979                    21                    21             4.8070263E-05         1.0000000E+30           1662472       
 NEXT SEEDS:1C2AC491     2A1       0       0       0       0    5B96     3B7       0       0
  499999980                    20                    20             4.8070263E-05         1.0000000E+30           1662472       
 NEXT SEEDS:1C2AC54E     2A1       0       0       0       0    5B96     3B7       0       0
  499999981                    19                    19             4.8070263E-05         1.0000000E+30           1662472       
 NEXT SEEDS:1C2AC61D     2A1       0       0       0       0    5B96     3B7       0       0
  499999982                    18                    18             4.8070263E-05         1.0000000E+30           1662472       
 NEXT SEEDS:1C2AC6F2     2A1       0       0       0       0    5B96     3B7       0       0
  499999983                    17                    17             4.8070263E-05         1.0000000E+30           1662472       
 NEXT SEEDS:1C2AC7D4     2A1       0       0       0       0    5B96     3B7       0       0
  499999984                    16                    16             4.8070263E-05         1.0000000E+30           1662472       
 NEXT SEEDS:1C2AC8AD     2A1       0       0       0       0    5B96     3B7       0       0
  499999985                    15                    15             4.8070263E-05         1.0000000E+30           1662472       
 NEXT SEEDS:1C2AC974     2A1       0       0       0       0    5B96     3B7       0       0
  499999986                    14                    14             4.8070263E-05         1.0000000E+30           1662472       
 NEXT SEEDS:1C2ACA41     2A1       0       0       0       0    5B96     3B7       0       0
  499999987                    13                    13             4.8070263E-05         1.0000000E+30           1662472       
 NEXT SEEDS:1C2ACB10     2A1       0       0       0       0    5B96     3B7       0       0
  499999988                    12                    12             4.8070262E-05         1.0000000E+30           1662472       
 NEXT SEEDS:1C2ACBE4     2A1       0       0       0       0    5B96     3B7       0       0
  499999989                    11                    11             4.8070262E-05         1.0000000E+30           1662472       
 NEXT SEEDS:1C2ACBEB     2A1       0       0       0       0    5B96     3B7       0       0
  499999990                    10                    10             4.8070262E-05         1.0000000E+30           1662472       
 NEXT SEEDS:1C2ACCAD     2A1       0       0       0       0    5B96     3B7       0       0
  499999991                     9                     9             4.8070262E-05         1.0000000E+30           1662472       
 NEXT SEEDS:1C2ACD7B     2A1       0       0       0       0    5B96     3B7       0       0
  499999992                     8                     8             4.8070262E-05         1.0000000E+30           1662472       
 NEXT SEEDS:1C2ACE69     2A1       0       0       0       0    5B96     3B7       0       0
  499999993                     7                     7             4.8070262E-05         1.0000000E+30           1662472       
 NEXT SEEDS:1C2ACF2E     2A1       0       0       0       0    5B96     3B7       0       0
  499999994                     6                     6             4.8070262E-05         1.0000000E+30           1662472       
 NEXT SEEDS:1C2AD007     2A1       0       0       0       0    5B96     3B7       0       0
  499999995                     5                     5             4.8070266E-05         1.0000000E+30           1662472       
 NEXT SEEDS:1C2AD00E     2A1       0       0       0       0    5B96     3B7       0       0
  499999996                     4                     4             4.8070266E-05         1.0000000E+30           1662472       
 NEXT SEEDS:1C2AD01B     2A1       0       0       0       0    5B96     3B7       0       0
  499999997                     3                     3             4.8070265E-05         1.0000000E+30           1662472       
 NEXT SEEDS:1C2AD107     2A1       0       0       0       0    5B96     3B7       0       0
  499999998                     2                     2             4.8070265E-05         1.0000000E+30           1662472       
 NEXT SEEDS:1C2AD1F1     2A1       0       0       0       0    5B96     3B7       0       0
  499999999                     1                     1             4.8070265E-05         1.0000000E+30           1662472       
 NEXT SEEDS:1C2AD1FA     2A1       0       0       0       0    5B96     3B7       0       0
  500000000                     0                     1             4.8070265E-05         1.0000000E+30           1662472       
 NEXT SEEDS:1C2AD2D3     2A1       0       0       0       0    5B96     3B7       0       0
