1NUMBER OF BEAM       NUMBER OF BEAM        APPROXIMATE NUMBER    AVERAGE TIME USED     TIME LEFT (RESERVED   NUMBER OF STARS
 PARTICLES HANDLED    PARTICLES LEFT        OF BEAM PARTICLES     BY A BEAM PARTICLE     10000.0 SECONDS      CREATED
                                            THAT CAN STILL BE                           FOR PRINTOUT)
                                            HANDLED

 NEXT SEEDS:339DE426     361       0       0       0       0    5B97     3B7       0       0
          1             499999999             499999999             1.8358231E-04         1.0000000E+30                 0       
 NEXT SEEDS:339DE4F2     361       0       0       0       0    5B97     3B7       0       0
  *** Eveneu: no downsc. group selected, cusngl, rsngl, igpr ***  0.999999881       1.00000000              55
   10000000             490000000             490000000             4.9401883E-05         1.0000000E+30             33073       
 NEXT SEEDS:2F0EAC97     363       0       0       0       0    5B97     3B7       0       0
   20000000             480000000             480000000             4.9010245E-05         1.0000000E+30             66581       
 NEXT SEEDS:2A945C08     365       0       0       0       0    5B97     3B7       0       0
   30000000             470000000             470000000             4.8687156E-05         1.0000000E+30             99543       
 NEXT SEEDS:260BB037     367       0       0       0       0    5B97     3B7       0       0
   40000000             460000000             460000000             4.8526454E-05         1.0000000E+30            132920       
 NEXT SEEDS:218225BF     369       0       0       0       0    5B97     3B7       0       0
   50000000             450000000             450000000             4.8446486E-05         1.0000000E+30            166160       
 NEXT SEEDS:1CF8744D     36B       0       0       0       0    5B97     3B7       0       0
   60000000             440000000             440000000             4.8412241E-05         1.0000000E+30            199703       
 NEXT SEEDS:187E5729     36D       0       0       0       0    5B97     3B7       0       0
   70000000             430000000             430000000             4.8497127E-05         1.0000000E+30            232991       
 NEXT SEEDS:13F7DDA4     36F       0       0       0       0    5B97     3B7       0       0
   80000000             420000000             420000000             4.8742289E-05         1.0000000E+30            266098       
 NEXT SEEDS: F72F905     371       0       0       0       0    5B97     3B7       0       0
   90000000             410000000             410000000             4.8862604E-05         1.0000000E+30            299178       
 NEXT SEEDS: AF209F9     373       0       0       0       0    5B97     3B7       0       0
  100000000             400000000             400000000             4.8914244E-05         1.0000000E+30            332282       
 NEXT SEEDS: 66C7CD5     375       0       0       0       0    5B97     3B7       0       0
  110000000             390000000             390000000             4.8978139E-05         1.0000000E+30            365248       
 NEXT SEEDS: 1D8803A     377       0       0       0       0    5B97     3B7       0       0
  120000000             380000000             380000000             4.9012301E-05         1.0000000E+30            398487       
 NEXT SEEDS:38EE31E7     378       0       0       0       0    5B97     3B7       0       0
  130000000             370000000             370000000             4.9116474E-05         1.0000000E+30            431423       
 NEXT SEEDS:345AD5FC     37A       0       0       0       0    5B97     3B7       0       0
  140000000             360000000             360000000             4.9215228E-05         1.0000000E+30            464776       
 NEXT SEEDS:2FDAF959     37C       0       0       0       0    5B97     3B7       0       0
  150000000             350000000             350000000             4.9270062E-05         1.0000000E+30            498274       
 NEXT SEEDS:2B5E7861     37E       0       0       0       0    5B97     3B7       0       0
  160000000             340000000             340000000             4.9320111E-05         1.0000000E+30            531694       
 NEXT SEEDS:26D73C1B     380       0       0       0       0    5B97     3B7       0       0
  170000000             330000000             330000000             4.9359424E-05         1.0000000E+30            564887       
 NEXT SEEDS:22577533     382       0       0       0       0    5B97     3B7       0       0
  180000000             320000000             320000000             4.9400448E-05         1.0000000E+30            598091       
 NEXT SEEDS:1DCDC9B9     384       0       0       0       0    5B97     3B7       0       0
  190000000             310000000             310000000             4.9405174E-05         1.0000000E+30            631579       
 NEXT SEEDS:194E9923     386       0       0       0       0    5B97     3B7       0       0
  200000000             300000000             300000000             4.9418260E-05         1.0000000E+30            664676       
 NEXT SEEDS:14C70C43     388       0       0       0       0    5B97     3B7       0       0
  210000000             290000000             290000000             4.9405109E-05         1.0000000E+30            698151       
 NEXT SEEDS:104761C8     38A       0       0       0       0    5B97     3B7       0       0
  220000000             280000000             280000000             4.9375131E-05         1.0000000E+30            731504       
 NEXT SEEDS: BBEF49D     38C       0       0       0       0    5B97     3B7       0       0
  230000000             270000000             270000000             4.9391358E-05         1.0000000E+30            764866       
 NEXT SEEDS: 73EED72     38E       0       0       0       0    5B97     3B7       0       0
  240000000             260000000             260000000             4.9376162E-05         1.0000000E+30            798186       
 NEXT SEEDS: 2BEBF17     390       0       0       0       0    5B97     3B7       0       0
  250000000             250000000             250000000             4.9377369E-05         1.0000000E+30            831206       
 NEXT SEEDS:39D3410B     391       0       0       0       0    5B97     3B7       0       0
  260000000             240000000             240000000             4.9400348E-05         1.0000000E+30            864289       
 NEXT SEEDS:3541C50A     393       0       0       0       0    5B97     3B7       0       0
  270000000             230000000             230000000             4.9452310E-05         1.0000000E+30            897259       
 NEXT SEEDS:30B66D17     395       0       0       0       0    5B97     3B7       0       0
  280000000             220000000             220000000             4.9451191E-05         1.0000000E+30            930423       
 NEXT SEEDS:2C316657     397       0       0       0       0    5B97     3B7       0       0
  290000000             210000000             210000000             4.9448759E-05         1.0000000E+30            963844       
 NEXT SEEDS:27B209C1     399       0       0       0       0    5B97     3B7       0       0
  300000000             200000000             200000000             4.9458960E-05         1.0000000E+30            997229       
 NEXT SEEDS:232B21F1     39B       0       0       0       0    5B97     3B7       0       0
  310000000             190000000             190000000             4.9454755E-05         1.0000000E+30           1030630       
 NEXT SEEDS:1EA81EA9     39D       0       0       0       0    5B97     3B7       0       0
  320000000             180000000             180000000             4.9464934E-05         1.0000000E+30           1064147       
 NEXT SEEDS:1A245AE3     39F       0       0       0       0    5B97     3B7       0       0
  330000000             170000000             170000000             4.9487928E-05         1.0000000E+30           1097278       
 NEXT SEEDS:1599EEC3     3A1       0       0       0       0    5B97     3B7       0       0
  340000000             160000000             160000000             4.9491264E-05         1.0000000E+30           1130490       
 NEXT SEEDS:110F511F     3A3       0       0       0       0    5B97     3B7       0       0
  350000000             150000000             150000000             4.9471787E-05         1.0000000E+30           1163443       
 NEXT SEEDS: C86A4B8     3A5       0       0       0       0    5B97     3B7       0       0
  360000000             140000000             140000000             4.9442390E-05         1.0000000E+30           1196514       
 NEXT SEEDS: 80182EE     3A7       0       0       0       0    5B97     3B7       0       0
  370000000             130000000             130000000             4.9407328E-05         1.0000000E+30           1229989       
 NEXT SEEDS: 38770A4     3A9       0       0       0       0    5B97     3B7       0       0
  380000000             120000000             120000000             4.9427376E-05         1.0000000E+30           1263385       
 NEXT SEEDS:3AA70A52     3AA       0       0       0       0    5B97     3B7       0       0
  390000000             110000000             110000000             4.9430405E-05         1.0000000E+30           1296666       
 NEXT SEEDS:3627DE69     3AC       0       0       0       0    5B97     3B7       0       0
  400000000             100000000             100000000             4.9418922E-05         1.0000000E+30           1329824       
 NEXT SEEDS:31A554AA     3AE       0       0       0       0    5B97     3B7       0       0
  410000000              90000000              90000000             4.9407866E-05         1.0000000E+30           1363105       
 NEXT SEEDS:2D211F77     3B0       0       0       0       0    5B97     3B7       0       0
  420000000              80000000              80000000             4.9425443E-05         1.0000000E+30           1396636       
 NEXT SEEDS:28A296FD     3B2       0       0       0       0    5B97     3B7       0       0
  430000000              70000000              70000000             4.9424461E-05         1.0000000E+30           1429900       
 NEXT SEEDS:2417C3B6     3B4       0       0       0       0    5B97     3B7       0       0
  440000000              60000000              60000000             4.9417917E-05         1.0000000E+30           1463161       
 NEXT SEEDS:1F8E5F62     3B6       0       0       0       0    5B97     3B7       0       0
  450000000              50000000              50000000             4.9412171E-05         1.0000000E+30           1496501       
 NEXT SEEDS:1B0C3C65     3B8       0       0       0       0    5B97     3B7       0       0
  460000000              40000000              40000000             4.9362217E-05         1.0000000E+30           1529760       
 NEXT SEEDS:16899641     3BA       0       0       0       0    5B97     3B7       0       0
  470000000              30000000              30000000             4.9227578E-05         1.0000000E+30           1562878       
 NEXT SEEDS:120191FD     3BC       0       0       0       0    5B97     3B7       0       0
  480000000              20000000              20000000             4.9106088E-05         1.0000000E+30           1596007       
 NEXT SEEDS: D7E18C1     3BE       0       0       0       0    5B97     3B7       0       0
  490000000              10000000              10000000             4.8930661E-05         1.0000000E+30           1629104       
 NEXT SEEDS: 8F56EE5     3C0       0       0       0       0    5B97     3B7       0       0
  499999950                    50                    50             4.8660693E-05         1.0000000E+30           1662423       
 NEXT SEEDS: 4726B8C     3C2       0       0       0       0    5B97     3B7       0       0
  499999951                    49                    49             4.8660693E-05         1.0000000E+30           1662423       
 NEXT SEEDS: 4726C67     3C2       0       0       0       0    5B97     3B7       0       0
  499999952                    48                    48             4.8660693E-05         1.0000000E+30           1662423       
 NEXT SEEDS: 4726D3B     3C2       0       0       0       0    5B97     3B7       0       0
  499999953                    47                    47             4.8660693E-05         1.0000000E+30           1662423       
 NEXT SEEDS: 4726E0B     3C2       0       0       0       0    5B97     3B7       0       0
  499999954                    46                    46             4.8660693E-05         1.0000000E+30           1662423       
 NEXT SEEDS: 4726EED     3C2       0       0       0       0    5B97     3B7       0       0
  499999955                    45                    45             4.8660693E-05         1.0000000E+30           1662423       
 NEXT SEEDS: 4726FC7     3C2       0       0       0       0    5B97     3B7       0       0
  499999956                    44                    44             4.8660693E-05         1.0000000E+30           1662423       
 NEXT SEEDS: 472709E     3C2       0       0       0       0    5B97     3B7       0       0
  499999957                    43                    43             4.8660693E-05         1.0000000E+30           1662423       
 NEXT SEEDS: 4727179     3C2       0       0       0       0    5B97     3B7       0       0
  499999958                    42                    42             4.8660697E-05         1.0000000E+30           1662423       
 NEXT SEEDS: 4727245     3C2       0       0       0       0    5B97     3B7       0       0
  499999959                    41                    41             4.8660696E-05         1.0000000E+30           1662423       
 NEXT SEEDS: 472730A     3C2       0       0       0       0    5B97     3B7       0       0
  499999960                    40                    40             4.8660696E-05         1.0000000E+30           1662423       
 NEXT SEEDS: 47273E9     3C2       0       0       0       0    5B97     3B7       0       0
  499999961                    39                    39             4.8660696E-05         1.0000000E+30           1662423       
 NEXT SEEDS: 47274C6     3C2       0       0       0       0    5B97     3B7       0       0
  499999962                    38                    38             4.8660696E-05         1.0000000E+30           1662423       
 NEXT SEEDS: 472759B     3C2       0       0       0       0    5B97     3B7       0       0
  499999963                    37                    37             4.8660696E-05         1.0000000E+30           1662423       
 NEXT SEEDS: 472767C     3C2       0       0       0       0    5B97     3B7       0       0
  499999964                    36                    36             4.8660696E-05         1.0000000E+30           1662423       
 NEXT SEEDS: 4727685     3C2       0       0       0       0    5B97     3B7       0       0
  499999965                    35                    35             4.8660696E-05         1.0000000E+30           1662423       
 NEXT SEEDS: 4727745     3C2       0       0       0       0    5B97     3B7       0       0
  499999966                    34                    34             4.8660696E-05         1.0000000E+30           1662423       
 NEXT SEEDS: 472774C     3C2       0       0       0       0    5B97     3B7       0       0
  499999967                    33                    33             4.8660696E-05         1.0000000E+30           1662423       
 NEXT SEEDS: 472781C     3C2       0       0       0       0    5B97     3B7       0       0
  499999968                    32                    32             4.8660696E-05         1.0000000E+30           1662423       
 NEXT SEEDS: 47278F8     3C2       0       0       0       0    5B97     3B7       0       0
  499999969                    31                    31             4.8660696E-05         1.0000000E+30           1662423       
 NEXT SEEDS: 47279CF     3C2       0       0       0       0    5B97     3B7       0       0
  499999970                    30                    30             4.8660695E-05         1.0000000E+30           1662423       
 NEXT SEEDS: 4727AA0     3C2       0       0       0       0    5B97     3B7       0       0
  499999971                    29                    29             4.8660695E-05         1.0000000E+30           1662423       
 NEXT SEEDS: 4727B76     3C2       0       0       0       0    5B97     3B7       0       0
  499999972                    28                    28             4.8660695E-05         1.0000000E+30           1662423       
 NEXT SEEDS: 4727C48     3C2       0       0       0       0    5B97     3B7       0       0
  499999973                    27                    27             4.8660699E-05         1.0000000E+30           1662423       
 NEXT SEEDS: 4727D1C     3C2       0       0       0       0    5B97     3B7       0       0
  499999974                    26                    26             4.8660699E-05         1.0000000E+30           1662423       
 NEXT SEEDS: 4727D25     3C2       0       0       0       0    5B97     3B7       0       0
  499999975                    25                    25             4.8660699E-05         1.0000000E+30           1662423       
 NEXT SEEDS: 4727E0C     3C2       0       0       0       0    5B97     3B7       0       0
  499999976                    24                    24             4.8660699E-05         1.0000000E+30           1662423       
 NEXT SEEDS: 4727EEC     3C2       0       0       0       0    5B97     3B7       0       0
  499999977                    23                    23             4.8660699E-05         1.0000000E+30           1662423       
 NEXT SEEDS: 4727FBB     3C2       0       0       0       0    5B97     3B7       0       0
  499999978                    22                    22             4.8660699E-05         1.0000000E+30           1662423       
 NEXT SEEDS: 4728087     3C2       0       0       0       0    5B97     3B7       0       0
  499999979                    21                    21             4.8660698E-05         1.0000000E+30           1662423       
 NEXT SEEDS: 4728090     3C2       0       0       0       0    5B97     3B7       0       0
  499999980                    20                    20             4.8660698E-05         1.0000000E+30           1662423       
 NEXT SEEDS: 472809F     3C2       0       0       0       0    5B97     3B7       0       0
  499999981                    19                    19             4.8660698E-05         1.0000000E+30           1662423       
 NEXT SEEDS: 4728185     3C2       0       0       0       0    5B97     3B7       0       0
  499999982                    18                    18             4.8660698E-05         1.0000000E+30           1662423       
 NEXT SEEDS: 4728262     3C2       0       0       0       0    5B97     3B7       0       0
  499999983                    17                    17             4.8660698E-05         1.0000000E+30           1662423       
 NEXT SEEDS: 472832B     3C2       0       0       0       0    5B97     3B7       0       0
  499999984                    16                    16             4.8660698E-05         1.0000000E+30           1662423       
 NEXT SEEDS: 4728415     3C2       0       0       0       0    5B97     3B7       0       0
  499999985                    15                    15             4.8660698E-05         1.0000000E+30           1662423       
 NEXT SEEDS: 47284E6     3C2       0       0       0       0    5B97     3B7       0       0
  499999986                    14                    14             4.8660698E-05         1.0000000E+30           1662423       
 NEXT SEEDS: 47285C5     3C2       0       0       0       0    5B97     3B7       0       0
  499999987                    13                    13             4.8660698E-05         1.0000000E+30           1662423       
 NEXT SEEDS: 47285CC     3C2       0       0       0       0    5B97     3B7       0       0
  499999988                    12                    12             4.8660698E-05         1.0000000E+30           1662423       
 NEXT SEEDS: 47286CD     3C2       0       0       0       0    5B97     3B7       0       0
  499999989                    11                    11             4.8660701E-05         1.0000000E+30           1662423       
 NEXT SEEDS: 47287A0     3C2       0       0       0       0    5B97     3B7       0       0
  499999990                    10                    10             4.8660701E-05         1.0000000E+30           1662423       
 NEXT SEEDS: 4728884     3C2       0       0       0       0    5B97     3B7       0       0
  499999991                     9                     9             4.8660701E-05         1.0000000E+30           1662423       
 NEXT SEEDS: 4728961     3C2       0       0       0       0    5B97     3B7       0       0
  499999992                     8                     8             4.8660701E-05         1.0000000E+30           1662423       
 NEXT SEEDS: 4728A06     3C2       0       0       0       0    5B97     3B7       0       0
  499999993                     7                     7             4.8660701E-05         1.0000000E+30           1662423       
 NEXT SEEDS: 4728AD2     3C2       0       0       0       0    5B97     3B7       0       0
  499999994                     6                     6             4.8660701E-05         1.0000000E+30           1662423       
 NEXT SEEDS: 4728B9B     3C2       0       0       0       0    5B97     3B7       0       0
  499999995                     5                     5             4.8660701E-05         1.0000000E+30           1662423       
 NEXT SEEDS: 4728C7C     3C2       0       0       0       0    5B97     3B7       0       0
  499999996                     4                     4             4.8660701E-05         1.0000000E+30           1662423       
 NEXT SEEDS: 4728D6A     3C2       0       0       0       0    5B97     3B7       0       0
  499999997                     3                     3             4.8660701E-05         1.0000000E+30           1662423       
 NEXT SEEDS: 4728E38     3C2       0       0       0       0    5B97     3B7       0       0
  499999998                     2                     2             4.8660701E-05         1.0000000E+30           1662423       
 NEXT SEEDS: 4728EFC     3C2       0       0       0       0    5B97     3B7       0       0
  499999999                     1                     1             4.8660700E-05         1.0000000E+30           1662423       
 NEXT SEEDS: 4728FBF     3C2       0       0       0       0    5B97     3B7       0       0
  500000000                     0                     1             4.8660700E-05         1.0000000E+30           1662423       
 NEXT SEEDS: 472908C     3C2       0       0       0       0    5B97     3B7       0       0
