1NUMBER OF BEAM       NUMBER OF BEAM        APPROXIMATE NUMBER    AVERAGE TIME USED     TIME LEFT (RESERVED   NUMBER OF STARS
 PARTICLES HANDLED    PARTICLES LEFT        OF BEAM PARTICLES     BY A BEAM PARTICLE     10000.0 SECONDS      CREATED
                                            THAT CAN STILL BE                           FOR PRINTOUT)
                                            HANDLED

 NEXT SEEDS: F0C473E     241       0       0       0       0    5B98     3B7       0       0
          1             499999999             499999999             1.4638901E-04         1.0000000E+30                 0       
 NEXT SEEDS: F0C481B     241       0       0       0       0    5B98     3B7       0       0
   10000000             490000000             490000000             4.8702452E-05         1.0000000E+30             33441       
 NEXT SEEDS: A879863     243       0       0       0       0    5B98     3B7       0       0
   20000000             480000000             480000000             4.8323318E-05         1.0000000E+30             66613       
 NEXT SEEDS: 5FE34C3     245       0       0       0       0    5B98     3B7       0       0
   30000000             470000000             470000000             4.8143821E-05         1.0000000E+30             99803       
 NEXT SEEDS: 176C0C7     247       0       0       0       0    5B98     3B7       0       0
   40000000             460000000             460000000             4.8157179E-05         1.0000000E+30            132872       
 NEXT SEEDS:388F414A     248       0       0       0       0    5B98     3B7       0       0
   50000000             450000000             450000000             4.8109578E-05         1.0000000E+30            166052       
 NEXT SEEDS:34083FDD     24A       0       0       0       0    5B98     3B7       0       0
   60000000             440000000             440000000             4.8087491E-05         1.0000000E+30            199305       
 NEXT SEEDS:2F7D3A0B     24C       0       0       0       0    5B98     3B7       0       0
   70000000             430000000             430000000             4.8109590E-05         1.0000000E+30            232351       
 NEXT SEEDS:2AF3E394     24E       0       0       0       0    5B98     3B7       0       0
   80000000             420000000             420000000             4.8157857E-05         1.0000000E+30            265720       
 NEXT SEEDS:266BF485     250       0       0       0       0    5B98     3B7       0       0
   90000000             410000000             410000000             4.8133362E-05         1.0000000E+30            298877       
 NEXT SEEDS:21DD2F7B     252       0       0       0       0    5B98     3B7       0       0
  100000000             400000000             400000000             4.8115592E-05         1.0000000E+30            331915       
 NEXT SEEDS:1D4EE35F     254       0       0       0       0    5B98     3B7       0       0
  110000000             390000000             390000000             4.8075041E-05         1.0000000E+30            365479       
 NEXT SEEDS:18CD1661     256       0       0       0       0    5B98     3B7       0       0
  120000000             380000000             380000000             4.8070208E-05         1.0000000E+30            398851       
 NEXT SEEDS:144408BF     258       0       0       0       0    5B98     3B7       0       0
  130000000             370000000             370000000             4.8100208E-05         1.0000000E+30            432288       
 NEXT SEEDS: FC43B5A     25A       0       0       0       0    5B98     3B7       0       0
  140000000             360000000             360000000             4.8145035E-05         1.0000000E+30            465462       
 NEXT SEEDS: B3931C8     25C       0       0       0       0    5B98     3B7       0       0
  150000000             350000000             350000000             4.8199226E-05         1.0000000E+30            498850       
 NEXT SEEDS: 6B4F11A     25E       0       0       0       0    5B98     3B7       0       0
  160000000             340000000             340000000             4.8213047E-05         1.0000000E+30            532187       
 NEXT SEEDS: 238508B     260       0       0       0       0    5B98     3B7       0       0
  170000000             330000000             330000000             4.8235755E-05         1.0000000E+30            565651       
 NEXT SEEDS:39528541     261       0       0       0       0    5B98     3B7       0       0
  180000000             320000000             320000000             4.8260852E-05         1.0000000E+30            599043       
 NEXT SEEDS:34CB42B3     263       0       0       0       0    5B98     3B7       0       0
  190000000             310000000             310000000             4.8286571E-05         1.0000000E+30            632475       
 NEXT SEEDS:304AB3A4     265       0       0       0       0    5B98     3B7       0       0
  200000000             300000000             300000000             4.8303848E-05         1.0000000E+30            665579       
 NEXT SEEDS:2BBD773C     267       0       0       0       0    5B98     3B7       0       0
  210000000             290000000             290000000             4.8307027E-05         1.0000000E+30            698944       
 NEXT SEEDS:273A9441     269       0       0       0       0    5B98     3B7       0       0
  220000000             280000000             280000000             4.8287443E-05         1.0000000E+30            731861       
 NEXT SEEDS:22AD9C99     26B       0       0       0       0    5B98     3B7       0       0
  230000000             270000000             270000000             4.8303461E-05         1.0000000E+30            765312       
 NEXT SEEDS:1E2619C8     26D       0       0       0       0    5B98     3B7       0       0
  240000000             260000000             260000000             4.8290349E-05         1.0000000E+30            798759       
 NEXT SEEDS:19A25F0D     26F       0       0       0       0    5B98     3B7       0       0
  250000000             250000000             250000000             4.8260739E-05         1.0000000E+30            831803       
 NEXT SEEDS:151AE8A5     271       0       0       0       0    5B98     3B7       0       0
  260000000             240000000             240000000             4.8323153E-05         1.0000000E+30            865145       
 NEXT SEEDS:1094CB3E     273       0       0       0       0    5B98     3B7       0       0
  270000000             230000000             230000000             4.8305860E-05         1.0000000E+30            898477       
 NEXT SEEDS: C1C6781     275       0       0       0       0    5B98     3B7       0       0
  280000000             220000000             220000000             4.8307747E-05         1.0000000E+30            931781       
 NEXT SEEDS: 79E4FED     277       0       0       0       0    5B98     3B7       0       0
  290000000             210000000             210000000             4.8297946E-05         1.0000000E+30            965088       
 NEXT SEEDS: 319ED7A     279       0       0       0       0    5B98     3B7       0       0
  300000000             200000000             200000000             4.8284197E-05         1.0000000E+30            998721       
 NEXT SEEDS:3A381338     27A       0       0       0       0    5B98     3B7       0       0
  310000000             190000000             190000000             4.8285371E-05         1.0000000E+30           1032236       
 NEXT SEEDS:35B5454F     27C       0       0       0       0    5B98     3B7       0       0
  320000000             180000000             180000000             4.8312427E-05         1.0000000E+30           1065630       
 NEXT SEEDS:313457C5     27E       0       0       0       0    5B98     3B7       0       0
  330000000             170000000             170000000             4.8317848E-05         1.0000000E+30           1098992       
 NEXT SEEDS:2CB20170     280       0       0       0       0    5B98     3B7       0       0
  340000000             160000000             160000000             4.8318308E-05         1.0000000E+30           1132035       
 NEXT SEEDS:282B9777     282       0       0       0       0    5B98     3B7       0       0
  350000000             150000000             150000000             4.8325386E-05         1.0000000E+30           1165672       
 NEXT SEEDS:23AA5837     284       0       0       0       0    5B98     3B7       0       0
  360000000             140000000             140000000             4.8331180E-05         1.0000000E+30           1199494       
 NEXT SEEDS:1F2FF9A5     286       0       0       0       0    5B98     3B7       0       0
  370000000             130000000             130000000             4.8341792E-05         1.0000000E+30           1232603       
 NEXT SEEDS:1AA2F5F7     288       0       0       0       0    5B98     3B7       0       0
  380000000             120000000             120000000             4.8344516E-05         1.0000000E+30           1265834       
 NEXT SEEDS:16240BDC     28A       0       0       0       0    5B98     3B7       0       0
  390000000             110000000             110000000             4.8367784E-05         1.0000000E+30           1299432       
 NEXT SEEDS:11A8182D     28C       0       0       0       0    5B98     3B7       0       0
  400000000             100000000             100000000             4.8387447E-05         1.0000000E+30           1332775       
 NEXT SEEDS: D1FCE16     28E       0       0       0       0    5B98     3B7       0       0
  410000000              90000000              90000000             4.8395827E-05         1.0000000E+30           1366056       
 NEXT SEEDS: 89B4546     290       0       0       0       0    5B98     3B7       0       0
  420000000              80000000              80000000             4.8415067E-05         1.0000000E+30           1399331       
 NEXT SEEDS: 41C92F0     292       0       0       0       0    5B98     3B7       0       0
  430000000              70000000              70000000             4.8429929E-05         1.0000000E+30           1432313       
 NEXT SEEDS:3B2972F6     293       0       0       0       0    5B98     3B7       0       0
  440000000              60000000              60000000             4.8444962E-05         1.0000000E+30           1465643       
 NEXT SEEDS:36A85428     295       0       0       0       0    5B98     3B7       0       0
  450000000              50000000              50000000             4.8458060E-05         1.0000000E+30           1498718       
 NEXT SEEDS:322401F5     297       0       0       0       0    5B98     3B7       0       0
  460000000              40000000              40000000             4.8468453E-05         1.0000000E+30           1532068       
 NEXT SEEDS:2D9EA497     299       0       0       0       0    5B98     3B7       0       0
  470000000              30000000              30000000             4.8474726E-05         1.0000000E+30           1565365       
 NEXT SEEDS:291D512B     29B       0       0       0       0    5B98     3B7       0       0
  480000000              20000000              20000000             4.8482679E-05         1.0000000E+30           1598882       
 NEXT SEEDS:2498DF19     29D       0       0       0       0    5B98     3B7       0       0
  490000000              10000000              10000000             4.8486819E-05         1.0000000E+30           1632041       
 NEXT SEEDS:2011A380     29F       0       0       0       0    5B98     3B7       0       0
  499999950                    50                    50             4.8493931E-05         1.0000000E+30           1665609       
 NEXT SEEDS:1B926A19     2A1       0       0       0       0    5B98     3B7       0       0
  499999951                    49                    49             4.8493931E-05         1.0000000E+30           1665609       
 NEXT SEEDS:1B926B0A     2A1       0       0       0       0    5B98     3B7       0       0
  499999952                    48                    48             4.8493931E-05         1.0000000E+30           1665609       
 NEXT SEEDS:1B926C19     2A1       0       0       0       0    5B98     3B7       0       0
  499999953                    47                    47             4.8493931E-05         1.0000000E+30           1665609       
 NEXT SEEDS:1B926CE7     2A1       0       0       0       0    5B98     3B7       0       0
  499999954                    46                    46             4.8493934E-05         1.0000000E+30           1665609       
 NEXT SEEDS:1B926DB0     2A1       0       0       0       0    5B98     3B7       0       0
  499999955                    45                    45             4.8493934E-05         1.0000000E+30           1665609       
 NEXT SEEDS:1B926E87     2A1       0       0       0       0    5B98     3B7       0       0
  499999956                    44                    44             4.8493934E-05         1.0000000E+30           1665609       
 NEXT SEEDS:1B926F51     2A1       0       0       0       0    5B98     3B7       0       0
  499999957                    43                    43             4.8493934E-05         1.0000000E+30           1665609       
 NEXT SEEDS:1B927017     2A1       0       0       0       0    5B98     3B7       0       0
  499999958                    42                    42             4.8493934E-05         1.0000000E+30           1665609       
 NEXT SEEDS:1B92701E     2A1       0       0       0       0    5B98     3B7       0       0
  499999959                    41                    41             4.8493934E-05         1.0000000E+30           1665609       
 NEXT SEEDS:1B9270E2     2A1       0       0       0       0    5B98     3B7       0       0
  499999960                    40                    40             4.8493934E-05         1.0000000E+30           1665609       
 NEXT SEEDS:1B9271C5     2A1       0       0       0       0    5B98     3B7       0       0
  499999961                    39                    39             4.8493934E-05         1.0000000E+30           1665609       
 NEXT SEEDS:1B92729A     2A1       0       0       0       0    5B98     3B7       0       0
  499999962                    38                    38             4.8493934E-05         1.0000000E+30           1665609       
 NEXT SEEDS:1B927364     2A1       0       0       0       0    5B98     3B7       0       0
  499999963                    37                    37             4.8493934E-05         1.0000000E+30           1665609       
 NEXT SEEDS:1B927436     2A1       0       0       0       0    5B98     3B7       0       0
  499999964                    36                    36             4.8493937E-05         1.0000000E+30           1665609       
 NEXT SEEDS:1B927506     2A1       0       0       0       0    5B98     3B7       0       0
  499999965                    35                    35             4.8493937E-05         1.0000000E+30           1665609       
 NEXT SEEDS:1B9275DD     2A1       0       0       0       0    5B98     3B7       0       0
  499999966                    34                    34             4.8493937E-05         1.0000000E+30           1665609       
 NEXT SEEDS:1B9276AF     2A1       0       0       0       0    5B98     3B7       0       0
  499999967                    33                    33             4.8493937E-05         1.0000000E+30           1665609       
 NEXT SEEDS:1B927790     2A1       0       0       0       0    5B98     3B7       0       0
  499999968                    32                    32             4.8493937E-05         1.0000000E+30           1665609       
 NEXT SEEDS:1B92786A     2A1       0       0       0       0    5B98     3B7       0       0
  499999969                    31                    31             4.8493937E-05         1.0000000E+30           1665609       
 NEXT SEEDS:1B927933     2A1       0       0       0       0    5B98     3B7       0       0
  499999970                    30                    30             4.8493937E-05         1.0000000E+30           1665609       
 NEXT SEEDS:1B927A22     2A1       0       0       0       0    5B98     3B7       0       0
  499999971                    29                    29             4.8493937E-05         1.0000000E+30           1665609       
 NEXT SEEDS:1B927AE8     2A1       0       0       0       0    5B98     3B7       0       0
  499999972                    28                    28             4.8493941E-05         1.0000000E+30           1665609       
 NEXT SEEDS:1B927BB3     2A1       0       0       0       0    5B98     3B7       0       0
  499999973                    27                    27             4.8493940E-05         1.0000000E+30           1665609       
 NEXT SEEDS:1B927C77     2A1       0       0       0       0    5B98     3B7       0       0
  499999974                    26                    26             4.8493940E-05         1.0000000E+30           1665609       
 NEXT SEEDS:1B927D4E     2A1       0       0       0       0    5B98     3B7       0       0
  499999975                    25                    25             4.8493940E-05         1.0000000E+30           1665609       
 NEXT SEEDS:1B927E26     2A1       0       0       0       0    5B98     3B7       0       0
  499999976                    24                    24             4.8493940E-05         1.0000000E+30           1665609       
 NEXT SEEDS:1B927EEB     2A1       0       0       0       0    5B98     3B7       0       0
  499999977                    23                    23             4.8493940E-05         1.0000000E+30           1665609       
 NEXT SEEDS:1B927FB9     2A1       0       0       0       0    5B98     3B7       0       0
  499999978                    22                    22             4.8493940E-05         1.0000000E+30           1665609       
 NEXT SEEDS:1B928084     2A1       0       0       0       0    5B98     3B7       0       0
  499999979                    21                    21             4.8493940E-05         1.0000000E+30           1665609       
 NEXT SEEDS:1B928170     2A1       0       0       0       0    5B98     3B7       0       0
  499999980                    20                    20             4.8493940E-05         1.0000000E+30           1665609       
 NEXT SEEDS:1B928233     2A1       0       0       0       0    5B98     3B7       0       0
  499999981                    19                    19             4.8493940E-05         1.0000000E+30           1665609       
 NEXT SEEDS:1B92823A     2A1       0       0       0       0    5B98     3B7       0       0
  499999982                    18                    18             4.8493940E-05         1.0000000E+30           1665609       
 NEXT SEEDS:1B928301     2A1       0       0       0       0    5B98     3B7       0       0
  499999983                    17                    17             4.8493939E-05         1.0000000E+30           1665609       
 NEXT SEEDS:1B9283E3     2A1       0       0       0       0    5B98     3B7       0       0
  499999984                    16                    16             4.8493939E-05         1.0000000E+30           1665609       
 NEXT SEEDS:1B9284B5     2A1       0       0       0       0    5B98     3B7       0       0
  499999985                    15                    15             4.8493939E-05         1.0000000E+30           1665609       
 NEXT SEEDS:1B928585     2A1       0       0       0       0    5B98     3B7       0       0
  499999986                    14                    14             4.8493939E-05         1.0000000E+30           1665609       
 NEXT SEEDS:1B928633     2A1       0       0       0       0    5B98     3B7       0       0
  499999987                    13                    13             4.8493939E-05         1.0000000E+30           1665609       
 NEXT SEEDS:1B92863A     2A1       0       0       0       0    5B98     3B7       0       0
  499999988                    12                    12             4.8493939E-05         1.0000000E+30           1665609       
 NEXT SEEDS:1B928750     2A1       0       0       0       0    5B98     3B7       0       0
  499999989                    11                    11             4.8493939E-05         1.0000000E+30           1665609       
 NEXT SEEDS:1B928846     2A1       0       0       0       0    5B98     3B7       0       0
  499999990                    10                    10             4.8493939E-05         1.0000000E+30           1665609       
 NEXT SEEDS:1B928916     2A1       0       0       0       0    5B98     3B7       0       0
  499999991                     9                     9             4.8493939E-05         1.0000000E+30           1665609       
 NEXT SEEDS:1B9289EC     2A1       0       0       0       0    5B98     3B7       0       0
  499999992                     8                     8             4.8493939E-05         1.0000000E+30           1665609       
 NEXT SEEDS:1B928AC6     2A1       0       0       0       0    5B98     3B7       0       0
  499999993                     7                     7             4.8493939E-05         1.0000000E+30           1665609       
 NEXT SEEDS:1B928B89     2A1       0       0       0       0    5B98     3B7       0       0
  499999994                     6                     6             4.8493938E-05         1.0000000E+30           1665609       
 NEXT SEEDS:1B928C58     2A1       0       0       0       0    5B98     3B7       0       0
  499999995                     5                     5             4.8493938E-05         1.0000000E+30           1665609       
 NEXT SEEDS:1B928D22     2A1       0       0       0       0    5B98     3B7       0       0
  499999996                     4                     4             4.8493938E-05         1.0000000E+30           1665609       
 NEXT SEEDS:1B928DEB     2A1       0       0       0       0    5B98     3B7       0       0
  499999997                     3                     3             4.8493938E-05         1.0000000E+30           1665609       
 NEXT SEEDS:1B928EAD     2A1       0       0       0       0    5B98     3B7       0       0
  499999998                     2                     2             4.8493938E-05         1.0000000E+30           1665609       
 NEXT SEEDS:1B928F8B     2A1       0       0       0       0    5B98     3B7       0       0
  499999999                     1                     1             4.8493938E-05         1.0000000E+30           1665609       
 NEXT SEEDS:1B929062     2A1       0       0       0       0    5B98     3B7       0       0
  500000000                     0                     1             4.8493938E-05         1.0000000E+30           1665609       
 NEXT SEEDS:1B92913C     2A1       0       0       0       0    5B98     3B7       0       0
