1NUMBER OF BEAM       NUMBER OF BEAM        APPROXIMATE NUMBER    AVERAGE TIME USED     TIME LEFT (RESERVED   NUMBER OF STARS
 PARTICLES HANDLED    PARTICLES LEFT        OF BEAM PARTICLES     BY A BEAM PARTICLE     10000.0 SECONDS      CREATED
                                            THAT CAN STILL BE                           FOR PRINTOUT)
                                            HANDLED

 NEXT SEEDS: 2438217     1E1       0       0       0       0    5B97     3B7       0       0
          1             499999999             499999999             1.4114380E-04         1.0000000E+30                 0       
 NEXT SEEDS: 24382F9     1E1       0       0       0       0    5B97     3B7       0       0
   10000000             490000000             490000000             4.7927549E-05         1.0000000E+30             33464       
 NEXT SEEDS:3957F3BE     1E2       0       0       0       0    5B97     3B7       0       0
   20000000             480000000             480000000             4.7958973E-05         1.0000000E+30             66609       
 NEXT SEEDS:34CD3AC6     1E4       0       0       0       0    5B97     3B7       0       0
   30000000             470000000             470000000             4.7867109E-05         1.0000000E+30             99938       
 NEXT SEEDS:30512227     1E6       0       0       0       0    5B97     3B7       0       0
   40000000             460000000             460000000             4.8022338E-05         1.0000000E+30            133428       
 NEXT SEEDS:2BCF941D     1E8       0       0       0       0    5B97     3B7       0       0
   50000000             450000000             450000000             4.8002807E-05         1.0000000E+30            166785       
 NEXT SEEDS:274B1BD0     1EA       0       0       0       0    5B97     3B7       0       0
   60000000             440000000             440000000             4.7934118E-05         1.0000000E+30            200031       
 NEXT SEEDS:22C8E763     1EC       0       0       0       0    5B97     3B7       0       0
   70000000             430000000             430000000             4.7947331E-05         1.0000000E+30            233093       
 NEXT SEEDS:1E49D7FB     1EE       0       0       0       0    5B97     3B7       0       0
   80000000             420000000             420000000             4.7931045E-05         1.0000000E+30            266646       
 NEXT SEEDS:19CF6874     1F0       0       0       0       0    5B97     3B7       0       0
   90000000             410000000             410000000             4.7929749E-05         1.0000000E+30            300037       
 NEXT SEEDS:154DC1A8     1F2       0       0       0       0    5B97     3B7       0       0
  100000000             400000000             400000000             4.7926354E-05         1.0000000E+30            333062       
 NEXT SEEDS:10BCD672     1F4       0       0       0       0    5B97     3B7       0       0
  110000000             390000000             390000000             4.7931292E-05         1.0000000E+30            366432       
 NEXT SEEDS: C38D317     1F6       0       0       0       0    5B97     3B7       0       0
  120000000             380000000             380000000             4.7956589E-05         1.0000000E+30            399615       
 NEXT SEEDS: 7B50E2F     1F8       0       0       0       0    5B97     3B7       0       0
  130000000             370000000             370000000             4.7915965E-05         1.0000000E+30            432939       
 NEXT SEEDS: 3370D9C     1FA       0       0       0       0    5B97     3B7       0       0
  140000000             360000000             360000000             4.7881548E-05         1.0000000E+30            466138       
 NEXT SEEDS:3A4BC733     1FB       0       0       0       0    5B97     3B7       0       0
  150000000             350000000             350000000             4.7900519E-05         1.0000000E+30            499441       
 NEXT SEEDS:35C3FDEB     1FD       0       0       0       0    5B97     3B7       0       0
  160000000             340000000             340000000             4.7932307E-05         1.0000000E+30            532902       
 NEXT SEEDS:3146E0D4     1FF       0       0       0       0    5B97     3B7       0       0
  170000000             330000000             330000000             4.7933041E-05         1.0000000E+30            566083       
 NEXT SEEDS:2CC40257     201       0       0       0       0    5B97     3B7       0       0
  180000000             320000000             320000000             4.7995919E-05         1.0000000E+30            598795       
 NEXT SEEDS:282EEBD4     203       0       0       0       0    5B97     3B7       0       0
  190000000             310000000             310000000             4.8002090E-05         1.0000000E+30            631788       
 NEXT SEEDS:23A13B10     205       0       0       0       0    5B97     3B7       0       0
  200000000             300000000             300000000             4.7999525E-05         1.0000000E+30            665057       
 NEXT SEEDS:1F1BB36F     207       0       0       0       0    5B97     3B7       0       0
  210000000             290000000             290000000             4.8004123E-05         1.0000000E+30            698248       
 NEXT SEEDS:1A91E9DC     209       0       0       0       0    5B97     3B7       0       0
  220000000             280000000             280000000             4.8010785E-05         1.0000000E+30            731635       
 NEXT SEEDS:1615EFD5     20B       0       0       0       0    5B97     3B7       0       0
  230000000             270000000             270000000             4.8013989E-05         1.0000000E+30            764697       
 NEXT SEEDS:1188BB91     20D       0       0       0       0    5B97     3B7       0       0
  240000000             260000000             260000000             4.8038939E-05         1.0000000E+30            798061       
 NEXT SEEDS: D06C0A8     20F       0       0       0       0    5B97     3B7       0       0
  250000000             250000000             250000000             4.8046175E-05         1.0000000E+30            831494       
 NEXT SEEDS: 88B88C6     211       0       0       0       0    5B97     3B7       0       0
  260000000             240000000             240000000             4.8050833E-05         1.0000000E+30            864727       
 NEXT SEEDS: 4017F5C     213       0       0       0       0    5B97     3B7       0       0
  270000000             230000000             230000000             4.8063508E-05         1.0000000E+30            898100       
 NEXT SEEDS:3B1F7928     214       0       0       0       0    5B97     3B7       0       0
  280000000             220000000             220000000             4.8085846E-05         1.0000000E+30            931412       
 NEXT SEEDS:36A6CA1D     216       0       0       0       0    5B97     3B7       0       0
  290000000             210000000             210000000             4.8121699E-05         1.0000000E+30            964789       
 NEXT SEEDS:32289D13     218       0       0       0       0    5B97     3B7       0       0
  300000000             200000000             200000000             4.8138889E-05         1.0000000E+30            998273       
 NEXT SEEDS:2DAE60BA     21A       0       0       0       0    5B97     3B7       0       0
  310000000             190000000             190000000             4.8182733E-05         1.0000000E+30           1031830       
 NEXT SEEDS:292E0C12     21C       0       0       0       0    5B97     3B7       0       0
  320000000             180000000             180000000             4.8195132E-05         1.0000000E+30           1064978       
 NEXT SEEDS:24A7D7D5     21E       0       0       0       0    5B97     3B7       0       0
  330000000             170000000             170000000             4.8216065E-05         1.0000000E+30           1098403       
 NEXT SEEDS:2026E66F     220       0       0       0       0    5B97     3B7       0       0
  340000000             160000000             160000000             4.8222023E-05         1.0000000E+30           1131483       
 NEXT SEEDS:1B9F2C7A     222       0       0       0       0    5B97     3B7       0       0
  350000000             150000000             150000000             4.8216338E-05         1.0000000E+30           1164564       
 NEXT SEEDS:1717B6AD     224       0       0       0       0    5B97     3B7       0       0
  360000000             140000000             140000000             4.8215098E-05         1.0000000E+30           1197803       
 NEXT SEEDS:128F28FA     226       0       0       0       0    5B97     3B7       0       0
  370000000             130000000             130000000             4.8233852E-05         1.0000000E+30           1230971       
 NEXT SEEDS: E08DE30     228       0       0       0       0    5B97     3B7       0       0
  380000000             120000000             120000000             4.8247383E-05         1.0000000E+30           1264503       
 NEXT SEEDS: 985F3D1     22A       0       0       0       0    5B97     3B7       0       0
  390000000             110000000             110000000             4.8260221E-05         1.0000000E+30           1297977       
 NEXT SEEDS: 507F323     22C       0       0       0       0    5B97     3B7       0       0
  400000000             100000000             100000000             4.8273329E-05         1.0000000E+30           1331344       
 NEXT SEEDS:  8804FA     22E       0       0       0       0    5B97     3B7       0       0
  410000000              90000000              90000000             4.8305239E-05         1.0000000E+30           1364671       
 NEXT SEEDS:379D8DB7     22F       0       0       0       0    5B97     3B7       0       0
  420000000              80000000              80000000             4.8298534E-05         1.0000000E+30           1397729       
 NEXT SEEDS:3316BAF7     231       0       0       0       0    5B97     3B7       0       0
  430000000              70000000              70000000             4.8308012E-05         1.0000000E+30           1430960       
 NEXT SEEDS:2E913430     233       0       0       0       0    5B97     3B7       0       0
  440000000              60000000              60000000             4.8302978E-05         1.0000000E+30           1464251       
 NEXT SEEDS:2A0807F3     235       0       0       0       0    5B97     3B7       0       0
  450000000              50000000              50000000             4.8308966E-05         1.0000000E+30           1497326       
 NEXT SEEDS:257FD3FE     237       0       0       0       0    5B97     3B7       0       0
  *** Rcfset:kprin,bfcmax,epat00,ppat00,ravpot           1  -1.5898795591874126E-002  0.94305735136674063        9.4880136246297375E-002   12.440777676959296     
  460000000              40000000              40000000             4.8300929E-05         1.0000000E+30           1530692       
 NEXT SEEDS:20FE6664     239       0       0       0       0    5B97     3B7       0       0
  470000000              30000000              30000000             4.8291676E-05         1.0000000E+30           1563989       
 NEXT SEEDS:1C7CD02D     23B       0       0       0       0    5B97     3B7       0       0
  480000000              20000000              20000000             4.8292346E-05         1.0000000E+30           1597494       
 NEXT SEEDS:17F57667     23D       0       0       0       0    5B97     3B7       0       0
  490000000              10000000              10000000             4.8288006E-05         1.0000000E+30           1630732       
 NEXT SEEDS:1376F637     23F       0       0       0       0    5B97     3B7       0       0
  499999950                    50                    50             4.8284657E-05         1.0000000E+30           1664123       
 NEXT SEEDS: EE98F30     241       0       0       0       0    5B97     3B7       0       0
  499999951                    49                    49             4.8284660E-05         1.0000000E+30           1664123       
 NEXT SEEDS: EE99002     241       0       0       0       0    5B97     3B7       0       0
  499999952                    48                    48             4.8284660E-05         1.0000000E+30           1664123       
 NEXT SEEDS: EE990DA     241       0       0       0       0    5B97     3B7       0       0
  499999953                    47                    47             4.8284660E-05         1.0000000E+30           1664123       
 NEXT SEEDS: EE991AF     241       0       0       0       0    5B97     3B7       0       0
  499999954                    46                    46             4.8284660E-05         1.0000000E+30           1664123       
 NEXT SEEDS: EE9926B     241       0       0       0       0    5B97     3B7       0       0
  499999955                    45                    45             4.8284660E-05         1.0000000E+30           1664123       
 NEXT SEEDS: EE99348     241       0       0       0       0    5B97     3B7       0       0
  499999956                    44                    44             4.8284660E-05         1.0000000E+30           1664123       
 NEXT SEEDS: EE9941B     241       0       0       0       0    5B97     3B7       0       0
  499999957                    43                    43             4.8284660E-05         1.0000000E+30           1664123       
 NEXT SEEDS: EE994E6     241       0       0       0       0    5B97     3B7       0       0
  499999958                    42                    42             4.8284660E-05         1.0000000E+30           1664123       
 NEXT SEEDS: EE995BD     241       0       0       0       0    5B97     3B7       0       0
  499999959                    41                    41             4.8284664E-05         1.0000000E+30           1664123       
 NEXT SEEDS: EE996AD     241       0       0       0       0    5B97     3B7       0       0
  499999960                    40                    40             4.8284663E-05         1.0000000E+30           1664123       
 NEXT SEEDS: EE99782     241       0       0       0       0    5B97     3B7       0       0
  499999961                    39                    39             4.8284663E-05         1.0000000E+30           1664123       
 NEXT SEEDS: EE99858     241       0       0       0       0    5B97     3B7       0       0
  499999962                    38                    38             4.8284663E-05         1.0000000E+30           1664123       
 NEXT SEEDS: EE99951     241       0       0       0       0    5B97     3B7       0       0
  499999963                    37                    37             4.8284663E-05         1.0000000E+30           1664123       
 NEXT SEEDS: EE99A1F     241       0       0       0       0    5B97     3B7       0       0
  499999964                    36                    36             4.8284663E-05         1.0000000E+30           1664123       
 NEXT SEEDS: EE99B19     241       0       0       0       0    5B97     3B7       0       0
  499999965                    35                    35             4.8284663E-05         1.0000000E+30           1664123       
 NEXT SEEDS: EE99BDE     241       0       0       0       0    5B97     3B7       0       0
  499999966                    34                    34             4.8284663E-05         1.0000000E+30           1664123       
 NEXT SEEDS: EE99CCC     241       0       0       0       0    5B97     3B7       0       0
  499999967                    33                    33             4.8284663E-05         1.0000000E+30           1664123       
 NEXT SEEDS: EE99DA8     241       0       0       0       0    5B97     3B7       0       0
  499999968                    32                    32             4.8284663E-05         1.0000000E+30           1664123       
 NEXT SEEDS: EE99E87     241       0       0       0       0    5B97     3B7       0       0
  499999969                    31                    31             4.8284666E-05         1.0000000E+30           1664123       
 NEXT SEEDS: EE99F52     241       0       0       0       0    5B97     3B7       0       0
  499999970                    30                    30             4.8284666E-05         1.0000000E+30           1664123       
 NEXT SEEDS: EE9A0A3     241       0       0       0       0    5B97     3B7       0       0
  499999971                    29                    29             4.8284666E-05         1.0000000E+30           1664124       
 NEXT SEEDS: EE9A324     241       0       0       0       0    5B97     3B7       0       0
  499999972                    28                    28             4.8284666E-05         1.0000000E+30           1664124       
 NEXT SEEDS: EE9A402     241       0       0       0       0    5B97     3B7       0       0
  499999973                    27                    27             4.8284666E-05         1.0000000E+30           1664124       
 NEXT SEEDS: EE9A4BD     241       0       0       0       0    5B97     3B7       0       0
  499999974                    26                    26             4.8284666E-05         1.0000000E+30           1664124       
 NEXT SEEDS: EE9A4C6     241       0       0       0       0    5B97     3B7       0       0
  499999975                    25                    25             4.8284666E-05         1.0000000E+30           1664124       
 NEXT SEEDS: EE9A598     241       0       0       0       0    5B97     3B7       0       0
  499999976                    24                    24             4.8284666E-05         1.0000000E+30           1664124       
 NEXT SEEDS: EE9A59F     241       0       0       0       0    5B97     3B7       0       0
  499999977                    23                    23             4.8284670E-05         1.0000000E+30           1664124       
 NEXT SEEDS: EE9A665     241       0       0       0       0    5B97     3B7       0       0
  499999978                    22                    22             4.8284670E-05         1.0000000E+30           1664124       
 NEXT SEEDS: EE9A722     241       0       0       0       0    5B97     3B7       0       0
  499999979                    21                    21             4.8284669E-05         1.0000000E+30           1664124       
 NEXT SEEDS: EE9A805     241       0       0       0       0    5B97     3B7       0       0
  499999980                    20                    20             4.8284669E-05         1.0000000E+30           1664124       
 NEXT SEEDS: EE9A904     241       0       0       0       0    5B97     3B7       0       0
  499999981                    19                    19             4.8284669E-05         1.0000000E+30           1664124       
 NEXT SEEDS: EE9A90B     241       0       0       0       0    5B97     3B7       0       0
  499999982                    18                    18             4.8284669E-05         1.0000000E+30           1664124       
 NEXT SEEDS: EE9A9D8     241       0       0       0       0    5B97     3B7       0       0
  499999983                    17                    17             4.8284669E-05         1.0000000E+30           1664124       
 NEXT SEEDS: EE9AAAB     241       0       0       0       0    5B97     3B7       0       0
  499999984                    16                    16             4.8284669E-05         1.0000000E+30           1664124       
 NEXT SEEDS: EE9AB80     241       0       0       0       0    5B97     3B7       0       0
  499999985                    15                    15             4.8284669E-05         1.0000000E+30           1664124       
 NEXT SEEDS: EE9AC42     241       0       0       0       0    5B97     3B7       0       0
  499999986                    14                    14             4.8284669E-05         1.0000000E+30           1664124       
 NEXT SEEDS: EE9AC4F     241       0       0       0       0    5B97     3B7       0       0
  499999987                    13                    13             4.8284673E-05         1.0000000E+30           1664124       
 NEXT SEEDS: EE9AC56     241       0       0       0       0    5B97     3B7       0       0
  499999988                    12                    12             4.8284672E-05         1.0000000E+30           1664124       
 NEXT SEEDS: EE9AC5D     241       0       0       0       0    5B97     3B7       0       0
  499999989                    11                    11             4.8284672E-05         1.0000000E+30           1664124       
 NEXT SEEDS: EE9AD32     241       0       0       0       0    5B97     3B7       0       0
  499999990                    10                    10             4.8284672E-05         1.0000000E+30           1664124       
 NEXT SEEDS: EE9AE08     241       0       0       0       0    5B97     3B7       0       0
  499999991                     9                     9             4.8284672E-05         1.0000000E+30           1664124       
 NEXT SEEDS: EE9AECC     241       0       0       0       0    5B97     3B7       0       0
  499999992                     8                     8             4.8284672E-05         1.0000000E+30           1664124       
 NEXT SEEDS: EE9B0B1     241       0       0       0       0    5B97     3B7       0       0
  499999993                     7                     7             4.8284672E-05         1.0000000E+30           1664124       
 NEXT SEEDS: EE9B18B     241       0       0       0       0    5B97     3B7       0       0
  499999994                     6                     6             4.8284672E-05         1.0000000E+30           1664124       
 NEXT SEEDS: EE9B256     241       0       0       0       0    5B97     3B7       0       0
  499999995                     5                     5             4.8284672E-05         1.0000000E+30           1664124       
 NEXT SEEDS: EE9B330     241       0       0       0       0    5B97     3B7       0       0
  499999996                     4                     4             4.8284676E-05         1.0000000E+30           1664124       
 NEXT SEEDS: EE9B40D     241       0       0       0       0    5B97     3B7       0       0
  499999997                     3                     3             4.8284675E-05         1.0000000E+30           1664124       
 NEXT SEEDS: EE9B4DB     241       0       0       0       0    5B97     3B7       0       0
  499999998                     2                     2             4.8284675E-05         1.0000000E+30           1664124       
 NEXT SEEDS: EE9B5B6     241       0       0       0       0    5B97     3B7       0       0
  499999999                     1                     1             4.8284675E-05         1.0000000E+30           1664124       
 NEXT SEEDS: EE9B68F     241       0       0       0       0    5B97     3B7       0       0
  500000000                     0                     1             4.8284675E-05         1.0000000E+30           1664124       
 NEXT SEEDS: EE9B770     241       0       0       0       0    5B97     3B7       0       0
