1NUMBER OF BEAM       NUMBER OF BEAM        APPROXIMATE NUMBER    AVERAGE TIME USED     TIME LEFT (RESERVED   NUMBER OF STARS
 PARTICLES HANDLED    PARTICLES LEFT        OF BEAM PARTICLES     BY A BEAM PARTICLE     10000.0 SECONDS      CREATED
                                            THAT CAN STILL BE                           FOR PRINTOUT)
                                            HANDLED

 NEXT SEEDS:1C2AD2D3     2A1       0       0       0       0    5B96     3B7       0       0
          1             499999999             499999999             2.1409988E-04         1.0000000E+30                 0       
 NEXT SEEDS:1C2AD3B0     2A1       0       0       0       0    5B96     3B7       0       0
   10000000             490000000             490000000             4.9807468E-05         1.0000000E+30             33350       
 NEXT SEEDS:17A88B6C     2A3       0       0       0       0    5B96     3B7       0       0
   20000000             480000000             480000000             4.9474552E-05         1.0000000E+30             66541       
 NEXT SEEDS:131FFBC8     2A5       0       0       0       0    5B96     3B7       0       0
   30000000             470000000             470000000             4.9518968E-05         1.0000000E+30             99742       
 NEXT SEEDS: E8E3E1E     2A7       0       0       0       0    5B96     3B7       0       0
   40000000             460000000             460000000             4.9532665E-05         1.0000000E+30            132938       
 NEXT SEEDS: A0B7236     2A9       0       0       0       0    5B96     3B7       0       0
   50000000             450000000             450000000             4.9524108E-05         1.0000000E+30            165904       
 NEXT SEEDS: 58196C3     2AB       0       0       0       0    5B96     3B7       0       0
   60000000             440000000             440000000             4.9489434E-05         1.0000000E+30            199260       
 NEXT SEEDS: 1012A18     2AD       0       0       0       0    5B96     3B7       0       0
   70000000             430000000             430000000             4.9527428E-05         1.0000000E+30            232452       
 NEXT SEEDS:38154869     2AE       0       0       0       0    5B96     3B7       0       0
   80000000             420000000             420000000             4.9603794E-05         1.0000000E+30            265622       
 NEXT SEEDS:3386FB52     2B0       0       0       0       0    5B96     3B7       0       0
   90000000             410000000             410000000             4.9543886E-05         1.0000000E+30            299082       
 NEXT SEEDS:2F03AD49     2B2       0       0       0       0    5B96     3B7       0       0
  100000000             400000000             400000000             4.9468419E-05         1.0000000E+30            332736       
 NEXT SEEDS:2A8B88C2     2B4       0       0       0       0    5B96     3B7       0       0
  110000000             390000000             390000000             4.9418555E-05         1.0000000E+30            365868       
 NEXT SEEDS:2607665A     2B6       0       0       0       0    5B96     3B7       0       0
  120000000             380000000             380000000             4.9393079E-05         1.0000000E+30            399511       
 NEXT SEEDS:218495B2     2B8       0       0       0       0    5B96     3B7       0       0
  130000000             370000000             370000000             4.9394115E-05         1.0000000E+30            432697       
 NEXT SEEDS:1CF80B3C     2BA       0       0       0       0    5B96     3B7       0       0
  140000000             360000000             360000000             4.9450932E-05         1.0000000E+30            466001       
 NEXT SEEDS:186D8536     2BC       0       0       0       0    5B96     3B7       0       0
  150000000             350000000             350000000             4.9349587E-05         1.0000000E+30            499605       
 NEXT SEEDS:13EE3290     2BE       0       0       0       0    5B96     3B7       0       0
  160000000             340000000             340000000             4.9284375E-05         1.0000000E+30            533036       
 NEXT SEEDS: F6F7B57     2C0       0       0       0       0    5B96     3B7       0       0
  170000000             330000000             330000000             4.9232106E-05         1.0000000E+30            566365       
 NEXT SEEDS: AF513DA     2C2       0       0       0       0    5B96     3B7       0       0
  180000000             320000000             320000000             4.9165924E-05         1.0000000E+30            599238       
 NEXT SEEDS: 668F40A     2C4       0       0       0       0    5B96     3B7       0       0
  190000000             310000000             310000000             4.9135270E-05         1.0000000E+30            632291       
 NEXT SEEDS: 1DD38BF     2C6       0       0       0       0    5B96     3B7       0       0
  200000000             300000000             300000000             4.9101065E-05         1.0000000E+30            665539       
 NEXT SEEDS:38F5B17E     2C7       0       0       0       0    5B96     3B7       0       0
  210000000             290000000             290000000             4.9082790E-05         1.0000000E+30            698404       
 NEXT SEEDS:3466B3ED     2C9       0       0       0       0    5B96     3B7       0       0
  220000000             280000000             280000000             4.9058670E-05         1.0000000E+30            731656       
 NEXT SEEDS:2FE58385     2CB       0       0       0       0    5B96     3B7       0       0
  230000000             270000000             270000000             4.9023332E-05         1.0000000E+30            765053       
 NEXT SEEDS:2B5F50C9     2CD       0       0       0       0    5B96     3B7       0       0
  240000000             260000000             260000000             4.8982833E-05         1.0000000E+30            798345       
 NEXT SEEDS:26E0D97E     2CF       0       0       0       0    5B96     3B7       0       0
  250000000             250000000             250000000             4.8944231E-05         1.0000000E+30            831715       
 NEXT SEEDS:225AEF4E     2D1       0       0       0       0    5B96     3B7       0       0
  260000000             240000000             240000000             4.8905097E-05         1.0000000E+30            864732       
 NEXT SEEDS:1DCD73A1     2D3       0       0       0       0    5B96     3B7       0       0
  270000000             230000000             230000000             4.8900785E-05         1.0000000E+30            897814       
 NEXT SEEDS:19477FD1     2D5       0       0       0       0    5B96     3B7       0       0
  280000000             220000000             220000000             4.8897534E-05         1.0000000E+30            931029       
 NEXT SEEDS:14C0547A     2D7       0       0       0       0    5B96     3B7       0       0
  290000000             210000000             210000000             4.8904627E-05         1.0000000E+30            964468       
 NEXT SEEDS:103CED8E     2D9       0       0       0       0    5B96     3B7       0       0
  300000000             200000000             200000000             4.8903474E-05         1.0000000E+30            997701       
 NEXT SEEDS: BB5F05C     2DB       0       0       0       0    5B96     3B7       0       0
  310000000             190000000             190000000             4.8888678E-05         1.0000000E+30           1031180       
 NEXT SEEDS: 733E580     2DD       0       0       0       0    5B96     3B7       0       0
  320000000             180000000             180000000             4.8866248E-05         1.0000000E+30           1064349       
 NEXT SEEDS: 2ABB3EA     2DF       0       0       0       0    5B96     3B7       0       0
  330000000             170000000             170000000             4.8856987E-05         1.0000000E+30           1097901       
 NEXT SEEDS:39CCC865     2E0       0       0       0       0    5B96     3B7       0       0
  340000000             160000000             160000000             4.8843374E-05         1.0000000E+30           1131344       
 NEXT SEEDS:3547383E     2E2       0       0       0       0    5B96     3B7       0       0
  350000000             150000000             150000000             4.8841738E-05         1.0000000E+30           1164111       
 NEXT SEEDS:30B688B3     2E4       0       0       0       0    5B96     3B7       0       0
  360000000             140000000             140000000             4.8847518E-05         1.0000000E+30           1197509       
 NEXT SEEDS:2C34A95C     2E6       0       0       0       0    5B96     3B7       0       0
  370000000             130000000             130000000             4.8844370E-05         1.0000000E+30           1230721       
 NEXT SEEDS:27A5869F     2E8       0       0       0       0    5B96     3B7       0       0
  380000000             120000000             120000000             4.8834434E-05         1.0000000E+30           1263802       
 NEXT SEEDS:2324D876     2EA       0       0       0       0    5B96     3B7       0       0
  390000000             110000000             110000000             4.8817275E-05         1.0000000E+30           1296898       
 NEXT SEEDS:1E9C8ABA     2EC       0       0       0       0    5B96     3B7       0       0
  400000000             100000000             100000000             4.8797586E-05         1.0000000E+30           1330191       
 NEXT SEEDS:1A12B1D2     2EE       0       0       0       0    5B96     3B7       0       0
  410000000              90000000              90000000             4.8778933E-05         1.0000000E+30           1363045       
 NEXT SEEDS:1585DCB9     2F0       0       0       0       0    5B96     3B7       0       0
  420000000              80000000              80000000             4.8766446E-05         1.0000000E+30           1396356       
 NEXT SEEDS:10FDC98F     2F2       0       0       0       0    5B96     3B7       0       0
  430000000              70000000              70000000             4.8758946E-05         1.0000000E+30           1429649       
 NEXT SEEDS: C768AE0     2F4       0       0       0       0    5B96     3B7       0       0
  440000000              60000000              60000000             4.8748746E-05         1.0000000E+30           1462745       
 NEXT SEEDS: 7EFE571     2F6       0       0       0       0    5B96     3B7       0       0
  450000000              50000000              50000000             4.8732159E-05         1.0000000E+30           1496230       
 NEXT SEEDS: 36B2A65     2F8       0       0       0       0    5B96     3B7       0       0
  460000000              40000000              40000000             4.8734318E-05         1.0000000E+30           1529323       
 NEXT SEEDS:3A768FF5     2F9       0       0       0       0    5B96     3B7       0       0
  470000000              30000000              30000000             4.8725355E-05         1.0000000E+30           1562975       
 NEXT SEEDS:35F9122A     2FB       0       0       0       0    5B96     3B7       0       0
  480000000              20000000              20000000             4.8722866E-05         1.0000000E+30           1596350       
 NEXT SEEDS:317447F2     2FD       0       0       0       0    5B96     3B7       0       0
  490000000              10000000              10000000             4.8716488E-05         1.0000000E+30           1629501       
 NEXT SEEDS:2CF3A22C     2FF       0       0       0       0    5B96     3B7       0       0
  499999950                    50                    50             4.8702105E-05         1.0000000E+30           1662905       
 NEXT SEEDS:28716901     301       0       0       0       0    5B96     3B7       0       0
  499999951                    49                    49             4.8702105E-05         1.0000000E+30           1662905       
 NEXT SEEDS:287169CC     301       0       0       0       0    5B96     3B7       0       0
  499999952                    48                    48             4.8702104E-05         1.0000000E+30           1662905       
 NEXT SEEDS:28716AB3     301       0       0       0       0    5B96     3B7       0       0
  499999953                    47                    47             4.8702104E-05         1.0000000E+30           1662905       
 NEXT SEEDS:28716B93     301       0       0       0       0    5B96     3B7       0       0
  499999954                    46                    46             4.8702104E-05         1.0000000E+30           1662905       
 NEXT SEEDS:28716C67     301       0       0       0       0    5B96     3B7       0       0
  499999955                    45                    45             4.8702104E-05         1.0000000E+30           1662905       
 NEXT SEEDS:28716D2A     301       0       0       0       0    5B96     3B7       0       0
  499999956                    44                    44             4.8702108E-05         1.0000000E+30           1662905       
 NEXT SEEDS:28716E0E     301       0       0       0       0    5B96     3B7       0       0
  499999957                    43                    43             4.8702108E-05         1.0000000E+30           1662905       
 NEXT SEEDS:28716EDA     301       0       0       0       0    5B96     3B7       0       0
  499999958                    42                    42             4.8702108E-05         1.0000000E+30           1662905       
 NEXT SEEDS:28716FB0     301       0       0       0       0    5B96     3B7       0       0
  499999959                    41                    41             4.8702108E-05         1.0000000E+30           1662905       
 NEXT SEEDS:2871707D     301       0       0       0       0    5B96     3B7       0       0
  499999960                    40                    40             4.8702108E-05         1.0000000E+30           1662905       
 NEXT SEEDS:28717152     301       0       0       0       0    5B96     3B7       0       0
  499999961                    39                    39             4.8702107E-05         1.0000000E+30           1662905       
 NEXT SEEDS:2871723C     301       0       0       0       0    5B96     3B7       0       0
  499999962                    38                    38             4.8702107E-05         1.0000000E+30           1662905       
 NEXT SEEDS:28717306     301       0       0       0       0    5B96     3B7       0       0
  499999963                    37                    37             4.8702107E-05         1.0000000E+30           1662905       
 NEXT SEEDS:287173D2     301       0       0       0       0    5B96     3B7       0       0
  499999964                    36                    36             4.8702111E-05         1.0000000E+30           1662906       
 NEXT SEEDS:28717CB1     301       0       0       0       0    5B96     3B7       0       0
  499999965                    35                    35             4.8702111E-05         1.0000000E+30           1662906       
 NEXT SEEDS:28717D8B     301       0       0       0       0    5B96     3B7       0       0
  499999966                    34                    34             4.8702111E-05         1.0000000E+30           1662906       
 NEXT SEEDS:28717E6C     301       0       0       0       0    5B96     3B7       0       0
  499999967                    33                    33             4.8702111E-05         1.0000000E+30           1662906       
 NEXT SEEDS:28717F32     301       0       0       0       0    5B96     3B7       0       0
  499999968                    32                    32             4.8702111E-05         1.0000000E+30           1662906       
 NEXT SEEDS:2871800C     301       0       0       0       0    5B96     3B7       0       0
  499999969                    31                    31             4.8702111E-05         1.0000000E+30           1662906       
 NEXT SEEDS:2871811A     301       0       0       0       0    5B96     3B7       0       0
  499999970                    30                    30             4.8702110E-05         1.0000000E+30           1662906       
 NEXT SEEDS:287181EF     301       0       0       0       0    5B96     3B7       0       0
  499999971                    29                    29             4.8702110E-05         1.0000000E+30           1662906       
 NEXT SEEDS:287182C9     301       0       0       0       0    5B96     3B7       0       0
  499999972                    28                    28             4.8702114E-05         1.0000000E+30           1662906       
 NEXT SEEDS:287183A7     301       0       0       0       0    5B96     3B7       0       0
  499999973                    27                    27             4.8702114E-05         1.0000000E+30           1662906       
 NEXT SEEDS:28718483     301       0       0       0       0    5B96     3B7       0       0
  499999974                    26                    26             4.8702114E-05         1.0000000E+30           1662906       
 NEXT SEEDS:28718565     301       0       0       0       0    5B96     3B7       0       0
  499999975                    25                    25             4.8702114E-05         1.0000000E+30           1662906       
 NEXT SEEDS:28718634     301       0       0       0       0    5B96     3B7       0       0
  499999976                    24                    24             4.8702114E-05         1.0000000E+30           1662906       
 NEXT SEEDS:28718707     301       0       0       0       0    5B96     3B7       0       0
  499999977                    23                    23             4.8702114E-05         1.0000000E+30           1662906       
 NEXT SEEDS:287187D2     301       0       0       0       0    5B96     3B7       0       0
  499999978                    22                    22             4.8702114E-05         1.0000000E+30           1662906       
 NEXT SEEDS:287188AE     301       0       0       0       0    5B96     3B7       0       0
  499999979                    21                    21             4.8702114E-05         1.0000000E+30           1662906       
 NEXT SEEDS:28718980     301       0       0       0       0    5B96     3B7       0       0
  499999980                    20                    20             4.8702113E-05         1.0000000E+30           1662906       
 NEXT SEEDS:28718A66     301       0       0       0       0    5B96     3B7       0       0
  499999981                    19                    19             4.8702117E-05         1.0000000E+30           1662906       
 NEXT SEEDS:28718B2E     301       0       0       0       0    5B96     3B7       0       0
  499999982                    18                    18             4.8702117E-05         1.0000000E+30           1662906       
 NEXT SEEDS:28718BF5     301       0       0       0       0    5B96     3B7       0       0
  499999983                    17                    17             4.8702117E-05         1.0000000E+30           1662906       
 NEXT SEEDS:28718CD6     301       0       0       0       0    5B96     3B7       0       0
  499999984                    16                    16             4.8702117E-05         1.0000000E+30           1662906       
 NEXT SEEDS:28718D9C     301       0       0       0       0    5B96     3B7       0       0
  499999985                    15                    15             4.8702117E-05         1.0000000E+30           1662906       
 NEXT SEEDS:28718DA5     301       0       0       0       0    5B96     3B7       0       0
  499999986                    14                    14             4.8702117E-05         1.0000000E+30           1662906       
 NEXT SEEDS:28718E73     301       0       0       0       0    5B96     3B7       0       0
  499999987                    13                    13             4.8702117E-05         1.0000000E+30           1662906       
 NEXT SEEDS:28718F5B     301       0       0       0       0    5B96     3B7       0       0
  499999988                    12                    12             4.8702117E-05         1.0000000E+30           1662906       
 NEXT SEEDS:2871902C     301       0       0       0       0    5B96     3B7       0       0
  499999989                    11                    11             4.8702116E-05         1.0000000E+30           1662906       
 NEXT SEEDS:28719107     301       0       0       0       0    5B96     3B7       0       0
  499999990                    10                    10             4.8702116E-05         1.0000000E+30           1662906       
 NEXT SEEDS:287191D8     301       0       0       0       0    5B96     3B7       0       0
  499999991                     9                     9             4.8702120E-05         1.0000000E+30           1662906       
 NEXT SEEDS:287192B1     301       0       0       0       0    5B96     3B7       0       0
  499999992                     8                     8             4.8702120E-05         1.0000000E+30           1662906       
 NEXT SEEDS:28719372     301       0       0       0       0    5B96     3B7       0       0
  499999993                     7                     7             4.8702120E-05         1.0000000E+30           1662906       
 NEXT SEEDS:28719458     301       0       0       0       0    5B96     3B7       0       0
  499999994                     6                     6             4.8702120E-05         1.0000000E+30           1662906       
 NEXT SEEDS:28719529     301       0       0       0       0    5B96     3B7       0       0
  499999995                     5                     5             4.8702120E-05         1.0000000E+30           1662906       
 NEXT SEEDS:287195F8     301       0       0       0       0    5B96     3B7       0       0
  499999996                     4                     4             4.8702120E-05         1.0000000E+30           1662906       
 NEXT SEEDS:287195FF     301       0       0       0       0    5B96     3B7       0       0
  499999997                     3                     3             4.8702120E-05         1.0000000E+30           1662906       
 NEXT SEEDS:287196D9     301       0       0       0       0    5B96     3B7       0       0
  499999998                     2                     2             4.8702119E-05         1.0000000E+30           1662906       
 NEXT SEEDS:287196E2     301       0       0       0       0    5B96     3B7       0       0
  499999999                     1                     1             4.8702119E-05         1.0000000E+30           1662906       
 NEXT SEEDS:287197B5     301       0       0       0       0    5B96     3B7       0       0
  500000000                     0                     1             4.8702123E-05         1.0000000E+30           1662906       
 NEXT SEEDS:2871989B     301       0       0       0       0    5B96     3B7       0       0
