1NUMBER OF BEAM       NUMBER OF BEAM        APPROXIMATE NUMBER    AVERAGE TIME USED     TIME LEFT (RESERVED   NUMBER OF STARS
 PARTICLES HANDLED    PARTICLES LEFT        OF BEAM PARTICLES     BY A BEAM PARTICLE     10000.0 SECONDS      CREATED
                                            THAT CAN STILL BE                           FOR PRINTOUT)
                                            HANDLED

 NEXT SEEDS:27AA8571     301       0       0       0       0    5B98     3B7       0       0
          1             499999999             499999999             6.8187714E-05         1.0000000E+30                 0       
 NEXT SEEDS:27AA8578     301       0       0       0       0    5B98     3B7       0       0
   10000000             490000000             490000000             4.8497382E-05         1.0000000E+30             33354       
 NEXT SEEDS:232507C2     303       0       0       0       0    5B98     3B7       0       0
   20000000             480000000             480000000             4.8167831E-05         1.0000000E+30             66477       
 NEXT SEEDS:1EA22E33     305       0       0       0       0    5B98     3B7       0       0
   30000000             470000000             470000000             4.8222544E-05         1.0000000E+30             99950       
 NEXT SEEDS:1A22F84B     307       0       0       0       0    5B98     3B7       0       0
   40000000             460000000             460000000             4.8208543E-05         1.0000000E+30            132830       
 NEXT SEEDS:159698C4     309       0       0       0       0    5B98     3B7       0       0
   50000000             450000000             450000000             4.8187675E-05         1.0000000E+30            166136       
 NEXT SEEDS:110B2A97     30B       0       0       0       0    5B98     3B7       0       0
   60000000             440000000             440000000             4.8223481E-05         1.0000000E+30            199395       
 NEXT SEEDS: C85185C     30D       0       0       0       0    5B98     3B7       0       0
   70000000             430000000             430000000             4.8238748E-05         1.0000000E+30            232561       
 NEXT SEEDS: 7F94A46     30F       0       0       0       0    5B98     3B7       0       0
   80000000             420000000             420000000             4.8204833E-05         1.0000000E+30            265946       
 NEXT SEEDS: 3795FB4     311       0       0       0       0    5B98     3B7       0       0
   90000000             410000000             410000000             4.8249072E-05         1.0000000E+30            299840       
 NEXT SEEDS:3A9B18A9     312       0       0       0       0    5B98     3B7       0       0
  100000000             400000000             400000000             4.8240390E-05         1.0000000E+30            332850       
 NEXT SEEDS:36145121     314       0       0       0       0    5B98     3B7       0       0
  110000000             390000000             390000000             4.8259485E-05         1.0000000E+30            366138       
 NEXT SEEDS:319194CE     316       0       0       0       0    5B98     3B7       0       0
  120000000             380000000             380000000             4.8287003E-05         1.0000000E+30            399120       
 NEXT SEEDS:2D037433     318       0       0       0       0    5B98     3B7       0       0
  130000000             370000000             370000000             4.8284457E-05         1.0000000E+30            432445       
 NEXT SEEDS:2889D143     31A       0       0       0       0    5B98     3B7       0       0
  140000000             360000000             360000000             4.8315921E-05         1.0000000E+30            465667       
 NEXT SEEDS:2405DFD0     31C       0       0       0       0    5B98     3B7       0       0
  150000000             350000000             350000000             4.8328050E-05         1.0000000E+30            498974       
 NEXT SEEDS:1F810F05     31E       0       0       0       0    5B98     3B7       0       0
  *** Rcfset:kprin,bfcmax,epat00,ppat00,ravpot           1 -0.10901218584646233       0.94265465764828604        9.0790285126060549E-002   12.440777676959296     
  ***RCFSET:EPAT00,VCOUMX,AM(KPRIN),KPRIN  0.94265465764828604        4.4750558749314462E-003  0.93827231000000000                1
  160000000             340000000             340000000             4.8318487E-05         1.0000000E+30            532079       
 NEXT SEEDS:1AF5F474     320       0       0       0       0    5B98     3B7       0       0
  170000000             330000000             330000000             4.8310587E-05         1.0000000E+30            565473       
 NEXT SEEDS:167A7BD5     322       0       0       0       0    5B98     3B7       0       0
  180000000             320000000             320000000             4.8319813E-05         1.0000000E+30            598876       
 NEXT SEEDS:11F6F24A     324       0       0       0       0    5B98     3B7       0       0
  190000000             310000000             310000000             4.8296880E-05         1.0000000E+30            631759       
 NEXT SEEDS: D66278D     326       0       0       0       0    5B98     3B7       0       0
  200000000             300000000             300000000             4.8287212E-05         1.0000000E+30            664812       
 NEXT SEEDS: 8DF6B18     328       0       0       0       0    5B98     3B7       0       0
  210000000             290000000             290000000             4.8293736E-05         1.0000000E+30            697924       
 NEXT SEEDS: 456BE42     32A       0       0       0       0    5B98     3B7       0       0
  220000000             280000000             280000000             4.8278937E-05         1.0000000E+30            731244       
 NEXT SEEDS:3B6AC28F     32B       0       0       0       0    5B98     3B7       0       0
  230000000             270000000             270000000             4.8265646E-05         1.0000000E+30            764536       
 NEXT SEEDS:36EEE7C4     32D       0       0       0       0    5B98     3B7       0       0
  240000000             260000000             260000000             4.8246061E-05         1.0000000E+30            797276       
 NEXT SEEDS:32600FE5     32F       0       0       0       0    5B98     3B7       0       0
  250000000             250000000             250000000             4.8237078E-05         1.0000000E+30            830680       
 NEXT SEEDS:2DD9AA18     331       0       0       0       0    5B98     3B7       0       0
  260000000             240000000             240000000             4.8224936E-05         1.0000000E+30            863933       
 NEXT SEEDS:29598715     333       0       0       0       0    5B98     3B7       0       0
  270000000             230000000             230000000             4.8210955E-05         1.0000000E+30            897165       
 NEXT SEEDS:24D841E3     335       0       0       0       0    5B98     3B7       0       0
  280000000             220000000             220000000             4.8301677E-05         1.0000000E+30            930386       
 NEXT SEEDS:204E0671     337       0       0       0       0    5B98     3B7       0       0
  290000000             210000000             210000000             4.8302108E-05         1.0000000E+30            963875       
 NEXT SEEDS:1BCEA75F     339       0       0       0       0    5B98     3B7       0       0
  300000000             200000000             200000000             4.8298776E-05         1.0000000E+30            996955       
 NEXT SEEDS:17488E96     33B       0       0       0       0    5B98     3B7       0       0
  310000000             190000000             190000000             4.8295599E-05         1.0000000E+30           1030324       
 NEXT SEEDS:12C506E5     33D       0       0       0       0    5B98     3B7       0       0
  320000000             180000000             180000000             4.8288751E-05         1.0000000E+30           1063560       
 NEXT SEEDS: E4476F6     33F       0       0       0       0    5B98     3B7       0       0
  330000000             170000000             170000000             4.8309600E-05         1.0000000E+30           1096918       
 NEXT SEEDS: 9BC88D1     341       0       0       0       0    5B98     3B7       0       0
  340000000             160000000             160000000             4.8306307E-05         1.0000000E+30           1130103       
 NEXT SEEDS: 53C7E47     343       0       0       0       0    5B98     3B7       0       0
  350000000             150000000             150000000             4.8307606E-05         1.0000000E+30           1163299       
 NEXT SEEDS:  B60B3F     345       0       0       0       0    5B98     3B7       0       0
  360000000             140000000             140000000             4.8317307E-05         1.0000000E+30           1196509       
 NEXT SEEDS:37C71ED2     346       0       0       0       0    5B98     3B7       0       0
  370000000             130000000             130000000             4.8331413E-05         1.0000000E+30           1230041       
 NEXT SEEDS:334FA328     348       0       0       0       0    5B98     3B7       0       0
  380000000             120000000             120000000             4.8349044E-05         1.0000000E+30           1263273       
 NEXT SEEDS:2ECAC03D     34A       0       0       0       0    5B98     3B7       0       0
  390000000             110000000             110000000             4.8354302E-05         1.0000000E+30           1297206       
 NEXT SEEDS:2A50B612     34C       0       0       0       0    5B98     3B7       0       0
  400000000             100000000             100000000             4.8354619E-05         1.0000000E+30           1330162       
 NEXT SEEDS:25C86436     34E       0       0       0       0    5B98     3B7       0       0
  410000000              90000000              90000000             4.8352439E-05         1.0000000E+30           1363525       
 NEXT SEEDS:21438EE7     350       0       0       0       0    5B98     3B7       0       0
  420000000              80000000              80000000             4.8352925E-05         1.0000000E+30           1396603       
 NEXT SEEDS:1CBF7244     352       0       0       0       0    5B98     3B7       0       0
  430000000              70000000              70000000             4.8370676E-05         1.0000000E+30           1429774       
 NEXT SEEDS:183A976F     354       0       0       0       0    5B98     3B7       0       0
  440000000              60000000              60000000             4.8374281E-05         1.0000000E+30           1463164       
 NEXT SEEDS:13BA59E3     356       0       0       0       0    5B98     3B7       0       0
  450000000              50000000              50000000             4.8372973E-05         1.0000000E+30           1496194       
 NEXT SEEDS: F323ACF     358       0       0       0       0    5B98     3B7       0       0
  460000000              40000000              40000000             4.8370266E-05         1.0000000E+30           1529364       
 NEXT SEEDS: AACAE6B     35A       0       0       0       0    5B98     3B7       0       0
  470000000              30000000              30000000             4.8374086E-05         1.0000000E+30           1562508       
 NEXT SEEDS: 625F56A     35C       0       0       0       0    5B98     3B7       0       0
  480000000              20000000              20000000             4.8358878E-05         1.0000000E+30           1596141       
 NEXT SEEDS: 1AA95CF     35E       0       0       0       0    5B98     3B7       0       0
  490000000              10000000              10000000             4.8343913E-05         1.0000000E+30           1629862       
 NEXT SEEDS:38C44EA4     35F       0       0       0       0    5B98     3B7       0       0
  499999950                    50                    50             4.8345220E-05         1.0000000E+30           1662964       
 NEXT SEEDS:343FA153     361       0       0       0       0    5B98     3B7       0       0
  499999951                    49                    49             4.8345219E-05         1.0000000E+30           1662964       
 NEXT SEEDS:343FA223     361       0       0       0       0    5B98     3B7       0       0
  499999952                    48                    48             4.8345223E-05         1.0000000E+30           1662964       
 NEXT SEEDS:343FA2F3     361       0       0       0       0    5B98     3B7       0       0
  499999953                    47                    47             4.8345223E-05         1.0000000E+30           1662964       
 NEXT SEEDS:343FA3C5     361       0       0       0       0    5B98     3B7       0       0
  499999954                    46                    46             4.8345223E-05         1.0000000E+30           1662964       
 NEXT SEEDS:343FA3CE     361       0       0       0       0    5B98     3B7       0       0
  499999955                    45                    45             4.8345223E-05         1.0000000E+30           1662964       
 NEXT SEEDS:343FA3D5     361       0       0       0       0    5B98     3B7       0       0
  499999956                    44                    44             4.8345223E-05         1.0000000E+30           1662964       
 NEXT SEEDS:343FA49C     361       0       0       0       0    5B98     3B7       0       0
  499999957                    43                    43             4.8345223E-05         1.0000000E+30           1662964       
 NEXT SEEDS:343FA566     361       0       0       0       0    5B98     3B7       0       0
  499999958                    42                    42             4.8345223E-05         1.0000000E+30           1662964       
 NEXT SEEDS:343FA634     361       0       0       0       0    5B98     3B7       0       0
  499999959                    41                    41             4.8345223E-05         1.0000000E+30           1662964       
 NEXT SEEDS:343FA70D     361       0       0       0       0    5B98     3B7       0       0
  499999960                    40                    40             4.8345222E-05         1.0000000E+30           1662964       
 NEXT SEEDS:343FA7A3     361       0       0       0       0    5B98     3B7       0       0
  499999961                    39                    39             4.8345222E-05         1.0000000E+30           1662964       
 NEXT SEEDS:343FA888     361       0       0       0       0    5B98     3B7       0       0
  499999962                    38                    38             4.8345226E-05         1.0000000E+30           1662964       
 NEXT SEEDS:343FA95B     361       0       0       0       0    5B98     3B7       0       0
  499999963                    37                    37             4.8345226E-05         1.0000000E+30           1662964       
 NEXT SEEDS:343FAA32     361       0       0       0       0    5B98     3B7       0       0
  499999964                    36                    36             4.8345226E-05         1.0000000E+30           1662964       
 NEXT SEEDS:343FAB0C     361       0       0       0       0    5B98     3B7       0       0
  499999965                    35                    35             4.8345226E-05         1.0000000E+30           1662964       
 NEXT SEEDS:343FABE2     361       0       0       0       0    5B98     3B7       0       0
  499999966                    34                    34             4.8345226E-05         1.0000000E+30           1662964       
 NEXT SEEDS:343FACB5     361       0       0       0       0    5B98     3B7       0       0
  499999967                    33                    33             4.8345226E-05         1.0000000E+30           1662964       
 NEXT SEEDS:343FAD8E     361       0       0       0       0    5B98     3B7       0       0
  499999968                    32                    32             4.8345226E-05         1.0000000E+30           1662964       
 NEXT SEEDS:343FAE5E     361       0       0       0       0    5B98     3B7       0       0
  499999969                    31                    31             4.8345226E-05         1.0000000E+30           1662964       
 NEXT SEEDS:343FAE65     361       0       0       0       0    5B98     3B7       0       0
  499999970                    30                    30             4.8345225E-05         1.0000000E+30           1662964       
 NEXT SEEDS:343FAF62     361       0       0       0       0    5B98     3B7       0       0
  499999971                    29                    29             4.8345225E-05         1.0000000E+30           1662964       
 NEXT SEEDS:343FB01D     361       0       0       0       0    5B98     3B7       0       0
  499999972                    28                    28             4.8345225E-05         1.0000000E+30           1662964       
 NEXT SEEDS:343FB024     361       0       0       0       0    5B98     3B7       0       0
  499999973                    27                    27             4.8345229E-05         1.0000000E+30           1662964       
 NEXT SEEDS:343FB0E6     361       0       0       0       0    5B98     3B7       0       0
  499999974                    26                    26             4.8345229E-05         1.0000000E+30           1662964       
 NEXT SEEDS:343FB1BA     361       0       0       0       0    5B98     3B7       0       0
  499999975                    25                    25             4.8345229E-05         1.0000000E+30           1662964       
 NEXT SEEDS:343FB282     361       0       0       0       0    5B98     3B7       0       0
  499999976                    24                    24             4.8345229E-05         1.0000000E+30           1662964       
 NEXT SEEDS:343FB34C     361       0       0       0       0    5B98     3B7       0       0
  499999977                    23                    23             4.8345229E-05         1.0000000E+30           1662964       
 NEXT SEEDS:343FB357     361       0       0       0       0    5B98     3B7       0       0
  499999978                    22                    22             4.8345229E-05         1.0000000E+30           1662964       
 NEXT SEEDS:343FB43B     361       0       0       0       0    5B98     3B7       0       0
  499999979                    21                    21             4.8345228E-05         1.0000000E+30           1662964       
 NEXT SEEDS:343FB506     361       0       0       0       0    5B98     3B7       0       0
  499999980                    20                    20             4.8345232E-05         1.0000000E+30           1662964       
 NEXT SEEDS:343FB5DD     361       0       0       0       0    5B98     3B7       0       0
  499999981                    19                    19             4.8345232E-05         1.0000000E+30           1662964       
 NEXT SEEDS:343FB69B     361       0       0       0       0    5B98     3B7       0       0
  499999982                    18                    18             4.8345232E-05         1.0000000E+30           1662964       
 NEXT SEEDS:343FB74F     361       0       0       0       0    5B98     3B7       0       0
  499999983                    17                    17             4.8345232E-05         1.0000000E+30           1662964       
 NEXT SEEDS:343FB822     361       0       0       0       0    5B98     3B7       0       0
  499999984                    16                    16             4.8345232E-05         1.0000000E+30           1662964       
 NEXT SEEDS:343FB909     361       0       0       0       0    5B98     3B7       0       0
  499999985                    15                    15             4.8345232E-05         1.0000000E+30           1662964       
 NEXT SEEDS:343FB9D0     361       0       0       0       0    5B98     3B7       0       0
  499999986                    14                    14             4.8345232E-05         1.0000000E+30           1662964       
 NEXT SEEDS:343FBAA5     361       0       0       0       0    5B98     3B7       0       0
  499999987                    13                    13             4.8345232E-05         1.0000000E+30           1662964       
 NEXT SEEDS:343FBAAC     361       0       0       0       0    5B98     3B7       0       0
  499999988                    12                    12             4.8345232E-05         1.0000000E+30           1662964       
 NEXT SEEDS:343FBB73     361       0       0       0       0    5B98     3B7       0       0
  499999989                    11                    11             4.8345231E-05         1.0000000E+30           1662964       
 NEXT SEEDS:343FBC71     361       0       0       0       0    5B98     3B7       0       0
  499999990                    10                    10             4.8345231E-05         1.0000000E+30           1662964       
 NEXT SEEDS:343FBD32     361       0       0       0       0    5B98     3B7       0       0
  499999991                     9                     9             4.8345235E-05         1.0000000E+30           1662964       
 NEXT SEEDS:343FBE16     361       0       0       0       0    5B98     3B7       0       0
  499999992                     8                     8             4.8345235E-05         1.0000000E+30           1662964       
 NEXT SEEDS:343FBEEA     361       0       0       0       0    5B98     3B7       0       0
  499999993                     7                     7             4.8345235E-05         1.0000000E+30           1662964       
 NEXT SEEDS:343FBFD1     361       0       0       0       0    5B98     3B7       0       0
  499999994                     6                     6             4.8345235E-05         1.0000000E+30           1662964       
 NEXT SEEDS:343FC09F     361       0       0       0       0    5B98     3B7       0       0
  499999995                     5                     5             4.8345235E-05         1.0000000E+30           1662964       
 NEXT SEEDS:343FC1AC     361       0       0       0       0    5B98     3B7       0       0
  499999996                     4                     4             4.8345235E-05         1.0000000E+30           1662964       
 NEXT SEEDS:343FC285     361       0       0       0       0    5B98     3B7       0       0
  499999997                     3                     3             4.8345235E-05         1.0000000E+30           1662964       
 NEXT SEEDS:343FC340     361       0       0       0       0    5B98     3B7       0       0
  499999998                     2                     2             4.8345234E-05         1.0000000E+30           1662964       
 NEXT SEEDS:343FC412     361       0       0       0       0    5B98     3B7       0       0
  499999999                     1                     1             4.8345234E-05         1.0000000E+30           1662964       
 NEXT SEEDS:343FC4EA     361       0       0       0       0    5B98     3B7       0       0
  500000000                     0                     1             4.8345234E-05         1.0000000E+30           1662964       
 NEXT SEEDS:343FC5C9     361       0       0       0       0    5B98     3B7       0       0
