1NUMBER OF BEAM       NUMBER OF BEAM        APPROXIMATE NUMBER    AVERAGE TIME USED     TIME LEFT (RESERVED   NUMBER OF STARS
 PARTICLES HANDLED    PARTICLES LEFT        OF BEAM PARTICLES     BY A BEAM PARTICLE     10000.0 SECONDS      CREATED
                                            THAT CAN STILL BE                           FOR PRINTOUT)
                                            HANDLED

 NEXT SEEDS:1B92913C     2A1       0       0       0       0    5B98     3B7       0       0
          1             499999999             499999999             1.5020370E-04         1.0000000E+30                 0       
 NEXT SEEDS:1B929217     2A1       0       0       0       0    5B98     3B7       0       0
   10000000             490000000             490000000             4.8042956E-05         1.0000000E+30             33354       
 NEXT SEEDS:17115296     2A3       0       0       0       0    5B98     3B7       0       0
   20000000             480000000             480000000             4.7730449E-05         1.0000000E+30             66274       
 NEXT SEEDS:128C42D0     2A5       0       0       0       0    5B98     3B7       0       0
   30000000             470000000             470000000             4.7682628E-05         1.0000000E+30             99403       
 NEXT SEEDS: E07F858     2A7       0       0       0       0    5B98     3B7       0       0
   40000000             460000000             460000000             4.7610229E-05         1.0000000E+30            132371       
 NEXT SEEDS: 9806E4C     2A9       0       0       0       0    5B98     3B7       0       0
   50000000             450000000             450000000             4.7603500E-05         1.0000000E+30            165470       
 NEXT SEEDS: 4F68A3F     2AB       0       0       0       0    5B98     3B7       0       0
   60000000             440000000             440000000             4.7694156E-05         1.0000000E+30            198498       
 NEXT SEEDS:  6C1DDD     2AD       0       0       0       0    5B98     3B7       0       0
   70000000             430000000             430000000             4.7748238E-05         1.0000000E+30            231886       
 NEXT SEEDS:37896298     2AE       0       0       0       0    5B98     3B7       0       0
   80000000             420000000             420000000             4.7714678E-05         1.0000000E+30            265622       
 NEXT SEEDS:331004CD     2B0       0       0       0       0    5B98     3B7       0       0
   90000000             410000000             410000000             4.7817659E-05         1.0000000E+30            298753       
 NEXT SEEDS:2E86F7FE     2B2       0       0       0       0    5B98     3B7       0       0
  100000000             400000000             400000000             4.7850962E-05         1.0000000E+30            331838       
 NEXT SEEDS:29FC57AE     2B4       0       0       0       0    5B98     3B7       0       0
  110000000             390000000             390000000             4.7855131E-05         1.0000000E+30            365164       
 NEXT SEEDS:257B64D7     2B6       0       0       0       0    5B98     3B7       0       0
  120000000             380000000             380000000             4.7877795E-05         1.0000000E+30            398154       
 NEXT SEEDS:20FB7632     2B8       0       0       0       0    5B98     3B7       0       0
  130000000             370000000             370000000             4.7920260E-05         1.0000000E+30            431409       
 NEXT SEEDS:1C71FF5B     2BA       0       0       0       0    5B98     3B7       0       0
  140000000             360000000             360000000             4.8086750E-05         1.0000000E+30            464407       
 NEXT SEEDS:17DFF1C6     2BC       0       0       0       0    5B98     3B7       0       0
  150000000             350000000             350000000             4.8081579E-05         1.0000000E+30            497708       
 NEXT SEEDS:13581187     2BE       0       0       0       0    5B98     3B7       0       0
  160000000             340000000             340000000             4.8044446E-05         1.0000000E+30            531072       
 NEXT SEEDS: ECD78CF     2C0       0       0       0       0    5B98     3B7       0       0
  170000000             330000000             330000000             4.8002654E-05         1.0000000E+30            564320       
 NEXT SEEDS: A4836EF     2C2       0       0       0       0    5B98     3B7       0       0
  180000000             320000000             320000000             4.7953222E-05         1.0000000E+30            597445       
 NEXT SEEDS: 5C3CAE4     2C4       0       0       0       0    5B98     3B7       0       0
  190000000             310000000             310000000             4.7922127E-05         1.0000000E+30            630776       
 NEXT SEEDS: 143E698     2C6       0       0       0       0    5B98     3B7       0       0
  200000000             300000000             300000000             4.7897309E-05         1.0000000E+30            663764       
 NEXT SEEDS:38532D04     2C7       0       0       0       0    5B98     3B7       0       0
  210000000             290000000             290000000             4.7877106E-05         1.0000000E+30            696928       
 NEXT SEEDS:33CFECE0     2C9       0       0       0       0    5B98     3B7       0       0
  220000000             280000000             280000000             4.7920192E-05         1.0000000E+30            729998       
 NEXT SEEDS:2F41DC04     2CB       0       0       0       0    5B98     3B7       0       0
  230000000             270000000             270000000             4.7971034E-05         1.0000000E+30            763384       
 NEXT SEEDS:2AC0BC28     2CD       0       0       0       0    5B98     3B7       0       0
  240000000             260000000             260000000             4.7982263E-05         1.0000000E+30            796049       
 NEXT SEEDS:262AF95B     2CF       0       0       0       0    5B98     3B7       0       0
  250000000             250000000             250000000             4.7993890E-05         1.0000000E+30            829560       
 NEXT SEEDS:21A63F8E     2D1       0       0       0       0    5B98     3B7       0       0
  260000000             240000000             240000000             4.8015723E-05         1.0000000E+30            862881       
 NEXT SEEDS:1D240DEC     2D3       0       0       0       0    5B98     3B7       0       0
  270000000             230000000             230000000             4.8061487E-05         1.0000000E+30            896037       
 NEXT SEEDS:18966169     2D5       0       0       0       0    5B98     3B7       0       0
  280000000             220000000             220000000             4.8100300E-05         1.0000000E+30            929228       
 NEXT SEEDS:1409986B     2D7       0       0       0       0    5B98     3B7       0       0
  290000000             210000000             210000000             4.8159843E-05         1.0000000E+30            962329       
 NEXT SEEDS: F8426F9     2D9       0       0       0       0    5B98     3B7       0       0
  300000000             200000000             200000000             4.8187689E-05         1.0000000E+30            995245       
 NEXT SEEDS: AF47794     2DB       0       0       0       0    5B98     3B7       0       0
  310000000             190000000             190000000             4.8207434E-05         1.0000000E+30           1028268       
 NEXT SEEDS: 667AC58     2DD       0       0       0       0    5B98     3B7       0       0
  320000000             180000000             180000000             4.8234866E-05         1.0000000E+30           1061287       
 NEXT SEEDS: 1D78FDB     2DF       0       0       0       0    5B98     3B7       0       0
  330000000             170000000             170000000             4.8253371E-05         1.0000000E+30           1094368       
 NEXT SEEDS:38EB1241     2E0       0       0       0       0    5B98     3B7       0       0
  340000000             160000000             160000000             4.8274354E-05         1.0000000E+30           1127816       
 NEXT SEEDS:346E60AF     2E2       0       0       0       0    5B98     3B7       0       0
  350000000             150000000             150000000             4.8298016E-05         1.0000000E+30           1161138       
 NEXT SEEDS:2FEB31DB     2E4       0       0       0       0    5B98     3B7       0       0
  360000000             140000000             140000000             4.8325230E-05         1.0000000E+30           1194406       
 NEXT SEEDS:2B6B558D     2E6       0       0       0       0    5B98     3B7       0       0
  370000000             130000000             130000000             4.8329342E-05         1.0000000E+30           1227296       
 NEXT SEEDS:26DF38AE     2E8       0       0       0       0    5B98     3B7       0       0
  380000000             120000000             120000000             4.8345109E-05         1.0000000E+30           1260798       
 NEXT SEEDS:226243FF     2EA       0       0       0       0    5B98     3B7       0       0
  390000000             110000000             110000000             4.8319098E-05         1.0000000E+30           1293921       
 NEXT SEEDS:1DDA84E6     2EC       0       0       0       0    5B98     3B7       0       0
  400000000             100000000             100000000             4.8294709E-05         1.0000000E+30           1326999       
 NEXT SEEDS:19516607     2EE       0       0       0       0    5B98     3B7       0       0
  410000000              90000000              90000000             4.8282762E-05         1.0000000E+30           1360492       
 NEXT SEEDS:14CCAA5F     2F0       0       0       0       0    5B98     3B7       0       0
  420000000              80000000              80000000             4.8255424E-05         1.0000000E+30           1393727       
 NEXT SEEDS:10456AEF     2F2       0       0       0       0    5B98     3B7       0       0
  430000000              70000000              70000000             4.8250297E-05         1.0000000E+30           1426810       
 NEXT SEEDS: BBDFDD2     2F4       0       0       0       0    5B98     3B7       0       0
  440000000              60000000              60000000             4.8227728E-05         1.0000000E+30           1460253       
 NEXT SEEDS: 7366B19     2F6       0       0       0       0    5B98     3B7       0       0
  450000000              50000000              50000000             4.8212776E-05         1.0000000E+30           1493634       
 NEXT SEEDS: 2B4DA60     2F8       0       0       0       0    5B98     3B7       0       0
  460000000              40000000              40000000             4.8208795E-05         1.0000000E+30           1526893       
 NEXT SEEDS:39C781CF     2F9       0       0       0       0    5B98     3B7       0       0
  470000000              30000000              30000000             4.8213337E-05         1.0000000E+30           1560003       
 NEXT SEEDS:353606F0     2FB       0       0       0       0    5B98     3B7       0       0
  480000000              20000000              20000000             4.8220363E-05         1.0000000E+30           1593222       
 NEXT SEEDS:30B4BAB9     2FD       0       0       0       0    5B98     3B7       0       0
  490000000              10000000              10000000             4.8238578E-05         1.0000000E+30           1626385       
 NEXT SEEDS:2C3093AA     2FF       0       0       0       0    5B98     3B7       0       0
  499999950                    50                    50             4.8225077E-05         1.0000000E+30           1659797       
 NEXT SEEDS:27AA5CFC     301       0       0       0       0    5B98     3B7       0       0
  499999951                    49                    49             4.8225077E-05         1.0000000E+30           1659797       
 NEXT SEEDS:27AA5DD5     301       0       0       0       0    5B98     3B7       0       0
  499999952                    48                    48             4.8225077E-05         1.0000000E+30           1659797       
 NEXT SEEDS:27AA5EAC     301       0       0       0       0    5B98     3B7       0       0
  499999953                    47                    47             4.8225077E-05         1.0000000E+30           1659797       
 NEXT SEEDS:27AA5F7B     301       0       0       0       0    5B98     3B7       0       0
  499999954                    46                    46             4.8225081E-05         1.0000000E+30           1659797       
 NEXT SEEDS:27AA6050     301       0       0       0       0    5B98     3B7       0       0
  499999955                    45                    45             4.8225080E-05         1.0000000E+30           1659797       
 NEXT SEEDS:27AA612A     301       0       0       0       0    5B98     3B7       0       0
  499999956                    44                    44             4.8225080E-05         1.0000000E+30           1659797       
 NEXT SEEDS:27AA61F7     301       0       0       0       0    5B98     3B7       0       0
  499999957                    43                    43             4.8225080E-05         1.0000000E+30           1659797       
 NEXT SEEDS:27AA61FE     301       0       0       0       0    5B98     3B7       0       0
  499999958                    42                    42             4.8225080E-05         1.0000000E+30           1659797       
 NEXT SEEDS:27AA62D9     301       0       0       0       0    5B98     3B7       0       0
  499999959                    41                    41             4.8225080E-05         1.0000000E+30           1659797       
 NEXT SEEDS:27AA63A3     301       0       0       0       0    5B98     3B7       0       0
  499999960                    40                    40             4.8225080E-05         1.0000000E+30           1659797       
 NEXT SEEDS:27AA6484     301       0       0       0       0    5B98     3B7       0       0
  499999961                    39                    39             4.8225080E-05         1.0000000E+30           1659797       
 NEXT SEEDS:27AA6554     301       0       0       0       0    5B98     3B7       0       0
  499999962                    38                    38             4.8225080E-05         1.0000000E+30           1659797       
 NEXT SEEDS:27AA663A     301       0       0       0       0    5B98     3B7       0       0
  499999963                    37                    37             4.8225080E-05         1.0000000E+30           1659797       
 NEXT SEEDS:27AA6715     301       0       0       0       0    5B98     3B7       0       0
  499999964                    36                    36             4.8225080E-05         1.0000000E+30           1659797       
 NEXT SEEDS:27AA6720     301       0       0       0       0    5B98     3B7       0       0
  499999965                    35                    35             4.8225083E-05         1.0000000E+30           1659797       
 NEXT SEEDS:27AA6727     301       0       0       0       0    5B98     3B7       0       0
  499999966                    34                    34             4.8225083E-05         1.0000000E+30           1659797       
 NEXT SEEDS:27AA6814     301       0       0       0       0    5B98     3B7       0       0
  499999967                    33                    33             4.8225083E-05         1.0000000E+30           1659797       
 NEXT SEEDS:27AA68F9     301       0       0       0       0    5B98     3B7       0       0
  499999968                    32                    32             4.8225083E-05         1.0000000E+30           1659797       
 NEXT SEEDS:27AA69CA     301       0       0       0       0    5B98     3B7       0       0
  499999969                    31                    31             4.8225083E-05         1.0000000E+30           1659797       
 NEXT SEEDS:27AA6AA1     301       0       0       0       0    5B98     3B7       0       0
  499999970                    30                    30             4.8225083E-05         1.0000000E+30           1659797       
 NEXT SEEDS:27AA6B74     301       0       0       0       0    5B98     3B7       0       0
  499999971                    29                    29             4.8225083E-05         1.0000000E+30           1659797       
 NEXT SEEDS:27AA6C56     301       0       0       0       0    5B98     3B7       0       0
  499999972                    28                    28             4.8225083E-05         1.0000000E+30           1659797       
 NEXT SEEDS:27AA6D1E     301       0       0       0       0    5B98     3B7       0       0
  499999973                    27                    27             4.8225083E-05         1.0000000E+30           1659797       
 NEXT SEEDS:27AA6DF4     301       0       0       0       0    5B98     3B7       0       0
  499999974                    26                    26             4.8225083E-05         1.0000000E+30           1659797       
 NEXT SEEDS:27AA6EBD     301       0       0       0       0    5B98     3B7       0       0
  499999975                    25                    25             4.8225086E-05         1.0000000E+30           1659797       
 NEXT SEEDS:27AA6F85     301       0       0       0       0    5B98     3B7       0       0
  499999976                    24                    24             4.8225086E-05         1.0000000E+30           1659797       
 NEXT SEEDS:27AA7056     301       0       0       0       0    5B98     3B7       0       0
  499999977                    23                    23             4.8225086E-05         1.0000000E+30           1659797       
 NEXT SEEDS:27AA712F     301       0       0       0       0    5B98     3B7       0       0
  499999978                    22                    22             4.8225086E-05         1.0000000E+30           1659797       
 NEXT SEEDS:27AA71F4     301       0       0       0       0    5B98     3B7       0       0
  499999979                    21                    21             4.8225086E-05         1.0000000E+30           1659797       
 NEXT SEEDS:27AA72BD     301       0       0       0       0    5B98     3B7       0       0
  499999980                    20                    20             4.8225086E-05         1.0000000E+30           1659797       
 NEXT SEEDS:27AA7398     301       0       0       0       0    5B98     3B7       0       0
  499999981                    19                    19             4.8225086E-05         1.0000000E+30           1659797       
 NEXT SEEDS:27AA739F     301       0       0       0       0    5B98     3B7       0       0
  499999982                    18                    18             4.8225086E-05         1.0000000E+30           1659797       
 NEXT SEEDS:27AA7427     301       0       0       0       0    5B98     3B7       0       0
  499999983                    17                    17             4.8225086E-05         1.0000000E+30           1659797       
 NEXT SEEDS:27AA74FC     301       0       0       0       0    5B98     3B7       0       0
  499999984                    16                    16             4.8225085E-05         1.0000000E+30           1659797       
 NEXT SEEDS:27AA75C9     301       0       0       0       0    5B98     3B7       0       0
  499999985                    15                    15             4.8225089E-05         1.0000000E+30           1659797       
 NEXT SEEDS:27AA76C8     301       0       0       0       0    5B98     3B7       0       0
  499999986                    14                    14             4.8225089E-05         1.0000000E+30           1659797       
 NEXT SEEDS:27AA777D     301       0       0       0       0    5B98     3B7       0       0
  499999987                    13                    13             4.8225089E-05         1.0000000E+30           1659797       
 NEXT SEEDS:27AA7860     301       0       0       0       0    5B98     3B7       0       0
  499999988                    12                    12             4.8225089E-05         1.0000000E+30           1659797       
 NEXT SEEDS:27AA792F     301       0       0       0       0    5B98     3B7       0       0
  499999989                    11                    11             4.8225089E-05         1.0000000E+30           1659797       
 NEXT SEEDS:27AA7A10     301       0       0       0       0    5B98     3B7       0       0
  499999990                    10                    10             4.8225089E-05         1.0000000E+30           1659797       
 NEXT SEEDS:27AA7A19     301       0       0       0       0    5B98     3B7       0       0
  499999991                     9                     9             4.8225089E-05         1.0000000E+30           1659797       
 NEXT SEEDS:27AA7AE7     301       0       0       0       0    5B98     3B7       0       0
  499999992                     8                     8             4.8225089E-05         1.0000000E+30           1659797       
 NEXT SEEDS:27AA7BF2     301       0       0       0       0    5B98     3B7       0       0
  499999993                     7                     7             4.8225088E-05         1.0000000E+30           1659797       
 NEXT SEEDS:27AA7BF9     301       0       0       0       0    5B98     3B7       0       0
  499999994                     6                     6             4.8225088E-05         1.0000000E+30           1659797       
 NEXT SEEDS:27AA7D02     301       0       0       0       0    5B98     3B7       0       0
  499999995                     5                     5             4.8225092E-05         1.0000000E+30           1659797       
 NEXT SEEDS:27AA7DD5     301       0       0       0       0    5B98     3B7       0       0
  499999996                     4                     4             4.8225092E-05         1.0000000E+30           1659797       
 NEXT SEEDS:27AA7EB8     301       0       0       0       0    5B98     3B7       0       0
  499999997                     3                     3             4.8225092E-05         1.0000000E+30           1659797       
 NEXT SEEDS:27AA7F94     301       0       0       0       0    5B98     3B7       0       0
  499999998                     2                     2             4.8225092E-05         1.0000000E+30           1659797       
 NEXT SEEDS:27AA83DC     301       0       0       0       0    5B98     3B7       0       0
  499999999                     1                     1             4.8225092E-05         1.0000000E+30           1659797       
 NEXT SEEDS:27AA84AB     301       0       0       0       0    5B98     3B7       0       0
  500000000                     0                     1             4.8225092E-05         1.0000000E+30           1659797       
 NEXT SEEDS:27AA8571     301       0       0       0       0    5B98     3B7       0       0
