1NUMBER OF BEAM       NUMBER OF BEAM        APPROXIMATE NUMBER    AVERAGE TIME USED     TIME LEFT (RESERVED   NUMBER OF STARS
 PARTICLES HANDLED    PARTICLES LEFT        OF BEAM PARTICLES     BY A BEAM PARTICLE     10000.0 SECONDS      CREATED
                                            THAT CAN STILL BE                           FOR PRINTOUT)
                                            HANDLED

 NEXT SEEDS: C7B0C3F      60       0       0       0       0    5B96     3B7       0       0
          1             499999999             499999999             1.4877319E-04         1.0000000E+30                 0       
 NEXT SEEDS: C7B0CFF      60       0       0       0       0    5B96     3B7       0       0
   10000000             490000000             490000000             4.7700452E-05         1.0000000E+30             33368       
 NEXT SEEDS: 7EDE60F      62       0       0       0       0    5B96     3B7       0       0
   20000000             480000000             480000000             4.7849751E-05         1.0000000E+30             66373       
 NEXT SEEDS: 3649223      64       0       0       0       0    5B96     3B7       0       0
   30000000             470000000             470000000             4.7879530E-05         1.0000000E+30             99695       
 NEXT SEEDS:3A8035F5      65       0       0       0       0    5B96     3B7       0       0
   40000000             460000000             460000000             4.7981458E-05         1.0000000E+30            133250       
 NEXT SEEDS:3605A965      67       0       0       0       0    5B96     3B7       0       0
   50000000             450000000             450000000             4.7969256E-05         1.0000000E+30            166764       
 NEXT SEEDS:31829DE3      69       0       0       0       0    5B96     3B7       0       0
   60000000             440000000             440000000             4.7880227E-05         1.0000000E+30            200007       
 NEXT SEEDS:2D08346C      6B       0       0       0       0    5B96     3B7       0       0
   70000000             430000000             430000000             4.7891803E-05         1.0000000E+30            233328       
 NEXT SEEDS:288D84BD      6D       0       0       0       0    5B96     3B7       0       0
   80000000             420000000             420000000             4.7861220E-05         1.0000000E+30            266731       
 NEXT SEEDS:24099842      6F       0       0       0       0    5B96     3B7       0       0
   90000000             410000000             410000000             4.7821028E-05         1.0000000E+30            300076       
 NEXT SEEDS:1F889152      71       0       0       0       0    5B96     3B7       0       0
  100000000             400000000             400000000             4.7800985E-05         1.0000000E+30            333412       
 NEXT SEEDS:1B086308      73       0       0       0       0    5B96     3B7       0       0
  110000000             390000000             390000000             4.7771102E-05         1.0000000E+30            366590       
 NEXT SEEDS:168A6E17      75       0       0       0       0    5B96     3B7       0       0
  120000000             380000000             380000000             4.7772920E-05         1.0000000E+30            399560       
 NEXT SEEDS:12029DB3      77       0       0       0       0    5B96     3B7       0       0
  130000000             370000000             370000000             4.7778553E-05         1.0000000E+30            432867       
 NEXT SEEDS: D84DB3B      79       0       0       0       0    5B96     3B7       0       0
  140000000             360000000             360000000             4.7778079E-05         1.0000000E+30            466200       
 NEXT SEEDS: 901F39D      7B       0       0       0       0    5B96     3B7       0       0
  150000000             350000000             350000000             4.7799273E-05         1.0000000E+30            499544       
 NEXT SEEDS: 47EB284      7D       0       0       0       0    5B96     3B7       0       0
  160000000             340000000             340000000             4.7806216E-05         1.0000000E+30            532655       
 NEXT SEEDS:3B8BF4B1      7E       0       0       0       0    5B96     3B7       0       0
  170000000             330000000             330000000             4.7815584E-05         1.0000000E+30            565604       
 NEXT SEEDS:36FC4D63      80       0       0       0       0    5B96     3B7       0       0
  180000000             320000000             320000000             4.7816232E-05         1.0000000E+30            598778       
 NEXT SEEDS:3272D9AD      82       0       0       0       0    5B96     3B7       0       0
  190000000             310000000             310000000             4.7801927E-05         1.0000000E+30            632129       
 NEXT SEEDS:2DECCEA1      84       0       0       0       0    5B96     3B7       0       0
  200000000             300000000             300000000             4.7793696E-05         1.0000000E+30            665495       
 NEXT SEEDS:296E46C0      86       0       0       0       0    5B96     3B7       0       0
  210000000             290000000             290000000             4.7772340E-05         1.0000000E+30            698688       
 NEXT SEEDS:24EAF7DD      88       0       0       0       0    5B96     3B7       0       0
  220000000             280000000             280000000             4.7775168E-05         1.0000000E+30            732135       
 NEXT SEEDS:206320E8      8A       0       0       0       0    5B96     3B7       0       0
  230000000             270000000             270000000             4.7773229E-05         1.0000000E+30            765168       
 NEXT SEEDS:1BDA624E      8C       0       0       0       0    5B96     3B7       0       0
  240000000             260000000             260000000             4.7756844E-05         1.0000000E+30            798240       
 NEXT SEEDS:17578F63      8E       0       0       0       0    5B96     3B7       0       0
  250000000             250000000             250000000             4.7744496E-05         1.0000000E+30            831383       
 NEXT SEEDS:12CE8215      90       0       0       0       0    5B96     3B7       0       0
  260000000             240000000             240000000             4.7754274E-05         1.0000000E+30            864561       
 NEXT SEEDS: E4541B9      92       0       0       0       0    5B96     3B7       0       0
  270000000             230000000             230000000             4.7742936E-05         1.0000000E+30            897732       
 NEXT SEEDS: 9C38703      94       0       0       0       0    5B96     3B7       0       0
  280000000             220000000             220000000             4.7754659E-05         1.0000000E+30            931131       
 NEXT SEEDS: 541715F      96       0       0       0       0    5B96     3B7       0       0
  290000000             210000000             210000000             4.7777633E-05         1.0000000E+30            964423       
 NEXT SEEDS:  C1D6EF      98       0       0       0       0    5B96     3B7       0       0
  300000000             200000000             200000000             4.7796637E-05         1.0000000E+30            997976       
 NEXT SEEDS:37D940DE      99       0       0       0       0    5B96     3B7       0       0
  *** Rcfset:kprin,bfcmax,epat00,ppat00,ravpot           1 -0.18859549409978360       0.94236059456864807        8.7684448353398614E-002   12.440777676959296     
  ***RCFSET:EPAT00,VCOUMX,AM(KPRIN),KPRIN  0.94236059456864807        4.4738579514648847E-003  0.93827231000000000                1
  310000000             190000000             190000000             4.7836507E-05         1.0000000E+30           1031264       
 NEXT SEEDS:3354ED27      9B       0       0       0       0    5B96     3B7       0       0
  320000000             180000000             180000000             4.7859472E-05         1.0000000E+30           1064750       
 NEXT SEEDS:2EDD4A92      9D       0       0       0       0    5B96     3B7       0       0
  330000000             170000000             170000000             4.7874467E-05         1.0000000E+30           1097945       
 NEXT SEEDS:2A58B7E5      9F       0       0       0       0    5B96     3B7       0       0
  340000000             160000000             160000000             4.7899819E-05         1.0000000E+30           1131467       
 NEXT SEEDS:25D52136      A1       0       0       0       0    5B96     3B7       0       0
  350000000             150000000             150000000             4.7925217E-05         1.0000000E+30           1164814       
 NEXT SEEDS:214EDE76      A3       0       0       0       0    5B96     3B7       0       0
  360000000             140000000             140000000             4.7948746E-05         1.0000000E+30           1198192       
 NEXT SEEDS:1CCD857D      A5       0       0       0       0    5B96     3B7       0       0
  *** Rcfset:kprin,bfcmax,epat00,ppat00,ravpot           1 -0.13427935027529592       0.94255681362326960        8.9768698302442482E-002   12.440777676959296     
  ***RCFSET:EPAT00,VCOUMX,AM(KPRIN),KPRIN  0.94255681362326960        4.4746575325417945E-003  0.93827231000000000                1
  370000000             130000000             130000000             4.7965482E-05         1.0000000E+30           1231149       
 NEXT SEEDS:1843C1DE      A7       0       0       0       0    5B96     3B7       0       0
  380000000             120000000             120000000             4.7967485E-05         1.0000000E+30           1264346       
 NEXT SEEDS:13BF4B7C      A9       0       0       0       0    5B96     3B7       0       0
  390000000             110000000             110000000             4.7974910E-05         1.0000000E+30           1297607       
 NEXT SEEDS: F351E42      AB       0       0       0       0    5B96     3B7       0       0
  400000000             100000000             100000000             4.7966523E-05         1.0000000E+30           1330892       
 NEXT SEEDS: AB1B70C      AD       0       0       0       0    5B96     3B7       0       0
  410000000              90000000              90000000             4.7964653E-05         1.0000000E+30           1364333       
 NEXT SEEDS: 62FFA69      AF       0       0       0       0    5B96     3B7       0       0
  420000000              80000000              80000000             4.7938393E-05         1.0000000E+30           1397677       
 NEXT SEEDS: 1AC0860      B1       0       0       0       0    5B96     3B7       0       0
  430000000              70000000              70000000             4.7930609E-05         1.0000000E+30           1430837       
 NEXT SEEDS:38BD5ACC      B2       0       0       0       0    5B96     3B7       0       0
  440000000              60000000              60000000             4.7945596E-05         1.0000000E+30           1464162       
 NEXT SEEDS:343FE612      B4       0       0       0       0    5B96     3B7       0       0
  450000000              50000000              50000000             4.7932300E-05         1.0000000E+30           1497265       
 NEXT SEEDS:2FB7AEE6      B6       0       0       0       0    5B96     3B7       0       0
  460000000              40000000              40000000             4.7928681E-05         1.0000000E+30           1530545       
 NEXT SEEDS:2B302E7C      B8       0       0       0       0    5B96     3B7       0       0
  470000000              30000000              30000000             4.7926650E-05         1.0000000E+30           1563562       
 NEXT SEEDS:26A9DDC6      BA       0       0       0       0    5B96     3B7       0       0
  480000000              20000000              20000000             4.7921004E-05         1.0000000E+30           1596912       
 NEXT SEEDS:222AB907      BC       0       0       0       0    5B96     3B7       0       0
  490000000              10000000              10000000             4.7912783E-05         1.0000000E+30           1630431       
 NEXT SEEDS:1DAA4162      BE       0       0       0       0    5B96     3B7       0       0
  499999950                    50                    50             4.7926423E-05         1.0000000E+30           1663530       
 NEXT SEEDS:191C743C      C0       0       0       0       0    5B96     3B7       0       0
  499999951                    49                    49             4.7926422E-05         1.0000000E+30           1663530       
 NEXT SEEDS:191C751C      C0       0       0       0       0    5B96     3B7       0       0
  499999952                    48                    48             4.7926422E-05         1.0000000E+30           1663530       
 NEXT SEEDS:191C75EB      C0       0       0       0       0    5B96     3B7       0       0
  499999953                    47                    47             4.7926422E-05         1.0000000E+30           1663530       
 NEXT SEEDS:191C76D3      C0       0       0       0       0    5B96     3B7       0       0
  499999954                    46                    46             4.7926422E-05         1.0000000E+30           1663530       
 NEXT SEEDS:191C7793      C0       0       0       0       0    5B96     3B7       0       0
  499999955                    45                    45             4.7926422E-05         1.0000000E+30           1663530       
 NEXT SEEDS:191C788D      C0       0       0       0       0    5B96     3B7       0       0
  499999956                    44                    44             4.7926422E-05         1.0000000E+30           1663530       
 NEXT SEEDS:191C796F      C0       0       0       0       0    5B96     3B7       0       0
  499999957                    43                    43             4.7926426E-05         1.0000000E+30           1663530       
 NEXT SEEDS:191C7A34      C0       0       0       0       0    5B96     3B7       0       0
  499999958                    42                    42             4.7926426E-05         1.0000000E+30           1663530       
 NEXT SEEDS:191C7B02      C0       0       0       0       0    5B96     3B7       0       0
  499999959                    41                    41             4.7926426E-05         1.0000000E+30           1663530       
 NEXT SEEDS:191C7BE6      C0       0       0       0       0    5B96     3B7       0       0
  499999960                    40                    40             4.7926426E-05         1.0000000E+30           1663530       
 NEXT SEEDS:191C7BEF      C0       0       0       0       0    5B96     3B7       0       0
  499999961                    39                    39             4.7926425E-05         1.0000000E+30           1663530       
 NEXT SEEDS:191C7CCF      C0       0       0       0       0    5B96     3B7       0       0
  499999962                    38                    38             4.7926425E-05         1.0000000E+30           1663530       
 NEXT SEEDS:191C7DC5      C0       0       0       0       0    5B96     3B7       0       0
  499999963                    37                    37             4.7926425E-05         1.0000000E+30           1663530       
 NEXT SEEDS:191C7EA0      C0       0       0       0       0    5B96     3B7       0       0
  499999964                    36                    36             4.7926425E-05         1.0000000E+30           1663530       
 NEXT SEEDS:191C7F90      C0       0       0       0       0    5B96     3B7       0       0
  499999965                    35                    35             4.7926425E-05         1.0000000E+30           1663530       
 NEXT SEEDS:191C8078      C0       0       0       0       0    5B96     3B7       0       0
  499999966                    34                    34             4.7926425E-05         1.0000000E+30           1663530       
 NEXT SEEDS:191C815C      C0       0       0       0       0    5B96     3B7       0       0
  499999967                    33                    33             4.7926429E-05         1.0000000E+30           1663530       
 NEXT SEEDS:191C8220      C0       0       0       0       0    5B96     3B7       0       0
  499999968                    32                    32             4.7926429E-05         1.0000000E+30           1663530       
 NEXT SEEDS:191C82FB      C0       0       0       0       0    5B96     3B7       0       0
  499999969                    31                    31             4.7926429E-05         1.0000000E+30           1663530       
 NEXT SEEDS:191C83DC      C0       0       0       0       0    5B96     3B7       0       0
  499999970                    30                    30             4.7926428E-05         1.0000000E+30           1663530       
 NEXT SEEDS:191C849F      C0       0       0       0       0    5B96     3B7       0       0
  499999971                    29                    29             4.7926428E-05         1.0000000E+30           1663530       
 NEXT SEEDS:191C857F      C0       0       0       0       0    5B96     3B7       0       0
  499999972                    28                    28             4.7926428E-05         1.0000000E+30           1663530       
 NEXT SEEDS:191C8667      C0       0       0       0       0    5B96     3B7       0       0
  499999973                    27                    27             4.7926428E-05         1.0000000E+30           1663530       
 NEXT SEEDS:191C8768      C0       0       0       0       0    5B96     3B7       0       0
  499999974                    26                    26             4.7926428E-05         1.0000000E+30           1663530       
 NEXT SEEDS:191C8837      C0       0       0       0       0    5B96     3B7       0       0
  499999975                    25                    25             4.7926432E-05         1.0000000E+30           1663530       
 NEXT SEEDS:191C8901      C0       0       0       0       0    5B96     3B7       0       0
  499999976                    24                    24             4.7926432E-05         1.0000000E+30           1663530       
 NEXT SEEDS:191C89E6      C0       0       0       0       0    5B96     3B7       0       0
  499999977                    23                    23             4.7926432E-05         1.0000000E+30           1663530       
 NEXT SEEDS:191C8ACE      C0       0       0       0       0    5B96     3B7       0       0
  499999978                    22                    22             4.7926432E-05         1.0000000E+30           1663530       
 NEXT SEEDS:191C8B95      C0       0       0       0       0    5B96     3B7       0       0
  499999979                    21                    21             4.7926432E-05         1.0000000E+30           1663531       
 NEXT SEEDS:191C947D      C0       0       0       0       0    5B96     3B7       0       0
  499999980                    20                    20             4.7926431E-05         1.0000000E+30           1663531       
 NEXT SEEDS:191C9568      C0       0       0       0       0    5B96     3B7       0       0
  499999981                    19                    19             4.7926435E-05         1.0000000E+30           1663531       
 NEXT SEEDS:191C9571      C0       0       0       0       0    5B96     3B7       0       0
  499999982                    18                    18             4.7926435E-05         1.0000000E+30           1663531       
 NEXT SEEDS:191C966A      C0       0       0       0       0    5B96     3B7       0       0
  499999983                    17                    17             4.7926435E-05         1.0000000E+30           1663531       
 NEXT SEEDS:191C9750      C0       0       0       0       0    5B96     3B7       0       0
  499999984                    16                    16             4.7926435E-05         1.0000000E+30           1663531       
 NEXT SEEDS:191C9823      C0       0       0       0       0    5B96     3B7       0       0
  499999985                    15                    15             4.7926435E-05         1.0000000E+30           1663531       
 NEXT SEEDS:191C98E7      C0       0       0       0       0    5B96     3B7       0       0
  499999986                    14                    14             4.7926435E-05         1.0000000E+30           1663531       
 NEXT SEEDS:191C99BF      C0       0       0       0       0    5B96     3B7       0       0
  499999987                    13                    13             4.7926435E-05         1.0000000E+30           1663531       
 NEXT SEEDS:191C9A7D      C0       0       0       0       0    5B96     3B7       0       0
  499999988                    12                    12             4.7926435E-05         1.0000000E+30           1663531       
 NEXT SEEDS:191C9B43      C0       0       0       0       0    5B96     3B7       0       0
  499999989                    11                    11             4.7926438E-05         1.0000000E+30           1663531       
 NEXT SEEDS:191C9C1D      C0       0       0       0       0    5B96     3B7       0       0
  499999990                    10                    10             4.7926438E-05         1.0000000E+30           1663531       
 NEXT SEEDS:191C9C24      C0       0       0       0       0    5B96     3B7       0       0
  499999991                     9                     9             4.7926438E-05         1.0000000E+30           1663531       
 NEXT SEEDS:191C9CED      C0       0       0       0       0    5B96     3B7       0       0
  499999992                     8                     8             4.7926438E-05         1.0000000E+30           1663531       
 NEXT SEEDS:191C9DCF      C0       0       0       0       0    5B96     3B7       0       0
  499999993                     7                     7             4.7926438E-05         1.0000000E+30           1663531       
 NEXT SEEDS:191C9E9F      C0       0       0       0       0    5B96     3B7       0       0
  499999994                     6                     6             4.7926438E-05         1.0000000E+30           1663531       
 NEXT SEEDS:191C9F64      C0       0       0       0       0    5B96     3B7       0       0
  499999995                     5                     5             4.7926438E-05         1.0000000E+30           1663531       
 NEXT SEEDS:191CA03F      C0       0       0       0       0    5B96     3B7       0       0
  499999996                     4                     4             4.7926438E-05         1.0000000E+30           1663531       
 NEXT SEEDS:191CA0FE      C0       0       0       0       0    5B96     3B7       0       0
  499999997                     3                     3             4.7926438E-05         1.0000000E+30           1663531       
 NEXT SEEDS:191CA1BA      C0       0       0       0       0    5B96     3B7       0       0
  499999998                     2                     2             4.7926441E-05         1.0000000E+30           1663531       
 NEXT SEEDS:191CA27F      C0       0       0       0       0    5B96     3B7       0       0
  499999999                     1                     1             4.7926441E-05         1.0000000E+30           1663531       
 NEXT SEEDS:191CA356      C0       0       0       0       0    5B96     3B7       0       0
  500000000                     0                     1             4.7926441E-05         1.0000000E+30           1663531       
 NEXT SEEDS:191CA412      C0       0       0       0       0    5B96     3B7       0       0
