1NUMBER OF BEAM       NUMBER OF BEAM        APPROXIMATE NUMBER    AVERAGE TIME USED     TIME LEFT (RESERVED   NUMBER OF STARS
 PARTICLES HANDLED    PARTICLES LEFT        OF BEAM PARTICLES     BY A BEAM PARTICLE     10000.0 SECONDS      CREATED
                                            THAT CAN STILL BE                           FOR PRINTOUT)
                                            HANDLED

 NEXT SEEDS:2800AEBC     301       0       0       0       0    5B95     3B7       0       0
          1             499999999             499999999             1.3923645E-04         1.0000000E+30                 0       
 NEXT SEEDS:2800AF9E     301       0       0       0       0    5B95     3B7       0       0
   10000000             490000000             490000000             4.8432124E-05         1.0000000E+30             33210       
 NEXT SEEDS:237AA0E6     303       0       0       0       0    5B95     3B7       0       0
  *** Rcfset:kprin,bfcmax,epat00,ppat00,ravpot           1  -8.7350909370940144E-003  0.94309142042918404        9.5218168299962380E-002   12.440777676959296     
   20000000             480000000             480000000             4.8237673E-05         1.0000000E+30             66251       
 NEXT SEEDS:1EF0CC0F     305       0       0       0       0    5B95     3B7       0       0
   30000000             470000000             470000000             4.8068902E-05         1.0000000E+30             99221       
 NEXT SEEDS:1A664842     307       0       0       0       0    5B95     3B7       0       0
   40000000             460000000             460000000             4.7876689E-05         1.0000000E+30            132742       
 NEXT SEEDS:15EBED14     309       0       0       0       0    5B95     3B7       0       0
   50000000             450000000             450000000             4.7796458E-05         1.0000000E+30            166053       
 NEXT SEEDS:1166CA54     30B       0       0       0       0    5B95     3B7       0       0
   60000000             440000000             440000000             4.7730203E-05         1.0000000E+30            199412       
 NEXT SEEDS: CDD5704     30D       0       0       0       0    5B95     3B7       0       0
   70000000             430000000             430000000             4.7682138E-05         1.0000000E+30            232363       
 NEXT SEEDS: 85088B8     30F       0       0       0       0    5B95     3B7       0       0
   80000000             420000000             420000000             4.7630974E-05         1.0000000E+30            265766       
 NEXT SEEDS: 3C7DC87     311       0       0       0       0    5B95     3B7       0       0
   90000000             410000000             410000000             4.7622436E-05         1.0000000E+30            299284       
 NEXT SEEDS:3ADDA2B4     312       0       0       0       0    5B95     3B7       0       0
  100000000             400000000             400000000             4.7634787E-05         1.0000000E+30            332492       
 NEXT SEEDS:365D128F     314       0       0       0       0    5B95     3B7       0       0
  110000000             390000000             390000000             4.7604920E-05         1.0000000E+30            365951       
 NEXT SEEDS:31D6BB0C     316       0       0       0       0    5B95     3B7       0       0
  120000000             380000000             380000000             4.7622601E-05         1.0000000E+30            399270       
 NEXT SEEDS:2D53C01A     318       0       0       0       0    5B95     3B7       0       0
  130000000             370000000             370000000             4.7675918E-05         1.0000000E+30            432633       
 NEXT SEEDS:28D1BA68     31A       0       0       0       0    5B95     3B7       0       0
  140000000             360000000             360000000             4.7683902E-05         1.0000000E+30            465826       
 NEXT SEEDS:244E50E2     31C       0       0       0       0    5B95     3B7       0       0
  150000000             350000000             350000000             4.7701150E-05         1.0000000E+30            499116       
 NEXT SEEDS:1FCCFF57     31E       0       0       0       0    5B95     3B7       0       0
  160000000             340000000             340000000             4.7685804E-05         1.0000000E+30            532338       
 NEXT SEEDS:1B49B082     320       0       0       0       0    5B95     3B7       0       0
  170000000             330000000             330000000             4.7702911E-05         1.0000000E+30            566155       
 NEXT SEEDS:16C6D3E6     322       0       0       0       0    5B95     3B7       0       0
  180000000             320000000             320000000             4.7712726E-05         1.0000000E+30            599278       
 NEXT SEEDS:1245CD4B     324       0       0       0       0    5B95     3B7       0       0
  190000000             310000000             310000000             4.7700790E-05         1.0000000E+30            632728       
 NEXT SEEDS: DCA7666     326       0       0       0       0    5B95     3B7       0       0
  200000000             300000000             300000000             4.7693968E-05         1.0000000E+30            665941       
 NEXT SEEDS: 94092FA     328       0       0       0       0    5B95     3B7       0       0
  210000000             290000000             290000000             4.7705225E-05         1.0000000E+30            698754       
 NEXT SEEDS: 4B244FD     32A       0       0       0       0    5B95     3B7       0       0
  220000000             280000000             280000000             4.7703692E-05         1.0000000E+30            732192       
 NEXT SEEDS:  320283     32C       0       0       0       0    5B95     3B7       0       0
  230000000             270000000             270000000             4.7693774E-05         1.0000000E+30            765337       
 NEXT SEEDS:3741F6C3     32D       0       0       0       0    5B95     3B7       0       0
  240000000             260000000             260000000             4.7729930E-05         1.0000000E+30            798463       
 NEXT SEEDS:32B80BAF     32F       0       0       0       0    5B95     3B7       0       0
  250000000             250000000             250000000             4.7770479E-05         1.0000000E+30            831658       
 NEXT SEEDS:2E336E73     331       0       0       0       0    5B95     3B7       0       0
  260000000             240000000             240000000             4.7794714E-05         1.0000000E+30            865044       
 NEXT SEEDS:29B2FE49     333       0       0       0       0    5B95     3B7       0       0
  270000000             230000000             230000000             4.7815504E-05         1.0000000E+30            898297       
 NEXT SEEDS:2531101C     335       0       0       0       0    5B95     3B7       0       0
  280000000             220000000             220000000             4.7862760E-05         1.0000000E+30            931377       
 NEXT SEEDS:20A8AA84     337       0       0       0       0    5B95     3B7       0       0
  290000000             210000000             210000000             4.7867958E-05         1.0000000E+30            964596       
 NEXT SEEDS:1C215EFC     339       0       0       0       0    5B95     3B7       0       0
  300000000             200000000             200000000             4.7910419E-05         1.0000000E+30            997879       
 NEXT SEEDS:179FDD8B     33B       0       0       0       0    5B95     3B7       0       0
  310000000             190000000             190000000             4.8041071E-05         1.0000000E+30           1031329       
 NEXT SEEDS:1314DE89     33D       0       0       0       0    5B95     3B7       0       0
  *** Rcfset:kprin,bfcmax,epat00,ppat00,ravpot           1  -3.0775256035446841E-002  0.94298811863350795        9.4189512002274919E-002   12.440777676959296     
  320000000             180000000             180000000             4.8073034E-05         1.0000000E+30           1065024       
 NEXT SEEDS: E9FDEAA     33F       0       0       0       0    5B95     3B7       0       0
  330000000             170000000             170000000             4.8099386E-05         1.0000000E+30           1098163       
 NEXT SEEDS: A1454C5     341       0       0       0       0    5B95     3B7       0       0
  340000000             160000000             160000000             4.8116934E-05         1.0000000E+30           1131324       
 NEXT SEEDS: 58C3016     343       0       0       0       0    5B95     3B7       0       0
  350000000             150000000             150000000             4.8128981E-05         1.0000000E+30           1164741       
 NEXT SEEDS: 109D3FB     345       0       0       0       0    5B95     3B7       0       0
  360000000             140000000             140000000             4.8146964E-05         1.0000000E+30           1197812       
 NEXT SEEDS:381BF546     346       0       0       0       0    5B95     3B7       0       0
  370000000             130000000             130000000             4.8151802E-05         1.0000000E+30           1231019       
 NEXT SEEDS:339B43F6     348       0       0       0       0    5B95     3B7       0       0
  380000000             120000000             120000000             4.8154638E-05         1.0000000E+30           1264641       
 NEXT SEEDS:2F201FBD     34A       0       0       0       0    5B95     3B7       0       0
  390000000             110000000             110000000             4.8167625E-05         1.0000000E+30           1298041       
 NEXT SEEDS:2A99956A     34C       0       0       0       0    5B95     3B7       0       0
  400000000             100000000             100000000             4.8180280E-05         1.0000000E+30           1330976       
 NEXT SEEDS:260E4472     34E       0       0       0       0    5B95     3B7       0       0
  410000000              90000000              90000000             4.8176745E-05         1.0000000E+30           1364217       
 NEXT SEEDS:21878001     350       0       0       0       0    5B95     3B7       0       0
  420000000              80000000              80000000             4.8173839E-05         1.0000000E+30           1397491       
 NEXT SEEDS:1D01DA65     352       0       0       0       0    5B95     3B7       0       0
  430000000              70000000              70000000             4.8169533E-05         1.0000000E+30           1431134       
 NEXT SEEDS:18830667     354       0       0       0       0    5B95     3B7       0       0
  440000000              60000000              60000000             4.8165715E-05         1.0000000E+30           1464506       
 NEXT SEEDS:13FF2878     356       0       0       0       0    5B95     3B7       0       0
  450000000              50000000              50000000             4.8157341E-05         1.0000000E+30           1497534       
 NEXT SEEDS: F761941     358       0       0       0       0    5B95     3B7       0       0
  460000000              40000000              40000000             4.8177001E-05         1.0000000E+30           1530479       
 NEXT SEEDS: AEBEDC7     35A       0       0       0       0    5B95     3B7       0       0
  470000000              30000000              30000000             4.8171648E-05         1.0000000E+30           1563534       
 NEXT SEEDS: 66620EA     35C       0       0       0       0    5B95     3B7       0       0
  480000000              20000000              20000000             4.8169651E-05         1.0000000E+30           1596756       
 NEXT SEEDS: 1E63D60     35E       0       0       0       0    5B95     3B7       0       0
  490000000              10000000              10000000             4.8169991E-05         1.0000000E+30           1629991       
 NEXT SEEDS:38FC6F36     35F       0       0       0       0    5B95     3B7       0       0
  499999950                    50                    50             4.8168221E-05         1.0000000E+30           1663265       
 NEXT SEEDS:347C87F5     361       0       0       0       0    5B95     3B7       0       0
  499999951                    49                    49             4.8168221E-05         1.0000000E+30           1663265       
 NEXT SEEDS:347C87FE     361       0       0       0       0    5B95     3B7       0       0
  499999952                    48                    48             4.8168221E-05         1.0000000E+30           1663265       
 NEXT SEEDS:347C88D0     361       0       0       0       0    5B95     3B7       0       0
  499999953                    47                    47             4.8168221E-05         1.0000000E+30           1663265       
 NEXT SEEDS:347C89A0     361       0       0       0       0    5B95     3B7       0       0
  499999954                    46                    46             4.8168221E-05         1.0000000E+30           1663265       
 NEXT SEEDS:347C8A6E     361       0       0       0       0    5B95     3B7       0       0
  499999955                    45                    45             4.8168220E-05         1.0000000E+30           1663265       
 NEXT SEEDS:347C8B3E     361       0       0       0       0    5B95     3B7       0       0
  499999956                    44                    44             4.8168220E-05         1.0000000E+30           1663265       
 NEXT SEEDS:347C8C04     361       0       0       0       0    5B95     3B7       0       0
  499999957                    43                    43             4.8168220E-05         1.0000000E+30           1663265       
 NEXT SEEDS:347C8CF0     361       0       0       0       0    5B95     3B7       0       0
  499999958                    42                    42             4.8168220E-05         1.0000000E+30           1663265       
 NEXT SEEDS:347C8DD3     361       0       0       0       0    5B95     3B7       0       0
  499999959                    41                    41             4.8168220E-05         1.0000000E+30           1663265       
 NEXT SEEDS:347C8EB4     361       0       0       0       0    5B95     3B7       0       0
  499999960                    40                    40             4.8168220E-05         1.0000000E+30           1663265       
 NEXT SEEDS:347C8F78     361       0       0       0       0    5B95     3B7       0       0
  499999961                    39                    39             4.8168220E-05         1.0000000E+30           1663265       
 NEXT SEEDS:347C8F7F     361       0       0       0       0    5B95     3B7       0       0
  499999962                    38                    38             4.8168220E-05         1.0000000E+30           1663265       
 NEXT SEEDS:347C8F86     361       0       0       0       0    5B95     3B7       0       0
  499999963                    37                    37             4.8168220E-05         1.0000000E+30           1663265       
 NEXT SEEDS:347C9037     361       0       0       0       0    5B95     3B7       0       0
  499999964                    36                    36             4.8168220E-05         1.0000000E+30           1663265       
 NEXT SEEDS:347C90F0     361       0       0       0       0    5B95     3B7       0       0
  499999965                    35                    35             4.8168220E-05         1.0000000E+30           1663265       
 NEXT SEEDS:347C91D2     361       0       0       0       0    5B95     3B7       0       0
  499999966                    34                    34             4.8168219E-05         1.0000000E+30           1663265       
 NEXT SEEDS:347C92AD     361       0       0       0       0    5B95     3B7       0       0
  499999967                    33                    33             4.8168219E-05         1.0000000E+30           1663265       
 NEXT SEEDS:347C9389     361       0       0       0       0    5B95     3B7       0       0
  499999968                    32                    32             4.8168219E-05         1.0000000E+30           1663265       
 NEXT SEEDS:347C946C     361       0       0       0       0    5B95     3B7       0       0
  499999969                    31                    31             4.8168219E-05         1.0000000E+30           1663265       
 NEXT SEEDS:347C952F     361       0       0       0       0    5B95     3B7       0       0
  499999970                    30                    30             4.8168219E-05         1.0000000E+30           1663265       
 NEXT SEEDS:347C9538     361       0       0       0       0    5B95     3B7       0       0
  499999971                    29                    29             4.8168219E-05         1.0000000E+30           1663265       
 NEXT SEEDS:347C95FD     361       0       0       0       0    5B95     3B7       0       0
  499999972                    28                    28             4.8168219E-05         1.0000000E+30           1663265       
 NEXT SEEDS:347C96DE     361       0       0       0       0    5B95     3B7       0       0
  499999973                    27                    27             4.8168219E-05         1.0000000E+30           1663265       
 NEXT SEEDS:347C97AE     361       0       0       0       0    5B95     3B7       0       0
  499999974                    26                    26             4.8168219E-05         1.0000000E+30           1663265       
 NEXT SEEDS:347C986F     361       0       0       0       0    5B95     3B7       0       0
  499999975                    25                    25             4.8168219E-05         1.0000000E+30           1663265       
 NEXT SEEDS:347C9937     361       0       0       0       0    5B95     3B7       0       0
  499999976                    24                    24             4.8168218E-05         1.0000000E+30           1663265       
 NEXT SEEDS:347C9A1B     361       0       0       0       0    5B95     3B7       0       0
  499999977                    23                    23             4.8168222E-05         1.0000000E+30           1663265       
 NEXT SEEDS:347C9AD9     361       0       0       0       0    5B95     3B7       0       0
  499999978                    22                    22             4.8168222E-05         1.0000000E+30           1663265       
 NEXT SEEDS:347C9BAB     361       0       0       0       0    5B95     3B7       0       0
  499999979                    21                    21             4.8168222E-05         1.0000000E+30           1663265       
 NEXT SEEDS:347C9C81     361       0       0       0       0    5B95     3B7       0       0
  499999980                    20                    20             4.8168222E-05         1.0000000E+30           1663265       
 NEXT SEEDS:347C9D61     361       0       0       0       0    5B95     3B7       0       0
  499999981                    19                    19             4.8168222E-05         1.0000000E+30           1663265       
 NEXT SEEDS:347C9E50     361       0       0       0       0    5B95     3B7       0       0
  499999982                    18                    18             4.8168222E-05         1.0000000E+30           1663265       
 NEXT SEEDS:347C9E57     361       0       0       0       0    5B95     3B7       0       0
  499999983                    17                    17             4.8168222E-05         1.0000000E+30           1663265       
 NEXT SEEDS:347C9F25     361       0       0       0       0    5B95     3B7       0       0
  499999984                    16                    16             4.8168222E-05         1.0000000E+30           1663265       
 NEXT SEEDS:347CA001     361       0       0       0       0    5B95     3B7       0       0
  499999985                    15                    15             4.8168222E-05         1.0000000E+30           1663265       
 NEXT SEEDS:347CA0E0     361       0       0       0       0    5B95     3B7       0       0
  499999986                    14                    14             4.8168221E-05         1.0000000E+30           1663265       
 NEXT SEEDS:347CA1C1     361       0       0       0       0    5B95     3B7       0       0
  499999987                    13                    13             4.8168225E-05         1.0000000E+30           1663265       
 NEXT SEEDS:347CA28C     361       0       0       0       0    5B95     3B7       0       0
  499999988                    12                    12             4.8168225E-05         1.0000000E+30           1663265       
 NEXT SEEDS:347CA363     361       0       0       0       0    5B95     3B7       0       0
  499999989                    11                    11             4.8168225E-05         1.0000000E+30           1663265       
 NEXT SEEDS:347CA370     361       0       0       0       0    5B95     3B7       0       0
  499999990                    10                    10             4.8168225E-05         1.0000000E+30           1663265       
 NEXT SEEDS:347CA45E     361       0       0       0       0    5B95     3B7       0       0
  499999991                     9                     9             4.8168225E-05         1.0000000E+30           1663265       
 NEXT SEEDS:347CA53E     361       0       0       0       0    5B95     3B7       0       0
  499999992                     8                     8             4.8168225E-05         1.0000000E+30           1663265       
 NEXT SEEDS:347CA619     361       0       0       0       0    5B95     3B7       0       0
  499999993                     7                     7             4.8168225E-05         1.0000000E+30           1663265       
 NEXT SEEDS:347CA6F6     361       0       0       0       0    5B95     3B7       0       0
  499999994                     6                     6             4.8168225E-05         1.0000000E+30           1663265       
 NEXT SEEDS:347CA7C1     361       0       0       0       0    5B95     3B7       0       0
  499999995                     5                     5             4.8168224E-05         1.0000000E+30           1663265       
 NEXT SEEDS:347CA899     361       0       0       0       0    5B95     3B7       0       0
  499999996                     4                     4             4.8168224E-05         1.0000000E+30           1663265       
 NEXT SEEDS:347CA960     361       0       0       0       0    5B95     3B7       0       0
  499999997                     3                     3             4.8168228E-05         1.0000000E+30           1663265       
 NEXT SEEDS:347CAA3A     361       0       0       0       0    5B95     3B7       0       0
  499999998                     2                     2             4.8168228E-05         1.0000000E+30           1663265       
 NEXT SEEDS:347CAB0A     361       0       0       0       0    5B95     3B7       0       0
  499999999                     1                     1             4.8168228E-05         1.0000000E+30           1663265       
 NEXT SEEDS:347CABDC     361       0       0       0       0    5B95     3B7       0       0
  500000000                     0                     1             4.8168228E-05         1.0000000E+30           1663265       
 NEXT SEEDS:347CAC8D     361       0       0       0       0    5B95     3B7       0       0
