1NUMBER OF BEAM       NUMBER OF BEAM        APPROXIMATE NUMBER    AVERAGE TIME USED     TIME LEFT (RESERVED   NUMBER OF STARS
 PARTICLES HANDLED    PARTICLES LEFT        OF BEAM PARTICLES     BY A BEAM PARTICLE     10000.0 SECONDS      CREATED
                                            THAT CAN STILL BE                           FOR PRINTOUT)
                                            HANDLED

 NEXT SEEDS: C56C046      60       0       0       0       0    5B98     3B7       0       0
          1             499999999             499999999             1.5020370E-04         1.0000000E+30                 0       
 NEXT SEEDS: C56C10D      60       0       0       0       0    5B98     3B7       0       0
   10000000             490000000             490000000             4.9093689E-05         1.0000000E+30             33561       
 NEXT SEEDS: 7D51FB4      62       0       0       0       0    5B98     3B7       0       0
   20000000             480000000             480000000             4.8932135E-05         1.0000000E+30             66793       
 NEXT SEEDS: 348D7DD      64       0       0       0       0    5B98     3B7       0       0
   30000000             470000000             470000000             4.8917326E-05         1.0000000E+30            100452       
 NEXT SEEDS:3A66AB89      65       0       0       0       0    5B98     3B7       0       0
   40000000             460000000             460000000             4.8860043E-05         1.0000000E+30            133975       
 NEXT SEEDS:35E77427      67       0       0       0       0    5B98     3B7       0       0
   50000000             450000000             450000000             4.8812905E-05         1.0000000E+30            167227       
 NEXT SEEDS:315F9A82      69       0       0       0       0    5B98     3B7       0       0
   60000000             440000000             440000000             4.8871061E-05         1.0000000E+30            200616       
 NEXT SEEDS:2CE35E15      6B       0       0       0       0    5B98     3B7       0       0
   70000000             430000000             430000000             4.8967219E-05         1.0000000E+30            233851       
 NEXT SEEDS:286540E6      6D       0       0       0       0    5B98     3B7       0       0
   80000000             420000000             420000000             4.8994162E-05         1.0000000E+30            266727       
 NEXT SEEDS:23D90116      6F       0       0       0       0    5B98     3B7       0       0
   90000000             410000000             410000000             4.8968571E-05         1.0000000E+30            300419       
 NEXT SEEDS:1F5D398C      71       0       0       0       0    5B98     3B7       0       0
  100000000             400000000             400000000             4.8915923E-05         1.0000000E+30            333499       
 NEXT SEEDS:1AD73D6D      73       0       0       0       0    5B98     3B7       0       0
  110000000             390000000             390000000             4.8926056E-05         1.0000000E+30            366844       
 NEXT SEEDS:16528E0D      75       0       0       0       0    5B98     3B7       0       0
  120000000             380000000             380000000             4.8919991E-05         1.0000000E+30            400092       
 NEXT SEEDS:11CD3A52      77       0       0       0       0    5B98     3B7       0       0
  130000000             370000000             370000000             4.8909807E-05         1.0000000E+30            433340       
 NEXT SEEDS: D470F1D      79       0       0       0       0    5B98     3B7       0       0
  140000000             360000000             360000000             4.8930099E-05         1.0000000E+30            466547       
 NEXT SEEDS: 8C124FA      7B       0       0       0       0    5B98     3B7       0       0
  150000000             350000000             350000000             4.8939987E-05         1.0000000E+30            499685       
 NEXT SEEDS: 4382DF0      7D       0       0       0       0    5B98     3B7       0       0
  160000000             340000000             340000000             4.8933298E-05         1.0000000E+30            532873       
 NEXT SEEDS:3B4C89C2      7E       0       0       0       0    5B98     3B7       0       0
  170000000             330000000             330000000             4.8923673E-05         1.0000000E+30            566331       
 NEXT SEEDS:36C93BC7      80       0       0       0       0    5B98     3B7       0       0
  180000000             320000000             320000000             4.8949170E-05         1.0000000E+30            599634       
 NEXT SEEDS:32465DAD      82       0       0       0       0    5B98     3B7       0       0
  190000000             310000000             310000000             4.8957987E-05         1.0000000E+30            632627       
 NEXT SEEDS:2DB87619      84       0       0       0       0    5B98     3B7       0       0
  200000000             300000000             300000000             4.8934302E-05         1.0000000E+30            665931       
 NEXT SEEDS:293326C9      86       0       0       0       0    5B98     3B7       0       0
  210000000             290000000             290000000             4.8960798E-05         1.0000000E+30            698753       
 NEXT SEEDS:24A1B181      88       0       0       0       0    5B98     3B7       0       0
  220000000             280000000             280000000             4.8972359E-05         1.0000000E+30            732136       
 NEXT SEEDS:20261F1A      8A       0       0       0       0    5B98     3B7       0       0
  230000000             270000000             270000000             4.8977064E-05         1.0000000E+30            765343       
 NEXT SEEDS:1B9FE57C      8C       0       0       0       0    5B98     3B7       0       0
  240000000             260000000             260000000             4.8981893E-05         1.0000000E+30            798554       
 NEXT SEEDS:171F5221      8E       0       0       0       0    5B98     3B7       0       0
  250000000             250000000             250000000             4.8977633E-05         1.0000000E+30            831927       
 NEXT SEEDS:12A679CD      90       0       0       0       0    5B98     3B7       0       0
  260000000             240000000             240000000             4.8986910E-05         1.0000000E+30            865166       
 NEXT SEEDS: E21FF60      92       0       0       0       0    5B98     3B7       0       0
  270000000             230000000             230000000             4.9004738E-05         1.0000000E+30            898264       
 NEXT SEEDS: 99901C8      94       0       0       0       0    5B98     3B7       0       0
  280000000             220000000             220000000             4.9015416E-05         1.0000000E+30            931742       
 NEXT SEEDS: 5147E74      96       0       0       0       0    5B98     3B7       0       0
  290000000             210000000             210000000             4.9015204E-05         1.0000000E+30            965011       
 NEXT SEEDS:  958234      98       0       0       0       0    5B98     3B7       0       0
  300000000             200000000             200000000             4.9011299E-05         1.0000000E+30            998285       
 NEXT SEEDS:37AD3CD4      99       0       0       0       0    5B98     3B7       0       0
  310000000             190000000             190000000             4.8955422E-05         1.0000000E+30           1031149       
 NEXT SEEDS:33190008      9B       0       0       0       0    5B98     3B7       0       0
  320000000             180000000             180000000             4.8911520E-05         1.0000000E+30           1064663       
 NEXT SEEDS:2E908CC6      9D       0       0       0       0    5B98     3B7       0       0
  330000000             170000000             170000000             4.8879356E-05         1.0000000E+30           1097931       
 NEXT SEEDS:2A0CB60A      9F       0       0       0       0    5B98     3B7       0       0
  340000000             160000000             160000000             4.8829314E-05         1.0000000E+30           1131251       
 NEXT SEEDS:258227A1      A1       0       0       0       0    5B98     3B7       0       0
  350000000             150000000             150000000             4.8797483E-05         1.0000000E+30           1164596       
 NEXT SEEDS:2100C32F      A3       0       0       0       0    5B98     3B7       0       0
  360000000             140000000             140000000             4.8754009E-05         1.0000000E+30           1197822       
 NEXT SEEDS:1C739959      A5       0       0       0       0    5B98     3B7       0       0
  370000000             130000000             130000000             4.8722382E-05         1.0000000E+30           1231245       
 NEXT SEEDS:17F30B9F      A7       0       0       0       0    5B98     3B7       0       0
  380000000             120000000             120000000             4.8686230E-05         1.0000000E+30           1264580       
 NEXT SEEDS:1365975A      A9       0       0       0       0    5B98     3B7       0       0
  390000000             110000000             110000000             4.8653210E-05         1.0000000E+30           1298064       
 NEXT SEEDS: EE59E8C      AB       0       0       0       0    5B98     3B7       0       0
  *** Rcfset:kprin,bfcmax,epat00,ppat00,ravpot           1 -0.19301897861070394       0.94234540306767423        8.7521031586935374E-002   12.440777676959296     
  ***RCFSET:EPAT00,VCOUMX,AM(KPRIN),KPRIN  0.94234540306767423        4.4737960060868935E-003  0.93827231000000000                1
  400000000             100000000             100000000             4.8679565E-05         1.0000000E+30           1331368       
 NEXT SEEDS: A5FB826      AD       0       0       0       0    5B98     3B7       0       0
  410000000              90000000              90000000             4.8664129E-05         1.0000000E+30           1364922       
 NEXT SEEDS: 5DDEF65      AF       0       0       0       0    5B98     3B7       0       0
  420000000              80000000              80000000             4.8656045E-05         1.0000000E+30           1398341       
 NEXT SEEDS: 15A9FE5      B1       0       0       0       0    5B98     3B7       0       0
  430000000              70000000              70000000             4.8652503E-05         1.0000000E+30           1431748       
 NEXT SEEDS:387D6A6A      B2       0       0       0       0    5B98     3B7       0       0
  440000000              60000000              60000000             4.8656854E-05         1.0000000E+30           1465191       
 NEXT SEEDS:33F75F0D      B4       0       0       0       0    5B98     3B7       0       0
  450000000              50000000              50000000             4.8646545E-05         1.0000000E+30           1498588       
 NEXT SEEDS:2F7DB76E      B6       0       0       0       0    5B98     3B7       0       0
  460000000              40000000              40000000             4.8656063E-05         1.0000000E+30           1531620       
 NEXT SEEDS:2AF6A7F1      B8       0       0       0       0    5B98     3B7       0       0
  470000000              30000000              30000000             4.8663086E-05         1.0000000E+30           1564948       
 NEXT SEEDS:2674052D      BA       0       0       0       0    5B98     3B7       0       0
  480000000              20000000              20000000             4.8660905E-05         1.0000000E+30           1598129       
 NEXT SEEDS:21E85284      BC       0       0       0       0    5B98     3B7       0       0
  490000000              10000000              10000000             4.8649749E-05         1.0000000E+30           1631066       
 NEXT SEEDS:1D5A6AE7      BE       0       0       0       0    5B98     3B7       0       0
  499999950                    50                    50             4.8643267E-05         1.0000000E+30           1664447       
 NEXT SEEDS:18DC7BD0      C0       0       0       0       0    5B98     3B7       0       0
  499999951                    49                    49             4.8643266E-05         1.0000000E+30           1664447       
 NEXT SEEDS:18DC7C9E      C0       0       0       0       0    5B98     3B7       0       0
  499999952                    48                    48             4.8643270E-05         1.0000000E+30           1664447       
 NEXT SEEDS:18DC7CA5      C0       0       0       0       0    5B98     3B7       0       0
  499999953                    47                    47             4.8643270E-05         1.0000000E+30           1664447       
 NEXT SEEDS:18DC7CAC      C0       0       0       0       0    5B98     3B7       0       0
  499999954                    46                    46             4.8643270E-05         1.0000000E+30           1664447       
 NEXT SEEDS:18DC7D81      C0       0       0       0       0    5B98     3B7       0       0
  499999955                    45                    45             4.8643270E-05         1.0000000E+30           1664447       
 NEXT SEEDS:18DC7E46      C0       0       0       0       0    5B98     3B7       0       0
  499999956                    44                    44             4.8643270E-05         1.0000000E+30           1664447       
 NEXT SEEDS:18DC7F1B      C0       0       0       0       0    5B98     3B7       0       0
  499999957                    43                    43             4.8643270E-05         1.0000000E+30           1664447       
 NEXT SEEDS:18DC7FDF      C0       0       0       0       0    5B98     3B7       0       0
  499999958                    42                    42             4.8643270E-05         1.0000000E+30           1664447       
 NEXT SEEDS:18DC7FE6      C0       0       0       0       0    5B98     3B7       0       0
  499999959                    41                    41             4.8643274E-05         1.0000000E+30           1664447       
 NEXT SEEDS:18DC80C9      C0       0       0       0       0    5B98     3B7       0       0
  499999960                    40                    40             4.8643273E-05         1.0000000E+30           1664447       
 NEXT SEEDS:18DC8197      C0       0       0       0       0    5B98     3B7       0       0
  499999961                    39                    39             4.8643273E-05         1.0000000E+30           1664447       
 NEXT SEEDS:18DC831D      C0       0       0       0       0    5B98     3B7       0       0
  499999962                    38                    38             4.8643273E-05         1.0000000E+30           1664447       
 NEXT SEEDS:18DC83E0      C0       0       0       0       0    5B98     3B7       0       0
  499999963                    37                    37             4.8643273E-05         1.0000000E+30           1664447       
 NEXT SEEDS:18DC84D8      C0       0       0       0       0    5B98     3B7       0       0
  499999964                    36                    36             4.8643273E-05         1.0000000E+30           1664447       
 NEXT SEEDS:18DC84DF      C0       0       0       0       0    5B98     3B7       0       0
  499999965                    35                    35             4.8643273E-05         1.0000000E+30           1664447       
 NEXT SEEDS:18DC85AE      C0       0       0       0       0    5B98     3B7       0       0
  499999966                    34                    34             4.8643273E-05         1.0000000E+30           1664447       
 NEXT SEEDS:18DC868F      C0       0       0       0       0    5B98     3B7       0       0
  499999967                    33                    33             4.8643273E-05         1.0000000E+30           1664447       
 NEXT SEEDS:18DC8773      C0       0       0       0       0    5B98     3B7       0       0
  499999968                    32                    32             4.8643273E-05         1.0000000E+30           1664447       
 NEXT SEEDS:18DC8848      C0       0       0       0       0    5B98     3B7       0       0
  499999969                    31                    31             4.8643276E-05         1.0000000E+30           1664447       
 NEXT SEEDS:18DC8906      C0       0       0       0       0    5B98     3B7       0       0
  499999970                    30                    30             4.8643276E-05         1.0000000E+30           1664447       
 NEXT SEEDS:18DC89D6      C0       0       0       0       0    5B98     3B7       0       0
  499999971                    29                    29             4.8643276E-05         1.0000000E+30           1664447       
 NEXT SEEDS:18DC8A9F      C0       0       0       0       0    5B98     3B7       0       0
  499999972                    28                    28             4.8643276E-05         1.0000000E+30           1664447       
 NEXT SEEDS:18DC8B71      C0       0       0       0       0    5B98     3B7       0       0
  499999973                    27                    27             4.8643276E-05         1.0000000E+30           1664447       
 NEXT SEEDS:18DC8B78      C0       0       0       0       0    5B98     3B7       0       0
  499999974                    26                    26             4.8643276E-05         1.0000000E+30           1664447       
 NEXT SEEDS:18DC8C37      C0       0       0       0       0    5B98     3B7       0       0
  499999975                    25                    25             4.8643276E-05         1.0000000E+30           1664447       
 NEXT SEEDS:18DC8D08      C0       0       0       0       0    5B98     3B7       0       0
  499999976                    24                    24             4.8643276E-05         1.0000000E+30           1664447       
 NEXT SEEDS:18DC8DD1      C0       0       0       0       0    5B98     3B7       0       0
  499999977                    23                    23             4.8643276E-05         1.0000000E+30           1664447       
 NEXT SEEDS:18DC8EA2      C0       0       0       0       0    5B98     3B7       0       0
  499999978                    22                    22             4.8643276E-05         1.0000000E+30           1664447       
 NEXT SEEDS:18DC8EAB      C0       0       0       0       0    5B98     3B7       0       0
  499999979                    21                    21             4.8643279E-05         1.0000000E+30           1664447       
 NEXT SEEDS:18DC8F7A      C0       0       0       0       0    5B98     3B7       0       0
  499999980                    20                    20             4.8643279E-05         1.0000000E+30           1664447       
 NEXT SEEDS:18DC8F81      C0       0       0       0       0    5B98     3B7       0       0
  499999981                    19                    19             4.8643279E-05         1.0000000E+30           1664447       
 NEXT SEEDS:18DC905A      C0       0       0       0       0    5B98     3B7       0       0
  499999982                    18                    18             4.8643279E-05         1.0000000E+30           1664447       
 NEXT SEEDS:18DC913A      C0       0       0       0       0    5B98     3B7       0       0
  499999983                    17                    17             4.8643279E-05         1.0000000E+30           1664447       
 NEXT SEEDS:18DC921E      C0       0       0       0       0    5B98     3B7       0       0
  499999984                    16                    16             4.8643279E-05         1.0000000E+30           1664447       
 NEXT SEEDS:18DC92E7      C0       0       0       0       0    5B98     3B7       0       0
  499999985                    15                    15             4.8643279E-05         1.0000000E+30           1664447       
 NEXT SEEDS:18DC93B2      C0       0       0       0       0    5B98     3B7       0       0
  499999986                    14                    14             4.8643279E-05         1.0000000E+30           1664447       
 NEXT SEEDS:18DC9482      C0       0       0       0       0    5B98     3B7       0       0
  499999987                    13                    13             4.8643279E-05         1.0000000E+30           1664447       
 NEXT SEEDS:18DC9567      C0       0       0       0       0    5B98     3B7       0       0
  499999988                    12                    12             4.8643282E-05         1.0000000E+30           1664447       
 NEXT SEEDS:18DC9644      C0       0       0       0       0    5B98     3B7       0       0
  499999989                    11                    11             4.8643282E-05         1.0000000E+30           1664447       
 NEXT SEEDS:18DC971A      C0       0       0       0       0    5B98     3B7       0       0
  499999990                    10                    10             4.8643282E-05         1.0000000E+30           1664447       
 NEXT SEEDS:18DC9721      C0       0       0       0       0    5B98     3B7       0       0
  499999991                     9                     9             4.8643282E-05         1.0000000E+30           1664447       
 NEXT SEEDS:18DC9801      C0       0       0       0       0    5B98     3B7       0       0
  499999992                     8                     8             4.8643282E-05         1.0000000E+30           1664447       
 NEXT SEEDS:18DC98D8      C0       0       0       0       0    5B98     3B7       0       0
  499999993                     7                     7             4.8643282E-05         1.0000000E+30           1664447       
 NEXT SEEDS:18DC98E1      C0       0       0       0       0    5B98     3B7       0       0
  499999994                     6                     6             4.8643282E-05         1.0000000E+30           1664447       
 NEXT SEEDS:18DC99AD      C0       0       0       0       0    5B98     3B7       0       0
  499999995                     5                     5             4.8643282E-05         1.0000000E+30           1664447       
 NEXT SEEDS:18DC9A8B      C0       0       0       0       0    5B98     3B7       0       0
  499999996                     4                     4             4.8643282E-05         1.0000000E+30           1664447       
 NEXT SEEDS:18DC9B5B      C0       0       0       0       0    5B98     3B7       0       0
  499999997                     3                     3             4.8643282E-05         1.0000000E+30           1664447       
 NEXT SEEDS:18DC9C34      C0       0       0       0       0    5B98     3B7       0       0
  499999998                     2                     2             4.8643285E-05         1.0000000E+30           1664447       
 NEXT SEEDS:18DC9D0D      C0       0       0       0       0    5B98     3B7       0       0
  499999999                     1                     1             4.8643285E-05         1.0000000E+30           1664447       
 NEXT SEEDS:18DC9DE9      C0       0       0       0       0    5B98     3B7       0       0
  500000000                     0                     1             4.8643285E-05         1.0000000E+30           1664447       
 NEXT SEEDS:18DC9EC5      C0       0       0       0       0    5B98     3B7       0       0
