1NUMBER OF BEAM       NUMBER OF BEAM        APPROXIMATE NUMBER    AVERAGE TIME USED     TIME LEFT (RESERVED   NUMBER OF STARS
 PARTICLES HANDLED    PARTICLES LEFT        OF BEAM PARTICLES     BY A BEAM PARTICLE     10000.0 SECONDS      CREATED
                                            THAT CAN STILL BE                           FOR PRINTOUT)
                                            HANDLED

 NEXT SEEDS:18B0AB50      C0       0       0       0       0    5B95     3B7       0       0
          1             499999999             499999999             1.3494492E-04         1.0000000E+30                 0       
 NEXT SEEDS:18B0AC26      C0       0       0       0       0    5B95     3B7       0       0
   10000000             490000000             490000000             4.7724664E-05         1.0000000E+30             33128       
 NEXT SEEDS:142981B3      C2       0       0       0       0    5B95     3B7       0       0
   20000000             480000000             480000000             4.8783412E-05         1.0000000E+30             66358       
 NEXT SEEDS: F9E6373      C4       0       0       0       0    5B95     3B7       0       0
   30000000             470000000             470000000             4.9427996E-05         1.0000000E+30             99636       
 NEXT SEEDS: B1A0454      C6       0       0       0       0    5B95     3B7       0       0
   40000000             460000000             460000000             4.9594489E-05         1.0000000E+30            132866       
 NEXT SEEDS: 6937854      C8       0       0       0       0    5B95     3B7       0       0
   50000000             450000000             450000000             4.9718033E-05         1.0000000E+30            166284       
 NEXT SEEDS: 20DCC53      CA       0       0       0       0    5B95     3B7       0       0
   60000000             440000000             440000000             4.9466077E-05         1.0000000E+30            199459       
 NEXT SEEDS:392005D9      CB       0       0       0       0    5B95     3B7       0       0
   70000000             430000000             430000000             4.9173476E-05         1.0000000E+30            232501       
 NEXT SEEDS:3496E6D1      CD       0       0       0       0    5B95     3B7       0       0
   80000000             420000000             420000000             4.8976844E-05         1.0000000E+30            265979       
 NEXT SEEDS:301A6F83      CF       0       0       0       0    5B95     3B7       0       0
   90000000             410000000             410000000             4.8753833E-05         1.0000000E+30            299047       
 NEXT SEEDS:2B9640D9      D1       0       0       0       0    5B95     3B7       0       0
  100000000             400000000             400000000             4.8692176E-05         1.0000000E+30            332162       
 NEXT SEEDS:2709CD59      D3       0       0       0       0    5B95     3B7       0       0
  110000000             390000000             390000000             4.8710931E-05         1.0000000E+30            365516       
 NEXT SEEDS:22883DC3      D5       0       0       0       0    5B95     3B7       0       0
  120000000             380000000             380000000             4.8671788E-05         1.0000000E+30            398916       
 NEXT SEEDS:1E0D4302      D7       0       0       0       0    5B95     3B7       0       0
  130000000             370000000             370000000             4.8643181E-05         1.0000000E+30            432549       
 NEXT SEEDS:199090D0      D9       0       0       0       0    5B95     3B7       0       0
  140000000             360000000             360000000             4.8619617E-05         1.0000000E+30            465646       
 NEXT SEEDS:150D6673      DB       0       0       0       0    5B95     3B7       0       0
  150000000             350000000             350000000             4.8613693E-05         1.0000000E+30            498942       
 NEXT SEEDS:108947F7      DD       0       0       0       0    5B95     3B7       0       0
  160000000             340000000             340000000             4.8571880E-05         1.0000000E+30            532290       
 NEXT SEEDS: C03C2D9      DF       0       0       0       0    5B95     3B7       0       0
  170000000             330000000             330000000             4.8531654E-05         1.0000000E+30            565394       
 NEXT SEEDS: 7770B58      E1       0       0       0       0    5B95     3B7       0       0
  180000000             320000000             320000000             4.8489064E-05         1.0000000E+30            598675       
 NEXT SEEDS: 2E9DC44      E3       0       0       0       0    5B95     3B7       0       0
  190000000             310000000             310000000             4.8448131E-05         1.0000000E+30            631672       
 NEXT SEEDS:39F75C95      E4       0       0       0       0    5B95     3B7       0       0
  200000000             300000000             300000000             4.8460021E-05         1.0000000E+30            664785       
 NEXT SEEDS:3570C714      E6       0       0       0       0    5B95     3B7       0       0
  210000000             290000000             290000000             4.8479303E-05         1.0000000E+30            698320       
 NEXT SEEDS:30F1DA14      E8       0       0       0       0    5B95     3B7       0       0
  220000000             280000000             280000000             4.8523900E-05         1.0000000E+30            731841       
 NEXT SEEDS:2C719F99      EA       0       0       0       0    5B95     3B7       0       0
  230000000             270000000             270000000             4.8530737E-05         1.0000000E+30            765316       
 NEXT SEEDS:27EDDEF3      EC       0       0       0       0    5B95     3B7       0       0
  240000000             260000000             260000000             4.8576043E-05         1.0000000E+30            798718       
 NEXT SEEDS:23675E7B      EE       0       0       0       0    5B95     3B7       0       0
  250000000             250000000             250000000             4.8558466E-05         1.0000000E+30            831644       
 NEXT SEEDS:1ED4B4DC      F0       0       0       0       0    5B95     3B7       0       0
  260000000             240000000             240000000             4.8506469E-05         1.0000000E+30            865347       
 NEXT SEEDS:1A581947      F2       0       0       0       0    5B95     3B7       0       0
  270000000             230000000             230000000             4.8497780E-05         1.0000000E+30            898622       
 NEXT SEEDS:15D3D27F      F4       0       0       0       0    5B95     3B7       0       0
  280000000             220000000             220000000             4.8816725E-05         1.0000000E+30            931776       
 NEXT SEEDS:1146C00F      F6       0       0       0       0    5B95     3B7       0       0
  290000000             210000000             210000000             4.8853554E-05         1.0000000E+30            965099       
 NEXT SEEDS: CC9A7DE      F8       0       0       0       0    5B95     3B7       0       0
  300000000             200000000             200000000             4.8794444E-05         1.0000000E+30            998440       
 NEXT SEEDS: 84148CE      FA       0       0       0       0    5B95     3B7       0       0
  310000000             190000000             190000000             4.8743587E-05         1.0000000E+30           1032138       
 NEXT SEEDS: 3C25190      FC       0       0       0       0    5B95     3B7       0       0
  320000000             180000000             180000000             4.8693421E-05         1.0000000E+30           1065276       
 NEXT SEEDS:3AD8C340      FD       0       0       0       0    5B95     3B7       0       0
  330000000             170000000             170000000             4.8650208E-05         1.0000000E+30           1098446       
 NEXT SEEDS:364FEA78      FF       0       0       0       0    5B95     3B7       0       0
  340000000             160000000             160000000             4.8612389E-05         1.0000000E+30           1131940       
 NEXT SEEDS:31CE0CAB     101       0       0       0       0    5B95     3B7       0       0
  350000000             150000000             150000000             4.8574367E-05         1.0000000E+30           1165167       
 NEXT SEEDS:2D48810F     103       0       0       0       0    5B95     3B7       0       0
  360000000             140000000             140000000             4.8558771E-05         1.0000000E+30           1198211       
 NEXT SEEDS:28BCA6D2     105       0       0       0       0    5B95     3B7       0       0
  *** Rcfset:kprin,bfcmax,epat00,ppat00,ravpot           1  -3.0119810661364266E-002  0.94299112675812125        9.4219623390327190E-002   12.440777676959296     
  370000000             130000000             130000000             4.8548256E-05         1.0000000E+30           1231319       
 NEXT SEEDS:2434948E     107       0       0       0       0    5B95     3B7       0       0
  380000000             120000000             120000000             4.8534666E-05         1.0000000E+30           1264702       
 NEXT SEEDS:1FAC44DF     109       0       0       0       0    5B95     3B7       0       0
  390000000             110000000             110000000             4.8541064E-05         1.0000000E+30           1298319       
 NEXT SEEDS:1B2E2279     10B       0       0       0       0    5B95     3B7       0       0
  400000000             100000000             100000000             4.8533665E-05         1.0000000E+30           1331308       
 NEXT SEEDS:16A7A191     10D       0       0       0       0    5B95     3B7       0       0
  410000000              90000000              90000000             4.8507863E-05         1.0000000E+30           1364588       
 NEXT SEEDS:122463D0     10F       0       0       0       0    5B95     3B7       0       0
  *** Rcfset:kprin,bfcmax,epat00,ppat00,ravpot           1  -8.1924088925684257E-002  0.94276464112176450        9.1925191523941005E-002   12.440777676959296     
  420000000              80000000              80000000             4.8487126E-05         1.0000000E+30           1397718       
 NEXT SEEDS: D9E37B2     111       0       0       0       0    5B95     3B7       0       0
  430000000              70000000              70000000             4.8475389E-05         1.0000000E+30           1430910       
 NEXT SEEDS: 9178DEB     113       0       0       0       0    5B95     3B7       0       0
  440000000              60000000              60000000             4.8456972E-05         1.0000000E+30           1464184       
 NEXT SEEDS: 495DD35     115       0       0       0       0    5B95     3B7       0       0
  450000000              50000000              50000000             4.8440463E-05         1.0000000E+30           1497440       
 NEXT SEEDS:  1059F0     117       0       0       0       0    5B95     3B7       0       0
  460000000              40000000              40000000             4.8428565E-05         1.0000000E+30           1530912       
 NEXT SEEDS:37265CC9     118       0       0       0       0    5B95     3B7       0       0
  470000000              30000000              30000000             4.8430176E-05         1.0000000E+30           1564170       
 NEXT SEEDS:32A0715E     11A       0       0       0       0    5B95     3B7       0       0
  480000000              20000000              20000000             4.8434451E-05         1.0000000E+30           1597318       
 NEXT SEEDS:2E1A0CB4     11C       0       0       0       0    5B95     3B7       0       0
  490000000              10000000              10000000             4.8437762E-05         1.0000000E+30           1630476       
 NEXT SEEDS:298D538D     11E       0       0       0       0    5B95     3B7       0       0
  499999950                    50                    50             4.8436796E-05         1.0000000E+30           1663992       
 NEXT SEEDS:250BE699     120       0       0       0       0    5B95     3B7       0       0
  499999951                    49                    49             4.8436800E-05         1.0000000E+30           1663992       
 NEXT SEEDS:250BE766     120       0       0       0       0    5B95     3B7       0       0
  499999952                    48                    48             4.8436800E-05         1.0000000E+30           1663992       
 NEXT SEEDS:250BE83F     120       0       0       0       0    5B95     3B7       0       0
  499999953                    47                    47             4.8436800E-05         1.0000000E+30           1663992       
 NEXT SEEDS:250BE90E     120       0       0       0       0    5B95     3B7       0       0
  499999954                    46                    46             4.8436800E-05         1.0000000E+30           1663992       
 NEXT SEEDS:250BE9F0     120       0       0       0       0    5B95     3B7       0       0
  499999955                    45                    45             4.8436800E-05         1.0000000E+30           1663992       
 NEXT SEEDS:250BEABA     120       0       0       0       0    5B95     3B7       0       0
  499999956                    44                    44             4.8436800E-05         1.0000000E+30           1663992       
 NEXT SEEDS:250BEB7A     120       0       0       0       0    5B95     3B7       0       0
  499999957                    43                    43             4.8436800E-05         1.0000000E+30           1663992       
 NEXT SEEDS:250BEC3E     120       0       0       0       0    5B95     3B7       0       0
  499999958                    42                    42             4.8436800E-05         1.0000000E+30           1663992       
 NEXT SEEDS:250BED14     120       0       0       0       0    5B95     3B7       0       0
  499999959                    41                    41             4.8436799E-05         1.0000000E+30           1663992       
 NEXT SEEDS:250BEDF6     120       0       0       0       0    5B95     3B7       0       0
  499999960                    40                    40             4.8436803E-05         1.0000000E+30           1663992       
 NEXT SEEDS:250BEED7     120       0       0       0       0    5B95     3B7       0       0
  499999961                    39                    39             4.8436803E-05         1.0000000E+30           1663992       
 NEXT SEEDS:250BEFAA     120       0       0       0       0    5B95     3B7       0       0
  499999962                    38                    38             4.8436803E-05         1.0000000E+30           1663992       
 NEXT SEEDS:250BF08B     120       0       0       0       0    5B95     3B7       0       0
  499999963                    37                    37             4.8436803E-05         1.0000000E+30           1663992       
 NEXT SEEDS:250BF158     120       0       0       0       0    5B95     3B7       0       0
  499999964                    36                    36             4.8436803E-05         1.0000000E+30           1663992       
 NEXT SEEDS:250BF221     120       0       0       0       0    5B95     3B7       0       0
  499999965                    35                    35             4.8436803E-05         1.0000000E+30           1663992       
 NEXT SEEDS:250BF2F5     120       0       0       0       0    5B95     3B7       0       0
  499999966                    34                    34             4.8436803E-05         1.0000000E+30           1663992       
 NEXT SEEDS:250BF2FC     120       0       0       0       0    5B95     3B7       0       0
  499999967                    33                    33             4.8436803E-05         1.0000000E+30           1663992       
 NEXT SEEDS:250BF3D7     120       0       0       0       0    5B95     3B7       0       0
  499999968                    32                    32             4.8436802E-05         1.0000000E+30           1663992       
 NEXT SEEDS:250BF4A9     120       0       0       0       0    5B95     3B7       0       0
  499999969                    31                    31             4.8436802E-05         1.0000000E+30           1663992       
 NEXT SEEDS:250BF58C     120       0       0       0       0    5B95     3B7       0       0
  499999970                    30                    30             4.8436802E-05         1.0000000E+30           1663992       
 NEXT SEEDS:250BF662     120       0       0       0       0    5B95     3B7       0       0
  499999971                    29                    29             4.8436802E-05         1.0000000E+30           1663992       
 NEXT SEEDS:250BF73B     120       0       0       0       0    5B95     3B7       0       0
  499999972                    28                    28             4.8436802E-05         1.0000000E+30           1663992       
 NEXT SEEDS:250BF80F     120       0       0       0       0    5B95     3B7       0       0
  499999973                    27                    27             4.8436802E-05         1.0000000E+30           1663992       
 NEXT SEEDS:250BF8E4     120       0       0       0       0    5B95     3B7       0       0
  499999974                    26                    26             4.8436802E-05         1.0000000E+30           1663992       
 NEXT SEEDS:250BF9B4     120       0       0       0       0    5B95     3B7       0       0
  499999975                    25                    25             4.8436802E-05         1.0000000E+30           1663992       
 NEXT SEEDS:250BFA7F     120       0       0       0       0    5B95     3B7       0       0
  499999976                    24                    24             4.8436802E-05         1.0000000E+30           1663992       
 NEXT SEEDS:250BFA88     120       0       0       0       0    5B95     3B7       0       0
  499999977                    23                    23             4.8436802E-05         1.0000000E+30           1663992       
 NEXT SEEDS:250BFB55     120       0       0       0       0    5B95     3B7       0       0
  499999978                    22                    22             4.8436802E-05         1.0000000E+30           1663992       
 NEXT SEEDS:250BFC26     120       0       0       0       0    5B95     3B7       0       0
  499999979                    21                    21             4.8436801E-05         1.0000000E+30           1663992       
 NEXT SEEDS:250BFCF5     120       0       0       0       0    5B95     3B7       0       0
  499999980                    20                    20             4.8436801E-05         1.0000000E+30           1663992       
 NEXT SEEDS:250BFDC8     120       0       0       0       0    5B95     3B7       0       0
  499999981                    19                    19             4.8436801E-05         1.0000000E+30           1663992       
 NEXT SEEDS:250BFEAA     120       0       0       0       0    5B95     3B7       0       0
  499999982                    18                    18             4.8436801E-05         1.0000000E+30           1663992       
 NEXT SEEDS:250BFF86     120       0       0       0       0    5B95     3B7       0       0
  499999983                    17                    17             4.8436801E-05         1.0000000E+30           1663992       
 NEXT SEEDS:250C0056     120       0       0       0       0    5B95     3B7       0       0
  499999984                    16                    16             4.8436801E-05         1.0000000E+30           1663992       
 NEXT SEEDS:250C011E     120       0       0       0       0    5B95     3B7       0       0
  499999985                    15                    15             4.8436801E-05         1.0000000E+30           1663992       
 NEXT SEEDS:250C022D     120       0       0       0       0    5B95     3B7       0       0
  499999986                    14                    14             4.8436801E-05         1.0000000E+30           1663992       
 NEXT SEEDS:250C030B     120       0       0       0       0    5B95     3B7       0       0
  499999987                    13                    13             4.8436801E-05         1.0000000E+30           1663992       
 NEXT SEEDS:250C03E0     120       0       0       0       0    5B95     3B7       0       0
  499999988                    12                    12             4.8436804E-05         1.0000000E+30           1663992       
 NEXT SEEDS:250C04BB     120       0       0       0       0    5B95     3B7       0       0
  499999989                    11                    11             4.8436804E-05         1.0000000E+30           1663992       
 NEXT SEEDS:250C058F     120       0       0       0       0    5B95     3B7       0       0
  499999990                    10                    10             4.8436804E-05         1.0000000E+30           1663992       
 NEXT SEEDS:250C066E     120       0       0       0       0    5B95     3B7       0       0
  499999991                     9                     9             4.8436804E-05         1.0000000E+30           1663992       
 NEXT SEEDS:250C0739     120       0       0       0       0    5B95     3B7       0       0
  499999992                     8                     8             4.8436804E-05         1.0000000E+30           1663992       
 NEXT SEEDS:250C080C     120       0       0       0       0    5B95     3B7       0       0
  499999993                     7                     7             4.8436804E-05         1.0000000E+30           1663992       
 NEXT SEEDS:250C0813     120       0       0       0       0    5B95     3B7       0       0
  499999994                     6                     6             4.8436804E-05         1.0000000E+30           1663992       
 NEXT SEEDS:250C081A     120       0       0       0       0    5B95     3B7       0       0
  499999995                     5                     5             4.8436804E-05         1.0000000E+30           1663992       
 NEXT SEEDS:250C08FC     120       0       0       0       0    5B95     3B7       0       0
  499999996                     4                     4             4.8436804E-05         1.0000000E+30           1663992       
 NEXT SEEDS:250C09DF     120       0       0       0       0    5B95     3B7       0       0
  499999997                     3                     3             4.8436804E-05         1.0000000E+30           1663992       
 NEXT SEEDS:250C0AC1     120       0       0       0       0    5B95     3B7       0       0
  499999998                     2                     2             4.8436807E-05         1.0000000E+30           1663992       
 NEXT SEEDS:250C0AC8     120       0       0       0       0    5B95     3B7       0       0
  499999999                     1                     1             4.8436807E-05         1.0000000E+30           1663992       
 NEXT SEEDS:250C0B99     120       0       0       0       0    5B95     3B7       0       0
  500000000                     0                     1             4.8436807E-05         1.0000000E+30           1663992       
 NEXT SEEDS:250C0BA2     120       0       0       0       0    5B95     3B7       0       0
