1NUMBER OF BEAM       NUMBER OF BEAM        APPROXIMATE NUMBER    AVERAGE TIME USED     TIME LEFT (RESERVED   NUMBER OF STARS
 PARTICLES HANDLED    PARTICLES LEFT        OF BEAM PARTICLES     BY A BEAM PARTICLE     10000.0 SECONDS      CREATED
                                            THAT CAN STILL BE                           FOR PRINTOUT)
                                            HANDLED

 NEXT SEEDS:34AE20B5     361       0       0       0       0    5B96     3B7       0       0
          1             499999999             499999999             6.3896179E-05         1.0000000E+30                 0       
 NEXT SEEDS:34AE20BC     361       0       0       0       0    5B96     3B7       0       0
   10000000             490000000             490000000             4.9103267E-05         1.0000000E+30             32814       
 NEXT SEEDS:3022859B     363       0       0       0       0    5B96     3B7       0       0
   20000000             480000000             480000000             4.8664986E-05         1.0000000E+30             66261       
 NEXT SEEDS:2B9C268A     365       0       0       0       0    5B96     3B7       0       0
   30000000             470000000             470000000             4.8398329E-05         1.0000000E+30             99609       
 NEXT SEEDS:271337D4     367       0       0       0       0    5B96     3B7       0       0
   40000000             460000000             460000000             4.8347416E-05         1.0000000E+30            133071       
 NEXT SEEDS:2292D0AF     369       0       0       0       0    5B96     3B7       0       0
   50000000             450000000             450000000             4.8271021E-05         1.0000000E+30            166203       
 NEXT SEEDS:1E09AA0E     36B       0       0       0       0    5B96     3B7       0       0
  *** Rcfset:kprin,bfcmax,epat00,ppat00,ravpot           1  -5.1509184277667819E-002  0.94289490199930204        9.3251640755202231E-002   12.440777676959296     
   60000000             440000000             440000000             4.8280140E-05         1.0000000E+30            199733       
 NEXT SEEDS:1985D76B     36D       0       0       0       0    5B96     3B7       0       0
   70000000             430000000             430000000             4.8327404E-05         1.0000000E+30            232988       
 NEXT SEEDS:14FCC175     36F       0       0       0       0    5B96     3B7       0       0
   80000000             420000000             420000000             4.8385532E-05         1.0000000E+30            266381       
 NEXT SEEDS:107F7140     371       0       0       0       0    5B96     3B7       0       0
   90000000             410000000             410000000             4.8425790E-05         1.0000000E+30            300031       
 NEXT SEEDS: C0B22BE     373       0       0       0       0    5B96     3B7       0       0
  100000000             400000000             400000000             4.8422649E-05         1.0000000E+30            333069       
 NEXT SEEDS: 77E8489     375       0       0       0       0    5B96     3B7       0       0
  110000000             390000000             390000000             4.8426863E-05         1.0000000E+30            366449       
 NEXT SEEDS: 2FCA50A     377       0       0       0       0    5B96     3B7       0       0
  120000000             380000000             380000000             4.8422272E-05         1.0000000E+30            399446       
 NEXT SEEDS:3A0F3938     378       0       0       0       0    5B96     3B7       0       0
  130000000             370000000             370000000             4.8454705E-05         1.0000000E+30            432755       
 NEXT SEEDS:358BF395     37A       0       0       0       0    5B96     3B7       0       0
  140000000             360000000             360000000             4.8498405E-05         1.0000000E+30            465998       
 NEXT SEEDS:3106A985     37C       0       0       0       0    5B96     3B7       0       0
  150000000             350000000             350000000             4.8482427E-05         1.0000000E+30            499765       
 NEXT SEEDS:2C8F9122     37E       0       0       0       0    5B96     3B7       0       0
  160000000             340000000             340000000             4.8472148E-05         1.0000000E+30            533108       
 NEXT SEEDS:280770E4     380       0       0       0       0    5B96     3B7       0       0
  170000000             330000000             330000000             4.8426283E-05         1.0000000E+30            566422       
 NEXT SEEDS:2388BE1C     382       0       0       0       0    5B96     3B7       0       0
  180000000             320000000             320000000             4.8451222E-05         1.0000000E+30            599687       
 NEXT SEEDS:1F04F872     384       0       0       0       0    5B96     3B7       0       0
  190000000             310000000             310000000             4.8454026E-05         1.0000000E+30            633052       
 NEXT SEEDS:1A7F2D65     386       0       0       0       0    5B96     3B7       0       0
  200000000             300000000             300000000             4.8486686E-05         1.0000000E+30            666376       
 NEXT SEEDS:1609315A     388       0       0       0       0    5B96     3B7       0       0
  210000000             290000000             290000000             4.8482972E-05         1.0000000E+30            699546       
 NEXT SEEDS:117A8B97     38A       0       0       0       0    5B96     3B7       0       0
  220000000             280000000             280000000             4.8448541E-05         1.0000000E+30            732817       
 NEXT SEEDS: CF98475     38C       0       0       0       0    5B96     3B7       0       0
  230000000             270000000             270000000             4.8407308E-05         1.0000000E+30            766258       
 NEXT SEEDS: 8762B24     38E       0       0       0       0    5B96     3B7       0       0
  240000000             260000000             260000000             4.8360861E-05         1.0000000E+30            799450       
 NEXT SEEDS: 3F1235B     390       0       0       0       0    5B96     3B7       0       0
  250000000             250000000             250000000             4.8325806E-05         1.0000000E+30            832774       
 NEXT SEEDS:3B0D08DA     391       0       0       0       0    5B96     3B7       0       0
  260000000             240000000             240000000             4.8285728E-05         1.0000000E+30            866341       
 NEXT SEEDS:369099D4     393       0       0       0       0    5B96     3B7       0       0
  270000000             230000000             230000000             4.8295458E-05         1.0000000E+30            899719       
 NEXT SEEDS:320CED96     395       0       0       0       0    5B96     3B7       0       0
  280000000             220000000             220000000             4.8281928E-05         1.0000000E+30            932892       
 NEXT SEEDS:2D8189C1     397       0       0       0       0    5B96     3B7       0       0
  290000000             210000000             210000000             4.8297701E-05         1.0000000E+30            966298       
 NEXT SEEDS:2903DBDC     399       0       0       0       0    5B96     3B7       0       0
  300000000             200000000             200000000             4.8276095E-05         1.0000000E+30            999892       
 NEXT SEEDS:24871192     39B       0       0       0       0    5B96     3B7       0       0
  310000000             190000000             190000000             4.8256884E-05         1.0000000E+30           1033099       
 NEXT SEEDS:20029B3F     39D       0       0       0       0    5B96     3B7       0       0
  320000000             180000000             180000000             4.8229939E-05         1.0000000E+30           1066358       
 NEXT SEEDS:1B7B6831     39F       0       0       0       0    5B96     3B7       0       0
  330000000             170000000             170000000             4.8200104E-05         1.0000000E+30           1099652       
 NEXT SEEDS:16F083EB     3A1       0       0       0       0    5B96     3B7       0       0
  340000000             160000000             160000000             4.8172692E-05         1.0000000E+30           1132900       
 NEXT SEEDS:126D336F     3A3       0       0       0       0    5B96     3B7       0       0
  350000000             150000000             150000000             4.8180076E-05         1.0000000E+30           1166438       
 NEXT SEEDS: DF010F4     3A5       0       0       0       0    5B96     3B7       0       0
  360000000             140000000             140000000             4.8199537E-05         1.0000000E+30           1199665       
 NEXT SEEDS: 969D045     3A7       0       0       0       0    5B96     3B7       0       0
  370000000             130000000             130000000             4.8193199E-05         1.0000000E+30           1232757       
 NEXT SEEDS: 4E3090A     3A9       0       0       0       0    5B96     3B7       0       0
  380000000             120000000             120000000             4.8191338E-05         1.0000000E+30           1266129       
 NEXT SEEDS:  62F0D2     3AB       0       0       0       0    5B96     3B7       0       0
  390000000             110000000             110000000             4.8197084E-05         1.0000000E+30           1299398       
 NEXT SEEDS:377FA35F     3AC       0       0       0       0    5B96     3B7       0       0
  400000000             100000000             100000000             4.8192039E-05         1.0000000E+30           1332620       
 NEXT SEEDS:32FC3515     3AE       0       0       0       0    5B96     3B7       0       0
  410000000              90000000              90000000             4.8186789E-05         1.0000000E+30           1365835       
 NEXT SEEDS:2E799D04     3B0       0       0       0       0    5B96     3B7       0       0
  420000000              80000000              80000000             4.8174059E-05         1.0000000E+30           1399229       
 NEXT SEEDS:29F3A244     3B2       0       0       0       0    5B96     3B7       0       0
  430000000              70000000              70000000             4.8182820E-05         1.0000000E+30           1432283       
 NEXT SEEDS:25654FE8     3B4       0       0       0       0    5B96     3B7       0       0
  440000000              60000000              60000000             4.8215952E-05         1.0000000E+30           1465607       
 NEXT SEEDS:20DE369D     3B6       0       0       0       0    5B96     3B7       0       0
  450000000              50000000              50000000             4.8240038E-05         1.0000000E+30           1499034       
 NEXT SEEDS:1C54D4AF     3B8       0       0       0       0    5B96     3B7       0       0
  460000000              40000000              40000000             4.8245646E-05         1.0000000E+30           1532400       
 NEXT SEEDS:17C6A37C     3BA       0       0       0       0    5B96     3B7       0       0
  470000000              30000000              30000000             4.8189767E-05         1.0000000E+30           1565915       
 NEXT SEEDS:134A5C17     3BC       0       0       0       0    5B96     3B7       0       0
  480000000              20000000              20000000             4.8083784E-05         1.0000000E+30           1599238       
 NEXT SEEDS: ECCB4E3     3BE       0       0       0       0    5B96     3B7       0       0
  490000000              10000000              10000000             4.7982325E-05         1.0000000E+30           1632465       
 NEXT SEEDS: A4A4B26     3C0       0       0       0       0    5B96     3B7       0       0
  499999950                    50                    50             4.7817441E-05         1.0000000E+30           1665548       
 NEXT SEEDS: 5BDBABC     3C2       0       0       0       0    5B96     3B7       0       0
  499999951                    49                    49             4.7817441E-05         1.0000000E+30           1665548       
 NEXT SEEDS: 5BDBAC3     3C2       0       0       0       0    5B96     3B7       0       0
  499999952                    48                    48             4.7817441E-05         1.0000000E+30           1665548       
 NEXT SEEDS: 5BDBB9F     3C2       0       0       0       0    5B96     3B7       0       0
  499999953                    47                    47             4.7817441E-05         1.0000000E+30           1665548       
 NEXT SEEDS: 5BDBC97     3C2       0       0       0       0    5B96     3B7       0       0
  499999954                    46                    46             4.7817444E-05         1.0000000E+30           1665548       
 NEXT SEEDS: 5BDBD68     3C2       0       0       0       0    5B96     3B7       0       0
  499999955                    45                    45             4.7817444E-05         1.0000000E+30           1665548       
 NEXT SEEDS: 5BDBD6F     3C2       0       0       0       0    5B96     3B7       0       0
  499999956                    44                    44             4.7817444E-05         1.0000000E+30           1665548       
 NEXT SEEDS: 5BDBE5E     3C2       0       0       0       0    5B96     3B7       0       0
  499999957                    43                    43             4.7817444E-05         1.0000000E+30           1665548       
 NEXT SEEDS: 5BDBF24     3C2       0       0       0       0    5B96     3B7       0       0
  499999958                    42                    42             4.7817444E-05         1.0000000E+30           1665548       
 NEXT SEEDS: 5BDC004     3C2       0       0       0       0    5B96     3B7       0       0
  499999959                    41                    41             4.7817444E-05         1.0000000E+30           1665548       
 NEXT SEEDS: 5BDC0CC     3C2       0       0       0       0    5B96     3B7       0       0
  499999960                    40                    40             4.7817444E-05         1.0000000E+30           1665548       
 NEXT SEEDS: 5BDC1A8     3C2       0       0       0       0    5B96     3B7       0       0
  499999961                    39                    39             4.7817444E-05         1.0000000E+30           1665548       
 NEXT SEEDS: 5BDC1B3     3C2       0       0       0       0    5B96     3B7       0       0
  499999962                    38                    38             4.7817444E-05         1.0000000E+30           1665548       
 NEXT SEEDS: 5BDC1BA     3C2       0       0       0       0    5B96     3B7       0       0
  499999963                    37                    37             4.7817444E-05         1.0000000E+30           1665548       
 NEXT SEEDS: 5BDC280     3C2       0       0       0       0    5B96     3B7       0       0
  499999964                    36                    36             4.7817443E-05         1.0000000E+30           1665548       
 NEXT SEEDS: 5BDC34C     3C2       0       0       0       0    5B96     3B7       0       0
  499999965                    35                    35             4.7817443E-05         1.0000000E+30           1665548       
 NEXT SEEDS: 5BDC40F     3C2       0       0       0       0    5B96     3B7       0       0
  499999966                    34                    34             4.7817447E-05         1.0000000E+30           1665548       
 NEXT SEEDS: 5BDC501     3C2       0       0       0       0    5B96     3B7       0       0
  499999967                    33                    33             4.7817447E-05         1.0000000E+30           1665548       
 NEXT SEEDS: 5BDC5F4     3C2       0       0       0       0    5B96     3B7       0       0
  499999968                    32                    32             4.7817447E-05         1.0000000E+30           1665548       
 NEXT SEEDS: 5BDC6D6     3C2       0       0       0       0    5B96     3B7       0       0
  499999969                    31                    31             4.7817447E-05         1.0000000E+30           1665548       
 NEXT SEEDS: 5BDC7B5     3C2       0       0       0       0    5B96     3B7       0       0
  499999970                    30                    30             4.7817447E-05         1.0000000E+30           1665548       
 NEXT SEEDS: 5BDC885     3C2       0       0       0       0    5B96     3B7       0       0
  499999971                    29                    29             4.7817447E-05         1.0000000E+30           1665548       
 NEXT SEEDS: 5BDC88E     3C2       0       0       0       0    5B96     3B7       0       0
  499999972                    28                    28             4.7817447E-05         1.0000000E+30           1665548       
 NEXT SEEDS: 5BDC94A     3C2       0       0       0       0    5B96     3B7       0       0
  499999973                    27                    27             4.7817447E-05         1.0000000E+30           1665548       
 NEXT SEEDS: 5BDC951     3C2       0       0       0       0    5B96     3B7       0       0
  499999974                    26                    26             4.7817446E-05         1.0000000E+30           1665548       
 NEXT SEEDS: 5BDCA3E     3C2       0       0       0       0    5B96     3B7       0       0
  499999975                    25                    25             4.7817446E-05         1.0000000E+30           1665548       
 NEXT SEEDS: 5BDCB15     3C2       0       0       0       0    5B96     3B7       0       0
  499999976                    24                    24             4.7817446E-05         1.0000000E+30           1665548       
 NEXT SEEDS: 5BDCBE5     3C2       0       0       0       0    5B96     3B7       0       0
  499999977                    23                    23             4.7817446E-05         1.0000000E+30           1665548       
 NEXT SEEDS: 5BDCD6F     3C2       0       0       0       0    5B96     3B7       0       0
  499999978                    22                    22             4.7817450E-05         1.0000000E+30           1665548       
 NEXT SEEDS: 5BDCE49     3C2       0       0       0       0    5B96     3B7       0       0
  499999979                    21                    21             4.7817450E-05         1.0000000E+30           1665548       
 NEXT SEEDS: 5BDCF23     3C2       0       0       0       0    5B96     3B7       0       0
  499999980                    20                    20             4.7817450E-05         1.0000000E+30           1665548       
 NEXT SEEDS: 5BDCFE9     3C2       0       0       0       0    5B96     3B7       0       0
  499999981                    19                    19             4.7817450E-05         1.0000000E+30           1665548       
 NEXT SEEDS: 5BDD0BA     3C2       0       0       0       0    5B96     3B7       0       0
  499999982                    18                    18             4.7817450E-05         1.0000000E+30           1665548       
 NEXT SEEDS: 5BDD186     3C2       0       0       0       0    5B96     3B7       0       0
  499999983                    17                    17             4.7817449E-05         1.0000000E+30           1665548       
 NEXT SEEDS: 5BDD261     3C2       0       0       0       0    5B96     3B7       0       0
  499999984                    16                    16             4.7817449E-05         1.0000000E+30           1665548       
 NEXT SEEDS: 5BDD338     3C2       0       0       0       0    5B96     3B7       0       0
  499999985                    15                    15             4.7817449E-05         1.0000000E+30           1665548       
 NEXT SEEDS: 5BDD40D     3C2       0       0       0       0    5B96     3B7       0       0
  499999986                    14                    14             4.7817449E-05         1.0000000E+30           1665548       
 NEXT SEEDS: 5BDD4D6     3C2       0       0       0       0    5B96     3B7       0       0
  499999987                    13                    13             4.7817449E-05         1.0000000E+30           1665548       
 NEXT SEEDS: 5BDD5BE     3C2       0       0       0       0    5B96     3B7       0       0
  499999988                    12                    12             4.7817449E-05         1.0000000E+30           1665548       
 NEXT SEEDS: 5BDD5C7     3C2       0       0       0       0    5B96     3B7       0       0
  499999989                    11                    11             4.7817449E-05         1.0000000E+30           1665548       
 NEXT SEEDS: 5BDD6B3     3C2       0       0       0       0    5B96     3B7       0       0
  499999990                    10                    10             4.7817453E-05         1.0000000E+30           1665548       
 NEXT SEEDS: 5BDD79D     3C2       0       0       0       0    5B96     3B7       0       0
  499999991                     9                     9             4.7817453E-05         1.0000000E+30           1665548       
 NEXT SEEDS: 5BDD7A4     3C2       0       0       0       0    5B96     3B7       0       0
  499999992                     8                     8             4.7817453E-05         1.0000000E+30           1665548       
 NEXT SEEDS: 5BDD87B     3C2       0       0       0       0    5B96     3B7       0       0
  499999993                     7                     7             4.7817452E-05         1.0000000E+30           1665548       
 NEXT SEEDS: 5BDD96A     3C2       0       0       0       0    5B96     3B7       0       0
  499999994                     6                     6             4.7817452E-05         1.0000000E+30           1665548       
 NEXT SEEDS: 5BDDA47     3C2       0       0       0       0    5B96     3B7       0       0
  499999995                     5                     5             4.7817452E-05         1.0000000E+30           1665548       
 NEXT SEEDS: 5BDDA4E     3C2       0       0       0       0    5B96     3B7       0       0
  499999996                     4                     4             4.7817452E-05         1.0000000E+30           1665548       
 NEXT SEEDS: 5BDDB0E     3C2       0       0       0       0    5B96     3B7       0       0
  499999997                     3                     3             4.7817452E-05         1.0000000E+30           1665548       
 NEXT SEEDS: 5BDDB17     3C2       0       0       0       0    5B96     3B7       0       0
  499999998                     2                     2             4.7817452E-05         1.0000000E+30           1665548       
 NEXT SEEDS: 5BDDBF6     3C2       0       0       0       0    5B96     3B7       0       0
  499999999                     1                     1             4.7817452E-05         1.0000000E+30           1665548       
 NEXT SEEDS: 5BDDBFD     3C2       0       0       0       0    5B96     3B7       0       0
  500000000                     0                     1             4.7817452E-05         1.0000000E+30           1665548       
 NEXT SEEDS: 5BDDCD8     3C2       0       0       0       0    5B96     3B7       0       0
