1NUMBER OF BEAM       NUMBER OF BEAM        APPROXIMATE NUMBER    AVERAGE TIME USED     TIME LEFT (RESERVED   NUMBER OF STARS
 PARTICLES HANDLED    PARTICLES LEFT        OF BEAM PARTICLES     BY A BEAM PARTICLE     10000.0 SECONDS      CREATED
                                            THAT CAN STILL BE                           FOR PRINTOUT)
                                            HANDLED

 NEXT SEEDS: 2CCE021     1E1       0       0       0       0    5B96     3B7       0       0
          1             499999999             499999999             1.7595291E-04         1.0000000E+30                 0       
 NEXT SEEDS: 2CCE0E9     1E1       0       0       0       0    5B96     3B7       0       0
   10000000             490000000             490000000             4.8738058E-05         1.0000000E+30             33147       
 NEXT SEEDS:39E440F3     1E2       0       0       0       0    5B96     3B7       0       0
   20000000             480000000             480000000             4.9136710E-05         1.0000000E+30             66330       
 NEXT SEEDS:35575130     1E4       0       0       0       0    5B96     3B7       0       0
   30000000             470000000             470000000             4.9163910E-05         1.0000000E+30             99918       
 NEXT SEEDS:30D3B53E     1E6       0       0       0       0    5B96     3B7       0       0
   40000000             460000000             460000000             4.9123982E-05         1.0000000E+30            133387       
 NEXT SEEDS:2C595356     1E8       0       0       0       0    5B96     3B7       0       0
   50000000             450000000             450000000             4.8999984E-05         1.0000000E+30            166676       
 NEXT SEEDS:27DCB1FC     1EA       0       0       0       0    5B96     3B7       0       0
   60000000             440000000             440000000             4.9022045E-05         1.0000000E+30            200104       
 NEXT SEEDS:2360BD8E     1EC       0       0       0       0    5B96     3B7       0       0
   70000000             430000000             430000000             4.8980517E-05         1.0000000E+30            232996       
 NEXT SEEDS:1EDC60A2     1EE       0       0       0       0    5B96     3B7       0       0
   80000000             420000000             420000000             4.8937585E-05         1.0000000E+30            266136       
 NEXT SEEDS:1A53D05C     1F0       0       0       0       0    5B96     3B7       0       0
   90000000             410000000             410000000             4.8924251E-05         1.0000000E+30            299364       
 NEXT SEEDS:15CA7042     1F2       0       0       0       0    5B96     3B7       0       0
  100000000             400000000             400000000             4.8914257E-05         1.0000000E+30            332570       
 NEXT SEEDS:114D82D7     1F4       0       0       0       0    5B96     3B7       0       0
  110000000             390000000             390000000             4.8963192E-05         1.0000000E+30            365622       
 NEXT SEEDS: CCA7290     1F6       0       0       0       0    5B96     3B7       0       0
  120000000             380000000             380000000             4.8934903E-05         1.0000000E+30            398726       
 NEXT SEEDS: 8446040     1F8       0       0       0       0    5B96     3B7       0       0
  130000000             370000000             370000000             4.8951528E-05         1.0000000E+30            432097       
 NEXT SEEDS: 3BD3C0C     1FA       0       0       0       0    5B96     3B7       0       0
  140000000             360000000             360000000             4.9000240E-05         1.0000000E+30            465674       
 NEXT SEEDS:3AD8D101     1FB       0       0       0       0    5B96     3B7       0       0
  *** Rcfset:kprin,bfcmax,epat00,ppat00,ravpot           1  -7.4530275998649476E-002  0.94279562726616140        9.2242436434965880E-002   12.440777676959296     
  150000000             350000000             350000000             4.9018792E-05         1.0000000E+30            499031       
 NEXT SEEDS:364EF019     1FD       0       0       0       0    5B96     3B7       0       0
  160000000             340000000             340000000             4.9030755E-05         1.0000000E+30            532071       
 NEXT SEEDS:31C514D1     1FF       0       0       0       0    5B96     3B7       0       0
  170000000             330000000             330000000             4.9012548E-05         1.0000000E+30            565221       
 NEXT SEEDS:2D3B1061     201       0       0       0       0    5B96     3B7       0       0
  180000000             320000000             320000000             4.8952107E-05         1.0000000E+30            598484       
 NEXT SEEDS:28B8685F     203       0       0       0       0    5B96     3B7       0       0
  190000000             310000000             310000000             4.8889024E-05         1.0000000E+30            631900       
 NEXT SEEDS:24386A82     205       0       0       0       0    5B96     3B7       0       0
  200000000             300000000             300000000             4.8842746E-05         1.0000000E+30            665192       
 NEXT SEEDS:1FB3EC9D     207       0       0       0       0    5B96     3B7       0       0
  210000000             290000000             290000000             4.8805485E-05         1.0000000E+30            698711       
 NEXT SEEDS:1B3494F0     209       0       0       0       0    5B96     3B7       0       0
  220000000             280000000             280000000             4.8764091E-05         1.0000000E+30            731913       
 NEXT SEEDS:16AEF62D     20B       0       0       0       0    5B96     3B7       0       0
  230000000             270000000             270000000             4.8806940E-05         1.0000000E+30            764892       
 NEXT SEEDS:1228EACC     20D       0       0       0       0    5B96     3B7       0       0
  240000000             260000000             260000000             4.8804636E-05         1.0000000E+30            798147       
 NEXT SEEDS: D9FED27     20F       0       0       0       0    5B96     3B7       0       0
  250000000             250000000             250000000             4.8832849E-05         1.0000000E+30            831651       
 NEXT SEEDS: 9207402     211       0       0       0       0    5B96     3B7       0       0
  260000000             240000000             240000000             4.8813903E-05         1.0000000E+30            864780       
 NEXT SEEDS: 4992A5E     213       0       0       0       0    5B96     3B7       0       0
  270000000             230000000             230000000             4.8800465E-05         1.0000000E+30            898210       
 NEXT SEEDS:  1E58EC     215       0       0       0       0    5B96     3B7       0       0
  280000000             220000000             220000000             4.8807699E-05         1.0000000E+30            931668       
 NEXT SEEDS:373D34A6     216       0       0       0       0    5B96     3B7       0       0
  290000000             210000000             210000000             4.8804696E-05         1.0000000E+30            965051       
 NEXT SEEDS:32BE5883     218       0       0       0       0    5B96     3B7       0       0
  300000000             200000000             200000000             4.8808930E-05         1.0000000E+30            998455       
 NEXT SEEDS:2E3D5235     21A       0       0       0       0    5B96     3B7       0       0
  310000000             190000000             190000000             4.8809745E-05         1.0000000E+30           1031611       
 NEXT SEEDS:29B9A25B     21C       0       0       0       0    5B96     3B7       0       0
  320000000             180000000             180000000             4.8798897E-05         1.0000000E+30           1065157       
 NEXT SEEDS:253B0A8E     21E       0       0       0       0    5B96     3B7       0       0
  330000000             170000000             170000000             4.8801753E-05         1.0000000E+30           1098303       
 NEXT SEEDS:20C3CF1F     220       0       0       0       0    5B96     3B7       0       0
  340000000             160000000             160000000             4.8802661E-05         1.0000000E+30           1131435       
 NEXT SEEDS:1C396891     222       0       0       0       0    5B96     3B7       0       0
  350000000             150000000             150000000             4.8796346E-05         1.0000000E+30           1164562       
 NEXT SEEDS:17B77911     224       0       0       0       0    5B96     3B7       0       0
  360000000             140000000             140000000             4.8778940E-05         1.0000000E+30           1197639       
 NEXT SEEDS:13340129     226       0       0       0       0    5B96     3B7       0       0
  370000000             130000000             130000000             4.8755174E-05         1.0000000E+30           1230902       
 NEXT SEEDS: EB1DDCC     228       0       0       0       0    5B96     3B7       0       0
  380000000             120000000             120000000             4.8744743E-05         1.0000000E+30           1264092       
 NEXT SEEDS: A321644     22A       0       0       0       0    5B96     3B7       0       0
  390000000             110000000             110000000             4.8720474E-05         1.0000000E+30           1297528       
 NEXT SEEDS: 5AE3654     22C       0       0       0       0    5B96     3B7       0       0
  400000000             100000000             100000000             4.8704337E-05         1.0000000E+30           1330886       
 NEXT SEEDS: 12D8F5D     22E       0       0       0       0    5B96     3B7       0       0
  410000000              90000000              90000000             4.8705760E-05         1.0000000E+30           1364164       
 NEXT SEEDS:38436F4A     22F       0       0       0       0    5B96     3B7       0       0
  420000000              80000000              80000000             4.8702317E-05         1.0000000E+30           1397356       
 NEXT SEEDS:33C2F221     231       0       0       0       0    5B96     3B7       0       0
  430000000              70000000              70000000             4.8693310E-05         1.0000000E+30           1430315       
 NEXT SEEDS:2F2C63E4     233       0       0       0       0    5B96     3B7       0       0
  440000000              60000000              60000000             4.8703286E-05         1.0000000E+30           1463721       
 NEXT SEEDS:2AA8FA2D     235       0       0       0       0    5B96     3B7       0       0
  450000000              50000000              50000000             4.8700912E-05         1.0000000E+30           1497088       
 NEXT SEEDS:26270F44     237       0       0       0       0    5B96     3B7       0       0
  460000000              40000000              40000000             4.8692082E-05         1.0000000E+30           1530205       
 NEXT SEEDS:21A1489C     239       0       0       0       0    5B96     3B7       0       0
  470000000              30000000              30000000             4.8703554E-05         1.0000000E+30           1563900       
 NEXT SEEDS:1D283043     23B       0       0       0       0    5B96     3B7       0       0
  480000000              20000000              20000000             4.8693576E-05         1.0000000E+30           1597152       
 NEXT SEEDS:189F8D4D     23D       0       0       0       0    5B96     3B7       0       0
  490000000              10000000              10000000             4.8687724E-05         1.0000000E+30           1630453       
 NEXT SEEDS:14176DBD     23F       0       0       0       0    5B96     3B7       0       0
  499999950                    50                    50             4.8691205E-05         1.0000000E+30           1663900       
 NEXT SEEDS: F96D43F     241       0       0       0       0    5B96     3B7       0       0
  499999951                    49                    49             4.8691205E-05         1.0000000E+30           1663900       
 NEXT SEEDS: F96D446     241       0       0       0       0    5B96     3B7       0       0
  499999952                    48                    48             4.8691205E-05         1.0000000E+30           1663900       
 NEXT SEEDS: F96D51C     241       0       0       0       0    5B96     3B7       0       0
  499999953                    47                    47             4.8691209E-05         1.0000000E+30           1663900       
 NEXT SEEDS: F96D615     241       0       0       0       0    5B96     3B7       0       0
  499999954                    46                    46             4.8691208E-05         1.0000000E+30           1663900       
 NEXT SEEDS: F96D6E4     241       0       0       0       0    5B96     3B7       0       0
  499999955                    45                    45             4.8691208E-05         1.0000000E+30           1663900       
 NEXT SEEDS: F96D7AB     241       0       0       0       0    5B96     3B7       0       0
  499999956                    44                    44             4.8691208E-05         1.0000000E+30           1663900       
 NEXT SEEDS: F96D87D     241       0       0       0       0    5B96     3B7       0       0
  499999957                    43                    43             4.8691208E-05         1.0000000E+30           1663900       
 NEXT SEEDS: F96D94C     241       0       0       0       0    5B96     3B7       0       0
  499999958                    42                    42             4.8691208E-05         1.0000000E+30           1663900       
 NEXT SEEDS: F96DA18     241       0       0       0       0    5B96     3B7       0       0
  499999959                    41                    41             4.8691208E-05         1.0000000E+30           1663900       
 NEXT SEEDS: F96DAF6     241       0       0       0       0    5B96     3B7       0       0
  499999960                    40                    40             4.8691208E-05         1.0000000E+30           1663900       
 NEXT SEEDS: F96DBD3     241       0       0       0       0    5B96     3B7       0       0
  499999961                    39                    39             4.8691208E-05         1.0000000E+30           1663900       
 NEXT SEEDS: F96DCAC     241       0       0       0       0    5B96     3B7       0       0
  499999962                    38                    38             4.8691208E-05         1.0000000E+30           1663900       
 NEXT SEEDS: F96DD7F     241       0       0       0       0    5B96     3B7       0       0
  499999963                    37                    37             4.8691211E-05         1.0000000E+30           1663900       
 NEXT SEEDS: F96DE80     241       0       0       0       0    5B96     3B7       0       0
  499999964                    36                    36             4.8691211E-05         1.0000000E+30           1663900       
 NEXT SEEDS: F96DF4D     241       0       0       0       0    5B96     3B7       0       0
  499999965                    35                    35             4.8691211E-05         1.0000000E+30           1663900       
 NEXT SEEDS: F96E020     241       0       0       0       0    5B96     3B7       0       0
  499999966                    34                    34             4.8691211E-05         1.0000000E+30           1663900       
 NEXT SEEDS: F96E027     241       0       0       0       0    5B96     3B7       0       0
  499999967                    33                    33             4.8691211E-05         1.0000000E+30           1663900       
 NEXT SEEDS: F96E12B     241       0       0       0       0    5B96     3B7       0       0
  499999968                    32                    32             4.8691211E-05         1.0000000E+30           1663900       
 NEXT SEEDS: F96E1FC     241       0       0       0       0    5B96     3B7       0       0
  499999969                    31                    31             4.8691211E-05         1.0000000E+30           1663900       
 NEXT SEEDS: F96E2CE     241       0       0       0       0    5B96     3B7       0       0
  499999970                    30                    30             4.8691211E-05         1.0000000E+30           1663900       
 NEXT SEEDS: F96E395     241       0       0       0       0    5B96     3B7       0       0
  499999971                    29                    29             4.8691211E-05         1.0000000E+30           1663900       
 NEXT SEEDS: F96E39C     241       0       0       0       0    5B96     3B7       0       0
  499999972                    28                    28             4.8691215E-05         1.0000000E+30           1663900       
 NEXT SEEDS: F96E487     241       0       0       0       0    5B96     3B7       0       0
  499999973                    27                    27             4.8691214E-05         1.0000000E+30           1663900       
 NEXT SEEDS: F96E5E2     241       0       0       0       0    5B96     3B7       0       0
  499999974                    26                    26             4.8691214E-05         1.0000000E+30           1663900       
 NEXT SEEDS: F96E6B8     241       0       0       0       0    5B96     3B7       0       0
  499999975                    25                    25             4.8691214E-05         1.0000000E+30           1663900       
 NEXT SEEDS: F96E78E     241       0       0       0       0    5B96     3B7       0       0
  499999976                    24                    24             4.8691214E-05         1.0000000E+30           1663900       
 NEXT SEEDS: F96E859     241       0       0       0       0    5B96     3B7       0       0
  499999977                    23                    23             4.8691214E-05         1.0000000E+30           1663900       
 NEXT SEEDS: F96E936     241       0       0       0       0    5B96     3B7       0       0
  499999978                    22                    22             4.8691214E-05         1.0000000E+30           1663900       
 NEXT SEEDS: F96E9DA     241       0       0       0       0    5B96     3B7       0       0
  499999979                    21                    21             4.8691214E-05         1.0000000E+30           1663900       
 NEXT SEEDS: F96EAA0     241       0       0       0       0    5B96     3B7       0       0
  499999980                    20                    20             4.8691214E-05         1.0000000E+30           1663900       
 NEXT SEEDS: F96EB7A     241       0       0       0       0    5B96     3B7       0       0
  499999981                    19                    19             4.8691218E-05         1.0000000E+30           1663900       
 NEXT SEEDS: F96EC49     241       0       0       0       0    5B96     3B7       0       0
  499999982                    18                    18             4.8691217E-05         1.0000000E+30           1663900       
 NEXT SEEDS: F96EC54     241       0       0       0       0    5B96     3B7       0       0
  499999983                    17                    17             4.8691217E-05         1.0000000E+30           1663900       
 NEXT SEEDS: F96EDA3     241       0       0       0       0    5B96     3B7       0       0
  499999984                    16                    16             4.8691217E-05         1.0000000E+30           1663900       
 NEXT SEEDS: F96EE6F     241       0       0       0       0    5B96     3B7       0       0
  499999985                    15                    15             4.8691217E-05         1.0000000E+30           1663900       
 NEXT SEEDS: F96EF62     241       0       0       0       0    5B96     3B7       0       0
  499999986                    14                    14             4.8691217E-05         1.0000000E+30           1663900       
 NEXT SEEDS: F96F050     241       0       0       0       0    5B96     3B7       0       0
  499999987                    13                    13             4.8691217E-05         1.0000000E+30           1663900       
 NEXT SEEDS: F96F134     241       0       0       0       0    5B96     3B7       0       0
  499999988                    12                    12             4.8691217E-05         1.0000000E+30           1663900       
 NEXT SEEDS: F96F1F5     241       0       0       0       0    5B96     3B7       0       0
  499999989                    11                    11             4.8691217E-05         1.0000000E+30           1663900       
 NEXT SEEDS: F96F2CA     241       0       0       0       0    5B96     3B7       0       0
  499999990                    10                    10             4.8691217E-05         1.0000000E+30           1663900       
 NEXT SEEDS: F96F3AC     241       0       0       0       0    5B96     3B7       0       0
  499999991                     9                     9             4.8691220E-05         1.0000000E+30           1663900       
 NEXT SEEDS: F96F472     241       0       0       0       0    5B96     3B7       0       0
  499999992                     8                     8             4.8691220E-05         1.0000000E+30           1663900       
 NEXT SEEDS: F96F4C7     241       0       0       0       0    5B96     3B7       0       0
  499999993                     7                     7             4.8691220E-05         1.0000000E+30           1663900       
 NEXT SEEDS: F96F4CE     241       0       0       0       0    5B96     3B7       0       0
  499999994                     6                     6             4.8691220E-05         1.0000000E+30           1663900       
 NEXT SEEDS: F96F5B1     241       0       0       0       0    5B96     3B7       0       0
  499999995                     5                     5             4.8691220E-05         1.0000000E+30           1663900       
 NEXT SEEDS: F96F6AA     241       0       0       0       0    5B96     3B7       0       0
  499999996                     4                     4             4.8691220E-05         1.0000000E+30           1663900       
 NEXT SEEDS: F96F782     241       0       0       0       0    5B96     3B7       0       0
  499999997                     3                     3             4.8691220E-05         1.0000000E+30           1663900       
 NEXT SEEDS: F96F789     241       0       0       0       0    5B96     3B7       0       0
  499999998                     2                     2             4.8691220E-05         1.0000000E+30           1663900       
 NEXT SEEDS: F96F88B     241       0       0       0       0    5B96     3B7       0       0
  499999999                     1                     1             4.8691220E-05         1.0000000E+30           1663900       
 NEXT SEEDS: F96F894     241       0       0       0       0    5B96     3B7       0       0
  500000000                     0                     1             4.8691220E-05         1.0000000E+30           1663900       
 NEXT SEEDS: F96F962     241       0       0       0       0    5B96     3B7       0       0
