1NUMBER OF BEAM       NUMBER OF BEAM        APPROXIMATE NUMBER    AVERAGE TIME USED     TIME LEFT (RESERVED   NUMBER OF STARS
 PARTICLES HANDLED    PARTICLES LEFT        OF BEAM PARTICLES     BY A BEAM PARTICLE     10000.0 SECONDS      CREATED
                                            THAT CAN STILL BE                           FOR PRINTOUT)
                                            HANDLED

 NEXT SEEDS:       0       0       0       0       0       0    5B95     3B7       0       0
          1             499999999             499999999             9.7990036E-05         1.0000000E+30                 0       
 NEXT SEEDS:      DF       0       0       0       0       0    5B95     3B7       0       0
   10000000             490000000             490000000             4.9545630E-05         1.0000000E+30             33094       
 NEXT SEEDS:37106DE3       1       0       0       0       0    5B95     3B7       0       0
   20000000             480000000             480000000             4.9186026E-05         1.0000000E+30             66286       
 NEXT SEEDS:32858612       3       0       0       0       0    5B95     3B7       0       0
   30000000             470000000             470000000             4.9166404E-05         1.0000000E+30             99479       
 NEXT SEEDS:2DFCF9B8       5       0       0       0       0    5B95     3B7       0       0
   40000000             460000000             460000000             4.8999339E-05         1.0000000E+30            132414       
 NEXT SEEDS:2974A8AC       7       0       0       0       0    5B95     3B7       0       0
  *** Rcfset:kprin,bfcmax,epat00,ppat00,ravpot           1  -6.2535244847812477E-002  0.94284681581774266        9.2764165413807873E-002   12.440777676959296     
   50000000             450000000             450000000             4.8826727E-05         1.0000000E+30            165907       
 NEXT SEEDS:24F1EAF1       9       0       0       0       0    5B95     3B7       0       0
   60000000             440000000             440000000             4.8773359E-05         1.0000000E+30            198858       
 NEXT SEEDS:20681BE1       B       0       0       0       0    5B95     3B7       0       0
   70000000             430000000             430000000             4.8745891E-05         1.0000000E+30            232166       
 NEXT SEEDS:1BE40F8E       D       0       0       0       0    5B95     3B7       0       0
   80000000             420000000             420000000             4.8796639E-05         1.0000000E+30            265548       
 NEXT SEEDS:175DB4AB       F       0       0       0       0    5B95     3B7       0       0
   90000000             410000000             410000000             4.8771188E-05         1.0000000E+30            298595       
 NEXT SEEDS:12D53EEB      11       0       0       0       0    5B95     3B7       0       0
  100000000             400000000             400000000             4.8765285E-05         1.0000000E+30            332200       
 NEXT SEEDS: E54B5DC      13       0       0       0       0    5B95     3B7       0       0
  110000000             390000000             390000000             4.8781549E-05         1.0000000E+30            365302       
 NEXT SEEDS: 9CA6E5C      15       0       0       0       0    5B95     3B7       0       0
  120000000             380000000             380000000             4.8764752E-05         1.0000000E+30            398576       
 NEXT SEEDS: 54D91DF      17       0       0       0       0    5B95     3B7       0       0
  130000000             370000000             370000000             4.8749359E-05         1.0000000E+30            431793       
 NEXT SEEDS:  C327E9      19       0       0       0       0    5B95     3B7       0       0
  140000000             360000000             360000000             4.8771576E-05         1.0000000E+30            465052       
 NEXT SEEDS:37E3A37B      1A       0       0       0       0    5B95     3B7       0       0
  150000000             350000000             350000000             4.8799207E-05         1.0000000E+30            498187       
 NEXT SEEDS:336173D0      1C       0       0       0       0    5B95     3B7       0       0
  160000000             340000000             340000000             4.8779930E-05         1.0000000E+30            531175       
 NEXT SEEDS:2ED8E92D      1E       0       0       0       0    5B95     3B7       0       0
  170000000             330000000             330000000             4.8773907E-05         1.0000000E+30            564534       
 NEXT SEEDS:2A57C4C2      20       0       0       0       0    5B95     3B7       0       0
  180000000             320000000             320000000             4.8763176E-05         1.0000000E+30            597408       
 NEXT SEEDS:25C7E1CC      22       0       0       0       0    5B95     3B7       0       0
  190000000             310000000             310000000             4.8769977E-05         1.0000000E+30            630971       
 NEXT SEEDS:214A3D9C      24       0       0       0       0    5B95     3B7       0       0
  200000000             300000000             300000000             4.8780780E-05         1.0000000E+30            664100       
 NEXT SEEDS:1CC0C126      26       0       0       0       0    5B95     3B7       0       0
  210000000             290000000             290000000             4.8786355E-05         1.0000000E+30            697347       
 NEXT SEEDS:18382DDB      28       0       0       0       0    5B95     3B7       0       0
  220000000             280000000             280000000             4.8799195E-05         1.0000000E+30            730751       
 NEXT SEEDS:13BA2AFE      2A       0       0       0       0    5B95     3B7       0       0
  230000000             270000000             270000000             4.8814613E-05         1.0000000E+30            764114       
 NEXT SEEDS: F37AA69      2C       0       0       0       0    5B95     3B7       0       0
  240000000             260000000             260000000             4.8812572E-05         1.0000000E+30            797278       
 NEXT SEEDS: AB28CCA      2E       0       0       0       0    5B95     3B7       0       0
  250000000             250000000             250000000             4.8812311E-05         1.0000000E+30            830509       
 NEXT SEEDS: 62538A7      30       0       0       0       0    5B95     3B7       0       0
  260000000             240000000             240000000             4.8818339E-05         1.0000000E+30            863719       
 NEXT SEEDS: 19B03D4      32       0       0       0       0    5B95     3B7       0       0
  270000000             230000000             230000000             4.8821089E-05         1.0000000E+30            896840       
 NEXT SEEDS:38A9106A      33       0       0       0       0    5B95     3B7       0       0
  280000000             220000000             220000000             4.8843899E-05         1.0000000E+30            930065       
 NEXT SEEDS:3424F989      35       0       0       0       0    5B95     3B7       0       0
  290000000             210000000             210000000             4.8856313E-05         1.0000000E+30            963088       
 NEXT SEEDS:2F949BBF      37       0       0       0       0    5B95     3B7       0       0
  *** Rcfset:kprin,bfcmax,epat00,ppat00,ravpot           1  -1.2594444620062095E-003  0.94312749417458608        9.5574800838388888E-002   12.440777676959296     
  300000000             200000000             200000000             4.8855269E-05         1.0000000E+30            996770       
 NEXT SEEDS:2B1A41C9      39       0       0       0       0    5B95     3B7       0       0
  310000000             190000000             190000000             4.8972302E-05         1.0000000E+30           1030051       
 NEXT SEEDS:268C884D      3B       0       0       0       0    5B95     3B7       0       0
  320000000             180000000             180000000             4.9024505E-05         1.0000000E+30           1063346       
 NEXT SEEDS:220CC9B5      3D       0       0       0       0    5B95     3B7       0       0
  330000000             170000000             170000000             4.9017432E-05         1.0000000E+30           1096327       
 NEXT SEEDS:1D7D68B1      3F       0       0       0       0    5B95     3B7       0       0
  *** Rcfset:kprin,bfcmax,epat00,ppat00,ravpot           1  -2.4082220806992627E-002  0.94301901744449057        9.4498357389090445E-002   12.440777676959296     
  340000000             160000000             160000000             4.8992594E-05         1.0000000E+30           1129677       
 NEXT SEEDS:18F709B0      41       0       0       0       0    5B95     3B7       0       0
  350000000             150000000             150000000             4.8987354E-05         1.0000000E+30           1162745       
 NEXT SEEDS:146E21AB      43       0       0       0       0    5B95     3B7       0       0
  360000000             140000000             140000000             4.8963633E-05         1.0000000E+30           1195842       
 NEXT SEEDS: FE68805      45       0       0       0       0    5B95     3B7       0       0
  370000000             130000000             130000000             4.8936264E-05         1.0000000E+30           1229026       
 NEXT SEEDS: B617BA4      47       0       0       0       0    5B95     3B7       0       0
  380000000             120000000             120000000             4.8902991E-05         1.0000000E+30           1262407       
 NEXT SEEDS: 6E0464A      49       0       0       0       0    5B95     3B7       0       0
  390000000             110000000             110000000             4.8869530E-05         1.0000000E+30           1295743       
 NEXT SEEDS: 25EDAF4      4B       0       0       0       0    5B95     3B7       0       0
  400000000             100000000             100000000             4.8843822E-05         1.0000000E+30           1328972       
 NEXT SEEDS:397D69DE      4C       0       0       0       0    5B95     3B7       0       0
  410000000              90000000              90000000             4.8811832E-05         1.0000000E+30           1362129       
 NEXT SEEDS:34F6C5D2      4E       0       0       0       0    5B95     3B7       0       0
  420000000              80000000              80000000             4.8786141E-05         1.0000000E+30           1395515       
 NEXT SEEDS:307AC356      50       0       0       0       0    5B95     3B7       0       0
  430000000              70000000              70000000             4.8753733E-05         1.0000000E+30           1428679       
 NEXT SEEDS:2BF4245C      52       0       0       0       0    5B95     3B7       0       0
  440000000              60000000              60000000             4.8728364E-05         1.0000000E+30           1462011       
 NEXT SEEDS:277408EE      54       0       0       0       0    5B95     3B7       0       0
  450000000              50000000              50000000             4.8703745E-05         1.0000000E+30           1495352       
 NEXT SEEDS:22F2D462      56       0       0       0       0    5B95     3B7       0       0
  460000000              40000000              40000000             4.8678383E-05         1.0000000E+30           1528291       
 NEXT SEEDS:1E6D5CAD      58       0       0       0       0    5B95     3B7       0       0
  470000000              30000000              30000000             4.8666746E-05         1.0000000E+30           1561481       
 NEXT SEEDS:19E8F1E2      5A       0       0       0       0    5B95     3B7       0       0
  480000000              20000000              20000000             4.8643953E-05         1.0000000E+30           1594935       
 NEXT SEEDS:1564DDA7      5C       0       0       0       0    5B95     3B7       0       0
  490000000              10000000              10000000             4.8615030E-05         1.0000000E+30           1628000       
 NEXT SEEDS:10DA34DE      5E       0       0       0       0    5B95     3B7       0       0
  499999950                    50                    50             4.8603161E-05         1.0000000E+30           1661157       
 NEXT SEEDS: C555196      60       0       0       0       0    5B95     3B7       0       0
  499999951                    49                    49             4.8603160E-05         1.0000000E+30           1661157       
 NEXT SEEDS: C55526C      60       0       0       0       0    5B95     3B7       0       0
  499999952                    48                    48             4.8603160E-05         1.0000000E+30           1661157       
 NEXT SEEDS: C555341      60       0       0       0       0    5B95     3B7       0       0
  499999953                    47                    47             4.8603160E-05         1.0000000E+30           1661157       
 NEXT SEEDS: C555414      60       0       0       0       0    5B95     3B7       0       0
  499999954                    46                    46             4.8603160E-05         1.0000000E+30           1661157       
 NEXT SEEDS: C5554F1      60       0       0       0       0    5B95     3B7       0       0
  499999955                    45                    45             4.8603160E-05         1.0000000E+30           1661157       
 NEXT SEEDS: C5555CA      60       0       0       0       0    5B95     3B7       0       0
  499999956                    44                    44             4.8603160E-05         1.0000000E+30           1661157       
 NEXT SEEDS: C5556AF      60       0       0       0       0    5B95     3B7       0       0
  499999957                    43                    43             4.8603160E-05         1.0000000E+30           1661157       
 NEXT SEEDS: C555795      60       0       0       0       0    5B95     3B7       0       0
  499999958                    42                    42             4.8603160E-05         1.0000000E+30           1661157       
 NEXT SEEDS: C555870      60       0       0       0       0    5B95     3B7       0       0
  499999959                    41                    41             4.8603160E-05         1.0000000E+30           1661157       
 NEXT SEEDS: C555877      60       0       0       0       0    5B95     3B7       0       0
  499999960                    40                    40             4.8603160E-05         1.0000000E+30           1661157       
 NEXT SEEDS: C55594E      60       0       0       0       0    5B95     3B7       0       0
  499999961                    39                    39             4.8603159E-05         1.0000000E+30           1661157       
 NEXT SEEDS: C555A1F      60       0       0       0       0    5B95     3B7       0       0
  499999962                    38                    38             4.8603159E-05         1.0000000E+30           1661157       
 NEXT SEEDS: C555AF2      60       0       0       0       0    5B95     3B7       0       0
  499999963                    37                    37             4.8603159E-05         1.0000000E+30           1661157       
 NEXT SEEDS: C555BD8      60       0       0       0       0    5B95     3B7       0       0
  499999964                    36                    36             4.8603159E-05         1.0000000E+30           1661157       
 NEXT SEEDS: C555DB8      60       0       0       0       0    5B95     3B7       0       0
  499999965                    35                    35             4.8603159E-05         1.0000000E+30           1661157       
 NEXT SEEDS: C555E8A      60       0       0       0       0    5B95     3B7       0       0
  499999966                    34                    34             4.8603159E-05         1.0000000E+30           1661157       
 NEXT SEEDS: C555F5C      60       0       0       0       0    5B95     3B7       0       0
  499999967                    33                    33             4.8603159E-05         1.0000000E+30           1661157       
 NEXT SEEDS: C555F63      60       0       0       0       0    5B95     3B7       0       0
  499999968                    32                    32             4.8603159E-05         1.0000000E+30           1661157       
 NEXT SEEDS: C556040      60       0       0       0       0    5B95     3B7       0       0
  499999969                    31                    31             4.8603163E-05         1.0000000E+30           1661157       
 NEXT SEEDS: C556100      60       0       0       0       0    5B95     3B7       0       0
  499999970                    30                    30             4.8603162E-05         1.0000000E+30           1661157       
 NEXT SEEDS: C5561D9      60       0       0       0       0    5B95     3B7       0       0
  499999971                    29                    29             4.8603162E-05         1.0000000E+30           1661157       
 NEXT SEEDS: C5562AB      60       0       0       0       0    5B95     3B7       0       0
  499999972                    28                    28             4.8603162E-05         1.0000000E+30           1661157       
 NEXT SEEDS: C556385      60       0       0       0       0    5B95     3B7       0       0
  499999973                    27                    27             4.8603162E-05         1.0000000E+30           1661157       
 NEXT SEEDS: C55638E      60       0       0       0       0    5B95     3B7       0       0
  499999974                    26                    26             4.8603162E-05         1.0000000E+30           1661157       
 NEXT SEEDS: C556455      60       0       0       0       0    5B95     3B7       0       0
  499999975                    25                    25             4.8603162E-05         1.0000000E+30           1661157       
 NEXT SEEDS: C55653A      60       0       0       0       0    5B95     3B7       0       0
  499999976                    24                    24             4.8603162E-05         1.0000000E+30           1661157       
 NEXT SEEDS: C556605      60       0       0       0       0    5B95     3B7       0       0
  499999977                    23                    23             4.8603162E-05         1.0000000E+30           1661157       
 NEXT SEEDS: C556767      60       0       0       0       0    5B95     3B7       0       0
  499999978                    22                    22             4.8603162E-05         1.0000000E+30           1661157       
 NEXT SEEDS: C55676E      60       0       0       0       0    5B95     3B7       0       0
  499999979                    21                    21             4.8603165E-05         1.0000000E+30           1661157       
 NEXT SEEDS: C556846      60       0       0       0       0    5B95     3B7       0       0
  499999980                    20                    20             4.8603165E-05         1.0000000E+30           1661157       
 NEXT SEEDS: C55692F      60       0       0       0       0    5B95     3B7       0       0
  499999981                    19                    19             4.8603165E-05         1.0000000E+30           1661157       
 NEXT SEEDS: C556936      60       0       0       0       0    5B95     3B7       0       0
  499999982                    18                    18             4.8603165E-05         1.0000000E+30           1661157       
 NEXT SEEDS: C556A0E      60       0       0       0       0    5B95     3B7       0       0
  499999983                    17                    17             4.8603165E-05         1.0000000E+30           1661157       
 NEXT SEEDS: C556A17      60       0       0       0       0    5B95     3B7       0       0
  499999984                    16                    16             4.8603165E-05         1.0000000E+30           1661157       
 NEXT SEEDS: C556A1E      60       0       0       0       0    5B95     3B7       0       0
  499999985                    15                    15             4.8603165E-05         1.0000000E+30           1661157       
 NEXT SEEDS: C556AFB      60       0       0       0       0    5B95     3B7       0       0
  499999986                    14                    14             4.8603165E-05         1.0000000E+30           1661157       
 NEXT SEEDS: C556BDB      60       0       0       0       0    5B95     3B7       0       0
  499999987                    13                    13             4.8603165E-05         1.0000000E+30           1661157       
 NEXT SEEDS: C556CAB      60       0       0       0       0    5B95     3B7       0       0
  499999988                    12                    12             4.8603165E-05         1.0000000E+30           1661157       
 NEXT SEEDS: C556D83      60       0       0       0       0    5B95     3B7       0       0
  499999989                    11                    11             4.8603168E-05         1.0000000E+30           1661157       
 NEXT SEEDS: C556E4A      60       0       0       0       0    5B95     3B7       0       0
  499999990                    10                    10             4.8603168E-05         1.0000000E+30           1661157       
 NEXT SEEDS: C556F20      60       0       0       0       0    5B95     3B7       0       0
  499999991                     9                     9             4.8603168E-05         1.0000000E+30           1661157       
 NEXT SEEDS: C557013      60       0       0       0       0    5B95     3B7       0       0
  499999992                     8                     8             4.8603168E-05         1.0000000E+30           1661157       
 NEXT SEEDS: C5570ED      60       0       0       0       0    5B95     3B7       0       0
  499999993                     7                     7             4.8603168E-05         1.0000000E+30           1661157       
 NEXT SEEDS: C5571C6      60       0       0       0       0    5B95     3B7       0       0
  499999994                     6                     6             4.8603168E-05         1.0000000E+30           1661157       
 NEXT SEEDS: C5572A2      60       0       0       0       0    5B95     3B7       0       0
  499999995                     5                     5             4.8603168E-05         1.0000000E+30           1661157       
 NEXT SEEDS: C55736C      60       0       0       0       0    5B95     3B7       0       0
  499999996                     4                     4             4.8603168E-05         1.0000000E+30           1661157       
 NEXT SEEDS: C55744A      60       0       0       0       0    5B95     3B7       0       0
  499999997                     3                     3             4.8603172E-05         1.0000000E+30           1661157       
 NEXT SEEDS: C557517      60       0       0       0       0    5B95     3B7       0       0
  499999998                     2                     2             4.8603171E-05         1.0000000E+30           1661157       
 NEXT SEEDS: C5575F3      60       0       0       0       0    5B95     3B7       0       0
  499999999                     1                     1             4.8603171E-05         1.0000000E+30           1661157       
 NEXT SEEDS: C5575FC      60       0       0       0       0    5B95     3B7       0       0
  500000000                     0                     1             4.8603171E-05         1.0000000E+30           1661157       
 NEXT SEEDS: C5576BF      60       0       0       0       0    5B95     3B7       0       0
