1NUMBER OF BEAM       NUMBER OF BEAM        APPROXIMATE NUMBER    AVERAGE TIME USED     TIME LEFT (RESERVED   NUMBER OF STARS
 PARTICLES HANDLED    PARTICLES LEFT        OF BEAM PARTICLES     BY A BEAM PARTICLE     10000.0 SECONDS      CREATED
                                            THAT CAN STILL BE                           FOR PRINTOUT)
                                            HANDLED

 NEXT SEEDS:1BC1428E     2A1       0       0       0       0    5B95     3B7       0       0
          1             499999999             499999999             1.1587143E-04         1.0000000E+30                 0       
 NEXT SEEDS:1BC14297     2A1       0       0       0       0    5B95     3B7       0       0
   10000000             490000000             490000000             4.7582526E-05         1.0000000E+30             32865       
 NEXT SEEDS:173B7392     2A3       0       0       0       0    5B95     3B7       0       0
   20000000             480000000             480000000             4.7573503E-05         1.0000000E+30             65944       
 NEXT SEEDS:12B09849     2A5       0       0       0       0    5B95     3B7       0       0
   30000000             470000000             470000000             4.7596335E-05         1.0000000E+30             99281       
 NEXT SEEDS: E2769A8     2A7       0       0       0       0    5B95     3B7       0       0
   40000000             460000000             460000000             4.7949979E-05         1.0000000E+30            132415       
 NEXT SEEDS: 9A0DB16     2A9       0       0       0       0    5B95     3B7       0       0
   50000000             450000000             450000000             4.8069344E-05         1.0000000E+30            165502       
 NEXT SEEDS: 51EF458     2AB       0       0       0       0    5B95     3B7       0       0
   60000000             440000000             440000000             4.8091645E-05         1.0000000E+30            198230       
 NEXT SEEDS:  90AA87     2AD       0       0       0       0    5B95     3B7       0       0
   70000000             430000000             430000000             4.8138590E-05         1.0000000E+30            231635       
 NEXT SEEDS:37ABF36E     2AE       0       0       0       0    5B95     3B7       0       0
   80000000             420000000             420000000             4.8108229E-05         1.0000000E+30            264970       
 NEXT SEEDS:33259740     2B0       0       0       0       0    5B95     3B7       0       0
   90000000             410000000             410000000             4.8104890E-05         1.0000000E+30            298004       
 NEXT SEEDS:2E9A6A51     2B2       0       0       0       0    5B95     3B7       0       0
  100000000             400000000             400000000             4.8092804E-05         1.0000000E+30            331550       
 NEXT SEEDS:2A1E7AEF     2B4       0       0       0       0    5B95     3B7       0       0
  110000000             390000000             390000000             4.8084083E-05         1.0000000E+30            364649       
 NEXT SEEDS:2598AC0A     2B6       0       0       0       0    5B95     3B7       0       0
  120000000             380000000             380000000             4.8055246E-05         1.0000000E+30            397949       
 NEXT SEEDS:211391AA     2B8       0       0       0       0    5B95     3B7       0       0
  130000000             370000000             370000000             4.8057953E-05         1.0000000E+30            431083       
 NEXT SEEDS:1C848E05     2BA       0       0       0       0    5B95     3B7       0       0
  140000000             360000000             360000000             4.8068305E-05         1.0000000E+30            464360       
 NEXT SEEDS:17F7FF0F     2BC       0       0       0       0    5B95     3B7       0       0
  150000000             350000000             350000000             4.8065512E-05         1.0000000E+30            497675       
 NEXT SEEDS:137D36C6     2BE       0       0       0       0    5B95     3B7       0       0
  160000000             340000000             340000000             4.8090638E-05         1.0000000E+30            530863       
 NEXT SEEDS: EF14C6B     2C0       0       0       0       0    5B95     3B7       0       0
  170000000             330000000             330000000             4.8224883E-05         1.0000000E+30            564142       
 NEXT SEEDS: A6D28F0     2C2       0       0       0       0    5B95     3B7       0       0
  180000000             320000000             320000000             4.8261142E-05         1.0000000E+30            597114       
 NEXT SEEDS: 5EA1EDD     2C4       0       0       0       0    5B95     3B7       0       0
  190000000             310000000             310000000             4.8254454E-05         1.0000000E+30            630254       
 NEXT SEEDS: 161FEB3     2C6       0       0       0       0    5B95     3B7       0       0
  200000000             300000000             300000000             4.8257533E-05         1.0000000E+30            663515       
 NEXT SEEDS:38777F11     2C7       0       0       0       0    5B95     3B7       0       0
  210000000             290000000             290000000             4.8269939E-05         1.0000000E+30            696853       
 NEXT SEEDS:33F53B0F     2C9       0       0       0       0    5B95     3B7       0       0
  220000000             280000000             280000000             4.8304065E-05         1.0000000E+30            730085       
 NEXT SEEDS:2F691E51     2CB       0       0       0       0    5B95     3B7       0       0
  230000000             270000000             270000000             4.8332000E-05         1.0000000E+30            763192       
 NEXT SEEDS:2AE827E6     2CD       0       0       0       0    5B95     3B7       0       0
  240000000             260000000             260000000             4.8346259E-05         1.0000000E+30            796418       
 NEXT SEEDS:266B18FA     2CF       0       0       0       0    5B95     3B7       0       0
  250000000             250000000             250000000             4.8322702E-05         1.0000000E+30            829495       
 NEXT SEEDS:21DA55FB     2D1       0       0       0       0    5B95     3B7       0       0
  260000000             240000000             240000000             4.8292900E-05         1.0000000E+30            862914       
 NEXT SEEDS:1D5BDFC3     2D3       0       0       0       0    5B95     3B7       0       0
  270000000             230000000             230000000             4.8261649E-05         1.0000000E+30            896367       
 NEXT SEEDS:18DCC895     2D5       0       0       0       0    5B95     3B7       0       0
  280000000             220000000             220000000             4.8244509E-05         1.0000000E+30            930002       
 NEXT SEEDS:145DAFF8     2D7       0       0       0       0    5B95     3B7       0       0
  290000000             210000000             210000000             4.8213752E-05         1.0000000E+30            963553       
 NEXT SEEDS: FDDE55F     2D9       0       0       0       0    5B95     3B7       0       0
  300000000             200000000             200000000             4.8205614E-05         1.0000000E+30            996618       
 NEXT SEEDS: B4CD508     2DB       0       0       0       0    5B95     3B7       0       0
  310000000             190000000             190000000             4.8203581E-05         1.0000000E+30           1029829       
 NEXT SEEDS: 6C58133     2DD       0       0       0       0    5B95     3B7       0       0
  320000000             180000000             180000000             4.8204845E-05         1.0000000E+30           1063246       
 NEXT SEEDS: 24B9956     2DF       0       0       0       0    5B95     3B7       0       0
  330000000             170000000             170000000             4.8194101E-05         1.0000000E+30           1096486       
 NEXT SEEDS:395F4C23     2E0       0       0       0       0    5B95     3B7       0       0
  340000000             160000000             160000000             4.8175401E-05         1.0000000E+30           1129518       
 NEXT SEEDS:34D8523D     2E2       0       0       0       0    5B95     3B7       0       0
  350000000             150000000             150000000             4.8155060E-05         1.0000000E+30           1162676       
 NEXT SEEDS:304D3733     2E4       0       0       0       0    5B95     3B7       0       0
  360000000             140000000             140000000             4.8140868E-05         1.0000000E+30           1195798       
 NEXT SEEDS:2BC3CB67     2E6       0       0       0       0    5B95     3B7       0       0
  370000000             130000000             130000000             4.8122465E-05         1.0000000E+30           1228776       
 NEXT SEEDS:2732E395     2E8       0       0       0       0    5B95     3B7       0       0
  380000000             120000000             120000000             4.8116123E-05         1.0000000E+30           1261852       
 NEXT SEEDS:22A719FD     2EA       0       0       0       0    5B95     3B7       0       0
  390000000             110000000             110000000             4.8116315E-05         1.0000000E+30           1295142       
 NEXT SEEDS:1E1C5F40     2EC       0       0       0       0    5B95     3B7       0       0
  400000000             100000000             100000000             4.8104067E-05         1.0000000E+30           1328529       
 NEXT SEEDS:199BB49A     2EE       0       0       0       0    5B95     3B7       0       0
  410000000              90000000              90000000             4.8092611E-05         1.0000000E+30           1361550       
 NEXT SEEDS:1510944D     2F0       0       0       0       0    5B95     3B7       0       0
  420000000              80000000              80000000             4.8116089E-05         1.0000000E+30           1394780       
 NEXT SEEDS:108881D3     2F2       0       0       0       0    5B95     3B7       0       0
  430000000              70000000              70000000             4.8133171E-05         1.0000000E+30           1428192       
 NEXT SEEDS: C0D744F     2F4       0       0       0       0    5B95     3B7       0       0
  440000000              60000000              60000000             4.8145436E-05         1.0000000E+30           1461441       
 NEXT SEEDS: 791002B     2F6       0       0       0       0    5B95     3B7       0       0
  450000000              50000000              50000000             4.8154982E-05         1.0000000E+30           1494769       
 NEXT SEEDS: 30BD195     2F8       0       0       0       0    5B95     3B7       0       0
  460000000              40000000              40000000             4.8176978E-05         1.0000000E+30           1528057       
 NEXT SEEDS:3A169583     2F9       0       0       0       0    5B95     3B7       0       0
  470000000              30000000              30000000             4.8177808E-05         1.0000000E+30           1560857       
 NEXT SEEDS:358D86AC     2FB       0       0       0       0    5B95     3B7       0       0
  480000000              20000000              20000000             4.8178055E-05         1.0000000E+30           1594282       
 NEXT SEEDS:310D6086     2FD       0       0       0       0    5B95     3B7       0       0
  490000000              10000000              10000000             4.8177981E-05         1.0000000E+30           1627423       
 NEXT SEEDS:2C8C44D8     2FF       0       0       0       0    5B95     3B7       0       0
  499999950                    50                    50             4.8173942E-05         1.0000000E+30           1660550       
 NEXT SEEDS:28008A17     301       0       0       0       0    5B95     3B7       0       0
  499999951                    49                    49             4.8173942E-05         1.0000000E+30           1660550       
 NEXT SEEDS:28008AE4     301       0       0       0       0    5B95     3B7       0       0
  499999952                    48                    48             4.8173945E-05         1.0000000E+30           1660550       
 NEXT SEEDS:28008BB5     301       0       0       0       0    5B95     3B7       0       0
  499999953                    47                    47             4.8173945E-05         1.0000000E+30           1660550       
 NEXT SEEDS:28008C94     301       0       0       0       0    5B95     3B7       0       0
  499999954                    46                    46             4.8173945E-05         1.0000000E+30           1660550       
 NEXT SEEDS:28008D84     301       0       0       0       0    5B95     3B7       0       0
  499999955                    45                    45             4.8173945E-05         1.0000000E+30           1660550       
 NEXT SEEDS:28008E4B     301       0       0       0       0    5B95     3B7       0       0
  499999956                    44                    44             4.8173945E-05         1.0000000E+30           1660550       
 NEXT SEEDS:28008F28     301       0       0       0       0    5B95     3B7       0       0
  499999957                    43                    43             4.8173945E-05         1.0000000E+30           1660550       
 NEXT SEEDS:28009000     301       0       0       0       0    5B95     3B7       0       0
  499999958                    42                    42             4.8173945E-05         1.0000000E+30           1660550       
 NEXT SEEDS:28009009     301       0       0       0       0    5B95     3B7       0       0
  499999959                    41                    41             4.8173949E-05         1.0000000E+30           1660550       
 NEXT SEEDS:280090E9     301       0       0       0       0    5B95     3B7       0       0
  499999960                    40                    40             4.8173949E-05         1.0000000E+30           1660550       
 NEXT SEEDS:280091B2     301       0       0       0       0    5B95     3B7       0       0
  499999961                    39                    39             4.8173948E-05         1.0000000E+30           1660550       
 NEXT SEEDS:28009293     301       0       0       0       0    5B95     3B7       0       0
  499999962                    38                    38             4.8173948E-05         1.0000000E+30           1660550       
 NEXT SEEDS:28009369     301       0       0       0       0    5B95     3B7       0       0
  499999963                    37                    37             4.8173948E-05         1.0000000E+30           1660550       
 NEXT SEEDS:2800942E     301       0       0       0       0    5B95     3B7       0       0
  499999964                    36                    36             4.8173948E-05         1.0000000E+30           1660550       
 NEXT SEEDS:28009500     301       0       0       0       0    5B95     3B7       0       0
  499999965                    35                    35             4.8173952E-05         1.0000000E+30           1660550       
 NEXT SEEDS:28009507     301       0       0       0       0    5B95     3B7       0       0
  499999966                    34                    34             4.8173952E-05         1.0000000E+30           1660550       
 NEXT SEEDS:280095C7     301       0       0       0       0    5B95     3B7       0       0
  499999967                    33                    33             4.8173952E-05         1.0000000E+30           1660550       
 NEXT SEEDS:2800968C     301       0       0       0       0    5B95     3B7       0       0
  499999968                    32                    32             4.8173952E-05         1.0000000E+30           1660550       
 NEXT SEEDS:2800975F     301       0       0       0       0    5B95     3B7       0       0
  499999969                    31                    31             4.8173952E-05         1.0000000E+30           1660550       
 NEXT SEEDS:2800981D     301       0       0       0       0    5B95     3B7       0       0
  499999970                    30                    30             4.8173951E-05         1.0000000E+30           1660550       
 NEXT SEEDS:280098EE     301       0       0       0       0    5B95     3B7       0       0
  499999971                    29                    29             4.8173955E-05         1.0000000E+30           1660550       
 NEXT SEEDS:280099B5     301       0       0       0       0    5B95     3B7       0       0
  499999972                    28                    28             4.8173955E-05         1.0000000E+30           1660550       
 NEXT SEEDS:28009A82     301       0       0       0       0    5B95     3B7       0       0
  499999973                    27                    27             4.8173955E-05         1.0000000E+30           1660550       
 NEXT SEEDS:28009B4A     301       0       0       0       0    5B95     3B7       0       0
  499999974                    26                    26             4.8173955E-05         1.0000000E+30           1660550       
 NEXT SEEDS:28009C39     301       0       0       0       0    5B95     3B7       0       0
  499999975                    25                    25             4.8173955E-05         1.0000000E+30           1660550       
 NEXT SEEDS:28009D06     301       0       0       0       0    5B95     3B7       0       0
  499999976                    24                    24             4.8173955E-05         1.0000000E+30           1660550       
 NEXT SEEDS:28009DFD     301       0       0       0       0    5B95     3B7       0       0
  499999977                    23                    23             4.8173959E-05         1.0000000E+30           1660550       
 NEXT SEEDS:28009ECD     301       0       0       0       0    5B95     3B7       0       0
  499999978                    22                    22             4.8173958E-05         1.0000000E+30           1660550       
 NEXT SEEDS:28009F9F     301       0       0       0       0    5B95     3B7       0       0
  499999979                    21                    21             4.8173958E-05         1.0000000E+30           1660550       
 NEXT SEEDS:2800A06B     301       0       0       0       0    5B95     3B7       0       0
  499999980                    20                    20             4.8173958E-05         1.0000000E+30           1660550       
 NEXT SEEDS:2800A143     301       0       0       0       0    5B95     3B7       0       0
  499999981                    19                    19             4.8173958E-05         1.0000000E+30           1660550       
 NEXT SEEDS:2800A20A     301       0       0       0       0    5B95     3B7       0       0
  499999982                    18                    18             4.8173958E-05         1.0000000E+30           1660550       
 NEXT SEEDS:2800A2E8     301       0       0       0       0    5B95     3B7       0       0
  499999983                    17                    17             4.8173958E-05         1.0000000E+30           1660550       
 NEXT SEEDS:2800A2F1     301       0       0       0       0    5B95     3B7       0       0
  499999984                    16                    16             4.8173962E-05         1.0000000E+30           1660550       
 NEXT SEEDS:2800A3DE     301       0       0       0       0    5B95     3B7       0       0
  499999985                    15                    15             4.8173962E-05         1.0000000E+30           1660550       
 NEXT SEEDS:2800A3E5     301       0       0       0       0    5B95     3B7       0       0
  499999986                    14                    14             4.8173962E-05         1.0000000E+30           1660550       
 NEXT SEEDS:2800A3EC     301       0       0       0       0    5B95     3B7       0       0
  499999987                    13                    13             4.8173962E-05         1.0000000E+30           1660550       
 NEXT SEEDS:2800A4CA     301       0       0       0       0    5B95     3B7       0       0
  499999988                    12                    12             4.8173961E-05         1.0000000E+30           1660550       
 NEXT SEEDS:2800A598     301       0       0       0       0    5B95     3B7       0       0
  499999989                    11                    11             4.8173961E-05         1.0000000E+30           1660550       
 NEXT SEEDS:2800A679     301       0       0       0       0    5B95     3B7       0       0
  499999990                    10                    10             4.8173965E-05         1.0000000E+30           1660550       
 NEXT SEEDS:2800A74B     301       0       0       0       0    5B95     3B7       0       0
  499999991                     9                     9             4.8173965E-05         1.0000000E+30           1660550       
 NEXT SEEDS:2800A756     301       0       0       0       0    5B95     3B7       0       0
  499999992                     8                     8             4.8173965E-05         1.0000000E+30           1660550       
 NEXT SEEDS:2800A81F     301       0       0       0       0    5B95     3B7       0       0
  499999993                     7                     7             4.8173965E-05         1.0000000E+30           1660550       
 NEXT SEEDS:2800A90D     301       0       0       0       0    5B95     3B7       0       0
  499999994                     6                     6             4.8173965E-05         1.0000000E+30           1660550       
 NEXT SEEDS:2800A9ED     301       0       0       0       0    5B95     3B7       0       0
  499999995                     5                     5             4.8173965E-05         1.0000000E+30           1660550       
 NEXT SEEDS:2800AAAC     301       0       0       0       0    5B95     3B7       0       0
  499999996                     4                     4             4.8173965E-05         1.0000000E+30           1660550       
 NEXT SEEDS:2800AB91     301       0       0       0       0    5B95     3B7       0       0
  499999997                     3                     3             4.8173968E-05         1.0000000E+30           1660550       
 NEXT SEEDS:2800AC43     301       0       0       0       0    5B95     3B7       0       0
  499999998                     2                     2             4.8173968E-05         1.0000000E+30           1660550       
 NEXT SEEDS:2800AD1F     301       0       0       0       0    5B95     3B7       0       0
  499999999                     1                     1             4.8173968E-05         1.0000000E+30           1660550       
 NEXT SEEDS:2800ADEA     301       0       0       0       0    5B95     3B7       0       0
  500000000                     0                     1             4.8173968E-05         1.0000000E+30           1660550       
 NEXT SEEDS:2800AEBC     301       0       0       0       0    5B95     3B7       0       0
