1NUMBER OF BEAM       NUMBER OF BEAM        APPROXIMATE NUMBER    AVERAGE TIME USED     TIME LEFT (RESERVED   NUMBER OF STARS
 PARTICLES HANDLED    PARTICLES LEFT        OF BEAM PARTICLES     BY A BEAM PARTICLE     10000.0 SECONDS      CREATED
                                            THAT CAN STILL BE                           FOR PRINTOUT)
                                            HANDLED

 NEXT SEEDS:       0       0       0       0       0       0    5B97     3B7       0       0
          1             499999999             499999999             4.3869019E-05         1.0000000E+30                 0       
 NEXT SEEDS:       7       0       0       0       0       0    5B97     3B7       0       0
   10000000             490000000             490000000             4.8524898E-05         1.0000000E+30             33380       
 NEXT SEEDS:3719F5C0       1       0       0       0       0    5B97     3B7       0       0
   20000000             480000000             480000000             4.8767931E-05         1.0000000E+30             66302       
 NEXT SEEDS:328EDD46       3       0       0       0       0    5B97     3B7       0       0
   30000000             470000000             470000000             4.9455598E-05         1.0000000E+30             99675       
 NEXT SEEDS:2E137C71       5       0       0       0       0    5B97     3B7       0       0
   40000000             460000000             460000000             4.9506152E-05         1.0000000E+30            133058       
 NEXT SEEDS:29902652       7       0       0       0       0    5B97     3B7       0       0
   50000000             450000000             450000000             4.9216377E-05         1.0000000E+30            166499       
 NEXT SEEDS:250CE2E6       9       0       0       0       0    5B97     3B7       0       0
   60000000             440000000             440000000             4.9083593E-05         1.0000000E+30            199736       
 NEXT SEEDS:208EB868       B       0       0       0       0    5B97     3B7       0       0
   70000000             430000000             430000000             4.8975659E-05         1.0000000E+30            232986       
 NEXT SEEDS:1C105F13       D       0       0       0       0    5B97     3B7       0       0
   80000000             420000000             420000000             4.9043142E-05         1.0000000E+30            266342       
 NEXT SEEDS:1786E435       F       0       0       0       0    5B97     3B7       0       0
   90000000             410000000             410000000             4.8987402E-05         1.0000000E+30            299728       
 NEXT SEEDS:13076839      11       0       0       0       0    5B97     3B7       0       0
  100000000             400000000             400000000             4.8920732E-05         1.0000000E+30            333072       
 NEXT SEEDS: E7B50AC      13       0       0       0       0    5B97     3B7       0       0
  110000000             390000000             390000000             4.8866779E-05         1.0000000E+30            366603       
 NEXT SEEDS: 9F6725F      15       0       0       0       0    5B97     3B7       0       0
  120000000             380000000             380000000             4.8789648E-05         1.0000000E+30            399514       
 NEXT SEEDS: 569F78D      17       0       0       0       0    5B97     3B7       0       0
  130000000             370000000             370000000             4.8748340E-05         1.0000000E+30            432743       
 NEXT SEEDS:  DD4887      19       0       0       0       0    5B97     3B7       0       0
  140000000             360000000             360000000             4.8678683E-05         1.0000000E+30            466009       
 NEXT SEEDS:37F64B3F      1A       0       0       0       0    5B97     3B7       0       0
  150000000             350000000             350000000             4.8637887E-05         1.0000000E+30            499487       
 NEXT SEEDS:3376042B      1C       0       0       0       0    5B97     3B7       0       0
  160000000             340000000             340000000             4.8576318E-05         1.0000000E+30            532559       
 NEXT SEEDS:2EEC4FAD      1E       0       0       0       0    5B97     3B7       0       0
  170000000             330000000             330000000             4.8534564E-05         1.0000000E+30            565475       
 NEXT SEEDS:2A5EFFB7      20       0       0       0       0    5B97     3B7       0       0
  180000000             320000000             320000000             4.8508463E-05         1.0000000E+30            599014       
 NEXT SEEDS:25E1F049      22       0       0       0       0    5B97     3B7       0       0
  190000000             310000000             310000000             4.8477246E-05         1.0000000E+30            632089       
 NEXT SEEDS:215D99B6      24       0       0       0       0    5B97     3B7       0       0
  200000000             300000000             300000000             4.8440762E-05         1.0000000E+30            665344       
 NEXT SEEDS:1CD9229F      26       0       0       0       0    5B97     3B7       0       0
  210000000             290000000             290000000             4.8448833E-05         1.0000000E+30            698844       
 NEXT SEEDS:18571659      28       0       0       0       0    5B97     3B7       0       0
  220000000             280000000             280000000             4.8422696E-05         1.0000000E+30            732077       
 NEXT SEEDS:13D04A89      2A       0       0       0       0    5B97     3B7       0       0
  230000000             270000000             270000000             4.8407783E-05         1.0000000E+30            765306       
 NEXT SEEDS: F4338B8      2C       0       0       0       0    5B97     3B7       0       0
  240000000             260000000             260000000             4.8384587E-05         1.0000000E+30            798418       
 NEXT SEEDS: AB5FB96      2E       0       0       0       0    5B97     3B7       0       0
  250000000             250000000             250000000             4.8362219E-05         1.0000000E+30            831739       
 NEXT SEEDS: 6350A44      30       0       0       0       0    5B97     3B7       0       0
  260000000             240000000             240000000             4.8361414E-05         1.0000000E+30            865055       
 NEXT SEEDS: 1B53CBD      32       0       0       0       0    5B97     3B7       0       0
  270000000             230000000             230000000             4.8348144E-05         1.0000000E+30            898533       
 NEXT SEEDS:38D43B3A      33       0       0       0       0    5B97     3B7       0       0
  280000000             220000000             220000000             4.8341270E-05         1.0000000E+30            931792       
 NEXT SEEDS:345352BF      35       0       0       0       0    5B97     3B7       0       0
  290000000             210000000             210000000             4.8344636E-05         1.0000000E+30            965221       
 NEXT SEEDS:2FD26A73      37       0       0       0       0    5B97     3B7       0       0
  300000000             200000000             200000000             4.8334772E-05         1.0000000E+30            998783       
 NEXT SEEDS:2B538D7D      39       0       0       0       0    5B97     3B7       0       0
  310000000             190000000             190000000             4.8358833E-05         1.0000000E+30           1031930       
 NEXT SEEDS:26C4255A      3B       0       0       0       0    5B97     3B7       0       0
  320000000             180000000             180000000             4.8493814E-05         1.0000000E+30           1065310       
 NEXT SEEDS:22430164      3D       0       0       0       0    5B97     3B7       0       0
  330000000             170000000             170000000             4.8509115E-05         1.0000000E+30           1098539       
 NEXT SEEDS:1DC07E54      3F       0       0       0       0    5B97     3B7       0       0
  340000000             160000000             160000000             4.8518414E-05         1.0000000E+30           1131926       
 NEXT SEEDS:193C076A      41       0       0       0       0    5B97     3B7       0       0
  350000000             150000000             150000000             4.8553864E-05         1.0000000E+30           1165372       
 NEXT SEEDS:14B4758E      43       0       0       0       0    5B97     3B7       0       0
  360000000             140000000             140000000             4.8581377E-05         1.0000000E+30           1198754       
 NEXT SEEDS:102D5522      45       0       0       0       0    5B97     3B7       0       0
  370000000             130000000             130000000             4.8592190E-05         1.0000000E+30           1232063       
 NEXT SEEDS: BA289DF      47       0       0       0       0    5B97     3B7       0       0
  380000000             120000000             120000000             4.8598363E-05         1.0000000E+30           1265187       
 NEXT SEEDS: 717C74B      49       0       0       0       0    5B97     3B7       0       0
  390000000             110000000             110000000             4.8617836E-05         1.0000000E+30           1298395       
 NEXT SEEDS: 28EE77D      4B       0       0       0       0    5B97     3B7       0       0
  400000000             100000000             100000000             4.8638494E-05         1.0000000E+30           1331485       
 NEXT SEEDS:39A040F2      4C       0       0       0       0    5B97     3B7       0       0
  410000000              90000000              90000000             4.8635787E-05         1.0000000E+30           1364633       
 NEXT SEEDS:3516C353      4E       0       0       0       0    5B97     3B7       0       0
  420000000              80000000              80000000             4.8656741E-05         1.0000000E+30           1397918       
 NEXT SEEDS:30958EF8      50       0       0       0       0    5B97     3B7       0       0
  430000000              70000000              70000000             4.8664955E-05         1.0000000E+30           1431345       
 NEXT SEEDS:2C128450      52       0       0       0       0    5B97     3B7       0       0
  440000000              60000000              60000000             4.8668952E-05         1.0000000E+30           1464722       
 NEXT SEEDS:27890A4B      54       0       0       0       0    5B97     3B7       0       0
  450000000              50000000              50000000             4.8656947E-05         1.0000000E+30           1497693       
 NEXT SEEDS:22FAAE0B      56       0       0       0       0    5B97     3B7       0       0
  460000000              40000000              40000000             4.8635630E-05         1.0000000E+30           1531088       
 NEXT SEEDS:1E7A0FE5      58       0       0       0       0    5B97     3B7       0       0
  470000000              30000000              30000000             4.8625571E-05         1.0000000E+30           1564204       
 NEXT SEEDS:19F40DB4      5A       0       0       0       0    5B97     3B7       0       0
  480000000              20000000              20000000             4.8607009E-05         1.0000000E+30           1597477       
 NEXT SEEDS:1577919A      5C       0       0       0       0    5B97     3B7       0       0
  490000000              10000000              10000000             4.8584672E-05         1.0000000E+30           1630847       
 NEXT SEEDS:10ED9AD5      5E       0       0       0       0    5B97     3B7       0       0
  499999950                    50                    50             4.8581507E-05         1.0000000E+30           1664055       
 NEXT SEEDS: C640F73      60       0       0       0       0    5B97     3B7       0       0
  499999951                    49                    49             4.8581507E-05         1.0000000E+30           1664055       
 NEXT SEEDS: C640F80      60       0       0       0       0    5B97     3B7       0       0
  499999952                    48                    48             4.8581507E-05         1.0000000E+30           1664055       
 NEXT SEEDS: C641054      60       0       0       0       0    5B97     3B7       0       0
  499999953                    47                    47             4.8581506E-05         1.0000000E+30           1664055       
 NEXT SEEDS: C641135      60       0       0       0       0    5B97     3B7       0       0
  499999954                    46                    46             4.8581506E-05         1.0000000E+30           1664055       
 NEXT SEEDS: C641257      60       0       0       0       0    5B97     3B7       0       0
  499999955                    45                    45             4.8581506E-05         1.0000000E+30           1664055       
 NEXT SEEDS: C64133E      60       0       0       0       0    5B97     3B7       0       0
  499999956                    44                    44             4.8581506E-05         1.0000000E+30           1664055       
 NEXT SEEDS: C641425      60       0       0       0       0    5B97     3B7       0       0
  499999957                    43                    43             4.8581506E-05         1.0000000E+30           1664055       
 NEXT SEEDS: C6414EC      60       0       0       0       0    5B97     3B7       0       0
  499999958                    42                    42             4.8581506E-05         1.0000000E+30           1664055       
 NEXT SEEDS: C6415C1      60       0       0       0       0    5B97     3B7       0       0
  499999959                    41                    41             4.8581506E-05         1.0000000E+30           1664055       
 NEXT SEEDS: C64169A      60       0       0       0       0    5B97     3B7       0       0
  499999960                    40                    40             4.8581506E-05         1.0000000E+30           1664055       
 NEXT SEEDS: C641766      60       0       0       0       0    5B97     3B7       0       0
  499999961                    39                    39             4.8581506E-05         1.0000000E+30           1664055       
 NEXT SEEDS: C641846      60       0       0       0       0    5B97     3B7       0       0
  499999962                    38                    38             4.8581506E-05         1.0000000E+30           1664055       
 NEXT SEEDS: C64192C      60       0       0       0       0    5B97     3B7       0       0
  499999963                    37                    37             4.8581506E-05         1.0000000E+30           1664055       
 NEXT SEEDS: C6419FF      60       0       0       0       0    5B97     3B7       0       0
  499999964                    36                    36             4.8581505E-05         1.0000000E+30           1664055       
 NEXT SEEDS: C641AD5      60       0       0       0       0    5B97     3B7       0       0
  499999965                    35                    35             4.8581505E-05         1.0000000E+30           1664055       
 NEXT SEEDS: C641BAD      60       0       0       0       0    5B97     3B7       0       0
  499999966                    34                    34             4.8581505E-05         1.0000000E+30           1664055       
 NEXT SEEDS: C641C87      60       0       0       0       0    5B97     3B7       0       0
  499999967                    33                    33             4.8581505E-05         1.0000000E+30           1664055       
 NEXT SEEDS: C641D5C      60       0       0       0       0    5B97     3B7       0       0
  499999968                    32                    32             4.8581505E-05         1.0000000E+30           1664055       
 NEXT SEEDS: C641E2E      60       0       0       0       0    5B97     3B7       0       0
  499999969                    31                    31             4.8581505E-05         1.0000000E+30           1664055       
 NEXT SEEDS: C641EFE      60       0       0       0       0    5B97     3B7       0       0
  499999970                    30                    30             4.8581505E-05         1.0000000E+30           1664055       
 NEXT SEEDS: C641FD4      60       0       0       0       0    5B97     3B7       0       0
  499999971                    29                    29             4.8581505E-05         1.0000000E+30           1664055       
 NEXT SEEDS: C6420BA      60       0       0       0       0    5B97     3B7       0       0
  499999972                    28                    28             4.8581505E-05         1.0000000E+30           1664055       
 NEXT SEEDS: C642195      60       0       0       0       0    5B97     3B7       0       0
  499999973                    27                    27             4.8581505E-05         1.0000000E+30           1664055       
 NEXT SEEDS: C64226C      60       0       0       0       0    5B97     3B7       0       0
  499999974                    26                    26             4.8581508E-05         1.0000000E+30           1664055       
 NEXT SEEDS: C64233C      60       0       0       0       0    5B97     3B7       0       0
  499999975                    25                    25             4.8581508E-05         1.0000000E+30           1664055       
 NEXT SEEDS: C642405      60       0       0       0       0    5B97     3B7       0       0
  499999976                    24                    24             4.8581508E-05         1.0000000E+30           1664055       
 NEXT SEEDS: C6424CA      60       0       0       0       0    5B97     3B7       0       0
  499999977                    23                    23             4.8581508E-05         1.0000000E+30           1664055       
 NEXT SEEDS: C6425A2      60       0       0       0       0    5B97     3B7       0       0
  499999978                    22                    22             4.8581508E-05         1.0000000E+30           1664055       
 NEXT SEEDS: C6425A9      60       0       0       0       0    5B97     3B7       0       0
  499999979                    21                    21             4.8581508E-05         1.0000000E+30           1664055       
 NEXT SEEDS: C642685      60       0       0       0       0    5B97     3B7       0       0
  499999980                    20                    20             4.8581508E-05         1.0000000E+30           1664055       
 NEXT SEEDS: C642751      60       0       0       0       0    5B97     3B7       0       0
  499999981                    19                    19             4.8581508E-05         1.0000000E+30           1664055       
 NEXT SEEDS: C64282D      60       0       0       0       0    5B97     3B7       0       0
  499999982                    18                    18             4.8581508E-05         1.0000000E+30           1664055       
 NEXT SEEDS: C642834      60       0       0       0       0    5B97     3B7       0       0
  499999983                    17                    17             4.8581507E-05         1.0000000E+30           1664055       
 NEXT SEEDS: C642841      60       0       0       0       0    5B97     3B7       0       0
  499999984                    16                    16             4.8581511E-05         1.0000000E+30           1664055       
 NEXT SEEDS: C642915      60       0       0       0       0    5B97     3B7       0       0
  499999985                    15                    15             4.8581511E-05         1.0000000E+30           1664055       
 NEXT SEEDS: C64291C      60       0       0       0       0    5B97     3B7       0       0
  499999986                    14                    14             4.8581511E-05         1.0000000E+30           1664055       
 NEXT SEEDS: C642925      60       0       0       0       0    5B97     3B7       0       0
  499999987                    13                    13             4.8581511E-05         1.0000000E+30           1664055       
 NEXT SEEDS: C642A09      60       0       0       0       0    5B97     3B7       0       0
  499999988                    12                    12             4.8581511E-05         1.0000000E+30           1664055       
 NEXT SEEDS: C642AD2      60       0       0       0       0    5B97     3B7       0       0
  499999989                    11                    11             4.8581511E-05         1.0000000E+30           1664055       
 NEXT SEEDS: C642BA8      60       0       0       0       0    5B97     3B7       0       0
  499999990                    10                    10             4.8581511E-05         1.0000000E+30           1664055       
 NEXT SEEDS: C642C72      60       0       0       0       0    5B97     3B7       0       0
  499999991                     9                     9             4.8581511E-05         1.0000000E+30           1664055       
 NEXT SEEDS: C642D62      60       0       0       0       0    5B97     3B7       0       0
  499999992                     8                     8             4.8581511E-05         1.0000000E+30           1664055       
 NEXT SEEDS: C642E2F      60       0       0       0       0    5B97     3B7       0       0
  499999993                     7                     7             4.8581514E-05         1.0000000E+30           1664055       
 NEXT SEEDS: C642F25      60       0       0       0       0    5B97     3B7       0       0
  499999994                     6                     6             4.8581514E-05         1.0000000E+30           1664055       
 NEXT SEEDS: C64300A      60       0       0       0       0    5B97     3B7       0       0
  499999995                     5                     5             4.8581514E-05         1.0000000E+30           1664055       
 NEXT SEEDS: C6430E2      60       0       0       0       0    5B97     3B7       0       0
  499999996                     4                     4             4.8581514E-05         1.0000000E+30           1664055       
 NEXT SEEDS: C6431B0      60       0       0       0       0    5B97     3B7       0       0
  499999997                     3                     3             4.8581514E-05         1.0000000E+30           1664055       
 NEXT SEEDS: C643275      60       0       0       0       0    5B97     3B7       0       0
  499999998                     2                     2             4.8581514E-05         1.0000000E+30           1664055       
 NEXT SEEDS: C64334C      60       0       0       0       0    5B97     3B7       0       0
  499999999                     1                     1             4.8581514E-05         1.0000000E+30           1664055       
 NEXT SEEDS: C643424      60       0       0       0       0    5B97     3B7       0       0
  500000000                     0                     1             4.8581514E-05         1.0000000E+30           1664055       
 NEXT SEEDS: C6434EB      60       0       0       0       0    5B97     3B7       0       0
