1NUMBER OF BEAM       NUMBER OF BEAM        APPROXIMATE NUMBER    AVERAGE TIME USED     TIME LEFT (RESERVED   NUMBER OF STARS
 PARTICLES HANDLED    PARTICLES LEFT        OF BEAM PARTICLES     BY A BEAM PARTICLE     10000.0 SECONDS      CREATED
                                            THAT CAN STILL BE                           FOR PRINTOUT)
                                            HANDLED

 NEXT SEEDS:2871989B     301       0       0       0       0    5B96     3B7       0       0
          1             499999999             499999999             1.3923645E-04         1.0000000E+30                 0       
 NEXT SEEDS:28719966     301       0       0       0       0    5B96     3B7       0       0
   10000000             490000000             490000000             4.8582351E-05         1.0000000E+30             32987       
 NEXT SEEDS:23E747F3     303       0       0       0       0    5B96     3B7       0       0
   20000000             480000000             480000000             4.8539244E-05         1.0000000E+30             66307       
 NEXT SEEDS:1F6A5DE3     305       0       0       0       0    5B96     3B7       0       0
   30000000             470000000             470000000             4.8618728E-05         1.0000000E+30             99381       
 NEXT SEEDS:1AE3754C     307       0       0       0       0    5B96     3B7       0       0
   40000000             460000000             460000000             4.8732061E-05         1.0000000E+30            132676       
 NEXT SEEDS:166011A0     309       0       0       0       0    5B96     3B7       0       0
   50000000             450000000             450000000             4.8740456E-05         1.0000000E+30            165654       
 NEXT SEEDS:11CE5CDC     30B       0       0       0       0    5B96     3B7       0       0
   60000000             440000000             440000000             4.8758721E-05         1.0000000E+30            198713       
 NEXT SEEDS: D486CAC     30D       0       0       0       0    5B96     3B7       0       0
   70000000             430000000             430000000             4.8782350E-05         1.0000000E+30            232018       
 NEXT SEEDS: 8BFCA9A     30F       0       0       0       0    5B96     3B7       0       0
   80000000             420000000             420000000             4.8774940E-05         1.0000000E+30            265169       
 NEXT SEEDS: 436E160     311       0       0       0       0    5B96     3B7       0       0
   90000000             410000000             410000000             4.8778251E-05         1.0000000E+30            298055       
 NEXT SEEDS:3B419C07     312       0       0       0       0    5B96     3B7       0       0
  100000000             400000000             400000000             4.8806012E-05         1.0000000E+30            331444       
 NEXT SEEDS:36C1CD89     314       0       0       0       0    5B96     3B7       0       0
  110000000             390000000             390000000             4.8788557E-05         1.0000000E+30            364587       
 NEXT SEEDS:323A6314     316       0       0       0       0    5B96     3B7       0       0
  120000000             380000000             380000000             4.8789962E-05         1.0000000E+30            397923       
 NEXT SEEDS:2DB23160     318       0       0       0       0    5B96     3B7       0       0
  130000000             370000000             370000000             4.8769491E-05         1.0000000E+30            430972       
 NEXT SEEDS:292567CD     31A       0       0       0       0    5B96     3B7       0       0
  140000000             360000000             360000000             4.8775388E-05         1.0000000E+30            463952       
 NEXT SEEDS:24982C00     31C       0       0       0       0    5B96     3B7       0       0
  150000000             350000000             350000000             4.8776739E-05         1.0000000E+30            497174       
 NEXT SEEDS:20101F72     31E       0       0       0       0    5B96     3B7       0       0
  *** Rcfset:kprin,bfcmax,epat00,ppat00,ravpot           1 -0.20190568125510744       0.94231522231607256        8.7195472909166002E-002   12.440777676959296     
  ***RCFSET:EPAT00,VCOUMX,AM(KPRIN),KPRIN  0.94231522231607256        4.4736729225830626E-003  0.93827231000000000                1
  160000000             340000000             340000000             4.8760483E-05         1.0000000E+30            530514       
 NEXT SEEDS:1B8CA822     320       0       0       0       0    5B96     3B7       0       0
  170000000             330000000             330000000             4.8770408E-05         1.0000000E+30            563793       
 NEXT SEEDS:170885F7     322       0       0       0       0    5B96     3B7       0       0
  180000000             320000000             320000000             4.8777027E-05         1.0000000E+30            596937       
 NEXT SEEDS:12868102     324       0       0       0       0    5B96     3B7       0       0
  190000000             310000000             310000000             4.8757744E-05         1.0000000E+30            630325       
 NEXT SEEDS: E014CDA     326       0       0       0       0    5B96     3B7       0       0
  200000000             300000000             300000000             4.8754676E-05         1.0000000E+30            663530       
 NEXT SEEDS: 981D693     328       0       0       0       0    5B96     3B7       0       0
  210000000             290000000             290000000             4.8759843E-05         1.0000000E+30            696601       
 NEXT SEEDS: 4EEC254     32A       0       0       0       0    5B96     3B7       0       0
  220000000             280000000             280000000             4.8746012E-05         1.0000000E+30            729953       
 NEXT SEEDS:  6E99BF     32C       0       0       0       0    5B96     3B7       0       0
  230000000             270000000             270000000             4.8745158E-05         1.0000000E+30            763303       
 NEXT SEEDS:37882F26     32D       0       0       0       0    5B96     3B7       0       0
  240000000             260000000             260000000             4.8738076E-05         1.0000000E+30            796592       
 NEXT SEEDS:33032BA7     32F       0       0       0       0    5B96     3B7       0       0
  250000000             250000000             250000000             4.8736323E-05         1.0000000E+30            829927       
 NEXT SEEDS:2E815836     331       0       0       0       0    5B96     3B7       0       0
  260000000             240000000             240000000             4.8722779E-05         1.0000000E+30            863234       
 NEXT SEEDS:29FAF4E9     333       0       0       0       0    5B96     3B7       0       0
  270000000             230000000             230000000             4.8825002E-05         1.0000000E+30            896557       
 NEXT SEEDS:257C2DAF     335       0       0       0       0    5B96     3B7       0       0
  280000000             220000000             220000000             4.8826146E-05         1.0000000E+30            930122       
 NEXT SEEDS:20FC302A     337       0       0       0       0    5B96     3B7       0       0
  290000000             210000000             210000000             4.8821800E-05         1.0000000E+30            963250       
 NEXT SEEDS:1C6BDCFF     339       0       0       0       0    5B96     3B7       0       0
  300000000             200000000             200000000             4.8816109E-05         1.0000000E+30            996430       
 NEXT SEEDS:17E54225     33B       0       0       0       0    5B96     3B7       0       0
  310000000             190000000             190000000             4.8817829E-05         1.0000000E+30           1029938       
 NEXT SEEDS:135E9C09     33D       0       0       0       0    5B96     3B7       0       0
  320000000             180000000             180000000             4.8812911E-05         1.0000000E+30           1063255       
 NEXT SEEDS: ED9FA76     33F       0       0       0       0    5B96     3B7       0       0
  330000000             170000000             170000000             4.8847901E-05         1.0000000E+30           1096449       
 NEXT SEEDS: A54E1FC     341       0       0       0       0    5B96     3B7       0       0
  340000000             160000000             160000000             4.8852098E-05         1.0000000E+30           1129492       
 NEXT SEEDS: 5CDBA29     343       0       0       0       0    5B96     3B7       0       0
  350000000             150000000             150000000             4.8846949E-05         1.0000000E+30           1162758       
 NEXT SEEDS: 1471189     345       0       0       0       0    5B96     3B7       0       0
  360000000             140000000             140000000             4.8851222E-05         1.0000000E+30           1196092       
 NEXT SEEDS:38606EC9     346       0       0       0       0    5B96     3B7       0       0
  370000000             130000000             130000000             4.8865663E-05         1.0000000E+30           1229432       
 NEXT SEEDS:33E103DE     348       0       0       0       0    5B96     3B7       0       0
  380000000             120000000             120000000             4.8854324E-05         1.0000000E+30           1262417       
 NEXT SEEDS:2F533342     34A       0       0       0       0    5B96     3B7       0       0
  390000000             110000000             110000000             4.8856857E-05         1.0000000E+30           1295856       
 NEXT SEEDS:2ACA0D6F     34C       0       0       0       0    5B96     3B7       0       0
  400000000             100000000             100000000             4.8841676E-05         1.0000000E+30           1329328       
 NEXT SEEDS:26488498     34E       0       0       0       0    5B96     3B7       0       0
  *** Rcfset:kprin,bfcmax,epat00,ppat00,ravpot           1  -2.8379053124290454E-002  0.94299913451546613        9.4299734804410396E-002   12.440777676959296     
  410000000              90000000              90000000             4.8825059E-05         1.0000000E+30           1362489       
 NEXT SEEDS:21BFE4BA     350       0       0       0       0    5B96     3B7       0       0
  420000000              80000000              80000000             4.8829986E-05         1.0000000E+30           1395498       
 NEXT SEEDS:1D301213     352       0       0       0       0    5B96     3B7       0       0
  430000000              70000000              70000000             4.8817911E-05         1.0000000E+30           1428929       
 NEXT SEEDS:18B0368A     354       0       0       0       0    5B96     3B7       0       0
  440000000              60000000              60000000             4.8804307E-05         1.0000000E+30           1462418       
 NEXT SEEDS:1435D271     356       0       0       0       0    5B96     3B7       0       0
  450000000              50000000              50000000             4.8783786E-05         1.0000000E+30           1495545       
 NEXT SEEDS: FADC59A     358       0       0       0       0    5B96     3B7       0       0
  460000000              40000000              40000000             4.8777528E-05         1.0000000E+30           1528741       
 NEXT SEEDS: B2B1829     35A       0       0       0       0    5B96     3B7       0       0
  470000000              30000000              30000000             4.8779331E-05         1.0000000E+30           1561963       
 NEXT SEEDS: 6AE4FC9     35C       0       0       0       0    5B96     3B7       0       0
  480000000              20000000              20000000             4.8786582E-05         1.0000000E+30           1595038       
 NEXT SEEDS: 2270FB2     35E       0       0       0       0    5B96     3B7       0       0
  490000000              10000000              10000000             4.8790810E-05         1.0000000E+30           1628363       
 NEXT SEEDS:3939CD8F     35F       0       0       0       0    5B96     3B7       0       0
  499999950                    50                    50             4.8779670E-05         1.0000000E+30           1661527       
 NEXT SEEDS:34ADFDB8     361       0       0       0       0    5B96     3B7       0       0
  499999951                    49                    49             4.8779670E-05         1.0000000E+30           1661527       
 NEXT SEEDS:34ADFE94     361       0       0       0       0    5B96     3B7       0       0
  499999952                    48                    48             4.8779674E-05         1.0000000E+30           1661527       
 NEXT SEEDS:34ADFF5B     361       0       0       0       0    5B96     3B7       0       0
  499999953                    47                    47             4.8779674E-05         1.0000000E+30           1661527       
 NEXT SEEDS:34AE003E     361       0       0       0       0    5B96     3B7       0       0
  499999954                    46                    46             4.8779674E-05         1.0000000E+30           1661527       
 NEXT SEEDS:34AE0124     361       0       0       0       0    5B96     3B7       0       0
  499999955                    45                    45             4.8779673E-05         1.0000000E+30           1661527       
 NEXT SEEDS:34AE0201     361       0       0       0       0    5B96     3B7       0       0
  499999956                    44                    44             4.8779673E-05         1.0000000E+30           1661527       
 NEXT SEEDS:34AE0208     361       0       0       0       0    5B96     3B7       0       0
  499999957                    43                    43             4.8779673E-05         1.0000000E+30           1661527       
 NEXT SEEDS:34AE02D0     361       0       0       0       0    5B96     3B7       0       0
  499999958                    42                    42             4.8779673E-05         1.0000000E+30           1661527       
 NEXT SEEDS:34AE04EF     361       0       0       0       0    5B96     3B7       0       0
  499999959                    41                    41             4.8779673E-05         1.0000000E+30           1661527       
 NEXT SEEDS:34AE05CE     361       0       0       0       0    5B96     3B7       0       0
  499999960                    40                    40             4.8779673E-05         1.0000000E+30           1661527       
 NEXT SEEDS:34AE0676     361       0       0       0       0    5B96     3B7       0       0
  499999961                    39                    39             4.8779677E-05         1.0000000E+30           1661527       
 NEXT SEEDS:34AE0744     361       0       0       0       0    5B96     3B7       0       0
  499999962                    38                    38             4.8779677E-05         1.0000000E+30           1661527       
 NEXT SEEDS:34AE074D     361       0       0       0       0    5B96     3B7       0       0
  499999963                    37                    37             4.8779677E-05         1.0000000E+30           1661527       
 NEXT SEEDS:34AE0820     361       0       0       0       0    5B96     3B7       0       0
  499999964                    36                    36             4.8779677E-05         1.0000000E+30           1661527       
 NEXT SEEDS:34AE0829     361       0       0       0       0    5B96     3B7       0       0
  499999965                    35                    35             4.8779676E-05         1.0000000E+30           1661527       
 NEXT SEEDS:34AE08FD     361       0       0       0       0    5B96     3B7       0       0
  499999966                    34                    34             4.8779676E-05         1.0000000E+30           1661527       
 NEXT SEEDS:34AE09D7     361       0       0       0       0    5B96     3B7       0       0
  499999967                    33                    33             4.8779676E-05         1.0000000E+30           1661527       
 NEXT SEEDS:34AE0AA9     361       0       0       0       0    5B96     3B7       0       0
  499999968                    32                    32             4.8779676E-05         1.0000000E+30           1661527       
 NEXT SEEDS:34AE0B7A     361       0       0       0       0    5B96     3B7       0       0
  499999969                    31                    31             4.8779676E-05         1.0000000E+30           1661527       
 NEXT SEEDS:34AE0C64     361       0       0       0       0    5B96     3B7       0       0
  499999970                    30                    30             4.8779676E-05         1.0000000E+30           1661527       
 NEXT SEEDS:34AE0D28     361       0       0       0       0    5B96     3B7       0       0
  499999971                    29                    29             4.8779680E-05         1.0000000E+30           1661527       
 NEXT SEEDS:34AE0DF7     361       0       0       0       0    5B96     3B7       0       0
  499999972                    28                    28             4.8779680E-05         1.0000000E+30           1661527       
 NEXT SEEDS:34AE0EC5     361       0       0       0       0    5B96     3B7       0       0
  499999973                    27                    27             4.8779680E-05         1.0000000E+30           1661527       
 NEXT SEEDS:34AE0FB2     361       0       0       0       0    5B96     3B7       0       0
  499999974                    26                    26             4.8779679E-05         1.0000000E+30           1661527       
 NEXT SEEDS:34AE0FBB     361       0       0       0       0    5B96     3B7       0       0
  499999975                    25                    25             4.8779679E-05         1.0000000E+30           1661527       
 NEXT SEEDS:34AE1093     361       0       0       0       0    5B96     3B7       0       0
  499999976                    24                    24             4.8779679E-05         1.0000000E+30           1661527       
 NEXT SEEDS:34AE1153     361       0       0       0       0    5B96     3B7       0       0
  499999977                    23                    23             4.8779679E-05         1.0000000E+30           1661527       
 NEXT SEEDS:34AE115A     361       0       0       0       0    5B96     3B7       0       0
  499999978                    22                    22             4.8779679E-05         1.0000000E+30           1661527       
 NEXT SEEDS:34AE1227     361       0       0       0       0    5B96     3B7       0       0
  499999979                    21                    21             4.8779679E-05         1.0000000E+30           1661527       
 NEXT SEEDS:34AE12F4     361       0       0       0       0    5B96     3B7       0       0
  499999980                    20                    20             4.8779679E-05         1.0000000E+30           1661527       
 NEXT SEEDS:34AE13D0     361       0       0       0       0    5B96     3B7       0       0
  499999981                    19                    19             4.8779683E-05         1.0000000E+30           1661527       
 NEXT SEEDS:34AE14B5     361       0       0       0       0    5B96     3B7       0       0
  499999982                    18                    18             4.8779683E-05         1.0000000E+30           1661527       
 NEXT SEEDS:34AE15B4     361       0       0       0       0    5B96     3B7       0       0
  499999983                    17                    17             4.8779682E-05         1.0000000E+30           1661527       
 NEXT SEEDS:34AE15BB     361       0       0       0       0    5B96     3B7       0       0
  499999984                    16                    16             4.8779682E-05         1.0000000E+30           1661527       
 NEXT SEEDS:34AE168F     361       0       0       0       0    5B96     3B7       0       0
  499999985                    15                    15             4.8779682E-05         1.0000000E+30           1661527       
 NEXT SEEDS:34AE1763     361       0       0       0       0    5B96     3B7       0       0
  499999986                    14                    14             4.8779682E-05         1.0000000E+30           1661527       
 NEXT SEEDS:34AE176C     361       0       0       0       0    5B96     3B7       0       0
  499999987                    13                    13             4.8779682E-05         1.0000000E+30           1661527       
 NEXT SEEDS:34AE184B     361       0       0       0       0    5B96     3B7       0       0
  499999988                    12                    12             4.8779682E-05         1.0000000E+30           1661527       
 NEXT SEEDS:34AE191C     361       0       0       0       0    5B96     3B7       0       0
  499999989                    11                    11             4.8779682E-05         1.0000000E+30           1661527       
 NEXT SEEDS:34AE19ED     361       0       0       0       0    5B96     3B7       0       0
  499999990                    10                    10             4.8779682E-05         1.0000000E+30           1661527       
 NEXT SEEDS:34AE1ABB     361       0       0       0       0    5B96     3B7       0       0
  499999991                     9                     9             4.8779686E-05         1.0000000E+30           1661527       
 NEXT SEEDS:34AE1AC6     361       0       0       0       0    5B96     3B7       0       0
  499999992                     8                     8             4.8779686E-05         1.0000000E+30           1661527       
 NEXT SEEDS:34AE1ACD     361       0       0       0       0    5B96     3B7       0       0
  499999993                     7                     7             4.8779685E-05         1.0000000E+30           1661527       
 NEXT SEEDS:34AE1BBA     361       0       0       0       0    5B96     3B7       0       0
  499999994                     6                     6             4.8779685E-05         1.0000000E+30           1661527       
 NEXT SEEDS:34AE1C8A     361       0       0       0       0    5B96     3B7       0       0
  499999995                     5                     5             4.8779685E-05         1.0000000E+30           1661527       
 NEXT SEEDS:34AE1D78     361       0       0       0       0    5B96     3B7       0       0
  499999996                     4                     4             4.8779685E-05         1.0000000E+30           1661527       
 NEXT SEEDS:34AE1E40     361       0       0       0       0    5B96     3B7       0       0
  499999997                     3                     3             4.8779685E-05         1.0000000E+30           1661527       
 NEXT SEEDS:34AE1F09     361       0       0       0       0    5B96     3B7       0       0
  499999998                     2                     2             4.8779685E-05         1.0000000E+30           1661527       
 NEXT SEEDS:34AE1F10     361       0       0       0       0    5B96     3B7       0       0
  499999999                     1                     1             4.8779685E-05         1.0000000E+30           1661527       
 NEXT SEEDS:34AE1FEA     361       0       0       0       0    5B96     3B7       0       0
  500000000                     0                     1             4.8779685E-05         1.0000000E+30           1661527       
 NEXT SEEDS:34AE20B5     361       0       0       0       0    5B96     3B7       0       0
