1NUMBER OF BEAM       NUMBER OF BEAM        APPROXIMATE NUMBER    AVERAGE TIME USED     TIME LEFT (RESERVED   NUMBER OF STARS
 PARTICLES HANDLED    PARTICLES LEFT        OF BEAM PARTICLES     BY A BEAM PARTICLE     10000.0 SECONDS      CREATED
                                            THAT CAN STILL BE                           FOR PRINTOUT)
                                            HANDLED

 NEXT SEEDS:343FC5C9     361       0       0       0       0    5B98     3B7       0       0
          1             499999999             499999999             1.3971329E-04         1.0000000E+30                 0       
 NEXT SEEDS:343FC68D     361       0       0       0       0    5B98     3B7       0       0
   10000000             490000000             490000000             4.8098382E-05         1.0000000E+30             33196       
 NEXT SEEDS:2FAF4A63     363       0       0       0       0    5B98     3B7       0       0
   20000000             480000000             480000000             4.8746731E-05         1.0000000E+30             66480       
 NEXT SEEDS:2B280ADA     365       0       0       0       0    5B98     3B7       0       0
   30000000             470000000             470000000             4.8649253E-05         1.0000000E+30             99718       
 NEXT SEEDS:26A83361     367       0       0       0       0    5B98     3B7       0       0
   40000000             460000000             460000000             4.8749238E-05         1.0000000E+30            132794       
 NEXT SEEDS:221B518C     369       0       0       0       0    5B98     3B7       0       0
   50000000             450000000             450000000             4.8710570E-05         1.0000000E+30            165965       
 NEXT SEEDS:1D9042A3     36B       0       0       0       0    5B98     3B7       0       0
   60000000             440000000             440000000             4.8743086E-05         1.0000000E+30            199354       
 NEXT SEEDS:190730D7     36D       0       0       0       0    5B98     3B7       0       0
   70000000             430000000             430000000             4.8800278E-05         1.0000000E+30            232372       
 NEXT SEEDS:147943D8     36F       0       0       0       0    5B98     3B7       0       0
   80000000             420000000             420000000             4.8793285E-05         1.0000000E+30            265220       
 NEXT SEEDS: FEAAB12     371       0       0       0       0    5B98     3B7       0       0
   90000000             410000000             410000000             4.8687602E-05         1.0000000E+30            298193       
 NEXT SEEDS: B588AF1     373       0       0       0       0    5B98     3B7       0       0
  100000000             400000000             400000000             4.8585634E-05         1.0000000E+30            331432       
 NEXT SEEDS: 6D7F98C     375       0       0       0       0    5B98     3B7       0       0
  110000000             390000000             390000000             4.8520592E-05         1.0000000E+30            364868       
 NEXT SEEDS: 252FD7A     377       0       0       0       0    5B98     3B7       0       0
  120000000             380000000             380000000             4.8449979E-05         1.0000000E+30            397875       
 NEXT SEEDS:39629682     378       0       0       0       0    5B98     3B7       0       0
  130000000             370000000             370000000             4.8419704E-05         1.0000000E+30            431401       
 NEXT SEEDS:34E76730     37A       0       0       0       0    5B98     3B7       0       0
  *** Rcfset:kprin,bfcmax,epat00,ppat00,ravpot           1  -8.3981838794613850E-002  0.94275609283256845        9.1837480693855833E-002   12.440777676959296     
  140000000             360000000             360000000             4.8448214E-05         1.0000000E+30            464844       
 NEXT SEEDS:3062ACBE     37C       0       0       0       0    5B98     3B7       0       0
  150000000             350000000             350000000             4.8497659E-05         1.0000000E+30            498388       
 NEXT SEEDS:2BE6E95E     37E       0       0       0       0    5B98     3B7       0       0
  *** Rcfset:kprin,bfcmax,epat00,ppat00,ravpot           1  -8.3368198421635453E-002  0.94275863860672338        9.1863610613051594E-002   12.440777676959296     
  160000000             340000000             340000000             4.8532846E-05         1.0000000E+30            531664       
 NEXT SEEDS:276899E9     380       0       0       0       0    5B98     3B7       0       0
  170000000             330000000             330000000             4.8521834E-05         1.0000000E+30            564850       
 NEXT SEEDS:22E959E0     382       0       0       0       0    5B98     3B7       0       0
  180000000             320000000             320000000             4.8496527E-05         1.0000000E+30            598392       
 NEXT SEEDS:1E733E23     384       0       0       0       0    5B98     3B7       0       0
  190000000             310000000             310000000             4.8534734E-05         1.0000000E+30            631574       
 NEXT SEEDS:19E93354     386       0       0       0       0    5B98     3B7       0       0
  200000000             300000000             300000000             4.8531567E-05         1.0000000E+30            664629       
 NEXT SEEDS:155CEFE2     388       0       0       0       0    5B98     3B7       0       0
  210000000             290000000             290000000             4.8529115E-05         1.0000000E+30            697803       
 NEXT SEEDS:10DCDA8E     38A       0       0       0       0    5B98     3B7       0       0
  220000000             280000000             280000000             4.8515239E-05         1.0000000E+30            731299       
 NEXT SEEDS: C5D8145     38C       0       0       0       0    5B98     3B7       0       0
  230000000             270000000             270000000             4.8502407E-05         1.0000000E+30            764854       
 NEXT SEEDS: 7DC6647     38E       0       0       0       0    5B98     3B7       0       0
  240000000             260000000             260000000             4.8482829E-05         1.0000000E+30            797959       
 NEXT SEEDS: 35B6246     390       0       0       0       0    5B98     3B7       0       0
  250000000             250000000             250000000             4.8460937E-05         1.0000000E+30            831678       
 NEXT SEEDS:3A7CFADD     391       0       0       0       0    5B98     3B7       0       0
  *** Rcfset:kprin,bfcmax,epat00,ppat00,ravpot           1  -2.0353693958958585E-002  0.94303640667224042        9.4671730714903590E-002   12.440777676959296     
  260000000             240000000             240000000             4.8447412E-05         1.0000000E+30            865334       
 NEXT SEEDS:36008636     393       0       0       0       0    5B98     3B7       0       0
  270000000             230000000             230000000             4.8435391E-05         1.0000000E+30            898535       
 NEXT SEEDS:317B2787     395       0       0       0       0    5B98     3B7       0       0
  280000000             220000000             220000000             4.8448033E-05         1.0000000E+30            931753       
 NEXT SEEDS:2CFBCA14     397       0       0       0       0    5B98     3B7       0       0
  290000000             210000000             210000000             4.8453435E-05         1.0000000E+30            964913       
 NEXT SEEDS:287E6A22     399       0       0       0       0    5B98     3B7       0       0
  300000000             200000000             200000000             4.8450169E-05         1.0000000E+30            998084       
 NEXT SEEDS:23F4F0CC     39B       0       0       0       0    5B98     3B7       0       0
  310000000             190000000             190000000             4.8452989E-05         1.0000000E+30           1031360       
 NEXT SEEDS:1F6B2C7F     39D       0       0       0       0    5B98     3B7       0       0
  320000000             180000000             180000000             4.8453671E-05         1.0000000E+30           1064749       
 NEXT SEEDS:1AE7A1C3     39F       0       0       0       0    5B98     3B7       0       0
  330000000             170000000             170000000             4.8446508E-05         1.0000000E+30           1097851       
 NEXT SEEDS:165E19C1     3A1       0       0       0       0    5B98     3B7       0       0
  340000000             160000000             160000000             4.8430279E-05         1.0000000E+30           1131193       
 NEXT SEEDS:11DBF2C7     3A3       0       0       0       0    5B98     3B7       0       0
  350000000             150000000             150000000             4.8424090E-05         1.0000000E+30           1164378       
 NEXT SEEDS: D564967     3A5       0       0       0       0    5B98     3B7       0       0
  360000000             140000000             140000000             4.8433143E-05         1.0000000E+30           1197393       
 NEXT SEEDS: 8CC4ABA     3A7       0       0       0       0    5B98     3B7       0       0
  370000000             130000000             130000000             4.8422318E-05         1.0000000E+30           1230419       
 NEXT SEEDS: 43E915A     3A9       0       0       0       0    5B98     3B7       0       0
  380000000             120000000             120000000             4.8412597E-05         1.0000000E+30           1264123       
 NEXT SEEDS:3B603A1F     3AA       0       0       0       0    5B98     3B7       0       0
  390000000             110000000             110000000             4.8400746E-05         1.0000000E+30           1297345       
 NEXT SEEDS:36D97556     3AC       0       0       0       0    5B98     3B7       0       0
  400000000             100000000             100000000             4.8380488E-05         1.0000000E+30           1330557       
 NEXT SEEDS:324A0350     3AE       0       0       0       0    5B98     3B7       0       0
  410000000              90000000              90000000             4.8380297E-05         1.0000000E+30           1363972       
 NEXT SEEDS:2DC6BE92     3B0       0       0       0       0    5B98     3B7       0       0
  420000000              80000000              80000000             4.8396717E-05         1.0000000E+30           1397332       
 NEXT SEEDS:2946EA20     3B2       0       0       0       0    5B98     3B7       0       0
  430000000              70000000              70000000             4.8404674E-05         1.0000000E+30           1430879       
 NEXT SEEDS:24C75854     3B4       0       0       0       0    5B98     3B7       0       0
  440000000              60000000              60000000             4.8393657E-05         1.0000000E+30           1464050       
 NEXT SEEDS:203F24AA     3B6       0       0       0       0    5B98     3B7       0       0
  450000000              50000000              50000000             4.8384188E-05         1.0000000E+30           1497219       
 NEXT SEEDS:1BBF9A99     3B8       0       0       0       0    5B98     3B7       0       0
  460000000              40000000              40000000             4.8361082E-05         1.0000000E+30           1530527       
 NEXT SEEDS:173D170F     3BA       0       0       0       0    5B98     3B7       0       0
  470000000              30000000              30000000             4.8345915E-05         1.0000000E+30           1563842       
 NEXT SEEDS:12B0BDB4     3BC       0       0       0       0    5B98     3B7       0       0
  480000000              20000000              20000000             4.8254110E-05         1.0000000E+30           1596989       
 NEXT SEEDS: E275147     3BE       0       0       0       0    5B98     3B7       0       0
  490000000              10000000              10000000             4.8136260E-05         1.0000000E+30           1630379       
 NEXT SEEDS: 9A7C6AC     3C0       0       0       0       0    5B98     3B7       0       0
  499999950                    50                    50             4.8026923E-05         1.0000000E+30           1663835       
 NEXT SEEDS: 52D4AD8     3C2       0       0       0       0    5B98     3B7       0       0
  499999951                    49                    49             4.8026923E-05         1.0000000E+30           1663835       
 NEXT SEEDS: 52D4AE1     3C2       0       0       0       0    5B98     3B7       0       0
  499999952                    48                    48             4.8026922E-05         1.0000000E+30           1663835       
 NEXT SEEDS: 52D4BA7     3C2       0       0       0       0    5B98     3B7       0       0
  499999953                    47                    47             4.8026926E-05         1.0000000E+30           1663835       
 NEXT SEEDS: 52D4C73     3C2       0       0       0       0    5B98     3B7       0       0
  499999954                    46                    46             4.8026926E-05         1.0000000E+30           1663835       
 NEXT SEEDS: 52D4D53     3C2       0       0       0       0    5B98     3B7       0       0
  499999955                    45                    45             4.8026926E-05         1.0000000E+30           1663835       
 NEXT SEEDS: 52D4E25     3C2       0       0       0       0    5B98     3B7       0       0
  499999956                    44                    44             4.8026926E-05         1.0000000E+30           1663835       
 NEXT SEEDS: 52D4F0C     3C2       0       0       0       0    5B98     3B7       0       0
  499999957                    43                    43             4.8026926E-05         1.0000000E+30           1663835       
 NEXT SEEDS: 52D4FE8     3C2       0       0       0       0    5B98     3B7       0       0
  499999958                    42                    42             4.8026926E-05         1.0000000E+30           1663835       
 NEXT SEEDS: 52D50BC     3C2       0       0       0       0    5B98     3B7       0       0
  499999959                    41                    41             4.8026926E-05         1.0000000E+30           1663835       
 NEXT SEEDS: 52D5198     3C2       0       0       0       0    5B98     3B7       0       0
  499999960                    40                    40             4.8026926E-05         1.0000000E+30           1663835       
 NEXT SEEDS: 52D5262     3C2       0       0       0       0    5B98     3B7       0       0
  499999961                    39                    39             4.8026925E-05         1.0000000E+30           1663835       
 NEXT SEEDS: 52D526B     3C2       0       0       0       0    5B98     3B7       0       0
  499999962                    38                    38             4.8026929E-05         1.0000000E+30           1663835       
 NEXT SEEDS: 52D5272     3C2       0       0       0       0    5B98     3B7       0       0
  499999963                    37                    37             4.8026929E-05         1.0000000E+30           1663835       
 NEXT SEEDS: 52D5279     3C2       0       0       0       0    5B98     3B7       0       0
  499999964                    36                    36             4.8026929E-05         1.0000000E+30           1663835       
 NEXT SEEDS: 52D5284     3C2       0       0       0       0    5B98     3B7       0       0
  499999965                    35                    35             4.8026929E-05         1.0000000E+30           1663835       
 NEXT SEEDS: 52D5353     3C2       0       0       0       0    5B98     3B7       0       0
  499999966                    34                    34             4.8026929E-05         1.0000000E+30           1663835       
 NEXT SEEDS: 52D5414     3C2       0       0       0       0    5B98     3B7       0       0
  499999967                    33                    33             4.8026929E-05         1.0000000E+30           1663835       
 NEXT SEEDS: 52D541F     3C2       0       0       0       0    5B98     3B7       0       0
  499999968                    32                    32             4.8026929E-05         1.0000000E+30           1663835       
 NEXT SEEDS: 52D54C9     3C2       0       0       0       0    5B98     3B7       0       0
  499999969                    31                    31             4.8026929E-05         1.0000000E+30           1663835       
 NEXT SEEDS: 52D559A     3C2       0       0       0       0    5B98     3B7       0       0
  499999970                    30                    30             4.8026929E-05         1.0000000E+30           1663835       
 NEXT SEEDS: 52D5681     3C2       0       0       0       0    5B98     3B7       0       0
  499999971                    29                    29             4.8026928E-05         1.0000000E+30           1663835       
 NEXT SEEDS: 52D5746     3C2       0       0       0       0    5B98     3B7       0       0
  499999972                    28                    28             4.8026928E-05         1.0000000E+30           1663835       
 NEXT SEEDS: 52D5810     3C2       0       0       0       0    5B98     3B7       0       0
  499999973                    27                    27             4.8026928E-05         1.0000000E+30           1663835       
 NEXT SEEDS: 52D58D3     3C2       0       0       0       0    5B98     3B7       0       0
  499999974                    26                    26             4.8026932E-05         1.0000000E+30           1663835       
 NEXT SEEDS: 52D5999     3C2       0       0       0       0    5B98     3B7       0       0
  499999975                    25                    25             4.8026932E-05         1.0000000E+30           1663835       
 NEXT SEEDS: 52D5A72     3C2       0       0       0       0    5B98     3B7       0       0
  499999976                    24                    24             4.8026932E-05         1.0000000E+30           1663835       
 NEXT SEEDS: 52D5B36     3C2       0       0       0       0    5B98     3B7       0       0
  499999977                    23                    23             4.8026932E-05         1.0000000E+30           1663835       
 NEXT SEEDS: 52D5B3F     3C2       0       0       0       0    5B98     3B7       0       0
  499999978                    22                    22             4.8026932E-05         1.0000000E+30           1663835       
 NEXT SEEDS: 52D5C25     3C2       0       0       0       0    5B98     3B7       0       0
  499999979                    21                    21             4.8026932E-05         1.0000000E+30           1663835       
 NEXT SEEDS: 52D5D06     3C2       0       0       0       0    5B98     3B7       0       0
  499999980                    20                    20             4.8026931E-05         1.0000000E+30           1663835       
 NEXT SEEDS: 52D5D0D     3C2       0       0       0       0    5B98     3B7       0       0
  499999981                    19                    19             4.8026931E-05         1.0000000E+30           1663835       
 NEXT SEEDS: 52D5DD9     3C2       0       0       0       0    5B98     3B7       0       0
  499999982                    18                    18             4.8026931E-05         1.0000000E+30           1663835       
 NEXT SEEDS: 52D5E95     3C2       0       0       0       0    5B98     3B7       0       0
  499999983                    17                    17             4.8026931E-05         1.0000000E+30           1663835       
 NEXT SEEDS: 52D5F7E     3C2       0       0       0       0    5B98     3B7       0       0
  499999984                    16                    16             4.8026931E-05         1.0000000E+30           1663835       
 NEXT SEEDS: 52D5F89     3C2       0       0       0       0    5B98     3B7       0       0
  499999985                    15                    15             4.8026931E-05         1.0000000E+30           1663835       
 NEXT SEEDS: 52D6074     3C2       0       0       0       0    5B98     3B7       0       0
  499999986                    14                    14             4.8026931E-05         1.0000000E+30           1663835       
 NEXT SEEDS: 52D615C     3C2       0       0       0       0    5B98     3B7       0       0
  499999987                    13                    13             4.8026931E-05         1.0000000E+30           1663835       
 NEXT SEEDS: 52D6223     3C2       0       0       0       0    5B98     3B7       0       0
  499999988                    12                    12             4.8026931E-05         1.0000000E+30           1663835       
 NEXT SEEDS: 52D6328     3C2       0       0       0       0    5B98     3B7       0       0
  499999989                    11                    11             4.8026931E-05         1.0000000E+30           1663835       
 NEXT SEEDS: 52D63F9     3C2       0       0       0       0    5B98     3B7       0       0
  499999990                    10                    10             4.8026931E-05         1.0000000E+30           1663835       
 NEXT SEEDS: 52D64C4     3C2       0       0       0       0    5B98     3B7       0       0
  499999991                     9                     9             4.8026930E-05         1.0000000E+30           1663835       
 NEXT SEEDS: 52D65AF     3C2       0       0       0       0    5B98     3B7       0       0
  499999992                     8                     8             4.8026930E-05         1.0000000E+30           1663835       
 NEXT SEEDS: 52D669A     3C2       0       0       0       0    5B98     3B7       0       0
  499999993                     7                     7             4.8026930E-05         1.0000000E+30           1663835       
 NEXT SEEDS: 52D6760     3C2       0       0       0       0    5B98     3B7       0       0
  499999994                     6                     6             4.8026930E-05         1.0000000E+30           1663835       
 NEXT SEEDS: 52D683C     3C2       0       0       0       0    5B98     3B7       0       0
  499999995                     5                     5             4.8026930E-05         1.0000000E+30           1663835       
 NEXT SEEDS: 52D690C     3C2       0       0       0       0    5B98     3B7       0       0
  499999996                     4                     4             4.8026930E-05         1.0000000E+30           1663835       
 NEXT SEEDS: 52D6915     3C2       0       0       0       0    5B98     3B7       0       0
  499999997                     3                     3             4.8026930E-05         1.0000000E+30           1663835       
 NEXT SEEDS: 52D69E9     3C2       0       0       0       0    5B98     3B7       0       0
  499999998                     2                     2             4.8026930E-05         1.0000000E+30           1663835       
 NEXT SEEDS: 52D6ABA     3C2       0       0       0       0    5B98     3B7       0       0
  499999999                     1                     1             4.8026930E-05         1.0000000E+30           1663835       
 NEXT SEEDS: 52D6B7E     3C2       0       0       0       0    5B98     3B7       0       0
  500000000                     0                     1             4.8026930E-05         1.0000000E+30           1663835       
 NEXT SEEDS: 52D6B89     3C2       0       0       0       0    5B98     3B7       0       0
