1NUMBER OF BEAM       NUMBER OF BEAM        APPROXIMATE NUMBER    AVERAGE TIME USED     TIME LEFT (RESERVED   NUMBER OF STARS
 PARTICLES HANDLED    PARTICLES LEFT        OF BEAM PARTICLES     BY A BEAM PARTICLE     10000.0 SECONDS      CREATED
                                            THAT CAN STILL BE                           FOR PRINTOUT)
                                            HANDLED

 NEXT SEEDS: 2AE2417     1E1       0       0       0       0    5B95     3B7       0       0
          1             499999999             499999999             1.4209747E-04         1.0000000E+30                 0       
 NEXT SEEDS: 2AE24E2     1E1       0       0       0       0    5B95     3B7       0       0
   10000000             490000000             490000000             4.8240972E-05         1.0000000E+30             33303       
 NEXT SEEDS:39C86853     1E2       0       0       0       0    5B95     3B7       0       0
   20000000             480000000             480000000             4.8273586E-05         1.0000000E+30             66538       
 NEXT SEEDS:35465EB3     1E4       0       0       0       0    5B95     3B7       0       0
   30000000             470000000             470000000             4.8228324E-05         1.0000000E+30             99407       
 NEXT SEEDS:30BC43E2     1E6       0       0       0       0    5B95     3B7       0       0
   40000000             460000000             460000000             4.8225338E-05         1.0000000E+30            132777       
 NEXT SEEDS:2C3E19E9     1E8       0       0       0       0    5B95     3B7       0       0
   50000000             450000000             450000000             4.8169348E-05         1.0000000E+30            166195       
 NEXT SEEDS:27B9742D     1EA       0       0       0       0    5B95     3B7       0       0
   60000000             440000000             440000000             4.8263784E-05         1.0000000E+30            199289       
 NEXT SEEDS:232D8D21     1EC       0       0       0       0    5B95     3B7       0       0
   70000000             430000000             430000000             4.8252917E-05         1.0000000E+30            232447       
 NEXT SEEDS:1EA7DB94     1EE       0       0       0       0    5B95     3B7       0       0
   80000000             420000000             420000000             4.8285210E-05         1.0000000E+30            265853       
 NEXT SEEDS:1A263159     1F0       0       0       0       0    5B95     3B7       0       0
   90000000             410000000             410000000             4.8374887E-05         1.0000000E+30            299401       
 NEXT SEEDS:15ABF311     1F2       0       0       0       0    5B95     3B7       0       0
  100000000             400000000             400000000             4.8426666E-05         1.0000000E+30            332732       
 NEXT SEEDS:11289B92     1F4       0       0       0       0    5B95     3B7       0       0
  110000000             390000000             390000000             4.8444883E-05         1.0000000E+30            365902       
 NEXT SEEDS: CA30CF6     1F6       0       0       0       0    5B95     3B7       0       0
  120000000             380000000             380000000             4.8453679E-05         1.0000000E+30            399245       
 NEXT SEEDS: 81E8E98     1F8       0       0       0       0    5B95     3B7       0       0
  130000000             370000000             370000000             4.8487362E-05         1.0000000E+30            432451       
 NEXT SEEDS: 38F626C     1FA       0       0       0       0    5B95     3B7       0       0
  140000000             360000000             360000000             4.8588429E-05         1.0000000E+30            465833       
 NEXT SEEDS:3AACCBCF     1FB       0       0       0       0    5B95     3B7       0       0
  150000000             350000000             350000000             4.8592624E-05         1.0000000E+30            499218       
 NEXT SEEDS:3626911A     1FD       0       0       0       0    5B95     3B7       0       0
  160000000             340000000             340000000             4.8597199E-05         1.0000000E+30            532443       
 NEXT SEEDS:31A20A95     1FF       0       0       0       0    5B95     3B7       0       0
  170000000             330000000             330000000             4.8635016E-05         1.0000000E+30            565600       
 NEXT SEEDS:2D19DAC9     201       0       0       0       0    5B95     3B7       0       0
  180000000             320000000             320000000             4.8701197E-05         1.0000000E+30            598826       
 NEXT SEEDS:289207C5     203       0       0       0       0    5B95     3B7       0       0
  190000000             310000000             310000000             4.8708587E-05         1.0000000E+30            631669       
 NEXT SEEDS:24073CA3     205       0       0       0       0    5B95     3B7       0       0
  200000000             300000000             300000000             4.8722313E-05         1.0000000E+30            664961       
 NEXT SEEDS:1F7F664D     207       0       0       0       0    5B95     3B7       0       0
  210000000             290000000             290000000             4.8720413E-05         1.0000000E+30            698287       
 NEXT SEEDS:1AF7DEBD     209       0       0       0       0    5B95     3B7       0       0
  220000000             280000000             280000000             4.8710505E-05         1.0000000E+30            731273       
 NEXT SEEDS:1670F297     20B       0       0       0       0    5B95     3B7       0       0
  230000000             270000000             270000000             4.8730658E-05         1.0000000E+30            764675       
 NEXT SEEDS:11F1BE9B     20D       0       0       0       0    5B95     3B7       0       0
  240000000             260000000             260000000             4.8742817E-05         1.0000000E+30            797749       
 NEXT SEEDS: D6401DA     20F       0       0       0       0    5B95     3B7       0       0
  250000000             250000000             250000000             4.8771823E-05         1.0000000E+30            831074       
 NEXT SEEDS: 8E06C04     211       0       0       0       0    5B95     3B7       0       0
  260000000             240000000             240000000             4.8784114E-05         1.0000000E+30            864464       
 NEXT SEEDS: 45AC800     213       0       0       0       0    5B95     3B7       0       0
  270000000             230000000             230000000             4.8752436E-05         1.0000000E+30            897677       
 NEXT SEEDS:3B6F9A4C     214       0       0       0       0    5B95     3B7       0       0
  280000000             220000000             220000000             4.8706535E-05         1.0000000E+30            930736       
 NEXT SEEDS:36ECC805     216       0       0       0       0    5B95     3B7       0       0
  290000000             210000000             210000000             4.8649800E-05         1.0000000E+30            964143       
 NEXT SEEDS:326EF56D     218       0       0       0       0    5B95     3B7       0       0
  300000000             200000000             200000000             4.8611024E-05         1.0000000E+30            997338       
 NEXT SEEDS:2DE9EB9E     21A       0       0       0       0    5B95     3B7       0       0
  310000000             190000000             190000000             4.8579611E-05         1.0000000E+30           1030475       
 NEXT SEEDS:2963AFFE     21C       0       0       0       0    5B95     3B7       0       0
  320000000             180000000             180000000             4.8542556E-05         1.0000000E+30           1063592       
 NEXT SEEDS:24DCD7A9     21E       0       0       0       0    5B95     3B7       0       0
  330000000             170000000             170000000             4.8517346E-05         1.0000000E+30           1097057       
 NEXT SEEDS:205456E8     220       0       0       0       0    5B95     3B7       0       0
  340000000             160000000             160000000             4.8480996E-05         1.0000000E+30           1130734       
 NEXT SEEDS:1BD7EAAE     222       0       0       0       0    5B95     3B7       0       0
  350000000             150000000             150000000             4.8441109E-05         1.0000000E+30           1163783       
 NEXT SEEDS:175180AC     224       0       0       0       0    5B95     3B7       0       0
  360000000             140000000             140000000             4.8430245E-05         1.0000000E+30           1196941       
 NEXT SEEDS:12C2F96A     226       0       0       0       0    5B95     3B7       0       0
  370000000             130000000             130000000             4.8407241E-05         1.0000000E+30           1230401       
 NEXT SEEDS: E425F79     228       0       0       0       0    5B95     3B7       0       0
  *** Rcfset:kprin,bfcmax,epat00,ppat00,ravpot           1  -1.1885769339277541E-002  0.94307637689338608        9.5069053543305304E-002   12.440777676959296     
  380000000             120000000             120000000             4.8392582E-05         1.0000000E+30           1263436       
 NEXT SEEDS: 9BA38EC     22A       0       0       0       0    5B95     3B7       0       0
  390000000             110000000             110000000             4.8382406E-05         1.0000000E+30           1296711       
 NEXT SEEDS: 53981D5     22C       0       0       0       0    5B95     3B7       0       0
  400000000             100000000             100000000             4.8362245E-05         1.0000000E+30           1329820       
 NEXT SEEDS:  B7D0E5     22E       0       0       0       0    5B95     3B7       0       0
  410000000              90000000              90000000             4.8359893E-05         1.0000000E+30           1362967       
 NEXT SEEDS:37CC4FEA     22F       0       0       0       0    5B95     3B7       0       0
  420000000              80000000              80000000             4.8353268E-05         1.0000000E+30           1396275       
 NEXT SEEDS:334F0D38     231       0       0       0       0    5B95     3B7       0       0
  430000000              70000000              70000000             4.8346161E-05         1.0000000E+30           1429453       
 NEXT SEEDS:2EC71FBE     233       0       0       0       0    5B95     3B7       0       0
  440000000              60000000              60000000             4.8337965E-05         1.0000000E+30           1462544       
 NEXT SEEDS:2A41FEF2     235       0       0       0       0    5B95     3B7       0       0
  450000000              50000000              50000000             4.8367538E-05         1.0000000E+30           1495536       
 NEXT SEEDS:25B1CCBD     237       0       0       0       0    5B95     3B7       0       0
  460000000              40000000              40000000             4.8383950E-05         1.0000000E+30           1529074       
 NEXT SEEDS:21303E69     239       0       0       0       0    5B95     3B7       0       0
  470000000              30000000              30000000             4.8386747E-05         1.0000000E+30           1562232       
 NEXT SEEDS:1CACB65A     23B       0       0       0       0    5B95     3B7       0       0
  480000000              20000000              20000000             4.8392309E-05         1.0000000E+30           1595564       
 NEXT SEEDS:1824FE8C     23D       0       0       0       0    5B95     3B7       0       0
  490000000              10000000              10000000             4.8396376E-05         1.0000000E+30           1628604       
 NEXT SEEDS:139E2485     23F       0       0       0       0    5B95     3B7       0       0
  499999950                    50                    50             4.8413852E-05         1.0000000E+30           1661665       
 NEXT SEEDS: F1FF131     241       0       0       0       0    5B95     3B7       0       0
  499999951                    49                    49             4.8413852E-05         1.0000000E+30           1661665       
 NEXT SEEDS: F1FF217     241       0       0       0       0    5B95     3B7       0       0
  499999952                    48                    48             4.8413852E-05         1.0000000E+30           1661665       
 NEXT SEEDS: F1FF2DE     241       0       0       0       0    5B95     3B7       0       0
  499999953                    47                    47             4.8413851E-05         1.0000000E+30           1661665       
 NEXT SEEDS: F1FF3C6     241       0       0       0       0    5B95     3B7       0       0
  499999954                    46                    46             4.8413855E-05         1.0000000E+30           1661665       
 NEXT SEEDS: F1FF498     241       0       0       0       0    5B95     3B7       0       0
  499999955                    45                    45             4.8413855E-05         1.0000000E+30           1661665       
 NEXT SEEDS: F1FF563     241       0       0       0       0    5B95     3B7       0       0
  499999956                    44                    44             4.8413855E-05         1.0000000E+30           1661665       
 NEXT SEEDS: F1FF645     241       0       0       0       0    5B95     3B7       0       0
  499999957                    43                    43             4.8413855E-05         1.0000000E+30           1661665       
 NEXT SEEDS: F1FF716     241       0       0       0       0    5B95     3B7       0       0
  499999958                    42                    42             4.8413855E-05         1.0000000E+30           1661665       
 NEXT SEEDS: F1FF7EB     241       0       0       0       0    5B95     3B7       0       0
  499999959                    41                    41             4.8413855E-05         1.0000000E+30           1661665       
 NEXT SEEDS: F1FF8B6     241       0       0       0       0    5B95     3B7       0       0
  499999960                    40                    40             4.8413855E-05         1.0000000E+30           1661665       
 NEXT SEEDS: F1FF988     241       0       0       0       0    5B95     3B7       0       0
  499999961                    39                    39             4.8413855E-05         1.0000000E+30           1661665       
 NEXT SEEDS: F1FF98F     241       0       0       0       0    5B95     3B7       0       0
  499999962                    38                    38             4.8413854E-05         1.0000000E+30           1661665       
 NEXT SEEDS: F1FFA62     241       0       0       0       0    5B95     3B7       0       0
  499999963                    37                    37             4.8413858E-05         1.0000000E+30           1661665       
 NEXT SEEDS: F1FFA69     241       0       0       0       0    5B95     3B7       0       0
  499999964                    36                    36             4.8413858E-05         1.0000000E+30           1661665       
 NEXT SEEDS: F1FFB45     241       0       0       0       0    5B95     3B7       0       0
  499999965                    35                    35             4.8413858E-05         1.0000000E+30           1661665       
 NEXT SEEDS: F1FFC15     241       0       0       0       0    5B95     3B7       0       0
  499999966                    34                    34             4.8413858E-05         1.0000000E+30           1661665       
 NEXT SEEDS: F1FFCE9     241       0       0       0       0    5B95     3B7       0       0
  499999967                    33                    33             4.8413858E-05         1.0000000E+30           1661665       
 NEXT SEEDS: F1FFDC7     241       0       0       0       0    5B95     3B7       0       0
  499999968                    32                    32             4.8413858E-05         1.0000000E+30           1661665       
 NEXT SEEDS: F1FFE94     241       0       0       0       0    5B95     3B7       0       0
  499999969                    31                    31             4.8413858E-05         1.0000000E+30           1661665       
 NEXT SEEDS: F1FFF81     241       0       0       0       0    5B95     3B7       0       0
  499999970                    30                    30             4.8413858E-05         1.0000000E+30           1661665       
 NEXT SEEDS: F200045     241       0       0       0       0    5B95     3B7       0       0
  499999971                    29                    29             4.8413858E-05         1.0000000E+30           1661665       
 NEXT SEEDS: F200114     241       0       0       0       0    5B95     3B7       0       0
  499999972                    28                    28             4.8413857E-05         1.0000000E+30           1661665       
 NEXT SEEDS: F2001DF     241       0       0       0       0    5B95     3B7       0       0
  499999973                    27                    27             4.8413861E-05         1.0000000E+30           1661665       
 NEXT SEEDS: F2002A8     241       0       0       0       0    5B95     3B7       0       0
  499999974                    26                    26             4.8413861E-05         1.0000000E+30           1661665       
 NEXT SEEDS: F20037D     241       0       0       0       0    5B95     3B7       0       0
  499999975                    25                    25             4.8413861E-05         1.0000000E+30           1661665       
 NEXT SEEDS: F200452     241       0       0       0       0    5B95     3B7       0       0
  499999976                    24                    24             4.8413861E-05         1.0000000E+30           1661665       
 NEXT SEEDS: F20052A     241       0       0       0       0    5B95     3B7       0       0
  499999977                    23                    23             4.8413861E-05         1.0000000E+30           1661665       
 NEXT SEEDS: F200648     241       0       0       0       0    5B95     3B7       0       0
  499999978                    22                    22             4.8413861E-05         1.0000000E+30           1661665       
 NEXT SEEDS: F20071D     241       0       0       0       0    5B95     3B7       0       0
  499999979                    21                    21             4.8413861E-05         1.0000000E+30           1661665       
 NEXT SEEDS: F2007E0     241       0       0       0       0    5B95     3B7       0       0
  499999980                    20                    20             4.8413861E-05         1.0000000E+30           1661665       
 NEXT SEEDS: F2008BB     241       0       0       0       0    5B95     3B7       0       0
  499999981                    19                    19             4.8413860E-05         1.0000000E+30           1661665       
 NEXT SEEDS: F200993     241       0       0       0       0    5B95     3B7       0       0
  499999982                    18                    18             4.8413864E-05         1.0000000E+30           1661665       
 NEXT SEEDS: F200A70     241       0       0       0       0    5B95     3B7       0       0
  499999983                    17                    17             4.8413864E-05         1.0000000E+30           1661665       
 NEXT SEEDS: F200B4F     241       0       0       0       0    5B95     3B7       0       0
  499999984                    16                    16             4.8413864E-05         1.0000000E+30           1661665       
 NEXT SEEDS: F200C3D     241       0       0       0       0    5B95     3B7       0       0
  499999985                    15                    15             4.8413864E-05         1.0000000E+30           1661665       
 NEXT SEEDS: F200D17     241       0       0       0       0    5B95     3B7       0       0
  499999986                    14                    14             4.8413864E-05         1.0000000E+30           1661665       
 NEXT SEEDS: F200DFD     241       0       0       0       0    5B95     3B7       0       0
  499999987                    13                    13             4.8413864E-05         1.0000000E+30           1661665       
 NEXT SEEDS: F200ED9     241       0       0       0       0    5B95     3B7       0       0
  499999988                    12                    12             4.8413864E-05         1.0000000E+30           1661665       
 NEXT SEEDS: F200FD5     241       0       0       0       0    5B95     3B7       0       0
  499999989                    11                    11             4.8413864E-05         1.0000000E+30           1661665       
 NEXT SEEDS: F2010B8     241       0       0       0       0    5B95     3B7       0       0
  499999990                    10                    10             4.8413863E-05         1.0000000E+30           1661665       
 NEXT SEEDS: F201180     241       0       0       0       0    5B95     3B7       0       0
  499999991                     9                     9             4.8413867E-05         1.0000000E+30           1661665       
 NEXT SEEDS: F201261     241       0       0       0       0    5B95     3B7       0       0
  499999992                     8                     8             4.8413867E-05         1.0000000E+30           1661665       
 NEXT SEEDS: F20133D     241       0       0       0       0    5B95     3B7       0       0
  499999993                     7                     7             4.8413867E-05         1.0000000E+30           1661665       
 NEXT SEEDS: F201346     241       0       0       0       0    5B95     3B7       0       0
  499999994                     6                     6             4.8413867E-05         1.0000000E+30           1661665       
 NEXT SEEDS: F20134D     241       0       0       0       0    5B95     3B7       0       0
  499999995                     5                     5             4.8413867E-05         1.0000000E+30           1661665       
 NEXT SEEDS: F201422     241       0       0       0       0    5B95     3B7       0       0
  499999996                     4                     4             4.8413867E-05         1.0000000E+30           1661665       
 NEXT SEEDS: F2014FA     241       0       0       0       0    5B95     3B7       0       0
  499999997                     3                     3             4.8413867E-05         1.0000000E+30           1661665       
 NEXT SEEDS: F2015CD     241       0       0       0       0    5B95     3B7       0       0
  499999998                     2                     2             4.8413867E-05         1.0000000E+30           1661665       
 NEXT SEEDS: F2016A4     241       0       0       0       0    5B95     3B7       0       0
  499999999                     1                     1             4.8413867E-05         1.0000000E+30           1661665       
 NEXT SEEDS: F20177B     241       0       0       0       0    5B95     3B7       0       0
  500000000                     0                     1             4.8413866E-05         1.0000000E+30           1661665       
 NEXT SEEDS: F201844     241       0       0       0       0    5B95     3B7       0       0
