1NUMBER OF BEAM       NUMBER OF BEAM        APPROXIMATE NUMBER    AVERAGE TIME USED     TIME LEFT (RESERVED   NUMBER OF STARS
 PARTICLES HANDLED    PARTICLES LEFT        OF BEAM PARTICLES     BY A BEAM PARTICLE     10000.0 SECONDS      CREATED
                                            THAT CAN STILL BE                           FOR PRINTOUT)
                                            HANDLED

 NEXT SEEDS: F201844     241       0       0       0       0    5B95     3B7       0       0
          1             499999999             499999999             1.3780594E-04         1.0000000E+30                 0       
 NEXT SEEDS: F201910     241       0       0       0       0    5B95     3B7       0       0
   10000000             490000000             490000000             4.9351958E-05         1.0000000E+30             33269       
 NEXT SEEDS: A9C8D1E     243       0       0       0       0    5B95     3B7       0       0
   20000000             480000000             480000000             4.9354877E-05         1.0000000E+30             66332       
 NEXT SEEDS: 618009C     245       0       0       0       0    5B95     3B7       0       0
   30000000             470000000             470000000             4.9469636E-05         1.0000000E+30             99649       
 NEXT SEEDS: 194CC68     247       0       0       0       0    5B95     3B7       0       0
   40000000             460000000             460000000             4.9387090E-05         1.0000000E+30            133033       
 NEXT SEEDS:38B55650     248       0       0       0       0    5B95     3B7       0       0
   50000000             450000000             450000000             4.9321718E-05         1.0000000E+30            166331       
 NEXT SEEDS:342A0870     24A       0       0       0       0    5B95     3B7       0       0
   60000000             440000000             440000000             4.9298994E-05         1.0000000E+30            199517       
 NEXT SEEDS:2FA562B2     24C       0       0       0       0    5B95     3B7       0       0
   70000000             430000000             430000000             4.9235933E-05         1.0000000E+30            232682       
 NEXT SEEDS:2B2CCDD0     24E       0       0       0       0    5B95     3B7       0       0
   80000000             420000000             420000000             4.9221386E-05         1.0000000E+30            265650       
 NEXT SEEDS:26A58413     250       0       0       0       0    5B95     3B7       0       0
   90000000             410000000             410000000             4.9252750E-05         1.0000000E+30            298949       
 NEXT SEEDS:22243D2A     252       0       0       0       0    5B95     3B7       0       0
  100000000             400000000             400000000             4.9322382E-05         1.0000000E+30            332193       
 NEXT SEEDS:1DA2B36E     254       0       0       0       0    5B95     3B7       0       0
  110000000             390000000             390000000             4.9293750E-05         1.0000000E+30            365371       
 NEXT SEEDS:191AD0FD     256       0       0       0       0    5B95     3B7       0       0
  120000000             380000000             380000000             4.9264266E-05         1.0000000E+30            398631       
 NEXT SEEDS:1493E374     258       0       0       0       0    5B95     3B7       0       0
  130000000             370000000             370000000             4.9265861E-05         1.0000000E+30            432041       
 NEXT SEEDS:1017184C     25A       0       0       0       0    5B95     3B7       0       0
  140000000             360000000             360000000             4.9283447E-05         1.0000000E+30            464989       
 NEXT SEEDS: B8E5B87     25C       0       0       0       0    5B95     3B7       0       0
  150000000             350000000             350000000             4.9302480E-05         1.0000000E+30            498137       
 NEXT SEEDS: 7034267     25E       0       0       0       0    5B95     3B7       0       0
  160000000             340000000             340000000             4.9348514E-05         1.0000000E+30            531263       
 NEXT SEEDS: 27AEA2F     260       0       0       0       0    5B95     3B7       0       0
  170000000             330000000             330000000             4.9314855E-05         1.0000000E+30            564298       
 NEXT SEEDS:398B99EB     261       0       0       0       0    5B95     3B7       0       0
  180000000             320000000             320000000             4.9317572E-05         1.0000000E+30            597728       
 NEXT SEEDS:3503F93B     263       0       0       0       0    5B95     3B7       0       0
  190000000             310000000             310000000             4.9316642E-05         1.0000000E+30            631049       
 NEXT SEEDS:30867AFE     265       0       0       0       0    5B95     3B7       0       0
  200000000             300000000             300000000             4.9317641E-05         1.0000000E+30            664260       
 NEXT SEEDS:2C09F776     267       0       0       0       0    5B95     3B7       0       0
  210000000             290000000             290000000             4.9312016E-05         1.0000000E+30            697444       
 NEXT SEEDS:2786B518     269       0       0       0       0    5B95     3B7       0       0
  220000000             280000000             280000000             4.9300683E-05         1.0000000E+30            730665       
 NEXT SEEDS:22FF670D     26B       0       0       0       0    5B95     3B7       0       0
  230000000             270000000             270000000             4.9287542E-05         1.0000000E+30            763929       
 NEXT SEEDS:1E7822DA     26D       0       0       0       0    5B95     3B7       0       0
  240000000             260000000             260000000             4.9292643E-05         1.0000000E+30            797128       
 NEXT SEEDS:19F03759     26F       0       0       0       0    5B95     3B7       0       0
  250000000             250000000             250000000             4.9299984E-05         1.0000000E+30            830382       
 NEXT SEEDS:1567C261     271       0       0       0       0    5B95     3B7       0       0
  260000000             240000000             240000000             4.9296402E-05         1.0000000E+30            863944       
 NEXT SEEDS:10F29AFB     273       0       0       0       0    5B95     3B7       0       0
  270000000             230000000             230000000             4.9297996E-05         1.0000000E+30            897609       
 NEXT SEEDS: C73A2A0     275       0       0       0       0    5B95     3B7       0       0
  280000000             220000000             220000000             4.9394890E-05         1.0000000E+30            930763       
 NEXT SEEDS: 7ECDD4E     277       0       0       0       0    5B95     3B7       0       0
  290000000             210000000             210000000             4.9391696E-05         1.0000000E+30            963995       
 NEXT SEEDS: 364B0EF     279       0       0       0       0    5B95     3B7       0       0
  300000000             200000000             200000000             4.9406849E-05         1.0000000E+30            997537       
 NEXT SEEDS:3A80C3BF     27A       0       0       0       0    5B95     3B7       0       0
  310000000             190000000             190000000             4.9408773E-05         1.0000000E+30           1031079       
 NEXT SEEDS:360461E6     27C       0       0       0       0    5B95     3B7       0       0
  320000000             180000000             180000000             4.9392450E-05         1.0000000E+30           1064228       
 NEXT SEEDS:3179AE78     27E       0       0       0       0    5B95     3B7       0       0
  330000000             170000000             170000000             4.9382203E-05         1.0000000E+30           1097567       
 NEXT SEEDS:2CFC2AB9     280       0       0       0       0    5B95     3B7       0       0
  340000000             160000000             160000000             4.9384182E-05         1.0000000E+30           1130531       
 NEXT SEEDS:287168F0     282       0       0       0       0    5B95     3B7       0       0
  350000000             150000000             150000000             4.9337910E-05         1.0000000E+30           1163809       
 NEXT SEEDS:23EC238E     284       0       0       0       0    5B95     3B7       0       0
  360000000             140000000             140000000             4.9303513E-05         1.0000000E+30           1196773       
 NEXT SEEDS:1F5D57DA     286       0       0       0       0    5B95     3B7       0       0
  370000000             130000000             130000000             4.9268093E-05         1.0000000E+30           1229949       
 NEXT SEEDS:1AD9BE92     288       0       0       0       0    5B95     3B7       0       0
  380000000             120000000             120000000             4.9233144E-05         1.0000000E+30           1263592       
 NEXT SEEDS:165ECA3B     28A       0       0       0       0    5B95     3B7       0       0
  390000000             110000000             110000000             4.9201925E-05         1.0000000E+30           1296826       
 NEXT SEEDS:11D7EA12     28C       0       0       0       0    5B95     3B7       0       0
  400000000             100000000             100000000             4.9172131E-05         1.0000000E+30           1330207       
 NEXT SEEDS: D56B6E0     28E       0       0       0       0    5B95     3B7       0       0
  410000000              90000000              90000000             4.9154961E-05         1.0000000E+30           1363680       
 NEXT SEEDS: 8DD3D6E     290       0       0       0       0    5B95     3B7       0       0
  420000000              80000000              80000000             4.9115623E-05         1.0000000E+30           1397231       
 NEXT SEEDS: 4578396     292       0       0       0       0    5B95     3B7       0       0
  430000000              70000000              70000000             4.9089178E-05         1.0000000E+30           1430317       
 NEXT SEEDS:3B695164     293       0       0       0       0    5B95     3B7       0       0
  440000000              60000000              60000000             4.9061699E-05         1.0000000E+30           1463770       
 NEXT SEEDS:36E982D4     295       0       0       0       0    5B95     3B7       0       0
  450000000              50000000              50000000             4.9036825E-05         1.0000000E+30           1496864       
 NEXT SEEDS:3260CBCC     297       0       0       0       0    5B95     3B7       0       0
  460000000              40000000              40000000             4.9012799E-05         1.0000000E+30           1529960       
 NEXT SEEDS:2DD3063A     299       0       0       0       0    5B95     3B7       0       0
  470000000              30000000              30000000             4.8984535E-05         1.0000000E+30           1563118       
 NEXT SEEDS:29512999     29B       0       0       0       0    5B95     3B7       0       0
  480000000              20000000              20000000             4.8962510E-05         1.0000000E+30           1596403       
 NEXT SEEDS:24CC8605     29D       0       0       0       0    5B95     3B7       0       0
  490000000              10000000              10000000             4.8939766E-05         1.0000000E+30           1629699       
 NEXT SEEDS:204DC76E     29F       0       0       0       0    5B95     3B7       0       0
  499999950                    50                    50             4.8916878E-05         1.0000000E+30           1662983       
 NEXT SEEDS:1BC11CAE     2A1       0       0       0       0    5B95     3B7       0       0
  499999951                    49                    49             4.8916878E-05         1.0000000E+30           1662983       
 NEXT SEEDS:1BC11D7F     2A1       0       0       0       0    5B95     3B7       0       0
  499999952                    48                    48             4.8916878E-05         1.0000000E+30           1662983       
 NEXT SEEDS:1BC11D88     2A1       0       0       0       0    5B95     3B7       0       0
  499999953                    47                    47             4.8916878E-05         1.0000000E+30           1662983       
 NEXT SEEDS:1BC11E66     2A1       0       0       0       0    5B95     3B7       0       0
  499999954                    46                    46             4.8916877E-05         1.0000000E+30           1662983       
 NEXT SEEDS:1BC11F36     2A1       0       0       0       0    5B95     3B7       0       0
  499999955                    45                    45             4.8916877E-05         1.0000000E+30           1662983       
 NEXT SEEDS:1BC11FFD     2A1       0       0       0       0    5B95     3B7       0       0
  499999956                    44                    44             4.8916881E-05         1.0000000E+30           1662983       
 NEXT SEEDS:1BC120D2     2A1       0       0       0       0    5B95     3B7       0       0
  499999957                    43                    43             4.8916881E-05         1.0000000E+30           1662983       
 NEXT SEEDS:1BC1219D     2A1       0       0       0       0    5B95     3B7       0       0
  499999958                    42                    42             4.8916881E-05         1.0000000E+30           1662983       
 NEXT SEEDS:1BC12272     2A1       0       0       0       0    5B95     3B7       0       0
  499999959                    41                    41             4.8916881E-05         1.0000000E+30           1662983       
 NEXT SEEDS:1BC12341     2A1       0       0       0       0    5B95     3B7       0       0
  499999960                    40                    40             4.8916881E-05         1.0000000E+30           1662983       
 NEXT SEEDS:1BC1250F     2A1       0       0       0       0    5B95     3B7       0       0
  499999961                    39                    39             4.8916881E-05         1.0000000E+30           1662983       
 NEXT SEEDS:1BC125D1     2A1       0       0       0       0    5B95     3B7       0       0
  499999962                    38                    38             4.8916881E-05         1.0000000E+30           1662983       
 NEXT SEEDS:1BC125D8     2A1       0       0       0       0    5B95     3B7       0       0
  499999963                    37                    37             4.8916880E-05         1.0000000E+30           1662983       
 NEXT SEEDS:1BC126B4     2A1       0       0       0       0    5B95     3B7       0       0
  499999964                    36                    36             4.8916880E-05         1.0000000E+30           1662983       
 NEXT SEEDS:1BC12796     2A1       0       0       0       0    5B95     3B7       0       0
  499999965                    35                    35             4.8916880E-05         1.0000000E+30           1662983       
 NEXT SEEDS:1BC1287F     2A1       0       0       0       0    5B95     3B7       0       0
  499999966                    34                    34             4.8916880E-05         1.0000000E+30           1662983       
 NEXT SEEDS:1BC12886     2A1       0       0       0       0    5B95     3B7       0       0
  499999967                    33                    33             4.8916884E-05         1.0000000E+30           1662983       
 NEXT SEEDS:1BC12974     2A1       0       0       0       0    5B95     3B7       0       0
  499999968                    32                    32             4.8916884E-05         1.0000000E+30           1662983       
 NEXT SEEDS:1BC12A3D     2A1       0       0       0       0    5B95     3B7       0       0
  499999969                    31                    31             4.8916884E-05         1.0000000E+30           1662983       
 NEXT SEEDS:1BC12B26     2A1       0       0       0       0    5B95     3B7       0       0
  499999970                    30                    30             4.8916884E-05         1.0000000E+30           1662983       
 NEXT SEEDS:1BC12C1C     2A1       0       0       0       0    5B95     3B7       0       0
  499999971                    29                    29             4.8916884E-05         1.0000000E+30           1662983       
 NEXT SEEDS:1BC12CE6     2A1       0       0       0       0    5B95     3B7       0       0
  499999972                    28                    28             4.8916884E-05         1.0000000E+30           1662983       
 NEXT SEEDS:1BC12DB4     2A1       0       0       0       0    5B95     3B7       0       0
  499999973                    27                    27             4.8916883E-05         1.0000000E+30           1662983       
 NEXT SEEDS:1BC12EA0     2A1       0       0       0       0    5B95     3B7       0       0
  499999974                    26                    26             4.8916883E-05         1.0000000E+30           1662983       
 NEXT SEEDS:1BC12F85     2A1       0       0       0       0    5B95     3B7       0       0
  499999975                    25                    25             4.8916883E-05         1.0000000E+30           1662983       
 NEXT SEEDS:1BC13058     2A1       0       0       0       0    5B95     3B7       0       0
  499999976                    24                    24             4.8916883E-05         1.0000000E+30           1662983       
 NEXT SEEDS:1BC1305F     2A1       0       0       0       0    5B95     3B7       0       0
  499999977                    23                    23             4.8916883E-05         1.0000000E+30           1662983       
 NEXT SEEDS:1BC13139     2A1       0       0       0       0    5B95     3B7       0       0
  499999978                    22                    22             4.8916883E-05         1.0000000E+30           1662983       
 NEXT SEEDS:1BC131F8     2A1       0       0       0       0    5B95     3B7       0       0
  499999979                    21                    21             4.8916883E-05         1.0000000E+30           1662983       
 NEXT SEEDS:1BC132D1     2A1       0       0       0       0    5B95     3B7       0       0
  499999980                    20                    20             4.8916883E-05         1.0000000E+30           1662983       
 NEXT SEEDS:1BC1339C     2A1       0       0       0       0    5B95     3B7       0       0
  499999981                    19                    19             4.8916883E-05         1.0000000E+30           1662983       
 NEXT SEEDS:1BC13465     2A1       0       0       0       0    5B95     3B7       0       0
  499999982                    18                    18             4.8916883E-05         1.0000000E+30           1662983       
 NEXT SEEDS:1BC1352F     2A1       0       0       0       0    5B95     3B7       0       0
  499999983                    17                    17             4.8916882E-05         1.0000000E+30           1662983       
 NEXT SEEDS:1BC135F7     2A1       0       0       0       0    5B95     3B7       0       0
  499999984                    16                    16             4.8916882E-05         1.0000000E+30           1662983       
 NEXT SEEDS:1BC136D0     2A1       0       0       0       0    5B95     3B7       0       0
  499999985                    15                    15             4.8916882E-05         1.0000000E+30           1662983       
 NEXT SEEDS:1BC13791     2A1       0       0       0       0    5B95     3B7       0       0
  499999986                    14                    14             4.8916882E-05         1.0000000E+30           1662983       
 NEXT SEEDS:1BC1386E     2A1       0       0       0       0    5B95     3B7       0       0
  499999987                    13                    13             4.8916882E-05         1.0000000E+30           1662983       
 NEXT SEEDS:1BC13875     2A1       0       0       0       0    5B95     3B7       0       0
  499999988                    12                    12             4.8916882E-05         1.0000000E+30           1662983       
 NEXT SEEDS:1BC1395A     2A1       0       0       0       0    5B95     3B7       0       0
  499999989                    11                    11             4.8916882E-05         1.0000000E+30           1662983       
 NEXT SEEDS:1BC13A2D     2A1       0       0       0       0    5B95     3B7       0       0
  499999990                    10                    10             4.8916882E-05         1.0000000E+30           1662983       
 NEXT SEEDS:1BC13B0C     2A1       0       0       0       0    5B95     3B7       0       0
  499999991                     9                     9             4.8916882E-05         1.0000000E+30           1662983       
 NEXT SEEDS:1BC13BD8     2A1       0       0       0       0    5B95     3B7       0       0
  499999992                     8                     8             4.8916882E-05         1.0000000E+30           1662983       
 NEXT SEEDS:1BC13C9F     2A1       0       0       0       0    5B95     3B7       0       0
  499999993                     7                     7             4.8916881E-05         1.0000000E+30           1662983       
 NEXT SEEDS:1BC13D63     2A1       0       0       0       0    5B95     3B7       0       0
  499999994                     6                     6             4.8916885E-05         1.0000000E+30           1662983       
 NEXT SEEDS:1BC13E3B     2A1       0       0       0       0    5B95     3B7       0       0
  499999995                     5                     5             4.8916885E-05         1.0000000E+30           1662983       
 NEXT SEEDS:1BC13F17     2A1       0       0       0       0    5B95     3B7       0       0
  499999996                     4                     4             4.8916885E-05         1.0000000E+30           1662983       
 NEXT SEEDS:1BC13FF3     2A1       0       0       0       0    5B95     3B7       0       0
  499999997                     3                     3             4.8916885E-05         1.0000000E+30           1662983       
 NEXT SEEDS:1BC140C8     2A1       0       0       0       0    5B95     3B7       0       0
  499999998                     2                     2             4.8916885E-05         1.0000000E+30           1662983       
 NEXT SEEDS:1BC140CF     2A1       0       0       0       0    5B95     3B7       0       0
  499999999                     1                     1             4.8916885E-05         1.0000000E+30           1662983       
 NEXT SEEDS:1BC141A1     2A1       0       0       0       0    5B95     3B7       0       0
  500000000                     0                     1             4.8916885E-05         1.0000000E+30           1662983       
 NEXT SEEDS:1BC1428E     2A1       0       0       0       0    5B95     3B7       0       0
