1NUMBER OF BEAM       NUMBER OF BEAM        APPROXIMATE NUMBER    AVERAGE TIME USED     TIME LEFT (RESERVED   NUMBER OF STARS
 PARTICLES HANDLED    PARTICLES LEFT        OF BEAM PARTICLES     BY A BEAM PARTICLE     10000.0 SECONDS      CREATED
                                            THAT CAN STILL BE                           FOR PRINTOUT)
                                            HANDLED

 NEXT SEEDS:25C1AA86     120       0       0       0       0    5B96     3B7       0       0
          1             499999999             499999999             6.5803528E-05         1.0000000E+30                 0       
 NEXT SEEDS:25C1AA91     120       0       0       0       0    5B96     3B7       0       0
   10000000             490000000             490000000             4.8730376E-05         1.0000000E+30             32946       
 NEXT SEEDS:213A1931     122       0       0       0       0    5B96     3B7       0       0
   20000000             480000000             480000000             4.8862762E-05         1.0000000E+30             66262       
 NEXT SEEDS:1CB75541     124       0       0       0       0    5B96     3B7       0       0
   30000000             470000000             470000000             4.8755102E-05         1.0000000E+30             99635       
 NEXT SEEDS:18348748     126       0       0       0       0    5B96     3B7       0       0
   40000000             460000000             460000000             4.8680533E-05         1.0000000E+30            133173       
 NEXT SEEDS:13ABFB26     128       0       0       0       0    5B96     3B7       0       0
   50000000             450000000             450000000             4.8576797E-05         1.0000000E+30            166775       
 NEXT SEEDS: F32BB8E     12A       0       0       0       0    5B96     3B7       0       0
   60000000             440000000             440000000             4.8764498E-05         1.0000000E+30            199938       
 NEXT SEEDS: AAE0975     12C       0       0       0       0    5B96     3B7       0       0
  *** Rcfset:kprin,bfcmax,epat00,ppat00,ravpot           1  -4.5938648749521027E-002  0.94291958231794659        9.3500860990232457E-002   12.440777676959296     
   70000000             430000000             430000000             4.8880566E-05         1.0000000E+30            232711       
 NEXT SEEDS: 627F4E6     12E       0       0       0       0    5B96     3B7       0       0
   80000000             420000000             420000000             4.8911920E-05         1.0000000E+30            265991       
 NEXT SEEDS: 1A40B56     130       0       0       0       0    5B96     3B7       0       0
   90000000             410000000             410000000             4.8963563E-05         1.0000000E+30            299412       
 NEXT SEEDS:38B533FF     131       0       0       0       0    5B96     3B7       0       0
  100000000             400000000             400000000             4.9002646E-05         1.0000000E+30            332531       
 NEXT SEEDS:34347C91     133       0       0       0       0    5B96     3B7       0       0
  110000000             390000000             390000000             4.9046240E-05         1.0000000E+30            365835       
 NEXT SEEDS:2FB4EFA5     135       0       0       0       0    5B96     3B7       0       0
  120000000             380000000             380000000             4.9055819E-05         1.0000000E+30            399390       
 NEXT SEEDS:2B3B5F7E     137       0       0       0       0    5B96     3B7       0       0
  130000000             370000000             370000000             4.9093972E-05         1.0000000E+30            432949       
 NEXT SEEDS:26B8AEE3     139       0       0       0       0    5B96     3B7       0       0
  140000000             360000000             360000000             4.9064980E-05         1.0000000E+30            466235       
 NEXT SEEDS:222BD60F     13B       0       0       0       0    5B96     3B7       0       0
  150000000             350000000             350000000             4.9016579E-05         1.0000000E+30            499152       
 NEXT SEEDS:1DA0D461     13D       0       0       0       0    5B96     3B7       0       0
  160000000             340000000             340000000             4.8978101E-05         1.0000000E+30            532307       
 NEXT SEEDS:19200E8E     13F       0       0       0       0    5B96     3B7       0       0
  170000000             330000000             330000000             4.8962980E-05         1.0000000E+30            565400       
 NEXT SEEDS:149411EC     141       0       0       0       0    5B96     3B7       0       0
  180000000             320000000             320000000             4.8949118E-05         1.0000000E+30            598644       
 NEXT SEEDS:100FD7B6     143       0       0       0       0    5B96     3B7       0       0
  190000000             310000000             310000000             4.8935503E-05         1.0000000E+30            631645       
 NEXT SEEDS: B861FC5     145       0       0       0       0    5B96     3B7       0       0
  200000000             300000000             300000000             4.8943279E-05         1.0000000E+30            665207       
 NEXT SEEDS: 708DA6B     147       0       0       0       0    5B96     3B7       0       0
  210000000             290000000             290000000             4.8936981E-05         1.0000000E+30            698277       
 NEXT SEEDS: 27D5EBC     149       0       0       0       0    5B96     3B7       0       0
  220000000             280000000             280000000             4.8938075E-05         1.0000000E+30            731691       
 NEXT SEEDS:39906600     14A       0       0       0       0    5B96     3B7       0       0
  230000000             270000000             270000000             4.8933630E-05         1.0000000E+30            764923       
 NEXT SEEDS:3508CFF1     14C       0       0       0       0    5B96     3B7       0       0
  240000000             260000000             260000000             4.8926141E-05         1.0000000E+30            798072       
 NEXT SEEDS:3086FCA7     14E       0       0       0       0    5B96     3B7       0       0
  250000000             250000000             250000000             4.8916709E-05         1.0000000E+30            831252       
 NEXT SEEDS:2C055236     150       0       0       0       0    5B96     3B7       0       0
  260000000             240000000             240000000             4.8905734E-05         1.0000000E+30            864640       
 NEXT SEEDS:278800B9     152       0       0       0       0    5B96     3B7       0       0
  270000000             230000000             230000000             4.8898150E-05         1.0000000E+30            897669       
 NEXT SEEDS:230F84DE     154       0       0       0       0    5B96     3B7       0       0
  280000000             220000000             220000000             4.8912578E-05         1.0000000E+30            930961       
 NEXT SEEDS:1E90969A     156       0       0       0       0    5B96     3B7       0       0
  290000000             210000000             210000000             4.8917600E-05         1.0000000E+30            964018       
 NEXT SEEDS:1A06B269     158       0       0       0       0    5B96     3B7       0       0
  300000000             200000000             200000000             4.8926642E-05         1.0000000E+30            997325       
 NEXT SEEDS:157A38ED     15A       0       0       0       0    5B96     3B7       0       0
  310000000             190000000             190000000             4.8920141E-05         1.0000000E+30           1030114       
 NEXT SEEDS:10F1C9DB     15C       0       0       0       0    5B96     3B7       0       0
  320000000             180000000             180000000             4.8898192E-05         1.0000000E+30           1063232       
 NEXT SEEDS: C61F1C9     15E       0       0       0       0    5B96     3B7       0       0
  330000000             170000000             170000000             4.8883980E-05         1.0000000E+30           1096136       
 NEXT SEEDS: 7D5427F     160       0       0       0       0    5B96     3B7       0       0
  340000000             160000000             160000000             4.8861373E-05         1.0000000E+30           1129389       
 NEXT SEEDS: 352EF77     162       0       0       0       0    5B96     3B7       0       0
  350000000             150000000             150000000             4.8845802E-05         1.0000000E+30           1162273       
 NEXT SEEDS:3A633E68     163       0       0       0       0    5B96     3B7       0       0
  360000000             140000000             140000000             4.8851632E-05         1.0000000E+30           1195791       
 NEXT SEEDS:35DE1C10     165       0       0       0       0    5B96     3B7       0       0
  370000000             130000000             130000000             4.8840022E-05         1.0000000E+30           1229016       
 NEXT SEEDS:3153F222     167       0       0       0       0    5B96     3B7       0       0
  380000000             120000000             120000000             4.8828196E-05         1.0000000E+30           1262409       
 NEXT SEEDS:2CD01C78     169       0       0       0       0    5B96     3B7       0       0
  390000000             110000000             110000000             4.8813796E-05         1.0000000E+30           1295374       
 NEXT SEEDS:2849CD37     16B       0       0       0       0    5B96     3B7       0       0
  400000000             100000000             100000000             4.8807103E-05         1.0000000E+30           1329233       
 NEXT SEEDS:23D9BCEB     16D       0       0       0       0    5B96     3B7       0       0
  410000000              90000000              90000000             4.8797726E-05         1.0000000E+30           1362246       
 NEXT SEEDS:1F5B7518     16F       0       0       0       0    5B96     3B7       0       0
  420000000              80000000              80000000             4.8796376E-05         1.0000000E+30           1395154       
 NEXT SEEDS:1ACEF884     171       0       0       0       0    5B96     3B7       0       0
  430000000              70000000              70000000             4.8801080E-05         1.0000000E+30           1428628       
 NEXT SEEDS:164C9499     173       0       0       0       0    5B96     3B7       0       0
  440000000              60000000              60000000             4.8786780E-05         1.0000000E+30           1461865       
 NEXT SEEDS:11C50BD2     175       0       0       0       0    5B96     3B7       0       0
  450000000              50000000              50000000             4.8779517E-05         1.0000000E+30           1494970       
 NEXT SEEDS: D38E603     177       0       0       0       0    5B96     3B7       0       0
  460000000              40000000              40000000             4.8779669E-05         1.0000000E+30           1528131       
 NEXT SEEDS: 8B52308     179       0       0       0       0    5B96     3B7       0       0
  470000000              30000000              30000000             4.8784602E-05         1.0000000E+30           1561187       
 NEXT SEEDS: 42DF116     17B       0       0       0       0    5B96     3B7       0       0
  480000000              20000000              20000000             4.8792972E-05         1.0000000E+30           1594559       
 NEXT SEEDS:3B40AF68     17C       0       0       0       0    5B96     3B7       0       0
  490000000              10000000              10000000             4.8811542E-05         1.0000000E+30           1627790       
 NEXT SEEDS:36C03ADD     17E       0       0       0       0    5B96     3B7       0       0
  499999950                    50                    50             4.8827996E-05         1.0000000E+30           1660815       
 NEXT SEEDS:322F9348     180       0       0       0       0    5B96     3B7       0       0
  499999951                    49                    49             4.8827996E-05         1.0000000E+30           1660815       
 NEXT SEEDS:322F941D     180       0       0       0       0    5B96     3B7       0       0
  499999952                    48                    48             4.8827996E-05         1.0000000E+30           1660815       
 NEXT SEEDS:322F94EA     180       0       0       0       0    5B96     3B7       0       0
  499999953                    47                    47             4.8827996E-05         1.0000000E+30           1660815       
 NEXT SEEDS:322F94F1     180       0       0       0       0    5B96     3B7       0       0
  499999954                    46                    46             4.8827996E-05         1.0000000E+30           1660815       
 NEXT SEEDS:322F95CB     180       0       0       0       0    5B96     3B7       0       0
  499999955                    45                    45             4.8827996E-05         1.0000000E+30           1660815       
 NEXT SEEDS:322F96A6     180       0       0       0       0    5B96     3B7       0       0
  499999956                    44                    44             4.8827995E-05         1.0000000E+30           1660815       
 NEXT SEEDS:322F978E     180       0       0       0       0    5B96     3B7       0       0
  499999957                    43                    43             4.8827995E-05         1.0000000E+30           1660815       
 NEXT SEEDS:322F9936     180       0       0       0       0    5B96     3B7       0       0
  499999958                    42                    42             4.8827995E-05         1.0000000E+30           1660815       
 NEXT SEEDS:322F9A01     180       0       0       0       0    5B96     3B7       0       0
  499999959                    41                    41             4.8827995E-05         1.0000000E+30           1660815       
 NEXT SEEDS:322F9AE2     180       0       0       0       0    5B96     3B7       0       0
  499999960                    40                    40             4.8827995E-05         1.0000000E+30           1660815       
 NEXT SEEDS:322F9AE9     180       0       0       0       0    5B96     3B7       0       0
  499999961                    39                    39             4.8827995E-05         1.0000000E+30           1660815       
 NEXT SEEDS:322F9BBC     180       0       0       0       0    5B96     3B7       0       0
  499999962                    38                    38             4.8827995E-05         1.0000000E+30           1660815       
 NEXT SEEDS:322F9BC3     180       0       0       0       0    5B96     3B7       0       0
  499999963                    37                    37             4.8827995E-05         1.0000000E+30           1660815       
 NEXT SEEDS:322F9BCE     180       0       0       0       0    5B96     3B7       0       0
  499999964                    36                    36             4.8827995E-05         1.0000000E+30           1660815       
 NEXT SEEDS:322F9BD5     180       0       0       0       0    5B96     3B7       0       0
  499999965                    35                    35             4.8827995E-05         1.0000000E+30           1660815       
 NEXT SEEDS:322F9CA9     180       0       0       0       0    5B96     3B7       0       0
  499999966                    34                    34             4.8827995E-05         1.0000000E+30           1660815       
 NEXT SEEDS:322F9CB0     180       0       0       0       0    5B96     3B7       0       0
  499999967                    33                    33             4.8827994E-05         1.0000000E+30           1660815       
 NEXT SEEDS:322F9D85     180       0       0       0       0    5B96     3B7       0       0
  499999968                    32                    32             4.8827994E-05         1.0000000E+30           1660815       
 NEXT SEEDS:322F9E5B     180       0       0       0       0    5B96     3B7       0       0
  499999969                    31                    31             4.8827994E-05         1.0000000E+30           1660815       
 NEXT SEEDS:322F9F23     180       0       0       0       0    5B96     3B7       0       0
  499999970                    30                    30             4.8827994E-05         1.0000000E+30           1660815       
 NEXT SEEDS:322FA004     180       0       0       0       0    5B96     3B7       0       0
  499999971                    29                    29             4.8827994E-05         1.0000000E+30           1660815       
 NEXT SEEDS:322FA0D4     180       0       0       0       0    5B96     3B7       0       0
  499999972                    28                    28             4.8827994E-05         1.0000000E+30           1660815       
 NEXT SEEDS:322FA0DB     180       0       0       0       0    5B96     3B7       0       0
  499999973                    27                    27             4.8827994E-05         1.0000000E+30           1660815       
 NEXT SEEDS:322FA1AA     180       0       0       0       0    5B96     3B7       0       0
  499999974                    26                    26             4.8827994E-05         1.0000000E+30           1660815       
 NEXT SEEDS:322FA284     180       0       0       0       0    5B96     3B7       0       0
  499999975                    25                    25             4.8827994E-05         1.0000000E+30           1660815       
 NEXT SEEDS:322FA346     180       0       0       0       0    5B96     3B7       0       0
  499999976                    24                    24             4.8827994E-05         1.0000000E+30           1660815       
 NEXT SEEDS:322FA34D     180       0       0       0       0    5B96     3B7       0       0
  499999977                    23                    23             4.8827993E-05         1.0000000E+30           1660815       
 NEXT SEEDS:322FA424     180       0       0       0       0    5B96     3B7       0       0
  499999978                    22                    22             4.8827993E-05         1.0000000E+30           1660815       
 NEXT SEEDS:322FA4FE     180       0       0       0       0    5B96     3B7       0       0
  499999979                    21                    21             4.8827997E-05         1.0000000E+30           1660815       
 NEXT SEEDS:322FA5DB     180       0       0       0       0    5B96     3B7       0       0
  499999980                    20                    20             4.8827997E-05         1.0000000E+30           1660815       
 NEXT SEEDS:322FA6C2     180       0       0       0       0    5B96     3B7       0       0
  499999981                    19                    19             4.8827997E-05         1.0000000E+30           1660815       
 NEXT SEEDS:322FA792     180       0       0       0       0    5B96     3B7       0       0
  499999982                    18                    18             4.8827997E-05         1.0000000E+30           1660815       
 NEXT SEEDS:322FA799     180       0       0       0       0    5B96     3B7       0       0
  499999983                    17                    17             4.8827997E-05         1.0000000E+30           1660815       
 NEXT SEEDS:322FA871     180       0       0       0       0    5B96     3B7       0       0
  499999984                    16                    16             4.8827997E-05         1.0000000E+30           1660815       
 NEXT SEEDS:322FA942     180       0       0       0       0    5B96     3B7       0       0
  499999985                    15                    15             4.8827997E-05         1.0000000E+30           1660815       
 NEXT SEEDS:322FA949     180       0       0       0       0    5B96     3B7       0       0
  499999986                    14                    14             4.8827996E-05         1.0000000E+30           1660815       
 NEXT SEEDS:322FAA44     180       0       0       0       0    5B96     3B7       0       0
  499999987                    13                    13             4.8827996E-05         1.0000000E+30           1660815       
 NEXT SEEDS:322FAB3E     180       0       0       0       0    5B96     3B7       0       0
  499999988                    12                    12             4.8827996E-05         1.0000000E+30           1660815       
 NEXT SEEDS:322FAC0E     180       0       0       0       0    5B96     3B7       0       0
  499999989                    11                    11             4.8828000E-05         1.0000000E+30           1660815       
 NEXT SEEDS:322FAC15     180       0       0       0       0    5B96     3B7       0       0
  499999990                    10                    10             4.8828000E-05         1.0000000E+30           1660815       
 NEXT SEEDS:322FAC1C     180       0       0       0       0    5B96     3B7       0       0
  499999991                     9                     9             4.8828000E-05         1.0000000E+30           1660815       
 NEXT SEEDS:322FAC23     180       0       0       0       0    5B96     3B7       0       0
  499999992                     8                     8             4.8828000E-05         1.0000000E+30           1660815       
 NEXT SEEDS:322FACF6     180       0       0       0       0    5B96     3B7       0       0
  499999993                     7                     7             4.8828000E-05         1.0000000E+30           1660815       
 NEXT SEEDS:322FADBF     180       0       0       0       0    5B96     3B7       0       0
  499999994                     6                     6             4.8828000E-05         1.0000000E+30           1660815       
 NEXT SEEDS:322FAE87     180       0       0       0       0    5B96     3B7       0       0
  499999995                     5                     5             4.8827999E-05         1.0000000E+30           1660815       
 NEXT SEEDS:322FAF5B     180       0       0       0       0    5B96     3B7       0       0
  499999996                     4                     4             4.8827999E-05         1.0000000E+30           1660815       
 NEXT SEEDS:322FB026     180       0       0       0       0    5B96     3B7       0       0
  499999997                     3                     3             4.8827999E-05         1.0000000E+30           1660815       
 NEXT SEEDS:322FB0EE     180       0       0       0       0    5B96     3B7       0       0
  499999998                     2                     2             4.8827999E-05         1.0000000E+30           1660815       
 NEXT SEEDS:322FB1E1     180       0       0       0       0    5B96     3B7       0       0
  499999999                     1                     1             4.8828003E-05         1.0000000E+30           1660815       
 NEXT SEEDS:322FB2AF     180       0       0       0       0    5B96     3B7       0       0
  500000000                     0                     1             4.8828003E-05         1.0000000E+30           1660815       
 NEXT SEEDS:322FB3A5     180       0       0       0       0    5B96     3B7       0       0
