1NUMBER OF BEAM       NUMBER OF BEAM        APPROXIMATE NUMBER    AVERAGE TIME USED     TIME LEFT (RESERVED   NUMBER OF STARS
 PARTICLES HANDLED    PARTICLES LEFT        OF BEAM PARTICLES     BY A BEAM PARTICLE     10000.0 SECONDS      CREATED
                                            THAT CAN STILL BE                           FOR PRINTOUT)
                                            HANDLED

 NEXT SEEDS:322FB3A5     180       0       0       0       0    5B96     3B7       0       0
          1             499999999             499999999             1.4829636E-04         1.0000000E+30                 0       
 NEXT SEEDS:322FB48C     180       0       0       0       0    5B96     3B7       0       0
   10000000             490000000             490000000             4.7919023E-05         1.0000000E+30             33272       
 NEXT SEEDS:2DAD8492     182       0       0       0       0    5B96     3B7       0       0
   20000000             480000000             480000000             4.7863923E-05         1.0000000E+30             66471       
 NEXT SEEDS:292C8D76     184       0       0       0       0    5B96     3B7       0       0
   30000000             470000000             470000000             4.7852987E-05         1.0000000E+30             99547       
 NEXT SEEDS:249FA26E     186       0       0       0       0    5B96     3B7       0       0
   40000000             460000000             460000000             4.8088172E-05         1.0000000E+30            132772       
 NEXT SEEDS:2015746F     188       0       0       0       0    5B96     3B7       0       0
   50000000             450000000             450000000             4.8220655E-05         1.0000000E+30            165801       
 NEXT SEEDS:1B883ED9     18A       0       0       0       0    5B96     3B7       0       0
   60000000             440000000             440000000             4.8457341E-05         1.0000000E+30            198974       
 NEXT SEEDS:16FB60C3     18C       0       0       0       0    5B96     3B7       0       0
   70000000             430000000             430000000             4.8544852E-05         1.0000000E+30            232100       
 NEXT SEEDS:126F0E30     18E       0       0       0       0    5B96     3B7       0       0
   80000000             420000000             420000000             4.8625391E-05         1.0000000E+30            265361       
 NEXT SEEDS: DEB0E7A     190       0       0       0       0    5B96     3B7       0       0
   90000000             410000000             410000000             4.8692662E-05         1.0000000E+30            298466       
 NEXT SEEDS: 965F619     192       0       0       0       0    5B96     3B7       0       0
  100000000             400000000             400000000             4.8762429E-05         1.0000000E+30            331679       
 NEXT SEEDS: 4DD042E     194       0       0       0       0    5B96     3B7       0       0
  110000000             390000000             390000000             4.8842771E-05         1.0000000E+30            364928       
 NEXT SEEDS:  57D957     196       0       0       0       0    5B96     3B7       0       0
  120000000             380000000             380000000             4.8905381E-05         1.0000000E+30            398128       
 NEXT SEEDS:3769FBB0     197       0       0       0       0    5B96     3B7       0       0
  130000000             370000000             370000000             4.8931628E-05         1.0000000E+30            431423       
 NEXT SEEDS:32E2D91B     199       0       0       0       0    5B96     3B7       0       0
  140000000             360000000             360000000             4.9010109E-05         1.0000000E+30            464649       
 NEXT SEEDS:2E543300     19B       0       0       0       0    5B96     3B7       0       0
  150000000             350000000             350000000             4.9081222E-05         1.0000000E+30            497869       
 NEXT SEEDS:29D10097     19D       0       0       0       0    5B96     3B7       0       0
  160000000             340000000             340000000             4.9131630E-05         1.0000000E+30            531206       
 NEXT SEEDS:25479107     19F       0       0       0       0    5B96     3B7       0       0
  170000000             330000000             330000000             4.9186513E-05         1.0000000E+30            564394       
 NEXT SEEDS:20BEDB28     1A1       0       0       0       0    5B96     3B7       0       0
  180000000             320000000             320000000             4.9208443E-05         1.0000000E+30            597345       
 NEXT SEEDS:1C379FE1     1A3       0       0       0       0    5B96     3B7       0       0
  190000000             310000000             310000000             4.9197627E-05         1.0000000E+30            630871       
 NEXT SEEDS:17BF9F81     1A5       0       0       0       0    5B96     3B7       0       0
  200000000             300000000             300000000             4.9227169E-05         1.0000000E+30            664124       
 NEXT SEEDS:133C156D     1A7       0       0       0       0    5B96     3B7       0       0
  210000000             290000000             290000000             4.9260171E-05         1.0000000E+30            697430       
 NEXT SEEDS: EB062AA     1A9       0       0       0       0    5B96     3B7       0       0
  220000000             280000000             280000000             4.9275618E-05         1.0000000E+30            730782       
 NEXT SEEDS: A3028F1     1AB       0       0       0       0    5B96     3B7       0       0
  230000000             270000000             270000000             4.9287229E-05         1.0000000E+30            763793       
 NEXT SEEDS: 5A4C2ED     1AD       0       0       0       0    5B96     3B7       0       0
  240000000             260000000             260000000             4.9298671E-05         1.0000000E+30            797189       
 NEXT SEEDS: 12214DD     1AF       0       0       0       0    5B96     3B7       0       0
  250000000             250000000             250000000             4.9337618E-05         1.0000000E+30            830392       
 NEXT SEEDS:3839C816     1B0       0       0       0       0    5B96     3B7       0       0
  260000000             240000000             240000000             4.9346418E-05         1.0000000E+30            863564       
 NEXT SEEDS:33AEAF34     1B2       0       0       0       0    5B96     3B7       0       0
  270000000             230000000             230000000             4.9365691E-05         1.0000000E+30            896653       
 NEXT SEEDS:2F2612B6     1B4       0       0       0       0    5B96     3B7       0       0
  280000000             220000000             220000000             4.9388394E-05         1.0000000E+30            930478       
 NEXT SEEDS:2AACB120     1B6       0       0       0       0    5B96     3B7       0       0
  290000000             210000000             210000000             4.9416195E-05         1.0000000E+30            963873       
 NEXT SEEDS:262B3C90     1B8       0       0       0       0    5B96     3B7       0       0
  300000000             200000000             200000000             4.9394395E-05         1.0000000E+30            996972       
 NEXT SEEDS:21A42493     1BA       0       0       0       0    5B96     3B7       0       0
  310000000             190000000             190000000             4.9360960E-05         1.0000000E+30           1030187       
 NEXT SEEDS:1D1F623B     1BC       0       0       0       0    5B96     3B7       0       0
  320000000             180000000             180000000             4.9343369E-05         1.0000000E+30           1063373       
 NEXT SEEDS:189BD2F3     1BE       0       0       0       0    5B96     3B7       0       0
  330000000             170000000             170000000             4.9293011E-05         1.0000000E+30           1096741       
 NEXT SEEDS:1414BBE4     1C0       0       0       0       0    5B96     3B7       0       0
  340000000             160000000             160000000             4.9267056E-05         1.0000000E+30           1129724       
 NEXT SEEDS: F835F62     1C2       0       0       0       0    5B96     3B7       0       0
  350000000             150000000             150000000             4.9238940E-05         1.0000000E+30           1162846       
 NEXT SEEDS: AFE1874     1C4       0       0       0       0    5B96     3B7       0       0
  360000000             140000000             140000000             4.9207032E-05         1.0000000E+30           1196613       
 NEXT SEEDS: 67EAD24     1C6       0       0       0       0    5B96     3B7       0       0
  370000000             130000000             130000000             4.9186176E-05         1.0000000E+30           1229801       
 NEXT SEEDS: 1FD7DD1     1C8       0       0       0       0    5B96     3B7       0       0
  380000000             120000000             120000000             4.9161807E-05         1.0000000E+30           1262969       
 NEXT SEEDS:39067C3F     1C9       0       0       0       0    5B96     3B7       0       0
  390000000             110000000             110000000             4.9140901E-05         1.0000000E+30           1296176       
 NEXT SEEDS:34861390     1CB       0       0       0       0    5B96     3B7       0       0
  400000000             100000000             100000000             4.9124713E-05         1.0000000E+30           1329371       
 NEXT SEEDS:2FFF1C85     1CD       0       0       0       0    5B96     3B7       0       0
  410000000              90000000              90000000             4.9101916E-05         1.0000000E+30           1362640       
 NEXT SEEDS:2B76691B     1CF       0       0       0       0    5B96     3B7       0       0
  420000000              80000000              80000000             4.9095960E-05         1.0000000E+30           1395985       
 NEXT SEEDS:26F008A3     1D1       0       0       0       0    5B96     3B7       0       0
  430000000              70000000              70000000             4.9083971E-05         1.0000000E+30           1429069       
 NEXT SEEDS:2265892D     1D3       0       0       0       0    5B96     3B7       0       0
  440000000              60000000              60000000             4.9063624E-05         1.0000000E+30           1462580       
 NEXT SEEDS:1DEE12FC     1D5       0       0       0       0    5B96     3B7       0       0
  450000000              50000000              50000000             4.9055001E-05         1.0000000E+30           1496020       
 NEXT SEEDS:196F5003     1D7       0       0       0       0    5B96     3B7       0       0
  460000000              40000000              40000000             4.9043428E-05         1.0000000E+30           1529028       
 NEXT SEEDS:14E935B0     1D9       0       0       0       0    5B96     3B7       0       0
  470000000              30000000              30000000             4.9030307E-05         1.0000000E+30           1562295       
 NEXT SEEDS:10616574     1DB       0       0       0       0    5B96     3B7       0       0
  480000000              20000000              20000000             4.9019023E-05         1.0000000E+30           1595387       
 NEXT SEEDS: BD7E15C     1DD       0       0       0       0    5B96     3B7       0       0
  490000000              10000000              10000000             4.9016901E-05         1.0000000E+30           1628598       
 NEXT SEEDS: 753CA46     1DF       0       0       0       0    5B96     3B7       0       0
  *** Rcfset:kprin,bfcmax,epat00,ppat00,ravpot           1  -9.3094743490423237E-002  0.94271862385582705        9.1452042360398930E-002   12.440777676959296     
  ***RCFSET:EPAT00,VCOUMX,AM(KPRIN),KPRIN  0.94271862385582705        4.4753161623698051E-003  0.93827231000000000                1
  499999950                    50                    50             4.9021919E-05         1.0000000E+30           1661982       
 NEXT SEEDS: 2CCBAB4     1E1       0       0       0       0    5B96     3B7       0       0
  499999951                    49                    49             4.9021919E-05         1.0000000E+30           1661982       
 NEXT SEEDS: 2CCBB7B     1E1       0       0       0       0    5B96     3B7       0       0
  499999952                    48                    48             4.9021923E-05         1.0000000E+30           1661982       
 NEXT SEEDS: 2CCBC4A     1E1       0       0       0       0    5B96     3B7       0       0
  499999953                    47                    47             4.9021923E-05         1.0000000E+30           1661982       
 NEXT SEEDS: 2CCBD22     1E1       0       0       0       0    5B96     3B7       0       0
  499999954                    46                    46             4.9021923E-05         1.0000000E+30           1661982       
 NEXT SEEDS: 2CCBDFA     1E1       0       0       0       0    5B96     3B7       0       0
  499999955                    45                    45             4.9021923E-05         1.0000000E+30           1661982       
 NEXT SEEDS: 2CCBEDC     1E1       0       0       0       0    5B96     3B7       0       0
  499999956                    44                    44             4.9021923E-05         1.0000000E+30           1661982       
 NEXT SEEDS: 2CCBFB3     1E1       0       0       0       0    5B96     3B7       0       0
  499999957                    43                    43             4.9021923E-05         1.0000000E+30           1661982       
 NEXT SEEDS: 2CCC0AF     1E1       0       0       0       0    5B96     3B7       0       0
  499999958                    42                    42             4.9021923E-05         1.0000000E+30           1661982       
 NEXT SEEDS: 2CCC18C     1E1       0       0       0       0    5B96     3B7       0       0
  499999959                    41                    41             4.9021923E-05         1.0000000E+30           1661982       
 NEXT SEEDS: 2CCC26A     1E1       0       0       0       0    5B96     3B7       0       0
  499999960                    40                    40             4.9021926E-05         1.0000000E+30           1661982       
 NEXT SEEDS: 2CCC35C     1E1       0       0       0       0    5B96     3B7       0       0
  499999961                    39                    39             4.9021926E-05         1.0000000E+30           1661982       
 NEXT SEEDS: 2CCC363     1E1       0       0       0       0    5B96     3B7       0       0
  499999962                    38                    38             4.9021926E-05         1.0000000E+30           1661982       
 NEXT SEEDS: 2CCC4AF     1E1       0       0       0       0    5B96     3B7       0       0
  499999963                    37                    37             4.9021926E-05         1.0000000E+30           1661982       
 NEXT SEEDS: 2CCC4B6     1E1       0       0       0       0    5B96     3B7       0       0
  499999964                    36                    36             4.9021926E-05         1.0000000E+30           1661982       
 NEXT SEEDS: 2CCC594     1E1       0       0       0       0    5B96     3B7       0       0
  499999965                    35                    35             4.9021926E-05         1.0000000E+30           1661982       
 NEXT SEEDS: 2CCC59B     1E1       0       0       0       0    5B96     3B7       0       0
  499999966                    34                    34             4.9021926E-05         1.0000000E+30           1661982       
 NEXT SEEDS: 2CCC646     1E1       0       0       0       0    5B96     3B7       0       0
  499999967                    33                    33             4.9021926E-05         1.0000000E+30           1661982       
 NEXT SEEDS: 2CCC715     1E1       0       0       0       0    5B96     3B7       0       0
  499999968                    32                    32             4.9021926E-05         1.0000000E+30           1661982       
 NEXT SEEDS: 2CCC7E5     1E1       0       0       0       0    5B96     3B7       0       0
  499999969                    31                    31             4.9021925E-05         1.0000000E+30           1661982       
 NEXT SEEDS: 2CCC8AE     1E1       0       0       0       0    5B96     3B7       0       0
  499999970                    30                    30             4.9021925E-05         1.0000000E+30           1661982       
 NEXT SEEDS: 2CCC984     1E1       0       0       0       0    5B96     3B7       0       0
  499999971                    29                    29             4.9021929E-05         1.0000000E+30           1661982       
 NEXT SEEDS: 2CCC98B     1E1       0       0       0       0    5B96     3B7       0       0
  499999972                    28                    28             4.9021929E-05         1.0000000E+30           1661982       
 NEXT SEEDS: 2CCCA5F     1E1       0       0       0       0    5B96     3B7       0       0
  499999973                    27                    27             4.9021929E-05         1.0000000E+30           1661982       
 NEXT SEEDS: 2CCCB43     1E1       0       0       0       0    5B96     3B7       0       0
  499999974                    26                    26             4.9021929E-05         1.0000000E+30           1661982       
 NEXT SEEDS: 2CCCC3B     1E1       0       0       0       0    5B96     3B7       0       0
  499999975                    25                    25             4.9021929E-05         1.0000000E+30           1661982       
 NEXT SEEDS: 2CCCD1D     1E1       0       0       0       0    5B96     3B7       0       0
  499999976                    24                    24             4.9021929E-05         1.0000000E+30           1661982       
 NEXT SEEDS: 2CCCDF2     1E1       0       0       0       0    5B96     3B7       0       0
  499999977                    23                    23             4.9021929E-05         1.0000000E+30           1661982       
 NEXT SEEDS: 2CCCECD     1E1       0       0       0       0    5B96     3B7       0       0
  499999978                    22                    22             4.9021928E-05         1.0000000E+30           1661982       
 NEXT SEEDS: 2CCCED4     1E1       0       0       0       0    5B96     3B7       0       0
  499999979                    21                    21             4.9021928E-05         1.0000000E+30           1661982       
 NEXT SEEDS: 2CCCFA7     1E1       0       0       0       0    5B96     3B7       0       0
  499999980                    20                    20             4.9021928E-05         1.0000000E+30           1661982       
 NEXT SEEDS: 2CCD088     1E1       0       0       0       0    5B96     3B7       0       0
  499999981                    19                    19             4.9021932E-05         1.0000000E+30           1661982       
 NEXT SEEDS: 2CCD167     1E1       0       0       0       0    5B96     3B7       0       0
  499999982                    18                    18             4.9021932E-05         1.0000000E+30           1661982       
 NEXT SEEDS: 2CCD22E     1E1       0       0       0       0    5B96     3B7       0       0
  499999983                    17                    17             4.9021932E-05         1.0000000E+30           1661982       
 NEXT SEEDS: 2CCD2EC     1E1       0       0       0       0    5B96     3B7       0       0
  499999984                    16                    16             4.9021932E-05         1.0000000E+30           1661982       
 NEXT SEEDS: 2CCD3BB     1E1       0       0       0       0    5B96     3B7       0       0
  499999985                    15                    15             4.9021932E-05         1.0000000E+30           1661982       
 NEXT SEEDS: 2CCD48A     1E1       0       0       0       0    5B96     3B7       0       0
  499999986                    14                    14             4.9021932E-05         1.0000000E+30           1661982       
 NEXT SEEDS: 2CCD491     1E1       0       0       0       0    5B96     3B7       0       0
  499999987                    13                    13             4.9021931E-05         1.0000000E+30           1661982       
 NEXT SEEDS: 2CCD498     1E1       0       0       0       0    5B96     3B7       0       0
  499999988                    12                    12             4.9021931E-05         1.0000000E+30           1661982       
 NEXT SEEDS: 2CCD598     1E1       0       0       0       0    5B96     3B7       0       0
  499999989                    11                    11             4.9021935E-05         1.0000000E+30           1661982       
 NEXT SEEDS: 2CCD672     1E1       0       0       0       0    5B96     3B7       0       0
  499999990                    10                    10             4.9021935E-05         1.0000000E+30           1661982       
 NEXT SEEDS: 2CCD73C     1E1       0       0       0       0    5B96     3B7       0       0
  499999991                     9                     9             4.9021935E-05         1.0000000E+30           1661982       
 NEXT SEEDS: 2CCD803     1E1       0       0       0       0    5B96     3B7       0       0
  499999992                     8                     8             4.9021935E-05         1.0000000E+30           1661982       
 NEXT SEEDS: 2CCD8CD     1E1       0       0       0       0    5B96     3B7       0       0
  499999993                     7                     7             4.9021935E-05         1.0000000E+30           1661982       
 NEXT SEEDS: 2CCD9A0     1E1       0       0       0       0    5B96     3B7       0       0
  499999994                     6                     6             4.9021935E-05         1.0000000E+30           1661982       
 NEXT SEEDS: 2CCDA7F     1E1       0       0       0       0    5B96     3B7       0       0
  499999995                     5                     5             4.9021935E-05         1.0000000E+30           1661982       
 NEXT SEEDS: 2CCDC47     1E1       0       0       0       0    5B96     3B7       0       0
  499999996                     4                     4             4.9021935E-05         1.0000000E+30           1661982       
 NEXT SEEDS: 2CCDD27     1E1       0       0       0       0    5B96     3B7       0       0
  499999997                     3                     3             4.9021938E-05         1.0000000E+30           1661982       
 NEXT SEEDS: 2CCDDED     1E1       0       0       0       0    5B96     3B7       0       0
  499999998                     2                     2             4.9021938E-05         1.0000000E+30           1661982       
 NEXT SEEDS: 2CCDEC3     1E1       0       0       0       0    5B96     3B7       0       0
  499999999                     1                     1             4.9021938E-05         1.0000000E+30           1661982       
 NEXT SEEDS: 2CCDF77     1E1       0       0       0       0    5B96     3B7       0       0
  500000000                     0                     1             4.9021938E-05         1.0000000E+30           1661982       
 NEXT SEEDS: 2CCE021     1E1       0       0       0       0    5B96     3B7       0       0
