1NUMBER OF BEAM       NUMBER OF BEAM        APPROXIMATE NUMBER    AVERAGE TIME USED     TIME LEFT (RESERVED   NUMBER OF STARS
 PARTICLES HANDLED    PARTICLES LEFT        OF BEAM PARTICLES     BY A BEAM PARTICLE     10000.0 SECONDS      CREATED
                                            THAT CAN STILL BE                           FOR PRINTOUT)
                                            HANDLED

 NEXT SEEDS:18DF08E2      C0       0       0       0       0    5B97     3B7       0       0
          1             499999999             499999999             1.3875961E-04         1.0000000E+30                 0       
 NEXT SEEDS:18DF09B2      C0       0       0       0       0    5B97     3B7       0       0
   10000000             490000000             490000000             4.8834736E-05         1.0000000E+30             33402       
 NEXT SEEDS:145EF059      C2       0       0       0       0    5B97     3B7       0       0
   20000000             480000000             480000000             4.9359669E-05         1.0000000E+30             66749       
 NEXT SEEDS: FD7C129      C4       0       0       0       0    5B97     3B7       0       0
   30000000             470000000             470000000             4.9768260E-05         1.0000000E+30            100092       
 NEXT SEEDS: B5312ED      C6       0       0       0       0    5B97     3B7       0       0
   40000000             460000000             460000000             4.9740779E-05         1.0000000E+30            133456       
 NEXT SEEDS: 6D3F26E      C8       0       0       0       0    5B97     3B7       0       0
   50000000             450000000             450000000             4.9447997E-05         1.0000000E+30            166386       
 NEXT SEEDS: 240642F      CA       0       0       0       0    5B97     3B7       0       0
   60000000             440000000             440000000             4.9344083E-05         1.0000000E+30            199771       
 NEXT SEEDS:39583892      CB       0       0       0       0    5B97     3B7       0       0
   70000000             430000000             430000000             4.9349616E-05         1.0000000E+30            232734       
 NEXT SEEDS:34CC0D68      CD       0       0       0       0    5B97     3B7       0       0
   80000000             420000000             420000000             4.9357412E-05         1.0000000E+30            266323       
 NEXT SEEDS:30498EBE      CF       0       0       0       0    5B97     3B7       0       0
   90000000             410000000             410000000             4.9257443E-05         1.0000000E+30            299617       
 NEXT SEEDS:2BC6FEBB      D1       0       0       0       0    5B97     3B7       0       0
  100000000             400000000             400000000             4.9053833E-05         1.0000000E+30            332957       
 NEXT SEEDS:273BCB61      D3       0       0       0       0    5B97     3B7       0       0
  110000000             390000000             390000000             4.8863378E-05         1.0000000E+30            366305       
 NEXT SEEDS:22B63435      D5       0       0       0       0    5B97     3B7       0       0
  120000000             380000000             380000000             4.8729443E-05         1.0000000E+30            399461       
 NEXT SEEDS:1E32E242      D7       0       0       0       0    5B97     3B7       0       0
  130000000             370000000             370000000             4.8691988E-05         1.0000000E+30            432963       
 NEXT SEEDS:19B3D827      D9       0       0       0       0    5B97     3B7       0       0
  140000000             360000000             360000000             4.8589404E-05         1.0000000E+30            466110       
 NEXT SEEDS:153132AF      DB       0       0       0       0    5B97     3B7       0       0
  150000000             350000000             350000000             4.8498844E-05         1.0000000E+30            499387       
 NEXT SEEDS:10AB2771      DD       0       0       0       0    5B97     3B7       0       0
  160000000             340000000             340000000             4.8428119E-05         1.0000000E+30            532333       
 NEXT SEEDS: C1E5E5E      DF       0       0       0       0    5B97     3B7       0       0
  170000000             330000000             330000000             4.8338919E-05         1.0000000E+30            565409       
 NEXT SEEDS: 78AADB1      E1       0       0       0       0    5B97     3B7       0       0
  180000000             320000000             320000000             4.8266943E-05         1.0000000E+30            598294       
 NEXT SEEDS: 2FCD2C2      E3       0       0       0       0    5B97     3B7       0       0
  190000000             310000000             310000000             4.8285434E-05         1.0000000E+30            631902       
 NEXT SEEDS:3A1D4A63      E4       0       0       0       0    5B97     3B7       0       0
  200000000             300000000             300000000             4.8302129E-05         1.0000000E+30            664822       
 NEXT SEEDS:358D5EFD      E6       0       0       0       0    5B97     3B7       0       0
  210000000             290000000             290000000             4.8314109E-05         1.0000000E+30            698007       
 NEXT SEEDS:31097C0C      E8       0       0       0       0    5B97     3B7       0       0
  220000000             280000000             280000000             4.8307320E-05         1.0000000E+30            731601       
 NEXT SEEDS:2C8F217E      EA       0       0       0       0    5B97     3B7       0       0
  230000000             270000000             270000000             4.8309842E-05         1.0000000E+30            764974       
 NEXT SEEDS:281312CA      EC       0       0       0       0    5B97     3B7       0       0
  240000000             260000000             260000000             4.8282182E-05         1.0000000E+30            798253       
 NEXT SEEDS:23953311      EE       0       0       0       0    5B97     3B7       0       0
  250000000             250000000             250000000             4.8256129E-05         1.0000000E+30            831596       
 NEXT SEEDS:1F1BDE1F      F0       0       0       0       0    5B97     3B7       0       0
  260000000             240000000             240000000             4.8266132E-05         1.0000000E+30            864823       
 NEXT SEEDS:1A964EEF      F2       0       0       0       0    5B97     3B7       0       0
  270000000             230000000             230000000             4.8653754E-05         1.0000000E+30            898060       
 NEXT SEEDS:1610AC76      F4       0       0       0       0    5B97     3B7       0       0
  280000000             220000000             220000000             4.8703446E-05         1.0000000E+30            931499       
 NEXT SEEDS:118357EC      F6       0       0       0       0    5B97     3B7       0       0
  290000000             210000000             210000000             4.8670050E-05         1.0000000E+30            964709       
 NEXT SEEDS: CFA599D      F8       0       0       0       0    5B97     3B7       0       0
  300000000             200000000             200000000             4.8646468E-05         1.0000000E+30            998043       
 NEXT SEEDS: 873C4A8      FA       0       0       0       0    5B97     3B7       0       0
  310000000             190000000             190000000             4.8608575E-05         1.0000000E+30           1031152       
 NEXT SEEDS: 3F271BB      FC       0       0       0       0    5B97     3B7       0       0
  320000000             180000000             180000000             4.8586334E-05         1.0000000E+30           1064296       
 NEXT SEEDS:3AFD885C      FD       0       0       0       0    5B97     3B7       0       0
  330000000             170000000             170000000             4.8574541E-05         1.0000000E+30           1097596       
 NEXT SEEDS:367950AF      FF       0       0       0       0    5B97     3B7       0       0
  340000000             160000000             160000000             4.8546421E-05         1.0000000E+30           1130677       
 NEXT SEEDS:31F14D67     101       0       0       0       0    5B97     3B7       0       0
  350000000             150000000             150000000             4.8546853E-05         1.0000000E+30           1164051       
 NEXT SEEDS:2D6B2EAA     103       0       0       0       0    5B97     3B7       0       0
  360000000             140000000             140000000             4.8542301E-05         1.0000000E+30           1197240       
 NEXT SEEDS:28E52F38     105       0       0       0       0    5B97     3B7       0       0
  370000000             130000000             130000000             4.8525712E-05         1.0000000E+30           1230403       
 NEXT SEEDS:245B9DAD     107       0       0       0       0    5B97     3B7       0       0
  380000000             120000000             120000000             4.8501825E-05         1.0000000E+30           1263352       
 NEXT SEEDS:1FCC62A6     109       0       0       0       0    5B97     3B7       0       0
  390000000             110000000             110000000             4.8475145E-05         1.0000000E+30           1296664       
 NEXT SEEDS:1B462AE2     10B       0       0       0       0    5B97     3B7       0       0
  400000000             100000000             100000000             4.8438242E-05         1.0000000E+30           1329843       
 NEXT SEEDS:16B99E4B     10D       0       0       0       0    5B97     3B7       0       0
  410000000              90000000              90000000             4.8404725E-05         1.0000000E+30           1363110       
 NEXT SEEDS:1234F8CE     10F       0       0       0       0    5B97     3B7       0       0
  420000000              80000000              80000000             4.8379659E-05         1.0000000E+30           1396240       
 NEXT SEEDS: DAC5A74     111       0       0       0       0    5B97     3B7       0       0
  430000000              70000000              70000000             4.8357508E-05         1.0000000E+30           1429347       
 NEXT SEEDS: 92354F7     113       0       0       0       0    5B97     3B7       0       0
  440000000              60000000              60000000             4.8334721E-05         1.0000000E+30           1462563       
 NEXT SEEDS: 499D0FC     115       0       0       0       0    5B97     3B7       0       0
  450000000              50000000              50000000             4.8320799E-05         1.0000000E+30           1496085       
 NEXT SEEDS:  1E516D     117       0       0       0       0    5B97     3B7       0       0
  460000000              40000000              40000000             4.8303970E-05         1.0000000E+30           1529589       
 NEXT SEEDS:3739D359     118       0       0       0       0    5B97     3B7       0       0
  470000000              30000000              30000000             4.8273653E-05         1.0000000E+30           1562856       
 NEXT SEEDS:32B11583     11A       0       0       0       0    5B97     3B7       0       0
  480000000              20000000              20000000             4.8251733E-05         1.0000000E+30           1596313       
 NEXT SEEDS:2E293278     11C       0       0       0       0    5B97     3B7       0       0
  490000000              10000000              10000000             4.8231210E-05         1.0000000E+30           1629278       
 NEXT SEEDS:2995152E     11E       0       0       0       0    5B97     3B7       0       0
  499999950                    50                    50             4.8211673E-05         1.0000000E+30           1662413       
 NEXT SEEDS:25086E11     120       0       0       0       0    5B97     3B7       0       0
  499999951                    49                    49             4.8211673E-05         1.0000000E+30           1662413       
 NEXT SEEDS:25086EEC     120       0       0       0       0    5B97     3B7       0       0
  499999952                    48                    48             4.8211672E-05         1.0000000E+30           1662413       
 NEXT SEEDS:25086FCD     120       0       0       0       0    5B97     3B7       0       0
  499999953                    47                    47             4.8211672E-05         1.0000000E+30           1662413       
 NEXT SEEDS:2508709E     120       0       0       0       0    5B97     3B7       0       0
  499999954                    46                    46             4.8211676E-05         1.0000000E+30           1662413       
 NEXT SEEDS:25087168     120       0       0       0       0    5B97     3B7       0       0
  499999955                    45                    45             4.8211676E-05         1.0000000E+30           1662413       
 NEXT SEEDS:25087231     120       0       0       0       0    5B97     3B7       0       0
  499999956                    44                    44             4.8211676E-05         1.0000000E+30           1662413       
 NEXT SEEDS:25087328     120       0       0       0       0    5B97     3B7       0       0
  499999957                    43                    43             4.8211676E-05         1.0000000E+30           1662413       
 NEXT SEEDS:250873F7     120       0       0       0       0    5B97     3B7       0       0
  499999958                    42                    42             4.8211676E-05         1.0000000E+30           1662413       
 NEXT SEEDS:250874E8     120       0       0       0       0    5B97     3B7       0       0
  499999959                    41                    41             4.8211676E-05         1.0000000E+30           1662413       
 NEXT SEEDS:250875C2     120       0       0       0       0    5B97     3B7       0       0
  499999960                    40                    40             4.8211676E-05         1.0000000E+30           1662413       
 NEXT SEEDS:2508769B     120       0       0       0       0    5B97     3B7       0       0
  499999961                    39                    39             4.8211676E-05         1.0000000E+30           1662413       
 NEXT SEEDS:25087765     120       0       0       0       0    5B97     3B7       0       0
  499999962                    38                    38             4.8211675E-05         1.0000000E+30           1662413       
 NEXT SEEDS:25087822     120       0       0       0       0    5B97     3B7       0       0
  499999963                    37                    37             4.8211679E-05         1.0000000E+30           1662413       
 NEXT SEEDS:250878FF     120       0       0       0       0    5B97     3B7       0       0
  499999964                    36                    36             4.8211679E-05         1.0000000E+30           1662413       
 NEXT SEEDS:250879C8     120       0       0       0       0    5B97     3B7       0       0
  499999965                    35                    35             4.8211679E-05         1.0000000E+30           1662413       
 NEXT SEEDS:25087ABF     120       0       0       0       0    5B97     3B7       0       0
  499999966                    34                    34             4.8211679E-05         1.0000000E+30           1662413       
 NEXT SEEDS:25087AC8     120       0       0       0       0    5B97     3B7       0       0
  499999967                    33                    33             4.8211679E-05         1.0000000E+30           1662413       
 NEXT SEEDS:25087BA8     120       0       0       0       0    5B97     3B7       0       0
  499999968                    32                    32             4.8211679E-05         1.0000000E+30           1662413       
 NEXT SEEDS:25087C6F     120       0       0       0       0    5B97     3B7       0       0
  499999969                    31                    31             4.8211679E-05         1.0000000E+30           1662413       
 NEXT SEEDS:25087D46     120       0       0       0       0    5B97     3B7       0       0
  499999970                    30                    30             4.8211679E-05         1.0000000E+30           1662413       
 NEXT SEEDS:25087E1A     120       0       0       0       0    5B97     3B7       0       0
  499999971                    29                    29             4.8211678E-05         1.0000000E+30           1662413       
 NEXT SEEDS:25087EF9     120       0       0       0       0    5B97     3B7       0       0
  499999972                    28                    28             4.8211678E-05         1.0000000E+30           1662413       
 NEXT SEEDS:25087FBC     120       0       0       0       0    5B97     3B7       0       0
  499999973                    27                    27             4.8211682E-05         1.0000000E+30           1662413       
 NEXT SEEDS:25088080     120       0       0       0       0    5B97     3B7       0       0
  499999974                    26                    26             4.8211682E-05         1.0000000E+30           1662413       
 NEXT SEEDS:25088167     120       0       0       0       0    5B97     3B7       0       0
  499999975                    25                    25             4.8211682E-05         1.0000000E+30           1662413       
 NEXT SEEDS:25088238     120       0       0       0       0    5B97     3B7       0       0
  499999976                    24                    24             4.8211682E-05         1.0000000E+30           1662413       
 NEXT SEEDS:2508830B     120       0       0       0       0    5B97     3B7       0       0
  499999977                    23                    23             4.8211682E-05         1.0000000E+30           1662413       
 NEXT SEEDS:250883F8     120       0       0       0       0    5B97     3B7       0       0
  499999978                    22                    22             4.8211682E-05         1.0000000E+30           1662413       
 NEXT SEEDS:250883FF     120       0       0       0       0    5B97     3B7       0       0
  499999979                    21                    21             4.8211682E-05         1.0000000E+30           1662413       
 NEXT SEEDS:250884D3     120       0       0       0       0    5B97     3B7       0       0
  499999980                    20                    20             4.8211682E-05         1.0000000E+30           1662413       
 NEXT SEEDS:250885B3     120       0       0       0       0    5B97     3B7       0       0
  499999981                    19                    19             4.8211681E-05         1.0000000E+30           1662413       
 NEXT SEEDS:25088687     120       0       0       0       0    5B97     3B7       0       0
  499999982                    18                    18             4.8211681E-05         1.0000000E+30           1662413       
 NEXT SEEDS:25088761     120       0       0       0       0    5B97     3B7       0       0
  499999983                    17                    17             4.8211685E-05         1.0000000E+30           1662413       
 NEXT SEEDS:2508882C     120       0       0       0       0    5B97     3B7       0       0
  499999984                    16                    16             4.8211685E-05         1.0000000E+30           1662413       
 NEXT SEEDS:250888FD     120       0       0       0       0    5B97     3B7       0       0
  499999985                    15                    15             4.8211685E-05         1.0000000E+30           1662413       
 NEXT SEEDS:25088906     120       0       0       0       0    5B97     3B7       0       0
  499999986                    14                    14             4.8211685E-05         1.0000000E+30           1662413       
 NEXT SEEDS:2508890D     120       0       0       0       0    5B97     3B7       0       0
  499999987                    13                    13             4.8211685E-05         1.0000000E+30           1662413       
 NEXT SEEDS:250889F7     120       0       0       0       0    5B97     3B7       0       0
  499999988                    12                    12             4.8211685E-05         1.0000000E+30           1662413       
 NEXT SEEDS:25088AC2     120       0       0       0       0    5B97     3B7       0       0
  499999989                    11                    11             4.8211685E-05         1.0000000E+30           1662413       
 NEXT SEEDS:25088B9B     120       0       0       0       0    5B97     3B7       0       0
  499999990                    10                    10             4.8211684E-05         1.0000000E+30           1662413       
 NEXT SEEDS:25088C6B     120       0       0       0       0    5B97     3B7       0       0
  499999991                     9                     9             4.8211684E-05         1.0000000E+30           1662413       
 NEXT SEEDS:25088D38     120       0       0       0       0    5B97     3B7       0       0
  499999992                     8                     8             4.8211684E-05         1.0000000E+30           1662413       
 NEXT SEEDS:25088E12     120       0       0       0       0    5B97     3B7       0       0
  499999993                     7                     7             4.8211684E-05         1.0000000E+30           1662413       
 NEXT SEEDS:25088E19     120       0       0       0       0    5B97     3B7       0       0
  499999994                     6                     6             4.8211688E-05         1.0000000E+30           1662413       
 NEXT SEEDS:25088EF1     120       0       0       0       0    5B97     3B7       0       0
  499999995                     5                     5             4.8211688E-05         1.0000000E+30           1662413       
 NEXT SEEDS:25088FD1     120       0       0       0       0    5B97     3B7       0       0
  499999996                     4                     4             4.8211688E-05         1.0000000E+30           1662413       
 NEXT SEEDS:25088FDA     120       0       0       0       0    5B97     3B7       0       0
  499999997                     3                     3             4.8211688E-05         1.0000000E+30           1662413       
 NEXT SEEDS:250890D3     120       0       0       0       0    5B97     3B7       0       0
  499999998                     2                     2             4.8211688E-05         1.0000000E+30           1662413       
 NEXT SEEDS:250891E3     120       0       0       0       0    5B97     3B7       0       0
  499999999                     1                     1             4.8211687E-05         1.0000000E+30           1662413       
 NEXT SEEDS:250892C0     120       0       0       0       0    5B97     3B7       0       0
  500000000                     0                     1             4.8211687E-05         1.0000000E+30           1662413       
 NEXT SEEDS:25089398     120       0       0       0       0    5B97     3B7       0       0
