1NUMBER OF BEAM       NUMBER OF BEAM        APPROXIMATE NUMBER    AVERAGE TIME USED     TIME LEFT (RESERVED   NUMBER OF STARS
 PARTICLES HANDLED    PARTICLES LEFT        OF BEAM PARTICLES     BY A BEAM PARTICLE     10000.0 SECONDS      CREATED
                                            THAT CAN STILL BE                           FOR PRINTOUT)
                                            HANDLED

 NEXT SEEDS:31FCF5F9     180       0       0       0       0    5B98     3B7       0       0
          1             499999999             499999999             1.8358231E-04         1.0000000E+30                 0       
 NEXT SEEDS:31FCF6C1     180       0       0       0       0    5B98     3B7       0       0
   10000000             490000000             490000000             4.9107698E-05         1.0000000E+30             33334       
 NEXT SEEDS:2D773DFC     182       0       0       0       0    5B98     3B7       0       0
   20000000             480000000             480000000             4.9060668E-05         1.0000000E+30             66556       
 NEXT SEEDS:28EF87A6     184       0       0       0       0    5B98     3B7       0       0
   30000000             470000000             470000000             4.9088482E-05         1.0000000E+30             99682       
 NEXT SEEDS:246A102D     186       0       0       0       0    5B98     3B7       0       0
   40000000             460000000             460000000             4.9109922E-05         1.0000000E+30            133481       
 NEXT SEEDS:1FE84C75     188       0       0       0       0    5B98     3B7       0       0
   50000000             450000000             450000000             4.9117613E-05         1.0000000E+30            166507       
 NEXT SEEDS:1B5A4469     18A       0       0       0       0    5B98     3B7       0       0
   60000000             440000000             440000000             4.9251783E-05         1.0000000E+30            199943       
 NEXT SEEDS:16DB8554     18C       0       0       0       0    5B98     3B7       0       0
   70000000             430000000             430000000             4.9263645E-05         1.0000000E+30            232882       
 NEXT SEEDS:124FA4E4     18E       0       0       0       0    5B98     3B7       0       0
   80000000             420000000             420000000             4.9214753E-05         1.0000000E+30            266205       
 NEXT SEEDS: DC9215F     190       0       0       0       0    5B98     3B7       0       0
   90000000             410000000             410000000             4.9242712E-05         1.0000000E+30            299543       
 NEXT SEEDS: 94BEE1F     192       0       0       0       0    5B98     3B7       0       0
  100000000             400000000             400000000             4.9239900E-05         1.0000000E+30            332782       
 NEXT SEEDS: 4CBC703     194       0       0       0       0    5B98     3B7       0       0
  110000000             390000000             390000000             4.9238754E-05         1.0000000E+30            366234       
 NEXT SEEDS:  4BFDAC     196       0       0       0       0    5B98     3B7       0       0
  120000000             380000000             380000000             4.9206370E-05         1.0000000E+30            399178       
 NEXT SEEDS:3752F7C5     197       0       0       0       0    5B98     3B7       0       0
  130000000             370000000             370000000             4.9209118E-05         1.0000000E+30            432330       
 NEXT SEEDS:32C4B628     199       0       0       0       0    5B98     3B7       0       0
  140000000             360000000             360000000             4.9253131E-05         1.0000000E+30            465377       
 NEXT SEEDS:2E403210     19B       0       0       0       0    5B98     3B7       0       0
  150000000             350000000             350000000             4.9282769E-05         1.0000000E+30            498809       
 NEXT SEEDS:29C3D25B     19D       0       0       0       0    5B98     3B7       0       0
  160000000             340000000             340000000             4.9270726E-05         1.0000000E+30            531848       
 NEXT SEEDS:2539F976     19F       0       0       0       0    5B98     3B7       0       0
  170000000             330000000             330000000             4.9237869E-05         1.0000000E+30            565093       
 NEXT SEEDS:20B74C92     1A1       0       0       0       0    5B98     3B7       0       0
  180000000             320000000             320000000             4.9205400E-05         1.0000000E+30            598019       
 NEXT SEEDS:1C2CA89F     1A3       0       0       0       0    5B98     3B7       0       0
  190000000             310000000             310000000             4.9178651E-05         1.0000000E+30            631606       
 NEXT SEEDS:17B04347     1A5       0       0       0       0    5B98     3B7       0       0
  200000000             300000000             300000000             4.9155314E-05         1.0000000E+30            665116       
 NEXT SEEDS:13300829     1A7       0       0       0       0    5B98     3B7       0       0
  210000000             290000000             290000000             4.9146411E-05         1.0000000E+30            698326       
 NEXT SEEDS: EAE9A69     1A9       0       0       0       0    5B98     3B7       0       0
  220000000             280000000             280000000             4.9128038E-05         1.0000000E+30            731507       
 NEXT SEEDS: A2CEB67     1AB       0       0       0       0    5B98     3B7       0       0
  230000000             270000000             270000000             4.9115376E-05         1.0000000E+30            765169       
 NEXT SEEDS: 5B07038     1AD       0       0       0       0    5B98     3B7       0       0
  240000000             260000000             260000000             4.9098557E-05         1.0000000E+30            798173       
 NEXT SEEDS: 1282AE2     1AF       0       0       0       0    5B98     3B7       0       0
  250000000             250000000             250000000             4.9123786E-05         1.0000000E+30            831637       
 NEXT SEEDS:383E13C6     1B0       0       0       0       0    5B98     3B7       0       0
  260000000             240000000             240000000             4.9108527E-05         1.0000000E+30            864701       
 NEXT SEEDS:33B3DAC8     1B2       0       0       0       0    5B98     3B7       0       0
  270000000             230000000             230000000             4.9096684E-05         1.0000000E+30            898464       
 NEXT SEEDS:2F432BDE     1B4       0       0       0       0    5B98     3B7       0       0
  280000000             220000000             220000000             4.9087986E-05         1.0000000E+30            931588       
 NEXT SEEDS:2ABFD05B     1B6       0       0       0       0    5B98     3B7       0       0
  290000000             210000000             210000000             4.9089441E-05         1.0000000E+30            965017       
 NEXT SEEDS:263F83DF     1B8       0       0       0       0    5B98     3B7       0       0
  300000000             200000000             200000000             4.9073966E-05         1.0000000E+30            998451       
 NEXT SEEDS:21BAE5D9     1BA       0       0       0       0    5B98     3B7       0       0
  310000000             190000000             190000000             4.9038714E-05         1.0000000E+30           1031457       
 NEXT SEEDS:1D2FD159     1BC       0       0       0       0    5B98     3B7       0       0
  320000000             180000000             180000000             4.9038816E-05         1.0000000E+30           1064949       
 NEXT SEEDS:18AE9196     1BE       0       0       0       0    5B98     3B7       0       0
  330000000             170000000             170000000             4.9005659E-05         1.0000000E+30           1098121       
 NEXT SEEDS:1427EDF1     1C0       0       0       0       0    5B98     3B7       0       0
  340000000             160000000             160000000             4.8981957E-05         1.0000000E+30           1131680       
 NEXT SEEDS: FA67D85     1C2       0       0       0       0    5B98     3B7       0       0
  350000000             150000000             150000000             4.8966335E-05         1.0000000E+30           1164975       
 NEXT SEEDS: B285AEC     1C4       0       0       0       0    5B98     3B7       0       0
  360000000             140000000             140000000             4.8945932E-05         1.0000000E+30           1198115       
 NEXT SEEDS: 6A344BB     1C6       0       0       0       0    5B98     3B7       0       0
  370000000             130000000             130000000             4.8922383E-05         1.0000000E+30           1231038       
 NEXT SEEDS: 21B2EC4     1C8       0       0       0       0    5B98     3B7       0       0
  380000000             120000000             120000000             4.8905284E-05         1.0000000E+30           1264109       
 NEXT SEEDS:392E0F8A     1C9       0       0       0       0    5B98     3B7       0       0
  390000000             110000000             110000000             4.8906311E-05         1.0000000E+30           1297563       
 NEXT SEEDS:34AB555E     1CB       0       0       0       0    5B98     3B7       0       0
  400000000             100000000             100000000             4.8900977E-05         1.0000000E+30           1330794       
 NEXT SEEDS:30293E30     1CD       0       0       0       0    5B98     3B7       0       0
  410000000              90000000              90000000             4.8888015E-05         1.0000000E+30           1363881       
 NEXT SEEDS:2BA1BD0A     1CF       0       0       0       0    5B98     3B7       0       0
  420000000              80000000              80000000             4.8882432E-05         1.0000000E+30           1396926       
 NEXT SEEDS:2717DB5E     1D1       0       0       0       0    5B98     3B7       0       0
  430000000              70000000              70000000             4.8880992E-05         1.0000000E+30           1430346       
 NEXT SEEDS:229ABD27     1D3       0       0       0       0    5B98     3B7       0       0
  440000000              60000000              60000000             4.8874037E-05         1.0000000E+30           1463898       
 NEXT SEEDS:1E1A405A     1D5       0       0       0       0    5B98     3B7       0       0
  450000000              50000000              50000000             4.8886537E-05         1.0000000E+30           1497029       
 NEXT SEEDS:199E063D     1D7       0       0       0       0    5B98     3B7       0       0
  460000000              40000000              40000000             4.8896731E-05         1.0000000E+30           1530209       
 NEXT SEEDS:151C83D8     1D9       0       0       0       0    5B98     3B7       0       0
  470000000              30000000              30000000             4.8902290E-05         1.0000000E+30           1563312       
 NEXT SEEDS:108F1309     1DB       0       0       0       0    5B98     3B7       0       0
  480000000              20000000              20000000             4.8907996E-05         1.0000000E+30           1596607       
 NEXT SEEDS: C0C8033     1DD       0       0       0       0    5B98     3B7       0       0
  490000000              10000000              10000000             4.8914741E-05         1.0000000E+30           1629943       
 NEXT SEEDS: 78250FE     1DF       0       0       0       0    5B98     3B7       0       0
  499999950                    50                    50             4.8911716E-05         1.0000000E+30           1663295       
 NEXT SEEDS: 2F4AFE8     1E1       0       0       0       0    5B98     3B7       0       0
  499999951                    49                    49             4.8911716E-05         1.0000000E+30           1663295       
 NEXT SEEDS: 2F4B0B1     1E1       0       0       0       0    5B98     3B7       0       0
  499999952                    48                    48             4.8911716E-05         1.0000000E+30           1663295       
 NEXT SEEDS: 2F4B19D     1E1       0       0       0       0    5B98     3B7       0       0
  499999953                    47                    47             4.8911716E-05         1.0000000E+30           1663295       
 NEXT SEEDS: 2F4B280     1E1       0       0       0       0    5B98     3B7       0       0
  499999954                    46                    46             4.8911716E-05         1.0000000E+30           1663295       
 NEXT SEEDS: 2F4B287     1E1       0       0       0       0    5B98     3B7       0       0
  499999955                    45                    45             4.8911716E-05         1.0000000E+30           1663295       
 NEXT SEEDS: 2F4B290     1E1       0       0       0       0    5B98     3B7       0       0
  499999956                    44                    44             4.8911716E-05         1.0000000E+30           1663295       
 NEXT SEEDS: 2F4B297     1E1       0       0       0       0    5B98     3B7       0       0
  499999957                    43                    43             4.8911716E-05         1.0000000E+30           1663295       
 NEXT SEEDS: 2F4B35E     1E1       0       0       0       0    5B98     3B7       0       0
  499999958                    42                    42             4.8911716E-05         1.0000000E+30           1663295       
 NEXT SEEDS: 2F4B428     1E1       0       0       0       0    5B98     3B7       0       0
  499999959                    41                    41             4.8911719E-05         1.0000000E+30           1663295       
 NEXT SEEDS: 2F4B501     1E1       0       0       0       0    5B98     3B7       0       0
  499999960                    40                    40             4.8911719E-05         1.0000000E+30           1663295       
 NEXT SEEDS: 2F4B508     1E1       0       0       0       0    5B98     3B7       0       0
  499999961                    39                    39             4.8911719E-05         1.0000000E+30           1663295       
 NEXT SEEDS: 2F4B5D8     1E1       0       0       0       0    5B98     3B7       0       0
  499999962                    38                    38             4.8911719E-05         1.0000000E+30           1663295       
 NEXT SEEDS: 2F4B6AD     1E1       0       0       0       0    5B98     3B7       0       0
  499999963                    37                    37             4.8911719E-05         1.0000000E+30           1663295       
 NEXT SEEDS: 2F4B771     1E1       0       0       0       0    5B98     3B7       0       0
  499999964                    36                    36             4.8911719E-05         1.0000000E+30           1663295       
 NEXT SEEDS: 2F4B843     1E1       0       0       0       0    5B98     3B7       0       0
  499999965                    35                    35             4.8911719E-05         1.0000000E+30           1663295       
 NEXT SEEDS: 2F4B90B     1E1       0       0       0       0    5B98     3B7       0       0
  499999966                    34                    34             4.8911719E-05         1.0000000E+30           1663295       
 NEXT SEEDS: 2F4B914     1E1       0       0       0       0    5B98     3B7       0       0
  499999967                    33                    33             4.8911719E-05         1.0000000E+30           1663295       
 NEXT SEEDS: 2F4B9F5     1E1       0       0       0       0    5B98     3B7       0       0
  499999968                    32                    32             4.8911722E-05         1.0000000E+30           1663295       
 NEXT SEEDS: 2F4BAC7     1E1       0       0       0       0    5B98     3B7       0       0
  499999969                    31                    31             4.8911722E-05         1.0000000E+30           1663295       
 NEXT SEEDS: 2F4BBD3     1E1       0       0       0       0    5B98     3B7       0       0
  499999970                    30                    30             4.8911722E-05         1.0000000E+30           1663295       
 NEXT SEEDS: 2F4BBDA     1E1       0       0       0       0    5B98     3B7       0       0
  499999971                    29                    29             4.8911722E-05         1.0000000E+30           1663295       
 NEXT SEEDS: 2F4BCAB     1E1       0       0       0       0    5B98     3B7       0       0
  499999972                    28                    28             4.8911722E-05         1.0000000E+30           1663295       
 NEXT SEEDS: 2F4BD92     1E1       0       0       0       0    5B98     3B7       0       0
  499999973                    27                    27             4.8911722E-05         1.0000000E+30           1663295       
 NEXT SEEDS: 2F4BE5C     1E1       0       0       0       0    5B98     3B7       0       0
  499999974                    26                    26             4.8911722E-05         1.0000000E+30           1663295       
 NEXT SEEDS: 2F4BF2F     1E1       0       0       0       0    5B98     3B7       0       0
  499999975                    25                    25             4.8911722E-05         1.0000000E+30           1663295       
 NEXT SEEDS: 2F4BF36     1E1       0       0       0       0    5B98     3B7       0       0
  499999976                    24                    24             4.8911722E-05         1.0000000E+30           1663295       
 NEXT SEEDS: 2F4BF3F     1E1       0       0       0       0    5B98     3B7       0       0
  499999977                    23                    23             4.8911722E-05         1.0000000E+30           1663295       
 NEXT SEEDS: 2F4C010     1E1       0       0       0       0    5B98     3B7       0       0
  499999978                    22                    22             4.8911725E-05         1.0000000E+30           1663295       
 NEXT SEEDS: 2F4C0DD     1E1       0       0       0       0    5B98     3B7       0       0
  499999979                    21                    21             4.8911725E-05         1.0000000E+30           1663295       
 NEXT SEEDS: 2F4C1BF     1E1       0       0       0       0    5B98     3B7       0       0
  499999980                    20                    20             4.8911725E-05         1.0000000E+30           1663295       
 NEXT SEEDS: 2F4C299     1E1       0       0       0       0    5B98     3B7       0       0
  499999981                    19                    19             4.8911725E-05         1.0000000E+30           1663295       
 NEXT SEEDS: 2F4C358     1E1       0       0       0       0    5B98     3B7       0       0
  499999982                    18                    18             4.8911725E-05         1.0000000E+30           1663295       
 NEXT SEEDS: 2F4C423     1E1       0       0       0       0    5B98     3B7       0       0
  499999983                    17                    17             4.8911725E-05         1.0000000E+30           1663295       
 NEXT SEEDS: 2F4C4F0     1E1       0       0       0       0    5B98     3B7       0       0
  499999984                    16                    16             4.8911725E-05         1.0000000E+30           1663295       
 NEXT SEEDS: 2F4C5C2     1E1       0       0       0       0    5B98     3B7       0       0
  499999985                    15                    15             4.8911725E-05         1.0000000E+30           1663295       
 NEXT SEEDS: 2F4C5C9     1E1       0       0       0       0    5B98     3B7       0       0
  499999986                    14                    14             4.8911725E-05         1.0000000E+30           1663295       
 NEXT SEEDS: 2F4C69E     1E1       0       0       0       0    5B98     3B7       0       0
  499999987                    13                    13             4.8911725E-05         1.0000000E+30           1663295       
 NEXT SEEDS: 2F4C78A     1E1       0       0       0       0    5B98     3B7       0       0
  499999988                    12                    12             4.8911724E-05         1.0000000E+30           1663295       
 NEXT SEEDS: 2F4C85C     1E1       0       0       0       0    5B98     3B7       0       0
  499999989                    11                    11             4.8911724E-05         1.0000000E+30           1663295       
 NEXT SEEDS: 2F4C863     1E1       0       0       0       0    5B98     3B7       0       0
  499999990                    10                    10             4.8911724E-05         1.0000000E+30           1663295       
 NEXT SEEDS: 2F4C934     1E1       0       0       0       0    5B98     3B7       0       0
  499999991                     9                     9             4.8911724E-05         1.0000000E+30           1663295       
 NEXT SEEDS: 2F4CA12     1E1       0       0       0       0    5B98     3B7       0       0
  499999992                     8                     8             4.8911724E-05         1.0000000E+30           1663295       
 NEXT SEEDS: 2F4CAD5     1E1       0       0       0       0    5B98     3B7       0       0
  499999993                     7                     7             4.8911724E-05         1.0000000E+30           1663295       
 NEXT SEEDS: 2F4CB96     1E1       0       0       0       0    5B98     3B7       0       0
  499999994                     6                     6             4.8911724E-05         1.0000000E+30           1663295       
 NEXT SEEDS: 2F4CC70     1E1       0       0       0       0    5B98     3B7       0       0
  499999995                     5                     5             4.8911724E-05         1.0000000E+30           1663295       
 NEXT SEEDS: 2F4CD5E     1E1       0       0       0       0    5B98     3B7       0       0
  499999996                     4                     4             4.8911724E-05         1.0000000E+30           1663295       
 NEXT SEEDS: 2F4CE2A     1E1       0       0       0       0    5B98     3B7       0       0
  499999997                     3                     3             4.8911724E-05         1.0000000E+30           1663295       
 NEXT SEEDS: 2F4CEF3     1E1       0       0       0       0    5B98     3B7       0       0
  499999998                     2                     2             4.8911723E-05         1.0000000E+30           1663295       
 NEXT SEEDS: 2F4CEFA     1E1       0       0       0       0    5B98     3B7       0       0
  499999999                     1                     1             4.8911723E-05         1.0000000E+30           1663295       
 NEXT SEEDS: 2F4CFDA     1E1       0       0       0       0    5B98     3B7       0       0
  500000000                     0                     1             4.8911723E-05         1.0000000E+30           1663295       
 NEXT SEEDS: 2F4D0B3     1E1       0       0       0       0    5B98     3B7       0       0
