1NUMBER OF BEAM       NUMBER OF BEAM        APPROXIMATE NUMBER    AVERAGE TIME USED     TIME LEFT (RESERVED   NUMBER OF STARS
 PARTICLES HANDLED    PARTICLES LEFT        OF BEAM PARTICLES     BY A BEAM PARTICLE     10000.0 SECONDS      CREATED
                                            THAT CAN STILL BE                           FOR PRINTOUT)
                                            HANDLED

 NEXT SEEDS:25435F3D     120       0       0       0       0    5B98     3B7       0       0
          1             499999999             499999999             0.0000000E+00         1.0000000E+30                 0       
 NEXT SEEDS:2543600A     120       0       0       0       0    5B98     3B7       0       0
   10000000             490000000             490000000             4.8722163E-05         1.0000000E+30             33372       
 NEXT SEEDS:20BB651A     122       0       0       0       0    5B98     3B7       0       0
  *** Rcfset:kprin,bfcmax,epat00,ppat00,ravpot           1  -4.6212383284724989E-002  0.94291836337879853        9.3488567665868980E-002   12.440777676959296     
   20000000             480000000             480000000             4.8658660E-05         1.0000000E+30             66733       
 NEXT SEEDS:1C3F0105     124       0       0       0       0    5B98     3B7       0       0
   30000000             470000000             470000000             4.8428360E-05         1.0000000E+30             99978       
 NEXT SEEDS:17B74254     126       0       0       0       0    5B98     3B7       0       0
   40000000             460000000             460000000             4.8320434E-05         1.0000000E+30            132795       
 NEXT SEEDS:132BF7EC     128       0       0       0       0    5B98     3B7       0       0
   50000000             450000000             450000000             4.8271989E-05         1.0000000E+30            166328       
 NEXT SEEDS: EA7E682     12A       0       0       0       0    5B98     3B7       0       0
   60000000             440000000             440000000             4.8186916E-05         1.0000000E+30            199275       
 NEXT SEEDS: A2229A7     12C       0       0       0       0    5B98     3B7       0       0
   70000000             430000000             430000000             4.8180048E-05         1.0000000E+30            232468       
 NEXT SEEDS: 5988F33     12E       0       0       0       0    5B98     3B7       0       0
   80000000             420000000             420000000             4.8164436E-05         1.0000000E+30            265579       
 NEXT SEEDS: 118A761     130       0       0       0       0    5B98     3B7       0       0
   90000000             410000000             410000000             4.8147286E-05         1.0000000E+30            298973       
 NEXT SEEDS:383415F2     131       0       0       0       0    5B98     3B7       0       0
  100000000             400000000             400000000             4.8135677E-05         1.0000000E+30            332218       
 NEXT SEEDS:33B20F89     133       0       0       0       0    5B98     3B7       0       0
  110000000             390000000             390000000             4.8119605E-05         1.0000000E+30            365671       
 NEXT SEEDS:2F2F5D9E     135       0       0       0       0    5B98     3B7       0       0
  *** Rcfset:kprin,bfcmax,epat00,ppat00,ravpot           1  -3.9177936260475388E-002  0.94294989205025925        9.3806029682848971E-002   12.440777676959296     
  120000000             380000000             380000000             4.8099095E-05         1.0000000E+30            398751       
 NEXT SEEDS:2AA266E4     137       0       0       0       0    5B98     3B7       0       0
  130000000             370000000             370000000             4.8129123E-05         1.0000000E+30            432322       
 NEXT SEEDS:2626B08D     139       0       0       0       0    5B98     3B7       0       0
  140000000             360000000             360000000             4.8135783E-05         1.0000000E+30            465994       
 NEXT SEEDS:21A8F3B2     13B       0       0       0       0    5B98     3B7       0       0
  150000000             350000000             350000000             4.8131822E-05         1.0000000E+30            499485       
 NEXT SEEDS:1D28032B     13D       0       0       0       0    5B98     3B7       0       0
  160000000             340000000             340000000             4.8128210E-05         1.0000000E+30            532445       
 NEXT SEEDS:18A0338D     13F       0       0       0       0    5B98     3B7       0       0
  170000000             330000000             330000000             4.8097839E-05         1.0000000E+30            565522       
 NEXT SEEDS:1416D070     141       0       0       0       0    5B98     3B7       0       0
  180000000             320000000             320000000             4.8071454E-05         1.0000000E+30            598855       
 NEXT SEEDS: F990BC1     143       0       0       0       0    5B98     3B7       0       0
  190000000             310000000             310000000             4.8042441E-05         1.0000000E+30            632141       
 NEXT SEEDS: B12DB86     145       0       0       0       0    5B98     3B7       0       0
  200000000             300000000             300000000             4.8032433E-05         1.0000000E+30            665358       
 NEXT SEEDS: 691A79E     147       0       0       0       0    5B98     3B7       0       0
  210000000             290000000             290000000             4.8055368E-05         1.0000000E+30            699000       
 NEXT SEEDS: 2189965     149       0       0       0       0    5B98     3B7       0       0
  220000000             280000000             280000000             4.8057122E-05         1.0000000E+30            732454       
 NEXT SEEDS:392FA194     14A       0       0       0       0    5B98     3B7       0       0
  230000000             270000000             270000000             4.8035710E-05         1.0000000E+30            765490       
 NEXT SEEDS:34AA7269     14C       0       0       0       0    5B98     3B7       0       0
  240000000             260000000             260000000             4.8021767E-05         1.0000000E+30            798797       
 NEXT SEEDS:3027CE0F     14E       0       0       0       0    5B98     3B7       0       0
  250000000             250000000             250000000             4.8010431E-05         1.0000000E+30            832080       
 NEXT SEEDS:2BA026F7     150       0       0       0       0    5B98     3B7       0       0
  260000000             240000000             240000000             4.7994672E-05         1.0000000E+30            865187       
 NEXT SEEDS:2715C139     152       0       0       0       0    5B98     3B7       0       0
  270000000             230000000             230000000             4.7984257E-05         1.0000000E+30            898085       
 NEXT SEEDS:228F3629     154       0       0       0       0    5B98     3B7       0       0
  280000000             220000000             220000000             4.7995666E-05         1.0000000E+30            931133       
 NEXT SEEDS:1E0BC9C9     156       0       0       0       0    5B98     3B7       0       0
  290000000             210000000             210000000             4.8001493E-05         1.0000000E+30            964542       
 NEXT SEEDS:198374D4     158       0       0       0       0    5B98     3B7       0       0
  300000000             200000000             200000000             4.8022293E-05         1.0000000E+30            997796       
 NEXT SEEDS:150137E5     15A       0       0       0       0    5B98     3B7       0       0
  310000000             190000000             190000000             4.8032899E-05         1.0000000E+30           1031133       
 NEXT SEEDS:10826B19     15C       0       0       0       0    5B98     3B7       0       0
  320000000             180000000             180000000             4.8036967E-05         1.0000000E+30           1064462       
 NEXT SEEDS: BFF8E37     15E       0       0       0       0    5B98     3B7       0       0
  330000000             170000000             170000000             4.8070559E-05         1.0000000E+30           1097677       
 NEXT SEEDS: 7764CF4     160       0       0       0       0    5B98     3B7       0       0
  340000000             160000000             160000000             4.8097224E-05         1.0000000E+30           1131142       
 NEXT SEEDS: 2F0F9E9     162       0       0       0       0    5B98     3B7       0       0
  350000000             150000000             150000000             4.8125258E-05         1.0000000E+30           1164495       
 NEXT SEEDS:3A09AE57     163       0       0       0       0    5B98     3B7       0       0
  360000000             140000000             140000000             4.8162539E-05         1.0000000E+30           1197987       
 NEXT SEEDS:3586496C     165       0       0       0       0    5B98     3B7       0       0
  370000000             130000000             130000000             4.8173201E-05         1.0000000E+30           1231527       
 NEXT SEEDS:3102DD69     167       0       0       0       0    5B98     3B7       0       0
  380000000             120000000             120000000             4.8189053E-05         1.0000000E+30           1264743       
 NEXT SEEDS:2C7DF1E1     169       0       0       0       0    5B98     3B7       0       0
  390000000             110000000             110000000             4.8197847E-05         1.0000000E+30           1298314       
 NEXT SEEDS:28086DA4     16B       0       0       0       0    5B98     3B7       0       0
  400000000             100000000             100000000             4.8211676E-05         1.0000000E+30           1331465       
 NEXT SEEDS:237F024A     16D       0       0       0       0    5B98     3B7       0       0
  410000000              90000000              90000000             4.8231356E-05         1.0000000E+30           1364841       
 NEXT SEEDS:1EFA5D98     16F       0       0       0       0    5B98     3B7       0       0
  420000000              80000000              80000000             4.8237082E-05         1.0000000E+30           1398020       
 NEXT SEEDS:1A76A815     171       0       0       0       0    5B98     3B7       0       0
  430000000              70000000              70000000             4.8262787E-05         1.0000000E+30           1431305       
 NEXT SEEDS:15ED230B     173       0       0       0       0    5B98     3B7       0       0
  440000000              60000000              60000000             4.8281340E-05         1.0000000E+30           1464948       
 NEXT SEEDS:1173D140     175       0       0       0       0    5B98     3B7       0       0
  450000000              50000000              50000000             4.8287318E-05         1.0000000E+30           1498359       
 NEXT SEEDS: CEE7C21     177       0       0       0       0    5B98     3B7       0       0
  460000000              40000000              40000000             4.8288520E-05         1.0000000E+30           1531834       
 NEXT SEEDS: 8733E99     179       0       0       0       0    5B98     3B7       0       0
  470000000              30000000              30000000             4.8282763E-05         1.0000000E+30           1565162       
 NEXT SEEDS: 3EAFB26     17B       0       0       0       0    5B98     3B7       0       0
  480000000              20000000              20000000             4.8289751E-05         1.0000000E+30           1598368       
 NEXT SEEDS:3AFE394C     17C       0       0       0       0    5B98     3B7       0       0
  490000000              10000000              10000000             4.8297422E-05         1.0000000E+30           1631885       
 NEXT SEEDS:367ED52C     17E       0       0       0       0    5B98     3B7       0       0
  499999950                    50                    50             4.8304736E-05         1.0000000E+30           1665244       
 NEXT SEEDS:31FCCBC0     180       0       0       0       0    5B98     3B7       0       0
  499999951                    49                    49             4.8304736E-05         1.0000000E+30           1665244       
 NEXT SEEDS:31FCCC93     180       0       0       0       0    5B98     3B7       0       0
  499999952                    48                    48             4.8304736E-05         1.0000000E+30           1665244       
 NEXT SEEDS:31FCCD74     180       0       0       0       0    5B98     3B7       0       0
  499999953                    47                    47             4.8304740E-05         1.0000000E+30           1665244       
 NEXT SEEDS:31FCCE4E     180       0       0       0       0    5B98     3B7       0       0
  499999954                    46                    46             4.8304740E-05         1.0000000E+30           1665244       
 NEXT SEEDS:31FCCF21     180       0       0       0       0    5B98     3B7       0       0
  499999955                    45                    45             4.8304739E-05         1.0000000E+30           1665244       
 NEXT SEEDS:31FCCF2A     180       0       0       0       0    5B98     3B7       0       0
  499999956                    44                    44             4.8304739E-05         1.0000000E+30           1665244       
 NEXT SEEDS:31FCD009     180       0       0       0       0    5B98     3B7       0       0
  499999957                    43                    43             4.8304739E-05         1.0000000E+30           1665244       
 NEXT SEEDS:31FCD0D5     180       0       0       0       0    5B98     3B7       0       0
  499999958                    42                    42             4.8304739E-05         1.0000000E+30           1665244       
 NEXT SEEDS:31FCD197     180       0       0       0       0    5B98     3B7       0       0
  499999959                    41                    41             4.8304739E-05         1.0000000E+30           1665244       
 NEXT SEEDS:31FCD26E     180       0       0       0       0    5B98     3B7       0       0
  499999960                    40                    40             4.8304743E-05         1.0000000E+30           1665244       
 NEXT SEEDS:31FCD35E     180       0       0       0       0    5B98     3B7       0       0
  499999961                    39                    39             4.8304743E-05         1.0000000E+30           1665244       
 NEXT SEEDS:31FCD426     180       0       0       0       0    5B98     3B7       0       0
  499999962                    38                    38             4.8304743E-05         1.0000000E+30           1665244       
 NEXT SEEDS:31FCD4EA     180       0       0       0       0    5B98     3B7       0       0
  499999963                    37                    37             4.8304743E-05         1.0000000E+30           1665244       
 NEXT SEEDS:31FCD5C5     180       0       0       0       0    5B98     3B7       0       0
  499999964                    36                    36             4.8304742E-05         1.0000000E+30           1665244       
 NEXT SEEDS:31FCD6A7     180       0       0       0       0    5B98     3B7       0       0
  499999965                    35                    35             4.8304742E-05         1.0000000E+30           1665244       
 NEXT SEEDS:31FCD792     180       0       0       0       0    5B98     3B7       0       0
  499999966                    34                    34             4.8304746E-05         1.0000000E+30           1665244       
 NEXT SEEDS:31FCD870     180       0       0       0       0    5B98     3B7       0       0
  499999967                    33                    33             4.8304746E-05         1.0000000E+30           1665244       
 NEXT SEEDS:31FCD942     180       0       0       0       0    5B98     3B7       0       0
  499999968                    32                    32             4.8304746E-05         1.0000000E+30           1665244       
 NEXT SEEDS:31FCDA34     180       0       0       0       0    5B98     3B7       0       0
  499999969                    31                    31             4.8304746E-05         1.0000000E+30           1665244       
 NEXT SEEDS:31FCDB2A     180       0       0       0       0    5B98     3B7       0       0
  499999970                    30                    30             4.8304746E-05         1.0000000E+30           1665244       
 NEXT SEEDS:31FCDBF3     180       0       0       0       0    5B98     3B7       0       0
  499999971                    29                    29             4.8304746E-05         1.0000000E+30           1665244       
 NEXT SEEDS:31FCDCD8     180       0       0       0       0    5B98     3B7       0       0
  499999972                    28                    28             4.8304746E-05         1.0000000E+30           1665244       
 NEXT SEEDS:31FCDDAC     180       0       0       0       0    5B98     3B7       0       0
  499999973                    27                    27             4.8304745E-05         1.0000000E+30           1665244       
 NEXT SEEDS:31FCDE75     180       0       0       0       0    5B98     3B7       0       0
  499999974                    26                    26             4.8304745E-05         1.0000000E+30           1665244       
 NEXT SEEDS:31FCDF38     180       0       0       0       0    5B98     3B7       0       0
  499999975                    25                    25             4.8304745E-05         1.0000000E+30           1665244       
 NEXT SEEDS:31FCE020     180       0       0       0       0    5B98     3B7       0       0
  499999976                    24                    24             4.8304745E-05         1.0000000E+30           1665244       
 NEXT SEEDS:31FCE0EE     180       0       0       0       0    5B98     3B7       0       0
  499999977                    23                    23             4.8304745E-05         1.0000000E+30           1665244       
 NEXT SEEDS:31FCE1D4     180       0       0       0       0    5B98     3B7       0       0
  499999978                    22                    22             4.8304745E-05         1.0000000E+30           1665244       
 NEXT SEEDS:31FCE293     180       0       0       0       0    5B98     3B7       0       0
  499999979                    21                    21             4.8304745E-05         1.0000000E+30           1665244       
 NEXT SEEDS:31FCE359     180       0       0       0       0    5B98     3B7       0       0
  499999980                    20                    20             4.8304745E-05         1.0000000E+30           1665244       
 NEXT SEEDS:31FCE362     180       0       0       0       0    5B98     3B7       0       0
  499999981                    19                    19             4.8304745E-05         1.0000000E+30           1665244       
 NEXT SEEDS:31FCE36B     180       0       0       0       0    5B98     3B7       0       0
  499999982                    18                    18             4.8304745E-05         1.0000000E+30           1665244       
 NEXT SEEDS:31FCE44B     180       0       0       0       0    5B98     3B7       0       0
  499999983                    17                    17             4.8304745E-05         1.0000000E+30           1665244       
 NEXT SEEDS:31FCE535     180       0       0       0       0    5B98     3B7       0       0
  499999984                    16                    16             4.8304744E-05         1.0000000E+30           1665244       
 NEXT SEEDS:31FCE540     180       0       0       0       0    5B98     3B7       0       0
  499999985                    15                    15             4.8304744E-05         1.0000000E+30           1665244       
 NEXT SEEDS:31FCE60E     180       0       0       0       0    5B98     3B7       0       0
  499999986                    14                    14             4.8304744E-05         1.0000000E+30           1665244       
 NEXT SEEDS:31FCE74D     180       0       0       0       0    5B98     3B7       0       0
  499999987                    13                    13             4.8304744E-05         1.0000000E+30           1665244       
 NEXT SEEDS:31FCE828     180       0       0       0       0    5B98     3B7       0       0
  499999988                    12                    12             4.8304748E-05         1.0000000E+30           1665244       
 NEXT SEEDS:31FCE831     180       0       0       0       0    5B98     3B7       0       0
  499999989                    11                    11             4.8304748E-05         1.0000000E+30           1665244       
 NEXT SEEDS:31FCE83A     180       0       0       0       0    5B98     3B7       0       0
  499999990                    10                    10             4.8304748E-05         1.0000000E+30           1665244       
 NEXT SEEDS:31FCE917     180       0       0       0       0    5B98     3B7       0       0
  499999991                     9                     9             4.8304748E-05         1.0000000E+30           1665244       
 NEXT SEEDS:31FCE9E9     180       0       0       0       0    5B98     3B7       0       0
  499999992                     8                     8             4.8304748E-05         1.0000000E+30           1665244       
 NEXT SEEDS:31FCE9F2     180       0       0       0       0    5B98     3B7       0       0
  499999993                     7                     7             4.8304747E-05         1.0000000E+30           1665244       
 NEXT SEEDS:31FCEAD1     180       0       0       0       0    5B98     3B7       0       0
  499999994                     6                     6             4.8304747E-05         1.0000000E+30           1665244       
 NEXT SEEDS:31FCEBAD     180       0       0       0       0    5B98     3B7       0       0
  499999995                     5                     5             4.8304751E-05         1.0000000E+30           1665244       
 NEXT SEEDS:31FCEBB4     180       0       0       0       0    5B98     3B7       0       0
  499999996                     4                     4             4.8304751E-05         1.0000000E+30           1665245       
 NEXT SEEDS:31FCF296     180       0       0       0       0    5B98     3B7       0       0
  499999997                     3                     3             4.8304751E-05         1.0000000E+30           1665245       
 NEXT SEEDS:31FCF365     180       0       0       0       0    5B98     3B7       0       0
  499999998                     2                     2             4.8304751E-05         1.0000000E+30           1665245       
 NEXT SEEDS:31FCF43A     180       0       0       0       0    5B98     3B7       0       0
  499999999                     1                     1             4.8304751E-05         1.0000000E+30           1665245       
 NEXT SEEDS:31FCF52A     180       0       0       0       0    5B98     3B7       0       0
  500000000                     0                     1             4.8304755E-05         1.0000000E+30           1665245       
 NEXT SEEDS:31FCF5F9     180       0       0       0       0    5B98     3B7       0       0
