1NUMBER OF BEAM       NUMBER OF BEAM        APPROXIMATE NUMBER    AVERAGE TIME USED     TIME LEFT (RESERVED   NUMBER OF STARS
 PARTICLES HANDLED    PARTICLES LEFT        OF BEAM PARTICLES     BY A BEAM PARTICLE     10000.0 SECONDS      CREATED
                                            THAT CAN STILL BE                           FOR PRINTOUT)
                                            HANDLED

 NEXT SEEDS:       0       0       0       0       0       0    5B98     3B7       0       0
          1             499999999             499999999             1.2111664E-04         1.0000000E+30                 0       
 NEXT SEEDS:      D5       0       0       0       0       0    5B98     3B7       0       0
   10000000             490000000             490000000             4.7984196E-05         1.0000000E+30             33448       
 NEXT SEEDS:370E570C       1       0       0       0       0    5B98     3B7       0       0
   20000000             480000000             480000000             4.8899633E-05         1.0000000E+30             66571       
 NEXT SEEDS:3285D428       3       0       0       0       0    5B98     3B7       0       0
   30000000             470000000             470000000             4.8993969E-05         1.0000000E+30             99723       
 NEXT SEEDS:2DF4F291       5       0       0       0       0    5B98     3B7       0       0
   40000000             460000000             460000000             4.8900506E-05         1.0000000E+30            133209       
 NEXT SEEDS:297986FD       7       0       0       0       0    5B98     3B7       0       0
   50000000             450000000             450000000             4.8596003E-05         1.0000000E+30            166167       
 NEXT SEEDS:24ED22B4       9       0       0       0       0    5B98     3B7       0       0
   60000000             440000000             440000000             4.8414719E-05         1.0000000E+30            199424       
 NEXT SEEDS:2064C248       B       0       0       0       0    5B98     3B7       0       0
   70000000             430000000             430000000             4.8269965E-05         1.0000000E+30            232832       
 NEXT SEEDS:1BE30E66       D       0       0       0       0    5B98     3B7       0       0
   80000000             420000000             420000000             4.8232319E-05         1.0000000E+30            266142       
 NEXT SEEDS:175E2006       F       0       0       0       0    5B98     3B7       0       0
   90000000             410000000             410000000             4.8168824E-05         1.0000000E+30            299661       
 NEXT SEEDS:12E4AD90      11       0       0       0       0    5B98     3B7       0       0
  100000000             400000000             400000000             4.8070565E-05         1.0000000E+30            333111       
 NEXT SEEDS: E6878D5      13       0       0       0       0    5B98     3B7       0       0
  110000000             390000000             390000000             4.8042967E-05         1.0000000E+30            366319       
 NEXT SEEDS: 9DA6D12      15       0       0       0       0    5B98     3B7       0       0
  120000000             380000000             380000000             4.8088431E-05         1.0000000E+30            399657       
 NEXT SEEDS: 55BD699      17       0       0       0       0    5B98     3B7       0       0
  130000000             370000000             370000000             4.8051933E-05         1.0000000E+30            433068       
 NEXT SEEDS:  D11502      19       0       0       0       0    5B98     3B7       0       0
  140000000             360000000             360000000             4.8051227E-05         1.0000000E+30            465956       
 NEXT SEEDS:37DC722D      1A       0       0       0       0    5B98     3B7       0       0
  150000000             350000000             350000000             4.8050058E-05         1.0000000E+30            499503       
 NEXT SEEDS:3360C57C      1C       0       0       0       0    5B98     3B7       0       0
  160000000             340000000             340000000             4.8011440E-05         1.0000000E+30            532415       
 NEXT SEEDS:2EDB9FA9      1E       0       0       0       0    5B98     3B7       0       0
  170000000             330000000             330000000             4.8014550E-05         1.0000000E+30            565837       
 NEXT SEEDS:2A52EFBD      20       0       0       0       0    5B98     3B7       0       0
  180000000             320000000             320000000             4.7997691E-05         1.0000000E+30            599319       
 NEXT SEEDS:25CED3E6      22       0       0       0       0    5B98     3B7       0       0
  190000000             310000000             310000000             4.7997745E-05         1.0000000E+30            632714       
 NEXT SEEDS:214B6A9F      24       0       0       0       0    5B98     3B7       0       0
  200000000             300000000             300000000             4.7988112E-05         1.0000000E+30            665703       
 NEXT SEEDS:1CB8DFC2      26       0       0       0       0    5B98     3B7       0       0
  210000000             290000000             290000000             4.7984511E-05         1.0000000E+30            699029       
 NEXT SEEDS:1833D4E9      28       0       0       0       0    5B98     3B7       0       0
  220000000             280000000             280000000             4.7989504E-05         1.0000000E+30            732193       
 NEXT SEEDS:13B2C66D      2A       0       0       0       0    5B98     3B7       0       0
  230000000             270000000             270000000             4.7981460E-05         1.0000000E+30            765108       
 NEXT SEEDS: F2AE1E0      2C       0       0       0       0    5B98     3B7       0       0
  240000000             260000000             260000000             4.7969533E-05         1.0000000E+30            798506       
 NEXT SEEDS: AA9DE8F      2E       0       0       0       0    5B98     3B7       0       0
  250000000             250000000             250000000             4.7956458E-05         1.0000000E+30            832022       
 NEXT SEEDS: 6296092      30       0       0       0       0    5B98     3B7       0       0
  260000000             240000000             240000000             4.7962576E-05         1.0000000E+30            865253       
 NEXT SEEDS: 19A26A5      32       0       0       0       0    5B98     3B7       0       0
  270000000             230000000             230000000             4.7953502E-05         1.0000000E+30            898415       
 NEXT SEEDS:38B1EC73      33       0       0       0       0    5B98     3B7       0       0
  280000000             220000000             220000000             4.7955864E-05         1.0000000E+30            931621       
 NEXT SEEDS:3425DD9B      35       0       0       0       0    5B98     3B7       0       0
  290000000             210000000             210000000             4.7963548E-05         1.0000000E+30            964919       
 NEXT SEEDS:2FA3F7A6      37       0       0       0       0    5B98     3B7       0       0
  300000000             200000000             200000000             4.7970896E-05         1.0000000E+30            998184       
 NEXT SEEDS:2B238E4D      39       0       0       0       0    5B98     3B7       0       0
  310000000             190000000             190000000             4.7956109E-05         1.0000000E+30           1031369       
 NEXT SEEDS:269DA61B      3B       0       0       0       0    5B98     3B7       0       0
  320000000             180000000             180000000             4.8142488E-05         1.0000000E+30           1064668       
 NEXT SEEDS:221804C0      3D       0       0       0       0    5B98     3B7       0       0
  330000000             170000000             170000000             4.8188714E-05         1.0000000E+30           1098088       
 NEXT SEEDS:1D94B42C      3F       0       0       0       0    5B98     3B7       0       0
  340000000             160000000             160000000             4.8201451E-05         1.0000000E+30           1131034       
 NEXT SEEDS:190323F3      41       0       0       0       0    5B98     3B7       0       0
  350000000             150000000             150000000             4.8191483E-05         1.0000000E+30           1164535       
 NEXT SEEDS:1481419C      43       0       0       0       0    5B98     3B7       0       0
  360000000             140000000             140000000             4.8176572E-05         1.0000000E+30           1198279       
 NEXT SEEDS:10073B8C      45       0       0       0       0    5B98     3B7       0       0
  370000000             130000000             130000000             4.8167360E-05         1.0000000E+30           1231563       
 NEXT SEEDS: B85BAB0      47       0       0       0       0    5B98     3B7       0       0
  380000000             120000000             120000000             4.8169432E-05         1.0000000E+30           1264733       
 NEXT SEEDS: 6FDCAE7      49       0       0       0       0    5B98     3B7       0       0
  390000000             110000000             110000000             4.8161256E-05         1.0000000E+30           1298208       
 NEXT SEEDS: 27EA411      4B       0       0       0       0    5B98     3B7       0       0
  400000000             100000000             100000000             4.8150160E-05         1.0000000E+30           1331469       
 NEXT SEEDS:398E2853      4C       0       0       0       0    5B98     3B7       0       0
  410000000              90000000              90000000             4.8142815E-05         1.0000000E+30           1364615       
 NEXT SEEDS:350B1C42      4E       0       0       0       0    5B98     3B7       0       0
  420000000              80000000              80000000             4.8136406E-05         1.0000000E+30           1397648       
 NEXT SEEDS:3087666F      50       0       0       0       0    5B98     3B7       0       0
  430000000              70000000              70000000             4.8130772E-05         1.0000000E+30           1430893       
 NEXT SEEDS:2BFD385C      52       0       0       0       0    5B98     3B7       0       0
  440000000              60000000              60000000             4.8127231E-05         1.0000000E+30           1464075       
 NEXT SEEDS:27763BE1      54       0       0       0       0    5B98     3B7       0       0
  450000000              50000000              50000000             4.8133002E-05         1.0000000E+30           1497742       
 NEXT SEEDS:22FB3B83      56       0       0       0       0    5B98     3B7       0       0
  460000000              40000000              40000000             4.8147515E-05         1.0000000E+30           1531157       
 NEXT SEEDS:1E7D9A3D      58       0       0       0       0    5B98     3B7       0       0
  *** Rcfset:kprin,bfcmax,epat00,ppat00,ravpot           1  -1.8286043363443971E-002  0.94304610487913032        9.4768286968602941E-002   12.440777676959296     
  470000000              30000000              30000000             4.8171163E-05         1.0000000E+30           1564033       
 NEXT SEEDS:19EE3974      5A       0       0       0       0    5B98     3B7       0       0
  480000000              20000000              20000000             4.8178132E-05         1.0000000E+30           1597003       
 NEXT SEEDS:15622890      5C       0       0       0       0    5B98     3B7       0       0
  490000000              10000000              10000000             4.8194227E-05         1.0000000E+30           1630538       
 NEXT SEEDS:10E85722      5E       0       0       0       0    5B98     3B7       0       0
  499999950                    50                    50             4.8207410E-05         1.0000000E+30           1663557       
 NEXT SEEDS: C569C36      60       0       0       0       0    5B98     3B7       0       0
  499999951                    49                    49             4.8207410E-05         1.0000000E+30           1663557       
 NEXT SEEDS: C569D23      60       0       0       0       0    5B98     3B7       0       0
  499999952                    48                    48             4.8207414E-05         1.0000000E+30           1663557       
 NEXT SEEDS: C569DE7      60       0       0       0       0    5B98     3B7       0       0
  499999953                    47                    47             4.8207413E-05         1.0000000E+30           1663557       
 NEXT SEEDS: C569EB6      60       0       0       0       0    5B98     3B7       0       0
  499999954                    46                    46             4.8207413E-05         1.0000000E+30           1663557       
 NEXT SEEDS: C569F93      60       0       0       0       0    5B98     3B7       0       0
  499999955                    45                    45             4.8207413E-05         1.0000000E+30           1663557       
 NEXT SEEDS: C56A071      60       0       0       0       0    5B98     3B7       0       0
  499999956                    44                    44             4.8207413E-05         1.0000000E+30           1663557       
 NEXT SEEDS: C56A14B      60       0       0       0       0    5B98     3B7       0       0
  499999957                    43                    43             4.8207413E-05         1.0000000E+30           1663557       
 NEXT SEEDS: C56A20F      60       0       0       0       0    5B98     3B7       0       0
  499999958                    42                    42             4.8207413E-05         1.0000000E+30           1663557       
 NEXT SEEDS: C56A2CF      60       0       0       0       0    5B98     3B7       0       0
  499999959                    41                    41             4.8207417E-05         1.0000000E+30           1663557       
 NEXT SEEDS: C56A2D8      60       0       0       0       0    5B98     3B7       0       0
  499999960                    40                    40             4.8207417E-05         1.0000000E+30           1663557       
 NEXT SEEDS: C56A3B1      60       0       0       0       0    5B98     3B7       0       0
  499999961                    39                    39             4.8207417E-05         1.0000000E+30           1663557       
 NEXT SEEDS: C56A484      60       0       0       0       0    5B98     3B7       0       0
  499999962                    38                    38             4.8207416E-05         1.0000000E+30           1663557       
 NEXT SEEDS: C56A56E      60       0       0       0       0    5B98     3B7       0       0
  499999963                    37                    37             4.8207416E-05         1.0000000E+30           1663557       
 NEXT SEEDS: C56A653      60       0       0       0       0    5B98     3B7       0       0
  499999964                    36                    36             4.8207416E-05         1.0000000E+30           1663557       
 NEXT SEEDS: C56A725      60       0       0       0       0    5B98     3B7       0       0
  499999965                    35                    35             4.8207416E-05         1.0000000E+30           1663557       
 NEXT SEEDS: C56A72C      60       0       0       0       0    5B98     3B7       0       0
  499999966                    34                    34             4.8207416E-05         1.0000000E+30           1663557       
 NEXT SEEDS: C56A7F2      60       0       0       0       0    5B98     3B7       0       0
  499999967                    33                    33             4.8207416E-05         1.0000000E+30           1663557       
 NEXT SEEDS: C56A8C6      60       0       0       0       0    5B98     3B7       0       0
  499999968                    32                    32             4.8207416E-05         1.0000000E+30           1663557       
 NEXT SEEDS: C56A990      60       0       0       0       0    5B98     3B7       0       0
  499999969                    31                    31             4.8207416E-05         1.0000000E+30           1663557       
 NEXT SEEDS: C56A997      60       0       0       0       0    5B98     3B7       0       0
  499999970                    30                    30             4.8207416E-05         1.0000000E+30           1663557       
 NEXT SEEDS: C56AA5F      60       0       0       0       0    5B98     3B7       0       0
  499999971                    29                    29             4.8207416E-05         1.0000000E+30           1663557       
 NEXT SEEDS: C56AB27      60       0       0       0       0    5B98     3B7       0       0
  499999972                    28                    28             4.8207415E-05         1.0000000E+30           1663557       
 NEXT SEEDS: C56ABF6      60       0       0       0       0    5B98     3B7       0       0
  499999973                    27                    27             4.8207415E-05         1.0000000E+30           1663557       
 NEXT SEEDS: C56ACD8      60       0       0       0       0    5B98     3B7       0       0
  499999974                    26                    26             4.8207415E-05         1.0000000E+30           1663557       
 NEXT SEEDS: C56ADAF      60       0       0       0       0    5B98     3B7       0       0
  499999975                    25                    25             4.8207415E-05         1.0000000E+30           1663557       
 NEXT SEEDS: C56AE6B      60       0       0       0       0    5B98     3B7       0       0
  499999976                    24                    24             4.8207415E-05         1.0000000E+30           1663557       
 NEXT SEEDS: C56AF35      60       0       0       0       0    5B98     3B7       0       0
  499999977                    23                    23             4.8207415E-05         1.0000000E+30           1663557       
 NEXT SEEDS: C56AFF6      60       0       0       0       0    5B98     3B7       0       0
  499999978                    22                    22             4.8207419E-05         1.0000000E+30           1663557       
 NEXT SEEDS: C56B0B8      60       0       0       0       0    5B98     3B7       0       0
  499999979                    21                    21             4.8207419E-05         1.0000000E+30           1663557       
 NEXT SEEDS: C56B0BF      60       0       0       0       0    5B98     3B7       0       0
  499999980                    20                    20             4.8207419E-05         1.0000000E+30           1663557       
 NEXT SEEDS: C56B19F      60       0       0       0       0    5B98     3B7       0       0
  499999981                    19                    19             4.8207419E-05         1.0000000E+30           1663557       
 NEXT SEEDS: C56B1A6      60       0       0       0       0    5B98     3B7       0       0
  499999982                    18                    18             4.8207418E-05         1.0000000E+30           1663557       
 NEXT SEEDS: C56B1AD      60       0       0       0       0    5B98     3B7       0       0
  499999983                    17                    17             4.8207418E-05         1.0000000E+30           1663557       
 NEXT SEEDS: C56B287      60       0       0       0       0    5B98     3B7       0       0
  499999984                    16                    16             4.8207418E-05         1.0000000E+30           1663557       
 NEXT SEEDS: C56B356      60       0       0       0       0    5B98     3B7       0       0
  499999985                    15                    15             4.8207418E-05         1.0000000E+30           1663557       
 NEXT SEEDS: C56B439      60       0       0       0       0    5B98     3B7       0       0
  499999986                    14                    14             4.8207422E-05         1.0000000E+30           1663557       
 NEXT SEEDS: C56B514      60       0       0       0       0    5B98     3B7       0       0
  499999987                    13                    13             4.8207422E-05         1.0000000E+30           1663557       
 NEXT SEEDS: C56B5EC      60       0       0       0       0    5B98     3B7       0       0
  499999988                    12                    12             4.8207422E-05         1.0000000E+30           1663557       
 NEXT SEEDS: C56B6B3      60       0       0       0       0    5B98     3B7       0       0
  499999989                    11                    11             4.8207422E-05         1.0000000E+30           1663557       
 NEXT SEEDS: C56B78A      60       0       0       0       0    5B98     3B7       0       0
  499999990                    10                    10             4.8207422E-05         1.0000000E+30           1663557       
 NEXT SEEDS: C56B87C      60       0       0       0       0    5B98     3B7       0       0
  499999991                     9                     9             4.8207421E-05         1.0000000E+30           1663557       
 NEXT SEEDS: C56B94A      60       0       0       0       0    5B98     3B7       0       0
  499999992                     8                     8             4.8207425E-05         1.0000000E+30           1663557       
 NEXT SEEDS: C56BA31      60       0       0       0       0    5B98     3B7       0       0
  499999993                     7                     7             4.8207425E-05         1.0000000E+30           1663557       
 NEXT SEEDS: C56BAFC      60       0       0       0       0    5B98     3B7       0       0
  499999994                     6                     6             4.8207425E-05         1.0000000E+30           1663557       
 NEXT SEEDS: C56BBC4      60       0       0       0       0    5B98     3B7       0       0
  499999995                     5                     5             4.8207425E-05         1.0000000E+30           1663557       
 NEXT SEEDS: C56BD0A      60       0       0       0       0    5B98     3B7       0       0
  499999996                     4                     4             4.8207425E-05         1.0000000E+30           1663557       
 NEXT SEEDS: C56BDB8      60       0       0       0       0    5B98     3B7       0       0
  499999997                     3                     3             4.8207425E-05         1.0000000E+30           1663557       
 NEXT SEEDS: C56BE83      60       0       0       0       0    5B98     3B7       0       0
  499999998                     2                     2             4.8207425E-05         1.0000000E+30           1663557       
 NEXT SEEDS: C56BF5A      60       0       0       0       0    5B98     3B7       0       0
  499999999                     1                     1             4.8207429E-05         1.0000000E+30           1663557       
 NEXT SEEDS: C56C03F      60       0       0       0       0    5B98     3B7       0       0
  500000000                     0                     1             4.8207428E-05         1.0000000E+30           1663557       
 NEXT SEEDS: C56C046      60       0       0       0       0    5B98     3B7       0       0
