1NUMBER OF BEAM       NUMBER OF BEAM        APPROXIMATE NUMBER    AVERAGE TIME USED     TIME LEFT (RESERVED   NUMBER OF STARS
 PARTICLES HANDLED    PARTICLES LEFT        OF BEAM PARTICLES     BY A BEAM PARTICLE     10000.0 SECONDS      CREATED
                                            THAT CAN STILL BE                           FOR PRINTOUT)
                                            HANDLED

 NEXT SEEDS:250C0BA2     120       0       0       0       0    5B95     3B7       0       0
          1             499999999             499999999             1.7786026E-04         1.0000000E+30                 0       
 NEXT SEEDS:250C0C82     120       0       0       0       0    5B95     3B7       0       0
   10000000             490000000             490000000             4.8490412E-05         1.0000000E+30             33383       
 NEXT SEEDS:2087237B     122       0       0       0       0    5B95     3B7       0       0
   20000000             480000000             480000000             4.8120749E-05         1.0000000E+30             66494       
 NEXT SEEDS:1C00BCC8     124       0       0       0       0    5B95     3B7       0       0
   30000000             470000000             470000000             4.7958679E-05         1.0000000E+30             99539       
 NEXT SEEDS:177891AA     126       0       0       0       0    5B95     3B7       0       0
   40000000             460000000             460000000             4.7701294E-05         1.0000000E+30            132666       
 NEXT SEEDS:12F8DA54     128       0       0       0       0    5B95     3B7       0       0
   50000000             450000000             450000000             4.7487048E-05         1.0000000E+30            165685       
 NEXT SEEDS: E7030BA     12A       0       0       0       0    5B95     3B7       0       0
   60000000             440000000             440000000             4.7410464E-05         1.0000000E+30            198883       
 NEXT SEEDS: 9ED61B6     12C       0       0       0       0    5B95     3B7       0       0
   70000000             430000000             430000000             4.7384471E-05         1.0000000E+30            232158       
 NEXT SEEDS: 56E87C2     12E       0       0       0       0    5B95     3B7       0       0
   80000000             420000000             420000000             4.7408553E-05         1.0000000E+30            265337       
 NEXT SEEDS:  EBEA23     130       0       0       0       0    5B95     3B7       0       0
   90000000             410000000             410000000             4.7455107E-05         1.0000000E+30            298799       
 NEXT SEEDS:380302D5     131       0       0       0       0    5B95     3B7       0       0
  100000000             400000000             400000000             4.7448375E-05         1.0000000E+30            332021       
 NEXT SEEDS:337F139A     133       0       0       0       0    5B95     3B7       0       0
  110000000             390000000             390000000             4.7471330E-05         1.0000000E+30            364957       
 NEXT SEEDS:2EEE04D2     135       0       0       0       0    5B95     3B7       0       0
  120000000             380000000             380000000             4.7470265E-05         1.0000000E+30            398208       
 NEXT SEEDS:2A6B9B14     137       0       0       0       0    5B95     3B7       0       0
  130000000             370000000             370000000             4.7470768E-05         1.0000000E+30            431745       
 NEXT SEEDS:25EB9EB0     139       0       0       0       0    5B95     3B7       0       0
  140000000             360000000             360000000             4.7506760E-05         1.0000000E+30            464972       
 NEXT SEEDS:2162C5CF     13B       0       0       0       0    5B95     3B7       0       0
  *** Rcfset:kprin,bfcmax,epat00,ppat00,ravpot           1  -9.2737960949502707E-003  0.94308884160138995        9.5192622825067186E-002   12.440777676959296     
  150000000             350000000             350000000             4.7482231E-05         1.0000000E+30            498260       
 NEXT SEEDS:1CDCF766     13D       0       0       0       0    5B95     3B7       0       0
  160000000             340000000             340000000             4.7442567E-05         1.0000000E+30            531366       
 NEXT SEEDS:185A7CD0     13F       0       0       0       0    5B95     3B7       0       0
  170000000             330000000             330000000             4.7399579E-05         1.0000000E+30            564628       
 NEXT SEEDS:13D8A353     141       0       0       0       0    5B95     3B7       0       0
  180000000             320000000             320000000             4.7356682E-05         1.0000000E+30            598003       
 NEXT SEEDS: F58AFCD     143       0       0       0       0    5B95     3B7       0       0
  190000000             310000000             310000000             4.7327270E-05         1.0000000E+30            631143       
 NEXT SEEDS: ACEC757     145       0       0       0       0    5B95     3B7       0       0
  200000000             300000000             300000000             4.7306082E-05         1.0000000E+30            664233       
 NEXT SEEDS: 6490045     147       0       0       0       0    5B95     3B7       0       0
  210000000             290000000             290000000             4.7306527E-05         1.0000000E+30            697785       
 NEXT SEEDS: 1C7A28E     149       0       0       0       0    5B95     3B7       0       0
  220000000             280000000             280000000             4.7333082E-05         1.0000000E+30            731391       
 NEXT SEEDS:38E3B2CA     14A       0       0       0       0    5B95     3B7       0       0
  230000000             270000000             270000000             4.7329771E-05         1.0000000E+30            764501       
 NEXT SEEDS:345429E3     14C       0       0       0       0    5B95     3B7       0       0
  240000000             260000000             260000000             4.7302668E-05         1.0000000E+30            797604       
 NEXT SEEDS:2FCC7FD5     14E       0       0       0       0    5B95     3B7       0       0
  250000000             250000000             250000000             4.7280045E-05         1.0000000E+30            830908       
 NEXT SEEDS:2B43B85E     150       0       0       0       0    5B95     3B7       0       0
  260000000             240000000             240000000             4.7251524E-05         1.0000000E+30            864040       
 NEXT SEEDS:26B8073D     152       0       0       0       0    5B95     3B7       0       0
  270000000             230000000             230000000             4.7230413E-05         1.0000000E+30            897377       
 NEXT SEEDS:223114EF     154       0       0       0       0    5B95     3B7       0       0
  280000000             220000000             220000000             4.7207808E-05         1.0000000E+30            930738       
 NEXT SEEDS:1DB11DD3     156       0       0       0       0    5B95     3B7       0       0
  290000000             210000000             210000000             4.7211034E-05         1.0000000E+30            964045       
 NEXT SEEDS:192BDEC2     158       0       0       0       0    5B95     3B7       0       0
  300000000             200000000             200000000             4.7217662E-05         1.0000000E+30            997333       
 NEXT SEEDS:14AD1225     15A       0       0       0       0    5B95     3B7       0       0
  310000000             190000000             190000000             4.7234660E-05         1.0000000E+30           1030628       
 NEXT SEEDS:102971BC     15C       0       0       0       0    5B95     3B7       0       0
  320000000             180000000             180000000             4.7246373E-05         1.0000000E+30           1063410       
 NEXT SEEDS: B98D8E6     15E       0       0       0       0    5B95     3B7       0       0
  330000000             170000000             170000000             4.7251123E-05         1.0000000E+30           1096338       
 NEXT SEEDS: 70FE427     160       0       0       0       0    5B95     3B7       0       0
  340000000             160000000             160000000             4.7261609E-05         1.0000000E+30           1129581       
 NEXT SEEDS: 28C3615     162       0       0       0       0    5B95     3B7       0       0
  350000000             150000000             150000000             4.7265568E-05         1.0000000E+30           1163121       
 NEXT SEEDS:39A15B59     163       0       0       0       0    5B95     3B7       0       0
  360000000             140000000             140000000             4.7272156E-05         1.0000000E+30           1196507       
 NEXT SEEDS:351D7DC9     165       0       0       0       0    5B95     3B7       0       0
  370000000             130000000             130000000             4.7291041E-05         1.0000000E+30           1229983       
 NEXT SEEDS:30961FA5     167       0       0       0       0    5B95     3B7       0       0
  380000000             120000000             120000000             4.7301973E-05         1.0000000E+30           1263042       
 NEXT SEEDS:2C1037E2     169       0       0       0       0    5B95     3B7       0       0
  390000000             110000000             110000000             4.7302593E-05         1.0000000E+30           1296377       
 NEXT SEEDS:2787F6DC     16B       0       0       0       0    5B95     3B7       0       0
  400000000             100000000             100000000             4.7308578E-05         1.0000000E+30           1329754       
 NEXT SEEDS:230D9F10     16D       0       0       0       0    5B95     3B7       0       0
  410000000              90000000              90000000             4.7312523E-05         1.0000000E+30           1362997       
 NEXT SEEDS:1E889110     16F       0       0       0       0    5B95     3B7       0       0
  420000000              80000000              80000000             4.7313285E-05         1.0000000E+30           1396319       
 NEXT SEEDS:1A092FE8     171       0       0       0       0    5B95     3B7       0       0
  430000000              70000000              70000000             4.7315093E-05         1.0000000E+30           1429468       
 NEXT SEEDS:1586A56D     173       0       0       0       0    5B95     3B7       0       0
  440000000              60000000              60000000             4.7337961E-05         1.0000000E+30           1463183       
 NEXT SEEDS:110A687D     175       0       0       0       0    5B95     3B7       0       0
  450000000              50000000              50000000             4.7346596E-05         1.0000000E+30           1496386       
 NEXT SEEDS: C837AAE     177       0       0       0       0    5B95     3B7       0       0
  460000000              40000000              40000000             4.7351205E-05         1.0000000E+30           1529746       
 NEXT SEEDS: 80036B7     179       0       0       0       0    5B95     3B7       0       0
  470000000              30000000              30000000             4.7360517E-05         1.0000000E+30           1563228       
 NEXT SEEDS: 37F654F     17B       0       0       0       0    5B95     3B7       0       0
  480000000              20000000              20000000             4.7376415E-05         1.0000000E+30           1596376       
 NEXT SEEDS:3A902344     17C       0       0       0       0    5B95     3B7       0       0
  490000000              10000000              10000000             4.7382437E-05         1.0000000E+30           1629804       
 NEXT SEEDS:3610362A     17E       0       0       0       0    5B95     3B7       0       0
  499999950                    50                    50             4.7379324E-05         1.0000000E+30           1662916       
 NEXT SEEDS:31850758     180       0       0       0       0    5B95     3B7       0       0
  499999951                    49                    49             4.7379324E-05         1.0000000E+30           1662916       
 NEXT SEEDS:3185083A     180       0       0       0       0    5B95     3B7       0       0
  499999952                    48                    48             4.7379328E-05         1.0000000E+30           1662916       
 NEXT SEEDS:31850928     180       0       0       0       0    5B95     3B7       0       0
  499999953                    47                    47             4.7379328E-05         1.0000000E+30           1662916       
 NEXT SEEDS:318509FA     180       0       0       0       0    5B95     3B7       0       0
  499999954                    46                    46             4.7379328E-05         1.0000000E+30           1662916       
 NEXT SEEDS:31850AC2     180       0       0       0       0    5B95     3B7       0       0
  499999955                    45                    45             4.7379328E-05         1.0000000E+30           1662916       
 NEXT SEEDS:31850B9E     180       0       0       0       0    5B95     3B7       0       0
  499999956                    44                    44             4.7379328E-05         1.0000000E+30           1662916       
 NEXT SEEDS:31850C7A     180       0       0       0       0    5B95     3B7       0       0
  499999957                    43                    43             4.7379328E-05         1.0000000E+30           1662916       
 NEXT SEEDS:31850D5A     180       0       0       0       0    5B95     3B7       0       0
  499999958                    42                    42             4.7379327E-05         1.0000000E+30           1662916       
 NEXT SEEDS:31850E12     180       0       0       0       0    5B95     3B7       0       0
  499999959                    41                    41             4.7379327E-05         1.0000000E+30           1662916       
 NEXT SEEDS:31850EDC     180       0       0       0       0    5B95     3B7       0       0
  499999960                    40                    40             4.7379327E-05         1.0000000E+30           1662916       
 NEXT SEEDS:31850FC3     180       0       0       0       0    5B95     3B7       0       0
  499999961                    39                    39             4.7379327E-05         1.0000000E+30           1662916       
 NEXT SEEDS:31850FCA     180       0       0       0       0    5B95     3B7       0       0
  499999962                    38                    38             4.7379327E-05         1.0000000E+30           1662916       
 NEXT SEEDS:318510A7     180       0       0       0       0    5B95     3B7       0       0
  499999963                    37                    37             4.7379327E-05         1.0000000E+30           1662916       
 NEXT SEEDS:31851173     180       0       0       0       0    5B95     3B7       0       0
  499999964                    36                    36             4.7379327E-05         1.0000000E+30           1662916       
 NEXT SEEDS:31851239     180       0       0       0       0    5B95     3B7       0       0
  499999965                    35                    35             4.7379327E-05         1.0000000E+30           1662916       
 NEXT SEEDS:31851240     180       0       0       0       0    5B95     3B7       0       0
  499999966                    34                    34             4.7379327E-05         1.0000000E+30           1662916       
 NEXT SEEDS:31851249     180       0       0       0       0    5B95     3B7       0       0
  499999967                    33                    33             4.7379327E-05         1.0000000E+30           1662916       
 NEXT SEEDS:3185130F     180       0       0       0       0    5B95     3B7       0       0
  499999968                    32                    32             4.7379327E-05         1.0000000E+30           1662916       
 NEXT SEEDS:318513DD     180       0       0       0       0    5B95     3B7       0       0
  499999969                    31                    31             4.7379326E-05         1.0000000E+30           1662916       
 NEXT SEEDS:318514B4     180       0       0       0       0    5B95     3B7       0       0
  499999970                    30                    30             4.7379326E-05         1.0000000E+30           1662916       
 NEXT SEEDS:3185157A     180       0       0       0       0    5B95     3B7       0       0
  499999971                    29                    29             4.7379326E-05         1.0000000E+30           1662916       
 NEXT SEEDS:3185164C     180       0       0       0       0    5B95     3B7       0       0
  499999972                    28                    28             4.7379326E-05         1.0000000E+30           1662916       
 NEXT SEEDS:31851727     180       0       0       0       0    5B95     3B7       0       0
  499999973                    27                    27             4.7379326E-05         1.0000000E+30           1662916       
 NEXT SEEDS:318517F1     180       0       0       0       0    5B95     3B7       0       0
  499999974                    26                    26             4.7379326E-05         1.0000000E+30           1662916       
 NEXT SEEDS:318518C7     180       0       0       0       0    5B95     3B7       0       0
  499999975                    25                    25             4.7379326E-05         1.0000000E+30           1662916       
 NEXT SEEDS:318519B8     180       0       0       0       0    5B95     3B7       0       0
  499999976                    24                    24             4.7379326E-05         1.0000000E+30           1662916       
 NEXT SEEDS:31851A95     180       0       0       0       0    5B95     3B7       0       0
  499999977                    23                    23             4.7379326E-05         1.0000000E+30           1662916       
 NEXT SEEDS:31851AA0     180       0       0       0       0    5B95     3B7       0       0
  499999978                    22                    22             4.7379326E-05         1.0000000E+30           1662916       
 NEXT SEEDS:31851B8E     180       0       0       0       0    5B95     3B7       0       0
  499999979                    21                    21             4.7379325E-05         1.0000000E+30           1662916       
 NEXT SEEDS:31851C5E     180       0       0       0       0    5B95     3B7       0       0
  499999980                    20                    20             4.7379325E-05         1.0000000E+30           1662916       
 NEXT SEEDS:31851D33     180       0       0       0       0    5B95     3B7       0       0
  499999981                    19                    19             4.7379325E-05         1.0000000E+30           1662916       
 NEXT SEEDS:31851E0B     180       0       0       0       0    5B95     3B7       0       0
  499999982                    18                    18             4.7379329E-05         1.0000000E+30           1662916       
 NEXT SEEDS:31851ED7     180       0       0       0       0    5B95     3B7       0       0
  499999983                    17                    17             4.7379329E-05         1.0000000E+30           1662916       
 NEXT SEEDS:31851FAA     180       0       0       0       0    5B95     3B7       0       0
  499999984                    16                    16             4.7379329E-05         1.0000000E+30           1662916       
 NEXT SEEDS:31852072     180       0       0       0       0    5B95     3B7       0       0
  499999985                    15                    15             4.7379329E-05         1.0000000E+30           1662916       
 NEXT SEEDS:3185214F     180       0       0       0       0    5B95     3B7       0       0
  499999986                    14                    14             4.7379329E-05         1.0000000E+30           1662916       
 NEXT SEEDS:318521FA     180       0       0       0       0    5B95     3B7       0       0
  499999987                    13                    13             4.7379329E-05         1.0000000E+30           1662916       
 NEXT SEEDS:318522C8     180       0       0       0       0    5B95     3B7       0       0
  499999988                    12                    12             4.7379329E-05         1.0000000E+30           1662916       
 NEXT SEEDS:3185239E     180       0       0       0       0    5B95     3B7       0       0
  499999989                    11                    11             4.7379328E-05         1.0000000E+30           1662916       
 NEXT SEEDS:318523A5     180       0       0       0       0    5B95     3B7       0       0
  499999990                    10                    10             4.7379328E-05         1.0000000E+30           1662916       
 NEXT SEEDS:31852479     180       0       0       0       0    5B95     3B7       0       0
  499999991                     9                     9             4.7379328E-05         1.0000000E+30           1662916       
 NEXT SEEDS:31852480     180       0       0       0       0    5B95     3B7       0       0
  499999992                     8                     8             4.7379328E-05         1.0000000E+30           1662916       
 NEXT SEEDS:31852487     180       0       0       0       0    5B95     3B7       0       0
  499999993                     7                     7             4.7379332E-05         1.0000000E+30           1662916       
 NEXT SEEDS:31852581     180       0       0       0       0    5B95     3B7       0       0
  499999994                     6                     6             4.7379332E-05         1.0000000E+30           1662916       
 NEXT SEEDS:31852669     180       0       0       0       0    5B95     3B7       0       0
  499999995                     5                     5             4.7379332E-05         1.0000000E+30           1662916       
 NEXT SEEDS:31852729     180       0       0       0       0    5B95     3B7       0       0
  499999996                     4                     4             4.7379332E-05         1.0000000E+30           1662916       
 NEXT SEEDS:31852805     180       0       0       0       0    5B95     3B7       0       0
  499999997                     3                     3             4.7379332E-05         1.0000000E+30           1662916       
 NEXT SEEDS:318528E3     180       0       0       0       0    5B95     3B7       0       0
  499999998                     2                     2             4.7379331E-05         1.0000000E+30           1662916       
 NEXT SEEDS:318529C5     180       0       0       0       0    5B95     3B7       0       0
  499999999                     1                     1             4.7379331E-05         1.0000000E+30           1662916       
 NEXT SEEDS:31852A97     180       0       0       0       0    5B95     3B7       0       0
  500000000                     0                     1             4.7379331E-05         1.0000000E+30           1662916       
 NEXT SEEDS:31852B6A     180       0       0       0       0    5B95     3B7       0       0
