1NUMBER OF BEAM       NUMBER OF BEAM        APPROXIMATE NUMBER    AVERAGE TIME USED     TIME LEFT (RESERVED   NUMBER OF STARS
 PARTICLES HANDLED    PARTICLES LEFT        OF BEAM PARTICLES     BY A BEAM PARTICLE     10000.0 SECONDS      CREATED
                                            THAT CAN STILL BE                           FOR PRINTOUT)
                                            HANDLED

 NEXT SEEDS:18DC9EC5      C0       0       0       0       0    5B98     3B7       0       0
          1             499999999             499999999             1.4162064E-04         1.0000000E+30                 0       
 NEXT SEEDS:18DC9FB5      C0       0       0       0       0    5B98     3B7       0       0
   10000000             490000000             490000000             4.7885341E-05         1.0000000E+30             33313       
 NEXT SEEDS:1452C510      C2       0       0       0       0    5B98     3B7       0       0
   20000000             480000000             480000000             4.9251649E-05         1.0000000E+30             66648       
 NEXT SEEDS: FD0959D      C4       0       0       0       0    5B98     3B7       0       0
   30000000             470000000             470000000             4.9947441E-05         1.0000000E+30            100051       
 NEXT SEEDS: B464569      C6       0       0       0       0    5B98     3B7       0       0
   40000000             460000000             460000000             5.0187830E-05         1.0000000E+30            133618       
 NEXT SEEDS: 6CB4FF6      C8       0       0       0       0    5B98     3B7       0       0
   50000000             450000000             450000000             4.9861748E-05         1.0000000E+30            167105       
 NEXT SEEDS: 2500D63      CA       0       0       0       0    5B98     3B7       0       0
   60000000             440000000             440000000             4.9530428E-05         1.0000000E+30            200145       
 NEXT SEEDS:3964A49D      CB       0       0       0       0    5B98     3B7       0       0
   70000000             430000000             430000000             4.9405445E-05         1.0000000E+30            233523       
 NEXT SEEDS:34DE0A2F      CD       0       0       0       0    5B98     3B7       0       0
   80000000             420000000             420000000             4.9225971E-05         1.0000000E+30            266511       
 NEXT SEEDS:305645EA      CF       0       0       0       0    5B98     3B7       0       0
   90000000             410000000             410000000             4.9201839E-05         1.0000000E+30            299681       
 NEXT SEEDS:2BCE272F      D1       0       0       0       0    5B98     3B7       0       0
  100000000             400000000             400000000             4.9119136E-05         1.0000000E+30            332935       
 NEXT SEEDS:274F7925      D3       0       0       0       0    5B98     3B7       0       0
  110000000             390000000             390000000             4.9022221E-05         1.0000000E+30            366523       
 NEXT SEEDS:22D24B4F      D5       0       0       0       0    5B98     3B7       0       0
  120000000             380000000             380000000             4.8933919E-05         1.0000000E+30            399744       
 NEXT SEEDS:1E4D4436      D7       0       0       0       0    5B98     3B7       0       0
  130000000             370000000             370000000             4.8916222E-05         1.0000000E+30            432685       
 NEXT SEEDS:19C3BA13      D9       0       0       0       0    5B98     3B7       0       0
  140000000             360000000             360000000             4.8950841E-05         1.0000000E+30            466245       
 NEXT SEEDS:15416C47      DB       0       0       0       0    5B98     3B7       0       0
  150000000             350000000             350000000             4.8981432E-05         1.0000000E+30            499484       
 NEXT SEEDS:10B8E36C      DD       0       0       0       0    5B98     3B7       0       0
  160000000             340000000             340000000             4.8980966E-05         1.0000000E+30            533048       
 NEXT SEEDS: C34CB51      DF       0       0       0       0    5B98     3B7       0       0
  170000000             330000000             330000000             4.8968190E-05         1.0000000E+30            566004       
 NEXT SEEDS: 7A94FB3      E1       0       0       0       0    5B98     3B7       0       0
  180000000             320000000             320000000             4.8984915E-05         1.0000000E+30            599380       
 NEXT SEEDS: 32283D1      E3       0       0       0       0    5B98     3B7       0       0
  190000000             310000000             310000000             4.8984033E-05         1.0000000E+30            632548       
 NEXT SEEDS:3A3578E3      E4       0       0       0       0    5B98     3B7       0       0
  200000000             300000000             300000000             4.8951731E-05         1.0000000E+30            665796       
 NEXT SEEDS:35A5DCEF      E6       0       0       0       0    5B98     3B7       0       0
  210000000             290000000             290000000             4.8884810E-05         1.0000000E+30            698876       
 NEXT SEEDS:311B6E37      E8       0       0       0       0    5B98     3B7       0       0
  220000000             280000000             280000000             4.8817572E-05         1.0000000E+30            732020       
 NEXT SEEDS:2C8E9303      EA       0       0       0       0    5B98     3B7       0       0
  230000000             270000000             270000000             4.8787986E-05         1.0000000E+30            765224       
 NEXT SEEDS:280919FD      EC       0       0       0       0    5B98     3B7       0       0
  240000000             260000000             260000000             4.8727521E-05         1.0000000E+30            798499       
 NEXT SEEDS:2384955E      EE       0       0       0       0    5B98     3B7       0       0
  250000000             250000000             250000000             4.8707108E-05         1.0000000E+30            831857       
 NEXT SEEDS:1F03BC08      F0       0       0       0       0    5B98     3B7       0       0
  260000000             240000000             240000000             4.8747042E-05         1.0000000E+30            865210       
 NEXT SEEDS:1A7BC7F9      F2       0       0       0       0    5B98     3B7       0       0
  270000000             230000000             230000000             4.9001268E-05         1.0000000E+30            898462       
 NEXT SEEDS:15FB142B      F4       0       0       0       0    5B98     3B7       0       0
  280000000             220000000             220000000             4.9135685E-05         1.0000000E+30            931722       
 NEXT SEEDS:1173BEC7      F6       0       0       0       0    5B98     3B7       0       0
  290000000             210000000             210000000             4.9113259E-05         1.0000000E+30            965035       
 NEXT SEEDS: CF1ADC8      F8       0       0       0       0    5B98     3B7       0       0
  300000000             200000000             200000000             4.9078957E-05         1.0000000E+30            998162       
 NEXT SEEDS: 86EC30C      FA       0       0       0       0    5B98     3B7       0       0
  310000000             190000000             190000000             4.9037747E-05         1.0000000E+30           1031475       
 NEXT SEEDS: 3EA370F      FC       0       0       0       0    5B98     3B7       0       0
  320000000             180000000             180000000             4.9000642E-05         1.0000000E+30           1064827       
 NEXT SEEDS:3B04B099      FD       0       0       0       0    5B98     3B7       0       0
  330000000             170000000             170000000             4.8974910E-05         1.0000000E+30           1098507       
 NEXT SEEDS:368B246A      FF       0       0       0       0    5B98     3B7       0       0
  340000000             160000000             160000000             4.8945374E-05         1.0000000E+30           1131284       
 NEXT SEEDS:31F6372C     101       0       0       0       0    5B98     3B7       0       0
  350000000             150000000             150000000             4.8930875E-05         1.0000000E+30           1164496       
 NEXT SEEDS:2D717BA9     103       0       0       0       0    5B98     3B7       0       0
  360000000             140000000             140000000             4.8904361E-05         1.0000000E+30           1197908       
 NEXT SEEDS:28F33124     105       0       0       0       0    5B98     3B7       0       0
  370000000             130000000             130000000             4.8898874E-05         1.0000000E+30           1230992       
 NEXT SEEDS:246A7D3E     107       0       0       0       0    5B98     3B7       0       0
  380000000             120000000             120000000             4.8890089E-05         1.0000000E+30           1264190       
 NEXT SEEDS:1FDE9CCC     109       0       0       0       0    5B98     3B7       0       0
  390000000             110000000             110000000             4.8875500E-05         1.0000000E+30           1297406       
 NEXT SEEDS:1B549ABB     10B       0       0       0       0    5B98     3B7       0       0
  400000000             100000000             100000000             4.8853705E-05         1.0000000E+30           1330578       
 NEXT SEEDS:16CF4C92     10D       0       0       0       0    5B98     3B7       0       0
  410000000              90000000              90000000             4.8834083E-05         1.0000000E+30           1363834       
 NEXT SEEDS:1245A3F3     10F       0       0       0       0    5B98     3B7       0       0
  *** Rcfset:kprin,bfcmax,epat00,ppat00,ravpot           1 -0.14450471161727907       0.94251844786349792        8.9364964333239177E-002   12.440777676959296     
  ***RCFSET:EPAT00,VCOUMX,AM(KPRIN),KPRIN  0.94251844786349792        4.4745012714437985E-003  0.93827231000000000                1
  420000000              80000000              80000000             4.8820283E-05         1.0000000E+30           1397024       
 NEXT SEEDS: DB7CF69     111       0       0       0       0    5B98     3B7       0       0
  430000000              70000000              70000000             4.8806780E-05         1.0000000E+30           1430394       
 NEXT SEEDS: 9372DE8     113       0       0       0       0    5B98     3B7       0       0
  *** Rcfset:kprin,bfcmax,epat00,ppat00,ravpot           1  -1.2111971941175748E-002  0.94307530045717447        9.5058374800192011E-002   12.440777676959296     
  440000000              60000000              60000000             4.8790145E-05         1.0000000E+30           1463877       
 NEXT SEEDS: 4B7A813     115       0       0       0       0    5B98     3B7       0       0
  450000000              50000000              50000000             4.8777759E-05         1.0000000E+30           1497255       
 NEXT SEEDS:  38AA0A     117       0       0       0       0    5B98     3B7       0       0
  460000000              40000000              40000000             4.8766337E-05         1.0000000E+30           1530561       
 NEXT SEEDS:3750B9A5     118       0       0       0       0    5B98     3B7       0       0
  470000000              30000000              30000000             4.8750194E-05         1.0000000E+30           1564020       
 NEXT SEEDS:32C81DF3     11A       0       0       0       0    5B98     3B7       0       0
  480000000              20000000              20000000             4.8735371E-05         1.0000000E+30           1597403       
 NEXT SEEDS:2E4363E4     11C       0       0       0       0    5B98     3B7       0       0
  490000000              10000000              10000000             4.8723556E-05         1.0000000E+30           1630750       
 NEXT SEEDS:29C2F4D4     11E       0       0       0       0    5B98     3B7       0       0
  499999950                    50                    50             4.8719461E-05         1.0000000E+30           1664259       
 NEXT SEEDS:25433B03     120       0       0       0       0    5B98     3B7       0       0
  499999951                    49                    49             4.8719465E-05         1.0000000E+30           1664259       
 NEXT SEEDS:25433BC7     120       0       0       0       0    5B98     3B7       0       0
  499999952                    48                    48             4.8719465E-05         1.0000000E+30           1664259       
 NEXT SEEDS:25433C98     120       0       0       0       0    5B98     3B7       0       0
  499999953                    47                    47             4.8719465E-05         1.0000000E+30           1664259       
 NEXT SEEDS:25433CA1     120       0       0       0       0    5B98     3B7       0       0
  499999954                    46                    46             4.8719464E-05         1.0000000E+30           1664259       
 NEXT SEEDS:25433CA8     120       0       0       0       0    5B98     3B7       0       0
  499999955                    45                    45             4.8719464E-05         1.0000000E+30           1664259       
 NEXT SEEDS:25433D7E     120       0       0       0       0    5B98     3B7       0       0
  499999956                    44                    44             4.8719464E-05         1.0000000E+30           1664259       
 NEXT SEEDS:25433E54     120       0       0       0       0    5B98     3B7       0       0
  499999957                    43                    43             4.8719464E-05         1.0000000E+30           1664259       
 NEXT SEEDS:25433F2B     120       0       0       0       0    5B98     3B7       0       0
  499999958                    42                    42             4.8719464E-05         1.0000000E+30           1664259       
 NEXT SEEDS:25433FF5     120       0       0       0       0    5B98     3B7       0       0
  499999959                    41                    41             4.8719464E-05         1.0000000E+30           1664259       
 NEXT SEEDS:254340DD     120       0       0       0       0    5B98     3B7       0       0
  499999960                    40                    40             4.8719468E-05         1.0000000E+30           1664259       
 NEXT SEEDS:254341A4     120       0       0       0       0    5B98     3B7       0       0
  499999961                    39                    39             4.8719468E-05         1.0000000E+30           1664259       
 NEXT SEEDS:25434278     120       0       0       0       0    5B98     3B7       0       0
  499999962                    38                    38             4.8719468E-05         1.0000000E+30           1664259       
 NEXT SEEDS:25434350     120       0       0       0       0    5B98     3B7       0       0
  499999963                    37                    37             4.8719468E-05         1.0000000E+30           1664259       
 NEXT SEEDS:25434357     120       0       0       0       0    5B98     3B7       0       0
  499999964                    36                    36             4.8719467E-05         1.0000000E+30           1664259       
 NEXT SEEDS:2543442D     120       0       0       0       0    5B98     3B7       0       0
  499999965                    35                    35             4.8719467E-05         1.0000000E+30           1664259       
 NEXT SEEDS:254344F7     120       0       0       0       0    5B98     3B7       0       0
  499999966                    34                    34             4.8719467E-05         1.0000000E+30           1664259       
 NEXT SEEDS:254345C8     120       0       0       0       0    5B98     3B7       0       0
  499999967                    33                    33             4.8719467E-05         1.0000000E+30           1664259       
 NEXT SEEDS:25434678     120       0       0       0       0    5B98     3B7       0       0
  499999968                    32                    32             4.8719467E-05         1.0000000E+30           1664259       
 NEXT SEEDS:2543474E     120       0       0       0       0    5B98     3B7       0       0
  499999969                    31                    31             4.8719467E-05         1.0000000E+30           1664259       
 NEXT SEEDS:25434837     120       0       0       0       0    5B98     3B7       0       0
  499999970                    30                    30             4.8719471E-05         1.0000000E+30           1664259       
 NEXT SEEDS:25434916     120       0       0       0       0    5B98     3B7       0       0
  499999971                    29                    29             4.8719471E-05         1.0000000E+30           1664259       
 NEXT SEEDS:2543491D     120       0       0       0       0    5B98     3B7       0       0
  499999972                    28                    28             4.8719471E-05         1.0000000E+30           1664259       
 NEXT SEEDS:25434924     120       0       0       0       0    5B98     3B7       0       0
  499999973                    27                    27             4.8719470E-05         1.0000000E+30           1664259       
 NEXT SEEDS:254349F5     120       0       0       0       0    5B98     3B7       0       0
  499999974                    26                    26             4.8719470E-05         1.0000000E+30           1664259       
 NEXT SEEDS:254349FE     120       0       0       0       0    5B98     3B7       0       0
  499999975                    25                    25             4.8719470E-05         1.0000000E+30           1664259       
 NEXT SEEDS:25434AF2     120       0       0       0       0    5B98     3B7       0       0
  499999976                    24                    24             4.8719470E-05         1.0000000E+30           1664259       
 NEXT SEEDS:25434AF9     120       0       0       0       0    5B98     3B7       0       0
  499999977                    23                    23             4.8719470E-05         1.0000000E+30           1664259       
 NEXT SEEDS:25434BC6     120       0       0       0       0    5B98     3B7       0       0
  499999978                    22                    22             4.8719470E-05         1.0000000E+30           1664259       
 NEXT SEEDS:25434C95     120       0       0       0       0    5B98     3B7       0       0
  499999979                    21                    21             4.8719470E-05         1.0000000E+30           1664259       
 NEXT SEEDS:25434D82     120       0       0       0       0    5B98     3B7       0       0
  499999980                    20                    20             4.8719474E-05         1.0000000E+30           1664259       
 NEXT SEEDS:25434E88     120       0       0       0       0    5B98     3B7       0       0
  499999981                    19                    19             4.8719474E-05         1.0000000E+30           1664259       
 NEXT SEEDS:25434F69     120       0       0       0       0    5B98     3B7       0       0
  499999982                    18                    18             4.8719473E-05         1.0000000E+30           1664259       
 NEXT SEEDS:25435045     120       0       0       0       0    5B98     3B7       0       0
  499999983                    17                    17             4.8719473E-05         1.0000000E+30           1664259       
 NEXT SEEDS:25435120     120       0       0       0       0    5B98     3B7       0       0
  499999984                    16                    16             4.8719473E-05         1.0000000E+30           1664259       
 NEXT SEEDS:254351F9     120       0       0       0       0    5B98     3B7       0       0
  499999985                    15                    15             4.8719473E-05         1.0000000E+30           1664259       
 NEXT SEEDS:254352DA     120       0       0       0       0    5B98     3B7       0       0
  499999986                    14                    14             4.8719473E-05         1.0000000E+30           1664259       
 NEXT SEEDS:254353C5     120       0       0       0       0    5B98     3B7       0       0
  499999987                    13                    13             4.8719473E-05         1.0000000E+30           1664259       
 NEXT SEEDS:2543549B     120       0       0       0       0    5B98     3B7       0       0
  499999988                    12                    12             4.8719473E-05         1.0000000E+30           1664259       
 NEXT SEEDS:25435560     120       0       0       0       0    5B98     3B7       0       0
  499999989                    11                    11             4.8719473E-05         1.0000000E+30           1664259       
 NEXT SEEDS:25435613     120       0       0       0       0    5B98     3B7       0       0
  499999990                    10                    10             4.8719473E-05         1.0000000E+30           1664259       
 NEXT SEEDS:254356DD     120       0       0       0       0    5B98     3B7       0       0
  499999991                     9                     9             4.8719473E-05         1.0000000E+30           1664259       
 NEXT SEEDS:254357C1     120       0       0       0       0    5B98     3B7       0       0
  499999992                     8                     8             4.8719473E-05         1.0000000E+30           1664259       
 NEXT SEEDS:254358C0     120       0       0       0       0    5B98     3B7       0       0
  499999993                     7                     7             4.8719472E-05         1.0000000E+30           1664259       
 NEXT SEEDS:25435995     120       0       0       0       0    5B98     3B7       0       0
  499999994                     6                     6             4.8719472E-05         1.0000000E+30           1664259       
 NEXT SEEDS:25435A73     120       0       0       0       0    5B98     3B7       0       0
  499999995                     5                     5             4.8719472E-05         1.0000000E+30           1664259       
 NEXT SEEDS:25435B43     120       0       0       0       0    5B98     3B7       0       0
  499999996                     4                     4             4.8719472E-05         1.0000000E+30           1664259       
 NEXT SEEDS:25435C0D     120       0       0       0       0    5B98     3B7       0       0
  499999997                     3                     3             4.8719472E-05         1.0000000E+30           1664259       
 NEXT SEEDS:25435CDA     120       0       0       0       0    5B98     3B7       0       0
  499999998                     2                     2             4.8719472E-05         1.0000000E+30           1664259       
 NEXT SEEDS:25435DA8     120       0       0       0       0    5B98     3B7       0       0
  499999999                     1                     1             4.8719472E-05         1.0000000E+30           1664259       
 NEXT SEEDS:25435E70     120       0       0       0       0    5B98     3B7       0       0
  500000000                     0                     1             4.8719472E-05         1.0000000E+30           1664259       
 NEXT SEEDS:25435F3D     120       0       0       0       0    5B98     3B7       0       0
