1NUMBER OF BEAM       NUMBER OF BEAM        APPROXIMATE NUMBER    AVERAGE TIME USED     TIME LEFT (RESERVED   NUMBER OF STARS
 PARTICLES HANDLED    PARTICLES LEFT        OF BEAM PARTICLES     BY A BEAM PARTICLE     10000.0 SECONDS      CREATED
                                            THAT CAN STILL BE                           FOR PRINTOUT)
                                            HANDLED

 NEXT SEEDS:191CA412      C0       0       0       0       0    5B96     3B7       0       0
          1             499999999             499999999             7.2956085E-05         1.0000000E+30                 0       
 NEXT SEEDS:191CA419      C0       0       0       0       0    5B96     3B7       0       0
   10000000             490000000             490000000             4.8694497E-05         1.0000000E+30             33037       
 NEXT SEEDS:148B1E79      C2       0       0       0       0    5B96     3B7       0       0
   20000000             480000000             480000000             4.9272790E-05         1.0000000E+30             66269       
 NEXT SEEDS:10072A73      C4       0       0       0       0    5B96     3B7       0       0
   30000000             470000000             470000000             4.9956844E-05         1.0000000E+30             99700       
 NEXT SEEDS: B8F136B      C6       0       0       0       0    5B96     3B7       0       0
   40000000             460000000             460000000             5.0041873E-05         1.0000000E+30            132576       
 NEXT SEEDS: 6FDB0D6      C8       0       0       0       0    5B96     3B7       0       0
   50000000             450000000             450000000             5.0206150E-05         1.0000000E+30            166065       
 NEXT SEEDS: 278341B      CA       0       0       0       0    5B96     3B7       0       0
   60000000             440000000             440000000             4.9987689E-05         1.0000000E+30            199380       
 NEXT SEEDS:398C9E71      CB       0       0       0       0    5B96     3B7       0       0
   70000000             430000000             430000000             4.9781573E-05         1.0000000E+30            232703       
 NEXT SEEDS:3505F2F9      CD       0       0       0       0    5B96     3B7       0       0
   80000000             420000000             420000000             4.9602846E-05         1.0000000E+30            265997       
 NEXT SEEDS:30805D89      CF       0       0       0       0    5B96     3B7       0       0
   90000000             410000000             410000000             4.9366516E-05         1.0000000E+30            299247       
 NEXT SEEDS:2BF62206      D1       0       0       0       0    5B96     3B7       0       0
  100000000             400000000             400000000             4.9297794E-05         1.0000000E+30            332596       
 NEXT SEEDS:277772ED      D3       0       0       0       0    5B96     3B7       0       0
  110000000             390000000             390000000             4.9190067E-05         1.0000000E+30            366206       
 NEXT SEEDS:22FBA554      D5       0       0       0       0    5B96     3B7       0       0
  120000000             380000000             380000000             4.9077487E-05         1.0000000E+30            399627       
 NEXT SEEDS:1E76273E      D7       0       0       0       0    5B96     3B7       0       0
  130000000             370000000             370000000             4.8991400E-05         1.0000000E+30            432651       
 NEXT SEEDS:19F2E5C1      D9       0       0       0       0    5B96     3B7       0       0
  140000000             360000000             360000000             4.8926801E-05         1.0000000E+30            465971       
 NEXT SEEDS:1569A71F      DB       0       0       0       0    5B96     3B7       0       0
  150000000             350000000             350000000             4.8878800E-05         1.0000000E+30            499190       
 NEXT SEEDS:10E4CF14      DD       0       0       0       0    5B96     3B7       0       0
  160000000             340000000             340000000             4.8813328E-05         1.0000000E+30            532769       
 NEXT SEEDS: C6C9FC7      DF       0       0       0       0    5B96     3B7       0       0
  170000000             330000000             330000000             4.8759672E-05         1.0000000E+30            565808       
 NEXT SEEDS: 7E91F37      E1       0       0       0       0    5B96     3B7       0       0
  180000000             320000000             320000000             4.8700275E-05         1.0000000E+30            598797       
 NEXT SEEDS: 3566C32      E3       0       0       0       0    5B96     3B7       0       0
  190000000             310000000             310000000             4.8648595E-05         1.0000000E+30            632359       
 NEXT SEEDS:3A751339      E4       0       0       0       0    5B96     3B7       0       0
  200000000             300000000             300000000             4.8667684E-05         1.0000000E+30            665684       
 NEXT SEEDS:35EE74C3      E6       0       0       0       0    5B96     3B7       0       0
  210000000             290000000             290000000             4.8657499E-05         1.0000000E+30            698759       
 NEXT SEEDS:315F35EB      E8       0       0       0       0    5B96     3B7       0       0
  220000000             280000000             280000000             4.8628834E-05         1.0000000E+30            732261       
 NEXT SEEDS:2CDC5D76      EA       0       0       0       0    5B96     3B7       0       0
  230000000             270000000             270000000             4.8586726E-05         1.0000000E+30            765449       
 NEXT SEEDS:2856710C      EC       0       0       0       0    5B96     3B7       0       0
  240000000             260000000             260000000             4.8574140E-05         1.0000000E+30            798568       
 NEXT SEEDS:23CFAE9A      EE       0       0       0       0    5B96     3B7       0       0
  250000000             250000000             250000000             4.8566026E-05         1.0000000E+30            831964       
 NEXT SEEDS:1F5270A9      F0       0       0       0       0    5B96     3B7       0       0
  260000000             240000000             240000000             4.8581350E-05         1.0000000E+30            865090       
 NEXT SEEDS:1ACE97D4      F2       0       0       0       0    5B96     3B7       0       0
  270000000             230000000             230000000             4.8631592E-05         1.0000000E+30            898368       
 NEXT SEEDS:164AA218      F4       0       0       0       0    5B96     3B7       0       0
  280000000             220000000             220000000             4.9047052E-05         1.0000000E+30            931718       
 NEXT SEEDS:11CDBD70      F6       0       0       0       0    5B96     3B7       0       0
  290000000             210000000             210000000             4.9101453E-05         1.0000000E+30            964717       
 NEXT SEEDS: D47C828      F8       0       0       0       0    5B96     3B7       0       0
  300000000             200000000             200000000             4.9095894E-05         1.0000000E+30            998455       
 NEXT SEEDS: 8D07AD7      FA       0       0       0       0    5B96     3B7       0       0
  310000000             190000000             190000000             4.9078379E-05         1.0000000E+30           1032239       
 NEXT SEEDS: 451B180      FC       0       0       0       0    5B96     3B7       0       0
  320000000             180000000             180000000             4.9073067E-05         1.0000000E+30           1065497       
 NEXT SEEDS:3B678C05      FD       0       0       0       0    5B96     3B7       0       0
  330000000             170000000             170000000             4.9070758E-05         1.0000000E+30           1098543       
 NEXT SEEDS:36DDB9A1      FF       0       0       0       0    5B96     3B7       0       0
  340000000             160000000             160000000             4.9074177E-05         1.0000000E+30           1131685       
 NEXT SEEDS:324BF855     101       0       0       0       0    5B96     3B7       0       0
  350000000             150000000             150000000             4.9076517E-05         1.0000000E+30           1165125       
 NEXT SEEDS:2DC9FD23     103       0       0       0       0    5B96     3B7       0       0
  360000000             140000000             140000000             4.9079952E-05         1.0000000E+30           1198286       
 NEXT SEEDS:2941DA13     105       0       0       0       0    5B96     3B7       0       0
  370000000             130000000             130000000             4.9084353E-05         1.0000000E+30           1231603       
 NEXT SEEDS:24BAEAEF     107       0       0       0       0    5B96     3B7       0       0
  380000000             120000000             120000000             4.9039303E-05         1.0000000E+30           1265003       
 NEXT SEEDS:203E3D3E     109       0       0       0       0    5B96     3B7       0       0
  390000000             110000000             110000000             4.9018148E-05         1.0000000E+30           1298480       
 NEXT SEEDS:1BBE774F     10B       0       0       0       0    5B96     3B7       0       0
  400000000             100000000             100000000             4.9015522E-05         1.0000000E+30           1331962       
 NEXT SEEDS:17412E10     10D       0       0       0       0    5B96     3B7       0       0
  410000000              90000000              90000000             4.9013609E-05         1.0000000E+30           1365370       
 NEXT SEEDS:12BFEC87     10F       0       0       0       0    5B96     3B7       0       0
  420000000              80000000              80000000             4.9016638E-05         1.0000000E+30           1398694       
 NEXT SEEDS: E4249DB     111       0       0       0       0    5B96     3B7       0       0
  430000000              70000000              70000000             4.9009887E-05         1.0000000E+30           1431875       
 NEXT SEEDS: 9BD28F3     113       0       0       0       0    5B96     3B7       0       0
  440000000              60000000              60000000             4.8994442E-05         1.0000000E+30           1465168       
 NEXT SEEDS: 53F2ED6     115       0       0       0       0    5B96     3B7       0       0
  450000000              50000000              50000000             4.8983632E-05         1.0000000E+30           1498379       
 NEXT SEEDS:  BD8B1A     117       0       0       0       0    5B96     3B7       0       0
  460000000              40000000              40000000             4.8960291E-05         1.0000000E+30           1531804       
 NEXT SEEDS:37E2242D     118       0       0       0       0    5B96     3B7       0       0
  470000000              30000000              30000000             4.8936976E-05         1.0000000E+30           1564813       
 NEXT SEEDS:33572F11     11A       0       0       0       0    5B96     3B7       0       0
  480000000              20000000              20000000             4.8909053E-05         1.0000000E+30           1597800       
 NEXT SEEDS:2ECA1EC9     11C       0       0       0       0    5B96     3B7       0       0
  490000000              10000000              10000000             4.8889783E-05         1.0000000E+30           1631233       
 NEXT SEEDS:2A423B1F     11E       0       0       0       0    5B96     3B7       0       0
  499999950                    50                    50             4.8871680E-05         1.0000000E+30           1664400       
 NEXT SEEDS:25C18264     120       0       0       0       0    5B96     3B7       0       0
  499999951                    49                    49             4.8871680E-05         1.0000000E+30           1664400       
 NEXT SEEDS:25C18349     120       0       0       0       0    5B96     3B7       0       0
  499999952                    48                    48             4.8871680E-05         1.0000000E+30           1664400       
 NEXT SEEDS:25C18428     120       0       0       0       0    5B96     3B7       0       0
  499999953                    47                    47             4.8871684E-05         1.0000000E+30           1664400       
 NEXT SEEDS:25C184F9     120       0       0       0       0    5B96     3B7       0       0
  499999954                    46                    46             4.8871683E-05         1.0000000E+30           1664400       
 NEXT SEEDS:25C185D9     120       0       0       0       0    5B96     3B7       0       0
  499999955                    45                    45             4.8871683E-05         1.0000000E+30           1664400       
 NEXT SEEDS:25C186B8     120       0       0       0       0    5B96     3B7       0       0
  499999956                    44                    44             4.8871683E-05         1.0000000E+30           1664400       
 NEXT SEEDS:25C186BF     120       0       0       0       0    5B96     3B7       0       0
  499999957                    43                    43             4.8871683E-05         1.0000000E+30           1664400       
 NEXT SEEDS:25C1878B     120       0       0       0       0    5B96     3B7       0       0
  499999958                    42                    42             4.8871683E-05         1.0000000E+30           1664400       
 NEXT SEEDS:25C18846     120       0       0       0       0    5B96     3B7       0       0
  499999959                    41                    41             4.8871683E-05         1.0000000E+30           1664400       
 NEXT SEEDS:25C18923     120       0       0       0       0    5B96     3B7       0       0
  499999960                    40                    40             4.8871683E-05         1.0000000E+30           1664400       
 NEXT SEEDS:25C189ED     120       0       0       0       0    5B96     3B7       0       0
  499999961                    39                    39             4.8871683E-05         1.0000000E+30           1664400       
 NEXT SEEDS:25C18AC1     120       0       0       0       0    5B96     3B7       0       0
  499999962                    38                    38             4.8871683E-05         1.0000000E+30           1664400       
 NEXT SEEDS:25C18B8F     120       0       0       0       0    5B96     3B7       0       0
  499999963                    37                    37             4.8871686E-05         1.0000000E+30           1664400       
 NEXT SEEDS:25C18C5E     120       0       0       0       0    5B96     3B7       0       0
  499999964                    36                    36             4.8871686E-05         1.0000000E+30           1664400       
 NEXT SEEDS:25C18D24     120       0       0       0       0    5B96     3B7       0       0
  499999965                    35                    35             4.8871686E-05         1.0000000E+30           1664400       
 NEXT SEEDS:25C18DFD     120       0       0       0       0    5B96     3B7       0       0
  499999966                    34                    34             4.8871686E-05         1.0000000E+30           1664400       
 NEXT SEEDS:25C18ECF     120       0       0       0       0    5B96     3B7       0       0
  499999967                    33                    33             4.8871686E-05         1.0000000E+30           1664400       
 NEXT SEEDS:25C18FA4     120       0       0       0       0    5B96     3B7       0       0
  499999968                    32                    32             4.8871686E-05         1.0000000E+30           1664400       
 NEXT SEEDS:25C19082     120       0       0       0       0    5B96     3B7       0       0
  499999969                    31                    31             4.8871686E-05         1.0000000E+30           1664400       
 NEXT SEEDS:25C1915C     120       0       0       0       0    5B96     3B7       0       0
  499999970                    30                    30             4.8871686E-05         1.0000000E+30           1664400       
 NEXT SEEDS:25C1922A     120       0       0       0       0    5B96     3B7       0       0
  499999971                    29                    29             4.8871686E-05         1.0000000E+30           1664400       
 NEXT SEEDS:25C192F4     120       0       0       0       0    5B96     3B7       0       0
  499999972                    28                    28             4.8871686E-05         1.0000000E+30           1664400       
 NEXT SEEDS:25C193DE     120       0       0       0       0    5B96     3B7       0       0
  499999973                    27                    27             4.8871689E-05         1.0000000E+30           1664400       
 NEXT SEEDS:25C194BA     120       0       0       0       0    5B96     3B7       0       0
  499999974                    26                    26             4.8871689E-05         1.0000000E+30           1664400       
 NEXT SEEDS:25C194C1     120       0       0       0       0    5B96     3B7       0       0
  499999975                    25                    25             4.8871689E-05         1.0000000E+30           1664400       
 NEXT SEEDS:25C194C8     120       0       0       0       0    5B96     3B7       0       0
  499999976                    24                    24             4.8871689E-05         1.0000000E+30           1664400       
 NEXT SEEDS:25C19597     120       0       0       0       0    5B96     3B7       0       0
  499999977                    23                    23             4.8871689E-05         1.0000000E+30           1664400       
 NEXT SEEDS:25C1965E     120       0       0       0       0    5B96     3B7       0       0
  499999978                    22                    22             4.8871689E-05         1.0000000E+30           1664400       
 NEXT SEEDS:25C19665     120       0       0       0       0    5B96     3B7       0       0
  499999979                    21                    21             4.8871689E-05         1.0000000E+30           1664400       
 NEXT SEEDS:25C19726     120       0       0       0       0    5B96     3B7       0       0
  499999980                    20                    20             4.8871689E-05         1.0000000E+30           1664400       
 NEXT SEEDS:25C1981A     120       0       0       0       0    5B96     3B7       0       0
  499999981                    19                    19             4.8871689E-05         1.0000000E+30           1664400       
 NEXT SEEDS:25C198E0     120       0       0       0       0    5B96     3B7       0       0
  499999982                    18                    18             4.8871692E-05         1.0000000E+30           1664400       
 NEXT SEEDS:25C199AD     120       0       0       0       0    5B96     3B7       0       0
  499999983                    17                    17             4.8871692E-05         1.0000000E+30           1664400       
 NEXT SEEDS:25C19A89     120       0       0       0       0    5B96     3B7       0       0
  499999984                    16                    16             4.8871692E-05         1.0000000E+30           1664400       
 NEXT SEEDS:25C19B53     120       0       0       0       0    5B96     3B7       0       0
  499999985                    15                    15             4.8871692E-05         1.0000000E+30           1664400       
 NEXT SEEDS:25C19C10     120       0       0       0       0    5B96     3B7       0       0
  499999986                    14                    14             4.8871692E-05         1.0000000E+30           1664400       
 NEXT SEEDS:25C19CE3     120       0       0       0       0    5B96     3B7       0       0
  499999987                    13                    13             4.8871692E-05         1.0000000E+30           1664400       
 NEXT SEEDS:25C19DB1     120       0       0       0       0    5B96     3B7       0       0
  499999988                    12                    12             4.8871692E-05         1.0000000E+30           1664400       
 NEXT SEEDS:25C19E77     120       0       0       0       0    5B96     3B7       0       0
  499999989                    11                    11             4.8871692E-05         1.0000000E+30           1664400       
 NEXT SEEDS:25C19E80     120       0       0       0       0    5B96     3B7       0       0
  499999990                    10                    10             4.8871692E-05         1.0000000E+30           1664400       
 NEXT SEEDS:25C19F4F     120       0       0       0       0    5B96     3B7       0       0
  499999991                     9                     9             4.8871692E-05         1.0000000E+30           1664400       
 NEXT SEEDS:25C1A018     120       0       0       0       0    5B96     3B7       0       0
  499999992                     8                     8             4.8871695E-05         1.0000000E+30           1664400       
 NEXT SEEDS:25C1A023     120       0       0       0       0    5B96     3B7       0       0
  499999993                     7                     7             4.8871695E-05         1.0000000E+30           1664400       
 NEXT SEEDS:25C1A0DE     120       0       0       0       0    5B96     3B7       0       0
  499999994                     6                     6             4.8871695E-05         1.0000000E+30           1664400       
 NEXT SEEDS:25C1A1B1     120       0       0       0       0    5B96     3B7       0       0
  499999995                     5                     5             4.8871695E-05         1.0000000E+30           1664400       
 NEXT SEEDS:25C1A28A     120       0       0       0       0    5B96     3B7       0       0
  499999996                     4                     4             4.8871695E-05         1.0000000E+30           1664400       
 NEXT SEEDS:25C1A35D     120       0       0       0       0    5B96     3B7       0       0
  499999997                     3                     3             4.8871695E-05         1.0000000E+30           1664400       
 NEXT SEEDS:25C1A77D     120       0       0       0       0    5B96     3B7       0       0
  499999998                     2                     2             4.8871695E-05         1.0000000E+30           1664400       
 NEXT SEEDS:25C1A8E0     120       0       0       0       0    5B96     3B7       0       0
  499999999                     1                     1             4.8871695E-05         1.0000000E+30           1664400       
 NEXT SEEDS:25C1A9BF     120       0       0       0       0    5B96     3B7       0       0
  500000000                     0                     1             4.8871698E-05         1.0000000E+30           1664400       
 NEXT SEEDS:25C1AA86     120       0       0       0       0    5B96     3B7       0       0
