1NUMBER OF BEAM       NUMBER OF BEAM        APPROXIMATE NUMBER    AVERAGE TIME USED     TIME LEFT (RESERVED   NUMBER OF STARS
 PARTICLES HANDLED    PARTICLES LEFT        OF BEAM PARTICLES     BY A BEAM PARTICLE     10000.0 SECONDS      CREATED
                                            THAT CAN STILL BE                           FOR PRINTOUT)
                                            HANDLED

 NEXT SEEDS:1B43E0F0     2A1       0       0       0       0    5B97     3B7       0       0
          1             499999999             499999999             1.4495850E-04         1.0000000E+30                 0       
 NEXT SEEDS:1B43E1D2     2A1       0       0       0       0    5B97     3B7       0       0
   10000000             490000000             490000000             4.8562573E-05         1.0000000E+30             33428       
 NEXT SEEDS:16C4D748     2A3       0       0       0       0    5B97     3B7       0       0
   20000000             480000000             480000000             4.8816588E-05         1.0000000E+30             67099       
 NEXT SEEDS:1246A422     2A5       0       0       0       0    5B97     3B7       0       0
   30000000             470000000             470000000             4.8640396E-05         1.0000000E+30            100491       
 NEXT SEEDS: DBF720B     2A7       0       0       0       0    5B97     3B7       0       0
   40000000             460000000             460000000             4.8626281E-05         1.0000000E+30            133777       
 NEXT SEEDS: 933A093     2A9       0       0       0       0    5B97     3B7       0       0
   50000000             450000000             450000000             4.8528857E-05         1.0000000E+30            166777       
 NEXT SEEDS: 4A58A92     2AB       0       0       0       0    5B97     3B7       0       0
   60000000             440000000             440000000             4.8478702E-05         1.0000000E+30            200255       
 NEXT SEEDS:  236E38     2AD       0       0       0       0    5B97     3B7       0       0
   70000000             430000000             430000000             4.8447429E-05         1.0000000E+30            233739       
 NEXT SEEDS:373855EF     2AE       0       0       0       0    5B97     3B7       0       0
   80000000             420000000             420000000             4.8451855E-05         1.0000000E+30            267081       
 NEXT SEEDS:32BB0ADB     2B0       0       0       0       0    5B97     3B7       0       0
   90000000             410000000             410000000             4.8516230E-05         1.0000000E+30            300328       
 NEXT SEEDS:2E364614     2B2       0       0       0       0    5B97     3B7       0       0
  100000000             400000000             400000000             4.8489607E-05         1.0000000E+30            333568       
 NEXT SEEDS:29AD62F4     2B4       0       0       0       0    5B97     3B7       0       0
  110000000             390000000             390000000             4.8386139E-05         1.0000000E+30            366528       
 NEXT SEEDS:25246C5D     2B6       0       0       0       0    5B97     3B7       0       0
  120000000             380000000             380000000             4.8335032E-05         1.0000000E+30            399914       
 NEXT SEEDS:209D3265     2B8       0       0       0       0    5B97     3B7       0       0
  130000000             370000000             370000000             4.8303303E-05         1.0000000E+30            433362       
 NEXT SEEDS:1C1AB280     2BA       0       0       0       0    5B97     3B7       0       0
  140000000             360000000             360000000             4.8270736E-05         1.0000000E+30            466661       
 NEXT SEEDS:17963653     2BC       0       0       0       0    5B97     3B7       0       0
  150000000             350000000             350000000             4.8388891E-05         1.0000000E+30            499764       
 NEXT SEEDS:130A4137     2BE       0       0       0       0    5B97     3B7       0       0
  160000000             340000000             340000000             4.8386897E-05         1.0000000E+30            533128       
 NEXT SEEDS: E883C13     2C0       0       0       0       0    5B97     3B7       0       0
  170000000             330000000             330000000             4.8391999E-05         1.0000000E+30            566065       
 NEXT SEEDS: 9F300CB     2C2       0       0       0       0    5B97     3B7       0       0
  180000000             320000000             320000000             4.8381132E-05         1.0000000E+30            599391       
 NEXT SEEDS: 56BE2A8     2C4       0       0       0       0    5B97     3B7       0       0
  190000000             310000000             310000000             4.8371552E-05         1.0000000E+30            632295       
 NEXT SEEDS:  D83085     2C6       0       0       0       0    5B97     3B7       0       0
  200000000             300000000             300000000             4.8373038E-05         1.0000000E+30            665622       
 NEXT SEEDS:37F08B33     2C7       0       0       0       0    5B97     3B7       0       0
  210000000             290000000             290000000             4.8370420E-05         1.0000000E+30            698986       
 NEXT SEEDS:336C1EC8     2C9       0       0       0       0    5B97     3B7       0       0
  220000000             280000000             280000000             4.8390151E-05         1.0000000E+30            732156       
 NEXT SEEDS:2EE3F3DE     2CB       0       0       0       0    5B97     3B7       0       0
  230000000             270000000             270000000             4.8404366E-05         1.0000000E+30            765387       
 NEXT SEEDS:2A641B3D     2CD       0       0       0       0    5B97     3B7       0       0
  240000000             260000000             260000000             4.8399187E-05         1.0000000E+30            798540       
 NEXT SEEDS:25D3119E     2CF       0       0       0       0    5B97     3B7       0       0
  250000000             250000000             250000000             4.8392224E-05         1.0000000E+30            831969       
 NEXT SEEDS:21507F61     2D1       0       0       0       0    5B97     3B7       0       0
  260000000             240000000             240000000             4.8378907E-05         1.0000000E+30            865006       
 NEXT SEEDS:1CC6508B     2D3       0       0       0       0    5B97     3B7       0       0
  270000000             230000000             230000000             4.8357864E-05         1.0000000E+30            898223       
 NEXT SEEDS:1840F615     2D5       0       0       0       0    5B97     3B7       0       0
  280000000             220000000             220000000             4.8350391E-05         1.0000000E+30            931398       
 NEXT SEEDS:13B3FF4B     2D7       0       0       0       0    5B97     3B7       0       0
  290000000             210000000             210000000             4.8349694E-05         1.0000000E+30            964702       
 NEXT SEEDS: F37CAB4     2D9       0       0       0       0    5B97     3B7       0       0
  300000000             200000000             200000000             4.8360443E-05         1.0000000E+30            997675       
 NEXT SEEDS: AAC9720     2DB       0       0       0       0    5B97     3B7       0       0
  310000000             190000000             190000000             4.8349166E-05         1.0000000E+30           1031128       
 NEXT SEEDS: 62725F6     2DD       0       0       0       0    5B97     3B7       0       0
  320000000             180000000             180000000             4.8326423E-05         1.0000000E+30           1064345       
 NEXT SEEDS: 1A2D2A6     2DF       0       0       0       0    5B97     3B7       0       0
  330000000             170000000             170000000             4.8309222E-05         1.0000000E+30           1097662       
 NEXT SEEDS:38BA8E36     2E0       0       0       0       0    5B97     3B7       0       0
  340000000             160000000             160000000             4.8287960E-05         1.0000000E+30           1130883       
 NEXT SEEDS:342FEE56     2E2       0       0       0       0    5B97     3B7       0       0
  350000000             150000000             150000000             4.8259052E-05         1.0000000E+30           1164292       
 NEXT SEEDS:2FAA6D4C     2E4       0       0       0       0    5B97     3B7       0       0
  360000000             140000000             140000000             4.8251259E-05         1.0000000E+30           1197511       
 NEXT SEEDS:2B23C4B0     2E6       0       0       0       0    5B97     3B7       0       0
  *** Rcfset:kprin,bfcmax,epat00,ppat00,ravpot           1  -6.0339414226584509E-003  0.94310439281264791        9.5346568002090598E-002   12.440777676959296     
  370000000             130000000             130000000             4.8241080E-05         1.0000000E+30           1230682       
 NEXT SEEDS:26985DD4     2E8       0       0       0       0    5B97     3B7       0       0
  380000000             120000000             120000000             4.8219753E-05         1.0000000E+30           1264050       
 NEXT SEEDS:2213C7D1     2EA       0       0       0       0    5B97     3B7       0       0
  390000000             110000000             110000000             4.8209571E-05         1.0000000E+30           1297411       
 NEXT SEEDS:1D980DC6     2EC       0       0       0       0    5B97     3B7       0       0
  400000000             100000000             100000000             4.8214175E-05         1.0000000E+30           1330265       
 NEXT SEEDS:1909D941     2EE       0       0       0       0    5B97     3B7       0       0
  410000000              90000000              90000000             4.8224114E-05         1.0000000E+30           1363317       
 NEXT SEEDS:147F4F45     2F0       0       0       0       0    5B97     3B7       0       0
  420000000              80000000              80000000             4.8237780E-05         1.0000000E+30           1396528       
 NEXT SEEDS: FF98A3D     2F2       0       0       0       0    5B97     3B7       0       0
  430000000              70000000              70000000             4.8250913E-05         1.0000000E+30           1429774       
 NEXT SEEDS: B730B4B     2F4       0       0       0       0    5B97     3B7       0       0
  440000000              60000000              60000000             4.8271600E-05         1.0000000E+30           1462820       
 NEXT SEEDS: 6E6BB7E     2F6       0       0       0       0    5B97     3B7       0       0
  450000000              50000000              50000000             4.8279497E-05         1.0000000E+30           1496236       
 NEXT SEEDS: 261E84E     2F8       0       0       0       0    5B97     3B7       0       0
  460000000              40000000              40000000             4.8281509E-05         1.0000000E+30           1529510       
 NEXT SEEDS:397C360A     2F9       0       0       0       0    5B97     3B7       0       0
  470000000              30000000              30000000             4.8298392E-05         1.0000000E+30           1562803       
 NEXT SEEDS:34EDC485     2FB       0       0       0       0    5B97     3B7       0       0
  480000000              20000000              20000000             4.8303866E-05         1.0000000E+30           1596036       
 NEXT SEEDS:305D81A9     2FD       0       0       0       0    5B97     3B7       0       0
  490000000              10000000              10000000             4.8291387E-05         1.0000000E+30           1629082       
 NEXT SEEDS:2BC7C5DC     2FF       0       0       0       0    5B97     3B7       0       0
  499999950                    50                    50             4.8279365E-05         1.0000000E+30           1661924       
 NEXT SEEDS:27334C1D     301       0       0       0       0    5B97     3B7       0       0
  499999951                    49                    49             4.8279365E-05         1.0000000E+30           1661924       
 NEXT SEEDS:27334D50     301       0       0       0       0    5B97     3B7       0       0
  499999952                    48                    48             4.8279364E-05         1.0000000E+30           1661924       
 NEXT SEEDS:27334E36     301       0       0       0       0    5B97     3B7       0       0
  499999953                    47                    47             4.8279368E-05         1.0000000E+30           1661924       
 NEXT SEEDS:27334E3F     301       0       0       0       0    5B97     3B7       0       0
  499999954                    46                    46             4.8279368E-05         1.0000000E+30           1661924       
 NEXT SEEDS:27334F2B     301       0       0       0       0    5B97     3B7       0       0
  499999955                    45                    45             4.8279368E-05         1.0000000E+30           1661924       
 NEXT SEEDS:27334FF6     301       0       0       0       0    5B97     3B7       0       0
  499999956                    44                    44             4.8279368E-05         1.0000000E+30           1661924       
 NEXT SEEDS:273350C4     301       0       0       0       0    5B97     3B7       0       0
  499999957                    43                    43             4.8279368E-05         1.0000000E+30           1661924       
 NEXT SEEDS:2733518C     301       0       0       0       0    5B97     3B7       0       0
  499999958                    42                    42             4.8279368E-05         1.0000000E+30           1661924       
 NEXT SEEDS:2733525B     301       0       0       0       0    5B97     3B7       0       0
  499999959                    41                    41             4.8279368E-05         1.0000000E+30           1661924       
 NEXT SEEDS:27335352     301       0       0       0       0    5B97     3B7       0       0
  499999960                    40                    40             4.8279368E-05         1.0000000E+30           1661924       
 NEXT SEEDS:2733535D     301       0       0       0       0    5B97     3B7       0       0
  499999961                    39                    39             4.8279367E-05         1.0000000E+30           1661924       
 NEXT SEEDS:2733542F     301       0       0       0       0    5B97     3B7       0       0
  499999962                    38                    38             4.8279371E-05         1.0000000E+30           1661924       
 NEXT SEEDS:27335507     301       0       0       0       0    5B97     3B7       0       0
  499999963                    37                    37             4.8279371E-05         1.0000000E+30           1661924       
 NEXT SEEDS:273355D1     301       0       0       0       0    5B97     3B7       0       0
  499999964                    36                    36             4.8279371E-05         1.0000000E+30           1661924       
 NEXT SEEDS:273355DE     301       0       0       0       0    5B97     3B7       0       0
  499999965                    35                    35             4.8279371E-05         1.0000000E+30           1661924       
 NEXT SEEDS:273356C9     301       0       0       0       0    5B97     3B7       0       0
  499999966                    34                    34             4.8279371E-05         1.0000000E+30           1661924       
 NEXT SEEDS:273357AC     301       0       0       0       0    5B97     3B7       0       0
  499999967                    33                    33             4.8279371E-05         1.0000000E+30           1661924       
 NEXT SEEDS:2733588F     301       0       0       0       0    5B97     3B7       0       0
  499999968                    32                    32             4.8279371E-05         1.0000000E+30           1661924       
 NEXT SEEDS:2733595B     301       0       0       0       0    5B97     3B7       0       0
  499999969                    31                    31             4.8279371E-05         1.0000000E+30           1661924       
 NEXT SEEDS:27335A5B     301       0       0       0       0    5B97     3B7       0       0
  499999970                    30                    30             4.8279371E-05         1.0000000E+30           1661924       
 NEXT SEEDS:27335A64     301       0       0       0       0    5B97     3B7       0       0
  499999971                    29                    29             4.8279370E-05         1.0000000E+30           1661924       
 NEXT SEEDS:27335B1D     301       0       0       0       0    5B97     3B7       0       0
  499999972                    28                    28             4.8279374E-05         1.0000000E+30           1661924       
 NEXT SEEDS:27335BF8     301       0       0       0       0    5B97     3B7       0       0
  499999973                    27                    27             4.8279374E-05         1.0000000E+30           1661924       
 NEXT SEEDS:27335CC0     301       0       0       0       0    5B97     3B7       0       0
  499999974                    26                    26             4.8279374E-05         1.0000000E+30           1661924       
 NEXT SEEDS:27335DAD     301       0       0       0       0    5B97     3B7       0       0
  499999975                    25                    25             4.8279374E-05         1.0000000E+30           1661924       
 NEXT SEEDS:27335E75     301       0       0       0       0    5B97     3B7       0       0
  499999976                    24                    24             4.8279374E-05         1.0000000E+30           1661924       
 NEXT SEEDS:27335F33     301       0       0       0       0    5B97     3B7       0       0
  499999977                    23                    23             4.8279374E-05         1.0000000E+30           1661924       
 NEXT SEEDS:27335F3A     301       0       0       0       0    5B97     3B7       0       0
  499999978                    22                    22             4.8279374E-05         1.0000000E+30           1661924       
 NEXT SEEDS:2733602A     301       0       0       0       0    5B97     3B7       0       0
  499999979                    21                    21             4.8279374E-05         1.0000000E+30           1661924       
 NEXT SEEDS:273360FD     301       0       0       0       0    5B97     3B7       0       0
  499999980                    20                    20             4.8279373E-05         1.0000000E+30           1661924       
 NEXT SEEDS:273361E1     301       0       0       0       0    5B97     3B7       0       0
  499999981                    19                    19             4.8279377E-05         1.0000000E+30           1661924       
 NEXT SEEDS:273362C8     301       0       0       0       0    5B97     3B7       0       0
  499999982                    18                    18             4.8279377E-05         1.0000000E+30           1661924       
 NEXT SEEDS:273362CF     301       0       0       0       0    5B97     3B7       0       0
  499999983                    17                    17             4.8279377E-05         1.0000000E+30           1661924       
 NEXT SEEDS:273362DE     301       0       0       0       0    5B97     3B7       0       0
  499999984                    16                    16             4.8279377E-05         1.0000000E+30           1661924       
 NEXT SEEDS:273363B2     301       0       0       0       0    5B97     3B7       0       0
  499999985                    15                    15             4.8279377E-05         1.0000000E+30           1661924       
 NEXT SEEDS:27336481     301       0       0       0       0    5B97     3B7       0       0
  499999986                    14                    14             4.8279377E-05         1.0000000E+30           1661924       
 NEXT SEEDS:2733654D     301       0       0       0       0    5B97     3B7       0       0
  499999987                    13                    13             4.8279377E-05         1.0000000E+30           1661924       
 NEXT SEEDS:2733660F     301       0       0       0       0    5B97     3B7       0       0
  499999988                    12                    12             4.8279377E-05         1.0000000E+30           1661924       
 NEXT SEEDS:273366E8     301       0       0       0       0    5B97     3B7       0       0
  499999989                    11                    11             4.8279376E-05         1.0000000E+30           1661924       
 NEXT SEEDS:27336795     301       0       0       0       0    5B97     3B7       0       0
  499999990                    10                    10             4.8279376E-05         1.0000000E+30           1661924       
 NEXT SEEDS:27336856     301       0       0       0       0    5B97     3B7       0       0
  499999991                     9                     9             4.8279380E-05         1.0000000E+30           1661924       
 NEXT SEEDS:2733691D     301       0       0       0       0    5B97     3B7       0       0
  499999992                     8                     8             4.8279380E-05         1.0000000E+30           1661924       
 NEXT SEEDS:273369F4     301       0       0       0       0    5B97     3B7       0       0
  499999993                     7                     7             4.8279380E-05         1.0000000E+30           1661924       
 NEXT SEEDS:27336AC0     301       0       0       0       0    5B97     3B7       0       0
  499999994                     6                     6             4.8279380E-05         1.0000000E+30           1661924       
 NEXT SEEDS:27336B98     301       0       0       0       0    5B97     3B7       0       0
  499999995                     5                     5             4.8279380E-05         1.0000000E+30           1661924       
 NEXT SEEDS:27336B9F     301       0       0       0       0    5B97     3B7       0       0
  499999996                     4                     4             4.8279380E-05         1.0000000E+30           1661924       
 NEXT SEEDS:27336BAC     301       0       0       0       0    5B97     3B7       0       0
  499999997                     3                     3             4.8279380E-05         1.0000000E+30           1661924       
 NEXT SEEDS:27336C91     301       0       0       0       0    5B97     3B7       0       0
  499999998                     2                     2             4.8279380E-05         1.0000000E+30           1661924       
 NEXT SEEDS:27336E90     301       0       0       0       0    5B97     3B7       0       0
  499999999                     1                     1             4.8279379E-05         1.0000000E+30           1661924       
 NEXT SEEDS:27336E99     301       0       0       0       0    5B97     3B7       0       0
  500000000                     0                     1             4.8279379E-05         1.0000000E+30           1661924       
 NEXT SEEDS:27336F70     301       0       0       0       0    5B97     3B7       0       0
