1NUMBER OF BEAM       NUMBER OF BEAM        APPROXIMATE NUMBER    AVERAGE TIME USED     TIME LEFT (RESERVED   NUMBER OF STARS
 PARTICLES HANDLED    PARTICLES LEFT        OF BEAM PARTICLES     BY A BEAM PARTICLE     10000.0 SECONDS      CREATED
                                            THAT CAN STILL BE                           FOR PRINTOUT)
                                            HANDLED

 NEXT SEEDS: C6434EB      60       0       0       0       0    5B97     3B7       0       0
          1             499999999             499999999             1.4734268E-04         1.0000000E+30                 0       
 NEXT SEEDS: C6435CE      60       0       0       0       0    5B97     3B7       0       0
   10000000             490000000             490000000             4.8305090E-05         1.0000000E+30             33367       
 NEXT SEEDS: 7EB2717      62       0       0       0       0    5B97     3B7       0       0
   20000000             480000000             480000000             4.8290248E-05         1.0000000E+30             66600       
 NEXT SEEDS: 3699AD6      64       0       0       0       0    5B97     3B7       0       0
   30000000             470000000             470000000             4.8378134E-05         1.0000000E+30            100040       
 NEXT SEEDS:3A864D66      65       0       0       0       0    5B97     3B7       0       0
   40000000             460000000             460000000             4.8513554E-05         1.0000000E+30            133044       
 NEXT SEEDS:3602EF22      67       0       0       0       0    5B97     3B7       0       0
   50000000             450000000             450000000             4.8576241E-05         1.0000000E+30            166297       
 NEXT SEEDS:317AACB2      69       0       0       0       0    5B97     3B7       0       0
   60000000             440000000             440000000             4.8594336E-05         1.0000000E+30            199755       
 NEXT SEEDS:2CFD7952      6B       0       0       0       0    5B97     3B7       0       0
   70000000             430000000             430000000             4.8649840E-05         1.0000000E+30            232862       
 NEXT SEEDS:286FD19C      6D       0       0       0       0    5B97     3B7       0       0
   80000000             420000000             420000000             4.8681168E-05         1.0000000E+30            266174       
 NEXT SEEDS:23E8311F      6F       0       0       0       0    5B97     3B7       0       0
   90000000             410000000             410000000             4.8680808E-05         1.0000000E+30            299531       
 NEXT SEEDS:1F60B69B      71       0       0       0       0    5B97     3B7       0       0
  100000000             400000000             400000000             4.8682537E-05         1.0000000E+30            332763       
 NEXT SEEDS:1AD6B806      73       0       0       0       0    5B97     3B7       0       0
  110000000             390000000             390000000             4.8718340E-05         1.0000000E+30            366067       
 NEXT SEEDS:164B8D98      75       0       0       0       0    5B97     3B7       0       0
  120000000             380000000             380000000             4.8716795E-05         1.0000000E+30            399159       
 NEXT SEEDS:11C2F215      77       0       0       0       0    5B97     3B7       0       0
  130000000             370000000             370000000             4.8740623E-05         1.0000000E+30            432077       
 NEXT SEEDS: D353348      79       0       0       0       0    5B97     3B7       0       0
  140000000             360000000             360000000             4.8777750E-05         1.0000000E+30            464949       
 NEXT SEEDS: 8AC4997      7B       0       0       0       0    5B97     3B7       0       0
  150000000             350000000             350000000             4.8805767E-05         1.0000000E+30            498171       
 NEXT SEEDS: 424DD4C      7D       0       0       0       0    5B97     3B7       0       0
  160000000             340000000             340000000             4.8831310E-05         1.0000000E+30            531393       
 NEXT SEEDS:3B41DE07      7E       0       0       0       0    5B97     3B7       0       0
  170000000             330000000             330000000             4.8836215E-05         1.0000000E+30            564534       
 NEXT SEEDS:36B7C381      80       0       0       0       0    5B97     3B7       0       0
  180000000             320000000             320000000             4.8839107E-05         1.0000000E+30            597925       
 NEXT SEEDS:3236F719      82       0       0       0       0    5B97     3B7       0       0
  190000000             310000000             310000000             4.8843386E-05         1.0000000E+30            631427       
 NEXT SEEDS:2DB903C1      84       0       0       0       0    5B97     3B7       0       0
  200000000             300000000             300000000             4.8835397E-05         1.0000000E+30            664566       
 NEXT SEEDS:292A3600      86       0       0       0       0    5B97     3B7       0       0
  210000000             290000000             290000000             4.8836846E-05         1.0000000E+30            698189       
 NEXT SEEDS:24ACF4A6      88       0       0       0       0    5B97     3B7       0       0
  220000000             280000000             280000000             4.8842526E-05         1.0000000E+30            731485       
 NEXT SEEDS:2027ED1D      8A       0       0       0       0    5B97     3B7       0       0
  230000000             270000000             270000000             4.8832474E-05         1.0000000E+30            764851       
 NEXT SEEDS:1BA6441A      8C       0       0       0       0    5B97     3B7       0       0
  240000000             260000000             260000000             4.8827296E-05         1.0000000E+30            798260       
 NEXT SEEDS:1722F6BC      8E       0       0       0       0    5B97     3B7       0       0
  250000000             250000000             250000000             4.8825653E-05         1.0000000E+30            831588       
 NEXT SEEDS:12A36533      90       0       0       0       0    5B97     3B7       0       0
  260000000             240000000             240000000             4.8804073E-05         1.0000000E+30            864861       
 NEXT SEEDS: E1CADD7      92       0       0       0       0    5B97     3B7       0       0
  270000000             230000000             230000000             4.8800630E-05         1.0000000E+30            897868       
 NEXT SEEDS: 995B54F      94       0       0       0       0    5B97     3B7       0       0
  280000000             220000000             220000000             4.8810025E-05         1.0000000E+30            931289       
 NEXT SEEDS: 50E4414      96       0       0       0       0    5B97     3B7       0       0
  290000000             210000000             210000000             4.8802840E-05         1.0000000E+30            964591       
 NEXT SEEDS:  88C651      98       0       0       0       0    5B97     3B7       0       0
  300000000             200000000             200000000             4.8814187E-05         1.0000000E+30            997786       
 NEXT SEEDS:37A28091      99       0       0       0       0    5B97     3B7       0       0
  310000000             190000000             190000000             4.8821073E-05         1.0000000E+30           1031084       
 NEXT SEEDS:331F1AA5      9B       0       0       0       0    5B97     3B7       0       0
  320000000             180000000             180000000             4.8811033E-05         1.0000000E+30           1064523       
 NEXT SEEDS:2EA1D7F3      9D       0       0       0       0    5B97     3B7       0       0
  330000000             170000000             170000000             4.8792248E-05         1.0000000E+30           1097723       
 NEXT SEEDS:2A21A18F      9F       0       0       0       0    5B97     3B7       0       0
  340000000             160000000             160000000             4.8767605E-05         1.0000000E+30           1130714       
 NEXT SEEDS:259C573E      A1       0       0       0       0    5B97     3B7       0       0
  350000000             150000000             150000000             4.8763726E-05         1.0000000E+30           1164038       
 NEXT SEEDS:211A88DF      A3       0       0       0       0    5B97     3B7       0       0
  360000000             140000000             140000000             4.8747296E-05         1.0000000E+30           1197399       
 NEXT SEEDS:1C93CA39      A5       0       0       0       0    5B97     3B7       0       0
  370000000             130000000             130000000             4.8721651E-05         1.0000000E+30           1230563       
 NEXT SEEDS:181064B2      A7       0       0       0       0    5B97     3B7       0       0
  380000000             120000000             120000000             4.8701016E-05         1.0000000E+30           1264039       
 NEXT SEEDS:1388BF42      A9       0       0       0       0    5B97     3B7       0       0
  390000000             110000000             110000000             4.8699377E-05         1.0000000E+30           1297315       
 NEXT SEEDS: F03DA75      AB       0       0       0       0    5B97     3B7       0       0
  400000000             100000000             100000000             4.8697567E-05         1.0000000E+30           1330701       
 NEXT SEEDS: A829ABA      AD       0       0       0       0    5B97     3B7       0       0
  410000000              90000000              90000000             4.8684697E-05         1.0000000E+30           1363571       
 NEXT SEEDS: 5F36C1E      AF       0       0       0       0    5B97     3B7       0       0
  420000000              80000000              80000000             4.8688591E-05         1.0000000E+30           1396737       
 NEXT SEEDS: 16D11A7      B1       0       0       0       0    5B97     3B7       0       0
  430000000              70000000              70000000             4.8706525E-05         1.0000000E+30           1430088       
 NEXT SEEDS:387DE6DD      B2       0       0       0       0    5B97     3B7       0       0
  440000000              60000000              60000000             4.8701974E-05         1.0000000E+30           1463485       
 NEXT SEEDS:33F53B7A      B4       0       0       0       0    5B97     3B7       0       0
  450000000              50000000              50000000             4.8709816E-05         1.0000000E+30           1496822       
 NEXT SEEDS:2F76AA66      B6       0       0       0       0    5B97     3B7       0       0
  460000000              40000000              40000000             4.8717335E-05         1.0000000E+30           1529926       
 NEXT SEEDS:2AEE86DA      B8       0       0       0       0    5B97     3B7       0       0
  470000000              30000000              30000000             4.8717581E-05         1.0000000E+30           1563345       
 NEXT SEEDS:267082E9      BA       0       0       0       0    5B97     3B7       0       0
  480000000              20000000              20000000             4.8715847E-05         1.0000000E+30           1596627       
 NEXT SEEDS:21F389DB      BC       0       0       0       0    5B97     3B7       0       0
  490000000              10000000              10000000             4.8717286E-05         1.0000000E+30           1629943       
 NEXT SEEDS:1D693505      BE       0       0       0       0    5B97     3B7       0       0
  499999950                    50                    50             4.8716496E-05         1.0000000E+30           1663249       
 NEXT SEEDS:18DEE0CE      C0       0       0       0       0    5B97     3B7       0       0
  499999951                    49                    49             4.8716499E-05         1.0000000E+30           1663249       
 NEXT SEEDS:18DEE1A9      C0       0       0       0       0    5B97     3B7       0       0
  499999952                    48                    48             4.8716499E-05         1.0000000E+30           1663249       
 NEXT SEEDS:18DEE256      C0       0       0       0       0    5B97     3B7       0       0
  499999953                    47                    47             4.8716499E-05         1.0000000E+30           1663249       
 NEXT SEEDS:18DEE306      C0       0       0       0       0    5B97     3B7       0       0
  499999954                    46                    46             4.8716499E-05         1.0000000E+30           1663249       
 NEXT SEEDS:18DEE3DA      C0       0       0       0       0    5B97     3B7       0       0
  499999955                    45                    45             4.8716499E-05         1.0000000E+30           1663249       
 NEXT SEEDS:18DEE4AD      C0       0       0       0       0    5B97     3B7       0       0
  499999956                    44                    44             4.8716499E-05         1.0000000E+30           1663249       
 NEXT SEEDS:18DEE586      C0       0       0       0       0    5B97     3B7       0       0
  499999957                    43                    43             4.8716499E-05         1.0000000E+30           1663249       
 NEXT SEEDS:18DEE66E      C0       0       0       0       0    5B97     3B7       0       0
  499999958                    42                    42             4.8716499E-05         1.0000000E+30           1663249       
 NEXT SEEDS:18DEE74E      C0       0       0       0       0    5B97     3B7       0       0
  499999959                    41                    41             4.8716499E-05         1.0000000E+30           1663249       
 NEXT SEEDS:18DEE7F9      C0       0       0       0       0    5B97     3B7       0       0
  499999960                    40                    40             4.8716499E-05         1.0000000E+30           1663249       
 NEXT SEEDS:18DEE8D3      C0       0       0       0       0    5B97     3B7       0       0
  499999961                    39                    39             4.8716498E-05         1.0000000E+30           1663249       
 NEXT SEEDS:18DEE9AE      C0       0       0       0       0    5B97     3B7       0       0
  499999962                    38                    38             4.8716498E-05         1.0000000E+30           1663249       
 NEXT SEEDS:18DEEA8B      C0       0       0       0       0    5B97     3B7       0       0
  499999963                    37                    37             4.8716498E-05         1.0000000E+30           1663249       
 NEXT SEEDS:18DEEB5E      C0       0       0       0       0    5B97     3B7       0       0
  499999964                    36                    36             4.8716498E-05         1.0000000E+30           1663249       
 NEXT SEEDS:18DEEC2C      C0       0       0       0       0    5B97     3B7       0       0
  499999965                    35                    35             4.8716498E-05         1.0000000E+30           1663249       
 NEXT SEEDS:18DEED12      C0       0       0       0       0    5B97     3B7       0       0
  499999966                    34                    34             4.8716498E-05         1.0000000E+30           1663249       
 NEXT SEEDS:18DEEDEB      C0       0       0       0       0    5B97     3B7       0       0
  499999967                    33                    33             4.8716498E-05         1.0000000E+30           1663249       
 NEXT SEEDS:18DEEEC0      C0       0       0       0       0    5B97     3B7       0       0
  499999968                    32                    32             4.8716498E-05         1.0000000E+30           1663249       
 NEXT SEEDS:18DEEF81      C0       0       0       0       0    5B97     3B7       0       0
  499999969                    31                    31             4.8716498E-05         1.0000000E+30           1663249       
 NEXT SEEDS:18DEF05E      C0       0       0       0       0    5B97     3B7       0       0
  499999970                    30                    30             4.8716498E-05         1.0000000E+30           1663249       
 NEXT SEEDS:18DEF137      C0       0       0       0       0    5B97     3B7       0       0
  499999971                    29                    29             4.8716498E-05         1.0000000E+30           1663249       
 NEXT SEEDS:18DEF210      C0       0       0       0       0    5B97     3B7       0       0
  499999972                    28                    28             4.8716497E-05         1.0000000E+30           1663249       
 NEXT SEEDS:18DEF2B9      C0       0       0       0       0    5B97     3B7       0       0
  499999973                    27                    27             4.8716497E-05         1.0000000E+30           1663249       
 NEXT SEEDS:18DEF387      C0       0       0       0       0    5B97     3B7       0       0
  499999974                    26                    26             4.8716497E-05         1.0000000E+30           1663249       
 NEXT SEEDS:18DEF460      C0       0       0       0       0    5B97     3B7       0       0
  499999975                    25                    25             4.8716497E-05         1.0000000E+30           1663249       
 NEXT SEEDS:18DEF51F      C0       0       0       0       0    5B97     3B7       0       0
  499999976                    24                    24             4.8716497E-05         1.0000000E+30           1663249       
 NEXT SEEDS:18DEF5E8      C0       0       0       0       0    5B97     3B7       0       0
  499999977                    23                    23             4.8716497E-05         1.0000000E+30           1663249       
 NEXT SEEDS:18DEF6C0      C0       0       0       0       0    5B97     3B7       0       0
  499999978                    22                    22             4.8716497E-05         1.0000000E+30           1663249       
 NEXT SEEDS:18DEF7AD      C0       0       0       0       0    5B97     3B7       0       0
  499999979                    21                    21             4.8716497E-05         1.0000000E+30           1663249       
 NEXT SEEDS:18DEF7B4      C0       0       0       0       0    5B97     3B7       0       0
  499999980                    20                    20             4.8716497E-05         1.0000000E+30           1663249       
 NEXT SEEDS:18DEF993      C0       0       0       0       0    5B97     3B7       0       0
  499999981                    19                    19             4.8716497E-05         1.0000000E+30           1663249       
 NEXT SEEDS:18DEFA67      C0       0       0       0       0    5B97     3B7       0       0
  499999982                    18                    18             4.8716496E-05         1.0000000E+30           1663249       
 NEXT SEEDS:18DEFB42      C0       0       0       0       0    5B97     3B7       0       0
  499999983                    17                    17             4.8716496E-05         1.0000000E+30           1663249       
 NEXT SEEDS:18DEFC3E      C0       0       0       0       0    5B97     3B7       0       0
  499999984                    16                    16             4.8716496E-05         1.0000000E+30           1663249       
 NEXT SEEDS:18DEFC45      C0       0       0       0       0    5B97     3B7       0       0
  499999985                    15                    15             4.8716496E-05         1.0000000E+30           1663249       
 NEXT SEEDS:18DEFD18      C0       0       0       0       0    5B97     3B7       0       0
  499999986                    14                    14             4.8716496E-05         1.0000000E+30           1663249       
 NEXT SEEDS:18DEFDFE      C0       0       0       0       0    5B97     3B7       0       0
  499999987                    13                    13             4.8716496E-05         1.0000000E+30           1663249       
 NEXT SEEDS:18DEFEDF      C0       0       0       0       0    5B97     3B7       0       0
  499999988                    12                    12             4.8716496E-05         1.0000000E+30           1663249       
 NEXT SEEDS:18DEFEE6      C0       0       0       0       0    5B97     3B7       0       0
  499999989                    11                    11             4.8716496E-05         1.0000000E+30           1663249       
 NEXT SEEDS:18DEFFAE      C0       0       0       0       0    5B97     3B7       0       0
  499999990                    10                    10             4.8716496E-05         1.0000000E+30           1663249       
 NEXT SEEDS:18DF007F      C0       0       0       0       0    5B97     3B7       0       0
  499999991                     9                     9             4.8716496E-05         1.0000000E+30           1663249       
 NEXT SEEDS:18DF015B      C0       0       0       0       0    5B97     3B7       0       0
  499999992                     8                     8             4.8716495E-05         1.0000000E+30           1663249       
 NEXT SEEDS:18DF0227      C0       0       0       0       0    5B97     3B7       0       0
  499999993                     7                     7             4.8716495E-05         1.0000000E+30           1663249       
 NEXT SEEDS:18DF02F1      C0       0       0       0       0    5B97     3B7       0       0
  499999994                     6                     6             4.8716495E-05         1.0000000E+30           1663249       
 NEXT SEEDS:18DF03CD      C0       0       0       0       0    5B97     3B7       0       0
  499999995                     5                     5             4.8716495E-05         1.0000000E+30           1663249       
 NEXT SEEDS:18DF04A9      C0       0       0       0       0    5B97     3B7       0       0
  499999996                     4                     4             4.8716495E-05         1.0000000E+30           1663249       
 NEXT SEEDS:18DF056D      C0       0       0       0       0    5B97     3B7       0       0
  499999997                     3                     3             4.8716495E-05         1.0000000E+30           1663249       
 NEXT SEEDS:18DF065A      C0       0       0       0       0    5B97     3B7       0       0
  499999998                     2                     2             4.8716499E-05         1.0000000E+30           1663249       
 NEXT SEEDS:18DF0730      C0       0       0       0       0    5B97     3B7       0       0
  499999999                     1                     1             4.8716499E-05         1.0000000E+30           1663249       
 NEXT SEEDS:18DF07FB      C0       0       0       0       0    5B97     3B7       0       0
  500000000                     0                     1             4.8716499E-05         1.0000000E+30           1663249       
 NEXT SEEDS:18DF08E2      C0       0       0       0       0    5B97     3B7       0       0
