1NUMBER OF BEAM       NUMBER OF BEAM        APPROXIMATE NUMBER    AVERAGE TIME USED     TIME LEFT (RESERVED   NUMBER OF STARS
 PARTICLES HANDLED    PARTICLES LEFT        OF BEAM PARTICLES     BY A BEAM PARTICLE     10000.0 SECONDS      CREATED
                                            THAT CAN STILL BE                           FOR PRINTOUT)
                                            HANDLED

 NEXT SEEDS:       0       0       0       0       0       0    5B96     3B7       0       0
          1             499999999             499999999             5.6982040E-05         1.0000000E+30                 0       
 NEXT SEEDS:       B       0       0       0       0       0    5B96     3B7       0       0
   10000000             490000000             490000000             4.8967081E-05         1.0000000E+30             33375       
 NEXT SEEDS:371639D3       1       0       0       0       0    5B96     3B7       0       0
   20000000             480000000             480000000             4.8368657E-05         1.0000000E+30             66667       
 NEXT SEEDS:32954C9F       3       0       0       0       0    5B96     3B7       0       0
   30000000             470000000             470000000             4.8629033E-05         1.0000000E+30            100154       
 NEXT SEEDS:2E129A92       5       0       0       0       0    5B96     3B7       0       0
   40000000             460000000             460000000             4.8586399E-05         1.0000000E+30            133482       
 NEXT SEEDS:29868DF1       7       0       0       0       0    5B96     3B7       0       0
   50000000             450000000             450000000             4.8604827E-05         1.0000000E+30            166366       
 NEXT SEEDS:24F2FBE8       9       0       0       0       0    5B96     3B7       0       0
   60000000             440000000             440000000             4.8628071E-05         1.0000000E+30            199565       
 NEXT SEEDS:206B1F65       B       0       0       0       0    5B96     3B7       0       0
   70000000             430000000             430000000             4.8647139E-05         1.0000000E+30            232934       
 NEXT SEEDS:1BEAB77C       D       0       0       0       0    5B96     3B7       0       0
   80000000             420000000             420000000             4.8706371E-05         1.0000000E+30            266382       
 NEXT SEEDS:176A24AA       F       0       0       0       0    5B96     3B7       0       0
   90000000             410000000             410000000             4.8653279E-05         1.0000000E+30            299676       
 NEXT SEEDS:12E21140      11       0       0       0       0    5B96     3B7       0       0
  100000000             400000000             400000000             4.8694689E-05         1.0000000E+30            332748       
 NEXT SEEDS: E57BE8C      13       0       0       0       0    5B96     3B7       0       0
  110000000             390000000             390000000             4.8746455E-05         1.0000000E+30            365967       
 NEXT SEEDS: 9D235CE      15       0       0       0       0    5B96     3B7       0       0
  120000000             380000000             380000000             4.8720765E-05         1.0000000E+30            398920       
 NEXT SEEDS: 54FF1EB      17       0       0       0       0    5B96     3B7       0       0
  130000000             370000000             370000000             4.8616246E-05         1.0000000E+30            432119       
 NEXT SEEDS:  CA6139      19       0       0       0       0    5B96     3B7       0       0
  140000000             360000000             360000000             4.8554553E-05         1.0000000E+30            465347       
 NEXT SEEDS:37DF7BBF      1A       0       0       0       0    5B96     3B7       0       0
  150000000             350000000             350000000             4.8498116E-05         1.0000000E+30            498616       
 NEXT SEEDS:335E7261      1C       0       0       0       0    5B96     3B7       0       0
  160000000             340000000             340000000             4.8430711E-05         1.0000000E+30            531680       
 NEXT SEEDS:2EDA7760      1E       0       0       0       0    5B96     3B7       0       0
  170000000             330000000             330000000             4.8372801E-05         1.0000000E+30            564862       
 NEXT SEEDS:2A4BBE2E      20       0       0       0       0    5B96     3B7       0       0
  180000000             320000000             320000000             4.8317525E-05         1.0000000E+30            597835       
 NEXT SEEDS:25C08D61      22       0       0       0       0    5B96     3B7       0       0
  190000000             310000000             310000000             4.8265585E-05         1.0000000E+30            630845       
 NEXT SEEDS:2132A27E      24       0       0       0       0    5B96     3B7       0       0
  200000000             300000000             300000000             4.8220894E-05         1.0000000E+30            663894       
 NEXT SEEDS:1CA8CEEC      26       0       0       0       0    5B96     3B7       0       0
  210000000             290000000             290000000             4.8183887E-05         1.0000000E+30            697418       
 NEXT SEEDS:1827D386      28       0       0       0       0    5B96     3B7       0       0
  220000000             280000000             280000000             4.8151275E-05         1.0000000E+30            730702       
 NEXT SEEDS:13A8E29B      2A       0       0       0       0    5B96     3B7       0       0
  230000000             270000000             270000000             4.8120746E-05         1.0000000E+30            763923       
 NEXT SEEDS: F1C4E48      2C       0       0       0       0    5B96     3B7       0       0
  240000000             260000000             260000000             4.8082768E-05         1.0000000E+30            797360       
 NEXT SEEDS: A9BC3A4      2E       0       0       0       0    5B96     3B7       0       0
  250000000             250000000             250000000             4.8062391E-05         1.0000000E+30            830694       
 NEXT SEEDS: 613D966      30       0       0       0       0    5B96     3B7       0       0
  260000000             240000000             240000000             4.8055015E-05         1.0000000E+30            863852       
 NEXT SEEDS: 190CCDC      32       0       0       0       0    5B96     3B7       0       0
  270000000             230000000             230000000             4.8036010E-05         1.0000000E+30            897087       
 NEXT SEEDS:389B21AE      33       0       0       0       0    5B96     3B7       0       0
  280000000             220000000             220000000             4.8015186E-05         1.0000000E+30            930813       
 NEXT SEEDS:3420ECA5      35       0       0       0       0    5B96     3B7       0       0
  290000000             210000000             210000000             4.8009712E-05         1.0000000E+30            964513       
 NEXT SEEDS:2FA253B7      37       0       0       0       0    5B96     3B7       0       0
  300000000             200000000             200000000             4.7980902E-05         1.0000000E+30            997773       
 NEXT SEEDS:2B20A417      39       0       0       0       0    5B96     3B7       0       0
  310000000             190000000             190000000             4.7950804E-05         1.0000000E+30           1030852       
 NEXT SEEDS:2698C6B5      3B       0       0       0       0    5B96     3B7       0       0
  320000000             180000000             180000000             4.8122944E-05         1.0000000E+30           1064199       
 NEXT SEEDS:2220728F      3D       0       0       0       0    5B96     3B7       0       0
  330000000             170000000             170000000             4.8161553E-05         1.0000000E+30           1097311       
 NEXT SEEDS:1D989B8D      3F       0       0       0       0    5B96     3B7       0       0
  340000000             160000000             160000000             4.8157744E-05         1.0000000E+30           1130429       
 NEXT SEEDS:1912E51D      41       0       0       0       0    5B96     3B7       0       0
  350000000             150000000             150000000             4.8146518E-05         1.0000000E+30           1163758       
 NEXT SEEDS:1493905D      43       0       0       0       0    5B96     3B7       0       0
  360000000             140000000             140000000             4.8134403E-05         1.0000000E+30           1197147       
 NEXT SEEDS:100FC02B      45       0       0       0       0    5B96     3B7       0       0
  370000000             130000000             130000000             4.8132174E-05         1.0000000E+30           1230346       
 NEXT SEEDS: B8E84F0      47       0       0       0       0    5B96     3B7       0       0
  380000000             120000000             120000000             4.8124995E-05         1.0000000E+30           1263627       
 NEXT SEEDS: 7092781      49       0       0       0       0    5B96     3B7       0       0
  390000000             110000000             110000000             4.8123127E-05         1.0000000E+30           1297060       
 NEXT SEEDS: 28411DD      4B       0       0       0       0    5B96     3B7       0       0
  400000000             100000000             100000000             4.8118077E-05         1.0000000E+30           1330382       
 NEXT SEEDS:399D893E      4C       0       0       0       0    5B96     3B7       0       0
  410000000              90000000              90000000             4.8115411E-05         1.0000000E+30           1363604       
 NEXT SEEDS:3516988A      4E       0       0       0       0    5B96     3B7       0       0
  420000000              80000000              80000000             4.8107520E-05         1.0000000E+30           1396828       
 NEXT SEEDS:308CC831      50       0       0       0       0    5B96     3B7       0       0
  430000000              70000000              70000000             4.8107113E-05         1.0000000E+30           1430479       
 NEXT SEEDS:2C11C57C      52       0       0       0       0    5B96     3B7       0       0
  440000000              60000000              60000000             4.8106521E-05         1.0000000E+30           1464023       
 NEXT SEEDS:279466E0      54       0       0       0       0    5B96     3B7       0       0
  450000000              50000000              50000000             4.8099514E-05         1.0000000E+30           1497487       
 NEXT SEEDS:231865CC      56       0       0       0       0    5B96     3B7       0       0
  460000000              40000000              40000000             4.8094043E-05         1.0000000E+30           1531053       
 NEXT SEEDS:1E9B942D      58       0       0       0       0    5B96     3B7       0       0
  470000000              30000000              30000000             4.8089769E-05         1.0000000E+30           1564252       
 NEXT SEEDS:1A12D229      5A       0       0       0       0    5B96     3B7       0       0
  480000000              20000000              20000000             4.8081735E-05         1.0000000E+30           1597344       
 NEXT SEEDS:158B3583      5C       0       0       0       0    5B96     3B7       0       0
  490000000              10000000              10000000             4.8077583E-05         1.0000000E+30           1630668       
 NEXT SEEDS:11018A10      5E       0       0       0       0    5B96     3B7       0       0
  499999950                    50                    50             4.8080099E-05         1.0000000E+30           1664010       
 NEXT SEEDS: C7AE43F      60       0       0       0       0    5B96     3B7       0       0
  499999951                    49                    49             4.8080099E-05         1.0000000E+30           1664010       
 NEXT SEEDS: C7AE50F      60       0       0       0       0    5B96     3B7       0       0
  499999952                    48                    48             4.8080099E-05         1.0000000E+30           1664010       
 NEXT SEEDS: C7AE516      60       0       0       0       0    5B96     3B7       0       0
  499999953                    47                    47             4.8080099E-05         1.0000000E+30           1664010       
 NEXT SEEDS: C7AE5FD      60       0       0       0       0    5B96     3B7       0       0
  499999954                    46                    46             4.8080098E-05         1.0000000E+30           1664010       
 NEXT SEEDS: C7AE6C6      60       0       0       0       0    5B96     3B7       0       0
  499999955                    45                    45             4.8080098E-05         1.0000000E+30           1664010       
 NEXT SEEDS: C7AE7A3      60       0       0       0       0    5B96     3B7       0       0
  499999956                    44                    44             4.8080098E-05         1.0000000E+30           1664010       
 NEXT SEEDS: C7AE874      60       0       0       0       0    5B96     3B7       0       0
  499999957                    43                    43             4.8080098E-05         1.0000000E+30           1664010       
 NEXT SEEDS: C7AE93A      60       0       0       0       0    5B96     3B7       0       0
  499999958                    42                    42             4.8080098E-05         1.0000000E+30           1664010       
 NEXT SEEDS: C7AEA1C      60       0       0       0       0    5B96     3B7       0       0
  499999959                    41                    41             4.8080098E-05         1.0000000E+30           1664010       
 NEXT SEEDS: C7AEAF6      60       0       0       0       0    5B96     3B7       0       0
  499999960                    40                    40             4.8080098E-05         1.0000000E+30           1664010       
 NEXT SEEDS: C7AEBED      60       0       0       0       0    5B96     3B7       0       0
  499999961                    39                    39             4.8080098E-05         1.0000000E+30           1664010       
 NEXT SEEDS: C7AEBF4      60       0       0       0       0    5B96     3B7       0       0
  499999962                    38                    38             4.8080098E-05         1.0000000E+30           1664010       
 NEXT SEEDS: C7AECDB      60       0       0       0       0    5B96     3B7       0       0
  499999963                    37                    37             4.8080098E-05         1.0000000E+30           1664010       
 NEXT SEEDS: C7AEDA9      60       0       0       0       0    5B96     3B7       0       0
  499999964                    36                    36             4.8080098E-05         1.0000000E+30           1664010       
 NEXT SEEDS: C7AEE84      60       0       0       0       0    5B96     3B7       0       0
  499999965                    35                    35             4.8080097E-05         1.0000000E+30           1664010       
 NEXT SEEDS: C7AEF62      60       0       0       0       0    5B96     3B7       0       0
  499999966                    34                    34             4.8080097E-05         1.0000000E+30           1664010       
 NEXT SEEDS: C7AF05E      60       0       0       0       0    5B96     3B7       0       0
  499999967                    33                    33             4.8080097E-05         1.0000000E+30           1664010       
 NEXT SEEDS: C7AF143      60       0       0       0       0    5B96     3B7       0       0
  499999968                    32                    32             4.8080097E-05         1.0000000E+30           1664010       
 NEXT SEEDS: C7AF21A      60       0       0       0       0    5B96     3B7       0       0
  499999969                    31                    31             4.8080101E-05         1.0000000E+30           1664010       
 NEXT SEEDS: C7AF2FD      60       0       0       0       0    5B96     3B7       0       0
  499999970                    30                    30             4.8080101E-05         1.0000000E+30           1664010       
 NEXT SEEDS: C7AF304      60       0       0       0       0    5B96     3B7       0       0
  499999971                    29                    29             4.8080101E-05         1.0000000E+30           1664010       
 NEXT SEEDS: C7AF3DB      60       0       0       0       0    5B96     3B7       0       0
  499999972                    28                    28             4.8080101E-05         1.0000000E+30           1664010       
 NEXT SEEDS: C7AF57B      60       0       0       0       0    5B96     3B7       0       0
  499999973                    27                    27             4.8080101E-05         1.0000000E+30           1664010       
 NEXT SEEDS: C7AF64C      60       0       0       0       0    5B96     3B7       0       0
  499999974                    26                    26             4.8080100E-05         1.0000000E+30           1664010       
 NEXT SEEDS: C7AF71E      60       0       0       0       0    5B96     3B7       0       0
  499999975                    25                    25             4.8080100E-05         1.0000000E+30           1664010       
 NEXT SEEDS: C7AF727      60       0       0       0       0    5B96     3B7       0       0
  499999976                    24                    24             4.8080100E-05         1.0000000E+30           1664010       
 NEXT SEEDS: C7AF808      60       0       0       0       0    5B96     3B7       0       0
  499999977                    23                    23             4.8080100E-05         1.0000000E+30           1664010       
 NEXT SEEDS: C7AF8E5      60       0       0       0       0    5B96     3B7       0       0
  499999978                    22                    22             4.8080100E-05         1.0000000E+30           1664010       
 NEXT SEEDS: C7AF9CE      60       0       0       0       0    5B96     3B7       0       0
  499999979                    21                    21             4.8080104E-05         1.0000000E+30           1664010       
 NEXT SEEDS: C7AFAA1      60       0       0       0       0    5B96     3B7       0       0
  499999980                    20                    20             4.8080104E-05         1.0000000E+30           1664010       
 NEXT SEEDS: C7AFB7B      60       0       0       0       0    5B96     3B7       0       0
  499999981                    19                    19             4.8080104E-05         1.0000000E+30           1664010       
 NEXT SEEDS: C7AFC40      60       0       0       0       0    5B96     3B7       0       0
  499999982                    18                    18             4.8080104E-05         1.0000000E+30           1664010       
 NEXT SEEDS: C7AFD32      60       0       0       0       0    5B96     3B7       0       0
  499999983                    17                    17             4.8080104E-05         1.0000000E+30           1664010       
 NEXT SEEDS: C7AFE13      60       0       0       0       0    5B96     3B7       0       0
  499999984                    16                    16             4.8080103E-05         1.0000000E+30           1664010       
 NEXT SEEDS: C7AFE1C      60       0       0       0       0    5B96     3B7       0       0
  499999985                    15                    15             4.8080103E-05         1.0000000E+30           1664010       
 NEXT SEEDS: C7AFEE8      60       0       0       0       0    5B96     3B7       0       0
  499999986                    14                    14             4.8080103E-05         1.0000000E+30           1664010       
 NEXT SEEDS: C7AFFC0      60       0       0       0       0    5B96     3B7       0       0
  499999987                    13                    13             4.8080103E-05         1.0000000E+30           1664010       
 NEXT SEEDS: C7AFFC7      60       0       0       0       0    5B96     3B7       0       0
  499999988                    12                    12             4.8080107E-05         1.0000000E+30           1664010       
 NEXT SEEDS: C7B00A8      60       0       0       0       0    5B96     3B7       0       0
  499999989                    11                    11             4.8080107E-05         1.0000000E+30           1664010       
 NEXT SEEDS: C7B00AF      60       0       0       0       0    5B96     3B7       0       0
  499999990                    10                    10             4.8080107E-05         1.0000000E+30           1664010       
 NEXT SEEDS: C7B019E      60       0       0       0       0    5B96     3B7       0       0
  499999991                     9                     9             4.8080107E-05         1.0000000E+30           1664010       
 NEXT SEEDS: C7B0268      60       0       0       0       0    5B96     3B7       0       0
  499999992                     8                     8             4.8080107E-05         1.0000000E+30           1664011       
 NEXT SEEDS: C7B0683      60       0       0       0       0    5B96     3B7       0       0
  499999993                     7                     7             4.8080106E-05         1.0000000E+30           1664011       
 NEXT SEEDS: C7B074B      60       0       0       0       0    5B96     3B7       0       0
  499999994                     6                     6             4.8080106E-05         1.0000000E+30           1664011       
 NEXT SEEDS: C7B0821      60       0       0       0       0    5B96     3B7       0       0
  499999995                     5                     5             4.8080106E-05         1.0000000E+30           1664011       
 NEXT SEEDS: C7B08FC      60       0       0       0       0    5B96     3B7       0       0
  499999996                     4                     4             4.8080110E-05         1.0000000E+30           1664011       
 NEXT SEEDS: C7B09C9      60       0       0       0       0    5B96     3B7       0       0
  499999997                     3                     3             4.8080110E-05         1.0000000E+30           1664011       
 NEXT SEEDS: C7B0A8F      60       0       0       0       0    5B96     3B7       0       0
  499999998                     2                     2             4.8080110E-05         1.0000000E+30           1664011       
 NEXT SEEDS: C7B0A96      60       0       0       0       0    5B96     3B7       0       0
  499999999                     1                     1             4.8080110E-05         1.0000000E+30           1664011       
 NEXT SEEDS: C7B0B6D      60       0       0       0       0    5B96     3B7       0       0
  500000000                     0                     1             4.8080110E-05         1.0000000E+30           1664011       
 NEXT SEEDS: C7B0C3F      60       0       0       0       0    5B96     3B7       0       0
