1NUMBER OF BEAM       NUMBER OF BEAM        APPROXIMATE NUMBER    AVERAGE TIME USED     TIME LEFT (RESERVED   NUMBER OF STARS
 PARTICLES HANDLED    PARTICLES LEFT        OF BEAM PARTICLES     BY A BEAM PARTICLE     10000.0 SECONDS      CREATED
                                            THAT CAN STILL BE                           FOR PRINTOUT)
                                            HANDLED

 NEXT SEEDS:27336F70     301       0       0       0       0    5B97     3B7       0       0
          1             499999999             499999999             1.6307831E-04         1.0000000E+30                 0       
 NEXT SEEDS:2733702A     301       0       0       0       0    5B97     3B7       0       0
   10000000             490000000             490000000             5.0215622E-05         1.0000000E+30             32997       
 NEXT SEEDS:22A919D2     303       0       0       0       0    5B97     3B7       0       0
   20000000             480000000             480000000             5.0060768E-05         1.0000000E+30             66193       
 NEXT SEEDS:1E285B55     305       0       0       0       0    5B97     3B7       0       0
   30000000             470000000             470000000             5.0050054E-05         1.0000000E+30             99260       
 NEXT SEEDS:199B70E0     307       0       0       0       0    5B97     3B7       0       0
   40000000             460000000             460000000             5.0091474E-05         1.0000000E+30            132322       
 NEXT SEEDS:151397FA     309       0       0       0       0    5B97     3B7       0       0
   50000000             450000000             450000000             5.0039236E-05         1.0000000E+30            165893       
 NEXT SEEDS:1090F95E     30B       0       0       0       0    5B97     3B7       0       0
   60000000             440000000             440000000             5.0028949E-05         1.0000000E+30            198973       
 NEXT SEEDS: C03887C     30D       0       0       0       0    5B97     3B7       0       0
   70000000             430000000             430000000             5.0072669E-05         1.0000000E+30            232230       
 NEXT SEEDS: 77B72A8     30F       0       0       0       0    5B97     3B7       0       0
   80000000             420000000             420000000             5.0152111E-05         1.0000000E+30            265644       
 NEXT SEEDS: 2FB525C     311       0       0       0       0    5B97     3B7       0       0
   90000000             410000000             410000000             5.0144403E-05         1.0000000E+30            299087       
 NEXT SEEDS:3A15B0E5     312       0       0       0       0    5B97     3B7       0       0
  100000000             400000000             400000000             5.0067516E-05         1.0000000E+30            332524       
 NEXT SEEDS:35937EAB     314       0       0       0       0    5B97     3B7       0       0
  110000000             390000000             390000000             5.0014961E-05         1.0000000E+30            365838       
 NEXT SEEDS:310F6A00     316       0       0       0       0    5B97     3B7       0       0
  120000000             380000000             380000000             4.9981923E-05         1.0000000E+30            398951       
 NEXT SEEDS:2C8F4480     318       0       0       0       0    5B97     3B7       0       0
  130000000             370000000             370000000             4.9973551E-05         1.0000000E+30            432336       
 NEXT SEEDS:280DFA9D     31A       0       0       0       0    5B97     3B7       0       0
  140000000             360000000             360000000             4.9992963E-05         1.0000000E+30            465483       
 NEXT SEEDS:238F0ED0     31C       0       0       0       0    5B97     3B7       0       0
  150000000             350000000             350000000             4.9941140E-05         1.0000000E+30            498765       
 NEXT SEEDS:1F0EC3A1     31E       0       0       0       0    5B97     3B7       0       0
  160000000             340000000             340000000             4.9921485E-05         1.0000000E+30            532039       
 NEXT SEEDS:1A8C6852     320       0       0       0       0    5B97     3B7       0       0
  170000000             330000000             330000000             4.9884557E-05         1.0000000E+30            565137       
 NEXT SEEDS:160633D5     322       0       0       0       0    5B97     3B7       0       0
  180000000             320000000             320000000             4.9851658E-05         1.0000000E+30            598382       
 NEXT SEEDS:117D5D83     324       0       0       0       0    5B97     3B7       0       0
  190000000             310000000             310000000             4.9849849E-05         1.0000000E+30            631760       
 NEXT SEEDS: CF9EE0D     326       0       0       0       0    5B97     3B7       0       0
  200000000             300000000             300000000             4.9855614E-05         1.0000000E+30            664761       
 NEXT SEEDS: 86A4914     328       0       0       0       0    5B97     3B7       0       0
  210000000             290000000             290000000             4.9840112E-05         1.0000000E+30            698148       
 NEXT SEEDS: 3E28F9B     32A       0       0       0       0    5B97     3B7       0       0
  220000000             280000000             280000000             4.9806444E-05         1.0000000E+30            731338       
 NEXT SEEDS:3AF86F0F     32B       0       0       0       0    5B97     3B7       0       0
  *** Rcfset:kprin,bfcmax,epat00,ppat00,ravpot           1 -0.11609692822325779       0.94262677486619761        9.0500325866336079E-002   12.440777676959296     
  ***RCFSET:EPAT00,VCOUMX,AM(KPRIN),KPRIN  0.94262677486619761        4.4749423834242845E-003  0.93827231000000000                1
  230000000             270000000             270000000             4.9784064E-05         1.0000000E+30            764232       
 NEXT SEEDS:366F264A     32D       0       0       0       0    5B97     3B7       0       0
  240000000             260000000             260000000             4.9736795E-05         1.0000000E+30            797530       
 NEXT SEEDS:31EA938F     32F       0       0       0       0    5B97     3B7       0       0
  250000000             250000000             250000000             4.9709686E-05         1.0000000E+30            830499       
 NEXT SEEDS:2D61D260     331       0       0       0       0    5B97     3B7       0       0
  260000000             240000000             240000000             4.9679844E-05         1.0000000E+30            863590       
 NEXT SEEDS:28D5FFD9     333       0       0       0       0    5B97     3B7       0       0
  270000000             230000000             230000000             4.9649290E-05         1.0000000E+30            896987       
 NEXT SEEDS:24533F96     335       0       0       0       0    5B97     3B7       0       0
  280000000             220000000             220000000             4.9761484E-05         1.0000000E+30            930158       
 NEXT SEEDS:1FD66537     337       0       0       0       0    5B97     3B7       0       0
  290000000             210000000             210000000             4.9736974E-05         1.0000000E+30            963365       
 NEXT SEEDS:1B4E3E80     339       0       0       0       0    5B97     3B7       0       0
  300000000             200000000             200000000             4.9724094E-05         1.0000000E+30            996843       
 NEXT SEEDS:16C57D6D     33B       0       0       0       0    5B97     3B7       0       0
  310000000             190000000             190000000             4.9704220E-05         1.0000000E+30           1030258       
 NEXT SEEDS:12445A88     33D       0       0       0       0    5B97     3B7       0       0
  320000000             180000000             180000000             4.9689184E-05         1.0000000E+30           1063618       
 NEXT SEEDS: DC466AD     33F       0       0       0       0    5B97     3B7       0       0
  330000000             170000000             170000000             4.9681435E-05         1.0000000E+30           1096732       
 NEXT SEEDS: 93961E1     341       0       0       0       0    5B97     3B7       0       0
  340000000             160000000             160000000             4.9663151E-05         1.0000000E+30           1130080       
 NEXT SEEDS: 4B1A99A     343       0       0       0       0    5B97     3B7       0       0
  350000000             150000000             150000000             4.9661084E-05         1.0000000E+30           1163434       
 NEXT SEEDS:  2D5F60     345       0       0       0       0    5B97     3B7       0       0
  360000000             140000000             140000000             4.9683579E-05         1.0000000E+30           1196829       
 NEXT SEEDS:374AF204     346       0       0       0       0    5B97     3B7       0       0
  370000000             130000000             130000000             4.9707566E-05         1.0000000E+30           1230073       
 NEXT SEEDS:32BDAA37     348       0       0       0       0    5B97     3B7       0       0
  380000000             120000000             120000000             4.9727972E-05         1.0000000E+30           1263446       
 NEXT SEEDS:2E3EB533     34A       0       0       0       0    5B97     3B7       0       0
  390000000             110000000             110000000             4.9739465E-05         1.0000000E+30           1296843       
 NEXT SEEDS:29B8BD04     34C       0       0       0       0    5B97     3B7       0       0
  400000000             100000000             100000000             4.9744006E-05         1.0000000E+30           1330037       
 NEXT SEEDS:252B0737     34E       0       0       0       0    5B97     3B7       0       0
  410000000              90000000              90000000             4.9752074E-05         1.0000000E+30           1363663       
 NEXT SEEDS:20AFED97     350       0       0       0       0    5B97     3B7       0       0
  420000000              80000000              80000000             4.9757075E-05         1.0000000E+30           1396941       
 NEXT SEEDS:1C2494FB     352       0       0       0       0    5B97     3B7       0       0
  430000000              70000000              70000000             4.9770355E-05         1.0000000E+30           1430218       
 NEXT SEEDS:17A50AC2     354       0       0       0       0    5B97     3B7       0       0
  440000000              60000000              60000000             4.9768756E-05         1.0000000E+30           1463839       
 NEXT SEEDS:1322742B     356       0       0       0       0    5B97     3B7       0       0
  450000000              50000000              50000000             4.9760683E-05         1.0000000E+30           1496947       
 NEXT SEEDS: E9DA283     358       0       0       0       0    5B97     3B7       0       0
  460000000              40000000              40000000             4.9770879E-05         1.0000000E+30           1529883       
 NEXT SEEDS: A162FE7     35A       0       0       0       0    5B97     3B7       0       0
  470000000              30000000              30000000             4.9773983E-05         1.0000000E+30           1563037       
 NEXT SEEDS: 58EBF9A     35C       0       0       0       0    5B97     3B7       0       0
  480000000              20000000              20000000             4.9755503E-05         1.0000000E+30           1596198       
 NEXT SEEDS: 10CD619     35E       0       0       0       0    5B97     3B7       0       0
  490000000              10000000              10000000             4.9744281E-05         1.0000000E+30           1629402       
 NEXT SEEDS:38236565     35F       0       0       0       0    5B97     3B7       0       0
  499999950                    50                    50             4.9736788E-05         1.0000000E+30           1662558       
 NEXT SEEDS:339DBFA1     361       0       0       0       0    5B97     3B7       0       0
  499999951                    49                    49             4.9736787E-05         1.0000000E+30           1662558       
 NEXT SEEDS:339DC072     361       0       0       0       0    5B97     3B7       0       0
  499999952                    48                    48             4.9736791E-05         1.0000000E+30           1662558       
 NEXT SEEDS:339DC14A     361       0       0       0       0    5B97     3B7       0       0
  499999953                    47                    47             4.9736791E-05         1.0000000E+30           1662558       
 NEXT SEEDS:339DC21F     361       0       0       0       0    5B97     3B7       0       0
  499999954                    46                    46             4.9736791E-05         1.0000000E+30           1662558       
 NEXT SEEDS:339DC2FF     361       0       0       0       0    5B97     3B7       0       0
  499999955                    45                    45             4.9736791E-05         1.0000000E+30           1662558       
 NEXT SEEDS:339DC3AF     361       0       0       0       0    5B97     3B7       0       0
  499999956                    44                    44             4.9736791E-05         1.0000000E+30           1662558       
 NEXT SEEDS:339DC3B6     361       0       0       0       0    5B97     3B7       0       0
  499999957                    43                    43             4.9736791E-05         1.0000000E+30           1662558       
 NEXT SEEDS:339DC3BF     361       0       0       0       0    5B97     3B7       0       0
  499999958                    42                    42             4.9736791E-05         1.0000000E+30           1662558       
 NEXT SEEDS:339DC49A     361       0       0       0       0    5B97     3B7       0       0
  499999959                    41                    41             4.9736794E-05         1.0000000E+30           1662558       
 NEXT SEEDS:339DC556     361       0       0       0       0    5B97     3B7       0       0
  499999960                    40                    40             4.9736794E-05         1.0000000E+30           1662558       
 NEXT SEEDS:339DC55F     361       0       0       0       0    5B97     3B7       0       0
  499999961                    39                    39             4.9736794E-05         1.0000000E+30           1662558       
 NEXT SEEDS:339DC61C     361       0       0       0       0    5B97     3B7       0       0
  499999962                    38                    38             4.9736794E-05         1.0000000E+30           1662559       
 NEXT SEEDS:339DCA8D     361       0       0       0       0    5B97     3B7       0       0
  499999963                    37                    37             4.9736794E-05         1.0000000E+30           1662559       
 NEXT SEEDS:339DCA96     361       0       0       0       0    5B97     3B7       0       0
  499999964                    36                    36             4.9736798E-05         1.0000000E+30           1662559       
 NEXT SEEDS:339DCA9F     361       0       0       0       0    5B97     3B7       0       0
  499999965                    35                    35             4.9736798E-05         1.0000000E+30           1662559       
 NEXT SEEDS:339DCB94     361       0       0       0       0    5B97     3B7       0       0
  499999966                    34                    34             4.9736798E-05         1.0000000E+30           1662559       
 NEXT SEEDS:339DCC76     361       0       0       0       0    5B97     3B7       0       0
  499999967                    33                    33             4.9736798E-05         1.0000000E+30           1662559       
 NEXT SEEDS:339DCD50     361       0       0       0       0    5B97     3B7       0       0
  499999968                    32                    32             4.9736797E-05         1.0000000E+30           1662559       
 NEXT SEEDS:339DCDFD     361       0       0       0       0    5B97     3B7       0       0
  499999969                    31                    31             4.9736797E-05         1.0000000E+30           1662559       
 NEXT SEEDS:339DCE04     361       0       0       0       0    5B97     3B7       0       0
  499999970                    30                    30             4.9736797E-05         1.0000000E+30           1662559       
 NEXT SEEDS:339DCE0B     361       0       0       0       0    5B97     3B7       0       0
  499999971                    29                    29             4.9736797E-05         1.0000000E+30           1662559       
 NEXT SEEDS:339DCEEA     361       0       0       0       0    5B97     3B7       0       0
  499999972                    28                    28             4.9736797E-05         1.0000000E+30           1662559       
 NEXT SEEDS:339DCFCA     361       0       0       0       0    5B97     3B7       0       0
  499999973                    27                    27             4.9736797E-05         1.0000000E+30           1662559       
 NEXT SEEDS:339DD0A0     361       0       0       0       0    5B97     3B7       0       0
  499999974                    26                    26             4.9736797E-05         1.0000000E+30           1662559       
 NEXT SEEDS:339DD179     361       0       0       0       0    5B97     3B7       0       0
  499999975                    25                    25             4.9736797E-05         1.0000000E+30           1662559       
 NEXT SEEDS:339DD318     361       0       0       0       0    5B97     3B7       0       0
  499999976                    24                    24             4.9736797E-05         1.0000000E+30           1662559       
 NEXT SEEDS:339DD31F     361       0       0       0       0    5B97     3B7       0       0
  499999977                    23                    23             4.9736797E-05         1.0000000E+30           1662559       
 NEXT SEEDS:339DD3EB     361       0       0       0       0    5B97     3B7       0       0
  499999978                    22                    22             4.9736796E-05         1.0000000E+30           1662559       
 NEXT SEEDS:339DD4C8     361       0       0       0       0    5B97     3B7       0       0
  499999979                    21                    21             4.9736796E-05         1.0000000E+30           1662559       
 NEXT SEEDS:339DD59B     361       0       0       0       0    5B97     3B7       0       0
  499999980                    20                    20             4.9736796E-05         1.0000000E+30           1662559       
 NEXT SEEDS:339DD679     361       0       0       0       0    5B97     3B7       0       0
  499999981                    19                    19             4.9736796E-05         1.0000000E+30           1662559       
 NEXT SEEDS:339DD724     361       0       0       0       0    5B97     3B7       0       0
  499999982                    18                    18             4.9736796E-05         1.0000000E+30           1662559       
 NEXT SEEDS:339DD807     361       0       0       0       0    5B97     3B7       0       0
  499999983                    17                    17             4.9736796E-05         1.0000000E+30           1662559       
 NEXT SEEDS:339DD8E9     361       0       0       0       0    5B97     3B7       0       0
  499999984                    16                    16             4.9736800E-05         1.0000000E+30           1662559       
 NEXT SEEDS:339DD9BD     361       0       0       0       0    5B97     3B7       0       0
  499999985                    15                    15             4.9736800E-05         1.0000000E+30           1662559       
 NEXT SEEDS:339DDA91     361       0       0       0       0    5B97     3B7       0       0
  499999986                    14                    14             4.9736800E-05         1.0000000E+30           1662559       
 NEXT SEEDS:339DDA98     361       0       0       0       0    5B97     3B7       0       0
  499999987                    13                    13             4.9736799E-05         1.0000000E+30           1662559       
 NEXT SEEDS:339DDB65     361       0       0       0       0    5B97     3B7       0       0
  499999988                    12                    12             4.9736799E-05         1.0000000E+30           1662559       
 NEXT SEEDS:339DDC38     361       0       0       0       0    5B97     3B7       0       0
  499999989                    11                    11             4.9736799E-05         1.0000000E+30           1662559       
 NEXT SEEDS:339DDD06     361       0       0       0       0    5B97     3B7       0       0
  499999990                    10                    10             4.9736799E-05         1.0000000E+30           1662559       
 NEXT SEEDS:339DDD0D     361       0       0       0       0    5B97     3B7       0       0
  499999991                     9                     9             4.9736803E-05         1.0000000E+30           1662559       
 NEXT SEEDS:339DDE08     361       0       0       0       0    5B97     3B7       0       0
  499999992                     8                     8             4.9736803E-05         1.0000000E+30           1662559       
 NEXT SEEDS:339DDEE7     361       0       0       0       0    5B97     3B7       0       0
  499999993                     7                     7             4.9736803E-05         1.0000000E+30           1662559       
 NEXT SEEDS:339DDFB8     361       0       0       0       0    5B97     3B7       0       0
  499999994                     6                     6             4.9736803E-05         1.0000000E+30           1662559       
 NEXT SEEDS:339DDFBF     361       0       0       0       0    5B97     3B7       0       0
  499999995                     5                     5             4.9736803E-05         1.0000000E+30           1662559       
 NEXT SEEDS:339DE09F     361       0       0       0       0    5B97     3B7       0       0
  499999996                     4                     4             4.9736802E-05         1.0000000E+30           1662559       
 NEXT SEEDS:339DE17B     361       0       0       0       0    5B97     3B7       0       0
  499999997                     3                     3             4.9736802E-05         1.0000000E+30           1662559       
 NEXT SEEDS:339DE266     361       0       0       0       0    5B97     3B7       0       0
  499999998                     2                     2             4.9736806E-05         1.0000000E+30           1662559       
 NEXT SEEDS:339DE33A     361       0       0       0       0    5B97     3B7       0       0
  499999999                     1                     1             4.9736806E-05         1.0000000E+30           1662559       
 NEXT SEEDS:339DE41B     361       0       0       0       0    5B97     3B7       0       0
  500000000                     0                     1             4.9736806E-05         1.0000000E+30           1662559       
 NEXT SEEDS:339DE426     361       0       0       0       0    5B97     3B7       0       0
