1NUMBER OF BEAM       NUMBER OF BEAM        APPROXIMATE NUMBER    AVERAGE TIME USED     TIME LEFT (RESERVED   NUMBER OF STARS
 PARTICLES HANDLED    PARTICLES LEFT        OF BEAM PARTICLES     BY A BEAM PARTICLE     10000.0 SECONDS      CREATED
                                            THAT CAN STILL BE                           FOR PRINTOUT)
                                            HANDLED

 NEXT SEEDS: C5576BF      60       0       0       0       0    5B95     3B7       0       0
          1             499999999             499999999             1.4877319E-04         1.0000000E+30                 0       
 NEXT SEEDS: C557798      60       0       0       0       0    5B95     3B7       0       0
   10000000             490000000             490000000             4.7040624E-05         1.0000000E+30             33255       
 NEXT SEEDS: 7D3AACC      62       0       0       0       0    5B95     3B7       0       0
   20000000             480000000             480000000             4.7103420E-05         1.0000000E+30             66222       
 NEXT SEEDS: 34A6342      64       0       0       0       0    5B95     3B7       0       0
   30000000             470000000             470000000             4.7080125E-05         1.0000000E+30             99593       
 NEXT SEEDS:3A673B88      65       0       0       0       0    5B95     3B7       0       0
   40000000             460000000             460000000             4.7204094E-05         1.0000000E+30            132803       
 NEXT SEEDS:35DFE944      67       0       0       0       0    5B95     3B7       0       0
   50000000             450000000             450000000             4.7216517E-05         1.0000000E+30            166031       
 NEXT SEEDS:315B196B      69       0       0       0       0    5B95     3B7       0       0
   60000000             440000000             440000000             4.7192406E-05         1.0000000E+30            199432       
 NEXT SEEDS:2CD84671      6B       0       0       0       0    5B95     3B7       0       0
   70000000             430000000             430000000             4.7242054E-05         1.0000000E+30            232575       
 NEXT SEEDS:2850B3C0      6D       0       0       0       0    5B95     3B7       0       0
   80000000             420000000             420000000             4.7255938E-05         1.0000000E+30            265893       
 NEXT SEEDS:23CDC53B      6F       0       0       0       0    5B95     3B7       0       0
   90000000             410000000             410000000             4.7238213E-05         1.0000000E+30            299039       
 NEXT SEEDS:1F435415      71       0       0       0       0    5B95     3B7       0       0
  100000000             400000000             400000000             4.7283737E-05         1.0000000E+30            332458       
 NEXT SEEDS:1AC20756      73       0       0       0       0    5B95     3B7       0       0
  110000000             390000000             390000000             4.7322036E-05         1.0000000E+30            366036       
 NEXT SEEDS:164073E3      75       0       0       0       0    5B95     3B7       0       0
  120000000             380000000             380000000             4.7308441E-05         1.0000000E+30            399292       
 NEXT SEEDS:11B740B3      77       0       0       0       0    5B95     3B7       0       0
  130000000             370000000             370000000             4.7308531E-05         1.0000000E+30            432334       
 NEXT SEEDS: D302AAE      79       0       0       0       0    5B95     3B7       0       0
  140000000             360000000             360000000             4.7338568E-05         1.0000000E+30            465341       
 NEXT SEEDS: 8A133F2      7B       0       0       0       0    5B95     3B7       0       0
  150000000             350000000             350000000             4.7330841E-05         1.0000000E+30            498630       
 NEXT SEEDS: 424409F      7D       0       0       0       0    5B95     3B7       0       0
  160000000             340000000             340000000             4.7323088E-05         1.0000000E+30            532171       
 NEXT SEEDS:3B408DB4      7E       0       0       0       0    5B95     3B7       0       0
  170000000             330000000             330000000             4.7318248E-05         1.0000000E+30            565132       
 NEXT SEEDS:36B5F8C5      80       0       0       0       0    5B95     3B7       0       0
  180000000             320000000             320000000             4.7321388E-05         1.0000000E+30            598394       
 NEXT SEEDS:32333D6B      82       0       0       0       0    5B95     3B7       0       0
  190000000             310000000             310000000             4.7330978E-05         1.0000000E+30            631817       
 NEXT SEEDS:2DBB68C9      84       0       0       0       0    5B95     3B7       0       0
  200000000             300000000             300000000             4.7326998E-05         1.0000000E+30            665179       
 NEXT SEEDS:29356B6B      86       0       0       0       0    5B95     3B7       0       0
  210000000             290000000             290000000             4.7316533E-05         1.0000000E+30            698351       
 NEXT SEEDS:24AE1EA8      88       0       0       0       0    5B95     3B7       0       0
  220000000             280000000             280000000             4.7323381E-05         1.0000000E+30            731777       
 NEXT SEEDS:202F2C4A      8A       0       0       0       0    5B95     3B7       0       0
  230000000             270000000             270000000             4.7314420E-05         1.0000000E+30            765039       
 NEXT SEEDS:1BA477E0      8C       0       0       0       0    5B95     3B7       0       0
  240000000             260000000             260000000             4.7306279E-05         1.0000000E+30            798086       
 NEXT SEEDS:171AC121      8E       0       0       0       0    5B95     3B7       0       0
  250000000             250000000             250000000             4.7296200E-05         1.0000000E+30            831401       
 NEXT SEEDS:1298A47E      90       0       0       0       0    5B95     3B7       0       0
  260000000             240000000             240000000             4.7305931E-05         1.0000000E+30            864215       
 NEXT SEEDS: E013579      92       0       0       0       0    5B95     3B7       0       0
  270000000             230000000             230000000             4.7303068E-05         1.0000000E+30            897504       
 NEXT SEEDS: 9812100      94       0       0       0       0    5B95     3B7       0       0
  280000000             220000000             220000000             4.7312605E-05         1.0000000E+30            930937       
 NEXT SEEDS: 4FDE834      96       0       0       0       0    5B95     3B7       0       0
  290000000             210000000             210000000             4.7328344E-05         1.0000000E+30            964239       
 NEXT SEEDS:  7DDFCC      98       0       0       0       0    5B95     3B7       0       0
  300000000             200000000             200000000             4.7324323E-05         1.0000000E+30            997552       
 NEXT SEEDS:379808BF      99       0       0       0       0    5B95     3B7       0       0
  310000000             190000000             190000000             4.7360582E-05         1.0000000E+30           1030954       
 NEXT SEEDS:3315CA85      9B       0       0       0       0    5B95     3B7       0       0
  320000000             180000000             180000000             4.7368064E-05         1.0000000E+30           1063968       
 NEXT SEEDS:2E8B4DE1      9D       0       0       0       0    5B95     3B7       0       0
  330000000             170000000             170000000             4.7379800E-05         1.0000000E+30           1097173       
 NEXT SEEDS:2A063AD2      9F       0       0       0       0    5B95     3B7       0       0
  340000000             160000000             160000000             4.7399147E-05         1.0000000E+30           1130424       
 NEXT SEEDS:257C77DE      A1       0       0       0       0    5B95     3B7       0       0
  350000000             150000000             150000000             4.7416214E-05         1.0000000E+30           1163859       
 NEXT SEEDS:20F9EBAF      A3       0       0       0       0    5B95     3B7       0       0
  360000000             140000000             140000000             4.7438143E-05         1.0000000E+30           1196832       
 NEXT SEEDS:1C68A3EC      A5       0       0       0       0    5B95     3B7       0       0
  370000000             130000000             130000000             4.7457436E-05         1.0000000E+30           1230104       
 NEXT SEEDS:17DE5543      A7       0       0       0       0    5B95     3B7       0       0
  380000000             120000000             120000000             4.7478149E-05         1.0000000E+30           1263118       
 NEXT SEEDS:1354F51F      A9       0       0       0       0    5B95     3B7       0       0
  390000000             110000000             110000000             4.7494394E-05         1.0000000E+30           1296450       
 NEXT SEEDS: ECF79E2      AB       0       0       0       0    5B95     3B7       0       0
  400000000             100000000             100000000             4.7508636E-05         1.0000000E+30           1329562       
 NEXT SEEDS: A4553A4      AD       0       0       0       0    5B95     3B7       0       0
  410000000              90000000              90000000             4.7538703E-05         1.0000000E+30           1362964       
 NEXT SEEDS: 5BE2D28      AF       0       0       0       0    5B95     3B7       0       0
  420000000              80000000              80000000             4.7554537E-05         1.0000000E+30           1395920       
 NEXT SEEDS: 1359BD8      B1       0       0       0       0    5B95     3B7       0       0
  430000000              70000000              70000000             4.7593462E-05         1.0000000E+30           1429389       
 NEXT SEEDS:384B19B0      B2       0       0       0       0    5B95     3B7       0       0
  440000000              60000000              60000000             4.7629841E-05         1.0000000E+30           1462572       
 NEXT SEEDS:33C31B9A      B4       0       0       0       0    5B95     3B7       0       0
  450000000              50000000              50000000             4.7649269E-05         1.0000000E+30           1495673       
 NEXT SEEDS:2F46767B      B6       0       0       0       0    5B95     3B7       0       0
  460000000              40000000              40000000             4.7640109E-05         1.0000000E+30           1528760       
 NEXT SEEDS:2AC0B988      B8       0       0       0       0    5B95     3B7       0       0
  470000000              30000000              30000000             4.7635761E-05         1.0000000E+30           1562133       
 NEXT SEEDS:263C1C02      BA       0       0       0       0    5B95     3B7       0       0
  480000000              20000000              20000000             4.7626874E-05         1.0000000E+30           1595466       
 NEXT SEEDS:21BEE103      BC       0       0       0       0    5B95     3B7       0       0
  490000000              10000000              10000000             4.7617118E-05         1.0000000E+30           1628881       
 NEXT SEEDS:1D3993FD      BE       0       0       0       0    5B95     3B7       0       0
  499999950                    50                    50             4.7619007E-05         1.0000000E+30           1662195       
 NEXT SEEDS:18B087C2      C0       0       0       0       0    5B95     3B7       0       0
  499999951                    49                    49             4.7619011E-05         1.0000000E+30           1662195       
 NEXT SEEDS:18B0889C      C0       0       0       0       0    5B95     3B7       0       0
  499999952                    48                    48             4.7619011E-05         1.0000000E+30           1662195       
 NEXT SEEDS:18B0897E      C0       0       0       0       0    5B95     3B7       0       0
  499999953                    47                    47             4.7619011E-05         1.0000000E+30           1662195       
 NEXT SEEDS:18B08A7B      C0       0       0       0       0    5B95     3B7       0       0
  499999954                    46                    46             4.7619011E-05         1.0000000E+30           1662195       
 NEXT SEEDS:18B08B49      C0       0       0       0       0    5B95     3B7       0       0
  499999955                    45                    45             4.7619010E-05         1.0000000E+30           1662195       
 NEXT SEEDS:18B08C0C      C0       0       0       0       0    5B95     3B7       0       0
  499999956                    44                    44             4.7619010E-05         1.0000000E+30           1662195       
 NEXT SEEDS:18B08CCF      C0       0       0       0       0    5B95     3B7       0       0
  499999957                    43                    43             4.7619010E-05         1.0000000E+30           1662195       
 NEXT SEEDS:18B08D95      C0       0       0       0       0    5B95     3B7       0       0
  499999958                    42                    42             4.7619010E-05         1.0000000E+30           1662195       
 NEXT SEEDS:18B08E95      C0       0       0       0       0    5B95     3B7       0       0
  499999959                    41                    41             4.7619014E-05         1.0000000E+30           1662195       
 NEXT SEEDS:18B08F67      C0       0       0       0       0    5B95     3B7       0       0
  499999960                    40                    40             4.7619014E-05         1.0000000E+30           1662195       
 NEXT SEEDS:18B08F6E      C0       0       0       0       0    5B95     3B7       0       0
  499999961                    39                    39             4.7619014E-05         1.0000000E+30           1662195       
 NEXT SEEDS:18B09060      C0       0       0       0       0    5B95     3B7       0       0
  499999962                    38                    38             4.7619014E-05         1.0000000E+30           1662195       
 NEXT SEEDS:18B09140      C0       0       0       0       0    5B95     3B7       0       0
  499999963                    37                    37             4.7619014E-05         1.0000000E+30           1662195       
 NEXT SEEDS:18B09147      C0       0       0       0       0    5B95     3B7       0       0
  499999964                    36                    36             4.7619014E-05         1.0000000E+30           1662195       
 NEXT SEEDS:18B09211      C0       0       0       0       0    5B95     3B7       0       0
  499999965                    35                    35             4.7619013E-05         1.0000000E+30           1662195       
 NEXT SEEDS:18B092F7      C0       0       0       0       0    5B95     3B7       0       0
  499999966                    34                    34             4.7619013E-05         1.0000000E+30           1662195       
 NEXT SEEDS:18B093CD      C0       0       0       0       0    5B95     3B7       0       0
  499999967                    33                    33             4.7619013E-05         1.0000000E+30           1662195       
 NEXT SEEDS:18B09497      C0       0       0       0       0    5B95     3B7       0       0
  499999968                    32                    32             4.7619013E-05         1.0000000E+30           1662195       
 NEXT SEEDS:18B09580      C0       0       0       0       0    5B95     3B7       0       0
  499999969                    31                    31             4.7619013E-05         1.0000000E+30           1662195       
 NEXT SEEDS:18B09589      C0       0       0       0       0    5B95     3B7       0       0
  499999970                    30                    30             4.7619017E-05         1.0000000E+30           1662195       
 NEXT SEEDS:18B09666      C0       0       0       0       0    5B95     3B7       0       0
  499999971                    29                    29             4.7619017E-05         1.0000000E+30           1662195       
 NEXT SEEDS:18B0972D      C0       0       0       0       0    5B95     3B7       0       0
  499999972                    28                    28             4.7619017E-05         1.0000000E+30           1662195       
 NEXT SEEDS:18B0980E      C0       0       0       0       0    5B95     3B7       0       0
  499999973                    27                    27             4.7619017E-05         1.0000000E+30           1662195       
 NEXT SEEDS:18B098E0      C0       0       0       0       0    5B95     3B7       0       0
  499999974                    26                    26             4.7619016E-05         1.0000000E+30           1662195       
 NEXT SEEDS:18B099AB      C0       0       0       0       0    5B95     3B7       0       0
  499999975                    25                    25             4.7619016E-05         1.0000000E+30           1662195       
 NEXT SEEDS:18B099B2      C0       0       0       0       0    5B95     3B7       0       0
  499999976                    24                    24             4.7619016E-05         1.0000000E+30           1662195       
 NEXT SEEDS:18B099B9      C0       0       0       0       0    5B95     3B7       0       0
  499999977                    23                    23             4.7619016E-05         1.0000000E+30           1662195       
 NEXT SEEDS:18B09A8E      C0       0       0       0       0    5B95     3B7       0       0
  499999978                    22                    22             4.7619016E-05         1.0000000E+30           1662195       
 NEXT SEEDS:18B09B50      C0       0       0       0       0    5B95     3B7       0       0
  499999979                    21                    21             4.7619016E-05         1.0000000E+30           1662195       
 NEXT SEEDS:18B09C32      C0       0       0       0       0    5B95     3B7       0       0
  499999980                    20                    20             4.7619020E-05         1.0000000E+30           1662195       
 NEXT SEEDS:18B09D07      C0       0       0       0       0    5B95     3B7       0       0
  499999981                    19                    19             4.7619020E-05         1.0000000E+30           1662195       
 NEXT SEEDS:18B09DE9      C0       0       0       0       0    5B95     3B7       0       0
  499999982                    18                    18             4.7619020E-05         1.0000000E+30           1662195       
 NEXT SEEDS:18B09EBA      C0       0       0       0       0    5B95     3B7       0       0
  499999983                    17                    17             4.7619020E-05         1.0000000E+30           1662195       
 NEXT SEEDS:18B09F8C      C0       0       0       0       0    5B95     3B7       0       0
  499999984                    16                    16             4.7619019E-05         1.0000000E+30           1662195       
 NEXT SEEDS:18B0A066      C0       0       0       0       0    5B95     3B7       0       0
  499999985                    15                    15             4.7619019E-05         1.0000000E+30           1662195       
 NEXT SEEDS:18B0A138      C0       0       0       0       0    5B95     3B7       0       0
  499999986                    14                    14             4.7619019E-05         1.0000000E+30           1662195       
 NEXT SEEDS:18B0A20C      C0       0       0       0       0    5B95     3B7       0       0
  499999987                    13                    13             4.7619019E-05         1.0000000E+30           1662195       
 NEXT SEEDS:18B0A213      C0       0       0       0       0    5B95     3B7       0       0
  499999988                    12                    12             4.7619019E-05         1.0000000E+30           1662195       
 NEXT SEEDS:18B0A2E3      C0       0       0       0       0    5B95     3B7       0       0
  499999989                    11                    11             4.7619019E-05         1.0000000E+30           1662195       
 NEXT SEEDS:18B0A3BC      C0       0       0       0       0    5B95     3B7       0       0
  499999990                    10                    10             4.7619019E-05         1.0000000E+30           1662195       
 NEXT SEEDS:18B0A49E      C0       0       0       0       0    5B95     3B7       0       0
  499999991                     9                     9             4.7619019E-05         1.0000000E+30           1662195       
 NEXT SEEDS:18B0A572      C0       0       0       0       0    5B95     3B7       0       0
  499999992                     8                     8             4.7619019E-05         1.0000000E+30           1662195       
 NEXT SEEDS:18B0A57B      C0       0       0       0       0    5B95     3B7       0       0
  499999993                     7                     7             4.7619019E-05         1.0000000E+30           1662195       
 NEXT SEEDS:18B0A65B      C0       0       0       0       0    5B95     3B7       0       0
  499999994                     6                     6             4.7619018E-05         1.0000000E+30           1662195       
 NEXT SEEDS:18B0A72F      C0       0       0       0       0    5B95     3B7       0       0
  499999995                     5                     5             4.7619018E-05         1.0000000E+30           1662195       
 NEXT SEEDS:18B0A7A9      C0       0       0       0       0    5B95     3B7       0       0
  499999996                     4                     4             4.7619018E-05         1.0000000E+30           1662195       
 NEXT SEEDS:18B0A882      C0       0       0       0       0    5B95     3B7       0       0
  499999997                     3                     3             4.7619018E-05         1.0000000E+30           1662195       
 NEXT SEEDS:18B0A981      C0       0       0       0       0    5B95     3B7       0       0
  499999998                     2                     2             4.7619018E-05         1.0000000E+30           1662195       
 NEXT SEEDS:18B0A988      C0       0       0       0       0    5B95     3B7       0       0
  499999999                     1                     1             4.7619018E-05         1.0000000E+30           1662195       
 NEXT SEEDS:18B0AA72      C0       0       0       0       0    5B95     3B7       0       0
  500000000                     0                     1             4.7619018E-05         1.0000000E+30           1662195       
 NEXT SEEDS:18B0AB50      C0       0       0       0       0    5B95     3B7       0       0
