1NUMBER OF BEAM       NUMBER OF BEAM        APPROXIMATE NUMBER    AVERAGE TIME USED     TIME LEFT (RESERVED   NUMBER OF STARS
 PARTICLES HANDLED    PARTICLES LEFT        OF BEAM PARTICLES     BY A BEAM PARTICLE     10000.0 SECONDS      CREATED
                                            THAT CAN STILL BE                           FOR PRINTOUT)
                                            HANDLED

 NEXT SEEDS:25089398     120       0       0       0       0    5B97     3B7       0       0
          1             499999999             499999999             1.4066696E-04         1.0000000E+30                 0       
 NEXT SEEDS:25089478     120       0       0       0       0    5B97     3B7       0       0
   10000000             490000000             490000000             4.9500254E-05         1.0000000E+30             33120       
 NEXT SEEDS:20854D8F     122       0       0       0       0    5B97     3B7       0       0
   20000000             480000000             480000000             4.9261791E-05         1.0000000E+30             66353       
 NEXT SEEDS:1C01AAA4     124       0       0       0       0    5B97     3B7       0       0
   30000000             470000000             470000000             4.9145711E-05         1.0000000E+30             99935       
 NEXT SEEDS:17816C83     126       0       0       0       0    5B97     3B7       0       0
   40000000             460000000             460000000             4.9049841E-05         1.0000000E+30            133230       
 NEXT SEEDS:12FDC7E8     128       0       0       0       0    5B97     3B7       0       0
   50000000             450000000             450000000             4.8904089E-05         1.0000000E+30            166423       
 NEXT SEEDS: E76F675     12A       0       0       0       0    5B97     3B7       0       0
   60000000             440000000             440000000             4.8627992E-05         1.0000000E+30            199838       
 NEXT SEEDS: 9F7A3EA     12C       0       0       0       0    5B97     3B7       0       0
   70000000             430000000             430000000             4.8479424E-05         1.0000000E+30            233159       
 NEXT SEEDS: 575E5DD     12E       0       0       0       0    5B97     3B7       0       0
   80000000             420000000             420000000             4.8373497E-05         1.0000000E+30            266679       
 NEXT SEEDS:  F4347F     130       0       0       0       0    5B97     3B7       0       0
   90000000             410000000             410000000             4.8259742E-05         1.0000000E+30            300283       
 NEXT SEEDS:380A9517     131       0       0       0       0    5B97     3B7       0       0
  100000000             400000000             400000000             4.8194564E-05         1.0000000E+30            333740       
 NEXT SEEDS:338A5B82     133       0       0       0       0    5B97     3B7       0       0
  110000000             390000000             390000000             4.8131724E-05         1.0000000E+30            367057       
 NEXT SEEDS:2F0691F2     135       0       0       0       0    5B97     3B7       0       0
  120000000             380000000             380000000             4.8069941E-05         1.0000000E+30            400460       
 NEXT SEEDS:2A86B844     137       0       0       0       0    5B97     3B7       0       0
  130000000             370000000             370000000             4.8208938E-05         1.0000000E+30            433657       
 NEXT SEEDS:2603E6F4     139       0       0       0       0    5B97     3B7       0       0
  140000000             360000000             360000000             4.8256221E-05         1.0000000E+30            467007       
 NEXT SEEDS:217C8EA5     13B       0       0       0       0    5B97     3B7       0       0
  150000000             350000000             350000000             4.8307447E-05         1.0000000E+30            500277       
 NEXT SEEDS:1CFB9D7E     13D       0       0       0       0    5B97     3B7       0       0
  160000000             340000000             340000000             4.8322896E-05         1.0000000E+30            533910       
 NEXT SEEDS:187E830F     13F       0       0       0       0    5B97     3B7       0       0
  170000000             330000000             330000000             4.8361784E-05         1.0000000E+30            566958       
 NEXT SEEDS:13F1EC29     141       0       0       0       0    5B97     3B7       0       0
  180000000             320000000             320000000             4.8363571E-05         1.0000000E+30            600108       
 NEXT SEEDS: F65AAFB     143       0       0       0       0    5B97     3B7       0       0
  190000000             310000000             310000000             4.8389851E-05         1.0000000E+30            633464       
 NEXT SEEDS: ADF494D     145       0       0       0       0    5B97     3B7       0       0
  200000000             300000000             300000000             4.8456886E-05         1.0000000E+30            666690       
 NEXT SEEDS: 65D69AB     147       0       0       0       0    5B97     3B7       0       0
  210000000             290000000             290000000             4.8483405E-05         1.0000000E+30            699933       
 NEXT SEEDS: 1D6E98A     149       0       0       0       0    5B97     3B7       0       0
  220000000             280000000             280000000             4.8491541E-05         1.0000000E+30            733020       
 NEXT SEEDS:38E7C789     14A       0       0       0       0    5B97     3B7       0       0
  230000000             270000000             270000000             4.8510154E-05         1.0000000E+30            766087       
 NEXT SEEDS:3464B2D3     14C       0       0       0       0    5B97     3B7       0       0
  240000000             260000000             260000000             4.8528436E-05         1.0000000E+30            799624       
 NEXT SEEDS:2FE1F0EC     14E       0       0       0       0    5B97     3B7       0       0
  250000000             250000000             250000000             4.8542833E-05         1.0000000E+30            832992       
 NEXT SEEDS:2B609D56     150       0       0       0       0    5B97     3B7       0       0
  260000000             240000000             240000000             4.8564691E-05         1.0000000E+30            866162       
 NEXT SEEDS:26CABF5A     152       0       0       0       0    5B97     3B7       0       0
  270000000             230000000             230000000             4.8558765E-05         1.0000000E+30            899415       
 NEXT SEEDS:22432BB7     154       0       0       0       0    5B97     3B7       0       0
  280000000             220000000             220000000             4.8593190E-05         1.0000000E+30            933131       
 NEXT SEEDS:1DC92224     156       0       0       0       0    5B97     3B7       0       0
  290000000             210000000             210000000             4.8633773E-05         1.0000000E+30            966384       
 NEXT SEEDS:194AB21A     158       0       0       0       0    5B97     3B7       0       0
  300000000             200000000             200000000             4.8663559E-05         1.0000000E+30            999644       
 NEXT SEEDS:14C77010     15A       0       0       0       0    5B97     3B7       0       0
  310000000             190000000             190000000             4.8640188E-05         1.0000000E+30           1032764       
 NEXT SEEDS:103947E7     15C       0       0       0       0    5B97     3B7       0       0
  320000000             180000000             180000000             4.8628962E-05         1.0000000E+30           1066136       
 NEXT SEEDS: BB37484     15E       0       0       0       0    5B97     3B7       0       0
  330000000             170000000             170000000             4.8605562E-05         1.0000000E+30           1099427       
 NEXT SEEDS: 72F273A     160       0       0       0       0    5B97     3B7       0       0
  340000000             160000000             160000000             4.8583193E-05         1.0000000E+30           1132595       
 NEXT SEEDS: 2A554BD     162       0       0       0       0    5B97     3B7       0       0
  350000000             150000000             150000000             4.8574906E-05         1.0000000E+30           1165728       
 NEXT SEEDS:39C06911     163       0       0       0       0    5B97     3B7       0       0
  360000000             140000000             140000000             4.8565615E-05         1.0000000E+30           1198787       
 NEXT SEEDS:3534BAE1     165       0       0       0       0    5B97     3B7       0       0
  370000000             130000000             130000000             4.8540251E-05         1.0000000E+30           1232241       
 NEXT SEEDS:30AB5731     167       0       0       0       0    5B97     3B7       0       0
  380000000             120000000             120000000             4.8524965E-05         1.0000000E+30           1265659       
 NEXT SEEDS:2C2CA4AB     169       0       0       0       0    5B97     3B7       0       0
  390000000             110000000             110000000             4.8505565E-05         1.0000000E+30           1298902       
 NEXT SEEDS:27A6AD83     16B       0       0       0       0    5B97     3B7       0       0
  400000000             100000000             100000000             4.8486871E-05         1.0000000E+30           1332416       
 NEXT SEEDS:23286242     16D       0       0       0       0    5B97     3B7       0       0
  410000000              90000000              90000000             4.8476759E-05         1.0000000E+30           1365788       
 NEXT SEEDS:1EA77F68     16F       0       0       0       0    5B97     3B7       0       0
  420000000              80000000              80000000             4.8474926E-05         1.0000000E+30           1399307       
 NEXT SEEDS:1A2718DF     171       0       0       0       0    5B97     3B7       0       0
  430000000              70000000              70000000             4.8463595E-05         1.0000000E+30           1432635       
 NEXT SEEDS:15A117AF     173       0       0       0       0    5B97     3B7       0       0
  440000000              60000000              60000000             4.8445264E-05         1.0000000E+30           1466101       
 NEXT SEEDS:111C5842     175       0       0       0       0    5B97     3B7       0       0
  450000000              50000000              50000000             4.8419072E-05         1.0000000E+30           1499335       
 NEXT SEEDS: C92F40B     177       0       0       0       0    5B97     3B7       0       0
  460000000              40000000              40000000             4.8413575E-05         1.0000000E+30           1532799       
 NEXT SEEDS: 80FF43E     179       0       0       0       0    5B97     3B7       0       0
  470000000              30000000              30000000             4.8397175E-05         1.0000000E+30           1566343       
 NEXT SEEDS: 38D5203     17B       0       0       0       0    5B97     3B7       0       0
  480000000              20000000              20000000             4.8375021E-05         1.0000000E+30           1599401       
 NEXT SEEDS:3AA25C0B     17C       0       0       0       0    5B97     3B7       0       0
  490000000              10000000              10000000             4.8356944E-05         1.0000000E+30           1632745       
 NEXT SEEDS:361E5CB1     17E       0       0       0       0    5B97     3B7       0       0
  499999950                    50                    50             4.8345767E-05         1.0000000E+30           1665992       
 NEXT SEEDS:31944410     180       0       0       0       0    5B97     3B7       0       0
  499999951                    49                    49             4.8345767E-05         1.0000000E+30           1665992       
 NEXT SEEDS:319444DA     180       0       0       0       0    5B97     3B7       0       0
  499999952                    48                    48             4.8345767E-05         1.0000000E+30           1665992       
 NEXT SEEDS:319444E5     180       0       0       0       0    5B97     3B7       0       0
  499999953                    47                    47             4.8345767E-05         1.0000000E+30           1665992       
 NEXT SEEDS:319445AB     180       0       0       0       0    5B97     3B7       0       0
  499999954                    46                    46             4.8345767E-05         1.0000000E+30           1665992       
 NEXT SEEDS:3194467E     180       0       0       0       0    5B97     3B7       0       0
  499999955                    45                    45             4.8345767E-05         1.0000000E+30           1665992       
 NEXT SEEDS:3194482C     180       0       0       0       0    5B97     3B7       0       0
  499999956                    44                    44             4.8345767E-05         1.0000000E+30           1665992       
 NEXT SEEDS:31944904     180       0       0       0       0    5B97     3B7       0       0
  499999957                    43                    43             4.8345767E-05         1.0000000E+30           1665992       
 NEXT SEEDS:319449F3     180       0       0       0       0    5B97     3B7       0       0
  499999958                    42                    42             4.8345770E-05         1.0000000E+30           1665992       
 NEXT SEEDS:31944ADB     180       0       0       0       0    5B97     3B7       0       0
  499999959                    41                    41             4.8345770E-05         1.0000000E+30           1665992       
 NEXT SEEDS:31944AE2     180       0       0       0       0    5B97     3B7       0       0
  499999960                    40                    40             4.8345770E-05         1.0000000E+30           1665992       
 NEXT SEEDS:31944BBB     180       0       0       0       0    5B97     3B7       0       0
  499999961                    39                    39             4.8345770E-05         1.0000000E+30           1665992       
 NEXT SEEDS:31944C8B     180       0       0       0       0    5B97     3B7       0       0
  499999962                    38                    38             4.8345770E-05         1.0000000E+30           1665992       
 NEXT SEEDS:31944D7E     180       0       0       0       0    5B97     3B7       0       0
  499999963                    37                    37             4.8345770E-05         1.0000000E+30           1665992       
 NEXT SEEDS:31944E4D     180       0       0       0       0    5B97     3B7       0       0
  499999964                    36                    36             4.8345770E-05         1.0000000E+30           1665992       
 NEXT SEEDS:31944F41     180       0       0       0       0    5B97     3B7       0       0
  499999965                    35                    35             4.8345770E-05         1.0000000E+30           1665992       
 NEXT SEEDS:31945033     180       0       0       0       0    5B97     3B7       0       0
  499999966                    34                    34             4.8345770E-05         1.0000000E+30           1665992       
 NEXT SEEDS:319450FD     180       0       0       0       0    5B97     3B7       0       0
  499999967                    33                    33             4.8345770E-05         1.0000000E+30           1665992       
 NEXT SEEDS:319451E1     180       0       0       0       0    5B97     3B7       0       0
  499999968                    32                    32             4.8345773E-05         1.0000000E+30           1665992       
 NEXT SEEDS:319452B3     180       0       0       0       0    5B97     3B7       0       0
  499999969                    31                    31             4.8345773E-05         1.0000000E+30           1665992       
 NEXT SEEDS:31945389     180       0       0       0       0    5B97     3B7       0       0
  499999970                    30                    30             4.8345773E-05         1.0000000E+30           1665992       
 NEXT SEEDS:3194545D     180       0       0       0       0    5B97     3B7       0       0
  499999971                    29                    29             4.8345773E-05         1.0000000E+30           1665992       
 NEXT SEEDS:3194552D     180       0       0       0       0    5B97     3B7       0       0
  499999972                    28                    28             4.8345773E-05         1.0000000E+30           1665992       
 NEXT SEEDS:3194560C     180       0       0       0       0    5B97     3B7       0       0
  499999973                    27                    27             4.8345773E-05         1.0000000E+30           1665992       
 NEXT SEEDS:319456EF     180       0       0       0       0    5B97     3B7       0       0
  499999974                    26                    26             4.8345773E-05         1.0000000E+30           1665992       
 NEXT SEEDS:319457BB     180       0       0       0       0    5B97     3B7       0       0
  499999975                    25                    25             4.8345773E-05         1.0000000E+30           1665992       
 NEXT SEEDS:3194589B     180       0       0       0       0    5B97     3B7       0       0
  499999976                    24                    24             4.8345773E-05         1.0000000E+30           1665992       
 NEXT SEEDS:31945972     180       0       0       0       0    5B97     3B7       0       0
  499999977                    23                    23             4.8345776E-05         1.0000000E+30           1665992       
 NEXT SEEDS:31945A49     180       0       0       0       0    5B97     3B7       0       0
  499999978                    22                    22             4.8345776E-05         1.0000000E+30           1665992       
 NEXT SEEDS:31945B2A     180       0       0       0       0    5B97     3B7       0       0
  499999979                    21                    21             4.8345776E-05         1.0000000E+30           1665992       
 NEXT SEEDS:31945C0D     180       0       0       0       0    5B97     3B7       0       0
  499999980                    20                    20             4.8345776E-05         1.0000000E+30           1665992       
 NEXT SEEDS:31945CF1     180       0       0       0       0    5B97     3B7       0       0
  499999981                    19                    19             4.8345776E-05         1.0000000E+30           1665992       
 NEXT SEEDS:31945DCB     180       0       0       0       0    5B97     3B7       0       0
  499999982                    18                    18             4.8345776E-05         1.0000000E+30           1665992       
 NEXT SEEDS:31945E8D     180       0       0       0       0    5B97     3B7       0       0
  499999983                    17                    17             4.8345776E-05         1.0000000E+30           1665992       
 NEXT SEEDS:31945F5B     180       0       0       0       0    5B97     3B7       0       0
  499999984                    16                    16             4.8345776E-05         1.0000000E+30           1665992       
 NEXT SEEDS:3194603B     180       0       0       0       0    5B97     3B7       0       0
  499999985                    15                    15             4.8345776E-05         1.0000000E+30           1665992       
 NEXT SEEDS:31946155     180       0       0       0       0    5B97     3B7       0       0
  499999986                    14                    14             4.8345775E-05         1.0000000E+30           1665992       
 NEXT SEEDS:3194615C     180       0       0       0       0    5B97     3B7       0       0
  499999987                    13                    13             4.8345779E-05         1.0000000E+30           1665992       
 NEXT SEEDS:31946225     180       0       0       0       0    5B97     3B7       0       0
  499999988                    12                    12             4.8345779E-05         1.0000000E+30           1665992       
 NEXT SEEDS:319462FD     180       0       0       0       0    5B97     3B7       0       0
  499999989                    11                    11             4.8345779E-05         1.0000000E+30           1665992       
 NEXT SEEDS:319463D0     180       0       0       0       0    5B97     3B7       0       0
  499999990                    10                    10             4.8345779E-05         1.0000000E+30           1665992       
 NEXT SEEDS:319464B1     180       0       0       0       0    5B97     3B7       0       0
  499999991                     9                     9             4.8345779E-05         1.0000000E+30           1665992       
 NEXT SEEDS:31946598     180       0       0       0       0    5B97     3B7       0       0
  499999992                     8                     8             4.8345779E-05         1.0000000E+30           1665992       
 NEXT SEEDS:31946677     180       0       0       0       0    5B97     3B7       0       0
  499999993                     7                     7             4.8345779E-05         1.0000000E+30           1665992       
 NEXT SEEDS:3194673B     180       0       0       0       0    5B97     3B7       0       0
  499999994                     6                     6             4.8345779E-05         1.0000000E+30           1665992       
 NEXT SEEDS:31946818     180       0       0       0       0    5B97     3B7       0       0
  499999995                     5                     5             4.8345779E-05         1.0000000E+30           1665992       
 NEXT SEEDS:3194690E     180       0       0       0       0    5B97     3B7       0       0
  499999996                     4                     4             4.8345782E-05         1.0000000E+30           1665992       
 NEXT SEEDS:319469DE     180       0       0       0       0    5B97     3B7       0       0
  499999997                     3                     3             4.8345782E-05         1.0000000E+30           1665992       
 NEXT SEEDS:31946AB6     180       0       0       0       0    5B97     3B7       0       0
  499999998                     2                     2             4.8345782E-05         1.0000000E+30           1665992       
 NEXT SEEDS:31946B72     180       0       0       0       0    5B97     3B7       0       0
  499999999                     1                     1             4.8345782E-05         1.0000000E+30           1665992       
 NEXT SEEDS:31946C36     180       0       0       0       0    5B97     3B7       0       0
  500000000                     0                     1             4.8345782E-05         1.0000000E+30           1665992       
 NEXT SEEDS:31946CFD     180       0       0       0       0    5B97     3B7       0       0
