1NUMBER OF BEAM       NUMBER OF BEAM        APPROXIMATE NUMBER    AVERAGE TIME USED     TIME LEFT (RESERVED   NUMBER OF STARS
 PARTICLES HANDLED    PARTICLES LEFT        OF BEAM PARTICLES     BY A BEAM PARTICLE     10000.0 SECONDS      CREATED
                                            THAT CAN STILL BE                           FOR PRINTOUT)
                                            HANDLED

 NEXT SEEDS:31946CFD     180       0       0       0       0    5B97     3B7       0       0
          1             499999999             499999999             0.0000000E+00         1.0000000E+30                 0       
 NEXT SEEDS:31946DA9     180       0       0       0       0    5B97     3B7       0       0
   10000000             490000000             490000000             4.8715674E-05         1.0000000E+30             32965       
 NEXT SEEDS:2D0AE273     182       0       0       0       0    5B97     3B7       0       0
   20000000             480000000             480000000             4.8506694E-05         1.0000000E+30             65956       
 NEXT SEEDS:287BC1D4     184       0       0       0       0    5B97     3B7       0       0
   30000000             470000000             470000000             4.8517071E-05         1.0000000E+30             99245       
 NEXT SEEDS:23F825F4     186       0       0       0       0    5B97     3B7       0       0
   40000000             460000000             460000000             4.8207206E-05         1.0000000E+30            132418       
 NEXT SEEDS:1F6CD2E8     188       0       0       0       0    5B97     3B7       0       0
   50000000             450000000             450000000             4.8039105E-05         1.0000000E+30            165420       
 NEXT SEEDS:1AE0BB89     18A       0       0       0       0    5B97     3B7       0       0
   60000000             440000000             440000000             4.8112910E-05         1.0000000E+30            198586       
 NEXT SEEDS:1655334C     18C       0       0       0       0    5B97     3B7       0       0
   70000000             430000000             430000000             4.8068512E-05         1.0000000E+30            231650       
 NEXT SEEDS:11C71036     18E       0       0       0       0    5B97     3B7       0       0
   80000000             420000000             420000000             4.8020079E-05         1.0000000E+30            265081       
 NEXT SEEDS: D43798E     190       0       0       0       0    5B97     3B7       0       0
   90000000             410000000             410000000             4.8005991E-05         1.0000000E+30            298253       
 NEXT SEEDS: 8C1B29B     192       0       0       0       0    5B97     3B7       0       0
  100000000             400000000             400000000             4.7930876E-05         1.0000000E+30            331249       
 NEXT SEEDS: 434E9E0     194       0       0       0       0    5B97     3B7       0       0
  110000000             390000000             390000000             4.7903091E-05         1.0000000E+30            364691       
 NEXT SEEDS:3B50B60F     195       0       0       0       0    5B97     3B7       0       0
  120000000             380000000             380000000             4.7870639E-05         1.0000000E+30            398400       
 NEXT SEEDS:36D4FFF8     197       0       0       0       0    5B97     3B7       0       0
  130000000             370000000             370000000             4.7846410E-05         1.0000000E+30            432031       
 NEXT SEEDS:3254F7B8     199       0       0       0       0    5B97     3B7       0       0
  140000000             360000000             360000000             4.7900294E-05         1.0000000E+30            465448       
 NEXT SEEDS:2DCE6122     19B       0       0       0       0    5B97     3B7       0       0
  150000000             350000000             350000000             4.7895525E-05         1.0000000E+30            498624       
 NEXT SEEDS:294AA7FC     19D       0       0       0       0    5B97     3B7       0       0
  160000000             340000000             340000000             4.7895011E-05         1.0000000E+30            532161       
 NEXT SEEDS:24C73267     19F       0       0       0       0    5B97     3B7       0       0
  170000000             330000000             330000000             4.7883356E-05         1.0000000E+30            565473       
 NEXT SEEDS:2042BFB5     1A1       0       0       0       0    5B97     3B7       0       0
  180000000             320000000             320000000             4.7863781E-05         1.0000000E+30            598841       
 NEXT SEEDS:1BBF4A7D     1A3       0       0       0       0    5B97     3B7       0       0
  190000000             310000000             310000000             4.7842420E-05         1.0000000E+30            632100       
 NEXT SEEDS:17329E8A     1A5       0       0       0       0    5B97     3B7       0       0
  200000000             300000000             300000000             4.7825904E-05         1.0000000E+30            665118       
 NEXT SEEDS:129E19B5     1A7       0       0       0       0    5B97     3B7       0       0
  210000000             290000000             290000000             4.7813133E-05         1.0000000E+30            698517       
 NEXT SEEDS: E1BA09E     1A9       0       0       0       0    5B97     3B7       0       0
  *** Rcfset:kprin,bfcmax,epat00,ppat00,ravpot           1 -0.19888150668594151       0.94232544259497131        8.7305853463971850E-002   12.440777676959296     
  ***RCFSET:EPAT00,VCOUMX,AM(KPRIN),KPRIN  0.94232544259497131        4.4737146056471801E-003  0.93827231000000000                1
  220000000             280000000             280000000             4.7808701E-05         1.0000000E+30            731698       
 NEXT SEEDS: 98F433F     1AB       0       0       0       0    5B97     3B7       0       0
  230000000             270000000             270000000             4.7792439E-05         1.0000000E+30            765018       
 NEXT SEEDS: 506D5E4     1AD       0       0       0       0    5B97     3B7       0       0
  240000000             260000000             260000000             4.7779407E-05         1.0000000E+30            798221       
 NEXT SEEDS:  8435B3     1AF       0       0       0       0    5B97     3B7       0       0
  250000000             250000000             250000000             4.7780809E-05         1.0000000E+30            831446       
 NEXT SEEDS:379CF777     1B0       0       0       0       0    5B97     3B7       0       0
  260000000             240000000             240000000             4.7800384E-05         1.0000000E+30            864760       
 NEXT SEEDS:331090DB     1B2       0       0       0       0    5B97     3B7       0       0
  270000000             230000000             230000000             4.7793689E-05         1.0000000E+30            898158       
 NEXT SEEDS:2E8C4A54     1B4       0       0       0       0    5B97     3B7       0       0
  280000000             220000000             220000000             4.7783329E-05         1.0000000E+30            931490       
 NEXT SEEDS:2A0F7B00     1B6       0       0       0       0    5B97     3B7       0       0
  290000000             210000000             210000000             4.7775708E-05         1.0000000E+30            964725       
 NEXT SEEDS:257DF419     1B8       0       0       0       0    5B97     3B7       0       0
  300000000             200000000             200000000             4.7782409E-05         1.0000000E+30            997900       
 NEXT SEEDS:20F6365F     1BA       0       0       0       0    5B97     3B7       0       0
  310000000             190000000             190000000             4.7791038E-05         1.0000000E+30           1030981       
 NEXT SEEDS:1C67F012     1BC       0       0       0       0    5B97     3B7       0       0
  320000000             180000000             180000000             4.7850058E-05         1.0000000E+30           1064358       
 NEXT SEEDS:17E0CA65     1BE       0       0       0       0    5B97     3B7       0       0
  330000000             170000000             170000000             4.7889963E-05         1.0000000E+30           1097557       
 NEXT SEEDS:135B6E77     1C0       0       0       0       0    5B97     3B7       0       0
  340000000             160000000             160000000             4.7910249E-05         1.0000000E+30           1130726       
 NEXT SEEDS: ED2402C     1C2       0       0       0       0    5B97     3B7       0       0
  350000000             150000000             150000000             4.7945838E-05         1.0000000E+30           1163779       
 NEXT SEEDS: A4DEC0E     1C4       0       0       0       0    5B97     3B7       0       0
  360000000             140000000             140000000             4.7987717E-05         1.0000000E+30           1197113       
 NEXT SEEDS: 5CAD2D8     1C6       0       0       0       0    5B97     3B7       0       0
  370000000             130000000             130000000             4.8012326E-05         1.0000000E+30           1230069       
 NEXT SEEDS: 13B2832     1C8       0       0       0       0    5B97     3B7       0       0
  380000000             120000000             120000000             4.8045148E-05         1.0000000E+30           1263382       
 NEXT SEEDS:384F5296     1C9       0       0       0       0    5B97     3B7       0       0
  390000000             110000000             110000000             4.8076428E-05         1.0000000E+30           1296637       
 NEXT SEEDS:33CEF218     1CB       0       0       0       0    5B97     3B7       0       0
  *** Rcfset:kprin,bfcmax,epat00,ppat00,ravpot           1  -1.1085537340660423E-004  0.94313308461145473        9.5629951249498177E-002   12.440777676959296     
  400000000             100000000             100000000             4.8094742E-05         1.0000000E+30           1329927       
 NEXT SEEDS:2F4F04CD     1CD       0       0       0       0    5B97     3B7       0       0
  410000000              90000000              90000000             4.8108999E-05         1.0000000E+30           1363484       
 NEXT SEEDS:2AD385C1     1CF       0       0       0       0    5B97     3B7       0       0
  420000000              80000000              80000000             4.8130609E-05         1.0000000E+30           1396992       
 NEXT SEEDS:264C77F4     1D1       0       0       0       0    5B97     3B7       0       0
  430000000              70000000              70000000             4.8158444E-05         1.0000000E+30           1430589       
 NEXT SEEDS:21D340D3     1D3       0       0       0       0    5B97     3B7       0       0
  440000000              60000000              60000000             4.8176439E-05         1.0000000E+30           1463985       
 NEXT SEEDS:1D59DE84     1D5       0       0       0       0    5B97     3B7       0       0
  450000000              50000000              50000000             4.8179436E-05         1.0000000E+30           1497526       
 NEXT SEEDS:18DC16CE     1D7       0       0       0       0    5B97     3B7       0       0
  460000000              40000000              40000000             4.8181492E-05         1.0000000E+30           1531103       
 NEXT SEEDS:145BCEA8     1D9       0       0       0       0    5B97     3B7       0       0
  470000000              30000000              30000000             4.8188327E-05         1.0000000E+30           1564491       
 NEXT SEEDS: FDDFB37     1DB       0       0       0       0    5B97     3B7       0       0
  480000000              20000000              20000000             4.8182687E-05         1.0000000E+30           1597578       
 NEXT SEEDS: B5A0E8C     1DD       0       0       0       0    5B97     3B7       0       0
  490000000              10000000              10000000             4.8175614E-05         1.0000000E+30           1630613       
 NEXT SEEDS: 6CBF9B8     1DF       0       0       0       0    5B97     3B7       0       0
  499999950                    50                    50             4.8177704E-05         1.0000000E+30           1663630       
 NEXT SEEDS: 2435B13     1E1       0       0       0       0    5B97     3B7       0       0
  499999951                    49                    49             4.8177708E-05         1.0000000E+30           1663630       
 NEXT SEEDS: 2435BE3     1E1       0       0       0       0    5B97     3B7       0       0
  499999952                    48                    48             4.8177708E-05         1.0000000E+30           1663630       
 NEXT SEEDS: 2435CC7     1E1       0       0       0       0    5B97     3B7       0       0
  499999953                    47                    47             4.8177708E-05         1.0000000E+30           1663630       
 NEXT SEEDS: 2435D9F     1E1       0       0       0       0    5B97     3B7       0       0
  499999954                    46                    46             4.8177708E-05         1.0000000E+30           1663630       
 NEXT SEEDS: 2435E63     1E1       0       0       0       0    5B97     3B7       0       0
  499999955                    45                    45             4.8177708E-05         1.0000000E+30           1663630       
 NEXT SEEDS: 2435F49     1E1       0       0       0       0    5B97     3B7       0       0
  499999956                    44                    44             4.8177708E-05         1.0000000E+30           1663631       
 NEXT SEEDS: 243637E     1E1       0       0       0       0    5B97     3B7       0       0
  499999957                    43                    43             4.8177708E-05         1.0000000E+30           1663631       
 NEXT SEEDS: 2436451     1E1       0       0       0       0    5B97     3B7       0       0
  499999958                    42                    42             4.8177707E-05         1.0000000E+30           1663631       
 NEXT SEEDS: 2436520     1E1       0       0       0       0    5B97     3B7       0       0
  499999959                    41                    41             4.8177711E-05         1.0000000E+30           1663631       
 NEXT SEEDS: 24365F0     1E1       0       0       0       0    5B97     3B7       0       0
  499999960                    40                    40             4.8177711E-05         1.0000000E+30           1663631       
 NEXT SEEDS: 24366BA     1E1       0       0       0       0    5B97     3B7       0       0
  499999961                    39                    39             4.8177711E-05         1.0000000E+30           1663631       
 NEXT SEEDS: 2436796     1E1       0       0       0       0    5B97     3B7       0       0
  499999962                    38                    38             4.8177711E-05         1.0000000E+30           1663631       
 NEXT SEEDS: 2436873     1E1       0       0       0       0    5B97     3B7       0       0
  499999963                    37                    37             4.8177711E-05         1.0000000E+30           1663631       
 NEXT SEEDS: 2436943     1E1       0       0       0       0    5B97     3B7       0       0
  499999964                    36                    36             4.8177711E-05         1.0000000E+30           1663631       
 NEXT SEEDS: 243694A     1E1       0       0       0       0    5B97     3B7       0       0
  499999965                    35                    35             4.8177711E-05         1.0000000E+30           1663631       
 NEXT SEEDS: 2436A23     1E1       0       0       0       0    5B97     3B7       0       0
  499999966                    34                    34             4.8177711E-05         1.0000000E+30           1663631       
 NEXT SEEDS: 2436B0E     1E1       0       0       0       0    5B97     3B7       0       0
  499999967                    33                    33             4.8177711E-05         1.0000000E+30           1663631       
 NEXT SEEDS: 2436BE8     1E1       0       0       0       0    5B97     3B7       0       0
  499999968                    32                    32             4.8177714E-05         1.0000000E+30           1663631       
 NEXT SEEDS: 2436CB4     1E1       0       0       0       0    5B97     3B7       0       0
  499999969                    31                    31             4.8177714E-05         1.0000000E+30           1663631       
 NEXT SEEDS: 2436D8F     1E1       0       0       0       0    5B97     3B7       0       0
  499999970                    30                    30             4.8177714E-05         1.0000000E+30           1663631       
 NEXT SEEDS: 2436E52     1E1       0       0       0       0    5B97     3B7       0       0
  499999971                    29                    29             4.8177714E-05         1.0000000E+30           1663631       
 NEXT SEEDS: 2436F2B     1E1       0       0       0       0    5B97     3B7       0       0
  499999972                    28                    28             4.8177714E-05         1.0000000E+30           1663631       
 NEXT SEEDS: 2436F32     1E1       0       0       0       0    5B97     3B7       0       0
  499999973                    27                    27             4.8177714E-05         1.0000000E+30           1663631       
 NEXT SEEDS: 2436F39     1E1       0       0       0       0    5B97     3B7       0       0
  499999974                    26                    26             4.8177714E-05         1.0000000E+30           1663631       
 NEXT SEEDS: 2437014     1E1       0       0       0       0    5B97     3B7       0       0
  499999975                    25                    25             4.8177714E-05         1.0000000E+30           1663631       
 NEXT SEEDS: 243701B     1E1       0       0       0       0    5B97     3B7       0       0
  499999976                    24                    24             4.8177714E-05         1.0000000E+30           1663631       
 NEXT SEEDS: 24370E0     1E1       0       0       0       0    5B97     3B7       0       0
  499999977                    23                    23             4.8177713E-05         1.0000000E+30           1663631       
 NEXT SEEDS: 24371B0     1E1       0       0       0       0    5B97     3B7       0       0
  499999978                    22                    22             4.8177713E-05         1.0000000E+30           1663631       
 NEXT SEEDS: 2437286     1E1       0       0       0       0    5B97     3B7       0       0
  499999979                    21                    21             4.8177713E-05         1.0000000E+30           1663631       
 NEXT SEEDS: 2437368     1E1       0       0       0       0    5B97     3B7       0       0
  499999980                    20                    20             4.8177713E-05         1.0000000E+30           1663631       
 NEXT SEEDS: 243743D     1E1       0       0       0       0    5B97     3B7       0       0
  499999981                    19                    19             4.8177713E-05         1.0000000E+30           1663631       
 NEXT SEEDS: 2437529     1E1       0       0       0       0    5B97     3B7       0       0
  499999982                    18                    18             4.8177713E-05         1.0000000E+30           1663631       
 NEXT SEEDS: 243760A     1E1       0       0       0       0    5B97     3B7       0       0
  499999983                    17                    17             4.8177713E-05         1.0000000E+30           1663631       
 NEXT SEEDS: 24376DE     1E1       0       0       0       0    5B97     3B7       0       0
  499999984                    16                    16             4.8177713E-05         1.0000000E+30           1663631       
 NEXT SEEDS: 24377B8     1E1       0       0       0       0    5B97     3B7       0       0
  499999985                    15                    15             4.8177713E-05         1.0000000E+30           1663631       
 NEXT SEEDS: 24377BF     1E1       0       0       0       0    5B97     3B7       0       0
  499999986                    14                    14             4.8177713E-05         1.0000000E+30           1663631       
 NEXT SEEDS: 24378AC     1E1       0       0       0       0    5B97     3B7       0       0
  499999987                    13                    13             4.8177713E-05         1.0000000E+30           1663631       
 NEXT SEEDS: 2437982     1E1       0       0       0       0    5B97     3B7       0       0
  499999988                    12                    12             4.8177712E-05         1.0000000E+30           1663631       
 NEXT SEEDS: 2437A57     1E1       0       0       0       0    5B97     3B7       0       0
  499999989                    11                    11             4.8177712E-05         1.0000000E+30           1663631       
 NEXT SEEDS: 2437B31     1E1       0       0       0       0    5B97     3B7       0       0
  499999990                    10                    10             4.8177712E-05         1.0000000E+30           1663631       
 NEXT SEEDS: 2437C19     1E1       0       0       0       0    5B97     3B7       0       0
  499999991                     9                     9             4.8177712E-05         1.0000000E+30           1663631       
 NEXT SEEDS: 2437CEF     1E1       0       0       0       0    5B97     3B7       0       0
  499999992                     8                     8             4.8177712E-05         1.0000000E+30           1663631       
 NEXT SEEDS: 2437CF6     1E1       0       0       0       0    5B97     3B7       0       0
  499999993                     7                     7             4.8177712E-05         1.0000000E+30           1663631       
 NEXT SEEDS: 2437CFF     1E1       0       0       0       0    5B97     3B7       0       0
  499999994                     6                     6             4.8177712E-05         1.0000000E+30           1663631       
 NEXT SEEDS: 2437DCF     1E1       0       0       0       0    5B97     3B7       0       0
  499999995                     5                     5             4.8177712E-05         1.0000000E+30           1663631       
 NEXT SEEDS: 2437E9A     1E1       0       0       0       0    5B97     3B7       0       0
  499999996                     4                     4             4.8177712E-05         1.0000000E+30           1663631       
 NEXT SEEDS: 2437F76     1E1       0       0       0       0    5B97     3B7       0       0
  499999997                     3                     3             4.8177712E-05         1.0000000E+30           1663631       
 NEXT SEEDS: 2438044     1E1       0       0       0       0    5B97     3B7       0       0
  499999998                     2                     2             4.8177715E-05         1.0000000E+30           1663631       
 NEXT SEEDS: 2438118     1E1       0       0       0       0    5B97     3B7       0       0
  499999999                     1                     1             4.8177715E-05         1.0000000E+30           1663631       
 NEXT SEEDS: 243811F     1E1       0       0       0       0    5B97     3B7       0       0
  500000000                     0                     1             4.8177715E-05         1.0000000E+30           1663631       
 NEXT SEEDS: 2438217     1E1       0       0       0       0    5B97     3B7       0       0
