1NUMBER OF BEAM       NUMBER OF BEAM        APPROXIMATE NUMBER    AVERAGE TIME USED     TIME LEFT (RESERVED   NUMBER OF STARS
 PARTICLES HANDLED    PARTICLES LEFT        OF BEAM PARTICLES     BY A BEAM PARTICLE     10000.0 SECONDS      CREATED
                                            THAT CAN STILL BE                           FOR PRINTOUT)
                                            HANDLED

 NEXT SEEDS:306BFB30       0       0       0       0       0   176D7       5       0       0
          1                149999                149999             6.5040588E-04         1.0000000E+30                 0       
 NEXT SEEDS:306BFFB5       0       0       0       0       0   176D7       5       0       0
       3000                147000                147000             3.3349244E-04         1.0000000E+30                17       
 NEXT SEEDS:30AAAF36       0       0       0       0       0   176D7       5       0       0
       6000                144000                144000             3.3405296E-04         1.0000000E+30                41       
 NEXT SEEDS:30E8D77C       0       0       0       0       0   176D7       5       0       0
       9000                141000                141000             3.3367332E-04         1.0000000E+30                58       
 NEXT SEEDS:312717E1       0       0       0       0       0   176D7       5       0       0
      12000                138000                138000             3.3307183E-04         1.0000000E+30                80       
 NEXT SEEDS:31663872       0       0       0       0       0   176D7       5       0       0
      15000                135000                135000             3.3146168E-04         1.0000000E+30                96       
 NEXT SEEDS:31A387BB       0       0       0       0       0   176D7       5       0       0
      18000                132000                132000             3.3196219E-04         1.0000000E+30               116       
 NEXT SEEDS:31E31A24       0       0       0       0       0   176D7       5       0       0
      21000                129000                129000             3.3035662E-04         1.0000000E+30               128       
 NEXT SEEDS:32201F9B       0       0       0       0       0   176D7       5       0       0
      24000                126000                126000             3.2982955E-04         1.0000000E+30               145       
 NEXT SEEDS:325D93E2       0       0       0       0       0   176D7       5       0       0
      27000                123000                123000             3.2962275E-04         1.0000000E+30               159       
 NEXT SEEDS:329B8FF3       0       0       0       0       0   176D7       5       0       0
      30000                120000                120000             3.2902710E-04         1.0000000E+30               178       
 NEXT SEEDS:32DA222D       0       0       0       0       0   176D7       5       0       0
      33000                117000                117000             3.2842744E-04         1.0000000E+30               190       
 NEXT SEEDS:331769A2       0       0       0       0       0   176D7       5       0       0
      36000                114000                114000             3.2807476E-04         1.0000000E+30               211       
 NEXT SEEDS:335574EC       0       0       0       0       0   176D7       5       0       0
      39000                111000                111000             3.2786754E-04         1.0000000E+30               228       
 NEXT SEEDS:33932B39       0       0       0       0       0   176D7       5       0       0
      42000                108000                108000             3.2822862E-04         1.0000000E+30               244       
 NEXT SEEDS:33D044C0       0       0       0       0       0   176D7       5       0       0
      45000                105000                105000             3.2855164E-04         1.0000000E+30               269       
 NEXT SEEDS:340F44CA       0       0       0       0       0   176D7       5       0       0
      48000                102000                102000             3.2876022E-04         1.0000000E+30               287       
 NEXT SEEDS:344E1CFA       0       0       0       0       0   176D7       5       0       0
      51000                 99000                 99000             3.2889717E-04         1.0000000E+30               309       
 NEXT SEEDS:348C76E3       0       0       0       0       0   176D7       5       0       0
      54000                 96000                 96000             3.2909926E-04         1.0000000E+30               328       
 NEXT SEEDS:34CA7AB5       0       0       0       0       0   176D7       5       0       0
      57000                 93000                 93000             3.2927736E-04         1.0000000E+30               344       
 NEXT SEEDS:3508837B       0       0       0       0       0   176D7       5       0       0
      60000                 90000                 90000             3.2939866E-04         1.0000000E+30               367       
 NEXT SEEDS:35475445       0       0       0       0       0   176D7       5       0       0
      63000                 87000                 87000             3.2924954E-04         1.0000000E+30               379       
 NEXT SEEDS:358460DE       0       0       0       0       0   176D7       5       0       0
      66000                 84000                 84000             3.2933642E-04         1.0000000E+30               400       
 NEXT SEEDS:35C31060       0       0       0       0       0   176D7       5       0       0
      69000                 81000                 81000             3.2907344E-04         1.0000000E+30               414       
 NEXT SEEDS:36010F6C       0       0       0       0       0   176D7       5       0       0
      72000                 78000                 78000             3.2910389E-04         1.0000000E+30               439       
 NEXT SEEDS:363EF587       0       0       0       0       0   176D7       5       0       0
      75000                 75000                 75000             3.2922063E-04         1.0000000E+30               459       
 NEXT SEEDS:367CB2CE       0       0       0       0       0   176D7       5       0       0
      78000                 72000                 72000             3.2905488E-04         1.0000000E+30               474       
 NEXT SEEDS:36BAB7B4       0       0       0       0       0   176D7       5       0       0
      81000                 69000                 69000             3.2913926E-04         1.0000000E+30               493       
 NEXT SEEDS:36F8B89B       0       0       0       0       0   176D7       5       0       0
      84000                 66000                 66000             3.2920984E-04         1.0000000E+30               511       
 NEXT SEEDS:37368F11       0       0       0       0       0   176D7       5       0       0
      87000                 63000                 63000             3.2913245E-04         1.0000000E+30               532       
 NEXT SEEDS:377436F8       0       0       0       0       0   176D7       5       0       0
      90000                 60000                 60000             3.2915329E-04         1.0000000E+30               550       
 NEXT SEEDS:37B1DA0E       0       0       0       0       0   176D7       5       0       0
      93000                 57000                 57000             3.2908780E-04         1.0000000E+30               563       
 NEXT SEEDS:37EFCCE9       0       0       0       0       0   176D7       5       0       0
      96000                 54000                 54000             3.2917684E-04         1.0000000E+30               580       
 NEXT SEEDS:382E60F5       0       0       0       0       0   176D7       5       0       0
      99000                 51000                 51000             3.2916616E-04         1.0000000E+30               594       
 NEXT SEEDS:386C15FB       0       0       0       0       0   176D7       5       0       0
     102000                 48000                 48000             3.2933229E-04         1.0000000E+30               618       
 NEXT SEEDS:38A9FA82       0       0       0       0       0   176D7       5       0       0
     105000                 45000                 45000             3.2944835E-04         1.0000000E+30               647       
 NEXT SEEDS:38E96654       0       0       0       0       0   176D7       5       0       0
     108000                 42000                 42000             3.2947768E-04         1.0000000E+30               668       
 NEXT SEEDS:3927CFE1       0       0       0       0       0   176D7       5       0       0
     111000                 39000                 39000             3.2934568E-04         1.0000000E+30               679       
 NEXT SEEDS:39643588       0       0       0       0       0   176D7       5       0       0
     114000                 36000                 36000             3.2927996E-04         1.0000000E+30               693       
 NEXT SEEDS:39A1E6EE       0       0       0       0       0   176D7       5       0       0
     117000                 33000                 33000             3.2917787E-04         1.0000000E+30               709       
 NEXT SEEDS:39DF7B28       0       0       0       0       0   176D7       5       0       0
     120000                 30000                 30000             3.2920568E-04         1.0000000E+30               734       
 NEXT SEEDS:3A1D65B8       0       0       0       0       0   176D7       5       0       0
     123000                 27000                 27000             3.2908076E-04         1.0000000E+30               748       
 NEXT SEEDS:3A5AFE84       0       0       0       0       0   176D7       5       0       0
     126000                 24000                 24000             3.2893812E-04         1.0000000E+30               771       
 NEXT SEEDS:3A998D97       0       0       0       0       0   176D7       5       0       0
     129000                 21000                 21000             3.2893195E-04         1.0000000E+30               790       
 NEXT SEEDS:3AD7E891       0       0       0       0       0   176D7       5       0       0
     132000                 18000                 18000             3.2885333E-04         1.0000000E+30               804       
 NEXT SEEDS:3B153BC4       0       0       0       0       0   176D7       5       0       0
     135000                 15000                 15000             3.2885514E-04         1.0000000E+30               818       
 NEXT SEEDS:3B533737       0       0       0       0       0   176D7       5       0       0
     138000                 12000                 12000             3.2873088E-04         1.0000000E+30               832       
 NEXT SEEDS:3B903AC9       0       0       0       0       0   176D7       5       0       0
     141000                  9000                  9000             3.2873823E-04         1.0000000E+30               855       
 NEXT SEEDS:  346D0F       1       0       0       0       0   176D7       5       0       0
     144000                  6000                  6000             3.2871655E-04         1.0000000E+30               869       
 NEXT SEEDS:  722C3C       1       0       0       0       0   176D7       5       0       0
     147000                  3000                  3000             3.2868559E-04         1.0000000E+30               885       
 NEXT SEEDS:  B03647       1       0       0       0       0   176D7       5       0       0
     149950                    50                    50             3.2869043E-04         1.0000000E+30               898       
 NEXT SEEDS:  ECAA1C       1       0       0       0       0   176D7       5       0       0
     149951                    49                    49             3.2869279E-04         1.0000000E+30               898       
 NEXT SEEDS:  ECAEDF       1       0       0       0       0   176D7       5       0       0
     149952                    48                    48             3.2869431E-04         1.0000000E+30               898       
 NEXT SEEDS:  ECB9D7       1       0       0       0       0   176D7       5       0       0
     149953                    47                    47             3.2869599E-04         1.0000000E+30               898       
 NEXT SEEDS:  ECBE66       1       0       0       0       0   176D7       5       0       0
     149954                    46                    46             3.2869764E-04         1.0000000E+30               898       
 NEXT SEEDS:  ECC2A7       1       0       0       0       0   176D7       5       0       0
     149955                    45                    45             3.2869944E-04         1.0000000E+30               898       
 NEXT SEEDS:  ECCD4D       1       0       0       0       0   176D7       5       0       0
     149956                    44                    44             3.2870104E-04         1.0000000E+30               898       
 NEXT SEEDS:  ECD1C8       1       0       0       0       0   176D7       5       0       0
     149957                    43                    43             3.2870259E-04         1.0000000E+30               898       
 NEXT SEEDS:  ECD68D       1       0       0       0       0   176D7       5       0       0
     149958                    42                    42             3.2870413E-04         1.0000000E+30               898       
 NEXT SEEDS:  ECDBA4       1       0       0       0       0   176D7       5       0       0
     149959                    41                    41             3.2870560E-04         1.0000000E+30               898       
 NEXT SEEDS:  ECE046       1       0       0       0       0   176D7       5       0       0
     149960                    40                    40             3.2870705E-04         1.0000000E+30               898       
 NEXT SEEDS:  ECE4BF       1       0       0       0       0   176D7       5       0       0
     149961                    39                    39             3.2870857E-04         1.0000000E+30               898       
 NEXT SEEDS:  ECE96D       1       0       0       0       0   176D7       5       0       0
     149962                    38                    38             3.2871009E-04         1.0000000E+30               898       
 NEXT SEEDS:  ECEDC4       1       0       0       0       0   176D7       5       0       0
     149963                    37                    37             3.2871164E-04         1.0000000E+30               898       
 NEXT SEEDS:  ECF22B       1       0       0       0       0   176D7       5       0       0
     149964                    36                    36             3.2871316E-04         1.0000000E+30               898       
 NEXT SEEDS:  ECF680       1       0       0       0       0   176D7       5       0       0
     149965                    35                    35             3.2871440E-04         1.0000000E+30               898       
 NEXT SEEDS:  ECFB1B       1       0       0       0       0   176D7       5       0       0
     149966                    34                    34             3.2871608E-04         1.0000000E+30               898       
 NEXT SEEDS:  ED0475       1       0       0       0       0   176D7       5       0       0
     149967                    33                    33             3.2871793E-04         1.0000000E+30               898       
 NEXT SEEDS:  ED093F       1       0       0       0       0   176D7       5       0       0
     149968                    32                    32             3.2871956E-04         1.0000000E+30               898       
 NEXT SEEDS:  ED0DC1       1       0       0       0       0   176D7       5       0       0
     149969                    31                    31             3.2872161E-04         1.0000000E+30               898       
 NEXT SEEDS:  ED1ACA       1       0       0       0       0   176D7       5       0       0
     149970                    30                    30             3.2872283E-04         1.0000000E+30               898       
 NEXT SEEDS:  ED1F10       1       0       0       0       0   176D7       5       0       0
     149971                    29                    29             3.2872394E-04         1.0000000E+30               898       
 NEXT SEEDS:  ED23EA       1       0       0       0       0   176D7       5       0       0
     149972                    28                    28             3.2872513E-04         1.0000000E+30               898       
 NEXT SEEDS:  ED28C0       1       0       0       0       0   176D7       5       0       0
     149973                    27                    27             3.2872655E-04         1.0000000E+30               898       
 NEXT SEEDS:  ED347F       1       0       0       0       0   176D7       5       0       0
     149974                    26                    26             3.2872762E-04         1.0000000E+30               898       
 NEXT SEEDS:  ED392D       1       0       0       0       0   176D7       5       0       0
     149975                    25                    25             3.2872889E-04         1.0000000E+30               898       
 NEXT SEEDS:  ED3DA1       1       0       0       0       0   176D7       5       0       0
     149976                    24                    24             3.2873005E-04         1.0000000E+30               898       
 NEXT SEEDS:  ED4211       1       0       0       0       0   176D7       5       0       0
     149977                    23                    23             3.2873119E-04         1.0000000E+30               898       
 NEXT SEEDS:  ED46DD       1       0       0       0       0   176D7       5       0       0
     149978                    22                    22             3.2873231E-04         1.0000000E+30               898       
 NEXT SEEDS:  ED4BAB       1       0       0       0       0   176D7       5       0       0
     149979                    21                    21             3.2873350E-04         1.0000000E+30               898       
 NEXT SEEDS:  ED501B       1       0       0       0       0   176D7       5       0       0
     149980                    20                    20             3.2873469E-04         1.0000000E+30               898       
 NEXT SEEDS:  ED5496       1       0       0       0       0   176D7       5       0       0
     149981                    19                    19             3.2873583E-04         1.0000000E+30               898       
 NEXT SEEDS:  ED5902       1       0       0       0       0   176D7       5       0       0
     149982                    18                    18             3.2873704E-04         1.0000000E+30               898       
 NEXT SEEDS:  ED5DA1       1       0       0       0       0   176D7       5       0       0
     149983                    17                    17             3.2873823E-04         1.0000000E+30               898       
 NEXT SEEDS:  ED6223       1       0       0       0       0   176D7       5       0       0
     149984                    16                    16             3.2873943E-04         1.0000000E+30               898       
 NEXT SEEDS:  ED669E       1       0       0       0       0   176D7       5       0       0
     149985                    15                    15             3.2874059E-04         1.0000000E+30               898       
 NEXT SEEDS:  ED6B00       1       0       0       0       0   176D7       5       0       0
     149986                    14                    14             3.2874176E-04         1.0000000E+30               898       
 NEXT SEEDS:  ED6F5F       1       0       0       0       0   176D7       5       0       0
     149987                    13                    13             3.2874282E-04         1.0000000E+30               898       
 NEXT SEEDS:  ED740C       1       0       0       0       0   176D7       5       0       0
     149988                    12                    12             3.2874449E-04         1.0000000E+30               898       
 NEXT SEEDS:  ED8199       1       0       0       0       0   176D7       5       0       0
     149989                    11                    11             3.2874604E-04         1.0000000E+30               898       
 NEXT SEEDS:  ED86C7       1       0       0       0       0   176D7       5       0       0
     149990                    10                    10             3.2874751E-04         1.0000000E+30               898       
 NEXT SEEDS:  ED8B2E       1       0       0       0       0   176D7       5       0       0
     149991                     9                     9             3.2874914E-04         1.0000000E+30               898       
 NEXT SEEDS:  ED8FA0       1       0       0       0       0   176D7       5       0       0
     149992                     8                     8             3.2875066E-04         1.0000000E+30               898       
 NEXT SEEDS:  ED9460       1       0       0       0       0   176D7       5       0       0
     149993                     7                     7             3.2875215E-04         1.0000000E+30               898       
 NEXT SEEDS:  ED995E       1       0       0       0       0   176D7       5       0       0
     149994                     6                     6             3.2875322E-04         1.0000000E+30               898       
 NEXT SEEDS:  ED9E08       1       0       0       0       0   176D7       5       0       0
     149995                     5                     5             3.2875425E-04         1.0000000E+30               898       
 NEXT SEEDS:  EDA2FA       1       0       0       0       0   176D7       5       0       0
     149996                     4                     4             3.2875575E-04         1.0000000E+30               898       
 NEXT SEEDS:  EDAF92       1       0       0       0       0   176D7       5       0       0
     149997                     3                     3             3.2875735E-04         1.0000000E+30               898       
 NEXT SEEDS:  EDB3F9       1       0       0       0       0   176D7       5       0       0
     149998                     2                     2             3.2875910E-04         1.0000000E+30               898       
 NEXT SEEDS:  EDB880       1       0       0       0       0   176D7       5       0       0
     149999                     1                     1             3.2876059E-04         1.0000000E+30               898       
 NEXT SEEDS:  EDBCAF       1       0       0       0       0   176D7       5       0       0
     150000                     0                     1             3.2876204E-04         1.0000000E+30               898       
 NEXT SEEDS:  EDC15F       1       0       0       0       0   176D7       5       0       0
