1NUMBER OF BEAM       NUMBER OF BEAM        APPROXIMATE NUMBER    AVERAGE TIME USED     TIME LEFT (RESERVED   NUMBER OF STARS
 PARTICLES HANDLED    PARTICLES LEFT        OF BEAM PARTICLES     BY A BEAM PARTICLE     10000.0 SECONDS      CREATED
                                            THAT CAN STILL BE                           FOR PRINTOUT)
                                            HANDLED

 NEXT SEEDS:       0       0       0       0       0       0   176D7       5       0       0
          1                149999                149999             6.3085556E-04         1.0000000E+30                 0       
 NEXT SEEDS:     45D       0       0       0       0       0   176D7       5       0       0
       3000                147000                147000             3.3541727E-04         1.0000000E+30                20       
 NEXT SEEDS:  3DF980       0       0       0       0       0   176D7       5       0       0
       6000                144000                144000             3.3670282E-04         1.0000000E+30                35       
 NEXT SEEDS:  7B597F       0       0       0       0       0   176D7       5       0       0
       9000                141000                141000             3.3768177E-04         1.0000000E+30                50       
 NEXT SEEDS:  B9D010       0       0       0       0       0   176D7       5       0       0
      12000                138000                138000             3.3578531E-04         1.0000000E+30                66       
 NEXT SEEDS:  F75F62       0       0       0       0       0   176D7       5       0       0
      15000                135000                135000             3.3394947E-04         1.0000000E+30                82       
 NEXT SEEDS: 135844B       0       0       0       0       0   176D7       5       0       0
      18000                132000                132000             3.3434206E-04         1.0000000E+30               104       
 NEXT SEEDS: 1749527       0       0       0       0       0   176D7       5       0       0
      21000                129000                129000             3.3479087E-04         1.0000000E+30               130       
 NEXT SEEDS: 1B2C4D5       0       0       0       0       0   176D7       5       0       0
      24000                126000                126000             3.3357052E-04         1.0000000E+30               143       
 NEXT SEEDS: 1EFF1B7       0       0       0       0       0   176D7       5       0       0
      27000                123000                123000             3.3318700E-04         1.0000000E+30               160       
 NEXT SEEDS: 22DB1B9       0       0       0       0       0   176D7       5       0       0
      30000                120000                120000             3.3263302E-04         1.0000000E+30               171       
 NEXT SEEDS: 26B709A       0       0       0       0       0   176D7       5       0       0
      33000                117000                117000             3.3288464E-04         1.0000000E+30               187       
 NEXT SEEDS: 2AA1335       0       0       0       0       0   176D7       5       0       0
      36000                114000                114000             3.3272706E-04         1.0000000E+30               198       
 NEXT SEEDS: 2E7F997       0       0       0       0       0   176D7       5       0       0
      39000                111000                111000             3.3245884E-04         1.0000000E+30               213       
 NEXT SEEDS: 32576ED       0       0       0       0       0   176D7       5       0       0
      42000                108000                108000             3.3223429E-04         1.0000000E+30               228       
 NEXT SEEDS: 362DC46       0       0       0       0       0   176D7       5       0       0
      45000                105000                105000             3.3225801E-04         1.0000000E+30               250       
 NEXT SEEDS: 3A10F2A       0       0       0       0       0   176D7       5       0       0
      48000                102000                102000             3.3226216E-04         1.0000000E+30               268       
 NEXT SEEDS: 3DE42AB       0       0       0       0       0   176D7       5       0       0
      51000                 99000                 99000             3.3213294E-04         1.0000000E+30               289       
 NEXT SEEDS: 41BDCF4       0       0       0       0       0   176D7       5       0       0
      54000                 96000                 96000             3.3234317E-04         1.0000000E+30               311       
 NEXT SEEDS: 45AEA67       0       0       0       0       0   176D7       5       0       0
      57000                 93000                 93000             3.3217915E-04         1.0000000E+30               321       
 NEXT SEEDS: 4978629       0       0       0       0       0   176D7       5       0       0
      60000                 90000                 90000             3.3215144E-04         1.0000000E+30               336       
 NEXT SEEDS: 4D4BD3F       0       0       0       0       0   176D7       5       0       0
      63000                 87000                 87000             3.3235880E-04         1.0000000E+30               352       
 NEXT SEEDS: 513988B       0       0       0       0       0   176D7       5       0       0
      66000                 84000                 84000             3.3206839E-04         1.0000000E+30               369       
 NEXT SEEDS: 550CD0B       0       0       0       0       0   176D7       5       0       0
      69000                 81000                 81000             3.3206547E-04         1.0000000E+30               387       
 NEXT SEEDS: 58F2B56       0       0       0       0       0   176D7       5       0       0
      72000                 78000                 78000             3.3210617E-04         1.0000000E+30               408       
 NEXT SEEDS: 5CDDFE5       0       0       0       0       0   176D7       5       0       0
      75000                 75000                 75000             3.3189924E-04         1.0000000E+30               421       
 NEXT SEEDS: 60AF3C4       0       0       0       0       0   176D7       5       0       0
      78000                 72000                 72000             3.3177114E-04         1.0000000E+30               439       
 NEXT SEEDS: 648E934       0       0       0       0       0   176D7       5       0       0
      81000                 69000                 69000             3.3176114E-04         1.0000000E+30               467       
 NEXT SEEDS: 6875A37       0       0       0       0       0   176D7       5       0       0
      84000                 66000                 66000             3.3155580E-04         1.0000000E+30               482       
 NEXT SEEDS: 6C46AEF       0       0       0       0       0   176D7       5       0       0
      87000                 63000                 63000             3.3154286E-04         1.0000000E+30               507       
 NEXT SEEDS: 702B372       0       0       0       0       0   176D7       5       0       0
      90000                 60000                 60000             3.3147695E-04         1.0000000E+30               518       
 NEXT SEEDS: 7408F64       0       0       0       0       0   176D7       5       0       0
      93000                 57000                 57000             3.3138687E-04         1.0000000E+30               537       
 NEXT SEEDS: 77E80EC       0       0       0       0       0   176D7       5       0       0
      96000                 54000                 54000             3.3138035E-04         1.0000000E+30               551       
 NEXT SEEDS: 7BBF89E       0       0       0       0       0   176D7       5       0       0
      99000                 51000                 51000             3.3136659E-04         1.0000000E+30               567       
 NEXT SEEDS: 7F9AC8F       0       0       0       0       0   176D7       5       0       0
     102000                 48000                 48000             3.3142211E-04         1.0000000E+30               587       
 NEXT SEEDS: 837D773       0       0       0       0       0   176D7       5       0       0
     105000                 45000                 45000             3.3163981E-04         1.0000000E+30               609       
 NEXT SEEDS: 876C4F6       0       0       0       0       0   176D7       5       0       0
     108000                 42000                 42000             3.3159039E-04         1.0000000E+30               631       
 NEXT SEEDS: 8B5162C       0       0       0       0       0   176D7       5       0       0
     111000                 39000                 39000             3.3157886E-04         1.0000000E+30               648       
 NEXT SEEDS: 8F3EDF1       0       0       0       0       0   176D7       5       0       0
     114000                 36000                 36000             3.3148192E-04         1.0000000E+30               665       
 NEXT SEEDS: 931A81E       0       0       0       0       0   176D7       5       0       0
     117000                 33000                 33000             3.3140409E-04         1.0000000E+30               674       
 NEXT SEEDS: 96EF42C       0       0       0       0       0   176D7       5       0       0
     120000                 30000                 30000             3.3138302E-04         1.0000000E+30               687       
 NEXT SEEDS: 9AC2CED       0       0       0       0       0   176D7       5       0       0
     123000                 27000                 27000             3.3131302E-04         1.0000000E+30               703       
 NEXT SEEDS: 9E9FF51       0       0       0       0       0   176D7       5       0       0
     126000                 24000                 24000             3.3105537E-04         1.0000000E+30               720       
 NEXT SEEDS: A27D75D       0       0       0       0       0   176D7       5       0       0
     129000                 21000                 21000             3.3097365E-04         1.0000000E+30               733       
 NEXT SEEDS: A64E62B       0       0       0       0       0   176D7       5       0       0
     132000                 18000                 18000             3.3104571E-04         1.0000000E+30               749       
 NEXT SEEDS: AA2E1E1       0       0       0       0       0   176D7       5       0       0
     135000                 15000                 15000             3.3108352E-04         1.0000000E+30               765       
 NEXT SEEDS: AE22A1D       0       0       0       0       0   176D7       5       0       0
     138000                 12000                 12000             3.3118606E-04         1.0000000E+30               791       
 NEXT SEEDS: B205142       0       0       0       0       0   176D7       5       0       0
     141000                  9000                  9000             3.3106414E-04         1.0000000E+30               804       
 NEXT SEEDS: B5D35D2       0       0       0       0       0   176D7       5       0       0
     144000                  6000                  6000             3.3094431E-04         1.0000000E+30               822       
 NEXT SEEDS: B9A24DA       0       0       0       0       0   176D7       5       0       0
     147000                  3000                  3000             3.3104689E-04         1.0000000E+30               843       
 NEXT SEEDS: BD835CB       0       0       0       0       0   176D7       5       0       0
     149950                    50                    50             3.3101415E-04         1.0000000E+30               857       
 NEXT SEEDS: C1520A2       0       0       0       0       0   176D7       5       0       0
     149951                    49                    49             3.3101645E-04         1.0000000E+30               857       
 NEXT SEEDS: C152508       0       0       0       0       0   176D7       5       0       0
     149952                    48                    48             3.3101768E-04         1.0000000E+30               857       
 NEXT SEEDS: C152996       0       0       0       0       0   176D7       5       0       0
     149953                    47                    47             3.3101908E-04         1.0000000E+30               857       
 NEXT SEEDS: C152E72       0       0       0       0       0   176D7       5       0       0
     149954                    46                    46             3.3101690E-04         1.0000000E+30               857       
 NEXT SEEDS: C15330C       0       0       0       0       0   176D7       5       0       0
     149955                    45                    45             3.3101469E-04         1.0000000E+30               857       
 NEXT SEEDS: C153782       0       0       0       0       0   176D7       5       0       0
     149956                    44                    44             3.3101248E-04         1.0000000E+30               857       
 NEXT SEEDS: C154232       0       0       0       0       0   176D7       5       0       0
     149957                    43                    43             3.3101028E-04         1.0000000E+30               857       
 NEXT SEEDS: C1546E8       0       0       0       0       0   176D7       5       0       0
     149958                    42                    42             3.3100807E-04         1.0000000E+30               857       
 NEXT SEEDS: C154BC5       0       0       0       0       0   176D7       5       0       0
     149959                    41                    41             3.3100586E-04         1.0000000E+30               857       
 NEXT SEEDS: C155547       0       0       0       0       0   176D7       5       0       0
     149960                    40                    40             3.3100393E-04         1.0000000E+30               857       
 NEXT SEEDS: C1559B3       0       0       0       0       0   176D7       5       0       0
     149961                    39                    39             3.3100557E-04         1.0000000E+30               857       
 NEXT SEEDS: C155E40       0       0       0       0       0   176D7       5       0       0
     149962                    38                    38             3.3100713E-04         1.0000000E+30               857       
 NEXT SEEDS: C1562B6       0       0       0       0       0   176D7       5       0       0
     149963                    37                    37             3.3100886E-04         1.0000000E+30               857       
 NEXT SEEDS: C156C45       0       0       0       0       0   176D7       5       0       0
     149964                    36                    36             3.3101042E-04         1.0000000E+30               857       
 NEXT SEEDS: C157116       0       0       0       0       0   176D7       5       0       0
     149965                    35                    35             3.3101195E-04         1.0000000E+30               857       
 NEXT SEEDS: C157576       0       0       0       0       0   176D7       5       0       0
     149966                    34                    34             3.3101310E-04         1.0000000E+30               857       
 NEXT SEEDS: C157A30       0       0       0       0       0   176D7       5       0       0
     149967                    33                    33             3.3101446E-04         1.0000000E+30               857       
 NEXT SEEDS: C157EF5       0       0       0       0       0   176D7       5       0       0
     149968                    32                    32             3.3101609E-04         1.0000000E+30               857       
 NEXT SEEDS: C1583E4       0       0       0       0       0   176D7       5       0       0
     149969                    31                    31             3.3101760E-04         1.0000000E+30               857       
 NEXT SEEDS: C158840       0       0       0       0       0   176D7       5       0       0
     149970                    30                    30             3.3101900E-04         1.0000000E+30               857       
 NEXT SEEDS: C158D12       0       0       0       0       0   176D7       5       0       0
     149971                    29                    29             3.3102048E-04         1.0000000E+30               857       
 NEXT SEEDS: C1591BC       0       0       0       0       0   176D7       5       0       0
     149972                    28                    28             3.3102201E-04         1.0000000E+30               857       
 NEXT SEEDS: C1595EB       0       0       0       0       0   176D7       5       0       0
     149973                    27                    27             3.3102362E-04         1.0000000E+30               857       
 NEXT SEEDS: C159A71       0       0       0       0       0   176D7       5       0       0
     149974                    26                    26             3.3102556E-04         1.0000000E+30               857       
 NEXT SEEDS: C15A722       0       0       0       0       0   176D7       5       0       0
     149975                    25                    25             3.3102707E-04         1.0000000E+30               857       
 NEXT SEEDS: C15AB9C       0       0       0       0       0   176D7       5       0       0
     149976                    24                    24             3.3102868E-04         1.0000000E+30               857       
 NEXT SEEDS: C15B002       0       0       0       0       0   176D7       5       0       0
     149977                    23                    23             3.3103016E-04         1.0000000E+30               857       
 NEXT SEEDS: C15B4A6       0       0       0       0       0   176D7       5       0       0
     149978                    22                    22             3.3103192E-04         1.0000000E+30               857       
 NEXT SEEDS: C15B914       0       0       0       0       0   176D7       5       0       0
     149979                    21                    21             3.3103304E-04         1.0000000E+30               857       
 NEXT SEEDS: C15BD87       0       0       0       0       0   176D7       5       0       0
     149980                    20                    20             3.3103419E-04         1.0000000E+30               857       
 NEXT SEEDS: C15C211       0       0       0       0       0   176D7       5       0       0
     149981                    19                    19             3.3103534E-04         1.0000000E+30               857       
 NEXT SEEDS: C15C65F       0       0       0       0       0   176D7       5       0       0
     149982                    18                    18             3.3103687E-04         1.0000000E+30               857       
 NEXT SEEDS: C15CFC7       0       0       0       0       0   176D7       5       0       0
     149983                    17                    17             3.3103833E-04         1.0000000E+30               857       
 NEXT SEEDS: C15D954       0       0       0       0       0   176D7       5       0       0
     149984                    16                    16             3.3103940E-04         1.0000000E+30               857       
 NEXT SEEDS: C15DDF5       0       0       0       0       0   176D7       5       0       0
     149985                    15                    15             3.3104045E-04         1.0000000E+30               857       
 NEXT SEEDS: C15E2C6       0       0       0       0       0   176D7       5       0       0
     149986                    14                    14             3.3104165E-04         1.0000000E+30               857       
 NEXT SEEDS: C15E760       0       0       0       0       0   176D7       5       0       0
     149987                    13                    13             3.3104283E-04         1.0000000E+30               857       
 NEXT SEEDS: C15EBEB       0       0       0       0       0   176D7       5       0       0
     149988                    12                    12             3.3104398E-04         1.0000000E+30               857       
 NEXT SEEDS: C15F0A0       0       0       0       0       0   176D7       5       0       0
     149989                    11                    11             3.3104510E-04         1.0000000E+30               857       
 NEXT SEEDS: C15F573       0       0       0       0       0   176D7       5       0       0
     149990                    10                    10             3.3104635E-04         1.0000000E+30               857       
 NEXT SEEDS: C15FA3A       0       0       0       0       0   176D7       5       0       0
     149991                     9                     9             3.3104766E-04         1.0000000E+30               857       
 NEXT SEEDS: C15FEBD       0       0       0       0       0   176D7       5       0       0
     149992                     8                     8             3.3104883E-04         1.0000000E+30               857       
 NEXT SEEDS: C160337       0       0       0       0       0   176D7       5       0       0
     149993                     7                     7             3.3105021E-04         1.0000000E+30               857       
 NEXT SEEDS: C160CBA       0       0       0       0       0   176D7       5       0       0
     149994                     6                     6             3.3105136E-04         1.0000000E+30               857       
 NEXT SEEDS: C16111C       0       0       0       0       0   176D7       5       0       0
     149995                     5                     5             3.3105284E-04         1.0000000E+30               857       
 NEXT SEEDS: C161B9D       0       0       0       0       0   176D7       5       0       0
     149996                     4                     4             3.3105397E-04         1.0000000E+30               857       
 NEXT SEEDS: C161FF3       0       0       0       0       0   176D7       5       0       0
     149997                     3                     3             3.3105517E-04         1.0000000E+30               857       
 NEXT SEEDS: C162482       0       0       0       0       0   176D7       5       0       0
     149998                     2                     2             3.3105632E-04         1.0000000E+30               857       
 NEXT SEEDS: C16292C       0       0       0       0       0   176D7       5       0       0
     149999                     1                     1             3.3105739E-04         1.0000000E+30               857       
 NEXT SEEDS: C162DE1       0       0       0       0       0   176D7       5       0       0
     150000                     0                     1             3.3105857E-04         1.0000000E+30               857       
 NEXT SEEDS: C1632D3       0       0       0       0       0   176D7       5       0       0
