1NUMBER OF BEAM       NUMBER OF BEAM        APPROXIMATE NUMBER    AVERAGE TIME USED     TIME LEFT (RESERVED   NUMBER OF STARS
 PARTICLES HANDLED    PARTICLES LEFT        OF BEAM PARTICLES     BY A BEAM PARTICLE     10000.0 SECONDS      CREATED
                                            THAT CAN STILL BE                           FOR PRINTOUT)
                                            HANDLED

 NEXT SEEDS:183122E3       0       0       0       0       0   176D7       5       0       0
          1                149999                149999             6.4992905E-04         1.0000000E+30                 0       
 NEXT SEEDS:1831275C       0       0       0       0       0   176D7       5       0       0
       3000                147000                147000             3.2532040E-04         1.0000000E+30                18       
 NEXT SEEDS:186FF206       0       0       0       0       0   176D7       5       0       0
       6000                144000                144000             3.2595118E-04         1.0000000E+30                29       
 NEXT SEEDS:18AE1991       0       0       0       0       0   176D7       5       0       0
       9000                141000                141000             3.2739772E-04         1.0000000E+30                47       
 NEXT SEEDS:18ECB964       0       0       0       0       0   176D7       5       0       0
      12000                138000                138000             3.2758590E-04         1.0000000E+30                64       
 NEXT SEEDS:192A77DC       0       0       0       0       0   176D7       5       0       0
      15000                135000                135000             3.2683051E-04         1.0000000E+30                90       
 NEXT SEEDS:1967AC26       0       0       0       0       0   176D7       5       0       0
      18000                132000                132000             3.2694787E-04         1.0000000E+30               107       
 NEXT SEEDS:19A5DB2B       0       0       0       0       0   176D7       5       0       0
      21000                129000                129000             3.2669120E-04         1.0000000E+30               124       
 NEXT SEEDS:19E429EA       0       0       0       0       0   176D7       5       0       0
      24000                126000                126000             3.2690396E-04         1.0000000E+30               145       
 NEXT SEEDS:1A2319AC       0       0       0       0       0   176D7       5       0       0
      27000                123000                123000             3.2738242E-04         1.0000000E+30               158       
 NEXT SEEDS:1A60ED7B       0       0       0       0       0   176D7       5       0       0
      30000                120000                120000             3.2823831E-04         1.0000000E+30               180       
 NEXT SEEDS:1A9F94FF       0       0       0       0       0   176D7       5       0       0
      33000                117000                117000             3.2818588E-04         1.0000000E+30               198       
 NEXT SEEDS:1ADDD364       0       0       0       0       0   176D7       5       0       0
      36000                114000                114000             3.2787398E-04         1.0000000E+30               213       
 NEXT SEEDS:1B1C32F7       0       0       0       0       0   176D7       5       0       0
      39000                111000                111000             3.2763032E-04         1.0000000E+30               228       
 NEXT SEEDS:1B5A74C9       0       0       0       0       0   176D7       5       0       0
      42000                108000                108000             3.2765144E-04         1.0000000E+30               243       
 NEXT SEEDS:1B96BF42       0       0       0       0       0   176D7       5       0       0
      45000                105000                105000             3.2734478E-04         1.0000000E+30               255       
 NEXT SEEDS:1BD446F7       0       0       0       0       0   176D7       5       0       0
      48000                102000                102000             3.2725367E-04         1.0000000E+30               273       
 NEXT SEEDS:1C122645       0       0       0       0       0   176D7       5       0       0
      51000                 99000                 99000             3.2746596E-04         1.0000000E+30               298       
 NEXT SEEDS:1C50A8D4       0       0       0       0       0   176D7       5       0       0
      54000                 96000                 96000             3.2756888E-04         1.0000000E+30               321       
 NEXT SEEDS:1C8E38CB       0       0       0       0       0   176D7       5       0       0
      57000                 93000                 93000             3.2743037E-04         1.0000000E+30               335       
 NEXT SEEDS:1CCC513B       0       0       0       0       0   176D7       5       0       0
      60000                 90000                 90000             3.2779876E-04         1.0000000E+30               354       
 NEXT SEEDS:1D0B0DBB       0       0       0       0       0   176D7       5       0       0
      63000                 87000                 87000             3.2767409E-04         1.0000000E+30               372       
 NEXT SEEDS:1D48224D       0       0       0       0       0   176D7       5       0       0
      66000                 84000                 84000             3.2765294E-04         1.0000000E+30               386       
 NEXT SEEDS:1D85F45E       0       0       0       0       0   176D7       5       0       0
      69000                 81000                 81000             3.2776397E-04         1.0000000E+30               409       
 NEXT SEEDS:1DC4B3B1       0       0       0       0       0   176D7       5       0       0
      72000                 78000                 78000             3.2768955E-04         1.0000000E+30               423       
 NEXT SEEDS:1E0288ED       0       0       0       0       0   176D7       5       0       0
      75000                 75000                 75000             3.2798841E-04         1.0000000E+30               445       
 NEXT SEEDS:1E4223E6       0       0       0       0       0   176D7       5       0       0
      78000                 72000                 72000             3.2782907E-04         1.0000000E+30               459       
 NEXT SEEDS:1E7F157A       0       0       0       0       0   176D7       5       0       0
      81000                 69000                 69000             3.2814940E-04         1.0000000E+30               481       
 NEXT SEEDS:1EBE5162       0       0       0       0       0   176D7       5       0       0
      84000                 66000                 66000             3.2819948E-04         1.0000000E+30               502       
 NEXT SEEDS:1EFCBF71       0       0       0       0       0   176D7       5       0       0
      87000                 63000                 63000             3.2814386E-04         1.0000000E+30               516       
 NEXT SEEDS:1F3A6658       0       0       0       0       0   176D7       5       0       0
      90000                 60000                 60000             3.2838326E-04         1.0000000E+30               537       
 NEXT SEEDS:1F787759       0       0       0       0       0   176D7       5       0       0
      93000                 57000                 57000             3.2829478E-04         1.0000000E+30               555       
 NEXT SEEDS:1FB5E351       0       0       0       0       0   176D7       5       0       0
      96000                 54000                 54000             3.2826976E-04         1.0000000E+30               571       
 NEXT SEEDS:1FF3A90F       0       0       0       0       0   176D7       5       0       0
      99000                 51000                 51000             3.2808740E-04         1.0000000E+30               587       
 NEXT SEEDS:2030C49A       0       0       0       0       0   176D7       5       0       0
     102000                 48000                 48000             3.2812635E-04         1.0000000E+30               603       
 NEXT SEEDS:206F2F48       0       0       0       0       0   176D7       5       0       0
     105000                 45000                 45000             3.2818742E-04         1.0000000E+30               620       
 NEXT SEEDS:20AD61D1       0       0       0       0       0   176D7       5       0       0
     108000                 42000                 42000             3.2801494E-04         1.0000000E+30               638       
 NEXT SEEDS:20EAB585       0       0       0       0       0   176D7       5       0       0
     111000                 39000                 39000             3.2796245E-04         1.0000000E+30               651       
 NEXT SEEDS:21283F09       0       0       0       0       0   176D7       5       0       0
     114000                 36000                 36000             3.2808669E-04         1.0000000E+30               675       
 NEXT SEEDS:21667CC8       0       0       0       0       0   176D7       5       0       0
     117000                 33000                 33000             3.2804672E-04         1.0000000E+30               689       
 NEXT SEEDS:21A3D532       0       0       0       0       0   176D7       5       0       0
     120000                 30000                 30000             3.2804687E-04         1.0000000E+30               704       
 NEXT SEEDS:21E1E9CF       0       0       0       0       0   176D7       5       0       0
     123000                 27000                 27000             3.2812339E-04         1.0000000E+30               723       
 NEXT SEEDS:221FB625       0       0       0       0       0   176D7       5       0       0
     126000                 24000                 24000             3.2807687E-04         1.0000000E+30               741       
 NEXT SEEDS:225D435E       0       0       0       0       0   176D7       5       0       0
     129000                 21000                 21000             3.2812151E-04         1.0000000E+30               760       
 NEXT SEEDS:229BD435       0       0       0       0       0   176D7       5       0       0
     132000                 18000                 18000             3.2819326E-04         1.0000000E+30               777       
 NEXT SEEDS:22DB3245       0       0       0       0       0   176D7       5       0       0
     135000                 15000                 15000             3.2815108E-04         1.0000000E+30               791       
 NEXT SEEDS:2319E38E       0       0       0       0       0   176D7       5       0       0
     138000                 12000                 12000             3.2836895E-04         1.0000000E+30               813       
 NEXT SEEDS:2359345A       0       0       0       0       0   176D7       5       0       0
     141000                  9000                  9000             3.2842674E-04         1.0000000E+30               832       
 NEXT SEEDS:2397DBAE       0       0       0       0       0   176D7       5       0       0
     144000                  6000                  6000             3.2833958E-04         1.0000000E+30               851       
 NEXT SEEDS:23D56C36       0       0       0       0       0   176D7       5       0       0
     147000                  3000                  3000             3.2839629E-04         1.0000000E+30               870       
 NEXT SEEDS:24147BAA       0       0       0       0       0   176D7       5       0       0
     149950                    50                    50             3.2830806E-04         1.0000000E+30               889       
 NEXT SEEDS:24505403       0       0       0       0       0   176D7       5       0       0
     149951                    49                    49             3.2830590E-04         1.0000000E+30               889       
 NEXT SEEDS:2450587D       0       0       0       0       0   176D7       5       0       0
     149952                    48                    48             3.2830371E-04         1.0000000E+30               889       
 NEXT SEEDS:24505D40       0       0       0       0       0   176D7       5       0       0
     149953                    47                    47             3.2830152E-04         1.0000000E+30               889       
 NEXT SEEDS:245061FB       0       0       0       0       0   176D7       5       0       0
     149954                    46                    46             3.2829933E-04         1.0000000E+30               889       
 NEXT SEEDS:24506C8A       0       0       0       0       0   176D7       5       0       0
     149955                    45                    45             3.2829714E-04         1.0000000E+30               889       
 NEXT SEEDS:245070ED       0       0       0       0       0   176D7       5       0       0
     149956                    44                    44             3.2829495E-04         1.0000000E+30               889       
 NEXT SEEDS:24507580       0       0       0       0       0   176D7       5       0       0
     149957                    43                    43             3.2829317E-04         1.0000000E+30               889       
 NEXT SEEDS:245079E6       0       0       0       0       0   176D7       5       0       0
     149958                    42                    42             3.2829098E-04         1.0000000E+30               889       
 NEXT SEEDS:24507EC5       0       0       0       0       0   176D7       5       0       0
     149959                    41                    41             3.2828879E-04         1.0000000E+30               889       
 NEXT SEEDS:24508377       0       0       0       0       0   176D7       5       0       0
     149960                    40                    40             3.2828660E-04         1.0000000E+30               889       
 NEXT SEEDS:24508824       0       0       0       0       0   176D7       5       0       0
     149961                    39                    39             3.2828441E-04         1.0000000E+30               889       
 NEXT SEEDS:24508D09       0       0       0       0       0   176D7       5       0       0
     149962                    38                    38             3.2828222E-04         1.0000000E+30               889       
 NEXT SEEDS:24509167       0       0       0       0       0   176D7       5       0       0
     149963                    37                    37             3.2828003E-04         1.0000000E+30               889       
 NEXT SEEDS:24509B68       0       0       0       0       0   176D7       5       0       0
     149964                    36                    36             3.2827785E-04         1.0000000E+30               889       
 NEXT SEEDS:2450A728       0       0       0       0       0   176D7       5       0       0
     149965                    35                    35             3.2827873E-04         1.0000000E+30               889       
 NEXT SEEDS:2450ABB0       0       0       0       0       0   176D7       5       0       0
     149966                    34                    34             3.2828006E-04         1.0000000E+30               889       
 NEXT SEEDS:2450B03B       0       0       0       0       0   176D7       5       0       0
     149967                    33                    33             3.2828125E-04         1.0000000E+30               889       
 NEXT SEEDS:2450B4FD       0       0       0       0       0   176D7       5       0       0
     149968                    32                    32             3.2828260E-04         1.0000000E+30               889       
 NEXT SEEDS:2450B95B       0       0       0       0       0   176D7       5       0       0
     149969                    31                    31             3.2828392E-04         1.0000000E+30               889       
 NEXT SEEDS:2450BE23       0       0       0       0       0   176D7       5       0       0
     149970                    30                    30             3.2828516E-04         1.0000000E+30               889       
 NEXT SEEDS:2450C2C1       0       0       0       0       0   176D7       5       0       0
     149971                    29                    29             3.2828664E-04         1.0000000E+30               889       
 NEXT SEEDS:2450CE4C       0       0       0       0       0   176D7       5       0       0
     149972                    28                    28             3.2828801E-04         1.0000000E+30               889       
 NEXT SEEDS:2450D327       0       0       0       0       0   176D7       5       0       0
     149973                    27                    27             3.2828956E-04         1.0000000E+30               889       
 NEXT SEEDS:2450D81A       0       0       0       0       0   176D7       5       0       0
     149974                    26                    26             3.2829091E-04         1.0000000E+30               889       
 NEXT SEEDS:2450DD14       0       0       0       0       0   176D7       5       0       0
     149975                    25                    25             3.2829225E-04         1.0000000E+30               889       
 NEXT SEEDS:2450E1AB       0       0       0       0       0   176D7       5       0       0
     149976                    24                    24             3.2829373E-04         1.0000000E+30               889       
 NEXT SEEDS:2450E648       0       0       0       0       0   176D7       5       0       0
     149977                    23                    23             3.2829522E-04         1.0000000E+30               889       
 NEXT SEEDS:2450EAC2       0       0       0       0       0   176D7       5       0       0
     149978                    22                    22             3.2829662E-04         1.0000000E+30               889       
 NEXT SEEDS:2450EF42       0       0       0       0       0   176D7       5       0       0
     149979                    21                    21             3.2829769E-04         1.0000000E+30               889       
 NEXT SEEDS:2450F3EB       0       0       0       0       0   176D7       5       0       0
     149980                    20                    20             3.2829911E-04         1.0000000E+30               889       
 NEXT SEEDS:2450F84E       0       0       0       0       0   176D7       5       0       0
     149981                    19                    19             3.2830046E-04         1.0000000E+30               889       
 NEXT SEEDS:2450FD2D       0       0       0       0       0   176D7       5       0       0
     149982                    18                    18             3.2830170E-04         1.0000000E+30               889       
 NEXT SEEDS:24510192       0       0       0       0       0   176D7       5       0       0
     149983                    17                    17             3.2830290E-04         1.0000000E+30               889       
 NEXT SEEDS:24510685       0       0       0       0       0   176D7       5       0       0
     149984                    16                    16             3.2830414E-04         1.0000000E+30               889       
 NEXT SEEDS:24510B06       0       0       0       0       0   176D7       5       0       0
     149985                    15                    15             3.2830534E-04         1.0000000E+30               889       
 NEXT SEEDS:24510F6B       0       0       0       0       0   176D7       5       0       0
     149986                    14                    14             3.2830661E-04         1.0000000E+30               889       
 NEXT SEEDS:245113DA       0       0       0       0       0   176D7       5       0       0
     149987                    13                    13             3.2830770E-04         1.0000000E+30               889       
 NEXT SEEDS:24511884       0       0       0       0       0   176D7       5       0       0
     149988                    12                    12             3.2830553E-04         1.0000000E+30               889       
 NEXT SEEDS:24511D70       0       0       0       0       0   176D7       5       0       0
     149989                    11                    11             3.2830335E-04         1.0000000E+30               889       
 NEXT SEEDS:245121BA       0       0       0       0       0   176D7       5       0       0
     149990                    10                    10             3.2830116E-04         1.0000000E+30               889       
 NEXT SEEDS:24512ECE       0       0       0       0       0   176D7       5       0       0
     149991                     9                     9             3.2829897E-04         1.0000000E+30               889       
 NEXT SEEDS:24513357       0       0       0       0       0   176D7       5       0       0
     149992                     8                     8             3.2829678E-04         1.0000000E+30               889       
 NEXT SEEDS:24513796       0       0       0       0       0   176D7       5       0       0
     149993                     7                     7             3.2829459E-04         1.0000000E+30               889       
 NEXT SEEDS:24513BFD       0       0       0       0       0   176D7       5       0       0
     149994                     6                     6             3.2829240E-04         1.0000000E+30               889       
 NEXT SEEDS:245140A4       0       0       0       0       0   176D7       5       0       0
     149995                     5                     5             3.2829243E-04         1.0000000E+30               889       
 NEXT SEEDS:24514570       0       0       0       0       0   176D7       5       0       0
     149996                     4                     4             3.2829364E-04         1.0000000E+30               889       
 NEXT SEEDS:245149FC       0       0       0       0       0   176D7       5       0       0
     149997                     3                     3             3.2829479E-04         1.0000000E+30               889       
 NEXT SEEDS:24514E5E       0       0       0       0       0   176D7       5       0       0
     149998                     2                     2             3.2829603E-04         1.0000000E+30               889       
 NEXT SEEDS:245153F6       0       0       0       0       0   176D7       5       0       0
     149999                     1                     1             3.2829728E-04         1.0000000E+30               889       
 NEXT SEEDS:24515852       0       0       0       0       0   176D7       5       0       0
     150000                     0                     1             3.2829857E-04         1.0000000E+30               889       
 NEXT SEEDS:24515CBD       0       0       0       0       0   176D7       5       0       0
