1NUMBER OF BEAM       NUMBER OF BEAM        APPROXIMATE NUMBER    AVERAGE TIME USED     TIME LEFT (RESERVED   NUMBER OF STARS
 PARTICLES HANDLED    PARTICLES LEFT        OF BEAM PARTICLES     BY A BEAM PARTICLE     10000.0 SECONDS      CREATED
                                            THAT CAN STILL BE                           FOR PRINTOUT)
                                            HANDLED

 NEXT SEEDS: C1632D3       0       0       0       0       0   176D7       5       0       0
          1                149999                149999             0.0000000E+00         1.0000000E+30                 0       
 NEXT SEEDS: C16378F       0       0       0       0       0   176D7       5       0       0
       3000                147000                147000             3.3348529E-04         1.0000000E+30                24       
 NEXT SEEDS: C5535E9       0       0       0       0       0   176D7       5       0       0
       6000                144000                144000             3.3574414E-04         1.0000000E+30                42       
 NEXT SEEDS: C933BBB       0       0       0       0       0   176D7       5       0       0
       9000                141000                141000             3.3072413E-04         1.0000000E+30                53       
 NEXT SEEDS: CD0B7C1       0       0       0       0       0   176D7       5       0       0
      12000                138000                138000             3.3106172E-04         1.0000000E+30                77       
 NEXT SEEDS: D0E5F3A       0       0       0       0       0   176D7       5       0       0
      15000                135000                135000             3.3077612E-04         1.0000000E+30                89       
 NEXT SEEDS: D4C2A5D       0       0       0       0       0   176D7       5       0       0
      18000                132000                132000             3.3095087E-04         1.0000000E+30               108       
 NEXT SEEDS: D8A2282       0       0       0       0       0   176D7       5       0       0
      21000                129000                129000             3.3033264E-04         1.0000000E+30               122       
 NEXT SEEDS: DC7D998       0       0       0       0       0   176D7       5       0       0
      24000                126000                126000             3.3022656E-04         1.0000000E+30               135       
 NEXT SEEDS: E05E655       0       0       0       0       0   176D7       5       0       0
      27000                123000                123000             3.2979374E-04         1.0000000E+30               149       
 NEXT SEEDS: E437FCD       0       0       0       0       0   176D7       5       0       0
      30000                120000                120000             3.3013113E-04         1.0000000E+30               167       
 NEXT SEEDS: E80DA30       0       0       0       0       0   176D7       5       0       0
      33000                117000                117000             3.3053784E-04         1.0000000E+30               190       
 NEXT SEEDS: EBE6492       0       0       0       0       0   176D7       5       0       0
      36000                114000                114000             3.2993225E-04         1.0000000E+30               199       
 NEXT SEEDS: EFBBD39       0       0       0       0       0   176D7       5       0       0
      39000                111000                111000             3.3014037E-04         1.0000000E+30               216       
 NEXT SEEDS: F3A558C       0       0       0       0       0   176D7       5       0       0
      42000                108000                108000             3.2992730E-04         1.0000000E+30               234       
 NEXT SEEDS: F783A15       0       0       0       0       0   176D7       5       0       0
      45000                105000                105000             3.3009333E-04         1.0000000E+30               258       
 NEXT SEEDS: FB67476       0       0       0       0       0   176D7       5       0       0
      48000                102000                102000             3.3007970E-04         1.0000000E+30               272       
 NEXT SEEDS: FF3C33E       0       0       0       0       0   176D7       5       0       0
      51000                 99000                 99000             3.3041344E-04         1.0000000E+30               292       
 NEXT SEEDS:10332EFC       0       0       0       0       0   176D7       5       0       0
      54000                 96000                 96000             3.3065039E-04         1.0000000E+30               311       
 NEXT SEEDS:10727926       0       0       0       0       0   176D7       5       0       0
      57000                 93000                 93000             3.3067334E-04         1.0000000E+30               336       
 NEXT SEEDS:10B0E49D       0       0       0       0       0   176D7       5       0       0
      60000                 90000                 90000             3.3024520E-04         1.0000000E+30               347       
 NEXT SEEDS:10ED5304       0       0       0       0       0   176D7       5       0       0
      63000                 87000                 87000             3.3012132E-04         1.0000000E+30               365       
 NEXT SEEDS:112BD9C0       0       0       0       0       0   176D7       5       0       0
      66000                 84000                 84000             3.3012840E-04         1.0000000E+30               381       
 NEXT SEEDS:1169F8D8       0       0       0       0       0   176D7       5       0       0
      69000                 81000                 81000             3.3041970E-04         1.0000000E+30               402       
 NEXT SEEDS:11A96D22       0       0       0       0       0   176D7       5       0       0
      72000                 78000                 78000             3.3035055E-04         1.0000000E+30               417       
 NEXT SEEDS:11E7D6F3       0       0       0       0       0   176D7       5       0       0
      75000                 75000                 75000             3.3021321E-04         1.0000000E+30               427       
 NEXT SEEDS:1224EA6D       0       0       0       0       0   176D7       5       0       0
      78000                 72000                 72000             3.3006973E-04         1.0000000E+30               443       
 NEXT SEEDS:12620DA5       0       0       0       0       0   176D7       5       0       0
      81000                 69000                 69000             3.3002714E-04         1.0000000E+30               455       
 NEXT SEEDS:129EF656       0       0       0       0       0   176D7       5       0       0
      84000                 66000                 66000             3.2984136E-04         1.0000000E+30               465       
 NEXT SEEDS:12DBFABE       0       0       0       0       0   176D7       5       0       0
      87000                 63000                 63000             3.2989197E-04         1.0000000E+30               480       
 NEXT SEEDS:13199BD9       0       0       0       0       0   176D7       5       0       0
      90000                 60000                 60000             3.2984218E-04         1.0000000E+30               495       
 NEXT SEEDS:1357053E       0       0       0       0       0   176D7       5       0       0
      93000                 57000                 57000             3.2991829E-04         1.0000000E+30               516       
 NEXT SEEDS:1395A48B       0       0       0       0       0   176D7       5       0       0
      96000                 54000                 54000             3.2991737E-04         1.0000000E+30               533       
 NEXT SEEDS:13D37FB7       0       0       0       0       0   176D7       5       0       0
      99000                 51000                 51000             3.2981847E-04         1.0000000E+30               551       
 NEXT SEEDS:14110CEE       0       0       0       0       0   176D7       5       0       0
     102000                 48000                 48000             3.2971025E-04         1.0000000E+30               566       
 NEXT SEEDS:144E31B5       0       0       0       0       0   176D7       5       0       0
     105000                 45000                 45000             3.2947887E-04         1.0000000E+30               575       
 NEXT SEEDS:148B106C       0       0       0       0       0   176D7       5       0       0
     108000                 42000                 42000             3.2973255E-04         1.0000000E+30               598       
 NEXT SEEDS:14C9D7E9       0       0       0       0       0   176D7       5       0       0
     111000                 39000                 39000             3.2960663E-04         1.0000000E+30               610       
 NEXT SEEDS:15078CF1       0       0       0       0       0   176D7       5       0       0
     114000                 36000                 36000             3.2967923E-04         1.0000000E+30               627       
 NEXT SEEDS:154615F4       0       0       0       0       0   176D7       5       0       0
     117000                 33000                 33000             3.2959367E-04         1.0000000E+30               646       
 NEXT SEEDS:1583D9F7       0       0       0       0       0   176D7       5       0       0
     120000                 30000                 30000             3.2965070E-04         1.0000000E+30               668       
 NEXT SEEDS:15C1F411       0       0       0       0       0   176D7       5       0       0
     123000                 27000                 27000             3.2971357E-04         1.0000000E+30               683       
 NEXT SEEDS:15FFD3C6       0       0       0       0       0   176D7       5       0       0
     126000                 24000                 24000             3.2978982E-04         1.0000000E+30               706       
 NEXT SEEDS:163E8502       0       0       0       0       0   176D7       5       0       0
     129000                 21000                 21000             3.2970208E-04         1.0000000E+30               723       
 NEXT SEEDS:167C8893       0       0       0       0       0   176D7       5       0       0
     132000                 18000                 18000             3.2976140E-04         1.0000000E+30               740       
 NEXT SEEDS:16BBC49D       0       0       0       0       0   176D7       5       0       0
     135000                 15000                 15000             3.2969610E-04         1.0000000E+30               758       
 NEXT SEEDS:16F9A549       0       0       0       0       0   176D7       5       0       0
     138000                 12000                 12000             3.2974076E-04         1.0000000E+30               780       
 NEXT SEEDS:1737E91E       0       0       0       0       0   176D7       5       0       0
     141000                  9000                  9000             3.2972093E-04         1.0000000E+30               793       
 NEXT SEEDS:177657FF       0       0       0       0       0   176D7       5       0       0
     144000                  6000                  6000             3.2967470E-04         1.0000000E+30               811       
 NEXT SEEDS:17B4F788       0       0       0       0       0   176D7       5       0       0
     147000                  3000                  3000             3.2958555E-04         1.0000000E+30               829       
 NEXT SEEDS:17F2ABDC       0       0       0       0       0   176D7       5       0       0
     149950                    50                    50             3.2967978E-04         1.0000000E+30               849       
 NEXT SEEDS:18301647       0       0       0       0       0   176D7       5       0       0
     149951                    49                    49             3.2968227E-04         1.0000000E+30               849       
 NEXT SEEDS:18301AAF       0       0       0       0       0   176D7       5       0       0
     149952                    48                    48             3.2968360E-04         1.0000000E+30               849       
 NEXT SEEDS:18301F6C       0       0       0       0       0   176D7       5       0       0
     149953                    47                    47             3.2968507E-04         1.0000000E+30               849       
 NEXT SEEDS:1830240A       0       0       0       0       0   176D7       5       0       0
     149954                    46                    46             3.2968694E-04         1.0000000E+30               849       
 NEXT SEEDS:18302D0C       0       0       0       0       0   176D7       5       0       0
     149955                    45                    45             3.2968873E-04         1.0000000E+30               849       
 NEXT SEEDS:18303891       0       0       0       0       0   176D7       5       0       0
     149956                    44                    44             3.2969017E-04         1.0000000E+30               849       
 NEXT SEEDS:18303D5F       0       0       0       0       0   176D7       5       0       0
     149957                    43                    43             3.2969164E-04         1.0000000E+30               849       
 NEXT SEEDS:183041D7       0       0       0       0       0   176D7       5       0       0
     149958                    42                    42             3.2969308E-04         1.0000000E+30               849       
 NEXT SEEDS:18304637       0       0       0       0       0   176D7       5       0       0
     149959                    41                    41             3.2969454E-04         1.0000000E+30               849       
 NEXT SEEDS:18304ABE       0       0       0       0       0   176D7       5       0       0
     149960                    40                    40             3.2969598E-04         1.0000000E+30               849       
 NEXT SEEDS:18304F15       0       0       0       0       0   176D7       5       0       0
     149961                    39                    39             3.2969734E-04         1.0000000E+30               849       
 NEXT SEEDS:183053C3       0       0       0       0       0   176D7       5       0       0
     149962                    38                    38             3.2969855E-04         1.0000000E+30               849       
 NEXT SEEDS:18305881       0       0       0       0       0   176D7       5       0       0
     149963                    37                    37             3.2969981E-04         1.0000000E+30               849       
 NEXT SEEDS:18305D0A       0       0       0       0       0   176D7       5       0       0
     149964                    36                    36             3.2970105E-04         1.0000000E+30               849       
 NEXT SEEDS:183061C3       0       0       0       0       0   176D7       5       0       0
     149965                    35                    35             3.2970246E-04         1.0000000E+30               849       
 NEXT SEEDS:183066AE       0       0       0       0       0   176D7       5       0       0
     149966                    34                    34             3.2970390E-04         1.0000000E+30               849       
 NEXT SEEDS:18306B86       0       0       0       0       0   176D7       5       0       0
     149967                    33                    33             3.2970532E-04         1.0000000E+30               849       
 NEXT SEEDS:18307072       0       0       0       0       0   176D7       5       0       0
     149968                    32                    32             3.2970704E-04         1.0000000E+30               849       
 NEXT SEEDS:18307B43       0       0       0       0       0   176D7       5       0       0
     149969                    31                    31             3.2970840E-04         1.0000000E+30               849       
 NEXT SEEDS:18307FF0       0       0       0       0       0   176D7       5       0       0
     149970                    30                    30             3.2970981E-04         1.0000000E+30               849       
 NEXT SEEDS:18308455       0       0       0       0       0   176D7       5       0       0
     149971                    29                    29             3.2971105E-04         1.0000000E+30               849       
 NEXT SEEDS:183088D4       0       0       0       0       0   176D7       5       0       0
     149972                    28                    28             3.2971228E-04         1.0000000E+30               849       
 NEXT SEEDS:18308D9C       0       0       0       0       0   176D7       5       0       0
     149973                    27                    27             3.2971377E-04         1.0000000E+30               849       
 NEXT SEEDS:1830973E       0       0       0       0       0   176D7       5       0       0
     149974                    26                    26             3.2971529E-04         1.0000000E+30               849       
 NEXT SEEDS:1830A1FC       0       0       0       0       0   176D7       5       0       0
     149975                    25                    25             3.2971678E-04         1.0000000E+30               849       
 NEXT SEEDS:1830A67C       0       0       0       0       0   176D7       5       0       0
     149976                    24                    24             3.2971832E-04         1.0000000E+30               849       
 NEXT SEEDS:1830AAEB       0       0       0       0       0   176D7       5       0       0
     149977                    23                    23             3.2971981E-04         1.0000000E+30               849       
 NEXT SEEDS:1830AF54       0       0       0       0       0   176D7       5       0       0
     149978                    22                    22             3.2972127E-04         1.0000000E+30               849       
 NEXT SEEDS:1830B3E2       0       0       0       0       0   176D7       5       0       0
     149979                    21                    21             3.2972261E-04         1.0000000E+30               849       
 NEXT SEEDS:1830B8A2       0       0       0       0       0   176D7       5       0       0
     149980                    20                    20             3.2972395E-04         1.0000000E+30               849       
 NEXT SEEDS:1830BCFC       0       0       0       0       0   176D7       5       0       0
     149981                    19                    19             3.2972515E-04         1.0000000E+30               849       
 NEXT SEEDS:1830C158       0       0       0       0       0   176D7       5       0       0
     149982                    18                    18             3.2972642E-04         1.0000000E+30               849       
 NEXT SEEDS:1830C5C1       0       0       0       0       0   176D7       5       0       0
     149983                    17                    17             3.2972780E-04         1.0000000E+30               849       
 NEXT SEEDS:1830CA51       0       0       0       0       0   176D7       5       0       0
     149984                    16                    16             3.2972560E-04         1.0000000E+30               849       
 NEXT SEEDS:1830CEB1       0       0       0       0       0   176D7       5       0       0
     149985                    15                    15             3.2972341E-04         1.0000000E+30               849       
 NEXT SEEDS:1830D303       0       0       0       0       0   176D7       5       0       0
     149986                    14                    14             3.2972121E-04         1.0000000E+30               849       
 NEXT SEEDS:1830DD95       0       0       0       0       0   176D7       5       0       0
     149987                    13                    13             3.2971901E-04         1.0000000E+30               849       
 NEXT SEEDS:1830E1EE       0       0       0       0       0   176D7       5       0       0
     149988                    12                    12             3.2971681E-04         1.0000000E+30               849       
 NEXT SEEDS:1830E6B1       0       0       0       0       0   176D7       5       0       0
     149989                    11                    11             3.2971461E-04         1.0000000E+30               849       
 NEXT SEEDS:1830EB3D       0       0       0       0       0   176D7       5       0       0
     149990                    10                    10             3.2971241E-04         1.0000000E+30               849       
 NEXT SEEDS:1830F58A       0       0       0       0       0   176D7       5       0       0
     149991                     9                     9             3.2971345E-04         1.0000000E+30               849       
 NEXT SEEDS:1830FA2B       0       0       0       0       0   176D7       5       0       0
     149992                     8                     8             3.2971468E-04         1.0000000E+30               849       
 NEXT SEEDS:1830FE7F       0       0       0       0       0   176D7       5       0       0
     149993                     7                     7             3.2971584E-04         1.0000000E+30               849       
 NEXT SEEDS:18310323       0       0       0       0       0   176D7       5       0       0
     149994                     6                     6             3.2971700E-04         1.0000000E+30               849       
 NEXT SEEDS:183107AE       0       0       0       0       0   176D7       5       0       0
     149995                     5                     5             3.2971813E-04         1.0000000E+30               849       
 NEXT SEEDS:18310C50       0       0       0       0       0   176D7       5       0       0
     149996                     4                     4             3.2971919E-04         1.0000000E+30               849       
 NEXT SEEDS:1831111E       0       0       0       0       0   176D7       5       0       0
     149997                     3                     3             3.2972032E-04         1.0000000E+30               849       
 NEXT SEEDS:18311580       0       0       0       0       0   176D7       5       0       0
     149998                     2                     2             3.2972136E-04         1.0000000E+30               849       
 NEXT SEEDS:18311A2D       0       0       0       0       0   176D7       5       0       0
     149999                     1                     1             3.2972269E-04         1.0000000E+30               849       
 NEXT SEEDS:18311E97       0       0       0       0       0   176D7       5       0       0
     150000                     0                     1             3.2972393E-04         1.0000000E+30               849       
 NEXT SEEDS:183122E3       0       0       0       0       0   176D7       5       0       0
