1NUMBER OF BEAM       NUMBER OF BEAM        APPROXIMATE NUMBER    AVERAGE TIME USED     TIME LEFT (RESERVED   NUMBER OF STARS
 PARTICLES HANDLED    PARTICLES LEFT        OF BEAM PARTICLES     BY A BEAM PARTICLE     10000.0 SECONDS      CREATED
                                            THAT CAN STILL BE                           FOR PRINTOUT)
                                            HANDLED

 NEXT SEEDS:24515CBD       0       0       0       0       0   176D7       5       0       0
          1                149999                149999             6.5898895E-04         1.0000000E+30                 0       
 NEXT SEEDS:2451611C       0       0       0       0       0   176D7       5       0       0
       3000                147000                147000             3.3578300E-04         1.0000000E+30                18       
 NEXT SEEDS:249031E0       0       0       0       0       0   176D7       5       0       0
       6000                144000                144000             3.3350579E-04         1.0000000E+30                33       
 NEXT SEEDS:24CDFAAA       0       0       0       0       0   176D7       5       0       0
       9000                141000                141000             3.3271609E-04         1.0000000E+30                50       
 NEXT SEEDS:250BD37A       0       0       0       0       0   176D7       5       0       0
      12000                138000                138000             3.3133825E-04         1.0000000E+30                63       
 NEXT SEEDS:2548878F       0       0       0       0       0   176D7       5       0       0
      15000                135000                135000             3.3095226E-04         1.0000000E+30                82       
 NEXT SEEDS:25869B0F       0       0       0       0       0   176D7       5       0       0
      18000                132000                132000             3.3125035E-04         1.0000000E+30               104       
 NEXT SEEDS:25C5C4E0       0       0       0       0       0   176D7       5       0       0
      21000                129000                129000             3.3049098E-04         1.0000000E+30               120       
 NEXT SEEDS:2602CB21       0       0       0       0       0   176D7       5       0       0
      24000                126000                126000             3.3047966E-04         1.0000000E+30               143       
 NEXT SEEDS:2640F60D       0       0       0       0       0   176D7       5       0       0
      27000                123000                123000             3.3038902E-04         1.0000000E+30               157       
 NEXT SEEDS:267F2787       0       0       0       0       0   176D7       5       0       0
      30000                120000                120000             3.3032004E-04         1.0000000E+30               172       
 NEXT SEEDS:26BC53B7       0       0       0       0       0   176D7       5       0       0
      33000                117000                117000             3.3065357E-04         1.0000000E+30               197       
 NEXT SEEDS:26FB7AAD       0       0       0       0       0   176D7       5       0       0
      36000                114000                114000             3.3077420E-04         1.0000000E+30               215       
 NEXT SEEDS:2739A7A1       0       0       0       0       0   176D7       5       0       0
      39000                111000                111000             3.3051486E-04         1.0000000E+30               231       
 NEXT SEEDS:27772F12       0       0       0       0       0   176D7       5       0       0
      42000                108000                108000             3.3074102E-04         1.0000000E+30               247       
 NEXT SEEDS:27B5D744       0       0       0       0       0   176D7       5       0       0
      45000                105000                105000             3.3052012E-04         1.0000000E+30               258       
 NEXT SEEDS:27F311AA       0       0       0       0       0   176D7       5       0       0
      48000                102000                102000             3.3056450E-04         1.0000000E+30               279       
 NEXT SEEDS:28310764       0       0       0       0       0   176D7       5       0       0
      51000                 99000                 99000             3.3062093E-04         1.0000000E+30               295       
 NEXT SEEDS:286F61A8       0       0       0       0       0   176D7       5       0       0
      54000                 96000                 96000             3.3071627E-04         1.0000000E+30               313       
 NEXT SEEDS:28AD79C1       0       0       0       0       0   176D7       5       0       0
      57000                 93000                 93000             3.3051682E-04         1.0000000E+30               326       
 NEXT SEEDS:28EAD191       0       0       0       0       0   176D7       5       0       0
      60000                 90000                 90000             3.3031905E-04         1.0000000E+30               337       
 NEXT SEEDS:2927F215       0       0       0       0       0   176D7       5       0       0
      63000                 87000                 87000             3.3046423E-04         1.0000000E+30               355       
 NEXT SEEDS:29671757       0       0       0       0       0   176D7       5       0       0
      66000                 84000                 84000             3.3019968E-04         1.0000000E+30               373       
 NEXT SEEDS:29A4E76C       0       0       0       0       0   176D7       5       0       0
      69000                 81000                 81000             3.3033189E-04         1.0000000E+30               389       
 NEXT SEEDS:29E3BC43       0       0       0       0       0   176D7       5       0       0
      72000                 78000                 78000             3.3012682E-04         1.0000000E+30               406       
 NEXT SEEDS:2A212F81       0       0       0       0       0   176D7       5       0       0
      75000                 75000                 75000             3.3010442E-04         1.0000000E+30               423       
 NEXT SEEDS:2A5F14EF       0       0       0       0       0   176D7       5       0       0
      78000                 72000                 72000             3.3017968E-04         1.0000000E+30               451       
 NEXT SEEDS:2A9E18A9       0       0       0       0       0   176D7       5       0       0
      81000                 69000                 69000             3.3019405E-04         1.0000000E+30               471       
 NEXT SEEDS:2ADCCD40       0       0       0       0       0   176D7       5       0       0
      84000                 66000                 66000             3.3025717E-04         1.0000000E+30               489       
 NEXT SEEDS:2B1A65E2       0       0       0       0       0   176D7       5       0       0
      87000                 63000                 63000             3.3007714E-04         1.0000000E+30               500       
 NEXT SEEDS:2B573CA3       0       0       0       0       0   176D7       5       0       0
      90000                 60000                 60000             3.3032979E-04         1.0000000E+30               522       
 NEXT SEEDS:2B9616C0       0       0       0       0       0   176D7       5       0       0
      93000                 57000                 57000             3.3043254E-04         1.0000000E+30               543       
 NEXT SEEDS:2BD48914       0       0       0       0       0   176D7       5       0       0
      96000                 54000                 54000             3.3030329E-04         1.0000000E+30               560       
 NEXT SEEDS:2C11BD8E       0       0       0       0       0   176D7       5       0       0
      99000                 51000                 51000             3.3030895E-04         1.0000000E+30               575       
 NEXT SEEDS:2C4F15E2       0       0       0       0       0   176D7       5       0       0
     102000                 48000                 48000             3.3012108E-04         1.0000000E+30               588       
 NEXT SEEDS:2C8B8D9C       0       0       0       0       0   176D7       5       0       0
     105000                 45000                 45000             3.3018056E-04         1.0000000E+30               612       
 NEXT SEEDS:2CC9DF19       0       0       0       0       0   176D7       5       0       0
     108000                 42000                 42000             3.3019972E-04         1.0000000E+30               633       
 NEXT SEEDS:2D086226       0       0       0       0       0   176D7       5       0       0
     111000                 39000                 39000             3.3017478E-04         1.0000000E+30               652       
 NEXT SEEDS:2D46BEF7       0       0       0       0       0   176D7       5       0       0
     114000                 36000                 36000             3.3004478E-04         1.0000000E+30               668       
 NEXT SEEDS:2D846196       0       0       0       0       0   176D7       5       0       0
     117000                 33000                 33000             3.3009862E-04         1.0000000E+30               692       
 NEXT SEEDS:2DC37E51       0       0       0       0       0   176D7       5       0       0
     120000                 30000                 30000             3.2995728E-04         1.0000000E+30               706       
 NEXT SEEDS:2E012801       0       0       0       0       0   176D7       5       0       0
     123000                 27000                 27000             3.2999890E-04         1.0000000E+30               717       
 NEXT SEEDS:2E3F3569       0       0       0       0       0   176D7       5       0       0
     126000                 24000                 24000             3.2999830E-04         1.0000000E+30               734       
 NEXT SEEDS:2E7D8932       0       0       0       0       0   176D7       5       0       0
     129000                 21000                 21000             3.2992419E-04         1.0000000E+30               750       
 NEXT SEEDS:2EBA5914       0       0       0       0       0   176D7       5       0       0
     132000                 18000                 18000             3.2988813E-04         1.0000000E+30               761       
 NEXT SEEDS:2EF754A5       0       0       0       0       0   176D7       5       0       0
     135000                 15000                 15000             3.2995615E-04         1.0000000E+30               779       
 NEXT SEEDS:2F35BCAF       0       0       0       0       0   176D7       5       0       0
     138000                 12000                 12000             3.2992049E-04         1.0000000E+30               793       
 NEXT SEEDS:2F7396F9       0       0       0       0       0   176D7       5       0       0
     141000                  9000                  9000             3.2999284E-04         1.0000000E+30               811       
 NEXT SEEDS:2FB1E788       0       0       0       0       0   176D7       5       0       0
     144000                  6000                  6000             3.3000704E-04         1.0000000E+30               828       
 NEXT SEEDS:2FF045B4       0       0       0       0       0   176D7       5       0       0
     147000                  3000                  3000             3.2994859E-04         1.0000000E+30               844       
 NEXT SEEDS:302E7DDD       0       0       0       0       0   176D7       5       0       0
     149950                    50                    50             3.2993576E-04         1.0000000E+30               862       
 NEXT SEEDS:306AFC19       0       0       0       0       0   176D7       5       0       0
     149951                    49                    49             3.2993829E-04         1.0000000E+30               862       
 NEXT SEEDS:306B0090       0       0       0       0       0   176D7       5       0       0
     149952                    48                    48             3.2993981E-04         1.0000000E+30               862       
 NEXT SEEDS:306B0A99       0       0       0       0       0   176D7       5       0       0
     149953                    47                    47             3.2994135E-04         1.0000000E+30               862       
 NEXT SEEDS:306B0F31       0       0       0       0       0   176D7       5       0       0
     149954                    46                    46             3.2994286E-04         1.0000000E+30               862       
 NEXT SEEDS:306B1375       0       0       0       0       0   176D7       5       0       0
     149955                    45                    45             3.2994445E-04         1.0000000E+30               862       
 NEXT SEEDS:306B17E6       0       0       0       0       0   176D7       5       0       0
     149956                    44                    44             3.2994599E-04         1.0000000E+30               862       
 NEXT SEEDS:306B1CA4       0       0       0       0       0   176D7       5       0       0
     149957                    43                    43             3.2994748E-04         1.0000000E+30               862       
 NEXT SEEDS:306B2124       0       0       0       0       0   176D7       5       0       0
     149958                    42                    42             3.2994886E-04         1.0000000E+30               862       
 NEXT SEEDS:306B25BA       0       0       0       0       0   176D7       5       0       0
     149959                    41                    41             3.2995033E-04         1.0000000E+30               862       
 NEXT SEEDS:306B2A34       0       0       0       0       0   176D7       5       0       0
     149960                    40                    40             3.2995179E-04         1.0000000E+30               862       
 NEXT SEEDS:306B2EA4       0       0       0       0       0   176D7       5       0       0
     149961                    39                    39             3.2995323E-04         1.0000000E+30               862       
 NEXT SEEDS:306B3329       0       0       0       0       0   176D7       5       0       0
     149962                    38                    38             3.2995464E-04         1.0000000E+30               862       
 NEXT SEEDS:306B3785       0       0       0       0       0   176D7       5       0       0
     149963                    37                    37             3.2995605E-04         1.0000000E+30               862       
 NEXT SEEDS:306B3BEF       0       0       0       0       0   176D7       5       0       0
     149964                    36                    36             3.2995723E-04         1.0000000E+30               862       
 NEXT SEEDS:306B403A       0       0       0       0       0   176D7       5       0       0
     149965                    35                    35             3.2995842E-04         1.0000000E+30               862       
 NEXT SEEDS:306B44F6       0       0       0       0       0   176D7       5       0       0
     149966                    34                    34             3.2995973E-04         1.0000000E+30               862       
 NEXT SEEDS:306B4AE1       0       0       0       0       0   176D7       5       0       0
     149967                    33                    33             3.2996094E-04         1.0000000E+30               862       
 NEXT SEEDS:306B4FA9       0       0       0       0       0   176D7       5       0       0
     149968                    32                    32             3.2996212E-04         1.0000000E+30               862       
 NEXT SEEDS:306B5444       0       0       0       0       0   176D7       5       0       0
     149969                    31                    31             3.2996345E-04         1.0000000E+30               862       
 NEXT SEEDS:306B58BC       0       0       0       0       0   176D7       5       0       0
     149970                    30                    30             3.2996492E-04         1.0000000E+30               862       
 NEXT SEEDS:306B5D63       0       0       0       0       0   176D7       5       0       0
     149971                    29                    29             3.2996648E-04         1.0000000E+30               862       
 NEXT SEEDS:306B621C       0       0       0       0       0   176D7       5       0       0
     149972                    28                    28             3.2996797E-04         1.0000000E+30               862       
 NEXT SEEDS:306B6668       0       0       0       0       0   176D7       5       0       0
     149973                    27                    27             3.2996935E-04         1.0000000E+30               862       
 NEXT SEEDS:306B6B43       0       0       0       0       0   176D7       5       0       0
     149974                    26                    26             3.2997082E-04         1.0000000E+30               862       
 NEXT SEEDS:306B6FC5       0       0       0       0       0   176D7       5       0       0
     149975                    25                    25             3.2997253E-04         1.0000000E+30               862       
 NEXT SEEDS:306B7BB0       0       0       0       0       0   176D7       5       0       0
     149976                    24                    24             3.2997374E-04         1.0000000E+30               862       
 NEXT SEEDS:306B8020       0       0       0       0       0   176D7       5       0       0
     149977                    23                    23             3.2997493E-04         1.0000000E+30               862       
 NEXT SEEDS:306B8504       0       0       0       0       0   176D7       5       0       0
     149978                    22                    22             3.2997639E-04         1.0000000E+30               862       
 NEXT SEEDS:306B898F       0       0       0       0       0   176D7       5       0       0
     149979                    21                    21             3.2997762E-04         1.0000000E+30               862       
 NEXT SEEDS:306B8E36       0       0       0       0       0   176D7       5       0       0
     149980                    20                    20             3.2997880E-04         1.0000000E+30               862       
 NEXT SEEDS:306B92F1       0       0       0       0       0   176D7       5       0       0
     149981                    19                    19             3.2998001E-04         1.0000000E+30               862       
 NEXT SEEDS:306B977C       0       0       0       0       0   176D7       5       0       0
     149982                    18                    18             3.2998114E-04         1.0000000E+30               862       
 NEXT SEEDS:306B9C29       0       0       0       0       0   176D7       5       0       0
     149983                    17                    17             3.2998228E-04         1.0000000E+30               862       
 NEXT SEEDS:306BA0F2       0       0       0       0       0   176D7       5       0       0
     149984                    16                    16             3.2998341E-04         1.0000000E+30               862       
 NEXT SEEDS:306BA59F       0       0       0       0       0   176D7       5       0       0
     149985                    15                    15             3.2998462E-04         1.0000000E+30               862       
 NEXT SEEDS:306BAA5F       0       0       0       0       0   176D7       5       0       0
     149986                    14                    14             3.2998242E-04         1.0000000E+30               862       
 NEXT SEEDS:306BAEDD       0       0       0       0       0   176D7       5       0       0
     149987                    13                    13             3.2998022E-04         1.0000000E+30               862       
 NEXT SEEDS:306BB330       0       0       0       0       0   176D7       5       0       0
     149988                    12                    12             3.2997802E-04         1.0000000E+30               862       
 NEXT SEEDS:306BB7F4       0       0       0       0       0   176D7       5       0       0
     149989                    11                    11             3.2997582E-04         1.0000000E+30               862       
 NEXT SEEDS:306BBC42       0       0       0       0       0   176D7       5       0       0
     149990                    10                    10             3.2997362E-04         1.0000000E+30               862       
 NEXT SEEDS:306BC118       0       0       0       0       0   176D7       5       0       0
     149991                     9                     9             3.2997142E-04         1.0000000E+30               862       
 NEXT SEEDS:306BC599       0       0       0       0       0   176D7       5       0       0
     149992                     8                     8             3.2996922E-04         1.0000000E+30               862       
 NEXT SEEDS:306BCF24       0       0       0       0       0   176D7       5       0       0
     149993                     7                     7             3.2996702E-04         1.0000000E+30               862       
 NEXT SEEDS:306BDAFA       0       0       0       0       0   176D7       5       0       0
     149994                     6                     6             3.2996482E-04         1.0000000E+30               862       
 NEXT SEEDS:306BDFC1       0       0       0       0       0   176D7       5       0       0
     149995                     5                     5             3.2996262E-04         1.0000000E+30               862       
 NEXT SEEDS:306BE47B       0       0       0       0       0   176D7       5       0       0
     149996                     4                     4             3.2996042E-04         1.0000000E+30               862       
 NEXT SEEDS:306BE949       0       0       0       0       0   176D7       5       0       0
     149997                     3                     3             3.2995822E-04         1.0000000E+30               862       
 NEXT SEEDS:306BEE15       0       0       0       0       0   176D7       5       0       0
     149998                     2                     2             3.2995602E-04         1.0000000E+30               862       
 NEXT SEEDS:306BF278       0       0       0       0       0   176D7       5       0       0
     149999                     1                     1             3.2995382E-04         1.0000000E+30               862       
 NEXT SEEDS:306BF6B9       0       0       0       0       0   176D7       5       0       0
     150000                     0                     1             3.2995162E-04         1.0000000E+30               862       
 NEXT SEEDS:306BFB30       0       0       0       0       0   176D7       5       0       0
