1NUMBER OF BEAM       NUMBER OF BEAM        APPROXIMATE NUMBER    AVERAGE TIME USED     TIME LEFT (RESERVED   NUMBER OF STARS
 PARTICLES HANDLED    PARTICLES LEFT        OF BEAM PARTICLES     BY A BEAM PARTICLE     10000.0 SECONDS      CREATED
                                            THAT CAN STILL BE                           FOR PRINTOUT)
                                            HANDLED

 NEXT SEEDS:2F5BD43A     1CD       0       0       0       0    B271      7B       0       0
          1             299999999             299999999             1.0514259E-04         1.0000000E+30                 0       
 NEXT SEEDS:2F5BD509     1CD       0       0       0       0    B271      7B       0       0
    6000000             294000000             294000000             4.5857403E-05         1.0000000E+30             19960       
 NEXT SEEDS:38926C33     1CE       0       0       0       0    B271      7B       0       0
   12000000             288000000             288000000             4.5845574E-05         1.0000000E+30             39988       
 NEXT SEEDS: 62EC016     1D0       0       0       0       0    B271      7B       0       0
   18000000             282000000             282000000             4.5400657E-05         1.0000000E+30             59627       
 NEXT SEEDS: F57CAF8     1D1       0       0       0       0    B271      7B       0       0
   24000000             276000000             276000000             4.5542004E-05         1.0000000E+30             79693       
 NEXT SEEDS:188F6021     1D2       0       0       0       0    B271      7B       0       0
   30000000             270000000             270000000             4.5545485E-05         1.0000000E+30             99722       
 NEXT SEEDS:21C72A09     1D3       0       0       0       0    B271      7B       0       0
   36000000             264000000             264000000             4.5659337E-05         1.0000000E+30            119662       
 NEXT SEEDS:2AFF51CC     1D4       0       0       0       0    B271      7B       0       0
   42000000             258000000             258000000             4.5602709E-05         1.0000000E+30            139612       
 NEXT SEEDS:343785DF     1D5       0       0       0       0    B271      7B       0       0
   48000000             252000000             252000000             4.5600327E-05         1.0000000E+30            159535       
 NEXT SEEDS: 1C956C7     1D7       0       0       0       0    B271      7B       0       0
   54000000             246000000             246000000             4.5630182E-05         1.0000000E+30            179323       
 NEXT SEEDS: AFA570C     1D8       0       0       0       0    B271      7B       0       0
   60000000             240000000             240000000             4.5606564E-05         1.0000000E+30            199259       
 NEXT SEEDS:1430F2E9     1D9       0       0       0       0    B271      7B       0       0
   66000000             234000000             234000000             4.5568145E-05         1.0000000E+30            219080       
 NEXT SEEDS:1D666551     1DA       0       0       0       0    B271      7B       0       0
   72000000             228000000             228000000             4.5587104E-05         1.0000000E+30            239063       
 NEXT SEEDS:269CA52D     1DB       0       0       0       0    B271      7B       0       0
   78000000             222000000             222000000             4.5541169E-05         1.0000000E+30            259102       
 NEXT SEEDS:2FD10701     1DC       0       0       0       0    B271      7B       0       0
   84000000             216000000             216000000             4.5532974E-05         1.0000000E+30            278748       
 NEXT SEEDS:39029F96     1DD       0       0       0       0    B271      7B       0       0
   90000000             210000000             210000000             4.5519461E-05         1.0000000E+30            298597       
 NEXT SEEDS: 69B6C65     1DF       0       0       0       0    B271      7B       0       0
   96000000             204000000             204000000             4.5563162E-05         1.0000000E+30            318612       
 NEXT SEEDS: FDA91E7     1E0       0       0       0       0    B271      7B       0       0
  102000000             198000000             198000000             4.5572276E-05         1.0000000E+30            338577       
 NEXT SEEDS:1912E450     1E1       0       0       0       0    B271      7B       0       0
  108000000             192000000             192000000             4.5613815E-05         1.0000000E+30            358573       
 NEXT SEEDS:224393A4     1E2       0       0       0       0    B271      7B       0       0
  114000000             186000000             186000000             4.5664568E-05         1.0000000E+30            378397       
 NEXT SEEDS:2B723181     1E3       0       0       0       0    B271      7B       0       0
  120000000             180000000             180000000             4.5698104E-05         1.0000000E+30            398577       
 NEXT SEEDS:34AC9930     1E4       0       0       0       0    B271      7B       0       0
  126000000             174000000             174000000             4.5737727E-05         1.0000000E+30            418291       
 NEXT SEEDS: 2473193     1E6       0       0       0       0    B271      7B       0       0
  132000000             168000000             168000000             4.5774074E-05         1.0000000E+30            438533       
 NEXT SEEDS: B813EB6     1E7       0       0       0       0    B271      7B       0       0
  138000000             162000000             162000000             4.5744456E-05         1.0000000E+30            458358       
 NEXT SEEDS:14B43294     1E8       0       0       0       0    B271      7B       0       0
  144000000             156000000             156000000             4.5724627E-05         1.0000000E+30            478301       
 NEXT SEEDS:1DE4BD4E     1E9       0       0       0       0    B271      7B       0       0
  150000000             150000000             150000000             4.5721813E-05         1.0000000E+30            498169       
 NEXT SEEDS:271BB1EF     1EA       0       0       0       0    B271      7B       0       0
  156000000             144000000             144000000             4.5713692E-05         1.0000000E+30            518050       
 NEXT SEEDS:304D7E90     1EB       0       0       0       0    B271      7B       0       0
  162000000             138000000             138000000             4.5713747E-05         1.0000000E+30            538105       
 NEXT SEEDS:398813A0     1EC       0       0       0       0    B271      7B       0       0
  168000000             132000000             132000000             4.5717768E-05         1.0000000E+30            558274       
 NEXT SEEDS: 7279E28     1EE       0       0       0       0    B271      7B       0       0
  174000000             126000000             126000000             4.5709170E-05         1.0000000E+30            578093       
 NEXT SEEDS:105A0F48     1EF       0       0       0       0    B271      7B       0       0
  180000000             120000000             120000000             4.5705691E-05         1.0000000E+30            598166       
 NEXT SEEDS:198D4149     1F0       0       0       0       0    B271      7B       0       0
  186000000             114000000             114000000             4.5706013E-05         1.0000000E+30            618154       
 NEXT SEEDS:22BDD04B     1F1       0       0       0       0    B271      7B       0       0
  192000000             108000000             108000000             4.5710475E-05         1.0000000E+30            638095       
 NEXT SEEDS:2BEEFD1A     1F2       0       0       0       0    B271      7B       0       0
  198000000             102000000             102000000             4.5729029E-05         1.0000000E+30            658228       
 NEXT SEEDS:352993F1     1F3       0       0       0       0    B271      7B       0       0
  204000000              96000000              96000000             4.5712723E-05         1.0000000E+30            678265       
 NEXT SEEDS: 2C29D0B     1F5       0       0       0       0    B271      7B       0       0
  210000000              90000000              90000000             4.5704209E-05         1.0000000E+30            697923       
 NEXT SEEDS: BF04200     1F6       0       0       0       0    B271      7B       0       0
  216000000              84000000              84000000             4.5686872E-05         1.0000000E+30            717875       
 NEXT SEEDS:15226FC8     1F7       0       0       0       0    B271      7B       0       0
  222000000              78000000              78000000             4.5622722E-05         1.0000000E+30            737896       
 NEXT SEEDS:1E5755DC     1F8       0       0       0       0    B271      7B       0       0
  228000000              72000000              72000000             4.5578288E-05         1.0000000E+30            757869       
 NEXT SEEDS:278E435B     1F9       0       0       0       0    B271      7B       0       0
  234000000              66000000              66000000             4.5585383E-05         1.0000000E+30            777843       
 NEXT SEEDS:30BFFD08     1FA       0       0       0       0    B271      7B       0       0
  240000000              60000000              60000000             4.5569474E-05         1.0000000E+30            797755       
 NEXT SEEDS:39F39ABC     1FB       0       0       0       0    B271      7B       0       0
  246000000              54000000              54000000             4.5585299E-05         1.0000000E+30            817774       
 NEXT SEEDS: 793BB4E     1FD       0       0       0       0    B271      7B       0       0
  252000000              48000000              48000000             4.5603171E-05         1.0000000E+30            837700       
 NEXT SEEDS:10C7DF9C     1FE       0       0       0       0    B271      7B       0       0
  258000000              42000000              42000000             4.5548658E-05         1.0000000E+30            857677       
 NEXT SEEDS:1A01AA57     1FF       0       0       0       0    B271      7B       0       0
  264000000              36000000              36000000             4.5521359E-05         1.0000000E+30            877565       
 NEXT SEEDS:233657C6     200       0       0       0       0    B271      7B       0       0
  270000000              30000000              30000000             4.5475760E-05         1.0000000E+30            897620       
 NEXT SEEDS:2C669073     201       0       0       0       0    B271      7B       0       0
  276000000              24000000              24000000             4.5445928E-05         1.0000000E+30            917515       
 NEXT SEEDS:359570AE     202       0       0       0       0    B271      7B       0       0
  282000000              18000000              18000000             4.5408034E-05         1.0000000E+30            937539       
 NEXT SEEDS: 32F3ABF     204       0       0       0       0    B271      7B       0       0
  288000000              12000000              12000000             4.5373339E-05         1.0000000E+30            957231       
 NEXT SEEDS: C665BAC     205       0       0       0       0    B271      7B       0       0
  294000000               6000000               6000000             4.5337130E-05         1.0000000E+30            977371       
 NEXT SEEDS:159FAAD6     206       0       0       0       0    B271      7B       0       0
  299999950                    50                    50             4.5290568E-05         1.0000000E+30            997554       
 NEXT SEEDS:1EE2D261     207       0       0       0       0    B271      7B       0       0
  299999951                    49                    49             4.5290567E-05         1.0000000E+30            997554       
 NEXT SEEDS:1EE2D324     207       0       0       0       0    B271      7B       0       0
  299999952                    48                    48             4.5290567E-05         1.0000000E+30            997554       
 NEXT SEEDS:1EE2D3F9     207       0       0       0       0    B271      7B       0       0
  299999953                    47                    47             4.5290567E-05         1.0000000E+30            997554       
 NEXT SEEDS:1EE2D4D2     207       0       0       0       0    B271      7B       0       0
  299999954                    46                    46             4.5290570E-05         1.0000000E+30            997554       
 NEXT SEEDS:1EE2D5AC     207       0       0       0       0    B271      7B       0       0
  299999955                    45                    45             4.5290570E-05         1.0000000E+30            997554       
 NEXT SEEDS:1EE2D652     207       0       0       0       0    B271      7B       0       0
  299999956                    44                    44             4.5290570E-05         1.0000000E+30            997554       
 NEXT SEEDS:1EE2D72D     207       0       0       0       0    B271      7B       0       0
  299999957                    43                    43             4.5290570E-05         1.0000000E+30            997554       
 NEXT SEEDS:1EE2D81C     207       0       0       0       0    B271      7B       0       0
  299999958                    42                    42             4.5290570E-05         1.0000000E+30            997554       
 NEXT SEEDS:1EE2D8DF     207       0       0       0       0    B271      7B       0       0
  299999959                    41                    41             4.5290569E-05         1.0000000E+30            997554       
 NEXT SEEDS:1EE2D9B9     207       0       0       0       0    B271      7B       0       0
  299999960                    40                    40             4.5290569E-05         1.0000000E+30            997554       
 NEXT SEEDS:1EE2DAB4     207       0       0       0       0    B271      7B       0       0
  299999961                    39                    39             4.5290572E-05         1.0000000E+30            997554       
 NEXT SEEDS:1EE2DABB     207       0       0       0       0    B271      7B       0       0
  299999962                    38                    38             4.5290572E-05         1.0000000E+30            997554       
 NEXT SEEDS:1EE2DAC2     207       0       0       0       0    B271      7B       0       0
  299999963                    37                    37             4.5290572E-05         1.0000000E+30            997554       
 NEXT SEEDS:1EE2DB98     207       0       0       0       0    B271      7B       0       0
  299999964                    36                    36             4.5290572E-05         1.0000000E+30            997554       
 NEXT SEEDS:1EE2DC62     207       0       0       0       0    B271      7B       0       0
  299999965                    35                    35             4.5290572E-05         1.0000000E+30            997554       
 NEXT SEEDS:1EE2DD49     207       0       0       0       0    B271      7B       0       0
  299999966                    34                    34             4.5290572E-05         1.0000000E+30            997554       
 NEXT SEEDS:1EE2DE15     207       0       0       0       0    B271      7B       0       0
  299999967                    33                    33             4.5290575E-05         1.0000000E+30            997554       
 NEXT SEEDS:1EE2DED8     207       0       0       0       0    B271      7B       0       0
  299999968                    32                    32             4.5290575E-05         1.0000000E+30            997554       
 NEXT SEEDS:1EE2DFB5     207       0       0       0       0    B271      7B       0       0
  299999969                    31                    31             4.5290574E-05         1.0000000E+30            997554       
 NEXT SEEDS:1EE2E07A     207       0       0       0       0    B271      7B       0       0
  299999970                    30                    30             4.5290574E-05         1.0000000E+30            997554       
 NEXT SEEDS:1EE2E145     207       0       0       0       0    B271      7B       0       0
  299999971                    29                    29             4.5290574E-05         1.0000000E+30            997554       
 NEXT SEEDS:1EE2E208     207       0       0       0       0    B271      7B       0       0
  299999972                    28                    28             4.5290574E-05         1.0000000E+30            997554       
 NEXT SEEDS:1EE2E2D6     207       0       0       0       0    B271      7B       0       0
  299999973                    27                    27             4.5290577E-05         1.0000000E+30            997554       
 NEXT SEEDS:1EE2E2DD     207       0       0       0       0    B271      7B       0       0
  299999974                    26                    26             4.5290577E-05         1.0000000E+30            997554       
 NEXT SEEDS:1EE2E3A7     207       0       0       0       0    B271      7B       0       0
  299999975                    25                    25             4.5290577E-05         1.0000000E+30            997554       
 NEXT SEEDS:1EE2E465     207       0       0       0       0    B271      7B       0       0
  299999976                    24                    24             4.5290577E-05         1.0000000E+30            997554       
 NEXT SEEDS:1EE2E53F     207       0       0       0       0    B271      7B       0       0
  299999977                    23                    23             4.5290577E-05         1.0000000E+30            997554       
 NEXT SEEDS:1EE2E601     207       0       0       0       0    B271      7B       0       0
  299999978                    22                    22             4.5290576E-05         1.0000000E+30            997554       
 NEXT SEEDS:1EE2E6EB     207       0       0       0       0    B271      7B       0       0
  299999979                    21                    21             4.5290576E-05         1.0000000E+30            997554       
 NEXT SEEDS:1EE2E6F2     207       0       0       0       0    B271      7B       0       0
  299999980                    20                    20             4.5290579E-05         1.0000000E+30            997554       
 NEXT SEEDS:1EE2E7B6     207       0       0       0       0    B271      7B       0       0
  299999981                    19                    19             4.5290579E-05         1.0000000E+30            997554       
 NEXT SEEDS:1EE2E8A4     207       0       0       0       0    B271      7B       0       0
  299999982                    18                    18             4.5290579E-05         1.0000000E+30            997554       
 NEXT SEEDS:1EE2E8AB     207       0       0       0       0    B271      7B       0       0
  299999983                    17                    17             4.5290579E-05         1.0000000E+30            997554       
 NEXT SEEDS:1EE2E98C     207       0       0       0       0    B271      7B       0       0
  299999984                    16                    16             4.5290579E-05         1.0000000E+30            997554       
 NEXT SEEDS:1EE2E993     207       0       0       0       0    B271      7B       0       0
  299999985                    15                    15             4.5290579E-05         1.0000000E+30            997554       
 NEXT SEEDS:1EE2EA61     207       0       0       0       0    B271      7B       0       0
  299999986                    14                    14             4.5290578E-05         1.0000000E+30            997554       
 NEXT SEEDS:1EE2EB3D     207       0       0       0       0    B271      7B       0       0
  299999987                    13                    13             4.5290582E-05         1.0000000E+30            997554       
 NEXT SEEDS:1EE2EC17     207       0       0       0       0    B271      7B       0       0
  299999988                    12                    12             4.5290581E-05         1.0000000E+30            997554       
 NEXT SEEDS:1EE2ED04     207       0       0       0       0    B271      7B       0       0
  299999989                    11                    11             4.5290581E-05         1.0000000E+30            997554       
 NEXT SEEDS:1EE2EE0D     207       0       0       0       0    B271      7B       0       0
  299999990                    10                    10             4.5290581E-05         1.0000000E+30            997554       
 NEXT SEEDS:1EE2EEEB     207       0       0       0       0    B271      7B       0       0
  299999991                     9                     9             4.5290581E-05         1.0000000E+30            997554       
 NEXT SEEDS:1EE2EFE7     207       0       0       0       0    B271      7B       0       0
  299999992                     8                     8             4.5290581E-05         1.0000000E+30            997554       
 NEXT SEEDS:1EE2F0B6     207       0       0       0       0    B271      7B       0       0
  299999993                     7                     7             4.5290584E-05         1.0000000E+30            997554       
 NEXT SEEDS:1EE2F0BD     207       0       0       0       0    B271      7B       0       0
  299999994                     6                     6             4.5290584E-05         1.0000000E+30            997554       
 NEXT SEEDS:1EE2F19C     207       0       0       0       0    B271      7B       0       0
  299999995                     5                     5             4.5290584E-05         1.0000000E+30            997554       
 NEXT SEEDS:1EE2F1A5     207       0       0       0       0    B271      7B       0       0
  299999996                     4                     4             4.5290583E-05         1.0000000E+30            997554       
 NEXT SEEDS:1EE2F283     207       0       0       0       0    B271      7B       0       0
  299999997                     3                     3             4.5290583E-05         1.0000000E+30            997554       
 NEXT SEEDS:1EE2F37C     207       0       0       0       0    B271      7B       0       0
  299999998                     2                     2             4.5290583E-05         1.0000000E+30            997554       
 NEXT SEEDS:1EE2F44D     207       0       0       0       0    B271      7B       0       0
  299999999                     1                     1             4.5290586E-05         1.0000000E+30            997554       
 NEXT SEEDS:1EE2F529     207       0       0       0       0    B271      7B       0       0
  300000000                     0                     1             4.5290586E-05         1.0000000E+30            997554       
 NEXT SEEDS:1EE2F603     207       0       0       0       0    B271      7B       0       0
