1NUMBER OF BEAM       NUMBER OF BEAM        APPROXIMATE NUMBER    AVERAGE TIME USED     TIME LEFT (RESERVED   NUMBER OF STARS
 PARTICLES HANDLED    PARTICLES LEFT        OF BEAM PARTICLES     BY A BEAM PARTICLE     10000.0 SECONDS      CREATED
                                            THAT CAN STILL BE                           FOR PRINTOUT)
                                            HANDLED

 NEXT SEEDS:1A9FB3E1      73       0       0       0       0    B271      7B       0       0
          1             299999999             299999999             1.2898445E-04         1.0000000E+30                 0       
 NEXT SEEDS:1A9FB4AB      73       0       0       0       0    B271      7B       0       0
    6000000             294000000             294000000             4.2412379E-05         1.0000000E+30             19934       
 NEXT SEEDS:23D10B54      74       0       0       0       0    B271      7B       0       0
   12000000             288000000             288000000             4.2349322E-05         1.0000000E+30             39935       
 NEXT SEEDS:2D0A495B      75       0       0       0       0    B271      7B       0       0
   18000000             282000000             282000000             4.2688467E-05         1.0000000E+30             59743       
 NEXT SEEDS:3638372D      76       0       0       0       0    B271      7B       0       0
   24000000             276000000             276000000             4.2769954E-05         1.0000000E+30             79427       
 NEXT SEEDS: 3CDD833      78       0       0       0       0    B271      7B       0       0
   30000000             270000000             270000000             4.2701148E-05         1.0000000E+30             99208       
 NEXT SEEDS: CFB309B      79       0       0       0       0    B271      7B       0       0
   36000000             264000000             264000000             4.2701552E-05         1.0000000E+30            119042       
 NEXT SEEDS:1629C68E      7A       0       0       0       0    B271      7B       0       0
   42000000             258000000             258000000             4.2684989E-05         1.0000000E+30            138989       
 NEXT SEEDS:1F5F60F9      7B       0       0       0       0    B271      7B       0       0
   48000000             252000000             252000000             4.2711278E-05         1.0000000E+30            158992       
 NEXT SEEDS:2897CF54      7C       0       0       0       0    B271      7B       0       0
   54000000             246000000             246000000             4.2707795E-05         1.0000000E+30            179293       
 NEXT SEEDS:31D2D668      7D       0       0       0       0    B271      7B       0       0
   60000000             240000000             240000000             4.2740002E-05         1.0000000E+30            199350       
 NEXT SEEDS:3B0D5FBC      7E       0       0       0       0    B271      7B       0       0
   66000000             234000000             234000000             4.2906757E-05         1.0000000E+30            219389       
 NEXT SEEDS: 8A70E97      80       0       0       0       0    B271      7B       0       0
   72000000             228000000             228000000             4.3130280E-05         1.0000000E+30            239564       
 NEXT SEEDS:11DF0C6A      81       0       0       0       0    B271      7B       0       0
   78000000             222000000             222000000             4.3233145E-05         1.0000000E+30            259586       
 NEXT SEEDS:1B182315      82       0       0       0       0    B271      7B       0       0
   84000000             216000000             216000000             4.3342108E-05         1.0000000E+30            279616       
 NEXT SEEDS:2450F6FE      83       0       0       0       0    B271      7B       0       0
   90000000             210000000             210000000             4.3384842E-05         1.0000000E+30            299515       
 NEXT SEEDS:2D866187      84       0       0       0       0    B271      7B       0       0
   96000000             204000000             204000000             4.3472547E-05         1.0000000E+30            319397       
 NEXT SEEDS:36BDDD81      85       0       0       0       0    B271      7B       0       0
  102000000             198000000             198000000             4.3518902E-05         1.0000000E+30            339312       
 NEXT SEEDS: 45258BC      87       0       0       0       0    B271      7B       0       0
  108000000             192000000             192000000             4.3549604E-05         1.0000000E+30            359172       
 NEXT SEEDS: D7D80BD      88       0       0       0       0    B271      7B       0       0
  114000000             186000000             186000000             4.3592664E-05         1.0000000E+30            379476       
 NEXT SEEDS:16B995BA      89       0       0       0       0    B271      7B       0       0
  120000000             180000000             180000000             4.3599974E-05         1.0000000E+30            399392       
 NEXT SEEDS:1FEDD655      8A       0       0       0       0    B271      7B       0       0
  126000000             174000000             174000000             4.3632760E-05         1.0000000E+30            419426       
 NEXT SEEDS:29279F94      8B       0       0       0       0    B271      7B       0       0
  132000000             168000000             168000000             4.3667013E-05         1.0000000E+30            439484       
 NEXT SEEDS:325B6B1B      8C       0       0       0       0    B271      7B       0       0
  138000000             162000000             162000000             4.3762630E-05         1.0000000E+30            459405       
 NEXT SEEDS:3B906303      8D       0       0       0       0    B271      7B       0       0
  144000000             156000000             156000000             4.3853372E-05         1.0000000E+30            479308       
 NEXT SEEDS: 92CAC26      8F       0       0       0       0    B271      7B       0       0
  150000000             150000000             150000000             4.3936997E-05         1.0000000E+30            499182       
 NEXT SEEDS:12619BFD      90       0       0       0       0    B271      7B       0       0
  156000000             144000000             144000000             4.4028641E-05         1.0000000E+30            518961       
 NEXT SEEDS:1B9422D9      91       0       0       0       0    B271      7B       0       0
  162000000             138000000             138000000             4.4116806E-05         1.0000000E+30            538930       
 NEXT SEEDS:24CD321A      92       0       0       0       0    B271      7B       0       0
  168000000             132000000             132000000             4.4223626E-05         1.0000000E+30            558690       
 NEXT SEEDS:2DFA4A24      93       0       0       0       0    B271      7B       0       0
  174000000             126000000             126000000             4.4318852E-05         1.0000000E+30            578512       
 NEXT SEEDS:372BCC44      94       0       0       0       0    B271      7B       0       0
  180000000             120000000             120000000             4.4382217E-05         1.0000000E+30            598447       
 NEXT SEEDS: 4C4C0CC      96       0       0       0       0    B271      7B       0       0
  186000000             114000000             114000000             4.4453507E-05         1.0000000E+30            618387       
 NEXT SEEDS: DF615B8      97       0       0       0       0    B271      7B       0       0
  192000000             108000000             108000000             4.4500838E-05         1.0000000E+30            638384       
 NEXT SEEDS:172DE263      98       0       0       0       0    B271      7B       0       0
  198000000             102000000             102000000             4.4565281E-05         1.0000000E+30            658231       
 NEXT SEEDS:206102ED      99       0       0       0       0    B271      7B       0       0
  204000000              96000000              96000000             4.4627268E-05         1.0000000E+30            678248       
 NEXT SEEDS:2998C83D      9A       0       0       0       0    B271      7B       0       0
  210000000              90000000              90000000             4.4678417E-05         1.0000000E+30            698182       
 NEXT SEEDS:32CF58B5      9B       0       0       0       0    B271      7B       0       0
  216000000              84000000              84000000             4.4738086E-05         1.0000000E+30            718245       
 NEXT SEEDS:  6C8318      9D       0       0       0       0    B271      7B       0       0
  222000000              78000000              78000000             4.4767564E-05         1.0000000E+30            738366       
 NEXT SEEDS: 9A4F15A      9E       0       0       0       0    B271      7B       0       0
  228000000              72000000              72000000             4.4797966E-05         1.0000000E+30            758096       
 NEXT SEEDS:12CE803D      9F       0       0       0       0    B271      7B       0       0
  234000000              66000000              66000000             4.4823813E-05         1.0000000E+30            778088       
 NEXT SEEDS:1C06C1A3      A0       0       0       0       0    B271      7B       0       0
  240000000              60000000              60000000             4.4846907E-05         1.0000000E+30            798130       
 NEXT SEEDS:253AAE76      A1       0       0       0       0    B271      7B       0       0
  246000000              54000000              54000000             4.4874181E-05         1.0000000E+30            818062       
 NEXT SEEDS:2E715913      A2       0       0       0       0    B271      7B       0       0
  252000000              48000000              48000000             4.4891949E-05         1.0000000E+30            838081       
 NEXT SEEDS:37A51976      A3       0       0       0       0    B271      7B       0       0
  258000000              42000000              42000000             4.4922166E-05         1.0000000E+30            858040       
 NEXT SEEDS: 540843B      A5       0       0       0       0    B271      7B       0       0
  264000000              36000000              36000000             4.4955858E-05         1.0000000E+30            877911       
 NEXT SEEDS: E79238D      A6       0       0       0       0    B271      7B       0       0
  270000000              30000000              30000000             4.4991861E-05         1.0000000E+30            897933       
 NEXT SEEDS:17B30F6A      A7       0       0       0       0    B271      7B       0       0
  276000000              24000000              24000000             4.5006747E-05         1.0000000E+30            917739       
 NEXT SEEDS:20DF8B63      A8       0       0       0       0    B271      7B       0       0
  282000000              18000000              18000000             4.5047854E-05         1.0000000E+30            937743       
 NEXT SEEDS:2A14BFAD      A9       0       0       0       0    B271      7B       0       0
  288000000              12000000              12000000             4.5085625E-05         1.0000000E+30            957645       
 NEXT SEEDS:3348072F      AA       0       0       0       0    B271      7B       0       0
  294000000               6000000               6000000             4.5120502E-05         1.0000000E+30            977582       
 NEXT SEEDS:  E3BD1B      AC       0       0       0       0    B271      7B       0       0
  299999950                    50                    50             4.5150502E-05         1.0000000E+30            997361       
 NEXT SEEDS: A18CE30      AD       0       0       0       0    B271      7B       0       0
  299999951                    49                    49             4.5150501E-05         1.0000000E+30            997361       
 NEXT SEEDS: A18CE39      AD       0       0       0       0    B271      7B       0       0
  299999952                    48                    48             4.5150504E-05         1.0000000E+30            997361       
 NEXT SEEDS: A18CF2B      AD       0       0       0       0    B271      7B       0       0
  299999953                    47                    47             4.5150504E-05         1.0000000E+30            997361       
 NEXT SEEDS: A18CFF8      AD       0       0       0       0    B271      7B       0       0
  299999954                    46                    46             4.5150504E-05         1.0000000E+30            997361       
 NEXT SEEDS: A18D0BA      AD       0       0       0       0    B271      7B       0       0
  299999955                    45                    45             4.5150504E-05         1.0000000E+30            997361       
 NEXT SEEDS: A18D196      AD       0       0       0       0    B271      7B       0       0
  299999956                    44                    44             4.5150507E-05         1.0000000E+30            997361       
 NEXT SEEDS: A18D28C      AD       0       0       0       0    B271      7B       0       0
  299999957                    43                    43             4.5150507E-05         1.0000000E+30            997361       
 NEXT SEEDS: A18D34F      AD       0       0       0       0    B271      7B       0       0
  299999958                    42                    42             4.5150507E-05         1.0000000E+30            997361       
 NEXT SEEDS: A18D414      AD       0       0       0       0    B271      7B       0       0
  299999959                    41                    41             4.5150507E-05         1.0000000E+30            997361       
 NEXT SEEDS: A18D4F1      AD       0       0       0       0    B271      7B       0       0
  299999960                    40                    40             4.5150507E-05         1.0000000E+30            997361       
 NEXT SEEDS: A18D5C0      AD       0       0       0       0    B271      7B       0       0
  299999961                    39                    39             4.5150510E-05         1.0000000E+30            997361       
 NEXT SEEDS: A18D6B4      AD       0       0       0       0    B271      7B       0       0
  299999962                    38                    38             4.5150509E-05         1.0000000E+30            997361       
 NEXT SEEDS: A18D6BF      AD       0       0       0       0    B271      7B       0       0
  299999963                    37                    37             4.5150509E-05         1.0000000E+30            997361       
 NEXT SEEDS: A18D788      AD       0       0       0       0    B271      7B       0       0
  299999964                    36                    36             4.5150509E-05         1.0000000E+30            997361       
 NEXT SEEDS: A18D86B      AD       0       0       0       0    B271      7B       0       0
  299999965                    35                    35             4.5150512E-05         1.0000000E+30            997361       
 NEXT SEEDS: A18D963      AD       0       0       0       0    B271      7B       0       0
  299999966                    34                    34             4.5150512E-05         1.0000000E+30            997361       
 NEXT SEEDS: A18DA2B      AD       0       0       0       0    B271      7B       0       0
  299999967                    33                    33             4.5150512E-05         1.0000000E+30            997361       
 NEXT SEEDS: A18DAFA      AD       0       0       0       0    B271      7B       0       0
  299999968                    32                    32             4.5150512E-05         1.0000000E+30            997361       
 NEXT SEEDS: A18DBD1      AD       0       0       0       0    B271      7B       0       0
  299999969                    31                    31             4.5150515E-05         1.0000000E+30            997361       
 NEXT SEEDS: A18DCA8      AD       0       0       0       0    B271      7B       0       0
  299999970                    30                    30             4.5150515E-05         1.0000000E+30            997361       
 NEXT SEEDS: A18DD70      AD       0       0       0       0    B271      7B       0       0
  299999971                    29                    29             4.5150515E-05         1.0000000E+30            997361       
 NEXT SEEDS: A18DE3B      AD       0       0       0       0    B271      7B       0       0
  299999972                    28                    28             4.5150514E-05         1.0000000E+30            997361       
 NEXT SEEDS: A18DF0F      AD       0       0       0       0    B271      7B       0       0
  299999973                    27                    27             4.5150518E-05         1.0000000E+30            997361       
 NEXT SEEDS: A18DFD9      AD       0       0       0       0    B271      7B       0       0
  299999974                    26                    26             4.5150517E-05         1.0000000E+30            997361       
 NEXT SEEDS: A18E0B2      AD       0       0       0       0    B271      7B       0       0
  299999975                    25                    25             4.5150517E-05         1.0000000E+30            997361       
 NEXT SEEDS: A18E179      AD       0       0       0       0    B271      7B       0       0
  299999976                    24                    24             4.5150517E-05         1.0000000E+30            997361       
 NEXT SEEDS: A18E269      AD       0       0       0       0    B271      7B       0       0
  299999977                    23                    23             4.5150520E-05         1.0000000E+30            997361       
 NEXT SEEDS: A18E342      AD       0       0       0       0    B271      7B       0       0
  299999978                    22                    22             4.5150520E-05         1.0000000E+30            997361       
 NEXT SEEDS: A18E408      AD       0       0       0       0    B271      7B       0       0
  299999979                    21                    21             4.5150520E-05         1.0000000E+30            997361       
 NEXT SEEDS: A18E4D2      AD       0       0       0       0    B271      7B       0       0
  299999980                    20                    20             4.5150520E-05         1.0000000E+30            997361       
 NEXT SEEDS: A18E5A4      AD       0       0       0       0    B271      7B       0       0
  299999981                    19                    19             4.5150520E-05         1.0000000E+30            997361       
 NEXT SEEDS: A18E677      AD       0       0       0       0    B271      7B       0       0
  299999982                    18                    18             4.5150523E-05         1.0000000E+30            997361       
 NEXT SEEDS: A18E75A      AD       0       0       0       0    B271      7B       0       0
  299999983                    17                    17             4.5150523E-05         1.0000000E+30            997361       
 NEXT SEEDS: A18E82D      AD       0       0       0       0    B271      7B       0       0
  299999984                    16                    16             4.5150522E-05         1.0000000E+30            997361       
 NEXT SEEDS: A18E910      AD       0       0       0       0    B271      7B       0       0
  299999985                    15                    15             4.5150522E-05         1.0000000E+30            997361       
 NEXT SEEDS: A18EA02      AD       0       0       0       0    B271      7B       0       0
  299999986                    14                    14             4.5150525E-05         1.0000000E+30            997361       
 NEXT SEEDS: A18EAD7      AD       0       0       0       0    B271      7B       0       0
  299999987                    13                    13             4.5150525E-05         1.0000000E+30            997361       
 NEXT SEEDS: A18EBAC      AD       0       0       0       0    B271      7B       0       0
  299999988                    12                    12             4.5150525E-05         1.0000000E+30            997361       
 NEXT SEEDS: A18EC7C      AD       0       0       0       0    B271      7B       0       0
  299999989                    11                    11             4.5150525E-05         1.0000000E+30            997361       
 NEXT SEEDS: A18EC83      AD       0       0       0       0    B271      7B       0       0
  299999990                    10                    10             4.5150528E-05         1.0000000E+30            997361       
 NEXT SEEDS: A18ED5B      AD       0       0       0       0    B271      7B       0       0
  299999991                     9                     9             4.5150528E-05         1.0000000E+30            997361       
 NEXT SEEDS: A18ED62      AD       0       0       0       0    B271      7B       0       0
  299999992                     8                     8             4.5150528E-05         1.0000000E+30            997361       
 NEXT SEEDS: A18EE39      AD       0       0       0       0    B271      7B       0       0
  299999993                     7                     7             4.5150528E-05         1.0000000E+30            997361       
 NEXT SEEDS: A18EF22      AD       0       0       0       0    B271      7B       0       0
  299999994                     6                     6             4.5150527E-05         1.0000000E+30            997361       
 NEXT SEEDS: A18EFF1      AD       0       0       0       0    B271      7B       0       0
  299999995                     5                     5             4.5150531E-05         1.0000000E+30            997361       
 NEXT SEEDS: A18F0C8      AD       0       0       0       0    B271      7B       0       0
  299999996                     4                     4             4.5150530E-05         1.0000000E+30            997361       
 NEXT SEEDS: A18F19C      AD       0       0       0       0    B271      7B       0       0
  299999997                     3                     3             4.5150530E-05         1.0000000E+30            997361       
 NEXT SEEDS: A18F27D      AD       0       0       0       0    B271      7B       0       0
  299999998                     2                     2             4.5150530E-05         1.0000000E+30            997361       
 NEXT SEEDS: A18F349      AD       0       0       0       0    B271      7B       0       0
  299999999                     1                     1             4.5150533E-05         1.0000000E+30            997361       
 NEXT SEEDS: A18F421      AD       0       0       0       0    B271      7B       0       0
  300000000                     0                     1             4.5150533E-05         1.0000000E+30            997361       
 NEXT SEEDS: A18F42E      AD       0       0       0       0    B271      7B       0       0
