1NUMBER OF BEAM       NUMBER OF BEAM        APPROXIMATE NUMBER    AVERAGE TIME USED     TIME LEFT (RESERVED   NUMBER OF STARS
 PARTICLES HANDLED    PARTICLES LEFT        OF BEAM PARTICLES     BY A BEAM PARTICLE     10000.0 SECONDS      CREATED
                                            THAT CAN STILL BE                           FOR PRINTOUT)
                                            HANDLED

 NEXT SEEDS:3535CA0A      E6       0       0       0       0    B272      7B       0       0
          1             299999999             299999999             1.0395050E-04         1.0000000E+30                 0       
 NEXT SEEDS:3535CAF1      E6       0       0       0       0    B272      7B       0       0
    6000000             294000000             294000000             4.4104301E-05         1.0000000E+30             19948       
 NEXT SEEDS: 2CEA6E9      E8       0       0       0       0    B272      7B       0       0
   12000000             288000000             288000000             4.4259220E-05         1.0000000E+30             40120       
 NEXT SEEDS: C0A5BDB      E9       0       0       0       0    B272      7B       0       0
   18000000             282000000             282000000             4.4334285E-05         1.0000000E+30             59969       
 NEXT SEEDS:153D931E      EA       0       0       0       0    B272      7B       0       0
   24000000             276000000             276000000             4.4386090E-05         1.0000000E+30             80025       
 NEXT SEEDS:1E72C5D7      EB       0       0       0       0    B272      7B       0       0
   30000000             270000000             270000000             4.4345961E-05         1.0000000E+30             99947       
 NEXT SEEDS:27A9AF85      EC       0       0       0       0    B272      7B       0       0
   36000000             264000000             264000000             4.4270831E-05         1.0000000E+30            120233       
 NEXT SEEDS:30EBDF7D      ED       0       0       0       0    B272      7B       0       0
   42000000             258000000             258000000             4.4460369E-05         1.0000000E+30            140229       
 NEXT SEEDS:3A22BEB5      EE       0       0       0       0    B272      7B       0       0
   48000000             252000000             252000000             4.4522775E-05         1.0000000E+30            160033       
 NEXT SEEDS: 7BC0D62      F0       0       0       0       0    B272      7B       0       0
   54000000             246000000             246000000             4.4577685E-05         1.0000000E+30            180155       
 NEXT SEEDS:10F6A69C      F1       0       0       0       0    B272      7B       0       0
   60000000             240000000             240000000             4.4657266E-05         1.0000000E+30            200175       
 NEXT SEEDS:1A2F0A87      F2       0       0       0       0    B272      7B       0       0
   66000000             234000000             234000000             4.4780291E-05         1.0000000E+30            219996       
 NEXT SEEDS:23606BA4      F3       0       0       0       0    B272      7B       0       0
   72000000             228000000             228000000             4.4790065E-05         1.0000000E+30            239932       
 NEXT SEEDS:2C958F25      F4       0       0       0       0    B272      7B       0       0
   78000000             222000000             222000000             4.4823889E-05         1.0000000E+30            259916       
 NEXT SEEDS:35CD70AD      F5       0       0       0       0    B272      7B       0       0
   84000000             216000000             216000000             4.4829569E-05         1.0000000E+30            279641       
 NEXT SEEDS: 364A1CC      F7       0       0       0       0    B272      7B       0       0
   90000000             210000000             210000000             4.4859751E-05         1.0000000E+30            299805       
 NEXT SEEDS: C9F23D9      F8       0       0       0       0    B272      7B       0       0
   96000000             204000000             204000000             4.4925740E-05         1.0000000E+30            319908       
 NEXT SEEDS:15D8FF46      F9       0       0       0       0    B272      7B       0       0
  102000000             198000000             198000000             4.4941195E-05         1.0000000E+30            339730       
 NEXT SEEDS:1F0D2594      FA       0       0       0       0    B272      7B       0       0
  108000000             192000000             192000000             4.4942748E-05         1.0000000E+30            359694       
 NEXT SEEDS:283DDCDE      FB       0       0       0       0    B272      7B       0       0
  114000000             186000000             186000000             4.4944322E-05         1.0000000E+30            379618       
 NEXT SEEDS:317653FA      FC       0       0       0       0    B272      7B       0       0
  120000000             180000000             180000000             4.4969665E-05         1.0000000E+30            399450       
 NEXT SEEDS:3AA79FFB      FD       0       0       0       0    B272      7B       0       0
  126000000             174000000             174000000             4.4948552E-05         1.0000000E+30            419384       
 NEXT SEEDS: 8418E00      FF       0       0       0       0    B272      7B       0       0
  132000000             168000000             168000000             4.4945282E-05         1.0000000E+30            439460       
 NEXT SEEDS:11786838     100       0       0       0       0    B272      7B       0       0
  138000000             162000000             162000000             4.4937655E-05         1.0000000E+30            459201       
 NEXT SEEDS:1AA97A5B     101       0       0       0       0    B272      7B       0       0
  144000000             156000000             156000000             4.4953036E-05         1.0000000E+30            479164       
 NEXT SEEDS:23DEFDB9     102       0       0       0       0    B272      7B       0       0
  150000000             150000000             150000000             4.4958824E-05         1.0000000E+30            499057       
 NEXT SEEDS:2D0FE756     103       0       0       0       0    B272      7B       0       0
  156000000             144000000             144000000             4.4957835E-05         1.0000000E+30            518892       
 NEXT SEEDS:363F9C79     104       0       0       0       0    B272      7B       0       0
  162000000             138000000             138000000             4.5109094E-05         1.0000000E+30            538787       
 NEXT SEEDS: 3D8E3FF     106       0       0       0       0    B272      7B       0       0
  168000000             132000000             132000000             4.5190580E-05         1.0000000E+30            559028       
 NEXT SEEDS: D16F9CA     107       0       0       0       0    B272      7B       0       0
  174000000             126000000             126000000             4.5207202E-05         1.0000000E+30            579096       
 NEXT SEEDS:1651DB66     108       0       0       0       0    B272      7B       0       0
  180000000             120000000             120000000             4.5212578E-05         1.0000000E+30            598961       
 NEXT SEEDS:1F87B28A     109       0       0       0       0    B272      7B       0       0
  186000000             114000000             114000000             4.5233204E-05         1.0000000E+30            618929       
 NEXT SEEDS:28BB8E54     10A       0       0       0       0    B272      7B       0       0
  192000000             108000000             108000000             4.5225779E-05         1.0000000E+30            638873       
 NEXT SEEDS:31F42D46     10B       0       0       0       0    B272      7B       0       0
  198000000             102000000             102000000             4.5220160E-05         1.0000000E+30            658847       
 NEXT SEEDS:3B3181EA     10C       0       0       0       0    B272      7B       0       0
  204000000              96000000              96000000             4.5220502E-05         1.0000000E+30            678929       
 NEXT SEEDS: 8CFED92     10E       0       0       0       0    B272      7B       0       0
  210000000              90000000              90000000             4.5228060E-05         1.0000000E+30            699067       
 NEXT SEEDS:1205B1E5     10F       0       0       0       0    B272      7B       0       0
  216000000              84000000              84000000             4.5234280E-05         1.0000000E+30            718925       
 NEXT SEEDS:1B3C1647     110       0       0       0       0    B272      7B       0       0
  222000000              78000000              78000000             4.5260170E-05         1.0000000E+30            738933       
 NEXT SEEDS:2478B390     111       0       0       0       0    B272      7B       0       0
  228000000              72000000              72000000             4.5247168E-05         1.0000000E+30            758709       
 NEXT SEEDS:2DA71299     112       0       0       0       0    B272      7B       0       0
  234000000              66000000              66000000             4.5242746E-05         1.0000000E+30            778529       
 NEXT SEEDS:36D47144     113       0       0       0       0    B272      7B       0       0
  240000000              60000000              60000000             4.5239791E-05         1.0000000E+30            798557       
 NEXT SEEDS: 474C74A     115       0       0       0       0    B272      7B       0       0
  246000000              54000000              54000000             4.5226669E-05         1.0000000E+30            818292       
 NEXT SEEDS: DA55F64     116       0       0       0       0    B272      7B       0       0
  252000000              48000000              48000000             4.5227345E-05         1.0000000E+30            838069       
 NEXT SEEDS:16DB215F     117       0       0       0       0    B272      7B       0       0
  258000000              42000000              42000000             4.5219295E-05         1.0000000E+30            857987       
 NEXT SEEDS:201207CC     118       0       0       0       0    B272      7B       0       0
  264000000              36000000              36000000             4.5208359E-05         1.0000000E+30            877950       
 NEXT SEEDS:2948E75C     119       0       0       0       0    B272      7B       0       0
  270000000              30000000              30000000             4.5215013E-05         1.0000000E+30            897948       
 NEXT SEEDS:327EA578     11A       0       0       0       0    B272      7B       0       0
  276000000              24000000              24000000             4.5206575E-05         1.0000000E+30            917982       
 NEXT SEEDS:  17C240     11C       0       0       0       0    B272      7B       0       0
  282000000              18000000              18000000             4.5216900E-05         1.0000000E+30            937757       
 NEXT SEEDS: 94F53BE     11D       0       0       0       0    B272      7B       0       0
  288000000              12000000              12000000             4.5211178E-05         1.0000000E+30            957787       
 NEXT SEEDS:128E30D9     11E       0       0       0       0    B272      7B       0       0
  294000000               6000000               6000000             4.5213246E-05         1.0000000E+30            977898       
 NEXT SEEDS:1BCB136C     11F       0       0       0       0    B272      7B       0       0
  *** Rcfset:kprin,bfcmax,epat00,ppat00,ravpot           1  -2.8033852597326270E-002  0.94300072572218629        9.4315645572905657E-002   12.440777676959296     
  299999950                    50                    50             4.5215935E-05         1.0000000E+30            997900       
 NEXT SEEDS:24F5ADFE     120       0       0       0       0    B272      7B       0       0
  299999951                    49                    49             4.5215935E-05         1.0000000E+30            997900       
 NEXT SEEDS:24F5AF6C     120       0       0       0       0    B272      7B       0       0
  299999952                    48                    48             4.5215935E-05         1.0000000E+30            997900       
 NEXT SEEDS:24F5B03B     120       0       0       0       0    B272      7B       0       0
  299999953                    47                    47             4.5215938E-05         1.0000000E+30            997900       
 NEXT SEEDS:24F5B113     120       0       0       0       0    B272      7B       0       0
  299999954                    46                    46             4.5215938E-05         1.0000000E+30            997900       
 NEXT SEEDS:24F5B1D9     120       0       0       0       0    B272      7B       0       0
  299999955                    45                    45             4.5215938E-05         1.0000000E+30            997900       
 NEXT SEEDS:24F5B2B0     120       0       0       0       0    B272      7B       0       0
  299999956                    44                    44             4.5215937E-05         1.0000000E+30            997900       
 NEXT SEEDS:24F5B370     120       0       0       0       0    B272      7B       0       0
  299999957                    43                    43             4.5215940E-05         1.0000000E+30            997900       
 NEXT SEEDS:24F5B43E     120       0       0       0       0    B272      7B       0       0
  299999958                    42                    42             4.5215940E-05         1.0000000E+30            997900       
 NEXT SEEDS:24F5B517     120       0       0       0       0    B272      7B       0       0
  299999959                    41                    41             4.5215940E-05         1.0000000E+30            997900       
 NEXT SEEDS:24F5B5FD     120       0       0       0       0    B272      7B       0       0
  299999960                    40                    40             4.5215940E-05         1.0000000E+30            997900       
 NEXT SEEDS:24F5B6E7     120       0       0       0       0    B272      7B       0       0
  299999961                    39                    39             4.5215943E-05         1.0000000E+30            997900       
 NEXT SEEDS:24F5B7AC     120       0       0       0       0    B272      7B       0       0
  299999962                    38                    38             4.5215943E-05         1.0000000E+30            997900       
 NEXT SEEDS:24F5B896     120       0       0       0       0    B272      7B       0       0
  299999963                    37                    37             4.5215943E-05         1.0000000E+30            997900       
 NEXT SEEDS:24F5B95F     120       0       0       0       0    B272      7B       0       0
  299999964                    36                    36             4.5215943E-05         1.0000000E+30            997900       
 NEXT SEEDS:24F5BA1E     120       0       0       0       0    B272      7B       0       0
  299999965                    35                    35             4.5215943E-05         1.0000000E+30            997900       
 NEXT SEEDS:24F5BAFC     120       0       0       0       0    B272      7B       0       0
  299999966                    34                    34             4.5215946E-05         1.0000000E+30            997900       
 NEXT SEEDS:24F5BBD0     120       0       0       0       0    B272      7B       0       0
  299999967                    33                    33             4.5215945E-05         1.0000000E+30            997900       
 NEXT SEEDS:24F5BCB4     120       0       0       0       0    B272      7B       0       0
  299999968                    32                    32             4.5215945E-05         1.0000000E+30            997900       
 NEXT SEEDS:24F5BD94     120       0       0       0       0    B272      7B       0       0
  299999969                    31                    31             4.5215945E-05         1.0000000E+30            997900       
 NEXT SEEDS:24F5BE7D     120       0       0       0       0    B272      7B       0       0
  299999970                    30                    30             4.5215948E-05         1.0000000E+30            997900       
 NEXT SEEDS:24F5BF37     120       0       0       0       0    B272      7B       0       0
  299999971                    29                    29             4.5215948E-05         1.0000000E+30            997900       
 NEXT SEEDS:24F5BF3E     120       0       0       0       0    B272      7B       0       0
  299999972                    28                    28             4.5215948E-05         1.0000000E+30            997900       
 NEXT SEEDS:24F5C022     120       0       0       0       0    B272      7B       0       0
  299999973                    27                    27             4.5215948E-05         1.0000000E+30            997900       
 NEXT SEEDS:24F5C0F0     120       0       0       0       0    B272      7B       0       0
  299999974                    26                    26             4.5215948E-05         1.0000000E+30            997900       
 NEXT SEEDS:24F5C1C9     120       0       0       0       0    B272      7B       0       0
  299999975                    25                    25             4.5215951E-05         1.0000000E+30            997900       
 NEXT SEEDS:24F5C2A7     120       0       0       0       0    B272      7B       0       0
  299999976                    24                    24             4.5215951E-05         1.0000000E+30            997900       
 NEXT SEEDS:24F5C2AE     120       0       0       0       0    B272      7B       0       0
  299999977                    23                    23             4.5215950E-05         1.0000000E+30            997900       
 NEXT SEEDS:24F5C390     120       0       0       0       0    B272      7B       0       0
  299999978                    22                    22             4.5215950E-05         1.0000000E+30            997900       
 NEXT SEEDS:24F5C467     120       0       0       0       0    B272      7B       0       0
  299999979                    21                    21             4.5215953E-05         1.0000000E+30            997900       
 NEXT SEEDS:24F5C46E     120       0       0       0       0    B272      7B       0       0
  299999980                    20                    20             4.5215953E-05         1.0000000E+30            997900       
 NEXT SEEDS:24F5C545     120       0       0       0       0    B272      7B       0       0
  299999981                    19                    19             4.5215953E-05         1.0000000E+30            997900       
 NEXT SEEDS:24F5C60F     120       0       0       0       0    B272      7B       0       0
  299999982                    18                    18             4.5215953E-05         1.0000000E+30            997900       
 NEXT SEEDS:24F5C616     120       0       0       0       0    B272      7B       0       0
  299999983                    17                    17             4.5215953E-05         1.0000000E+30            997900       
 NEXT SEEDS:24F5C6DF     120       0       0       0       0    B272      7B       0       0
  299999984                    16                    16             4.5215956E-05         1.0000000E+30            997900       
 NEXT SEEDS:24F5C7BE     120       0       0       0       0    B272      7B       0       0
  299999985                    15                    15             4.5215956E-05         1.0000000E+30            997900       
 NEXT SEEDS:24F5C8AC     120       0       0       0       0    B272      7B       0       0
  299999986                    14                    14             4.5215956E-05         1.0000000E+30            997900       
 NEXT SEEDS:24F5C98F     120       0       0       0       0    B272      7B       0       0
  299999987                    13                    13             4.5215955E-05         1.0000000E+30            997900       
 NEXT SEEDS:24F5CA77     120       0       0       0       0    B272      7B       0       0
  299999988                    12                    12             4.5215959E-05         1.0000000E+30            997900       
 NEXT SEEDS:24F5CB54     120       0       0       0       0    B272      7B       0       0
  299999989                    11                    11             4.5215958E-05         1.0000000E+30            997900       
 NEXT SEEDS:24F5CC31     120       0       0       0       0    B272      7B       0       0
  299999990                    10                    10             4.5215958E-05         1.0000000E+30            997900       
 NEXT SEEDS:24F5CD45     120       0       0       0       0    B272      7B       0       0
  299999991                     9                     9             4.5215958E-05         1.0000000E+30            997900       
 NEXT SEEDS:24F5CE2D     120       0       0       0       0    B272      7B       0       0
  299999992                     8                     8             4.5215958E-05         1.0000000E+30            997900       
 NEXT SEEDS:24F5CE34     120       0       0       0       0    B272      7B       0       0
  299999993                     7                     7             4.5215961E-05         1.0000000E+30            997900       
 NEXT SEEDS:24F5CE3D     120       0       0       0       0    B272      7B       0       0
  299999994                     6                     6             4.5215961E-05         1.0000000E+30            997900       
 NEXT SEEDS:24F5CF0C     120       0       0       0       0    B272      7B       0       0
  299999995                     5                     5             4.5215961E-05         1.0000000E+30            997900       
 NEXT SEEDS:24F5CFDF     120       0       0       0       0    B272      7B       0       0
  299999996                     4                     4             4.5215961E-05         1.0000000E+30            997900       
 NEXT SEEDS:24F5D0BC     120       0       0       0       0    B272      7B       0       0
  299999997                     3                     3             4.5215960E-05         1.0000000E+30            997900       
 NEXT SEEDS:24F5D0C3     120       0       0       0       0    B272      7B       0       0
  299999998                     2                     2             4.5215964E-05         1.0000000E+30            997900       
 NEXT SEEDS:24F5D191     120       0       0       0       0    B272      7B       0       0
  299999999                     1                     1             4.5215963E-05         1.0000000E+30            997900       
 NEXT SEEDS:24F5D26E     120       0       0       0       0    B272      7B       0       0
  300000000                     0                     1             4.5215963E-05         1.0000000E+30            997900       
 NEXT SEEDS:24F5D341     120       0       0       0       0    B272      7B       0       0
