1NUMBER OF BEAM       NUMBER OF BEAM        APPROXIMATE NUMBER    AVERAGE TIME USED     TIME LEFT (RESERVED   NUMBER OF STARS
 PARTICLES HANDLED    PARTICLES LEFT        OF BEAM PARTICLES     BY A BEAM PARTICLE     10000.0 SECONDS      CREATED
                                            THAT CAN STILL BE                           FOR PRINTOUT)
                                            HANDLED

 NEXT SEEDS:353939EA      E6       0       0       0       0    B271      7B       0       0
          1             299999999             299999999             1.4686584E-04         1.0000000E+30                 0       
 NEXT SEEDS:35393ACC      E6       0       0       0       0    B271      7B       0       0
    6000000             294000000             294000000             4.5384920E-05         1.0000000E+30             20233       
 NEXT SEEDS: 2E08D5D      E8       0       0       0       0    B271      7B       0       0
   12000000             288000000             288000000             4.5412283E-05         1.0000000E+30             40421       
 NEXT SEEDS: C1A9D92      E9       0       0       0       0    B271      7B       0       0
   18000000             282000000             282000000             4.5500994E-05         1.0000000E+30             60353       
 NEXT SEEDS:154B2980      EA       0       0       0       0    B271      7B       0       0
   24000000             276000000             276000000             4.5348064E-05         1.0000000E+30             80358       
 NEXT SEEDS:1E7DC8E9      EB       0       0       0       0    B271      7B       0       0
   30000000             270000000             270000000             4.5324528E-05         1.0000000E+30            100294       
 NEXT SEEDS:27B18F82      EC       0       0       0       0    B271      7B       0       0
   36000000             264000000             264000000             4.5368497E-05         1.0000000E+30            120160       
 NEXT SEEDS:30E3DAFC      ED       0       0       0       0    B271      7B       0       0
   42000000             258000000             258000000             4.5513196E-05         1.0000000E+30            140050       
 NEXT SEEDS:3A16906F      EE       0       0       0       0    B271      7B       0       0
   48000000             252000000             252000000             4.5611133E-05         1.0000000E+30            159945       
 NEXT SEEDS: 7B34927      F0       0       0       0       0    B271      7B       0       0
   54000000             246000000             246000000             4.5724038E-05         1.0000000E+30            179808       
 NEXT SEEDS:10E6D33B      F1       0       0       0       0    B271      7B       0       0
   60000000             240000000             240000000             4.5762409E-05         1.0000000E+30            199737       
 NEXT SEEDS:1A15B070      F2       0       0       0       0    B271      7B       0       0
   66000000             234000000             234000000             4.5808921E-05         1.0000000E+30            219521       
 NEXT SEEDS:234968F6      F3       0       0       0       0    B271      7B       0       0
   72000000             228000000             228000000             4.5926895E-05         1.0000000E+30            239332       
 NEXT SEEDS:2C79D218      F4       0       0       0       0    B271      7B       0       0
   78000000             222000000             222000000             4.5999576E-05         1.0000000E+30            259565       
 NEXT SEEDS:35B4F16E      F5       0       0       0       0    B271      7B       0       0
   84000000             216000000             216000000             4.6036544E-05         1.0000000E+30            279700       
 NEXT SEEDS: 352644C      F7       0       0       0       0    B271      7B       0       0
   90000000             210000000             210000000             4.6070772E-05         1.0000000E+30            299762       
 NEXT SEEDS: C870143      F8       0       0       0       0    B271      7B       0       0
   96000000             204000000             204000000             4.6097350E-05         1.0000000E+30            319603       
 NEXT SEEDS:15B6D1D4      F9       0       0       0       0    B271      7B       0       0
  *** Rcfset:kprin,bfcmax,epat00,ppat00,ravpot           1  -4.9972039173047600E-002  0.94290168611170755        9.3320211956279445E-002   12.440777676959296     
  102000000             198000000             198000000             4.6153635E-05         1.0000000E+30            339558       
 NEXT SEEDS:1EED6756      FA       0       0       0       0    B271      7B       0       0
  108000000             192000000             192000000             4.6203486E-05         1.0000000E+30            359666       
 NEXT SEEDS:282581F4      FB       0       0       0       0    B271      7B       0       0
  114000000             186000000             186000000             4.6232425E-05         1.0000000E+30            379421       
 NEXT SEEDS:3156A2F0      FC       0       0       0       0    B271      7B       0       0
  120000000             180000000             180000000             4.6293692E-05         1.0000000E+30            399251       
 NEXT SEEDS:3A8A2500      FD       0       0       0       0    B271      7B       0       0
  126000000             174000000             174000000             4.6314355E-05         1.0000000E+30            419136       
 NEXT SEEDS: 826D2E1      FF       0       0       0       0    B271      7B       0       0
  132000000             168000000             168000000             4.6351754E-05         1.0000000E+30            439078       
 NEXT SEEDS:115B5CAC     100       0       0       0       0    B271      7B       0       0
  138000000             162000000             162000000             4.6396055E-05         1.0000000E+30            459112       
 NEXT SEEDS:1A973775     101       0       0       0       0    B271      7B       0       0
  144000000             156000000             156000000             4.6423003E-05         1.0000000E+30            479150       
 NEXT SEEDS:23CFE7EC     102       0       0       0       0    B271      7B       0       0
  150000000             150000000             150000000             4.6440331E-05         1.0000000E+30            498937       
 NEXT SEEDS:2D00495F     103       0       0       0       0    B271      7B       0       0
  156000000             144000000             144000000             4.6540292E-05         1.0000000E+30            518898       
 NEXT SEEDS:3637AAA6     104       0       0       0       0    B271      7B       0       0
  162000000             138000000             138000000             4.6574960E-05         1.0000000E+30            538849       
 NEXT SEEDS: 3CE78CC     106       0       0       0       0    B271      7B       0       0
  168000000             132000000             132000000             4.6580476E-05         1.0000000E+30            559159       
 NEXT SEEDS: D063BB6     107       0       0       0       0    B271      7B       0       0
  174000000             126000000             126000000             4.6603299E-05         1.0000000E+30            579100       
 NEXT SEEDS:16381CA9     108       0       0       0       0    B271      7B       0       0
  180000000             120000000             120000000             4.6626896E-05         1.0000000E+30            599176       
 NEXT SEEDS:1F765B89     109       0       0       0       0    B271      7B       0       0
  186000000             114000000             114000000             4.6622650E-05         1.0000000E+30            619300       
 NEXT SEEDS:28AFC1C8     10A       0       0       0       0    B271      7B       0       0
  192000000             108000000             108000000             4.6628542E-05         1.0000000E+30            639175       
 NEXT SEEDS:31E7FEC8     10B       0       0       0       0    B271      7B       0       0
  198000000             102000000             102000000             4.6637411E-05         1.0000000E+30            659329       
 NEXT SEEDS:3B26125B     10C       0       0       0       0    B271      7B       0       0
  204000000              96000000              96000000             4.6665113E-05         1.0000000E+30            679292       
 NEXT SEEDS: 8C322B3     10E       0       0       0       0    B271      7B       0       0
  210000000              90000000              90000000             4.6657094E-05         1.0000000E+30            699216       
 NEXT SEEDS:11F8A6FD     10F       0       0       0       0    B271      7B       0       0
  216000000              84000000              84000000             4.6670602E-05         1.0000000E+30            719068       
 NEXT SEEDS:1B2CB016     110       0       0       0       0    B271      7B       0       0
  222000000              78000000              78000000             4.6690682E-05         1.0000000E+30            738983       
 NEXT SEEDS:245999C5     111       0       0       0       0    B271      7B       0       0
  228000000              72000000              72000000             4.6698796E-05         1.0000000E+30            759156       
 NEXT SEEDS:2D9716C5     112       0       0       0       0    B271      7B       0       0
  234000000              66000000              66000000             4.6709136E-05         1.0000000E+30            779004       
 NEXT SEEDS:36CFA60B     113       0       0       0       0    B271      7B       0       0
  240000000              60000000              60000000             4.6710317E-05         1.0000000E+30            799048       
 NEXT SEEDS: 46CC372     115       0       0       0       0    B271      7B       0       0
  246000000              54000000              54000000             4.6722825E-05         1.0000000E+30            818904       
 NEXT SEEDS: D9B008A     116       0       0       0       0    B271      7B       0       0
  252000000              48000000              48000000             4.6696190E-05         1.0000000E+30            839104       
 NEXT SEEDS:16D8D851     117       0       0       0       0    B271      7B       0       0
  258000000              42000000              42000000             4.6692997E-05         1.0000000E+30            858989       
 NEXT SEEDS:200F3046     118       0       0       0       0    B271      7B       0       0
  264000000              36000000              36000000             4.6714398E-05         1.0000000E+30            879053       
 NEXT SEEDS:294339E8     119       0       0       0       0    B271      7B       0       0
  270000000              30000000              30000000             4.6729049E-05         1.0000000E+30            898766       
 NEXT SEEDS:326FD1E8     11A       0       0       0       0    B271      7B       0       0
  276000000              24000000              24000000             4.6723263E-05         1.0000000E+30            918791       
 NEXT SEEDS:  110C79     11C       0       0       0       0    B271      7B       0       0
  282000000              18000000              18000000             4.6710322E-05         1.0000000E+30            938903       
 NEXT SEEDS: 94971C7     11D       0       0       0       0    B271      7B       0       0
  288000000              12000000              12000000             4.6705090E-05         1.0000000E+30            958852       
 NEXT SEEDS:127EB143     11E       0       0       0       0    B271      7B       0       0
  294000000               6000000               6000000             4.6647260E-05         1.0000000E+30            978843       
 NEXT SEEDS:1BB198E1     11F       0       0       0       0    B271      7B       0       0
  299999950                    50                    50             4.6604332E-05         1.0000000E+30            998797       
 NEXT SEEDS:24E89009     120       0       0       0       0    B271      7B       0       0
  299999951                    49                    49             4.6604335E-05         1.0000000E+30            998797       
 NEXT SEEDS:24E890DA     120       0       0       0       0    B271      7B       0       0
  299999952                    48                    48             4.6604335E-05         1.0000000E+30            998797       
 NEXT SEEDS:24E891B4     120       0       0       0       0    B271      7B       0       0
  299999953                    47                    47             4.6604335E-05         1.0000000E+30            998797       
 NEXT SEEDS:24E89291     120       0       0       0       0    B271      7B       0       0
  299999954                    46                    46             4.6604338E-05         1.0000000E+30            998797       
 NEXT SEEDS:24E89365     120       0       0       0       0    B271      7B       0       0
  299999955                    45                    45             4.6604338E-05         1.0000000E+30            998797       
 NEXT SEEDS:24E8943D     120       0       0       0       0    B271      7B       0       0
  299999956                    44                    44             4.6604338E-05         1.0000000E+30            998797       
 NEXT SEEDS:24E89502     120       0       0       0       0    B271      7B       0       0
  299999957                    43                    43             4.6604337E-05         1.0000000E+30            998797       
 NEXT SEEDS:24E895CE     120       0       0       0       0    B271      7B       0       0
  299999958                    42                    42             4.6604337E-05         1.0000000E+30            998797       
 NEXT SEEDS:24E896A7     120       0       0       0       0    B271      7B       0       0
  299999959                    41                    41             4.6604340E-05         1.0000000E+30            998797       
 NEXT SEEDS:24E896AE     120       0       0       0       0    B271      7B       0       0
  299999960                    40                    40             4.6604340E-05         1.0000000E+30            998797       
 NEXT SEEDS:24E897A7     120       0       0       0       0    B271      7B       0       0
  299999961                    39                    39             4.6604340E-05         1.0000000E+30            998797       
 NEXT SEEDS:24E8986D     120       0       0       0       0    B271      7B       0       0
  299999962                    38                    38             4.6604340E-05         1.0000000E+30            998797       
 NEXT SEEDS:24E89948     120       0       0       0       0    B271      7B       0       0
  299999963                    37                    37             4.6604343E-05         1.0000000E+30            998797       
 NEXT SEEDS:24E8994F     120       0       0       0       0    B271      7B       0       0
  299999964                    36                    36             4.6604343E-05         1.0000000E+30            998797       
 NEXT SEEDS:24E89956     120       0       0       0       0    B271      7B       0       0
  299999965                    35                    35             4.6604343E-05         1.0000000E+30            998797       
 NEXT SEEDS:24E89A2F     120       0       0       0       0    B271      7B       0       0
  299999966                    34                    34             4.6604342E-05         1.0000000E+30            998797       
 NEXT SEEDS:24E89AF0     120       0       0       0       0    B271      7B       0       0
  299999967                    33                    33             4.6604342E-05         1.0000000E+30            998797       
 NEXT SEEDS:24E89BB8     120       0       0       0       0    B271      7B       0       0
  299999968                    32                    32             4.6604345E-05         1.0000000E+30            998797       
 NEXT SEEDS:24E89CA4     120       0       0       0       0    B271      7B       0       0
  299999969                    31                    31             4.6604345E-05         1.0000000E+30            998797       
 NEXT SEEDS:24E89D88     120       0       0       0       0    B271      7B       0       0
  299999970                    30                    30             4.6604345E-05         1.0000000E+30            998797       
 NEXT SEEDS:24E89E48     120       0       0       0       0    B271      7B       0       0
  299999971                    29                    29             4.6604345E-05         1.0000000E+30            998797       
 NEXT SEEDS:24E89F0E     120       0       0       0       0    B271      7B       0       0
  299999972                    28                    28             4.6604348E-05         1.0000000E+30            998797       
 NEXT SEEDS:24E89FF2     120       0       0       0       0    B271      7B       0       0
  299999973                    27                    27             4.6604348E-05         1.0000000E+30            998797       
 NEXT SEEDS:24E8A0CD     120       0       0       0       0    B271      7B       0       0
  299999974                    26                    26             4.6604348E-05         1.0000000E+30            998797       
 NEXT SEEDS:24E8A196     120       0       0       0       0    B271      7B       0       0
  299999975                    25                    25             4.6604348E-05         1.0000000E+30            998797       
 NEXT SEEDS:24E8A19F     120       0       0       0       0    B271      7B       0       0
  299999976                    24                    24             4.6604347E-05         1.0000000E+30            998797       
 NEXT SEEDS:24E8A281     120       0       0       0       0    B271      7B       0       0
  299999977                    23                    23             4.6604351E-05         1.0000000E+30            998797       
 NEXT SEEDS:24E8A35D     120       0       0       0       0    B271      7B       0       0
  299999978                    22                    22             4.6604350E-05         1.0000000E+30            998797       
 NEXT SEEDS:24E8A43A     120       0       0       0       0    B271      7B       0       0
  299999979                    21                    21             4.6604350E-05         1.0000000E+30            998797       
 NEXT SEEDS:24E8A443     120       0       0       0       0    B271      7B       0       0
  299999980                    20                    20             4.6604350E-05         1.0000000E+30            998797       
 NEXT SEEDS:24E8A519     120       0       0       0       0    B271      7B       0       0
  299999981                    19                    19             4.6604353E-05         1.0000000E+30            998797       
 NEXT SEEDS:24E8A5D9     120       0       0       0       0    B271      7B       0       0
  299999982                    18                    18             4.6604353E-05         1.0000000E+30            998797       
 NEXT SEEDS:24E8A6BD     120       0       0       0       0    B271      7B       0       0
  299999983                    17                    17             4.6604353E-05         1.0000000E+30            998797       
 NEXT SEEDS:24E8A796     120       0       0       0       0    B271      7B       0       0
  299999984                    16                    16             4.6604353E-05         1.0000000E+30            998797       
 NEXT SEEDS:24E8A867     120       0       0       0       0    B271      7B       0       0
  299999985                    15                    15             4.6604353E-05         1.0000000E+30            998797       
 NEXT SEEDS:24E8A92C     120       0       0       0       0    B271      7B       0       0
  299999986                    14                    14             4.6604356E-05         1.0000000E+30            998797       
 NEXT SEEDS:24E8A9FD     120       0       0       0       0    B271      7B       0       0
  299999987                    13                    13             4.6604355E-05         1.0000000E+30            998797       
 NEXT SEEDS:24E8AAE0     120       0       0       0       0    B271      7B       0       0
  299999988                    12                    12             4.6604355E-05         1.0000000E+30            998797       
 NEXT SEEDS:24E8ABD4     120       0       0       0       0    B271      7B       0       0
  299999989                    11                    11             4.6604355E-05         1.0000000E+30            998797       
 NEXT SEEDS:24E8ACF4     120       0       0       0       0    B271      7B       0       0
  299999990                    10                    10             4.6604358E-05         1.0000000E+30            998797       
 NEXT SEEDS:24E8ADBA     120       0       0       0       0    B271      7B       0       0
  299999991                     9                     9             4.6604358E-05         1.0000000E+30            998797       
 NEXT SEEDS:24E8AE98     120       0       0       0       0    B271      7B       0       0
  299999992                     8                     8             4.6604358E-05         1.0000000E+30            998797       
 NEXT SEEDS:24E8AF6D     120       0       0       0       0    B271      7B       0       0
  299999993                     7                     7             4.6604358E-05         1.0000000E+30            998797       
 NEXT SEEDS:24E8B040     120       0       0       0       0    B271      7B       0       0
  299999994                     6                     6             4.6604361E-05         1.0000000E+30            998797       
 NEXT SEEDS:24E8B126     120       0       0       0       0    B271      7B       0       0
  299999995                     5                     5             4.6604361E-05         1.0000000E+30            998797       
 NEXT SEEDS:24E8B1FF     120       0       0       0       0    B271      7B       0       0
  299999996                     4                     4             4.6604361E-05         1.0000000E+30            998797       
 NEXT SEEDS:24E8B2E1     120       0       0       0       0    B271      7B       0       0
  299999997                     3                     3             4.6604360E-05         1.0000000E+30            998797       
 NEXT SEEDS:24E8B3A4     120       0       0       0       0    B271      7B       0       0
  299999998                     2                     2             4.6604364E-05         1.0000000E+30            998797       
 NEXT SEEDS:24E8B4A3     120       0       0       0       0    B271      7B       0       0
  299999999                     1                     1             4.6604363E-05         1.0000000E+30            998797       
 NEXT SEEDS:24E8B58C     120       0       0       0       0    B271      7B       0       0
  300000000                     0                     1             4.6604363E-05         1.0000000E+30            998797       
 NEXT SEEDS:24E8B66B     120       0       0       0       0    B271      7B       0       0
