1NUMBER OF BEAM       NUMBER OF BEAM        APPROXIMATE NUMBER    AVERAGE TIME USED     TIME LEFT (RESERVED   NUMBER OF STARS
 PARTICLES HANDLED    PARTICLES LEFT        OF BEAM PARTICLES     BY A BEAM PARTICLE     10000.0 SECONDS      CREATED
                                            THAT CAN STILL BE                           FOR PRINTOUT)
                                            HANDLED

 NEXT SEEDS:1F273124     207       0       0       0       0    B272      7B       0       0
          1             299999999             299999999             1.3589859E-04         1.0000000E+30                 0       
 NEXT SEEDS:1F273209     207       0       0       0       0    B272      7B       0       0
    6000000             294000000             294000000             4.4203752E-05         1.0000000E+30             20048       
 NEXT SEEDS:285A8F43     208       0       0       0       0    B272      7B       0       0
   12000000             288000000             288000000             4.4272327E-05         1.0000000E+30             39974       
 NEXT SEEDS:318C0F21     209       0       0       0       0    B272      7B       0       0
   18000000             282000000             282000000             4.4444369E-05         1.0000000E+30             60079       
 NEXT SEEDS:3AC83A4D     20A       0       0       0       0    B272      7B       0       0
   24000000             276000000             276000000             4.4327544E-05         1.0000000E+30             80153       
 NEXT SEEDS: 8685909     20C       0       0       0       0    B272      7B       0       0
   30000000             270000000             270000000             4.4191719E-05         1.0000000E+30            100164       
 NEXT SEEDS:11984EB6     20D       0       0       0       0    B272      7B       0       0
   36000000             264000000             264000000             4.4208184E-05         1.0000000E+30            120125       
 NEXT SEEDS:1ACBE532     20E       0       0       0       0    B272      7B       0       0
   42000000             258000000             258000000             4.4125892E-05         1.0000000E+30            140084       
 NEXT SEEDS:2404D5CD     20F       0       0       0       0    B272      7B       0       0
   48000000             252000000             252000000             4.4018887E-05         1.0000000E+30            159906       
 NEXT SEEDS:2D333578     210       0       0       0       0    B272      7B       0       0
   54000000             246000000             246000000             4.3989486E-05         1.0000000E+30            179839       
 NEXT SEEDS:366C162C     211       0       0       0       0    B272      7B       0       0
   60000000             240000000             240000000             4.3927606E-05         1.0000000E+30            199770       
 NEXT SEEDS: 4058E2E     213       0       0       0       0    B272      7B       0       0
   66000000             234000000             234000000             4.3888603E-05         1.0000000E+30            219383       
 NEXT SEEDS: D2EF127     214       0       0       0       0    B272      7B       0       0
   72000000             228000000             228000000             4.3863927E-05         1.0000000E+30            239659       
 NEXT SEEDS:166E3D52     215       0       0       0       0    B272      7B       0       0
   78000000             222000000             222000000             4.3866275E-05         1.0000000E+30            259563       
 NEXT SEEDS:1F9EA844     216       0       0       0       0    B272      7B       0       0
   84000000             216000000             216000000             4.3873167E-05         1.0000000E+30            279671       
 NEXT SEEDS:28D6C0F4     217       0       0       0       0    B272      7B       0       0
   90000000             210000000             210000000             4.3835998E-05         1.0000000E+30            299870       
 NEXT SEEDS:32133898     218       0       0       0       0    B272      7B       0       0
   96000000             204000000             204000000             4.3805210E-05         1.0000000E+30            319674       
 NEXT SEEDS:3B463666     219       0       0       0       0    B272      7B       0       0
  102000000             198000000             198000000             4.3779851E-05         1.0000000E+30            339496       
 NEXT SEEDS: 8E2B89C     21B       0       0       0       0    B272      7B       0       0
  108000000             192000000             192000000             4.3763227E-05         1.0000000E+30            359632       
 NEXT SEEDS:121CAC74     21C       0       0       0       0    B272      7B       0       0
  114000000             186000000             186000000             4.3772293E-05         1.0000000E+30            379561       
 NEXT SEEDS:1B508E6A     21D       0       0       0       0    B272      7B       0       0
  120000000             180000000             180000000             4.3753116E-05         1.0000000E+30            399789       
 NEXT SEEDS:2487C3EB     21E       0       0       0       0    B272      7B       0       0
  126000000             174000000             174000000             4.3758823E-05         1.0000000E+30            419791       
 NEXT SEEDS:2DB9693B     21F       0       0       0       0    B272      7B       0       0
  132000000             168000000             168000000             4.3762176E-05         1.0000000E+30            439639       
 NEXT SEEDS:36EC1154     220       0       0       0       0    B272      7B       0       0
  138000000             162000000             162000000             4.3753169E-05         1.0000000E+30            459617       
 NEXT SEEDS: 4860544     222       0       0       0       0    B272      7B       0       0
  144000000             156000000             156000000             4.3758093E-05         1.0000000E+30            479734       
 NEXT SEEDS: DBF0989     223       0       0       0       0    B272      7B       0       0
  150000000             150000000             150000000             4.3736522E-05         1.0000000E+30            499733       
 NEXT SEEDS:16F757FE     224       0       0       0       0    B272      7B       0       0
  156000000             144000000             144000000             4.3723576E-05         1.0000000E+30            519564       
 NEXT SEEDS:202985AA     225       0       0       0       0    B272      7B       0       0
  162000000             138000000             138000000             4.3733952E-05         1.0000000E+30            539595       
 NEXT SEEDS:2961F38C     226       0       0       0       0    B272      7B       0       0
  168000000             132000000             132000000             4.3701848E-05         1.0000000E+30            559766       
 NEXT SEEDS:329AAECE     227       0       0       0       0    B272      7B       0       0
  174000000             126000000             126000000             4.3716936E-05         1.0000000E+30            580128       
 NEXT SEEDS:  394052     229       0       0       0       0    B272      7B       0       0
  180000000             120000000             120000000             4.3710394E-05         1.0000000E+30            600119       
 NEXT SEEDS: 970DBBF     22A       0       0       0       0    B272      7B       0       0
  186000000             114000000             114000000             4.3690161E-05         1.0000000E+30            620184       
 NEXT SEEDS:12A43C6C     22B       0       0       0       0    B272      7B       0       0
  192000000             108000000             108000000             4.3763595E-05         1.0000000E+30            640232       
 NEXT SEEDS:1BDACC82     22C       0       0       0       0    B272      7B       0       0
  198000000             102000000             102000000             4.3769096E-05         1.0000000E+30            660047       
 NEXT SEEDS:250F383A     22D       0       0       0       0    B272      7B       0       0
  204000000              96000000              96000000             4.3775423E-05         1.0000000E+30            680044       
 NEXT SEEDS:2E45F5FD     22E       0       0       0       0    B272      7B       0       0
  *** Rcfset:kprin,bfcmax,epat00,ppat00,ravpot           1 -0.23861508469740245       0.94219514995231479        8.5888141678166843E-002   12.440777676959296     
  ***RCFSET:EPAT00,VCOUMX,AM(KPRIN),KPRIN  0.94219514995231479        4.4731830120365579E-003  0.93827231000000000                1
  210000000              90000000              90000000             4.3829561E-05         1.0000000E+30            699952       
 NEXT SEEDS:377EB9B0     22F       0       0       0       0    B272      7B       0       0
  216000000              84000000              84000000             4.3836516E-05         1.0000000E+30            719996       
 NEXT SEEDS: 51B96BE     231       0       0       0       0    B272      7B       0       0
  222000000              78000000              78000000             4.3839650E-05         1.0000000E+30            739830       
 NEXT SEEDS: E4837DB     232       0       0       0       0    B272      7B       0       0
  228000000              72000000              72000000             4.3840156E-05         1.0000000E+30            759792       
 NEXT SEEDS:177853B0     233       0       0       0       0    B272      7B       0       0
  234000000              66000000              66000000             4.3821990E-05         1.0000000E+30            779745       
 NEXT SEEDS:20AB7BD2     234       0       0       0       0    B272      7B       0       0
  240000000              60000000              60000000             4.3825935E-05         1.0000000E+30            799799       
 NEXT SEEDS:29E54C56     235       0       0       0       0    B272      7B       0       0
  246000000              54000000              54000000             4.3818863E-05         1.0000000E+30            819705       
 NEXT SEEDS:33161ED2     236       0       0       0       0    B272      7B       0       0
  252000000              48000000              48000000             4.3822087E-05         1.0000000E+30            839735       
 NEXT SEEDS:  B1D6D4     238       0       0       0       0    B272      7B       0       0
  258000000              42000000              42000000             4.3818983E-05         1.0000000E+30            859751       
 NEXT SEEDS: 9E7ACFD     239       0       0       0       0    B272      7B       0       0
  264000000              36000000              36000000             4.3686153E-05         1.0000000E+30            879763       
 NEXT SEEDS:131822FD     23A       0       0       0       0    B272      7B       0       0
  270000000              30000000              30000000             4.3570070E-05         1.0000000E+30            899672       
 NEXT SEEDS:1C4CE9EF     23B       0       0       0       0    B272      7B       0       0
  276000000              24000000              24000000             4.3457399E-05         1.0000000E+30            919569       
 NEXT SEEDS:257D51B7     23C       0       0       0       0    B272      7B       0       0
  *** Rcfset:kprin,bfcmax,epat00,ppat00,ravpot           1  -2.7128500001186717E-002  0.94300490405160231        9.4357412812325736E-002   12.440777676959296     
  282000000              18000000              18000000             4.3347555E-05         1.0000000E+30            939822       
 NEXT SEEDS:2EB5D479     23D       0       0       0       0    B272      7B       0       0
  288000000              12000000              12000000             4.3243374E-05         1.0000000E+30            959652       
 NEXT SEEDS:37E8E73C     23E       0       0       0       0    B272      7B       0       0
  294000000               6000000               6000000             4.3106388E-05         1.0000000E+30            979372       
 NEXT SEEDS: 57AC4D0     240       0       0       0       0    B272      7B       0       0
  299999950                    50                    50             4.2958145E-05         1.0000000E+30            999451       
 NEXT SEEDS: EA6B6AF     241       0       0       0       0    B272      7B       0       0
  299999951                    49                    49             4.2958145E-05         1.0000000E+30            999451       
 NEXT SEEDS: EA6B785     241       0       0       0       0    B272      7B       0       0
  299999952                    48                    48             4.2958148E-05         1.0000000E+30            999451       
 NEXT SEEDS: EA6B857     241       0       0       0       0    B272      7B       0       0
  299999953                    47                    47             4.2958148E-05         1.0000000E+30            999451       
 NEXT SEEDS: EA6B937     241       0       0       0       0    B272      7B       0       0
  299999954                    46                    46             4.2958147E-05         1.0000000E+30            999451       
 NEXT SEEDS: EA6B93E     241       0       0       0       0    B272      7B       0       0
  299999955                    45                    45             4.2958147E-05         1.0000000E+30            999451       
 NEXT SEEDS: EA6B945     241       0       0       0       0    B272      7B       0       0
  299999956                    44                    44             4.2958147E-05         1.0000000E+30            999451       
 NEXT SEEDS: EA6B94C     241       0       0       0       0    B272      7B       0       0
  299999957                    43                    43             4.2958147E-05         1.0000000E+30            999451       
 NEXT SEEDS: EA6BA1D     241       0       0       0       0    B272      7B       0       0
  299999958                    42                    42             4.2958150E-05         1.0000000E+30            999451       
 NEXT SEEDS: EA6BAF3     241       0       0       0       0    B272      7B       0       0
  299999959                    41                    41             4.2958150E-05         1.0000000E+30            999451       
 NEXT SEEDS: EA6BBD2     241       0       0       0       0    B272      7B       0       0
  299999960                    40                    40             4.2958150E-05         1.0000000E+30            999451       
 NEXT SEEDS: EA6BC9A     241       0       0       0       0    B272      7B       0       0
  299999961                    39                    39             4.2958150E-05         1.0000000E+30            999451       
 NEXT SEEDS: EA6BD7D     241       0       0       0       0    B272      7B       0       0
  299999962                    38                    38             4.2958149E-05         1.0000000E+30            999451       
 NEXT SEEDS: EA6BE48     241       0       0       0       0    B272      7B       0       0
  299999963                    37                    37             4.2958149E-05         1.0000000E+30            999451       
 NEXT SEEDS: EA6BF0E     241       0       0       0       0    B272      7B       0       0
  299999964                    36                    36             4.2958149E-05         1.0000000E+30            999451       
 NEXT SEEDS: EA6BF19     241       0       0       0       0    B272      7B       0       0
  299999965                    35                    35             4.2958152E-05         1.0000000E+30            999451       
 NEXT SEEDS: EA6C00B     241       0       0       0       0    B272      7B       0       0
  299999966                    34                    34             4.2958152E-05         1.0000000E+30            999451       
 NEXT SEEDS: EA6C014     241       0       0       0       0    B272      7B       0       0
  299999967                    33                    33             4.2958152E-05         1.0000000E+30            999451       
 NEXT SEEDS: EA6C0EF     241       0       0       0       0    B272      7B       0       0
  299999968                    32                    32             4.2958152E-05         1.0000000E+30            999451       
 NEXT SEEDS: EA6C1C2     241       0       0       0       0    B272      7B       0       0
  299999969                    31                    31             4.2958152E-05         1.0000000E+30            999451       
 NEXT SEEDS: EA6C293     241       0       0       0       0    B272      7B       0       0
  299999970                    30                    30             4.2958155E-05         1.0000000E+30            999451       
 NEXT SEEDS: EA6C37E     241       0       0       0       0    B272      7B       0       0
  299999971                    29                    29             4.2958155E-05         1.0000000E+30            999451       
 NEXT SEEDS: EA6C449     241       0       0       0       0    B272      7B       0       0
  299999972                    28                    28             4.2958155E-05         1.0000000E+30            999451       
 NEXT SEEDS: EA6C516     241       0       0       0       0    B272      7B       0       0
  299999973                    27                    27             4.2958154E-05         1.0000000E+30            999451       
 NEXT SEEDS: EA6C5F4     241       0       0       0       0    B272      7B       0       0
  299999974                    26                    26             4.2958154E-05         1.0000000E+30            999451       
 NEXT SEEDS: EA6C6D6     241       0       0       0       0    B272      7B       0       0
  299999975                    25                    25             4.2958154E-05         1.0000000E+30            999451       
 NEXT SEEDS: EA6C7B5     241       0       0       0       0    B272      7B       0       0
  299999976                    24                    24             4.2958157E-05         1.0000000E+30            999451       
 NEXT SEEDS: EA6C892     241       0       0       0       0    B272      7B       0       0
  299999977                    23                    23             4.2958157E-05         1.0000000E+30            999451       
 NEXT SEEDS: EA6C97B     241       0       0       0       0    B272      7B       0       0
  299999978                    22                    22             4.2958157E-05         1.0000000E+30            999451       
 NEXT SEEDS: EA6CA4D     241       0       0       0       0    B272      7B       0       0
  299999979                    21                    21             4.2958157E-05         1.0000000E+30            999451       
 NEXT SEEDS: EA6CB47     241       0       0       0       0    B272      7B       0       0
  299999980                    20                    20             4.2958157E-05         1.0000000E+30            999451       
 NEXT SEEDS: EA6CC1E     241       0       0       0       0    B272      7B       0       0
  299999981                    19                    19             4.2958157E-05         1.0000000E+30            999451       
 NEXT SEEDS: EA6CC25     241       0       0       0       0    B272      7B       0       0
  299999982                    18                    18             4.2958160E-05         1.0000000E+30            999451       
 NEXT SEEDS: EA6CD09     241       0       0       0       0    B272      7B       0       0
  299999983                    17                    17             4.2958160E-05         1.0000000E+30            999451       
 NEXT SEEDS: EA6CDD3     241       0       0       0       0    B272      7B       0       0
  299999984                    16                    16             4.2958159E-05         1.0000000E+30            999451       
 NEXT SEEDS: EA6CE9A     241       0       0       0       0    B272      7B       0       0
  299999985                    15                    15             4.2958159E-05         1.0000000E+30            999451       
 NEXT SEEDS: EA6CF8B     241       0       0       0       0    B272      7B       0       0
  299999986                    14                    14             4.2958159E-05         1.0000000E+30            999451       
 NEXT SEEDS: EA6D05F     241       0       0       0       0    B272      7B       0       0
  299999987                    13                    13             4.2958159E-05         1.0000000E+30            999451       
 NEXT SEEDS: EA6D143     241       0       0       0       0    B272      7B       0       0
  299999988                    12                    12             4.2958162E-05         1.0000000E+30            999451       
 NEXT SEEDS: EA6D218     241       0       0       0       0    B272      7B       0       0
  299999989                    11                    11             4.2958162E-05         1.0000000E+30            999451       
 NEXT SEEDS: EA6D21F     241       0       0       0       0    B272      7B       0       0
  299999990                    10                    10             4.2958162E-05         1.0000000E+30            999451       
 NEXT SEEDS: EA6D2EA     241       0       0       0       0    B272      7B       0       0
  299999991                     9                     9             4.2958162E-05         1.0000000E+30            999451       
 NEXT SEEDS: EA6D3DF     241       0       0       0       0    B272      7B       0       0
  299999992                     8                     8             4.2958161E-05         1.0000000E+30            999451       
 NEXT SEEDS: EA6D4AA     241       0       0       0       0    B272      7B       0       0
  299999993                     7                     7             4.2958161E-05         1.0000000E+30            999451       
 NEXT SEEDS: EA6D4B5     241       0       0       0       0    B272      7B       0       0
  299999994                     6                     6             4.2958164E-05         1.0000000E+30            999451       
 NEXT SEEDS: EA6D587     241       0       0       0       0    B272      7B       0       0
  299999995                     5                     5             4.2958164E-05         1.0000000E+30            999451       
 NEXT SEEDS: EA6D643     241       0       0       0       0    B272      7B       0       0
  299999996                     4                     4             4.2958164E-05         1.0000000E+30            999451       
 NEXT SEEDS: EA6D64A     241       0       0       0       0    B272      7B       0       0
  299999997                     3                     3             4.2958164E-05         1.0000000E+30            999451       
 NEXT SEEDS: EA6D72F     241       0       0       0       0    B272      7B       0       0
  299999998                     2                     2             4.2958164E-05         1.0000000E+30            999451       
 NEXT SEEDS: EA6D738     241       0       0       0       0    B272      7B       0       0
  299999999                     1                     1             4.2958164E-05         1.0000000E+30            999451       
 NEXT SEEDS: EA6D815     241       0       0       0       0    B272      7B       0       0
  300000000                     0                     1             4.2958167E-05         1.0000000E+30            999451       
 NEXT SEEDS: EA6D8EE     241       0       0       0       0    B272      7B       0       0
