 # Detector n:            1   Neu_out   (integrated over solid angle)
 # N. of energy intervals         206
  9.611E-07  1.234E-06  2.118E-01  6.334E+00
  1.234E-06  1.364E-06  2.533E-01  9.996E+00
  1.364E-06  1.507E-06  2.404E-01  4.833E+00
  1.507E-06  1.585E-06  2.342E-01  1.193E+01
  1.585E-06  1.666E-06  3.113E-01  1.594E+01
  1.666E-06  1.841E-06  2.430E-01  6.778E+00
  1.841E-06  2.035E-06  2.835E-01  9.582E+00
  2.035E-06  2.249E-06  2.676E-01  7.466E+00
  2.249E-06  2.485E-06  2.564E-01  4.845E+00
  2.485E-06  2.613E-06  2.683E-01  7.907E+00
  2.613E-06  2.747E-06  2.939E-01  1.056E+01
  2.747E-06  2.863E-06  3.155E-01  7.769E+00
  2.863E-06  3.035E-06  2.748E-01  9.178E+00
  3.035E-06  3.355E-06  2.970E-01  6.555E+00
  3.355E-06  3.707E-06  2.653E-01  5.172E+00
  3.707E-06  4.097E-06  3.270E-01  5.233E+00
  4.097E-06  4.307E-06  2.973E-01  5.404E+00
  4.307E-06  4.528E-06  3.404E-01  9.238E+00
  4.528E-06  5.005E-06  3.452E-01  4.600E+00
  5.005E-06  5.531E-06  3.349E-01  3.981E+00
  5.531E-06  6.267E-06  3.849E-01  1.125E+01
  6.267E-06  7.102E-06  3.871E-01  9.087E+00
  7.102E-06  8.047E-06  3.319E-01  3.049E+00
  8.047E-06  9.119E-06  3.695E-01  2.547E+00
  9.119E-06  1.033E-05  3.641E-01  2.096E+00
  1.033E-05  1.171E-05  4.010E-01  2.407E+00
  1.171E-05  1.327E-05  3.730E-01  2.370E+00
  1.327E-05  1.503E-05  3.971E-01  2.146E+00
  1.503E-05  1.704E-05  4.271E-01  3.396E+00
  1.704E-05  1.930E-05  4.332E-01  2.288E+00
  1.930E-05  2.133E-05  4.212E-01  1.577E+00
  2.133E-05  2.187E-05  4.313E-01  4.097E+00
  2.187E-05  2.358E-05  4.349E-01  1.526E+00
  2.358E-05  2.418E-05  4.733E-01  3.847E+00
  2.418E-05  2.479E-05  4.246E-01  2.789E+00
  2.479E-05  2.606E-05  4.434E-01  1.740E+00
  2.606E-05  2.809E-05  4.537E-01  1.737E+00
  2.809E-05  3.183E-05  4.936E-01  1.880E+00
  3.183E-05  3.431E-05  5.029E-01  1.560E+00
  3.431E-05  3.518E-05  4.987E-01  2.351E+00
  3.518E-05  3.607E-05  5.016E-01  2.258E+00
  3.607E-05  4.087E-05  5.347E-01  1.583E+00
  4.087E-05  4.631E-05  5.536E-01  8.118E-01
  4.631E-05  5.248E-05  5.809E-01  1.560E+00
  5.248E-05  5.656E-05  5.932E-01  1.102E+00
  5.656E-05  5.946E-05  6.049E-01  2.070E+00
  5.946E-05  6.251E-05  6.239E-01  2.156E+00
  6.251E-05  6.738E-05  6.344E-01  1.234E+00
  6.738E-05  7.635E-05  6.551E-01  7.881E-01
  7.635E-05  8.652E-05  7.108E-01  1.488E+00
  8.652E-05  9.804E-05  7.444E-01  9.306E-01
  9.804E-05  1.111E-04  7.718E-01  6.057E-01
  1.111E-04  1.168E-04  8.156E-01  2.665E+00
  1.168E-04  1.228E-04  8.140E-01  8.693E-01
  1.228E-04  1.291E-04  8.349E-01  8.992E-01
  1.291E-04  1.357E-04  8.485E-01  8.861E-01
  1.357E-04  1.426E-04  8.834E-01  8.301E-01
  1.426E-04  1.500E-04  8.678E-01  8.826E-01
  1.500E-04  1.576E-04  8.946E-01  7.529E-01
  1.576E-04  1.616E-04  9.104E-01  1.157E+00
  1.616E-04  1.657E-04  9.517E-01  2.805E+00
  1.657E-04  1.699E-04  9.438E-01  9.447E-01
  1.699E-04  1.742E-04  9.616E-01  1.118E+00
  1.742E-04  1.832E-04  9.724E-01  7.022E-01
  1.832E-04  1.925E-04  9.770E-01  7.903E-01
  1.925E-04  2.024E-04  9.972E-01  5.567E-01
  2.024E-04  2.128E-04  1.041E+00  1.335E+00
  2.128E-04  2.237E-04  1.064E+00  2.186E+00
  2.237E-04  2.352E-04  1.065E+00  6.750E-01
  2.352E-04  2.472E-04  1.074E+00  6.728E-01
  2.472E-04  2.599E-04  1.102E+00  6.235E-01
  2.599E-04  2.732E-04  1.114E+00  4.538E-01
  2.732E-04  2.802E-04  1.139E+00  8.250E-01
  2.802E-04  2.872E-04  1.143E+00  5.820E-01
  2.872E-04  2.945E-04  1.140E+00  6.725E-01
  2.945E-04  3.020E-04  1.160E+00  7.456E-01
  3.020E-04  3.096E-04  1.173E+00  7.485E-01
  3.096E-04  3.175E-04  1.180E+00  7.685E-01
  3.175E-04  3.337E-04  1.210E+00  4.714E-01
  3.337E-04  3.508E-04  1.204E+00  4.477E-01
  3.508E-04  3.688E-04  1.227E+00  3.957E-01
  3.688E-04  3.877E-04  1.240E+00  4.298E-01
  3.877E-04  4.076E-04  1.279E+00  7.061E-01
  4.076E-04  4.285E-04  1.278E+00  4.563E-01
  4.285E-04  4.505E-04  1.282E+00  3.506E-01
  4.505E-04  4.736E-04  1.297E+00  3.715E-01
  4.736E-04  4.979E-04  1.299E+00  3.643E-01
  4.979E-04  5.105E-04  1.309E+00  5.485E-01
  5.105E-04  5.234E-04  1.320E+00  4.888E-01
  5.234E-04  5.366E-04  1.305E+00  4.152E-01
  5.366E-04  5.502E-04  1.311E+00  4.363E-01
  5.502E-04  5.784E-04  1.313E+00  2.916E-01
  5.784E-04  6.081E-04  1.312E+00  3.454E-01
  6.081E-04  6.393E-04  1.311E+00  3.045E-01
  6.393E-04  6.721E-04  1.320E+00  1.010E+00
  6.721E-04  7.065E-04  1.303E+00  3.478E-01
  7.065E-04  7.427E-04  1.288E+00  2.868E-01
  7.427E-04  7.808E-04  1.268E+00  3.695E-01
  7.808E-04  8.209E-04  1.268E+00  4.370E-01
  8.209E-04  8.629E-04  1.256E+00  6.371E-01
  8.629E-04  9.072E-04  1.226E+00  2.598E-01
  9.072E-04  9.537E-04  1.206E+00  3.120E-01
  9.537E-04  9.616E-04  1.202E+00  5.523E-01
  9.616E-04  9.778E-04  1.187E+00  4.605E-01
  9.778E-04  1.003E-03  1.169E+00  4.137E-01
  1.003E-03  1.054E-03  1.155E+00  2.504E-01
  1.054E-03  1.108E-03  1.132E+00  3.080E-01
  1.108E-03  1.165E-03  1.095E+00  2.270E-01
  1.165E-03  1.194E-03  1.077E+00  5.136E-01
  1.194E-03  1.225E-03  1.054E+00  4.425E-01
  1.225E-03  1.287E-03  1.031E+00  2.433E-01
  1.287E-03  1.353E-03  9.954E-01  3.429E-01
  1.353E-03  1.423E-03  9.609E-01  6.301E-01
  1.423E-03  1.496E-03  9.091E-01  2.631E-01
  1.496E-03  1.534E-03  8.789E-01  4.341E-01
  1.534E-03  1.572E-03  8.609E-01  3.994E-01
  1.572E-03  1.612E-03  8.384E-01  4.095E-01
  1.612E-03  1.653E-03  8.108E-01  5.164E-01
  1.653E-03  1.738E-03  7.768E-01  3.842E-01
  1.738E-03  1.827E-03  7.269E-01  2.640E-01
  1.827E-03  1.873E-03  6.869E-01  3.762E-01
  1.873E-03  1.920E-03  6.671E-01  4.470E-01
  1.920E-03  1.969E-03  6.397E-01  4.519E-01
  1.969E-03  2.019E-03  6.164E-01  4.295E-01
  2.019E-03  2.122E-03  5.766E-01  3.458E-01
  2.122E-03  2.231E-03  5.266E-01  3.695E-01
  2.231E-03  2.269E-03  4.932E-01  8.991E-01
  2.269E-03  2.307E-03  4.768E-01  4.781E-01
  2.307E-03  2.346E-03  4.591E-01  4.880E-01
  2.346E-03  2.365E-03  4.585E-01  1.346E+00
  2.365E-03  2.385E-03  4.438E-01  8.431E-01
  2.385E-03  2.425E-03  4.333E-01  6.800E-01
  2.425E-03  2.466E-03  4.228E-01  9.878E-01
  2.466E-03  2.592E-03  3.898E-01  5.501E-01
  2.592E-03  2.725E-03  3.482E-01  5.613E-01
  2.725E-03  2.865E-03  3.072E-01  3.383E-01
  2.865E-03  3.012E-03  2.722E-01  4.370E-01
  3.012E-03  3.088E-03  2.469E-01  5.234E-01
  3.088E-03  3.166E-03  2.314E-01  5.677E-01
  3.166E-03  3.247E-03  2.181E-01  9.953E-01
  3.247E-03  3.329E-03  2.040E-01  6.424E-01
  3.329E-03  3.499E-03  1.815E-01  3.645E-01
  3.499E-03  3.679E-03  1.566E-01  4.875E-01
  3.679E-03  3.867E-03  1.340E-01  5.588E-01
  3.867E-03  4.066E-03  1.150E-01  6.923E-01
  4.066E-03  4.274E-03  9.847E-02  1.744E+00
  4.274E-03  4.493E-03  8.093E-02  5.563E-01
  4.493E-03  4.607E-03  7.064E-02  7.002E-01
  4.607E-03  4.724E-03  6.656E-02  1.341E+00
  4.724E-03  4.843E-03  6.013E-02  8.716E-01
  4.843E-03  4.966E-03  5.462E-02  9.438E-01
  4.966E-03  5.220E-03  4.679E-02  5.454E-01
  5.220E-03  5.488E-03  3.913E-02  9.099E-01
  5.488E-03  5.770E-03  3.205E-02  1.271E+00
  5.770E-03  5.916E-03  2.960E-02  4.797E+00
  5.916E-03  6.065E-03  2.501E-02  1.211E+00
  6.065E-03  6.219E-03  2.249E-02  1.301E+00
  6.219E-03  6.376E-03  2.020E-02  1.494E+00
  6.376E-03  6.538E-03  1.851E-02  1.378E+00
  6.538E-03  6.592E-03  1.761E-02  3.242E+00
  6.592E-03  6.648E-03  1.696E-02  3.805E+00
  6.648E-03  6.703E-03  1.613E-02  1.863E+00
  6.703E-03  6.873E-03  1.582E-02  1.521E+00
  6.873E-03  7.047E-03  1.392E-02  1.596E+00
  7.047E-03  7.225E-03  1.275E-02  1.426E+00
  7.225E-03  7.408E-03  1.175E-02  1.650E+00
  7.408E-03  7.596E-03  1.068E-02  1.974E+00
  7.596E-03  7.788E-03  9.769E-03  2.729E+00
  7.788E-03  7.985E-03  9.097E-03  2.034E+00
  7.985E-03  8.187E-03  8.089E-03  1.758E+00
  8.187E-03  8.395E-03  7.635E-03  1.862E+00
  8.395E-03  8.607E-03  6.942E-03  2.073E+00
  8.607E-03  8.825E-03  6.303E-03  1.813E+00
  8.825E-03  9.048E-03  6.356E-03  5.396E+00
  9.048E-03  9.277E-03  5.433E-03  2.022E+00
  9.277E-03  9.512E-03  5.311E-03  2.586E+00
  9.512E-03  9.753E-03  4.789E-03  2.691E+00
  9.753E-03  1.000E-02  4.242E-03  2.397E+00
  1.000E-02  1.025E-02  3.991E-03  2.420E+00
  1.025E-02  1.051E-02  3.653E-03  2.391E+00
  1.051E-02  1.078E-02  3.514E-03  2.964E+00
  1.078E-02  1.105E-02  3.091E-03  2.404E+00
  1.105E-02  1.133E-02  3.013E-03  3.094E+00
  1.133E-02  1.162E-02  2.811E-03  5.852E+00
  1.162E-02  1.191E-02  2.414E-03  3.094E+00
  1.191E-02  1.221E-02  2.231E-03  2.759E+00
  1.221E-02  1.252E-02  2.151E-03  5.276E+00
  1.252E-02  1.284E-02  1.779E-03  3.914E+00
  1.284E-02  1.317E-02  1.593E-03  3.022E+00
  1.317E-02  1.350E-02  1.441E-03  3.461E+00
  1.350E-02  1.384E-02  1.199E-03  4.188E+00
  1.384E-02  1.419E-02  1.050E-03  4.022E+00
  1.419E-02  1.455E-02  8.177E-04  4.276E+00
  1.455E-02  1.492E-02  7.466E-04  5.132E+00
  1.492E-02  1.530E-02  5.832E-04  4.487E+00
  1.530E-02  1.568E-02  5.487E-04  8.092E+00
  1.568E-02  1.608E-02  3.896E-04  6.839E+00
  1.608E-02  1.649E-02  3.548E-04  2.211E+01
  1.649E-02  1.690E-02  1.507E-04  2.320E+01
  1.690E-02  1.733E-02  4.335E-05  1.549E+01
  1.733E-02  1.777E-02  3.035E-06  3.540E+01
  1.777E-02  1.822E-02  0.000E+00  0.000E+00
  1.822E-02  1.868E-02  0.000E+00  0.000E+00
  1.868E-02  1.916E-02  0.000E+00  0.000E+00
  1.916E-02  1.964E-02  0.000E+00  0.000E+00
  1.964E-02  2.000E-02  0.000E+00  0.000E+00


 # double differential distributions
 # number of solid angle intervals           1
 # Block n:            1     0.00000000      :   6.28318548    
  9.611E-07  1.234E-06  3.371E-02  6.334E+00  0.000E+00  6.283E+00
  1.234E-06  1.364E-06  4.032E-02  9.996E+00  0.000E+00  6.283E+00
  1.364E-06  1.507E-06  3.827E-02  4.833E+00  0.000E+00  6.283E+00
  1.507E-06  1.585E-06  3.727E-02  1.193E+01  0.000E+00  6.283E+00
  1.585E-06  1.666E-06  4.954E-02  1.594E+01  0.000E+00  6.283E+00
  1.666E-06  1.841E-06  3.867E-02  6.778E+00  0.000E+00  6.283E+00
  1.841E-06  2.035E-06  4.513E-02  9.582E+00  0.000E+00  6.283E+00
  2.035E-06  2.249E-06  4.258E-02  7.466E+00  0.000E+00  6.283E+00
  2.249E-06  2.485E-06  4.081E-02  4.845E+00  0.000E+00  6.283E+00
  2.485E-06  2.613E-06  4.271E-02  7.907E+00  0.000E+00  6.283E+00
  2.613E-06  2.747E-06  4.677E-02  1.056E+01  0.000E+00  6.283E+00
  2.747E-06  2.863E-06  5.021E-02  7.769E+00  0.000E+00  6.283E+00
  2.863E-06  3.035E-06  4.374E-02  9.178E+00  0.000E+00  6.283E+00
  3.035E-06  3.355E-06  4.726E-02  6.555E+00  0.000E+00  6.283E+00
  3.355E-06  3.707E-06  4.223E-02  5.172E+00  0.000E+00  6.283E+00
  3.707E-06  4.097E-06  5.205E-02  5.233E+00  0.000E+00  6.283E+00
  4.097E-06  4.307E-06  4.732E-02  5.404E+00  0.000E+00  6.283E+00
  4.307E-06  4.528E-06  5.418E-02  9.238E+00  0.000E+00  6.283E+00
  4.528E-06  5.005E-06  5.494E-02  4.600E+00  0.000E+00  6.283E+00
  5.005E-06  5.531E-06  5.330E-02  3.981E+00  0.000E+00  6.283E+00
  5.531E-06  6.267E-06  6.125E-02  1.125E+01  0.000E+00  6.283E+00
  6.267E-06  7.102E-06  6.161E-02  9.087E+00  0.000E+00  6.283E+00
  7.102E-06  8.047E-06  5.282E-02  3.049E+00  0.000E+00  6.283E+00
  8.047E-06  9.119E-06  5.880E-02  2.547E+00  0.000E+00  6.283E+00
  9.119E-06  1.033E-05  5.795E-02  2.096E+00  0.000E+00  6.283E+00
  1.033E-05  1.171E-05  6.382E-02  2.407E+00  0.000E+00  6.283E+00
  1.171E-05  1.327E-05  5.937E-02  2.370E+00  0.000E+00  6.283E+00
  1.327E-05  1.503E-05  6.320E-02  2.146E+00  0.000E+00  6.283E+00
  1.503E-05  1.704E-05  6.798E-02  3.396E+00  0.000E+00  6.283E+00
  1.704E-05  1.930E-05  6.895E-02  2.288E+00  0.000E+00  6.283E+00
  1.930E-05  2.133E-05  6.704E-02  1.577E+00  0.000E+00  6.283E+00
  2.133E-05  2.187E-05  6.864E-02  4.097E+00  0.000E+00  6.283E+00
  2.187E-05  2.358E-05  6.921E-02  1.526E+00  0.000E+00  6.283E+00
  2.358E-05  2.418E-05  7.533E-02  3.847E+00  0.000E+00  6.283E+00
  2.418E-05  2.479E-05  6.758E-02  2.789E+00  0.000E+00  6.283E+00
  2.479E-05  2.606E-05  7.058E-02  1.740E+00  0.000E+00  6.283E+00
  2.606E-05  2.809E-05  7.220E-02  1.737E+00  0.000E+00  6.283E+00
  2.809E-05  3.183E-05  7.856E-02  1.880E+00  0.000E+00  6.283E+00
  3.183E-05  3.431E-05  8.004E-02  1.560E+00  0.000E+00  6.283E+00
  3.431E-05  3.518E-05  7.938E-02  2.351E+00  0.000E+00  6.283E+00
  3.518E-05  3.607E-05  7.983E-02  2.258E+00  0.000E+00  6.283E+00
  3.607E-05  4.087E-05  8.510E-02  1.583E+00  0.000E+00  6.283E+00
  4.087E-05  4.631E-05  8.810E-02  8.118E-01  0.000E+00  6.283E+00
  4.631E-05  5.248E-05  9.245E-02  1.560E+00  0.000E+00  6.283E+00
  5.248E-05  5.656E-05  9.442E-02  1.102E+00  0.000E+00  6.283E+00
  5.656E-05  5.946E-05  9.627E-02  2.070E+00  0.000E+00  6.283E+00
  5.946E-05  6.251E-05  9.930E-02  2.156E+00  0.000E+00  6.283E+00
  6.251E-05  6.738E-05  1.010E-01  1.234E+00  0.000E+00  6.283E+00
  6.738E-05  7.635E-05  1.043E-01  7.881E-01  0.000E+00  6.283E+00
  7.635E-05  8.652E-05  1.131E-01  1.488E+00  0.000E+00  6.283E+00
  8.652E-05  9.804E-05  1.185E-01  9.306E-01  0.000E+00  6.283E+00
  9.804E-05  1.111E-04  1.228E-01  6.057E-01  0.000E+00  6.283E+00
  1.111E-04  1.168E-04  1.298E-01  2.665E+00  0.000E+00  6.283E+00
  1.168E-04  1.228E-04  1.295E-01  8.693E-01  0.000E+00  6.283E+00
  1.228E-04  1.291E-04  1.329E-01  8.992E-01  0.000E+00  6.283E+00
  1.291E-04  1.357E-04  1.350E-01  8.861E-01  0.000E+00  6.283E+00
  1.357E-04  1.426E-04  1.406E-01  8.301E-01  0.000E+00  6.283E+00
  1.426E-04  1.500E-04  1.381E-01  8.826E-01  0.000E+00  6.283E+00
  1.500E-04  1.576E-04  1.424E-01  7.529E-01  0.000E+00  6.283E+00
  1.576E-04  1.616E-04  1.449E-01  1.157E+00  0.000E+00  6.283E+00
  1.616E-04  1.657E-04  1.515E-01  2.805E+00  0.000E+00  6.283E+00
  1.657E-04  1.699E-04  1.502E-01  9.447E-01  0.000E+00  6.283E+00
  1.699E-04  1.742E-04  1.530E-01  1.118E+00  0.000E+00  6.283E+00
  1.742E-04  1.832E-04  1.548E-01  7.022E-01  0.000E+00  6.283E+00
  1.832E-04  1.925E-04  1.555E-01  7.903E-01  0.000E+00  6.283E+00
  1.925E-04  2.024E-04  1.587E-01  5.567E-01  0.000E+00  6.283E+00
  2.024E-04  2.128E-04  1.656E-01  1.335E+00  0.000E+00  6.283E+00
  2.128E-04  2.237E-04  1.693E-01  2.186E+00  0.000E+00  6.283E+00
  2.237E-04  2.352E-04  1.695E-01  6.750E-01  0.000E+00  6.283E+00
  2.352E-04  2.472E-04  1.709E-01  6.728E-01  0.000E+00  6.283E+00
  2.472E-04  2.599E-04  1.754E-01  6.235E-01  0.000E+00  6.283E+00
  2.599E-04  2.732E-04  1.774E-01  4.538E-01  0.000E+00  6.283E+00
  2.732E-04  2.802E-04  1.812E-01  8.250E-01  0.000E+00  6.283E+00
  2.802E-04  2.872E-04  1.820E-01  5.820E-01  0.000E+00  6.283E+00
  2.872E-04  2.945E-04  1.815E-01  6.725E-01  0.000E+00  6.283E+00
  2.945E-04  3.020E-04  1.846E-01  7.456E-01  0.000E+00  6.283E+00
  3.020E-04  3.096E-04  1.867E-01  7.485E-01  0.000E+00  6.283E+00
  3.096E-04  3.175E-04  1.878E-01  7.685E-01  0.000E+00  6.283E+00
  3.175E-04  3.337E-04  1.926E-01  4.714E-01  0.000E+00  6.283E+00
  3.337E-04  3.508E-04  1.916E-01  4.477E-01  0.000E+00  6.283E+00
  3.508E-04  3.688E-04  1.953E-01  3.957E-01  0.000E+00  6.283E+00
  3.688E-04  3.877E-04  1.973E-01  4.298E-01  0.000E+00  6.283E+00
  3.877E-04  4.076E-04  2.035E-01  7.061E-01  0.000E+00  6.283E+00
  4.076E-04  4.285E-04  2.033E-01  4.563E-01  0.000E+00  6.283E+00
  4.285E-04  4.505E-04  2.041E-01  3.506E-01  0.000E+00  6.283E+00
  4.505E-04  4.736E-04  2.064E-01  3.715E-01  0.000E+00  6.283E+00
  4.736E-04  4.979E-04  2.067E-01  3.643E-01  0.000E+00  6.283E+00
  4.979E-04  5.105E-04  2.083E-01  5.485E-01  0.000E+00  6.283E+00
  5.105E-04  5.234E-04  2.101E-01  4.888E-01  0.000E+00  6.283E+00
  5.234E-04  5.366E-04  2.078E-01  4.152E-01  0.000E+00  6.283E+00
  5.366E-04  5.502E-04  2.087E-01  4.363E-01  0.000E+00  6.283E+00
  5.502E-04  5.784E-04  2.089E-01  2.916E-01  0.000E+00  6.283E+00
  5.784E-04  6.081E-04  2.088E-01  3.454E-01  0.000E+00  6.283E+00
  6.081E-04  6.393E-04  2.087E-01  3.045E-01  0.000E+00  6.283E+00
  6.393E-04  6.721E-04  2.101E-01  1.010E+00  0.000E+00  6.283E+00
  6.721E-04  7.065E-04  2.074E-01  3.478E-01  0.000E+00  6.283E+00
  7.065E-04  7.427E-04  2.050E-01  2.868E-01  0.000E+00  6.283E+00
  7.427E-04  7.808E-04  2.018E-01  3.695E-01  0.000E+00  6.283E+00
  7.808E-04  8.209E-04  2.017E-01  4.370E-01  0.000E+00  6.283E+00
  8.209E-04  8.629E-04  1.999E-01  6.371E-01  0.000E+00  6.283E+00
  8.629E-04  9.072E-04  1.951E-01  2.598E-01  0.000E+00  6.283E+00
  9.072E-04  9.537E-04  1.920E-01  3.120E-01  0.000E+00  6.283E+00
  9.537E-04  9.616E-04  1.913E-01  5.523E-01  0.000E+00  6.283E+00
  9.616E-04  9.778E-04  1.889E-01  4.605E-01  0.000E+00  6.283E+00
  9.778E-04  1.003E-03  1.861E-01  4.137E-01  0.000E+00  6.283E+00
  1.003E-03  1.054E-03  1.838E-01  2.504E-01  0.000E+00  6.283E+00
  1.054E-03  1.108E-03  1.801E-01  3.080E-01  0.000E+00  6.283E+00
  1.108E-03  1.165E-03  1.743E-01  2.270E-01  0.000E+00  6.283E+00
  1.165E-03  1.194E-03  1.714E-01  5.136E-01  0.000E+00  6.283E+00
  1.194E-03  1.225E-03  1.677E-01  4.425E-01  0.000E+00  6.283E+00
  1.225E-03  1.287E-03  1.641E-01  2.433E-01  0.000E+00  6.283E+00
  1.287E-03  1.353E-03  1.584E-01  3.429E-01  0.000E+00  6.283E+00
  1.353E-03  1.423E-03  1.529E-01  6.301E-01  0.000E+00  6.283E+00
  1.423E-03  1.496E-03  1.447E-01  2.631E-01  0.000E+00  6.283E+00
  1.496E-03  1.534E-03  1.399E-01  4.341E-01  0.000E+00  6.283E+00
  1.534E-03  1.572E-03  1.370E-01  3.994E-01  0.000E+00  6.283E+00
  1.572E-03  1.612E-03  1.334E-01  4.095E-01  0.000E+00  6.283E+00
  1.612E-03  1.653E-03  1.290E-01  5.164E-01  0.000E+00  6.283E+00
  1.653E-03  1.738E-03  1.236E-01  3.842E-01  0.000E+00  6.283E+00
  1.738E-03  1.827E-03  1.157E-01  2.640E-01  0.000E+00  6.283E+00
  1.827E-03  1.873E-03  1.093E-01  3.762E-01  0.000E+00  6.283E+00
  1.873E-03  1.920E-03  1.062E-01  4.470E-01  0.000E+00  6.283E+00
  1.920E-03  1.969E-03  1.018E-01  4.519E-01  0.000E+00  6.283E+00
  1.969E-03  2.019E-03  9.811E-02  4.295E-01  0.000E+00  6.283E+00
  2.019E-03  2.122E-03  9.178E-02  3.458E-01  0.000E+00  6.283E+00
  2.122E-03  2.231E-03  8.382E-02  3.695E-01  0.000E+00  6.283E+00
  2.231E-03  2.269E-03  7.850E-02  8.991E-01  0.000E+00  6.283E+00
  2.269E-03  2.307E-03  7.588E-02  4.781E-01  0.000E+00  6.283E+00
  2.307E-03  2.346E-03  7.307E-02  4.880E-01  0.000E+00  6.283E+00
  2.346E-03  2.365E-03  7.297E-02  1.346E+00  0.000E+00  6.283E+00
  2.365E-03  2.385E-03  7.063E-02  8.431E-01  0.000E+00  6.283E+00
  2.385E-03  2.425E-03  6.897E-02  6.800E-01  0.000E+00  6.283E+00
  2.425E-03  2.466E-03  6.730E-02  9.878E-01  0.000E+00  6.283E+00
  2.466E-03  2.592E-03  6.204E-02  5.501E-01  0.000E+00  6.283E+00
  2.592E-03  2.725E-03  5.542E-02  5.613E-01  0.000E+00  6.283E+00
  2.725E-03  2.865E-03  4.889E-02  3.383E-01  0.000E+00  6.283E+00
  2.865E-03  3.012E-03  4.332E-02  4.370E-01  0.000E+00  6.283E+00
  3.012E-03  3.088E-03  3.929E-02  5.234E-01  0.000E+00  6.283E+00
  3.088E-03  3.166E-03  3.683E-02  5.677E-01  0.000E+00  6.283E+00
  3.166E-03  3.247E-03  3.472E-02  9.953E-01  0.000E+00  6.283E+00
  3.247E-03  3.329E-03  3.247E-02  6.424E-01  0.000E+00  6.283E+00
  3.329E-03  3.499E-03  2.889E-02  3.645E-01  0.000E+00  6.283E+00
  3.499E-03  3.679E-03  2.493E-02  4.875E-01  0.000E+00  6.283E+00
  3.679E-03  3.867E-03  2.132E-02  5.588E-01  0.000E+00  6.283E+00
  3.867E-03  4.066E-03  1.831E-02  6.923E-01  0.000E+00  6.283E+00
  4.066E-03  4.274E-03  1.567E-02  1.744E+00  0.000E+00  6.283E+00
  4.274E-03  4.493E-03  1.288E-02  5.563E-01  0.000E+00  6.283E+00
  4.493E-03  4.607E-03  1.124E-02  7.002E-01  0.000E+00  6.283E+00
  4.607E-03  4.724E-03  1.059E-02  1.341E+00  0.000E+00  6.283E+00
  4.724E-03  4.843E-03  9.570E-03  8.716E-01  0.000E+00  6.283E+00
  4.843E-03  4.966E-03  8.692E-03  9.438E-01  0.000E+00  6.283E+00
  4.966E-03  5.220E-03  7.447E-03  5.454E-01  0.000E+00  6.283E+00
  5.220E-03  5.488E-03  6.228E-03  9.099E-01  0.000E+00  6.283E+00
  5.488E-03  5.770E-03  5.101E-03  1.271E+00  0.000E+00  6.283E+00
  5.770E-03  5.916E-03  4.711E-03  4.797E+00  0.000E+00  6.283E+00
  5.916E-03  6.065E-03  3.980E-03  1.211E+00  0.000E+00  6.283E+00
  6.065E-03  6.219E-03  3.580E-03  1.301E+00  0.000E+00  6.283E+00
  6.219E-03  6.376E-03  3.215E-03  1.494E+00  0.000E+00  6.283E+00
  6.376E-03  6.538E-03  2.946E-03  1.378E+00  0.000E+00  6.283E+00
  6.538E-03  6.592E-03  2.803E-03  3.242E+00  0.000E+00  6.283E+00
  6.592E-03  6.648E-03  2.699E-03  3.805E+00  0.000E+00  6.283E+00
  6.648E-03  6.703E-03  2.568E-03  1.863E+00  0.000E+00  6.283E+00
  6.703E-03  6.873E-03  2.518E-03  1.521E+00  0.000E+00  6.283E+00
  6.873E-03  7.047E-03  2.216E-03  1.596E+00  0.000E+00  6.283E+00
  7.047E-03  7.225E-03  2.028E-03  1.426E+00  0.000E+00  6.283E+00
  7.225E-03  7.408E-03  1.870E-03  1.650E+00  0.000E+00  6.283E+00
  7.408E-03  7.596E-03  1.700E-03  1.974E+00  0.000E+00  6.283E+00
  7.596E-03  7.788E-03  1.555E-03  2.729E+00  0.000E+00  6.283E+00
  7.788E-03  7.985E-03  1.448E-03  2.034E+00  0.000E+00  6.283E+00
  7.985E-03  8.187E-03  1.287E-03  1.758E+00  0.000E+00  6.283E+00
  8.187E-03  8.395E-03  1.215E-03  1.862E+00  0.000E+00  6.283E+00
  8.395E-03  8.607E-03  1.105E-03  2.073E+00  0.000E+00  6.283E+00
  8.607E-03  8.825E-03  1.003E-03  1.813E+00  0.000E+00  6.283E+00
  8.825E-03  9.048E-03  1.012E-03  5.396E+00  0.000E+00  6.283E+00
  9.048E-03  9.277E-03  8.646E-04  2.022E+00  0.000E+00  6.283E+00
  9.277E-03  9.512E-03  8.453E-04  2.586E+00  0.000E+00  6.283E+00
  9.512E-03  9.753E-03  7.622E-04  2.691E+00  0.000E+00  6.283E+00
  9.753E-03  1.000E-02  6.751E-04  2.397E+00  0.000E+00  6.283E+00
  1.000E-02  1.025E-02  6.352E-04  2.420E+00  0.000E+00  6.283E+00
  1.025E-02  1.051E-02  5.815E-04  2.391E+00  0.000E+00  6.283E+00
  1.051E-02  1.078E-02  5.593E-04  2.964E+00  0.000E+00  6.283E+00
  1.078E-02  1.105E-02  4.920E-04  2.404E+00  0.000E+00  6.283E+00
  1.105E-02  1.133E-02  4.795E-04  3.094E+00  0.000E+00  6.283E+00
  1.133E-02  1.162E-02  4.474E-04  5.852E+00  0.000E+00  6.283E+00
  1.162E-02  1.191E-02  3.842E-04  3.094E+00  0.000E+00  6.283E+00
  1.191E-02  1.221E-02  3.550E-04  2.759E+00  0.000E+00  6.283E+00
  1.221E-02  1.252E-02  3.423E-04  5.276E+00  0.000E+00  6.283E+00
  1.252E-02  1.284E-02  2.831E-04  3.914E+00  0.000E+00  6.283E+00
  1.284E-02  1.317E-02  2.535E-04  3.022E+00  0.000E+00  6.283E+00
  1.317E-02  1.350E-02  2.293E-04  3.461E+00  0.000E+00  6.283E+00
  1.350E-02  1.384E-02  1.908E-04  4.188E+00  0.000E+00  6.283E+00
  1.384E-02  1.419E-02  1.672E-04  4.022E+00  0.000E+00  6.283E+00
  1.419E-02  1.455E-02  1.301E-04  4.276E+00  0.000E+00  6.283E+00
  1.455E-02  1.492E-02  1.188E-04  5.132E+00  0.000E+00  6.283E+00
  1.492E-02  1.530E-02  9.282E-05  4.487E+00  0.000E+00  6.283E+00
  1.530E-02  1.568E-02  8.733E-05  8.092E+00  0.000E+00  6.283E+00
  1.568E-02  1.608E-02  6.201E-05  6.839E+00  0.000E+00  6.283E+00
  1.608E-02  1.649E-02  5.647E-05  2.211E+01  0.000E+00  6.283E+00
  1.649E-02  1.690E-02  2.399E-05  2.320E+01  0.000E+00  6.283E+00
  1.690E-02  1.733E-02  6.899E-06  1.549E+01  0.000E+00  6.283E+00
  1.733E-02  1.777E-02  4.831E-07  3.540E+01  0.000E+00  6.283E+00
  1.777E-02  1.822E-02  0.000E+00  0.000E+00  0.000E+00  6.283E+00
  1.822E-02  1.868E-02  0.000E+00  0.000E+00  0.000E+00  6.283E+00
  1.868E-02  1.916E-02  0.000E+00  0.000E+00  0.000E+00  6.283E+00
  1.916E-02  1.964E-02  0.000E+00  0.000E+00  0.000E+00  6.283E+00
  1.964E-02  2.000E-02  0.000E+00  0.000E+00  0.000E+00  6.283E+00
  2.000E-02  2.000E-02  0.000E+00  0.000E+00  0.000E+00  6.283E+00

 # Zero-Block
  9.611E-07  9.611E-07  0.000E+00  0.000E+00  6.283E+00  6.283E+00
  1.234E-06  1.234E-06  0.000E+00  0.000E+00  6.283E+00  6.283E+00
  1.364E-06  1.364E-06  0.000E+00  0.000E+00  6.283E+00  6.283E+00
  1.507E-06  1.507E-06  0.000E+00  0.000E+00  6.283E+00  6.283E+00
  1.585E-06  1.585E-06  0.000E+00  0.000E+00  6.283E+00  6.283E+00
  1.666E-06  1.666E-06  0.000E+00  0.000E+00  6.283E+00  6.283E+00
  1.841E-06  1.841E-06  0.000E+00  0.000E+00  6.283E+00  6.283E+00
  2.035E-06  2.035E-06  0.000E+00  0.000E+00  6.283E+00  6.283E+00
  2.249E-06  2.249E-06  0.000E+00  0.000E+00  6.283E+00  6.283E+00
  2.485E-06  2.485E-06  0.000E+00  0.000E+00  6.283E+00  6.283E+00
  2.613E-06  2.613E-06  0.000E+00  0.000E+00  6.283E+00  6.283E+00
  2.747E-06  2.747E-06  0.000E+00  0.000E+00  6.283E+00  6.283E+00
  2.863E-06  2.863E-06  0.000E+00  0.000E+00  6.283E+00  6.283E+00
  3.035E-06  3.035E-06  0.000E+00  0.000E+00  6.283E+00  6.283E+00
  3.355E-06  3.355E-06  0.000E+00  0.000E+00  6.283E+00  6.283E+00
  3.707E-06  3.707E-06  0.000E+00  0.000E+00  6.283E+00  6.283E+00
  4.097E-06  4.097E-06  0.000E+00  0.000E+00  6.283E+00  6.283E+00
  4.307E-06  4.307E-06  0.000E+00  0.000E+00  6.283E+00  6.283E+00
  4.528E-06  4.528E-06  0.000E+00  0.000E+00  6.283E+00  6.283E+00
  5.005E-06  5.005E-06  0.000E+00  0.000E+00  6.283E+00  6.283E+00
  5.531E-06  5.531E-06  0.000E+00  0.000E+00  6.283E+00  6.283E+00
  6.267E-06  6.267E-06  0.000E+00  0.000E+00  6.283E+00  6.283E+00
  7.102E-06  7.102E-06  0.000E+00  0.000E+00  6.283E+00  6.283E+00
  8.047E-06  8.047E-06  0.000E+00  0.000E+00  6.283E+00  6.283E+00
  9.119E-06  9.119E-06  0.000E+00  0.000E+00  6.283E+00  6.283E+00
  1.033E-05  1.033E-05  0.000E+00  0.000E+00  6.283E+00  6.283E+00
  1.171E-05  1.171E-05  0.000E+00  0.000E+00  6.283E+00  6.283E+00
  1.327E-05  1.327E-05  0.000E+00  0.000E+00  6.283E+00  6.283E+00
  1.503E-05  1.503E-05  0.000E+00  0.000E+00  6.283E+00  6.283E+00
  1.704E-05  1.704E-05  0.000E+00  0.000E+00  6.283E+00  6.283E+00
  1.930E-05  1.930E-05  0.000E+00  0.000E+00  6.283E+00  6.283E+00
  2.133E-05  2.133E-05  0.000E+00  0.000E+00  6.283E+00  6.283E+00
  2.187E-05  2.187E-05  0.000E+00  0.000E+00  6.283E+00  6.283E+00
  2.358E-05  2.358E-05  0.000E+00  0.000E+00  6.283E+00  6.283E+00
  2.418E-05  2.418E-05  0.000E+00  0.000E+00  6.283E+00  6.283E+00
  2.479E-05  2.479E-05  0.000E+00  0.000E+00  6.283E+00  6.283E+00
  2.606E-05  2.606E-05  0.000E+00  0.000E+00  6.283E+00  6.283E+00
  2.809E-05  2.809E-05  0.000E+00  0.000E+00  6.283E+00  6.283E+00
  3.183E-05  3.183E-05  0.000E+00  0.000E+00  6.283E+00  6.283E+00
  3.431E-05  3.431E-05  0.000E+00  0.000E+00  6.283E+00  6.283E+00
  3.518E-05  3.518E-05  0.000E+00  0.000E+00  6.283E+00  6.283E+00
  3.607E-05  3.607E-05  0.000E+00  0.000E+00  6.283E+00  6.283E+00
  4.087E-05  4.087E-05  0.000E+00  0.000E+00  6.283E+00  6.283E+00
  4.631E-05  4.631E-05  0.000E+00  0.000E+00  6.283E+00  6.283E+00
  5.248E-05  5.248E-05  0.000E+00  0.000E+00  6.283E+00  6.283E+00
  5.656E-05  5.656E-05  0.000E+00  0.000E+00  6.283E+00  6.283E+00
  5.946E-05  5.946E-05  0.000E+00  0.000E+00  6.283E+00  6.283E+00
  6.251E-05  6.251E-05  0.000E+00  0.000E+00  6.283E+00  6.283E+00
  6.738E-05  6.738E-05  0.000E+00  0.000E+00  6.283E+00  6.283E+00
  7.635E-05  7.635E-05  0.000E+00  0.000E+00  6.283E+00  6.283E+00
  8.652E-05  8.652E-05  0.000E+00  0.000E+00  6.283E+00  6.283E+00
  9.804E-05  9.804E-05  0.000E+00  0.000E+00  6.283E+00  6.283E+00
  1.111E-04  1.111E-04  0.000E+00  0.000E+00  6.283E+00  6.283E+00
  1.168E-04  1.168E-04  0.000E+00  0.000E+00  6.283E+00  6.283E+00
  1.228E-04  1.228E-04  0.000E+00  0.000E+00  6.283E+00  6.283E+00
  1.291E-04  1.291E-04  0.000E+00  0.000E+00  6.283E+00  6.283E+00
  1.357E-04  1.357E-04  0.000E+00  0.000E+00  6.283E+00  6.283E+00
  1.426E-04  1.426E-04  0.000E+00  0.000E+00  6.283E+00  6.283E+00
  1.500E-04  1.500E-04  0.000E+00  0.000E+00  6.283E+00  6.283E+00
  1.576E-04  1.576E-04  0.000E+00  0.000E+00  6.283E+00  6.283E+00
  1.616E-04  1.616E-04  0.000E+00  0.000E+00  6.283E+00  6.283E+00
  1.657E-04  1.657E-04  0.000E+00  0.000E+00  6.283E+00  6.283E+00
  1.699E-04  1.699E-04  0.000E+00  0.000E+00  6.283E+00  6.283E+00
  1.742E-04  1.742E-04  0.000E+00  0.000E+00  6.283E+00  6.283E+00
  1.832E-04  1.832E-04  0.000E+00  0.000E+00  6.283E+00  6.283E+00
  1.925E-04  1.925E-04  0.000E+00  0.000E+00  6.283E+00  6.283E+00
  2.024E-04  2.024E-04  0.000E+00  0.000E+00  6.283E+00  6.283E+00
  2.128E-04  2.128E-04  0.000E+00  0.000E+00  6.283E+00  6.283E+00
  2.237E-04  2.237E-04  0.000E+00  0.000E+00  6.283E+00  6.283E+00
  2.352E-04  2.352E-04  0.000E+00  0.000E+00  6.283E+00  6.283E+00
  2.472E-04  2.472E-04  0.000E+00  0.000E+00  6.283E+00  6.283E+00
  2.599E-04  2.599E-04  0.000E+00  0.000E+00  6.283E+00  6.283E+00
  2.732E-04  2.732E-04  0.000E+00  0.000E+00  6.283E+00  6.283E+00
  2.802E-04  2.802E-04  0.000E+00  0.000E+00  6.283E+00  6.283E+00
  2.872E-04  2.872E-04  0.000E+00  0.000E+00  6.283E+00  6.283E+00
  2.945E-04  2.945E-04  0.000E+00  0.000E+00  6.283E+00  6.283E+00
  3.020E-04  3.020E-04  0.000E+00  0.000E+00  6.283E+00  6.283E+00
  3.096E-04  3.096E-04  0.000E+00  0.000E+00  6.283E+00  6.283E+00
  3.175E-04  3.175E-04  0.000E+00  0.000E+00  6.283E+00  6.283E+00
  3.337E-04  3.337E-04  0.000E+00  0.000E+00  6.283E+00  6.283E+00
  3.508E-04  3.508E-04  0.000E+00  0.000E+00  6.283E+00  6.283E+00
  3.688E-04  3.688E-04  0.000E+00  0.000E+00  6.283E+00  6.283E+00
  3.877E-04  3.877E-04  0.000E+00  0.000E+00  6.283E+00  6.283E+00
  4.076E-04  4.076E-04  0.000E+00  0.000E+00  6.283E+00  6.283E+00
  4.285E-04  4.285E-04  0.000E+00  0.000E+00  6.283E+00  6.283E+00
  4.505E-04  4.505E-04  0.000E+00  0.000E+00  6.283E+00  6.283E+00
  4.736E-04  4.736E-04  0.000E+00  0.000E+00  6.283E+00  6.283E+00
  4.979E-04  4.979E-04  0.000E+00  0.000E+00  6.283E+00  6.283E+00
  5.105E-04  5.105E-04  0.000E+00  0.000E+00  6.283E+00  6.283E+00
  5.234E-04  5.234E-04  0.000E+00  0.000E+00  6.283E+00  6.283E+00
  5.366E-04  5.366E-04  0.000E+00  0.000E+00  6.283E+00  6.283E+00
  5.502E-04  5.502E-04  0.000E+00  0.000E+00  6.283E+00  6.283E+00
  5.784E-04  5.784E-04  0.000E+00  0.000E+00  6.283E+00  6.283E+00
  6.081E-04  6.081E-04  0.000E+00  0.000E+00  6.283E+00  6.283E+00
  6.393E-04  6.393E-04  0.000E+00  0.000E+00  6.283E+00  6.283E+00
  6.721E-04  6.721E-04  0.000E+00  0.000E+00  6.283E+00  6.283E+00
  7.065E-04  7.065E-04  0.000E+00  0.000E+00  6.283E+00  6.283E+00
  7.427E-04  7.427E-04  0.000E+00  0.000E+00  6.283E+00  6.283E+00
  7.808E-04  7.808E-04  0.000E+00  0.000E+00  6.283E+00  6.283E+00
  8.209E-04  8.209E-04  0.000E+00  0.000E+00  6.283E+00  6.283E+00
  8.629E-04  8.629E-04  0.000E+00  0.000E+00  6.283E+00  6.283E+00
  9.072E-04  9.072E-04  0.000E+00  0.000E+00  6.283E+00  6.283E+00
  9.537E-04  9.537E-04  0.000E+00  0.000E+00  6.283E+00  6.283E+00
  9.616E-04  9.616E-04  0.000E+00  0.000E+00  6.283E+00  6.283E+00
  9.778E-04  9.778E-04  0.000E+00  0.000E+00  6.283E+00  6.283E+00
  1.003E-03  1.003E-03  0.000E+00  0.000E+00  6.283E+00  6.283E+00
  1.054E-03  1.054E-03  0.000E+00  0.000E+00  6.283E+00  6.283E+00
  1.108E-03  1.108E-03  0.000E+00  0.000E+00  6.283E+00  6.283E+00
  1.165E-03  1.165E-03  0.000E+00  0.000E+00  6.283E+00  6.283E+00
  1.194E-03  1.194E-03  0.000E+00  0.000E+00  6.283E+00  6.283E+00
  1.225E-03  1.225E-03  0.000E+00  0.000E+00  6.283E+00  6.283E+00
  1.287E-03  1.287E-03  0.000E+00  0.000E+00  6.283E+00  6.283E+00
  1.353E-03  1.353E-03  0.000E+00  0.000E+00  6.283E+00  6.283E+00
  1.423E-03  1.423E-03  0.000E+00  0.000E+00  6.283E+00  6.283E+00
  1.496E-03  1.496E-03  0.000E+00  0.000E+00  6.283E+00  6.283E+00
  1.534E-03  1.534E-03  0.000E+00  0.000E+00  6.283E+00  6.283E+00
  1.572E-03  1.572E-03  0.000E+00  0.000E+00  6.283E+00  6.283E+00
  1.612E-03  1.612E-03  0.000E+00  0.000E+00  6.283E+00  6.283E+00
  1.653E-03  1.653E-03  0.000E+00  0.000E+00  6.283E+00  6.283E+00
  1.738E-03  1.738E-03  0.000E+00  0.000E+00  6.283E+00  6.283E+00
  1.827E-03  1.827E-03  0.000E+00  0.000E+00  6.283E+00  6.283E+00
  1.873E-03  1.873E-03  0.000E+00  0.000E+00  6.283E+00  6.283E+00
  1.920E-03  1.920E-03  0.000E+00  0.000E+00  6.283E+00  6.283E+00
  1.969E-03  1.969E-03  0.000E+00  0.000E+00  6.283E+00  6.283E+00
  2.019E-03  2.019E-03  0.000E+00  0.000E+00  6.283E+00  6.283E+00
  2.122E-03  2.122E-03  0.000E+00  0.000E+00  6.283E+00  6.283E+00
  2.231E-03  2.231E-03  0.000E+00  0.000E+00  6.283E+00  6.283E+00
  2.269E-03  2.269E-03  0.000E+00  0.000E+00  6.283E+00  6.283E+00
  2.307E-03  2.307E-03  0.000E+00  0.000E+00  6.283E+00  6.283E+00
  2.346E-03  2.346E-03  0.000E+00  0.000E+00  6.283E+00  6.283E+00
  2.365E-03  2.365E-03  0.000E+00  0.000E+00  6.283E+00  6.283E+00
  2.385E-03  2.385E-03  0.000E+00  0.000E+00  6.283E+00  6.283E+00
  2.425E-03  2.425E-03  0.000E+00  0.000E+00  6.283E+00  6.283E+00
  2.466E-03  2.466E-03  0.000E+00  0.000E+00  6.283E+00  6.283E+00
  2.592E-03  2.592E-03  0.000E+00  0.000E+00  6.283E+00  6.283E+00
  2.725E-03  2.725E-03  0.000E+00  0.000E+00  6.283E+00  6.283E+00
  2.865E-03  2.865E-03  0.000E+00  0.000E+00  6.283E+00  6.283E+00
  3.012E-03  3.012E-03  0.000E+00  0.000E+00  6.283E+00  6.283E+00
  3.088E-03  3.088E-03  0.000E+00  0.000E+00  6.283E+00  6.283E+00
  3.166E-03  3.166E-03  0.000E+00  0.000E+00  6.283E+00  6.283E+00
  3.247E-03  3.247E-03  0.000E+00  0.000E+00  6.283E+00  6.283E+00
  3.329E-03  3.329E-03  0.000E+00  0.000E+00  6.283E+00  6.283E+00
  3.499E-03  3.499E-03  0.000E+00  0.000E+00  6.283E+00  6.283E+00
  3.679E-03  3.679E-03  0.000E+00  0.000E+00  6.283E+00  6.283E+00
  3.867E-03  3.867E-03  0.000E+00  0.000E+00  6.283E+00  6.283E+00
  4.066E-03  4.066E-03  0.000E+00  0.000E+00  6.283E+00  6.283E+00
  4.274E-03  4.274E-03  0.000E+00  0.000E+00  6.283E+00  6.283E+00
  4.493E-03  4.493E-03  0.000E+00  0.000E+00  6.283E+00  6.283E+00
  4.607E-03  4.607E-03  0.000E+00  0.000E+00  6.283E+00  6.283E+00
  4.724E-03  4.724E-03  0.000E+00  0.000E+00  6.283E+00  6.283E+00
  4.843E-03  4.843E-03  0.000E+00  0.000E+00  6.283E+00  6.283E+00
  4.966E-03  4.966E-03  0.000E+00  0.000E+00  6.283E+00  6.283E+00
  5.220E-03  5.220E-03  0.000E+00  0.000E+00  6.283E+00  6.283E+00
  5.488E-03  5.488E-03  0.000E+00  0.000E+00  6.283E+00  6.283E+00
  5.770E-03  5.770E-03  0.000E+00  0.000E+00  6.283E+00  6.283E+00
  5.916E-03  5.916E-03  0.000E+00  0.000E+00  6.283E+00  6.283E+00
  6.065E-03  6.065E-03  0.000E+00  0.000E+00  6.283E+00  6.283E+00
  6.219E-03  6.219E-03  0.000E+00  0.000E+00  6.283E+00  6.283E+00
  6.376E-03  6.376E-03  0.000E+00  0.000E+00  6.283E+00  6.283E+00
  6.538E-03  6.538E-03  0.000E+00  0.000E+00  6.283E+00  6.283E+00
  6.592E-03  6.592E-03  0.000E+00  0.000E+00  6.283E+00  6.283E+00
  6.648E-03  6.648E-03  0.000E+00  0.000E+00  6.283E+00  6.283E+00
  6.703E-03  6.703E-03  0.000E+00  0.000E+00  6.283E+00  6.283E+00
  6.873E-03  6.873E-03  0.000E+00  0.000E+00  6.283E+00  6.283E+00
  7.047E-03  7.047E-03  0.000E+00  0.000E+00  6.283E+00  6.283E+00
  7.225E-03  7.225E-03  0.000E+00  0.000E+00  6.283E+00  6.283E+00
  7.408E-03  7.408E-03  0.000E+00  0.000E+00  6.283E+00  6.283E+00
  7.596E-03  7.596E-03  0.000E+00  0.000E+00  6.283E+00  6.283E+00
  7.788E-03  7.788E-03  0.000E+00  0.000E+00  6.283E+00  6.283E+00
  7.985E-03  7.985E-03  0.000E+00  0.000E+00  6.283E+00  6.283E+00
  8.187E-03  8.187E-03  0.000E+00  0.000E+00  6.283E+00  6.283E+00
  8.395E-03  8.395E-03  0.000E+00  0.000E+00  6.283E+00  6.283E+00
  8.607E-03  8.607E-03  0.000E+00  0.000E+00  6.283E+00  6.283E+00
  8.825E-03  8.825E-03  0.000E+00  0.000E+00  6.283E+00  6.283E+00
  9.048E-03  9.048E-03  0.000E+00  0.000E+00  6.283E+00  6.283E+00
  9.277E-03  9.277E-03  0.000E+00  0.000E+00  6.283E+00  6.283E+00
  9.512E-03  9.512E-03  0.000E+00  0.000E+00  6.283E+00  6.283E+00
  9.753E-03  9.753E-03  0.000E+00  0.000E+00  6.283E+00  6.283E+00
  1.000E-02  1.000E-02  0.000E+00  0.000E+00  6.283E+00  6.283E+00
  1.025E-02  1.025E-02  0.000E+00  0.000E+00  6.283E+00  6.283E+00
  1.051E-02  1.051E-02  0.000E+00  0.000E+00  6.283E+00  6.283E+00
  1.078E-02  1.078E-02  0.000E+00  0.000E+00  6.283E+00  6.283E+00
  1.105E-02  1.105E-02  0.000E+00  0.000E+00  6.283E+00  6.283E+00
  1.133E-02  1.133E-02  0.000E+00  0.000E+00  6.283E+00  6.283E+00
  1.162E-02  1.162E-02  0.000E+00  0.000E+00  6.283E+00  6.283E+00
  1.191E-02  1.191E-02  0.000E+00  0.000E+00  6.283E+00  6.283E+00
  1.221E-02  1.221E-02  0.000E+00  0.000E+00  6.283E+00  6.283E+00
  1.252E-02  1.252E-02  0.000E+00  0.000E+00  6.283E+00  6.283E+00
  1.284E-02  1.284E-02  0.000E+00  0.000E+00  6.283E+00  6.283E+00
  1.317E-02  1.317E-02  0.000E+00  0.000E+00  6.283E+00  6.283E+00
  1.350E-02  1.350E-02  0.000E+00  0.000E+00  6.283E+00  6.283E+00
  1.384E-02  1.384E-02  0.000E+00  0.000E+00  6.283E+00  6.283E+00
  1.419E-02  1.419E-02  0.000E+00  0.000E+00  6.283E+00  6.283E+00
  1.455E-02  1.455E-02  0.000E+00  0.000E+00  6.283E+00  6.283E+00
  1.492E-02  1.492E-02  0.000E+00  0.000E+00  6.283E+00  6.283E+00
  1.530E-02  1.530E-02  0.000E+00  0.000E+00  6.283E+00  6.283E+00
  1.568E-02  1.568E-02  0.000E+00  0.000E+00  6.283E+00  6.283E+00
  1.608E-02  1.608E-02  0.000E+00  0.000E+00  6.283E+00  6.283E+00
  1.649E-02  1.649E-02  0.000E+00  0.000E+00  6.283E+00  6.283E+00
  1.690E-02  1.690E-02  0.000E+00  0.000E+00  6.283E+00  6.283E+00
  1.733E-02  1.733E-02  0.000E+00  0.000E+00  6.283E+00  6.283E+00
  1.777E-02  1.777E-02  0.000E+00  0.000E+00  6.283E+00  6.283E+00
  1.822E-02  1.822E-02  0.000E+00  0.000E+00  6.283E+00  6.283E+00
  1.868E-02  1.868E-02  0.000E+00  0.000E+00  6.283E+00  6.283E+00
  1.916E-02  1.916E-02  0.000E+00  0.000E+00  6.283E+00  6.283E+00
  1.964E-02  1.964E-02  0.000E+00  0.000E+00  6.283E+00  6.283E+00
  2.000E-02  2.000E-02  0.000E+00  0.000E+00  6.283E+00  6.283E+00
