1NUMBER OF BEAM       NUMBER OF BEAM        APPROXIMATE NUMBER    AVERAGE TIME USED     TIME LEFT (RESERVED   NUMBER OF STARS
 PARTICLES HANDLED    PARTICLES LEFT        OF BEAM PARTICLES     BY A BEAM PARTICLE     10000.0 SECONDS      CREATED
                                            THAT CAN STILL BE                           FOR PRINTOUT)
                                            HANDLED

 NEXT SEEDS:2F252E1F     1CD       0       0       0       0    B26F      7B       0       0
          1             299999999             299999999             6.1035156E-05         1.0000000E+30                 0       
 NEXT SEEDS:2F252E26     1CD       0       0       0       0    B26F      7B       0       0
    6000000             294000000             294000000             4.3494229E-05         1.0000000E+30             19818       
 NEXT SEEDS:385763AD     1CE       0       0       0       0    B26F      7B       0       0
   12000000             288000000             288000000             4.4050902E-05         1.0000000E+30             39938       
 NEXT SEEDS: 5F26E6B     1D0       0       0       0       0    B26F      7B       0       0
   18000000             282000000             282000000             4.3849439E-05         1.0000000E+30             60078       
 NEXT SEEDS: F2EB5CC     1D1       0       0       0       0    B26F      7B       0       0
   24000000             276000000             276000000             4.3834777E-05         1.0000000E+30             80034       
 NEXT SEEDS:1864F22B     1D2       0       0       0       0    B26F      7B       0       0
   30000000             270000000             270000000             4.3806986E-05         1.0000000E+30            100188       
 NEXT SEEDS:219D4509     1D3       0       0       0       0    B26F      7B       0       0
   36000000             264000000             264000000             4.3813808E-05         1.0000000E+30            120038       
 NEXT SEEDS:2AD3489C     1D4       0       0       0       0    B26F      7B       0       0
   42000000             258000000             258000000             4.3819530E-05         1.0000000E+30            140115       
 NEXT SEEDS:340A59FA     1D5       0       0       0       0    B26F      7B       0       0
  *** Rcfset:kprin,bfcmax,epat00,ppat00,ravpot           1 -0.12363111822714279       0.94259750990189195        9.0194999642503729E-002   12.440777676959296     
  ***RCFSET:EPAT00,VCOUMX,AM(KPRIN),KPRIN  0.94259750990189195        4.4748232447352756E-003  0.93827231000000000                1
   48000000             252000000             252000000             4.3797882E-05         1.0000000E+30            160174       
 NEXT SEEDS: 1A7C376     1D7       0       0       0       0    B26F      7B       0       0
   54000000             246000000             246000000             4.3755922E-05         1.0000000E+30            180205       
 NEXT SEEDS: ADE0FB0     1D8       0       0       0       0    B26F      7B       0       0
   60000000             240000000             240000000             4.3767081E-05         1.0000000E+30            200352       
 NEXT SEEDS:14155D19     1D9       0       0       0       0    B26F      7B       0       0
   66000000             234000000             234000000             4.3748794E-05         1.0000000E+30            220090       
 NEXT SEEDS:1D47558D     1DA       0       0       0       0    B26F      7B       0       0
   72000000             228000000             228000000             4.3688300E-05         1.0000000E+30            240250       
 NEXT SEEDS:2682E3CF     1DB       0       0       0       0    B26F      7B       0       0
   78000000             222000000             222000000             4.3686573E-05         1.0000000E+30            260078       
 NEXT SEEDS:2FB29855     1DC       0       0       0       0    B26F      7B       0       0
   84000000             216000000             216000000             4.3656456E-05         1.0000000E+30            280117       
 NEXT SEEDS:38E8E890     1DD       0       0       0       0    B26F      7B       0       0
   90000000             210000000             210000000             4.3657419E-05         1.0000000E+30            300124       
 NEXT SEEDS: 681A6FF     1DF       0       0       0       0    B26F      7B       0       0
   96000000             204000000             204000000             4.3609283E-05         1.0000000E+30            319992       
 NEXT SEEDS: FBA6828     1E0       0       0       0       0    B26F      7B       0       0
  102000000             198000000             198000000             4.3619590E-05         1.0000000E+30            339852       
 NEXT SEEDS:18EEA54C     1E1       0       0       0       0    B26F      7B       0       0
  108000000             192000000             192000000             4.3629254E-05         1.0000000E+30            359644       
 NEXT SEEDS:22236EB5     1E2       0       0       0       0    B26F      7B       0       0
  114000000             186000000             186000000             4.3632701E-05         1.0000000E+30            379263       
 NEXT SEEDS:2B4B1CA2     1E3       0       0       0       0    B26F      7B       0       0
  120000000             180000000             180000000             4.3669258E-05         1.0000000E+30            399059       
 NEXT SEEDS:347F02A6     1E4       0       0       0       0    B26F      7B       0       0
  126000000             174000000             174000000             4.3692460E-05         1.0000000E+30            419118       
 NEXT SEEDS: 2198FFE     1E6       0       0       0       0    B26F      7B       0       0
  132000000             168000000             168000000             4.3677886E-05         1.0000000E+30            439132       
 NEXT SEEDS: B534020     1E7       0       0       0       0    B26F      7B       0       0
  138000000             162000000             162000000             4.3762076E-05         1.0000000E+30            459358       
 NEXT SEEDS:14864760     1E8       0       0       0       0    B26F      7B       0       0
  144000000             156000000             156000000             4.3743001E-05         1.0000000E+30            479360       
 NEXT SEEDS:1DB923DE     1E9       0       0       0       0    B26F      7B       0       0
  150000000             150000000             150000000             4.3733203E-05         1.0000000E+30            499380       
 NEXT SEEDS:26F4077B     1EA       0       0       0       0    B26F      7B       0       0
  156000000             144000000             144000000             4.3728963E-05         1.0000000E+30            519124       
 NEXT SEEDS:30275DC3     1EB       0       0       0       0    B26F      7B       0       0
  162000000             138000000             138000000             4.3717800E-05         1.0000000E+30            539163       
 NEXT SEEDS:395B73B1     1EC       0       0       0       0    B26F      7B       0       0
  168000000             132000000             132000000             4.3708830E-05         1.0000000E+30            559263       
 NEXT SEEDS: 6F31190     1EE       0       0       0       0    B26F      7B       0       0
  174000000             126000000             126000000             4.3698944E-05         1.0000000E+30            579271       
 NEXT SEEDS:1029CF25     1EF       0       0       0       0    B26F      7B       0       0
  180000000             120000000             120000000             4.3697960E-05         1.0000000E+30            599262       
 NEXT SEEDS:195EC30F     1F0       0       0       0       0    B26F      7B       0       0
  186000000             114000000             114000000             4.3680417E-05         1.0000000E+30            619251       
 NEXT SEEDS:2295FB21     1F1       0       0       0       0    B26F      7B       0       0
  192000000             108000000             108000000             4.3672645E-05         1.0000000E+30            638880       
 NEXT SEEDS:2BC33B43     1F2       0       0       0       0    B26F      7B       0       0
  198000000             102000000             102000000             4.3666620E-05         1.0000000E+30            659061       
 NEXT SEEDS:3505427E     1F3       0       0       0       0    B26F      7B       0       0
  204000000              96000000              96000000             4.3672356E-05         1.0000000E+30            679061       
 NEXT SEEDS: 2A2A209     1F5       0       0       0       0    B26F      7B       0       0
  210000000              90000000              90000000             4.3674626E-05         1.0000000E+30            698809       
 NEXT SEEDS: BCFC531     1F6       0       0       0       0    B26F      7B       0       0
  216000000              84000000              84000000             4.3712201E-05         1.0000000E+30            718855       
 NEXT SEEDS:150A7038     1F7       0       0       0       0    B26F      7B       0       0
  222000000              78000000              78000000             4.3778542E-05         1.0000000E+30            738866       
 NEXT SEEDS:1E45F59F     1F8       0       0       0       0    B26F      7B       0       0
  228000000              72000000              72000000             4.3828136E-05         1.0000000E+30            758389       
 NEXT SEEDS:27779774     1F9       0       0       0       0    B26F      7B       0       0
  234000000              66000000              66000000             4.3877231E-05         1.0000000E+30            778570       
 NEXT SEEDS:30B16745     1FA       0       0       0       0    B26F      7B       0       0
  240000000              60000000              60000000             4.3922455E-05         1.0000000E+30            798518       
 NEXT SEEDS:39E29DBF     1FB       0       0       0       0    B26F      7B       0       0
  246000000              54000000              54000000             4.3978446E-05         1.0000000E+30            818453       
 NEXT SEEDS: 77F1843     1FD       0       0       0       0    B26F      7B       0       0
  252000000              48000000              48000000             4.4025846E-05         1.0000000E+30            838321       
 NEXT SEEDS:10B7B9E6     1FE       0       0       0       0    B26F      7B       0       0
  258000000              42000000              42000000             4.4105096E-05         1.0000000E+30            858023       
 NEXT SEEDS:19EA51D4     1FF       0       0       0       0    B26F      7B       0       0
  264000000              36000000              36000000             4.4171899E-05         1.0000000E+30            877938       
 NEXT SEEDS:231DD357     200       0       0       0       0    B26F      7B       0       0
  270000000              30000000              30000000             4.4212032E-05         1.0000000E+30            897879       
 NEXT SEEDS:2C5577A6     201       0       0       0       0    B26F      7B       0       0
  276000000              24000000              24000000             4.4235643E-05         1.0000000E+30            918214       
 NEXT SEEDS:35926E06     202       0       0       0       0    B26F      7B       0       0
  282000000              18000000              18000000             4.4257658E-05         1.0000000E+30            938099       
 NEXT SEEDS: 32D48E4     204       0       0       0       0    B26F      7B       0       0
  288000000              12000000              12000000             4.4272259E-05         1.0000000E+30            957757       
 NEXT SEEDS: C5D840B     205       0       0       0       0    B26F      7B       0       0
  294000000               6000000               6000000             4.4294588E-05         1.0000000E+30            978001       
 NEXT SEEDS:1598677A     206       0       0       0       0    B26F      7B       0       0
  299999950                    50                    50             4.4306526E-05         1.0000000E+30            998143       
 NEXT SEEDS:1ED020F9     207       0       0       0       0    B26F      7B       0       0
  299999951                    49                    49             4.4306526E-05         1.0000000E+30            998143       
 NEXT SEEDS:1ED021BF     207       0       0       0       0    B26F      7B       0       0
  299999952                    48                    48             4.4306526E-05         1.0000000E+30            998143       
 NEXT SEEDS:1ED022A2     207       0       0       0       0    B26F      7B       0       0
  299999953                    47                    47             4.4306525E-05         1.0000000E+30            998143       
 NEXT SEEDS:1ED022A9     207       0       0       0       0    B26F      7B       0       0
  299999954                    46                    46             4.4306525E-05         1.0000000E+30            998143       
 NEXT SEEDS:1ED02376     207       0       0       0       0    B26F      7B       0       0
  299999955                    45                    45             4.4306528E-05         1.0000000E+30            998143       
 NEXT SEEDS:1ED027A5     207       0       0       0       0    B26F      7B       0       0
  299999956                    44                    44             4.4306528E-05         1.0000000E+30            998143       
 NEXT SEEDS:1ED02881     207       0       0       0       0    B26F      7B       0       0
  299999957                    43                    43             4.4306528E-05         1.0000000E+30            998143       
 NEXT SEEDS:1ED0295B     207       0       0       0       0    B26F      7B       0       0
  299999958                    42                    42             4.4306528E-05         1.0000000E+30            998143       
 NEXT SEEDS:1ED02A36     207       0       0       0       0    B26F      7B       0       0
  299999959                    41                    41             4.4306531E-05         1.0000000E+30            998143       
 NEXT SEEDS:1ED02B1B     207       0       0       0       0    B26F      7B       0       0
  299999960                    40                    40             4.4306531E-05         1.0000000E+30            998143       
 NEXT SEEDS:1ED02B22     207       0       0       0       0    B26F      7B       0       0
  299999961                    39                    39             4.4306531E-05         1.0000000E+30            998143       
 NEXT SEEDS:1ED02BF6     207       0       0       0       0    B26F      7B       0       0
  299999962                    38                    38             4.4306531E-05         1.0000000E+30            998143       
 NEXT SEEDS:1ED02CC0     207       0       0       0       0    B26F      7B       0       0
  299999963                    37                    37             4.4306530E-05         1.0000000E+30            998143       
 NEXT SEEDS:1ED02E0A     207       0       0       0       0    B26F      7B       0       0
  299999964                    36                    36             4.4306530E-05         1.0000000E+30            998143       
 NEXT SEEDS:1ED02EDC     207       0       0       0       0    B26F      7B       0       0
  299999965                    35                    35             4.4306533E-05         1.0000000E+30            998143       
 NEXT SEEDS:1ED02FBA     207       0       0       0       0    B26F      7B       0       0
  299999966                    34                    34             4.4306533E-05         1.0000000E+30            998143       
 NEXT SEEDS:1ED03094     207       0       0       0       0    B26F      7B       0       0
  299999967                    33                    33             4.4306533E-05         1.0000000E+30            998143       
 NEXT SEEDS:1ED03168     207       0       0       0       0    B26F      7B       0       0
  299999968                    32                    32             4.4306533E-05         1.0000000E+30            998143       
 NEXT SEEDS:1ED0323D     207       0       0       0       0    B26F      7B       0       0
  299999969                    31                    31             4.4306533E-05         1.0000000E+30            998143       
 NEXT SEEDS:1ED0331D     207       0       0       0       0    B26F      7B       0       0
  299999970                    30                    30             4.4306533E-05         1.0000000E+30            998143       
 NEXT SEEDS:1ED03326     207       0       0       0       0    B26F      7B       0       0
  299999971                    29                    29             4.4306536E-05         1.0000000E+30            998143       
 NEXT SEEDS:1ED03400     207       0       0       0       0    B26F      7B       0       0
  299999972                    28                    28             4.4306536E-05         1.0000000E+30            998143       
 NEXT SEEDS:1ED034E2     207       0       0       0       0    B26F      7B       0       0
  299999973                    27                    27             4.4306535E-05         1.0000000E+30            998143       
 NEXT SEEDS:1ED035DC     207       0       0       0       0    B26F      7B       0       0
  299999974                    26                    26             4.4306535E-05         1.0000000E+30            998143       
 NEXT SEEDS:1ED036A6     207       0       0       0       0    B26F      7B       0       0
  299999975                    25                    25             4.4306535E-05         1.0000000E+30            998143       
 NEXT SEEDS:1ED036AD     207       0       0       0       0    B26F      7B       0       0
  299999976                    24                    24             4.4306538E-05         1.0000000E+30            998143       
 NEXT SEEDS:1ED03789     207       0       0       0       0    B26F      7B       0       0
  299999977                    23                    23             4.4306538E-05         1.0000000E+30            998143       
 NEXT SEEDS:1ED0385D     207       0       0       0       0    B26F      7B       0       0
  299999978                    22                    22             4.4306538E-05         1.0000000E+30            998143       
 NEXT SEEDS:1ED0392D     207       0       0       0       0    B26F      7B       0       0
  299999979                    21                    21             4.4306538E-05         1.0000000E+30            998143       
 NEXT SEEDS:1ED03978     207       0       0       0       0    B26F      7B       0       0
  299999980                    20                    20             4.4306538E-05         1.0000000E+30            998143       
 NEXT SEEDS:1ED03A4E     207       0       0       0       0    B26F      7B       0       0
  299999981                    19                    19             4.4306538E-05         1.0000000E+30            998143       
 NEXT SEEDS:1ED03B0C     207       0       0       0       0    B26F      7B       0       0
  299999982                    18                    18             4.4306541E-05         1.0000000E+30            998143       
 NEXT SEEDS:1ED03BDE     207       0       0       0       0    B26F      7B       0       0
  299999983                    17                    17             4.4306541E-05         1.0000000E+30            998143       
 NEXT SEEDS:1ED03BE5     207       0       0       0       0    B26F      7B       0       0
  299999984                    16                    16             4.4306540E-05         1.0000000E+30            998143       
 NEXT SEEDS:1ED03CDF     207       0       0       0       0    B26F      7B       0       0
  299999985                    15                    15             4.4306540E-05         1.0000000E+30            998143       
 NEXT SEEDS:1ED03DC1     207       0       0       0       0    B26F      7B       0       0
  299999986                    14                    14             4.4306540E-05         1.0000000E+30            998143       
 NEXT SEEDS:1ED03E91     207       0       0       0       0    B26F      7B       0       0
  299999987                    13                    13             4.4306540E-05         1.0000000E+30            998143       
 NEXT SEEDS:1ED03F77     207       0       0       0       0    B26F      7B       0       0
  299999988                    12                    12             4.4306543E-05         1.0000000E+30            998143       
 NEXT SEEDS:1ED04048     207       0       0       0       0    B26F      7B       0       0
  299999989                    11                    11             4.4306543E-05         1.0000000E+30            998143       
 NEXT SEEDS:1ED0410C     207       0       0       0       0    B26F      7B       0       0
  299999990                    10                    10             4.4306543E-05         1.0000000E+30            998143       
 NEXT SEEDS:1ED041EC     207       0       0       0       0    B26F      7B       0       0
  299999991                     9                     9             4.4306543E-05         1.0000000E+30            998143       
 NEXT SEEDS:1ED042C4     207       0       0       0       0    B26F      7B       0       0
  299999992                     8                     8             4.4306542E-05         1.0000000E+30            998143       
 NEXT SEEDS:1ED04370     207       0       0       0       0    B26F      7B       0       0
  299999993                     7                     7             4.4306542E-05         1.0000000E+30            998143       
 NEXT SEEDS:1ED0443E     207       0       0       0       0    B26F      7B       0       0
  299999994                     6                     6             4.4306542E-05         1.0000000E+30            998143       
 NEXT SEEDS:1ED04508     207       0       0       0       0    B26F      7B       0       0
  299999995                     5                     5             4.4306542E-05         1.0000000E+30            998143       
 NEXT SEEDS:1ED04511     207       0       0       0       0    B26F      7B       0       0
  299999996                     4                     4             4.4306542E-05         1.0000000E+30            998143       
 NEXT SEEDS:1ED04518     207       0       0       0       0    B26F      7B       0       0
  299999997                     3                     3             4.4306542E-05         1.0000000E+30            998143       
 NEXT SEEDS:1ED045F8     207       0       0       0       0    B26F      7B       0       0
  299999998                     2                     2             4.4306542E-05         1.0000000E+30            998143       
 NEXT SEEDS:1ED046D1     207       0       0       0       0    B26F      7B       0       0
  299999999                     1                     1             4.4306541E-05         1.0000000E+30            998143       
 NEXT SEEDS:1ED047A4     207       0       0       0       0    B26F      7B       0       0
  300000000                     0                     1             4.4306541E-05         1.0000000E+30            998143       
 NEXT SEEDS:1ED047AB     207       0       0       0       0    B26F      7B       0       0
