1NUMBER OF BEAM       NUMBER OF BEAM        APPROXIMATE NUMBER    AVERAGE TIME USED     TIME LEFT (RESERVED   NUMBER OF STARS
 PARTICLES HANDLED    PARTICLES LEFT        OF BEAM PARTICLES     BY A BEAM PARTICLE     10000.0 SECONDS      CREATED
                                            THAT CAN STILL BE                           FOR PRINTOUT)
                                            HANDLED

 NEXT SEEDS:24F5D341     120       0       0       0       0    B272      7B       0       0
          1             299999999             299999999             1.5687943E-04         1.0000000E+30                 0       
 NEXT SEEDS:24F5D418     120       0       0       0       0    B272      7B       0       0
    6000000             294000000             294000000             4.4242766E-05         1.0000000E+30             20202       
 NEXT SEEDS:2E3069AA     121       0       0       0       0    B272      7B       0       0
   12000000             288000000             288000000             4.4485025E-05         1.0000000E+30             40271       
 NEXT SEEDS:3769B842     122       0       0       0       0    B272      7B       0       0
   18000000             282000000             282000000             4.4529103E-05         1.0000000E+30             60308       
 NEXT SEEDS: 5061599     124       0       0       0       0    B272      7B       0       0
   24000000             276000000             276000000             4.4350647E-05         1.0000000E+30             80475       
 NEXT SEEDS: E3C14C7     125       0       0       0       0    B272      7B       0       0
   30000000             270000000             270000000             4.4404520E-05         1.0000000E+30            100392       
 NEXT SEEDS:1771E3B0     126       0       0       0       0    B272      7B       0       0
   36000000             264000000             264000000             4.4386251E-05         1.0000000E+30            120557       
 NEXT SEEDS:20A97888     127       0       0       0       0    B272      7B       0       0
   42000000             258000000             258000000             4.4499244E-05         1.0000000E+30            140562       
 NEXT SEEDS:29D8A011     128       0       0       0       0    B272      7B       0       0
   48000000             252000000             252000000             4.4552976E-05         1.0000000E+30            160495       
 NEXT SEEDS:330CEE64     129       0       0       0       0    B272      7B       0       0
   54000000             246000000             246000000             4.4574895E-05         1.0000000E+30            180462       
 NEXT SEEDS:  A7BDB9     12B       0       0       0       0    B272      7B       0       0
   60000000             240000000             240000000             4.4571267E-05         1.0000000E+30            200622       
 NEXT SEEDS: 9E24CDC     12C       0       0       0       0    B272      7B       0       0
   66000000             234000000             234000000             4.4674329E-05         1.0000000E+30            220276       
 NEXT SEEDS:1312D46B     12D       0       0       0       0    B272      7B       0       0
   72000000             228000000             228000000             4.4675756E-05         1.0000000E+30            240202       
 NEXT SEEDS:1C453591     12E       0       0       0       0    B272      7B       0       0
   78000000             222000000             222000000             4.4570060E-05         1.0000000E+30            260251       
 NEXT SEEDS:2577E3EC     12F       0       0       0       0    B272      7B       0       0
   84000000             216000000             216000000             4.4497685E-05         1.0000000E+30            280353       
 NEXT SEEDS:2EAA8B09     130       0       0       0       0    B272      7B       0       0
   90000000             210000000             210000000             4.4459487E-05         1.0000000E+30            300222       
 NEXT SEEDS:37E1C768     131       0       0       0       0    B272      7B       0       0
   96000000             204000000             204000000             4.4403784E-05         1.0000000E+30            320033       
 NEXT SEEDS: 578A5FA     133       0       0       0       0    B272      7B       0       0
  102000000             198000000             198000000             4.4375346E-05         1.0000000E+30            339919       
 NEXT SEEDS: EAE5D5D     134       0       0       0       0    B272      7B       0       0
  108000000             192000000             192000000             4.4430249E-05         1.0000000E+30            359916       
 NEXT SEEDS:17E97D0F     135       0       0       0       0    B272      7B       0       0
  *** Rcfset:kprin,bfcmax,epat00,ppat00,ravpot           1 -0.10315541608418566       0.94267797865027958        9.1032102686035121E-002   12.440777676959296     
  ***RCFSET:EPAT00,VCOUMX,AM(KPRIN),KPRIN  0.94267797865027958        4.4751507834014910E-003  0.93827231000000000                1
  114000000             186000000             186000000             4.4609333E-05         1.0000000E+30            379821       
 NEXT SEEDS:211E93E9     136       0       0       0       0    B272      7B       0       0
  120000000             180000000             180000000             4.4727662E-05         1.0000000E+30            399891       
 NEXT SEEDS:2A5D66FF     137       0       0       0       0    B272      7B       0       0
  126000000             174000000             174000000             4.4837578E-05         1.0000000E+30            419920       
 NEXT SEEDS:33935CE0     138       0       0       0       0    B272      7B       0       0
  132000000             168000000             168000000             4.4941455E-05         1.0000000E+30            439782       
 NEXT SEEDS: 129F0D0     13A       0       0       0       0    B272      7B       0       0
  *** Rcfset:kprin,bfcmax,epat00,ppat00,ravpot           1  -3.6689392320724101E-002  0.94296114851660540        9.3919113597921808E-002   12.440777676959296     
  138000000             162000000             162000000             4.5035812E-05         1.0000000E+30            459776       
 NEXT SEEDS: A607639     13B       0       0       0       0    B272      7B       0       0
  144000000             156000000             156000000             4.5084379E-05         1.0000000E+30            479712       
 NEXT SEEDS:139504DE     13C       0       0       0       0    B272      7B       0       0
  150000000             150000000             150000000             4.5161003E-05         1.0000000E+30            499656       
 NEXT SEEDS:1CC4D532     13D       0       0       0       0    B272      7B       0       0
  156000000             144000000             144000000             4.5244558E-05         1.0000000E+30            519523       
 NEXT SEEDS:25F52924     13E       0       0       0       0    B272      7B       0       0
  162000000             138000000             138000000             4.5314101E-05         1.0000000E+30            539661       
 NEXT SEEDS:2F2E1CD6     13F       0       0       0       0    B272      7B       0       0
  168000000             132000000             132000000             4.5370417E-05         1.0000000E+30            559576       
 NEXT SEEDS:3864A6F3     140       0       0       0       0    B272      7B       0       0
  174000000             126000000             126000000             4.5407898E-05         1.0000000E+30            579524       
 NEXT SEEDS: 5FD10AB     142       0       0       0       0    B272      7B       0       0
  180000000             120000000             120000000             4.5468477E-05         1.0000000E+30            599480       
 NEXT SEEDS: F2CEA5A     143       0       0       0       0    B272      7B       0       0
  186000000             114000000             114000000             4.5482375E-05         1.0000000E+30            619694       
 NEXT SEEDS:18687468     144       0       0       0       0    B272      7B       0       0
  192000000             108000000             108000000             4.5501374E-05         1.0000000E+30            639880       
 NEXT SEEDS:219E08A2     145       0       0       0       0    B272      7B       0       0
  198000000             102000000             102000000             4.5546121E-05         1.0000000E+30            660057       
 NEXT SEEDS:2AD54CDD     146       0       0       0       0    B272      7B       0       0
  204000000              96000000              96000000             4.5603272E-05         1.0000000E+30            680154       
 NEXT SEEDS:340EEE59     147       0       0       0       0    B272      7B       0       0
  210000000              90000000              90000000             4.5663617E-05         1.0000000E+30            700036       
 NEXT SEEDS: 1A7798F     149       0       0       0       0    B272      7B       0       0
  216000000              84000000              84000000             4.5715988E-05         1.0000000E+30            719927       
 NEXT SEEDS: AD77FA4     14A       0       0       0       0    B272      7B       0       0
  222000000              78000000              78000000             4.5763510E-05         1.0000000E+30            739859       
 NEXT SEEDS:140866AC     14B       0       0       0       0    B272      7B       0       0
  228000000              72000000              72000000             4.5789526E-05         1.0000000E+30            759820       
 NEXT SEEDS:1D3F8F75     14C       0       0       0       0    B272      7B       0       0
  234000000              66000000              66000000             4.5821740E-05         1.0000000E+30            780060       
 NEXT SEEDS:267FD287     14D       0       0       0       0    B272      7B       0       0
  240000000              60000000              60000000             4.5865955E-05         1.0000000E+30            800236       
 NEXT SEEDS:2FBC9EED     14E       0       0       0       0    B272      7B       0       0
  246000000              54000000              54000000             4.5873178E-05         1.0000000E+30            819998       
 NEXT SEEDS:38ED3828     14F       0       0       0       0    B272      7B       0       0
  252000000              48000000              48000000             4.5900910E-05         1.0000000E+30            840127       
 NEXT SEEDS: 689C468     151       0       0       0       0    B272      7B       0       0
  258000000              42000000              42000000             4.5904100E-05         1.0000000E+30            859891       
 NEXT SEEDS: FC30EF8     152       0       0       0       0    B272      7B       0       0
  264000000              36000000              36000000             4.5915465E-05         1.0000000E+30            879733       
 NEXT SEEDS:18F881DB     153       0       0       0       0    B272      7B       0       0
  270000000              30000000              30000000             4.5936896E-05         1.0000000E+30            899880       
 NEXT SEEDS:223373F6     154       0       0       0       0    B272      7B       0       0
  276000000              24000000              24000000             4.5950458E-05         1.0000000E+30            919854       
 NEXT SEEDS:2B7132E3     155       0       0       0       0    B272      7B       0       0
  282000000              18000000              18000000             4.5968477E-05         1.0000000E+30            939692       
 NEXT SEEDS:34A3A397     156       0       0       0       0    B272      7B       0       0
  288000000              12000000              12000000             4.5977333E-05         1.0000000E+30            959629       
 NEXT SEEDS: 23E6B4C     158       0       0       0       0    B272      7B       0       0
  294000000               6000000               6000000             4.5997801E-05         1.0000000E+30            979532       
 NEXT SEEDS: B72B7CE     159       0       0       0       0    B272      7B       0       0
  299999950                    50                    50             4.6013996E-05         1.0000000E+30            999533       
 NEXT SEEDS:14AAB111     15A       0       0       0       0    B272      7B       0       0
  299999951                    49                    49             4.6013999E-05         1.0000000E+30            999533       
 NEXT SEEDS:14AAB1D9     15A       0       0       0       0    B272      7B       0       0
  299999952                    48                    48             4.6013999E-05         1.0000000E+30            999533       
 NEXT SEEDS:14AAB2AE     15A       0       0       0       0    B272      7B       0       0
  299999953                    47                    47             4.6013998E-05         1.0000000E+30            999533       
 NEXT SEEDS:14AAB382     15A       0       0       0       0    B272      7B       0       0
  299999954                    46                    46             4.6013998E-05         1.0000000E+30            999533       
 NEXT SEEDS:14AAB453     15A       0       0       0       0    B272      7B       0       0
  299999955                    45                    45             4.6013998E-05         1.0000000E+30            999533       
 NEXT SEEDS:14AAB45A     15A       0       0       0       0    B272      7B       0       0
  299999956                    44                    44             4.6013998E-05         1.0000000E+30            999533       
 NEXT SEEDS:14AAB530     15A       0       0       0       0    B272      7B       0       0
  299999957                    43                    43             4.6014001E-05         1.0000000E+30            999533       
 NEXT SEEDS:14AAB539     15A       0       0       0       0    B272      7B       0       0
  299999958                    42                    42             4.6014001E-05         1.0000000E+30            999533       
 NEXT SEEDS:14AAB610     15A       0       0       0       0    B272      7B       0       0
  299999959                    41                    41             4.6014001E-05         1.0000000E+30            999533       
 NEXT SEEDS:14AAB6E5     15A       0       0       0       0    B272      7B       0       0
  299999960                    40                    40             4.6014001E-05         1.0000000E+30            999533       
 NEXT SEEDS:14AAB7BE     15A       0       0       0       0    B272      7B       0       0
  299999961                    39                    39             4.6014001E-05         1.0000000E+30            999533       
 NEXT SEEDS:14AAB7C7     15A       0       0       0       0    B272      7B       0       0
  299999962                    38                    38             4.6014000E-05         1.0000000E+30            999533       
 NEXT SEEDS:14AAB8A7     15A       0       0       0       0    B272      7B       0       0
  299999963                    37                    37             4.6014003E-05         1.0000000E+30            999533       
 NEXT SEEDS:14AAB988     15A       0       0       0       0    B272      7B       0       0
  299999964                    36                    36             4.6014003E-05         1.0000000E+30            999533       
 NEXT SEEDS:14AABA48     15A       0       0       0       0    B272      7B       0       0
  299999965                    35                    35             4.6014003E-05         1.0000000E+30            999533       
 NEXT SEEDS:14AABB2B     15A       0       0       0       0    B272      7B       0       0
  299999966                    34                    34             4.6014003E-05         1.0000000E+30            999533       
 NEXT SEEDS:14AABC04     15A       0       0       0       0    B272      7B       0       0
  299999967                    33                    33             4.6014003E-05         1.0000000E+30            999533       
 NEXT SEEDS:14AABCD7     15A       0       0       0       0    B272      7B       0       0
  299999968                    32                    32             4.6014003E-05         1.0000000E+30            999533       
 NEXT SEEDS:14AABDA9     15A       0       0       0       0    B272      7B       0       0
  299999969                    31                    31             4.6014006E-05         1.0000000E+30            999533       
 NEXT SEEDS:14AABE6F     15A       0       0       0       0    B272      7B       0       0
  299999970                    30                    30             4.6014006E-05         1.0000000E+30            999533       
 NEXT SEEDS:14AABE76     15A       0       0       0       0    B272      7B       0       0
  299999971                    29                    29             4.6014005E-05         1.0000000E+30            999533       
 NEXT SEEDS:14AABF40     15A       0       0       0       0    B272      7B       0       0
  299999972                    28                    28             4.6014005E-05         1.0000000E+30            999533       
 NEXT SEEDS:14AAC00E     15A       0       0       0       0    B272      7B       0       0
  299999973                    27                    27             4.6014005E-05         1.0000000E+30            999533       
 NEXT SEEDS:14AAC0D5     15A       0       0       0       0    B272      7B       0       0
  299999974                    26                    26             4.6014005E-05         1.0000000E+30            999533       
 NEXT SEEDS:14AAC1A9     15A       0       0       0       0    B272      7B       0       0
  299999975                    25                    25             4.6014005E-05         1.0000000E+30            999533       
 NEXT SEEDS:14AAC271     15A       0       0       0       0    B272      7B       0       0
  299999976                    24                    24             4.6014005E-05         1.0000000E+30            999533       
 NEXT SEEDS:14AAC278     15A       0       0       0       0    B272      7B       0       0
  299999977                    23                    23             4.6014005E-05         1.0000000E+30            999533       
 NEXT SEEDS:14AAC27F     15A       0       0       0       0    B272      7B       0       0
  299999978                    22                    22             4.6014004E-05         1.0000000E+30            999533       
 NEXT SEEDS:14AAC36A     15A       0       0       0       0    B272      7B       0       0
  299999979                    21                    21             4.6014004E-05         1.0000000E+30            999533       
 NEXT SEEDS:14AAC371     15A       0       0       0       0    B272      7B       0       0
  299999980                    20                    20             4.6014004E-05         1.0000000E+30            999533       
 NEXT SEEDS:14AAC44A     15A       0       0       0       0    B272      7B       0       0
  299999981                    19                    19             4.6014004E-05         1.0000000E+30            999533       
 NEXT SEEDS:14AAC519     15A       0       0       0       0    B272      7B       0       0
  299999982                    18                    18             4.6014004E-05         1.0000000E+30            999533       
 NEXT SEEDS:14AAC600     15A       0       0       0       0    B272      7B       0       0
  299999983                    17                    17             4.6014004E-05         1.0000000E+30            999533       
 NEXT SEEDS:14AAC700     15A       0       0       0       0    B272      7B       0       0
  299999984                    16                    16             4.6014003E-05         1.0000000E+30            999533       
 NEXT SEEDS:14AAC7C8     15A       0       0       0       0    B272      7B       0       0
  299999985                    15                    15             4.6014003E-05         1.0000000E+30            999533       
 NEXT SEEDS:14AAC88A     15A       0       0       0       0    B272      7B       0       0
  299999986                    14                    14             4.6014003E-05         1.0000000E+30            999533       
 NEXT SEEDS:14AAC962     15A       0       0       0       0    B272      7B       0       0
  299999987                    13                    13             4.6014003E-05         1.0000000E+30            999533       
 NEXT SEEDS:14AAC969     15A       0       0       0       0    B272      7B       0       0
  299999988                    12                    12             4.6014003E-05         1.0000000E+30            999533       
 NEXT SEEDS:14AACA38     15A       0       0       0       0    B272      7B       0       0
  299999989                    11                    11             4.6014003E-05         1.0000000E+30            999533       
 NEXT SEEDS:14AACB08     15A       0       0       0       0    B272      7B       0       0
  299999990                    10                    10             4.6014003E-05         1.0000000E+30            999533       
 NEXT SEEDS:14AACBE4     15A       0       0       0       0    B272      7B       0       0
  299999991                     9                     9             4.6014002E-05         1.0000000E+30            999533       
 NEXT SEEDS:14AACCC5     15A       0       0       0       0    B272      7B       0       0
  299999992                     8                     8             4.6014002E-05         1.0000000E+30            999533       
 NEXT SEEDS:14AACCCC     15A       0       0       0       0    B272      7B       0       0
  299999993                     7                     7             4.6014002E-05         1.0000000E+30            999533       
 NEXT SEEDS:14AACD98     15A       0       0       0       0    B272      7B       0       0
  299999994                     6                     6             4.6014002E-05         1.0000000E+30            999533       
 NEXT SEEDS:14AACE61     15A       0       0       0       0    B272      7B       0       0
  299999995                     5                     5             4.6014002E-05         1.0000000E+30            999533       
 NEXT SEEDS:14AACF33     15A       0       0       0       0    B272      7B       0       0
  299999996                     4                     4             4.6014002E-05         1.0000000E+30            999533       
 NEXT SEEDS:14AAD000     15A       0       0       0       0    B272      7B       0       0
  299999997                     3                     3             4.6014001E-05         1.0000000E+30            999533       
 NEXT SEEDS:14AAD0D3     15A       0       0       0       0    B272      7B       0       0
  299999998                     2                     2             4.6014001E-05         1.0000000E+30            999533       
 NEXT SEEDS:14AAD1A3     15A       0       0       0       0    B272      7B       0       0
  299999999                     1                     1             4.6014004E-05         1.0000000E+30            999533       
 NEXT SEEDS:14AAD27D     15A       0       0       0       0    B272      7B       0       0
  300000000                     0                     1             4.6014004E-05         1.0000000E+30            999533       
 NEXT SEEDS:14AAD373     15A       0       0       0       0    B272      7B       0       0
