1NUMBER OF BEAM       NUMBER OF BEAM        APPROXIMATE NUMBER    AVERAGE TIME USED     TIME LEFT (RESERVED   NUMBER OF STARS
 PARTICLES HANDLED    PARTICLES LEFT        OF BEAM PARTICLES     BY A BEAM PARTICLE     10000.0 SECONDS      CREATED
                                            THAT CAN STILL BE                           FOR PRINTOUT)
                                            HANDLED

 NEXT SEEDS:1AA6E08A      73       0       0       0       0    B272      7B       0       0
          1             299999999             299999999             1.5711784E-04         1.0000000E+30                 0       
 NEXT SEEDS:1AA6E16E      73       0       0       0       0    B272      7B       0       0
    6000000             294000000             294000000             4.3700356E-05         1.0000000E+30             20086       
 NEXT SEEDS:23DEEFE4      74       0       0       0       0    B272      7B       0       0
   12000000             288000000             288000000             4.3768828E-05         1.0000000E+30             40060       
 NEXT SEEDS:2D1535DE      75       0       0       0       0    B272      7B       0       0
   18000000             282000000             282000000             4.4002339E-05         1.0000000E+30             60110       
 NEXT SEEDS:364DD571      76       0       0       0       0    B272      7B       0       0
   24000000             276000000             276000000             4.3905169E-05         1.0000000E+30             79678       
 NEXT SEEDS: 3DE8633      78       0       0       0       0    B272      7B       0       0
   30000000             270000000             270000000             4.3927838E-05         1.0000000E+30             99612       
 NEXT SEEDS: D183555      79       0       0       0       0    B272      7B       0       0
   36000000             264000000             264000000             4.3907587E-05         1.0000000E+30            119548       
 NEXT SEEDS:16500A16      7A       0       0       0       0    B272      7B       0       0
   42000000             258000000             258000000             4.4001155E-05         1.0000000E+30            139458       
 NEXT SEEDS:1F8713DE      7B       0       0       0       0    B272      7B       0       0
   48000000             252000000             252000000             4.4048010E-05         1.0000000E+30            159349       
 NEXT SEEDS:28BD843E      7C       0       0       0       0    B272      7B       0       0
   54000000             246000000             246000000             4.4046641E-05         1.0000000E+30            179216       
 NEXT SEEDS:31ECC881      7D       0       0       0       0    B272      7B       0       0
   60000000             240000000             240000000             4.4194976E-05         1.0000000E+30            198989       
 NEXT SEEDS:3B1B9054      7E       0       0       0       0    B272      7B       0       0
   66000000             234000000             234000000             4.4290066E-05         1.0000000E+30            218781       
 NEXT SEEDS: 8B468B6      80       0       0       0       0    B272      7B       0       0
   72000000             228000000             228000000             4.4212372E-05         1.0000000E+30            238816       
 NEXT SEEDS:11F076BC      81       0       0       0       0    B272      7B       0       0
   78000000             222000000             222000000             4.4159321E-05         1.0000000E+30            258817       
 NEXT SEEDS:1B26C8D1      82       0       0       0       0    B272      7B       0       0
   84000000             216000000             216000000             4.4343274E-05         1.0000000E+30            278989       
 NEXT SEEDS:245FDAFF      83       0       0       0       0    B272      7B       0       0
   90000000             210000000             210000000             4.4541442E-05         1.0000000E+30            299205       
 NEXT SEEDS:2D9BA44F      84       0       0       0       0    B272      7B       0       0
   96000000             204000000             204000000             4.4621865E-05         1.0000000E+30            319257       
 NEXT SEEDS:36D25F16      85       0       0       0       0    B272      7B       0       0
  102000000             198000000             198000000             4.4766202E-05         1.0000000E+30            339142       
 NEXT SEEDS: 46A871B      87       0       0       0       0    B272      7B       0       0
  108000000             192000000             192000000             4.4866159E-05         1.0000000E+30            359081       
 NEXT SEEDS: D9FAC14      88       0       0       0       0    B272      7B       0       0
  114000000             186000000             186000000             4.4970016E-05         1.0000000E+30            379029       
 NEXT SEEDS:16D8DE7A      89       0       0       0       0    B272      7B       0       0
  120000000             180000000             180000000             4.5077668E-05         1.0000000E+30            398889       
 NEXT SEEDS:200F68FF      8A       0       0       0       0    B272      7B       0       0
  126000000             174000000             174000000             4.5175059E-05         1.0000000E+30            418897       
 NEXT SEEDS:2940EAB6      8B       0       0       0       0    B272      7B       0       0
  132000000             168000000             168000000             4.5113328E-05         1.0000000E+30            438945       
 NEXT SEEDS:3276FD60      8C       0       0       0       0    B272      7B       0       0
  138000000             162000000             162000000             4.5041648E-05         1.0000000E+30            458962       
 NEXT SEEDS:   F7FD7      8E       0       0       0       0    B272      7B       0       0
  *** Rcfset:kprin,bfcmax,epat00,ppat00,ravpot           1  -6.6074390210450584E-002  0.94283159250064663        9.2609308952012803E-002   12.440777676959296     
  144000000             156000000             156000000             4.5016831E-05         1.0000000E+30            478745       
 NEXT SEEDS: 9453009      8F       0       0       0       0    B272      7B       0       0
  150000000             150000000             150000000             4.4965936E-05         1.0000000E+30            498584       
 NEXT SEEDS:1277374E      90       0       0       0       0    B272      7B       0       0
  156000000             144000000             144000000             4.4915348E-05         1.0000000E+30            518484       
 NEXT SEEDS:1BA53CAF      91       0       0       0       0    B272      7B       0       0
  162000000             138000000             138000000             4.4859940E-05         1.0000000E+30            538379       
 NEXT SEEDS:24D1895D      92       0       0       0       0    B272      7B       0       0
  168000000             132000000             132000000             4.4829528E-05         1.0000000E+30            558308       
 NEXT SEEDS:2E06C681      93       0       0       0       0    B272      7B       0       0
  174000000             126000000             126000000             4.4790984E-05         1.0000000E+30            578243       
 NEXT SEEDS:3737525F      94       0       0       0       0    B272      7B       0       0
  180000000             120000000             120000000             4.4772123E-05         1.0000000E+30            598205       
 NEXT SEEDS: 4D1CC13      96       0       0       0       0    B272      7B       0       0
  186000000             114000000             114000000             4.4718817E-05         1.0000000E+30            618058       
 NEXT SEEDS: E04D6B8      97       0       0       0       0    B272      7B       0       0
  192000000             108000000             108000000             4.4694299E-05         1.0000000E+30            638114       
 NEXT SEEDS:1739EAE8      98       0       0       0       0    B272      7B       0       0
  198000000             102000000             102000000             4.4655608E-05         1.0000000E+30            658226       
 NEXT SEEDS:2075C1D7      99       0       0       0       0    B272      7B       0       0
  204000000              96000000              96000000             4.4636134E-05         1.0000000E+30            678139       
 NEXT SEEDS:29AF6D1C      9A       0       0       0       0    B272      7B       0       0
  210000000              90000000              90000000             4.4618768E-05         1.0000000E+30            698093       
 NEXT SEEDS:32E0E762      9B       0       0       0       0    B272      7B       0       0
  216000000              84000000              84000000             4.4582383E-05         1.0000000E+30            718015       
 NEXT SEEDS:  7BAF69      9D       0       0       0       0    B272      7B       0       0
  222000000              78000000              78000000             4.4567817E-05         1.0000000E+30            738048       
 NEXT SEEDS: 9B514C9      9E       0       0       0       0    B272      7B       0       0
  228000000              72000000              72000000             4.4553684E-05         1.0000000E+30            757983       
 NEXT SEEDS:12EA472C      9F       0       0       0       0    B272      7B       0       0
  234000000              66000000              66000000             4.4526696E-05         1.0000000E+30            777932       
 NEXT SEEDS:1C1D3625      A0       0       0       0       0    B272      7B       0       0
  240000000              60000000              60000000             4.4507751E-05         1.0000000E+30            797862       
 NEXT SEEDS:254FB21D      A1       0       0       0       0    B272      7B       0       0
  246000000              54000000              54000000             4.4494418E-05         1.0000000E+30            817498       
 NEXT SEEDS:2E7D7FBC      A2       0       0       0       0    B272      7B       0       0
  252000000              48000000              48000000             4.4485103E-05         1.0000000E+30            837574       
 NEXT SEEDS:37B5139E      A3       0       0       0       0    B272      7B       0       0
  258000000              42000000              42000000             4.4472235E-05         1.0000000E+30            857515       
 NEXT SEEDS: 54B8E37      A5       0       0       0       0    B272      7B       0       0
  264000000              36000000              36000000             4.4468228E-05         1.0000000E+30            877547       
 NEXT SEEDS: E8756F4      A6       0       0       0       0    B272      7B       0       0
  270000000              30000000              30000000             4.4460550E-05         1.0000000E+30            897776       
 NEXT SEEDS:17BE8B8C      A7       0       0       0       0    B272      7B       0       0
  276000000              24000000              24000000             4.4451214E-05         1.0000000E+30            917620       
 NEXT SEEDS:20ED981E      A8       0       0       0       0    B272      7B       0       0
  282000000              18000000              18000000             4.4435169E-05         1.0000000E+30            937605       
 NEXT SEEDS:2A237061      A9       0       0       0       0    B272      7B       0       0
  288000000              12000000              12000000             4.4426940E-05         1.0000000E+30            957747       
 NEXT SEEDS:33601F92      AA       0       0       0       0    B272      7B       0       0
  294000000               6000000               6000000             4.4423469E-05         1.0000000E+30            977745       
 NEXT SEEDS:  F753E2      AC       0       0       0       0    B272      7B       0       0
  299999950                    50                    50             4.4410905E-05         1.0000000E+30            997759       
 NEXT SEEDS: A2E5E91      AD       0       0       0       0    B272      7B       0       0
  299999951                    49                    49             4.4410905E-05         1.0000000E+30            997759       
 NEXT SEEDS: A2E5F5B      AD       0       0       0       0    B272      7B       0       0
  299999952                    48                    48             4.4410905E-05         1.0000000E+30            997759       
 NEXT SEEDS: A2E602B      AD       0       0       0       0    B272      7B       0       0
  299999953                    47                    47             4.4410905E-05         1.0000000E+30            997759       
 NEXT SEEDS: A2E6036      AD       0       0       0       0    B272      7B       0       0
  299999954                    46                    46             4.4410905E-05         1.0000000E+30            997759       
 NEXT SEEDS: A2E603D      AD       0       0       0       0    B272      7B       0       0
  299999955                    45                    45             4.4410904E-05         1.0000000E+30            997759       
 NEXT SEEDS: A2E6123      AD       0       0       0       0    B272      7B       0       0
  299999956                    44                    44             4.4410908E-05         1.0000000E+30            997759       
 NEXT SEEDS: A2E620F      AD       0       0       0       0    B272      7B       0       0
  299999957                    43                    43             4.4410907E-05         1.0000000E+30            997759       
 NEXT SEEDS: A2E62DE      AD       0       0       0       0    B272      7B       0       0
  299999958                    42                    42             4.4410907E-05         1.0000000E+30            997759       
 NEXT SEEDS: A2E63B8      AD       0       0       0       0    B272      7B       0       0
  299999959                    41                    41             4.4410907E-05         1.0000000E+30            997759       
 NEXT SEEDS: A2E647F      AD       0       0       0       0    B272      7B       0       0
  299999960                    40                    40             4.4410907E-05         1.0000000E+30            997759       
 NEXT SEEDS: A2E654C      AD       0       0       0       0    B272      7B       0       0
  299999961                    39                    39             4.4410907E-05         1.0000000E+30            997759       
 NEXT SEEDS: A2E6611      AD       0       0       0       0    B272      7B       0       0
  299999962                    38                    38             4.4410910E-05         1.0000000E+30            997759       
 NEXT SEEDS: A2E66E8      AD       0       0       0       0    B272      7B       0       0
  299999963                    37                    37             4.4410910E-05         1.0000000E+30            997759       
 NEXT SEEDS: A2E67CC      AD       0       0       0       0    B272      7B       0       0
  299999964                    36                    36             4.4410910E-05         1.0000000E+30            997759       
 NEXT SEEDS: A2E68A7      AD       0       0       0       0    B272      7B       0       0
  299999965                    35                    35             4.4410909E-05         1.0000000E+30            997759       
 NEXT SEEDS: A2E698D      AD       0       0       0       0    B272      7B       0       0
  299999966                    34                    34             4.4410909E-05         1.0000000E+30            997759       
 NEXT SEEDS: A2E6A59      AD       0       0       0       0    B272      7B       0       0
  299999967                    33                    33             4.4410909E-05         1.0000000E+30            997759       
 NEXT SEEDS: A2E6B3A      AD       0       0       0       0    B272      7B       0       0
  299999968                    32                    32             4.4410912E-05         1.0000000E+30            997759       
 NEXT SEEDS: A2E6C16      AD       0       0       0       0    B272      7B       0       0
  299999969                    31                    31             4.4410912E-05         1.0000000E+30            997759       
 NEXT SEEDS: A2E6D04      AD       0       0       0       0    B272      7B       0       0
  299999970                    30                    30             4.4410912E-05         1.0000000E+30            997759       
 NEXT SEEDS: A2E6DC9      AD       0       0       0       0    B272      7B       0       0
  299999971                    29                    29             4.4410912E-05         1.0000000E+30            997759       
 NEXT SEEDS: A2E6E98      AD       0       0       0       0    B272      7B       0       0
  299999972                    28                    28             4.4410912E-05         1.0000000E+30            997759       
 NEXT SEEDS: A2E6F77      AD       0       0       0       0    B272      7B       0       0
  299999973                    27                    27             4.4410912E-05         1.0000000E+30            997759       
 NEXT SEEDS: A2E6F7E      AD       0       0       0       0    B272      7B       0       0
  299999974                    26                    26             4.4410915E-05         1.0000000E+30            997759       
 NEXT SEEDS: A2E703B      AD       0       0       0       0    B272      7B       0       0
  299999975                    25                    25             4.4410915E-05         1.0000000E+30            997759       
 NEXT SEEDS: A2E7105      AD       0       0       0       0    B272      7B       0       0
  299999976                    24                    24             4.4410914E-05         1.0000000E+30            997759       
 NEXT SEEDS: A2E71DE      AD       0       0       0       0    B272      7B       0       0
  299999977                    23                    23             4.4410914E-05         1.0000000E+30            997759       
 NEXT SEEDS: A2E72C0      AD       0       0       0       0    B272      7B       0       0
  299999978                    22                    22             4.4410914E-05         1.0000000E+30            997759       
 NEXT SEEDS: A2E7387      AD       0       0       0       0    B272      7B       0       0
  299999979                    21                    21             4.4410914E-05         1.0000000E+30            997759       
 NEXT SEEDS: A2E738E      AD       0       0       0       0    B272      7B       0       0
  299999980                    20                    20             4.4410917E-05         1.0000000E+30            997759       
 NEXT SEEDS: A2E745A      AD       0       0       0       0    B272      7B       0       0
  299999981                    19                    19             4.4410917E-05         1.0000000E+30            997759       
 NEXT SEEDS: A2E7461      AD       0       0       0       0    B272      7B       0       0
  299999982                    18                    18             4.4410917E-05         1.0000000E+30            997759       
 NEXT SEEDS: A2E753D      AD       0       0       0       0    B272      7B       0       0
  299999983                    17                    17             4.4410917E-05         1.0000000E+30            997759       
 NEXT SEEDS: A2E761A      AD       0       0       0       0    B272      7B       0       0
  299999984                    16                    16             4.4410916E-05         1.0000000E+30            997759       
 NEXT SEEDS: A2E76EF      AD       0       0       0       0    B272      7B       0       0
  299999985                    15                    15             4.4410916E-05         1.0000000E+30            997759       
 NEXT SEEDS: A2E77C3      AD       0       0       0       0    B272      7B       0       0
  299999986                    14                    14             4.4410919E-05         1.0000000E+30            997759       
 NEXT SEEDS: A2E78A3      AD       0       0       0       0    B272      7B       0       0
  299999987                    13                    13             4.4410919E-05         1.0000000E+30            997759       
 NEXT SEEDS: A2E796F      AD       0       0       0       0    B272      7B       0       0
  299999988                    12                    12             4.4410919E-05         1.0000000E+30            997759       
 NEXT SEEDS: A2E7A3B      AD       0       0       0       0    B272      7B       0       0
  299999989                    11                    11             4.4410919E-05         1.0000000E+30            997759       
 NEXT SEEDS: A2E7B0E      AD       0       0       0       0    B272      7B       0       0
  299999990                    10                    10             4.4410919E-05         1.0000000E+30            997759       
 NEXT SEEDS: A2E7BD9      AD       0       0       0       0    B272      7B       0       0
  299999991                     9                     9             4.4410919E-05         1.0000000E+30            997759       
 NEXT SEEDS: A2E7CAE      AD       0       0       0       0    B272      7B       0       0
  299999992                     8                     8             4.4410919E-05         1.0000000E+30            997759       
 NEXT SEEDS: A2E7D8B      AD       0       0       0       0    B272      7B       0       0
  299999993                     7                     7             4.4410918E-05         1.0000000E+30            997759       
 NEXT SEEDS: A2E7D96      AD       0       0       0       0    B272      7B       0       0
  299999994                     6                     6             4.4410918E-05         1.0000000E+30            997759       
 NEXT SEEDS: A2E7E71      AD       0       0       0       0    B272      7B       0       0
  299999995                     5                     5             4.4410918E-05         1.0000000E+30            997759       
 NEXT SEEDS: A2E7F45      AD       0       0       0       0    B272      7B       0       0
  299999996                     4                     4             4.4410918E-05         1.0000000E+30            997759       
 NEXT SEEDS: A2E7F4C      AD       0       0       0       0    B272      7B       0       0
  299999997                     3                     3             4.4410918E-05         1.0000000E+30            997759       
 NEXT SEEDS: A2E8024      AD       0       0       0       0    B272      7B       0       0
  299999998                     2                     2             4.4410918E-05         1.0000000E+30            997759       
 NEXT SEEDS: A2E80FB      AD       0       0       0       0    B272      7B       0       0
  299999999                     1                     1             4.4410917E-05         1.0000000E+30            997759       
 NEXT SEEDS: A2E81C0      AD       0       0       0       0    B272      7B       0       0
  300000000                     0                     1             4.4410917E-05         1.0000000E+30            997759       
 NEXT SEEDS: A2E8285      AD       0       0       0       0    B272      7B       0       0
