# Detector n:     1  
Acti_1200 
# A/Z Isotopes:
  101   36   0.000       0.000    
  101   37   0.000       0.000    
  101   38   0.000       0.000    
  101   39   0.000       0.000    
  101   40   0.000       0.000    
  101   41   0.000       0.000    
  101   42  2.1276E+07  0.9405    
  101   43  3.7706E+07  0.9405    
  101   44   0.000       0.000    
  101   45   0.000       0.000    
  101   46   0.000       0.000    
  100   36   0.000       0.000    
  100   37   0.000       0.000    
  100   38   0.000       0.000    
  100   39   0.000       0.000    
  100   40   0.000       0.000    
  100   41   0.000       0.000    
  100   42   0.000       0.000    
  100   43  2.6013E-13  5.5348E-02
  100   44   0.000       0.000    
  100   45   0.000       0.000    
  100   46   0.000       0.000    
   99   36   0.000       0.000    
   99   37   0.000       0.000    
   99   38   0.000       0.000    
   99   39   0.000       0.000    
   99   40   0.000       0.000    
   99   41   0.000       0.000    
   99   42  1.6289E+07  0.1641    
   99   43   34.67      2.0529E-02
   99   44   0.000       0.000    
   99   45   0.000       0.000    
   99   46   0.000       0.000    
   98   36   0.000       0.000    
   98   37   0.000       0.000    
   98   38   0.000       0.000    
   98   39   0.000       0.000    
   98   40   0.000       0.000    
   98   41   0.000       0.000    
   98   42   0.000       0.000    
   98   43  5.9092E-02  0.1311    
   98   44   0.000       0.000    
   98   45   0.000       0.000    
   98   46   0.000       0.000    
   97   36   0.000       0.000    
   97   37   0.000       0.000    
   97   38   0.000       0.000    
   97   39   0.000       0.000    
   97   40   594.2       56.24    
   97   41  2.3295E+07  0.9164    
   97   42   0.000       0.000    
   97   43  2.9847E-03  0.5246    
   97   44   0.000       0.000    
   97   45   0.000       0.000    
   97   46   0.000       0.000    
   96   36   0.000       0.000    
   96   37   0.000       0.000    
   96   38   0.000       0.000    
   96   39   0.000       0.000    
   96   40   0.000       0.000    
   96   41  5.1926E+06  0.4538    
   96   42   0.000       0.000    
   96   43  4.7408E+05  0.5925    
   96   44   0.000       0.000    
   96   45   0.000       0.000    
   96   46   0.000       0.000    
   95   36   0.000       0.000    
   95   37   0.000       0.000    
   95   38   0.000       0.000    
   95   39   0.000       0.000    
   95   40   0.000       0.000    
   95   41   128.6       14.78    
   95   42   0.000       0.000    
   95   43  1.6235E+06  0.8610    
   95   44   0.000       0.000    
   95   45   0.000       0.000    
   95   46   0.000       0.000    
   94   36   0.000       0.000    
   94   37   0.000       0.000    
   94   38   0.000       0.000    
   94   39   0.000       0.000    
   94   40   0.000       0.000    
   94   41  2.2353E-03   9.939    
   94   42   0.000       0.000    
   94   43  5.8145E+06  0.6883    
   94   44   0.000       0.000    
   94   45   0.000       0.000    
   94   46   0.000       0.000    
   93   36   0.000       0.000    
   93   37   0.000       0.000    
   93   38   0.000       0.000    
   93   39   0.000       0.000    
   93   40   0.000       0.000    
   93   41   0.000       0.000    
   93   42  0.1679       1.320    
   93   43  4.1533E+06   1.471    
   93   44   0.000       0.000    
   93   45   0.000       0.000    
   93   46   0.000       0.000    
   92   36   0.000       0.000    
   92   37   0.000       0.000    
   92   38   0.000       0.000    
   92   39   0.000       0.000    
   92   40   0.000       0.000    
   92   41  1.7263E-06   5.510    
   92   42   0.000       0.000    
   92   43  9.7095E+05   1.319    
   92   44   0.000       0.000    
   92   45   0.000       0.000    
   92   46   0.000       0.000    
   91   36   0.000       0.000    
   91   37   0.000       0.000    
   91   38   0.000       0.000    
   91   39   0.000       0.000    
   91   40   0.000       0.000    
   91   41  0.8930       2.150    
   91   42  1.2740E+06   3.291    
   91   43   0.000       0.000    
   91   44   0.000       0.000    
   91   45   0.000       0.000    
   91   46   0.000       0.000    
   90   36   0.000       0.000    
   90   37   0.000       0.000    
   90   38   0.000       0.000    
   90   39   0.000       0.000    
   90   40   0.000       0.000    
   90   41   684.3       56.24    
   90   42   0.000       0.000    
   90   43   0.000       0.000    
   90   44   0.000       0.000    
   90   45   0.000       0.000    
   90   46   0.000       0.000    
   89   36   0.000       0.000    
   89   37   0.000       0.000    
   89   38   0.000       0.000    
   89   39   0.000       0.000    
   89   40   965.5       12.62    
   89   41  4.6665E+04   12.62    
   89   42   0.000       0.000    
   89   43   0.000       0.000    
   89   44   0.000       0.000    
   89   45   0.000       0.000    
   89   46   0.000       0.000    
    3    1   6.638       7.351    
    3    2   0.000       0.000    
# A/Z/m Isomers:
   89   39    1   958.0       12.62    
   89   41    1  6.2968E+04   12.62    
   90   41    1  4.6811E-16   56.24    
   91   41    1   1803.       2.929    
   91   42    1   6.022       3.291    
   92   41    1   2149.       5.510    
   93   41    1   1.789       8.639    
   93   42    1  2.9455E+05   2.898    
   93   43    1  6.2953E+06   1.471    
   94   41    1  3.1643E+04   9.939    
   94   43    1  1.9419E+07  0.6883    
   95   41    1   1232.       14.78    
   95   43    1  2.2819E+04  0.8610    
   96   43    1  2.0382E+07  0.5925    
   97   41    1   567.6       55.79    
   97   43    1  3.1421E+04  0.5246    
   99   43    1  8.8876E+09  2.0526E-02
