1NUMBER OF BEAM       NUMBER OF BEAM        APPROXIMATE NUMBER    AVERAGE TIME USED     TIME LEFT (RESERVED   NUMBER OF STARS
 PARTICLES HANDLED    PARTICLES LEFT        OF BEAM PARTICLES     BY A BEAM PARTICLE     10000.0 SECONDS      CREATED
                                            THAT CAN STILL BE                           FOR PRINTOUT)
                                            HANDLED

 NEXT SEEDS: 435EEBE     194       0       0       0       0    B270      7B       0       0
          1             299999999             299999999             9.8943710E-05         1.0000000E+30                 0       
 NEXT SEEDS: 435EF97     194       0       0       0       0    B270      7B       0       0
    6000000             294000000             294000000             4.5855435E-05         1.0000000E+30             19885       
 NEXT SEEDS: D6AAB17     195       0       0       0       0    B270      7B       0       0
   12000000             288000000             288000000             4.5985139E-05         1.0000000E+30             39723       
 NEXT SEEDS:169EC6C9     196       0       0       0       0    B270      7B       0       0
   18000000             282000000             282000000             4.5990859E-05         1.0000000E+30             59661       
 NEXT SEEDS:1FD825F1     197       0       0       0       0    B270      7B       0       0
   24000000             276000000             276000000             4.5939723E-05         1.0000000E+30             79725       
 NEXT SEEDS:290E70F4     198       0       0       0       0    B270      7B       0       0
   30000000             270000000             270000000             4.5878833E-05         1.0000000E+30             99954       
 NEXT SEEDS:324A3831     199       0       0       0       0    B270      7B       0       0
   36000000             264000000             264000000             4.5773529E-05         1.0000000E+30            119890       
 NEXT SEEDS:3B7F58D0     19A       0       0       0       0    B270      7B       0       0
   42000000             258000000             258000000             4.5731698E-05         1.0000000E+30            139997       
 NEXT SEEDS: 91C01F3     19C       0       0       0       0    B270      7B       0       0
   48000000             252000000             252000000             4.5722883E-05         1.0000000E+30            159710       
 NEXT SEEDS:124BA6E4     19D       0       0       0       0    B270      7B       0       0
   54000000             246000000             246000000             4.5762458E-05         1.0000000E+30            179413       
 NEXT SEEDS:1B7CB4D4     19E       0       0       0       0    B270      7B       0       0
   60000000             240000000             240000000             4.5752724E-05         1.0000000E+30            199327       
 NEXT SEEDS:24AD9B67     19F       0       0       0       0    B270      7B       0       0
   66000000             234000000             234000000             4.5774301E-05         1.0000000E+30            219146       
 NEXT SEEDS:2DDAF6EE     1A0       0       0       0       0    B270      7B       0       0
   72000000             228000000             228000000             4.5717640E-05         1.0000000E+30            239197       
 NEXT SEEDS:370F60C3     1A1       0       0       0       0    B270      7B       0       0
   78000000             222000000             222000000             4.5734493E-05         1.0000000E+30            259207       
 NEXT SEEDS: 4A77F83     1A3       0       0       0       0    B270      7B       0       0
   84000000             216000000             216000000             4.5858775E-05         1.0000000E+30            279396       
 NEXT SEEDS: DDE739E     1A4       0       0       0       0    B270      7B       0       0
   90000000             210000000             210000000             4.5858194E-05         1.0000000E+30            299498       
 NEXT SEEDS:1714601E     1A5       0       0       0       0    B270      7B       0       0
   96000000             204000000             204000000             4.5852067E-05         1.0000000E+30            319612       
 NEXT SEEDS:204B0ABC     1A6       0       0       0       0    B270      7B       0       0
  102000000             198000000             198000000             4.5851736E-05         1.0000000E+30            339769       
 NEXT SEEDS:2980C849     1A7       0       0       0       0    B270      7B       0       0
  108000000             192000000             192000000             4.5830409E-05         1.0000000E+30            359678       
 NEXT SEEDS:32B6FBB0     1A8       0       0       0       0    B270      7B       0       0
  114000000             186000000             186000000             4.5799211E-05         1.0000000E+30            379484       
 NEXT SEEDS:  4D7CAD     1AA       0       0       0       0    B270      7B       0       0
  120000000             180000000             180000000             4.5737912E-05         1.0000000E+30            399167       
 NEXT SEEDS: 9780776     1AB       0       0       0       0    B270      7B       0       0
  126000000             174000000             174000000             4.5586148E-05         1.0000000E+30            418893       
 NEXT SEEDS:12A65BDC     1AC       0       0       0       0    B270      7B       0       0
  132000000             168000000             168000000             4.5482179E-05         1.0000000E+30            438721       
 NEXT SEEDS:1BDBF292     1AD       0       0       0       0    B270      7B       0       0
  138000000             162000000             162000000             4.5352169E-05         1.0000000E+30            458687       
 NEXT SEEDS:2513395F     1AE       0       0       0       0    B270      7B       0       0
  144000000             156000000             156000000             4.5250476E-05         1.0000000E+30            478727       
 NEXT SEEDS:2E494BB2     1AF       0       0       0       0    B270      7B       0       0
  150000000             150000000             150000000             4.5178438E-05         1.0000000E+30            498781       
 NEXT SEEDS:377ADD2A     1B0       0       0       0       0    B270      7B       0       0
  156000000             144000000             144000000             4.5197054E-05         1.0000000E+30            518903       
 NEXT SEEDS: 51727D0     1B2       0       0       0       0    B270      7B       0       0
  162000000             138000000             138000000             4.5210767E-05         1.0000000E+30            539021       
 NEXT SEEDS: E49F6F5     1B3       0       0       0       0    B270      7B       0       0
  168000000             132000000             132000000             4.5214441E-05         1.0000000E+30            558879       
 NEXT SEEDS:177CF50E     1B4       0       0       0       0    B270      7B       0       0
  174000000             126000000             126000000             4.5239028E-05         1.0000000E+30            578798       
 NEXT SEEDS:20B51FF2     1B5       0       0       0       0    B270      7B       0       0
  180000000             120000000             120000000             4.5250836E-05         1.0000000E+30            598757       
 NEXT SEEDS:29EB043A     1B6       0       0       0       0    B270      7B       0       0
  186000000             114000000             114000000             4.5262688E-05         1.0000000E+30            618908       
 NEXT SEEDS:3326A0DE     1B7       0       0       0       0    B270      7B       0       0
  192000000             108000000             108000000             4.5270394E-05         1.0000000E+30            638728       
 NEXT SEEDS:  BD70CB     1B9       0       0       0       0    B270      7B       0       0
  *** Rcfset:kprin,bfcmax,epat00,ppat00,ravpot           1  -5.6811857998922077E-002  0.94287165075434376        9.3016246341620687E-002   12.440777676959296     
  198000000             102000000             102000000             4.5276420E-05         1.0000000E+30            658730       
 NEXT SEEDS: 9EF059E     1BA       0       0       0       0    B270      7B       0       0
  204000000              96000000              96000000             4.5285829E-05         1.0000000E+30            678642       
 NEXT SEEDS:1323FEBC     1BB       0       0       0       0    B270      7B       0       0
  210000000              90000000              90000000             4.5288624E-05         1.0000000E+30            698620       
 NEXT SEEDS:1C53DE4E     1BC       0       0       0       0    B270      7B       0       0
  216000000              84000000              84000000             4.5295607E-05         1.0000000E+30            718547       
 NEXT SEEDS:258C158A     1BD       0       0       0       0    B270      7B       0       0
  222000000              78000000              78000000             4.5297850E-05         1.0000000E+30            738762       
 NEXT SEEDS:2EC34F0A     1BE       0       0       0       0    B270      7B       0       0
  228000000              72000000              72000000             4.5311385E-05         1.0000000E+30            758491       
 NEXT SEEDS:37EFC900     1BF       0       0       0       0    B270      7B       0       0
  234000000              66000000              66000000             4.5330089E-05         1.0000000E+30            778502       
 NEXT SEEDS: 58DB993     1C1       0       0       0       0    B270      7B       0       0
  240000000              60000000              60000000             4.5338634E-05         1.0000000E+30            798599       
 NEXT SEEDS: EC0FDAC     1C2       0       0       0       0    B270      7B       0       0
  246000000              54000000              54000000             4.5353002E-05         1.0000000E+30            818491       
 NEXT SEEDS:17F6C429     1C3       0       0       0       0    B270      7B       0       0
  252000000              48000000              48000000             4.5355254E-05         1.0000000E+30            838541       
 NEXT SEEDS:212EBB60     1C4       0       0       0       0    B270      7B       0       0
  258000000              42000000              42000000             4.5356554E-05         1.0000000E+30            858238       
 NEXT SEEDS:2A628A47     1C5       0       0       0       0    B270      7B       0       0
  264000000              36000000              36000000             4.5361859E-05         1.0000000E+30            878060       
 NEXT SEEDS:3394E947     1C6       0       0       0       0    B270      7B       0       0
  270000000              30000000              30000000             4.5346154E-05         1.0000000E+30            897769       
 NEXT SEEDS: 12A3787     1C8       0       0       0       0    B270      7B       0       0
  276000000              24000000              24000000             4.5343703E-05         1.0000000E+30            917733       
 NEXT SEEDS: A5AB419     1C9       0       0       0       0    B270      7B       0       0
  282000000              18000000              18000000             4.5345716E-05         1.0000000E+30            937670       
 NEXT SEEDS:138C5C6C     1CA       0       0       0       0    B270      7B       0       0
  288000000              12000000              12000000             4.5336269E-05         1.0000000E+30            957562       
 NEXT SEEDS:1CB6EB18     1CB       0       0       0       0    B270      7B       0       0
  294000000               6000000               6000000             4.5339015E-05         1.0000000E+30            977434       
 NEXT SEEDS:25EE6993     1CC       0       0       0       0    B270      7B       0       0
  299999950                    50                    50             4.5296575E-05         1.0000000E+30            997746       
 NEXT SEEDS:2F23AB3E     1CD       0       0       0       0    B270      7B       0       0
  299999951                    49                    49             4.5296575E-05         1.0000000E+30            997746       
 NEXT SEEDS:2F23ABFF     1CD       0       0       0       0    B270      7B       0       0
  299999952                    48                    48             4.5296575E-05         1.0000000E+30            997746       
 NEXT SEEDS:2F23AC06     1CD       0       0       0       0    B270      7B       0       0
  299999953                    47                    47             4.5296575E-05         1.0000000E+30            997746       
 NEXT SEEDS:2F23ACE5     1CD       0       0       0       0    B270      7B       0       0
  299999954                    46                    46             4.5296578E-05         1.0000000E+30            997746       
 NEXT SEEDS:2F23ADBE     1CD       0       0       0       0    B270      7B       0       0
  299999955                    45                    45             4.5296578E-05         1.0000000E+30            997746       
 NEXT SEEDS:2F23AE88     1CD       0       0       0       0    B270      7B       0       0
  299999956                    44                    44             4.5296578E-05         1.0000000E+30            997746       
 NEXT SEEDS:2F23AF55     1CD       0       0       0       0    B270      7B       0       0
  299999957                    43                    43             4.5296578E-05         1.0000000E+30            997746       
 NEXT SEEDS:2F23AF5C     1CD       0       0       0       0    B270      7B       0       0
  299999958                    42                    42             4.5296577E-05         1.0000000E+30            997746       
 NEXT SEEDS:2F23B046     1CD       0       0       0       0    B270      7B       0       0
  299999959                    41                    41             4.5296581E-05         1.0000000E+30            997746       
 NEXT SEEDS:2F23B13D     1CD       0       0       0       0    B270      7B       0       0
  299999960                    40                    40             4.5296580E-05         1.0000000E+30            997746       
 NEXT SEEDS:2F23B214     1CD       0       0       0       0    B270      7B       0       0
  299999961                    39                    39             4.5296580E-05         1.0000000E+30            997746       
 NEXT SEEDS:2F23B302     1CD       0       0       0       0    B270      7B       0       0
  299999962                    38                    38             4.5296580E-05         1.0000000E+30            997746       
 NEXT SEEDS:2F23B3CE     1CD       0       0       0       0    B270      7B       0       0
  299999963                    37                    37             4.5296580E-05         1.0000000E+30            997746       
 NEXT SEEDS:2F23B3D5     1CD       0       0       0       0    B270      7B       0       0
  299999964                    36                    36             4.5296583E-05         1.0000000E+30            997746       
 NEXT SEEDS:2F23B4A4     1CD       0       0       0       0    B270      7B       0       0
  299999965                    35                    35             4.5296583E-05         1.0000000E+30            997746       
 NEXT SEEDS:2F23B592     1CD       0       0       0       0    B270      7B       0       0
  299999966                    34                    34             4.5296583E-05         1.0000000E+30            997746       
 NEXT SEEDS:2F23B667     1CD       0       0       0       0    B270      7B       0       0
  299999967                    33                    33             4.5296583E-05         1.0000000E+30            997746       
 NEXT SEEDS:2F23B670     1CD       0       0       0       0    B270      7B       0       0
  299999968                    32                    32             4.5296586E-05         1.0000000E+30            997747       
 NEXT SEEDS:2F23C7CE     1CD       0       0       0       0    B270      7B       0       0
  299999969                    31                    31             4.5296586E-05         1.0000000E+30            997747       
 NEXT SEEDS:2F23C897     1CD       0       0       0       0    B270      7B       0       0
  299999970                    30                    30             4.5296585E-05         1.0000000E+30            997747       
 NEXT SEEDS:2F23C96D     1CD       0       0       0       0    B270      7B       0       0
  299999971                    29                    29             4.5296588E-05         1.0000000E+30            997747       
 NEXT SEEDS:2F23CA33     1CD       0       0       0       0    B270      7B       0       0
  299999972                    28                    28             4.5296588E-05         1.0000000E+30            997747       
 NEXT SEEDS:2F23CAFE     1CD       0       0       0       0    B270      7B       0       0
  299999973                    27                    27             4.5296588E-05         1.0000000E+30            997747       
 NEXT SEEDS:2F23CBD3     1CD       0       0       0       0    B270      7B       0       0
  299999974                    26                    26             4.5296588E-05         1.0000000E+30            997747       
 NEXT SEEDS:2F23CCC8     1CD       0       0       0       0    B270      7B       0       0
  299999975                    25                    25             4.5296588E-05         1.0000000E+30            997747       
 NEXT SEEDS:2F23CD9B     1CD       0       0       0       0    B270      7B       0       0
  299999976                    24                    24             4.5296591E-05         1.0000000E+30            997747       
 NEXT SEEDS:2F23CE9F     1CD       0       0       0       0    B270      7B       0       0
  299999977                    23                    23             4.5296591E-05         1.0000000E+30            997747       
 NEXT SEEDS:2F23CF90     1CD       0       0       0       0    B270      7B       0       0
  299999978                    22                    22             4.5296591E-05         1.0000000E+30            997747       
 NEXT SEEDS:2F23D05C     1CD       0       0       0       0    B270      7B       0       0
  299999979                    21                    21             4.5296591E-05         1.0000000E+30            997747       
 NEXT SEEDS:2F23D129     1CD       0       0       0       0    B270      7B       0       0
  299999980                    20                    20             4.5296590E-05         1.0000000E+30            997747       
 NEXT SEEDS:2F23D1F7     1CD       0       0       0       0    B270      7B       0       0
  299999981                    19                    19             4.5296590E-05         1.0000000E+30            997747       
 NEXT SEEDS:2F23D2D5     1CD       0       0       0       0    B270      7B       0       0
  299999982                    18                    18             4.5296593E-05         1.0000000E+30            997747       
 NEXT SEEDS:2F23D3A3     1CD       0       0       0       0    B270      7B       0       0
  299999983                    17                    17             4.5296593E-05         1.0000000E+30            997747       
 NEXT SEEDS:2F23D467     1CD       0       0       0       0    B270      7B       0       0
  299999984                    16                    16             4.5296593E-05         1.0000000E+30            997747       
 NEXT SEEDS:2F23D558     1CD       0       0       0       0    B270      7B       0       0
  299999985                    15                    15             4.5296593E-05         1.0000000E+30            997747       
 NEXT SEEDS:2F23D635     1CD       0       0       0       0    B270      7B       0       0
  299999986                    14                    14             4.5296593E-05         1.0000000E+30            997747       
 NEXT SEEDS:2F23D71F     1CD       0       0       0       0    B270      7B       0       0
  299999987                    13                    13             4.5296593E-05         1.0000000E+30            997747       
 NEXT SEEDS:2F23D7FD     1CD       0       0       0       0    B270      7B       0       0
  299999988                    12                    12             4.5296596E-05         1.0000000E+30            997747       
 NEXT SEEDS:2F23D806     1CD       0       0       0       0    B270      7B       0       0
  299999989                    11                    11             4.5296596E-05         1.0000000E+30            997747       
 NEXT SEEDS:2F23D8CC     1CD       0       0       0       0    B270      7B       0       0
  299999990                    10                    10             4.5296595E-05         1.0000000E+30            997747       
 NEXT SEEDS:2F23D9A3     1CD       0       0       0       0    B270      7B       0       0
  299999991                     9                     9             4.5296595E-05         1.0000000E+30            997747       
 NEXT SEEDS:2F23DA7C     1CD       0       0       0       0    B270      7B       0       0
  299999992                     8                     8             4.5296595E-05         1.0000000E+30            997747       
 NEXT SEEDS:2F23DB56     1CD       0       0       0       0    B270      7B       0       0
  299999993                     7                     7             4.5296595E-05         1.0000000E+30            997747       
 NEXT SEEDS:2F23DC18     1CD       0       0       0       0    B270      7B       0       0
  299999994                     6                     6             4.5296598E-05         1.0000000E+30            997747       
 NEXT SEEDS:2F23DC21     1CD       0       0       0       0    B270      7B       0       0
  299999995                     5                     5             4.5296598E-05         1.0000000E+30            997747       
 NEXT SEEDS:2F23DD08     1CD       0       0       0       0    B270      7B       0       0
  299999996                     4                     4             4.5296598E-05         1.0000000E+30            997747       
 NEXT SEEDS:2F23DD0F     1CD       0       0       0       0    B270      7B       0       0
  299999997                     3                     3             4.5296598E-05         1.0000000E+30            997747       
 NEXT SEEDS:2F23DDE3     1CD       0       0       0       0    B270      7B       0       0
  299999998                     2                     2             4.5296597E-05         1.0000000E+30            997747       
 NEXT SEEDS:2F23DEB1     1CD       0       0       0       0    B270      7B       0       0
  299999999                     1                     1             4.5296597E-05         1.0000000E+30            997747       
 NEXT SEEDS:2F23DF92     1CD       0       0       0       0    B270      7B       0       0
  300000000                     0                     1             4.5296597E-05         1.0000000E+30            997747       
 NEXT SEEDS:2F23E068     1CD       0       0       0       0    B270      7B       0       0
