1NUMBER OF BEAM       NUMBER OF BEAM        APPROXIMATE NUMBER    AVERAGE TIME USED     TIME LEFT (RESERVED   NUMBER OF STARS
 PARTICLES HANDLED    PARTICLES LEFT        OF BEAM PARTICLES     BY A BEAM PARTICLE     10000.0 SECONDS      CREATED
                                            THAT CAN STILL BE                           FOR PRINTOUT)
                                            HANDLED

 NEXT SEEDS:1ED047AB     207       0       0       0       0    B26F      7B       0       0
          1             299999999             299999999             1.4090538E-04         1.0000000E+30                 0       
 NEXT SEEDS:1ED04881     207       0       0       0       0    B26F      7B       0       0
    6000000             294000000             294000000             4.5654031E-05         1.0000000E+30             19955       
 NEXT SEEDS:280CC1E9     208       0       0       0       0    B26F      7B       0       0
   12000000             288000000             288000000             4.5673095E-05         1.0000000E+30             39841       
 NEXT SEEDS:314095CE     209       0       0       0       0    B26F      7B       0       0
   18000000             282000000             282000000             4.5678826E-05         1.0000000E+30             60071       
 NEXT SEEDS:3A7EE94A     20A       0       0       0       0    B26F      7B       0       0
   24000000             276000000             276000000             4.5687642E-05         1.0000000E+30             79883       
 NEXT SEEDS: 814AF49     20C       0       0       0       0    B26F      7B       0       0
   30000000             270000000             270000000             4.5736010E-05         1.0000000E+30            100079       
 NEXT SEEDS:11543B55     20D       0       0       0       0    B26F      7B       0       0
   36000000             264000000             264000000             4.5716685E-05         1.0000000E+30            119946       
 NEXT SEEDS:1A8CEC30     20E       0       0       0       0    B26F      7B       0       0
   42000000             258000000             258000000             4.5776570E-05         1.0000000E+30            139861       
 NEXT SEEDS:23C1BC79     20F       0       0       0       0    B26F      7B       0       0
   48000000             252000000             252000000             4.5721906E-05         1.0000000E+30            159598       
 NEXT SEEDS:2CEF3CA3     210       0       0       0       0    B26F      7B       0       0
   54000000             246000000             246000000             4.5757797E-05         1.0000000E+30            179810       
 NEXT SEEDS:3624094C     211       0       0       0       0    B26F      7B       0       0
   60000000             240000000             240000000             4.5746397E-05         1.0000000E+30            199672       
 NEXT SEEDS: 3BF3C7F     213       0       0       0       0    B26F      7B       0       0
   66000000             234000000             234000000             4.5733293E-05         1.0000000E+30            219486       
 NEXT SEEDS: CF1397A     214       0       0       0       0    B26F      7B       0       0
   72000000             228000000             228000000             4.5816014E-05         1.0000000E+30            239419       
 NEXT SEEDS:162B622E     215       0       0       0       0    B26F      7B       0       0
   78000000             222000000             222000000             4.5787036E-05         1.0000000E+30            259308       
 NEXT SEEDS:1F5E9F53     216       0       0       0       0    B26F      7B       0       0
   84000000             216000000             216000000             4.5804544E-05         1.0000000E+30            279163       
 NEXT SEEDS:288FBF59     217       0       0       0       0    B26F      7B       0       0
   90000000             210000000             210000000             4.5791459E-05         1.0000000E+30            299126       
 NEXT SEEDS:31C063E2     218       0       0       0       0    B26F      7B       0       0
   96000000             204000000             204000000             4.5803140E-05         1.0000000E+30            319058       
 NEXT SEEDS:3AF5E6E8     219       0       0       0       0    B26F      7B       0       0
  102000000             198000000             198000000             4.5812752E-05         1.0000000E+30            338813       
 NEXT SEEDS: 886C614     21B       0       0       0       0    B26F      7B       0       0
  108000000             192000000             192000000             4.5777505E-05         1.0000000E+30            358739       
 NEXT SEEDS:11BAF597     21C       0       0       0       0    B26F      7B       0       0
  114000000             186000000             186000000             4.5813283E-05         1.0000000E+30            378792       
 NEXT SEEDS:1AF3B6D2     21D       0       0       0       0    B26F      7B       0       0
  120000000             180000000             180000000             4.5794201E-05         1.0000000E+30            399106       
 NEXT SEEDS:2430B52C     21E       0       0       0       0    B26F      7B       0       0
  126000000             174000000             174000000             4.5782497E-05         1.0000000E+30            419042       
 NEXT SEEDS:2D68E364     21F       0       0       0       0    B26F      7B       0       0
  132000000             168000000             168000000             4.5788200E-05         1.0000000E+30            439227       
 NEXT SEEDS:369F3054     220       0       0       0       0    B26F      7B       0       0
  138000000             162000000             162000000             4.5768798E-05         1.0000000E+30            459398       
 NEXT SEEDS: 4423BB3     222       0       0       0       0    B26F      7B       0       0
  144000000             156000000             156000000             4.5757456E-05         1.0000000E+30            479421       
 NEXT SEEDS: D7AC141     223       0       0       0       0    B26F      7B       0       0
  150000000             150000000             150000000             4.5752581E-05         1.0000000E+30            499454       
 NEXT SEEDS:16B18FAF     224       0       0       0       0    B26F      7B       0       0
  156000000             144000000             144000000             4.5738647E-05         1.0000000E+30            519537       
 NEXT SEEDS:1FE97D17     225       0       0       0       0    B26F      7B       0       0
  162000000             138000000             138000000             4.5738009E-05         1.0000000E+30            539438       
 NEXT SEEDS:29198749     226       0       0       0       0    B26F      7B       0       0
  168000000             132000000             132000000             4.5712576E-05         1.0000000E+30            559428       
 NEXT SEEDS:324C9C4D     227       0       0       0       0    B26F      7B       0       0
  174000000             126000000             126000000             4.5709778E-05         1.0000000E+30            579383       
 NEXT SEEDS:3B827F66     228       0       0       0       0    B26F      7B       0       0
  180000000             120000000             120000000             4.5697900E-05         1.0000000E+30            599431       
 NEXT SEEDS: 920661A     22A       0       0       0       0    B26F      7B       0       0
  186000000             114000000             114000000             4.5697522E-05         1.0000000E+30            619601       
 NEXT SEEDS:12588D6B     22B       0       0       0       0    B26F      7B       0       0
  192000000             108000000             108000000             4.5721898E-05         1.0000000E+30            639816       
 NEXT SEEDS:1B948D0C     22C       0       0       0       0    B26F      7B       0       0
  198000000             102000000             102000000             4.5692560E-05         1.0000000E+30            659916       
 NEXT SEEDS:24CE8F7E     22D       0       0       0       0    B26F      7B       0       0
  204000000              96000000              96000000             4.5733163E-05         1.0000000E+30            680105       
 NEXT SEEDS:2E0B6773     22E       0       0       0       0    B26F      7B       0       0
  210000000              90000000              90000000             4.5746326E-05         1.0000000E+30            700132       
 NEXT SEEDS:3746343D     22F       0       0       0       0    B26F      7B       0       0
  216000000              84000000              84000000             4.5748724E-05         1.0000000E+30            719801       
 NEXT SEEDS: 4DAB7EA     231       0       0       0       0    B26F      7B       0       0
  222000000              78000000              78000000             4.5781892E-05         1.0000000E+30            739813       
 NEXT SEEDS: E10364D     232       0       0       0       0    B26F      7B       0       0
  228000000              72000000              72000000             4.5790814E-05         1.0000000E+30            759934       
 NEXT SEEDS:17428B48     233       0       0       0       0    B26F      7B       0       0
  234000000              66000000              66000000             4.5790310E-05         1.0000000E+30            779950       
 NEXT SEEDS:2078503F     234       0       0       0       0    B26F      7B       0       0
  240000000              60000000              60000000             4.5793794E-05         1.0000000E+30            799865       
 NEXT SEEDS:29A879A0     235       0       0       0       0    B26F      7B       0       0
  246000000              54000000              54000000             4.5806263E-05         1.0000000E+30            819936       
 NEXT SEEDS:32E30849     236       0       0       0       0    B26F      7B       0       0
  252000000              48000000              48000000             4.5799010E-05         1.0000000E+30            839951       
 NEXT SEEDS:  840B42     238       0       0       0       0    B26F      7B       0       0
  258000000              42000000              42000000             4.5786325E-05         1.0000000E+30            859964       
 NEXT SEEDS: 9B6BCED     239       0       0       0       0    B26F      7B       0       0
  264000000              36000000              36000000             4.5806703E-05         1.0000000E+30            880018       
 NEXT SEEDS:12EC02CA     23A       0       0       0       0    B26F      7B       0       0
  270000000              30000000              30000000             4.5753924E-05         1.0000000E+30            899791       
 NEXT SEEDS:1C1B88B4     23B       0       0       0       0    B26F      7B       0       0
  276000000              24000000              24000000             4.5596785E-05         1.0000000E+30            919691       
 NEXT SEEDS:25508B9D     23C       0       0       0       0    B26F      7B       0       0
  282000000              18000000              18000000             4.5454832E-05         1.0000000E+30            939796       
 NEXT SEEDS:2E8D2615     23D       0       0       0       0    B26F      7B       0       0
  288000000              12000000              12000000             4.5316853E-05         1.0000000E+30            959920       
 NEXT SEEDS:37C6A323     23E       0       0       0       0    B26F      7B       0       0
  294000000               6000000               6000000             4.5186526E-05         1.0000000E+30            980073       
 NEXT SEEDS: 5652161     240       0       0       0       0    B26F      7B       0       0
  299999950                    50                    50             4.5062191E-05         1.0000000E+30           1000142       
 NEXT SEEDS: E9B0368     241       0       0       0       0    B26F      7B       0       0
  299999951                    49                    49             4.5062194E-05         1.0000000E+30           1000142       
 NEXT SEEDS: E9B0444     241       0       0       0       0    B26F      7B       0       0
  299999952                    48                    48             4.5062194E-05         1.0000000E+30           1000142       
 NEXT SEEDS: E9B044B     241       0       0       0       0    B26F      7B       0       0
  299999953                    47                    47             4.5062194E-05         1.0000000E+30           1000142       
 NEXT SEEDS: E9B0454     241       0       0       0       0    B26F      7B       0       0
  299999954                    46                    46             4.5062194E-05         1.0000000E+30           1000142       
 NEXT SEEDS: E9B0525     241       0       0       0       0    B26F      7B       0       0
  299999955                    45                    45             4.5062197E-05         1.0000000E+30           1000142       
 NEXT SEEDS: E9B05FC     241       0       0       0       0    B26F      7B       0       0
  299999956                    44                    44             4.5062197E-05         1.0000000E+30           1000142       
 NEXT SEEDS: E9B06C6     241       0       0       0       0    B26F      7B       0       0
  299999957                    43                    43             4.5062197E-05         1.0000000E+30           1000142       
 NEXT SEEDS: E9B07A9     241       0       0       0       0    B26F      7B       0       0
  299999958                    42                    42             4.5062197E-05         1.0000000E+30           1000142       
 NEXT SEEDS: E9B0884     241       0       0       0       0    B26F      7B       0       0
  299999959                    41                    41             4.5062200E-05         1.0000000E+30           1000142       
 NEXT SEEDS: E9B0948     241       0       0       0       0    B26F      7B       0       0
  299999960                    40                    40             4.5062200E-05         1.0000000E+30           1000142       
 NEXT SEEDS: E9B0A2D     241       0       0       0       0    B26F      7B       0       0
  299999961                    39                    39             4.5062199E-05         1.0000000E+30           1000142       
 NEXT SEEDS: E9B0B0F     241       0       0       0       0    B26F      7B       0       0
  299999962                    38                    38             4.5062199E-05         1.0000000E+30           1000142       
 NEXT SEEDS: E9B0BED     241       0       0       0       0    B26F      7B       0       0
  299999963                    37                    37             4.5062202E-05         1.0000000E+30           1000142       
 NEXT SEEDS: E9B0CB0     241       0       0       0       0    B26F      7B       0       0
  299999964                    36                    36             4.5062202E-05         1.0000000E+30           1000142       
 NEXT SEEDS: E9B0D9F     241       0       0       0       0    B26F      7B       0       0
  299999965                    35                    35             4.5062202E-05         1.0000000E+30           1000142       
 NEXT SEEDS: E9B0E7C     241       0       0       0       0    B26F      7B       0       0
  299999966                    34                    34             4.5062202E-05         1.0000000E+30           1000142       
 NEXT SEEDS: E9B0F50     241       0       0       0       0    B26F      7B       0       0
  299999967                    33                    33             4.5062205E-05         1.0000000E+30           1000142       
 NEXT SEEDS: E9B1023     241       0       0       0       0    B26F      7B       0       0
  299999968                    32                    32             4.5062205E-05         1.0000000E+30           1000142       
 NEXT SEEDS: E9B10F7     241       0       0       0       0    B26F      7B       0       0
  299999969                    31                    31             4.5062205E-05         1.0000000E+30           1000142       
 NEXT SEEDS: E9B11DA     241       0       0       0       0    B26F      7B       0       0
  299999970                    30                    30             4.5062208E-05         1.0000000E+30           1000142       
 NEXT SEEDS: E9B12B1     241       0       0       0       0    B26F      7B       0       0
  299999971                    29                    29             4.5062208E-05         1.0000000E+30           1000142       
 NEXT SEEDS: E9B1361     241       0       0       0       0    B26F      7B       0       0
  299999972                    28                    28             4.5062208E-05         1.0000000E+30           1000142       
 NEXT SEEDS: E9B1444     241       0       0       0       0    B26F      7B       0       0
  299999973                    27                    27             4.5062207E-05         1.0000000E+30           1000142       
 NEXT SEEDS: E9B151C     241       0       0       0       0    B26F      7B       0       0
  299999974                    26                    26             4.5062211E-05         1.0000000E+30           1000142       
 NEXT SEEDS: E9B15FD     241       0       0       0       0    B26F      7B       0       0
  299999975                    25                    25             4.5062210E-05         1.0000000E+30           1000142       
 NEXT SEEDS: E9B16D3     241       0       0       0       0    B26F      7B       0       0
  299999976                    24                    24             4.5062210E-05         1.0000000E+30           1000142       
 NEXT SEEDS: E9B17C6     241       0       0       0       0    B26F      7B       0       0
  299999977                    23                    23             4.5062210E-05         1.0000000E+30           1000142       
 NEXT SEEDS: E9B17CD     241       0       0       0       0    B26F      7B       0       0
  299999978                    22                    22             4.5062213E-05         1.0000000E+30           1000142       
 NEXT SEEDS: E9B18B0     241       0       0       0       0    B26F      7B       0       0
  299999979                    21                    21             4.5062213E-05         1.0000000E+30           1000142       
 NEXT SEEDS: E9B18B7     241       0       0       0       0    B26F      7B       0       0
  299999980                    20                    20             4.5062213E-05         1.0000000E+30           1000142       
 NEXT SEEDS: E9B1977     241       0       0       0       0    B26F      7B       0       0
  299999981                    19                    19             4.5062213E-05         1.0000000E+30           1000142       
 NEXT SEEDS: E9B1A40     241       0       0       0       0    B26F      7B       0       0
  299999982                    18                    18             4.5062216E-05         1.0000000E+30           1000142       
 NEXT SEEDS: E9B1B18     241       0       0       0       0    B26F      7B       0       0
  299999983                    17                    17             4.5062216E-05         1.0000000E+30           1000142       
 NEXT SEEDS: E9B1BFC     241       0       0       0       0    B26F      7B       0       0
  299999984                    16                    16             4.5062216E-05         1.0000000E+30           1000142       
 NEXT SEEDS: E9B1CF5     241       0       0       0       0    B26F      7B       0       0
  299999985                    15                    15             4.5062215E-05         1.0000000E+30           1000142       
 NEXT SEEDS: E9B1DD2     241       0       0       0       0    B26F      7B       0       0
  299999986                    14                    14             4.5062215E-05         1.0000000E+30           1000142       
 NEXT SEEDS: E9B1EA6     241       0       0       0       0    B26F      7B       0       0
  299999987                    13                    13             4.5062215E-05         1.0000000E+30           1000142       
 NEXT SEEDS: E9B1F7A     241       0       0       0       0    B26F      7B       0       0
  299999988                    12                    12             4.5062215E-05         1.0000000E+30           1000142       
 NEXT SEEDS: E9B1F83     241       0       0       0       0    B26F      7B       0       0
  299999989                    11                    11             4.5062215E-05         1.0000000E+30           1000142       
 NEXT SEEDS: E9B2048     241       0       0       0       0    B26F      7B       0       0
  299999990                    10                    10             4.5062215E-05         1.0000000E+30           1000142       
 NEXT SEEDS: E9B2113     241       0       0       0       0    B26F      7B       0       0
  299999991                     9                     9             4.5062214E-05         1.0000000E+30           1000142       
 NEXT SEEDS: E9B211A     241       0       0       0       0    B26F      7B       0       0
  299999992                     8                     8             4.5062214E-05         1.0000000E+30           1000142       
 NEXT SEEDS: E9B21E2     241       0       0       0       0    B26F      7B       0       0
  299999993                     7                     7             4.5062214E-05         1.0000000E+30           1000142       
 NEXT SEEDS: E9B22C5     241       0       0       0       0    B26F      7B       0       0
  299999994                     6                     6             4.5062214E-05         1.0000000E+30           1000142       
 NEXT SEEDS: E9B22D2     241       0       0       0       0    B26F      7B       0       0
  299999995                     5                     5             4.5062214E-05         1.0000000E+30           1000142       
 NEXT SEEDS: E9B22DB     241       0       0       0       0    B26F      7B       0       0
  299999996                     4                     4             4.5062214E-05         1.0000000E+30           1000142       
 NEXT SEEDS: E9B23BB     241       0       0       0       0    B26F      7B       0       0
  299999997                     3                     3             4.5062214E-05         1.0000000E+30           1000142       
 NEXT SEEDS: E9B253C     241       0       0       0       0    B26F      7B       0       0
  299999998                     2                     2             4.5062213E-05         1.0000000E+30           1000142       
 NEXT SEEDS: E9B2543     241       0       0       0       0    B26F      7B       0       0
  299999999                     1                     1             4.5062213E-05         1.0000000E+30           1000142       
 NEXT SEEDS: E9B2603     241       0       0       0       0    B26F      7B       0       0
  300000000                     0                     1             4.5062213E-05         1.0000000E+30           1000142       
 NEXT SEEDS: E9B260A     241       0       0       0       0    B26F      7B       0       0
