1NUMBER OF BEAM       NUMBER OF BEAM        APPROXIMATE NUMBER    AVERAGE TIME USED     TIME LEFT (RESERVED   NUMBER OF STARS
 PARTICLES HANDLED    PARTICLES LEFT        OF BEAM PARTICLES     BY A BEAM PARTICLE     10000.0 SECONDS      CREATED
                                            THAT CAN STILL BE                           FOR PRINTOUT)
                                            HANDLED

 NEXT SEEDS:       0       0       0       0       0       0    B26F      7B       0       0
          1             299999999             299999999             1.3399124E-04         1.0000000E+30                 0       
 NEXT SEEDS:      D8       0       0       0       0       0    B26F      7B       0       0
    6000000             294000000             294000000             4.4925925E-05         1.0000000E+30             19815       
 NEXT SEEDS: 92E5C61       1       0       0       0       0    B26F      7B       0       0
   12000000             288000000             288000000             4.5813770E-05         1.0000000E+30             39791       
 NEXT SEEDS:126512C6       2       0       0       0       0    B26F      7B       0       0
   18000000             282000000             282000000             4.5721868E-05         1.0000000E+30             59513       
 NEXT SEEDS:1B930C4B       3       0       0       0       0    B26F      7B       0       0
   24000000             276000000             276000000             4.5669763E-05         1.0000000E+30             79637       
 NEXT SEEDS:24D0C9FC       4       0       0       0       0    B26F      7B       0       0
   30000000             270000000             270000000             4.5587731E-05         1.0000000E+30             99420       
 NEXT SEEDS:2E03AE7A       5       0       0       0       0    B26F      7B       0       0
   36000000             264000000             264000000             4.5266408E-05         1.0000000E+30            119312       
 NEXT SEEDS:37327F92       6       0       0       0       0    B26F      7B       0       0
   42000000             258000000             258000000             4.5356811E-05         1.0000000E+30            139356       
 NEXT SEEDS: 4CF08FB       8       0       0       0       0    B26F      7B       0       0
  *** Rcfset:kprin,bfcmax,epat00,ppat00,ravpot           1  -9.8358081627118787E-002  0.94269726682981714        9.1231623769783679E-002   12.440777676959296     
  ***RCFSET:EPAT00,VCOUMX,AM(KPRIN),KPRIN  0.94269726682981714        4.4752292692175552E-003  0.93827231000000000                1
   48000000             252000000             252000000             4.5361356E-05         1.0000000E+30            158948       
 NEXT SEEDS: DFB2DE2       9       0       0       0       0    B26F      7B       0       0
   54000000             246000000             246000000             4.5421940E-05         1.0000000E+30            179106       
 NEXT SEEDS:17355AC5       A       0       0       0       0    B26F      7B       0       0
   60000000             240000000             240000000             4.5471067E-05         1.0000000E+30            199005       
 NEXT SEEDS:2068F707       B       0       0       0       0    B26F      7B       0       0
   66000000             234000000             234000000             4.5488227E-05         1.0000000E+30            218913       
 NEXT SEEDS:299DCED8       C       0       0       0       0    B26F      7B       0       0
   72000000             228000000             228000000             4.5537179E-05         1.0000000E+30            238858       
 NEXT SEEDS:32D364F3       D       0       0       0       0    B26F      7B       0       0
   78000000             222000000             222000000             4.5580690E-05         1.0000000E+30            258699       
 NEXT SEEDS:  6CC31A       F       0       0       0       0    B26F      7B       0       0
   84000000             216000000             216000000             4.5615794E-05         1.0000000E+30            278549       
 NEXT SEEDS: 9A0D205      10       0       0       0       0    B26F      7B       0       0
   90000000             210000000             210000000             4.5709091E-05         1.0000000E+30            298480       
 NEXT SEEDS:12D54C54      11       0       0       0       0    B26F      7B       0       0
   96000000             204000000             204000000             4.5698897E-05         1.0000000E+30            318488       
 NEXT SEEDS:1C0A499E      12       0       0       0       0    B26F      7B       0       0
  102000000             198000000             198000000             4.5748361E-05         1.0000000E+30            338444       
 NEXT SEEDS:25425E85      13       0       0       0       0    B26F      7B       0       0
  108000000             192000000             192000000             4.5735115E-05         1.0000000E+30            358317       
 NEXT SEEDS:2E721ED4      14       0       0       0       0    B26F      7B       0       0
  114000000             186000000             186000000             4.5742071E-05         1.0000000E+30            378161       
 NEXT SEEDS:37A64637      15       0       0       0       0    B26F      7B       0       0
  120000000             180000000             180000000             4.5739749E-05         1.0000000E+30            398253       
 NEXT SEEDS: 54623D6      17       0       0       0       0    B26F      7B       0       0
  126000000             174000000             174000000             4.5746038E-05         1.0000000E+30            418164       
 NEXT SEEDS: E766F00      18       0       0       0       0    B26F      7B       0       0
  132000000             168000000             168000000             4.5789772E-05         1.0000000E+30            438248       
 NEXT SEEDS:17B51331      19       0       0       0       0    B26F      7B       0       0
  138000000             162000000             162000000             4.5808614E-05         1.0000000E+30            458312       
 NEXT SEEDS:20ECDC90      1A       0       0       0       0    B26F      7B       0       0
  144000000             156000000             156000000             4.5825384E-05         1.0000000E+30            478160       
 NEXT SEEDS:2A20AA03      1B       0       0       0       0    B26F      7B       0       0
  150000000             150000000             150000000             4.5842209E-05         1.0000000E+30            498244       
 NEXT SEEDS:33574385      1C       0       0       0       0    B26F      7B       0       0
  156000000             144000000             144000000             4.5853687E-05         1.0000000E+30            518283       
 NEXT SEEDS:  F2F972      1E       0       0       0       0    B26F      7B       0       0
  162000000             138000000             138000000             4.5875421E-05         1.0000000E+30            538239       
 NEXT SEEDS: A2AAAD6      1F       0       0       0       0    B26F      7B       0       0
  168000000             132000000             132000000             4.5894298E-05         1.0000000E+30            558178       
 NEXT SEEDS:136117D8      20       0       0       0       0    B26F      7B       0       0
  174000000             126000000             126000000             4.5917269E-05         1.0000000E+30            578162       
 NEXT SEEDS:1C990A27      21       0       0       0       0    B26F      7B       0       0
  180000000             120000000             120000000             4.5920670E-05         1.0000000E+30            598084       
 NEXT SEEDS:25CF95EE      22       0       0       0       0    B26F      7B       0       0
  186000000             114000000             114000000             4.5887054E-05         1.0000000E+30            618029       
 NEXT SEEDS:2F05D509      23       0       0       0       0    B26F      7B       0       0
  192000000             108000000             108000000             4.5872461E-05         1.0000000E+30            638101       
 NEXT SEEDS:3839C990      24       0       0       0       0    B26F      7B       0       0
  198000000             102000000             102000000             4.5877224E-05         1.0000000E+30            658055       
 NEXT SEEDS: 5D6A178      26       0       0       0       0    B26F      7B       0       0
  204000000              96000000              96000000             4.5879839E-05         1.0000000E+30            677797       
 NEXT SEEDS: F060C02      27       0       0       0       0    B26F      7B       0       0
  210000000              90000000              90000000             4.5889043E-05         1.0000000E+30            697550       
 NEXT SEEDS:18372D54      28       0       0       0       0    B26F      7B       0       0
  216000000              84000000              84000000             4.5869881E-05         1.0000000E+30            717473       
 NEXT SEEDS:2168B21D      29       0       0       0       0    B26F      7B       0       0
  222000000              78000000              78000000             4.5867930E-05         1.0000000E+30            737602       
 NEXT SEEDS:2AA72FD6      2A       0       0       0       0    B26F      7B       0       0
  228000000              72000000              72000000             4.5881446E-05         1.0000000E+30            757515       
 NEXT SEEDS:33D7541C      2B       0       0       0       0    B26F      7B       0       0
  234000000              66000000              66000000             4.5882524E-05         1.0000000E+30            777472       
 NEXT SEEDS: 175C60E      2D       0       0       0       0    B26F      7B       0       0
  240000000              60000000              60000000             4.5885502E-05         1.0000000E+30            797376       
 NEXT SEEDS: AAA8B27      2E       0       0       0       0    B26F      7B       0       0
  246000000              54000000              54000000             4.5881426E-05         1.0000000E+30            817196       
 NEXT SEEDS:13DE558F      2F       0       0       0       0    B26F      7B       0       0
  252000000              48000000              48000000             4.5876588E-05         1.0000000E+30            836998       
 NEXT SEEDS:1D109C03      30       0       0       0       0    B26F      7B       0       0
  258000000              42000000              42000000             4.5886506E-05         1.0000000E+30            857090       
 NEXT SEEDS:26400894      31       0       0       0       0    B26F      7B       0       0
  264000000              36000000              36000000             4.5893680E-05         1.0000000E+30            877275       
 NEXT SEEDS:2F79BDC5      32       0       0       0       0    B26F      7B       0       0
  270000000              30000000              30000000             4.5886295E-05         1.0000000E+30            897205       
 NEXT SEEDS:38B17D02      33       0       0       0       0    B26F      7B       0       0
  276000000              24000000              24000000             4.5889259E-05         1.0000000E+30            917057       
 NEXT SEEDS: 64D3A77      35       0       0       0       0    B26F      7B       0       0
  282000000              18000000              18000000             4.5896151E-05         1.0000000E+30            937275       
 NEXT SEEDS: F8ADF24      36       0       0       0       0    B26F      7B       0       0
  288000000              12000000              12000000             4.5903472E-05         1.0000000E+30            957194       
 NEXT SEEDS:18BBDCE2      37       0       0       0       0    B26F      7B       0       0
  294000000               6000000               6000000             4.5892079E-05         1.0000000E+30            977037       
 NEXT SEEDS:21E8C9A8      38       0       0       0       0    B26F      7B       0       0
  299999950                    50                    50             4.5887725E-05         1.0000000E+30            997115       
 NEXT SEEDS:2B1E4E50      39       0       0       0       0    B26F      7B       0       0
  299999951                    49                    49             4.5887725E-05         1.0000000E+30            997115       
 NEXT SEEDS:2B1E4F2C      39       0       0       0       0    B26F      7B       0       0
  299999952                    48                    48             4.5887725E-05         1.0000000E+30            997115       
 NEXT SEEDS:2B1E5013      39       0       0       0       0    B26F      7B       0       0
  299999953                    47                    47             4.5887725E-05         1.0000000E+30            997115       
 NEXT SEEDS:2B1E501C      39       0       0       0       0    B26F      7B       0       0
  299999954                    46                    46             4.5887728E-05         1.0000000E+30            997115       
 NEXT SEEDS:2B1E50E3      39       0       0       0       0    B26F      7B       0       0
  299999955                    45                    45             4.5887728E-05         1.0000000E+30            997115       
 NEXT SEEDS:2B1E51A8      39       0       0       0       0    B26F      7B       0       0
  299999956                    44                    44             4.5887728E-05         1.0000000E+30            997115       
 NEXT SEEDS:2B1E527D      39       0       0       0       0    B26F      7B       0       0
  299999957                    43                    43             4.5887727E-05         1.0000000E+30            997115       
 NEXT SEEDS:2B1E5347      39       0       0       0       0    B26F      7B       0       0
  299999958                    42                    42             4.5887727E-05         1.0000000E+30            997115       
 NEXT SEEDS:2B1E5401      39       0       0       0       0    B26F      7B       0       0
  299999959                    41                    41             4.5887730E-05         1.0000000E+30            997115       
 NEXT SEEDS:2B1E5408      39       0       0       0       0    B26F      7B       0       0
  299999960                    40                    40             4.5887730E-05         1.0000000E+30            997115       
 NEXT SEEDS:2B1E54DC      39       0       0       0       0    B26F      7B       0       0
  299999961                    39                    39             4.5887730E-05         1.0000000E+30            997115       
 NEXT SEEDS:2B1E55C0      39       0       0       0       0    B26F      7B       0       0
  299999962                    38                    38             4.5887730E-05         1.0000000E+30            997115       
 NEXT SEEDS:2B1E5695      39       0       0       0       0    B26F      7B       0       0
  299999963                    37                    37             4.5887733E-05         1.0000000E+30            997115       
 NEXT SEEDS:2B1E5773      39       0       0       0       0    B26F      7B       0       0
  299999964                    36                    36             4.5887733E-05         1.0000000E+30            997115       
 NEXT SEEDS:2B1E5825      39       0       0       0       0    B26F      7B       0       0
  299999965                    35                    35             4.5887733E-05         1.0000000E+30            997115       
 NEXT SEEDS:2B1E5900      39       0       0       0       0    B26F      7B       0       0
  299999966                    34                    34             4.5887733E-05         1.0000000E+30            997115       
 NEXT SEEDS:2B1E59E4      39       0       0       0       0    B26F      7B       0       0
  299999967                    33                    33             4.5887732E-05         1.0000000E+30            997115       
 NEXT SEEDS:2B1E5ABC      39       0       0       0       0    B26F      7B       0       0
  299999968                    32                    32             4.5887736E-05         1.0000000E+30            997115       
 NEXT SEEDS:2B1E5B71      39       0       0       0       0    B26F      7B       0       0
  299999969                    31                    31             4.5887735E-05         1.0000000E+30            997115       
 NEXT SEEDS:2B1E5C34      39       0       0       0       0    B26F      7B       0       0
  299999970                    30                    30             4.5887735E-05         1.0000000E+30            997115       
 NEXT SEEDS:2B1E5D18      39       0       0       0       0    B26F      7B       0       0
  299999971                    29                    29             4.5887735E-05         1.0000000E+30            997115       
 NEXT SEEDS:2B1E5DD6      39       0       0       0       0    B26F      7B       0       0
  299999972                    28                    28             4.5887738E-05         1.0000000E+30            997115       
 NEXT SEEDS:2B1E5EA1      39       0       0       0       0    B26F      7B       0       0
  299999973                    27                    27             4.5887738E-05         1.0000000E+30            997115       
 NEXT SEEDS:2B1E5F73      39       0       0       0       0    B26F      7B       0       0
  299999974                    26                    26             4.5887738E-05         1.0000000E+30            997115       
 NEXT SEEDS:2B1E5F82      39       0       0       0       0    B26F      7B       0       0
  299999975                    25                    25             4.5887738E-05         1.0000000E+30            997115       
 NEXT SEEDS:2B1E6053      39       0       0       0       0    B26F      7B       0       0
  299999976                    24                    24             4.5887741E-05         1.0000000E+30            997115       
 NEXT SEEDS:2B1E6139      39       0       0       0       0    B26F      7B       0       0
  299999977                    23                    23             4.5887741E-05         1.0000000E+30            997115       
 NEXT SEEDS:2B1E6211      39       0       0       0       0    B26F      7B       0       0
  299999978                    22                    22             4.5887741E-05         1.0000000E+30            997115       
 NEXT SEEDS:2B1E62E3      39       0       0       0       0    B26F      7B       0       0
  299999979                    21                    21             4.5887740E-05         1.0000000E+30            997115       
 NEXT SEEDS:2B1E63CE      39       0       0       0       0    B26F      7B       0       0
  299999980                    20                    20             4.5887740E-05         1.0000000E+30            997115       
 NEXT SEEDS:2B1E6498      39       0       0       0       0    B26F      7B       0       0
  299999981                    19                    19             4.5887740E-05         1.0000000E+30            997115       
 NEXT SEEDS:2B1E64A1      39       0       0       0       0    B26F      7B       0       0
  299999982                    18                    18             4.5887740E-05         1.0000000E+30            997115       
 NEXT SEEDS:2B1E64A8      39       0       0       0       0    B26F      7B       0       0
  299999983                    17                    17             4.5887740E-05         1.0000000E+30            997115       
 NEXT SEEDS:2B1E658D      39       0       0       0       0    B26F      7B       0       0
  299999984                    16                    16             4.5887740E-05         1.0000000E+30            997115       
 NEXT SEEDS:2B1E665C      39       0       0       0       0    B26F      7B       0       0
  299999985                    15                    15             4.5887739E-05         1.0000000E+30            997115       
 NEXT SEEDS:2B1E672C      39       0       0       0       0    B26F      7B       0       0
  299999986                    14                    14             4.5887739E-05         1.0000000E+30            997115       
 NEXT SEEDS:2B1E6733      39       0       0       0       0    B26F      7B       0       0
  299999987                    13                    13             4.5887739E-05         1.0000000E+30            997115       
 NEXT SEEDS:2B1E6806      39       0       0       0       0    B26F      7B       0       0
  299999988                    12                    12             4.5887739E-05         1.0000000E+30            997115       
 NEXT SEEDS:2B1E68D3      39       0       0       0       0    B26F      7B       0       0
  299999989                    11                    11             4.5887739E-05         1.0000000E+30            997115       
 NEXT SEEDS:2B1E69A1      39       0       0       0       0    B26F      7B       0       0
  299999990                    10                    10             4.5887739E-05         1.0000000E+30            997115       
 NEXT SEEDS:2B1E6A7B      39       0       0       0       0    B26F      7B       0       0
  299999991                     9                     9             4.5887739E-05         1.0000000E+30            997115       
 NEXT SEEDS:2B1E6B4A      39       0       0       0       0    B26F      7B       0       0
  299999992                     8                     8             4.5887738E-05         1.0000000E+30            997115       
 NEXT SEEDS:2B1E6C18      39       0       0       0       0    B26F      7B       0       0
  299999993                     7                     7             4.5887738E-05         1.0000000E+30            997115       
 NEXT SEEDS:2B1E6CFA      39       0       0       0       0    B26F      7B       0       0
  299999994                     6                     6             4.5887738E-05         1.0000000E+30            997115       
 NEXT SEEDS:2B1E6DDB      39       0       0       0       0    B26F      7B       0       0
  299999995                     5                     5             4.5887738E-05         1.0000000E+30            997115       
 NEXT SEEDS:2B1E6EA2      39       0       0       0       0    B26F      7B       0       0
  299999996                     4                     4             4.5887738E-05         1.0000000E+30            997115       
 NEXT SEEDS:2B1E6F65      39       0       0       0       0    B26F      7B       0       0
  299999997                     3                     3             4.5887738E-05         1.0000000E+30            997115       
 NEXT SEEDS:2B1E7033      39       0       0       0       0    B26F      7B       0       0
  299999998                     2                     2             4.5887737E-05         1.0000000E+30            997115       
 NEXT SEEDS:2B1E7105      39       0       0       0       0    B26F      7B       0       0
  299999999                     1                     1             4.5887741E-05         1.0000000E+30            997115       
 NEXT SEEDS:2B1E7204      39       0       0       0       0    B26F      7B       0       0
  300000000                     0                     1             4.5887740E-05         1.0000000E+30            997115       
 NEXT SEEDS:2B1E72DC      39       0       0       0       0    B26F      7B       0       0
