1NUMBER OF BEAM       NUMBER OF BEAM        APPROXIMATE NUMBER    AVERAGE TIME USED     TIME LEFT (RESERVED   NUMBER OF STARS
 PARTICLES HANDLED    PARTICLES LEFT        OF BEAM PARTICLES     BY A BEAM PARTICLE     10000.0 SECONDS      CREATED
                                            THAT CAN STILL BE                           FOR PRINTOUT)
                                            HANDLED

 NEXT SEEDS:1EE2F603     207       0       0       0       0    B271      7B       0       0
          1             299999999             299999999             9.7036362E-05         1.0000000E+30                 0       
 NEXT SEEDS:1EE2F6D4     207       0       0       0       0    B271      7B       0       0
    6000000             294000000             294000000             4.4236073E-05         1.0000000E+30             19829       
 NEXT SEEDS:281A84BD     208       0       0       0       0    B271      7B       0       0
   12000000             288000000             288000000             4.4688217E-05         1.0000000E+30             39893       
 NEXT SEEDS:314DDD0F     209       0       0       0       0    B271      7B       0       0
   18000000             282000000             282000000             4.5337297E-05         1.0000000E+30             59768       
 NEXT SEEDS:3A7F88DC     20A       0       0       0       0    B271      7B       0       0
   24000000             276000000             276000000             4.5667623E-05         1.0000000E+30             79860       
 NEXT SEEDS: 81C606F     20C       0       0       0       0    B271      7B       0       0
   30000000             270000000             270000000             4.5903678E-05         1.0000000E+30             99813       
 NEXT SEEDS:11509D90     20D       0       0       0       0    B271      7B       0       0
   36000000             264000000             264000000             4.6042857E-05         1.0000000E+30            119922       
 NEXT SEEDS:1A8D2E71     20E       0       0       0       0    B271      7B       0       0
   42000000             258000000             258000000             4.6062924E-05         1.0000000E+30            139888       
 NEXT SEEDS:23C24937     20F       0       0       0       0    B271      7B       0       0
   48000000             252000000             252000000             4.6162203E-05         1.0000000E+30            159765       
 NEXT SEEDS:2CF6352D     210       0       0       0       0    B271      7B       0       0
   54000000             246000000             246000000             4.6170991E-05         1.0000000E+30            179707       
 NEXT SEEDS:362F48BD     211       0       0       0       0    B271      7B       0       0
   60000000             240000000             240000000             4.6223232E-05         1.0000000E+30            199777       
 NEXT SEEDS: 3CDDBF9     213       0       0       0       0    B271      7B       0       0
   66000000             234000000             234000000             4.6289331E-05         1.0000000E+30            219659       
 NEXT SEEDS: D00B8EE     214       0       0       0       0    B271      7B       0       0
   72000000             228000000             228000000             4.6319209E-05         1.0000000E+30            239643       
 NEXT SEEDS:16382620     215       0       0       0       0    B271      7B       0       0
   78000000             222000000             222000000             4.6387615E-05         1.0000000E+30            259560       
 NEXT SEEDS:1F6DC6CB     216       0       0       0       0    B271      7B       0       0
   84000000             216000000             216000000             4.6452504E-05         1.0000000E+30            279517       
 NEXT SEEDS:28AA0ED5     217       0       0       0       0    B271      7B       0       0
   90000000             210000000             210000000             4.6497701E-05         1.0000000E+30            299097       
 NEXT SEEDS:31DB3A60     218       0       0       0       0    B271      7B       0       0
   96000000             204000000             204000000             4.6463706E-05         1.0000000E+30            319186       
 NEXT SEEDS:3B199165     219       0       0       0       0    B271      7B       0       0
  102000000             198000000             198000000             4.6455850E-05         1.0000000E+30            339092       
 NEXT SEEDS: 8AF4727     21B       0       0       0       0    B271      7B       0       0
  108000000             192000000             192000000             4.6435557E-05         1.0000000E+30            359204       
 NEXT SEEDS:11EC28AA     21C       0       0       0       0    B271      7B       0       0
  114000000             186000000             186000000             4.6476902E-05         1.0000000E+30            378967       
 NEXT SEEDS:1B190A1F     21D       0       0       0       0    B271      7B       0       0
  120000000             180000000             180000000             4.6500510E-05         1.0000000E+30            399024       
 NEXT SEEDS:2453444D     21E       0       0       0       0    B271      7B       0       0
  126000000             174000000             174000000             4.6469332E-05         1.0000000E+30            419059       
 NEXT SEEDS:2D9155F5     21F       0       0       0       0    B271      7B       0       0
  132000000             168000000             168000000             4.6472912E-05         1.0000000E+30            439098       
 NEXT SEEDS:36CC09AD     220       0       0       0       0    B271      7B       0       0
  138000000             162000000             162000000             4.6481223E-05         1.0000000E+30            458919       
 NEXT SEEDS: 469AC02     222       0       0       0       0    B271      7B       0       0
  144000000             156000000             156000000             4.6480995E-05         1.0000000E+30            478926       
 NEXT SEEDS: D9C5E75     223       0       0       0       0    B271      7B       0       0
  150000000             150000000             150000000             4.6504353E-05         1.0000000E+30            498769       
 NEXT SEEDS:16C930DF     224       0       0       0       0    B271      7B       0       0
  156000000             144000000             144000000             4.6508439E-05         1.0000000E+30            518827       
 NEXT SEEDS:20088E6C     225       0       0       0       0    B271      7B       0       0
  162000000             138000000             138000000             4.6522618E-05         1.0000000E+30            538770       
 NEXT SEEDS:294008F3     226       0       0       0       0    B271      7B       0       0
  168000000             132000000             132000000             4.6538668E-05         1.0000000E+30            558752       
 NEXT SEEDS:32789BE9     227       0       0       0       0    B271      7B       0       0
  174000000             126000000             126000000             4.6551599E-05         1.0000000E+30            578556       
 NEXT SEEDS:   D4B69     229       0       0       0       0    B271      7B       0       0
  180000000             120000000             120000000             4.6553826E-05         1.0000000E+30            598699       
 NEXT SEEDS: 947A37C     22A       0       0       0       0    B271      7B       0       0
  186000000             114000000             114000000             4.6542250E-05         1.0000000E+30            618630       
 NEXT SEEDS:12779836     22B       0       0       0       0    B271      7B       0       0
  192000000             108000000             108000000             4.6605861E-05         1.0000000E+30            638839       
 NEXT SEEDS:1BAF6A3B     22C       0       0       0       0    B271      7B       0       0
  198000000             102000000             102000000             4.6632202E-05         1.0000000E+30            658799       
 NEXT SEEDS:24E29D70     22D       0       0       0       0    B271      7B       0       0
  204000000              96000000              96000000             4.6676141E-05         1.0000000E+30            678761       
 NEXT SEEDS:2E18D428     22E       0       0       0       0    B271      7B       0       0
  210000000              90000000              90000000             4.6698884E-05         1.0000000E+30            698769       
 NEXT SEEDS:374D0F8E     22F       0       0       0       0    B271      7B       0       0
  216000000              84000000              84000000             4.6722196E-05         1.0000000E+30            718548       
 NEXT SEEDS: 4E43F99     231       0       0       0       0    B271      7B       0       0
  222000000              78000000              78000000             4.6729246E-05         1.0000000E+30            738385       
 NEXT SEEDS: E1ADE8F     232       0       0       0       0    B271      7B       0       0
  228000000              72000000              72000000             4.6746617E-05         1.0000000E+30            758405       
 NEXT SEEDS:175174E1     233       0       0       0       0    B271      7B       0       0
  234000000              66000000              66000000             4.6744963E-05         1.0000000E+30            778440       
 NEXT SEEDS:2088AC2D     234       0       0       0       0    B271      7B       0       0
  240000000              60000000              60000000             4.6725835E-05         1.0000000E+30            798289       
 NEXT SEEDS:29BBA373     235       0       0       0       0    B271      7B       0       0
  246000000              54000000              54000000             4.6723423E-05         1.0000000E+30            818463       
 NEXT SEEDS:32F59805     236       0       0       0       0    B271      7B       0       0
  252000000              48000000              48000000             4.6727950E-05         1.0000000E+30            838698       
 NEXT SEEDS:  948635     238       0       0       0       0    B271      7B       0       0
  258000000              42000000              42000000             4.6604337E-05         1.0000000E+30            858440       
 NEXT SEEDS: 9C2A202     239       0       0       0       0    B271      7B       0       0
  264000000              36000000              36000000             4.6436568E-05         1.0000000E+30            878305       
 NEXT SEEDS:12F3E486     23A       0       0       0       0    B271      7B       0       0
  270000000              30000000              30000000             4.6289385E-05         1.0000000E+30            898467       
 NEXT SEEDS:1C2713DC     23B       0       0       0       0    B271      7B       0       0
  276000000              24000000              24000000             4.6141492E-05         1.0000000E+30            918508       
 NEXT SEEDS:255A7713     23C       0       0       0       0    B271      7B       0       0
  282000000              18000000              18000000             4.5996603E-05         1.0000000E+30            938363       
 NEXT SEEDS:2E8D0C84     23D       0       0       0       0    B271      7B       0       0
  288000000              12000000              12000000             4.5825843E-05         1.0000000E+30            958398       
 NEXT SEEDS:37C24A31     23E       0       0       0       0    B271      7B       0       0
  294000000               6000000               6000000             4.5628644E-05         1.0000000E+30            978461       
 NEXT SEEDS: 558B090     240       0       0       0       0    B271      7B       0       0
  299999950                    50                    50             4.5412257E-05         1.0000000E+30            998479       
 NEXT SEEDS: E8D201C     241       0       0       0       0    B271      7B       0       0
  299999951                    49                    49             4.5412257E-05         1.0000000E+30            998479       
 NEXT SEEDS: E8D20FC     241       0       0       0       0    B271      7B       0       0
  299999952                    48                    48             4.5412257E-05         1.0000000E+30            998479       
 NEXT SEEDS: E8D21DE     241       0       0       0       0    B271      7B       0       0
  299999953                    47                    47             4.5412257E-05         1.0000000E+30            998479       
 NEXT SEEDS: E8D22A5     241       0       0       0       0    B271      7B       0       0
  299999954                    46                    46             4.5412260E-05         1.0000000E+30            998479       
 NEXT SEEDS: E8D236C     241       0       0       0       0    B271      7B       0       0
  299999955                    45                    45             4.5412260E-05         1.0000000E+30            998479       
 NEXT SEEDS: E8D2453     241       0       0       0       0    B271      7B       0       0
  299999956                    44                    44             4.5412260E-05         1.0000000E+30            998479       
 NEXT SEEDS: E8D2524     241       0       0       0       0    B271      7B       0       0
  299999957                    43                    43             4.5412260E-05         1.0000000E+30            998479       
 NEXT SEEDS: E8D2603     241       0       0       0       0    B271      7B       0       0
  299999958                    42                    42             4.5412259E-05         1.0000000E+30            998479       
 NEXT SEEDS: E8D26D5     241       0       0       0       0    B271      7B       0       0
  299999959                    41                    41             4.5412259E-05         1.0000000E+30            998479       
 NEXT SEEDS: E8D27EB     241       0       0       0       0    B271      7B       0       0
  299999960                    40                    40             4.5412262E-05         1.0000000E+30            998479       
 NEXT SEEDS: E8D27F4     241       0       0       0       0    B271      7B       0       0
  299999961                    39                    39             4.5412262E-05         1.0000000E+30            998479       
 NEXT SEEDS: E8D28AE     241       0       0       0       0    B271      7B       0       0
  299999962                    38                    38             4.5412262E-05         1.0000000E+30            998479       
 NEXT SEEDS: E8D297A     241       0       0       0       0    B271      7B       0       0
  299999963                    37                    37             4.5412262E-05         1.0000000E+30            998479       
 NEXT SEEDS: E8D2A4D     241       0       0       0       0    B271      7B       0       0
  299999964                    36                    36             4.5412262E-05         1.0000000E+30            998479       
 NEXT SEEDS: E8D2B0C     241       0       0       0       0    B271      7B       0       0
  299999965                    35                    35             4.5412262E-05         1.0000000E+30            998479       
 NEXT SEEDS: E8D2B13     241       0       0       0       0    B271      7B       0       0
  299999966                    34                    34             4.5412261E-05         1.0000000E+30            998479       
 NEXT SEEDS: E8D2BDF     241       0       0       0       0    B271      7B       0       0
  299999967                    33                    33             4.5412265E-05         1.0000000E+30            998479       
 NEXT SEEDS: E8D2CC6     241       0       0       0       0    B271      7B       0       0
  299999968                    32                    32             4.5412264E-05         1.0000000E+30            998479       
 NEXT SEEDS: E8D2CCD     241       0       0       0       0    B271      7B       0       0
  299999969                    31                    31             4.5412264E-05         1.0000000E+30            998479       
 NEXT SEEDS: E8D2DAF     241       0       0       0       0    B271      7B       0       0
  299999970                    30                    30             4.5412264E-05         1.0000000E+30            998479       
 NEXT SEEDS: E8D2E8A     241       0       0       0       0    B271      7B       0       0
  299999971                    29                    29             4.5412264E-05         1.0000000E+30            998479       
 NEXT SEEDS: E8D2F65     241       0       0       0       0    B271      7B       0       0
  299999972                    28                    28             4.5412264E-05         1.0000000E+30            998479       
 NEXT SEEDS: E8D3036     241       0       0       0       0    B271      7B       0       0
  299999973                    27                    27             4.5412267E-05         1.0000000E+30            998479       
 NEXT SEEDS: E8D30FE     241       0       0       0       0    B271      7B       0       0
  299999974                    26                    26             4.5412267E-05         1.0000000E+30            998479       
 NEXT SEEDS: E8D31E0     241       0       0       0       0    B271      7B       0       0
  299999975                    25                    25             4.5412267E-05         1.0000000E+30            998479       
 NEXT SEEDS: E8D329B     241       0       0       0       0    B271      7B       0       0
  299999976                    24                    24             4.5412266E-05         1.0000000E+30            998479       
 NEXT SEEDS: E8D335D     241       0       0       0       0    B271      7B       0       0
  299999977                    23                    23             4.5412266E-05         1.0000000E+30            998479       
 NEXT SEEDS: E8D3425     241       0       0       0       0    B271      7B       0       0
  299999978                    22                    22             4.5412266E-05         1.0000000E+30            998479       
 NEXT SEEDS: E8D34FE     241       0       0       0       0    B271      7B       0       0
  299999979                    21                    21             4.5412266E-05         1.0000000E+30            998479       
 NEXT SEEDS: E8D3505     241       0       0       0       0    B271      7B       0       0
  299999980                    20                    20             4.5412269E-05         1.0000000E+30            998479       
 NEXT SEEDS: E8D35EE     241       0       0       0       0    B271      7B       0       0
  299999981                    19                    19             4.5412269E-05         1.0000000E+30            998479       
 NEXT SEEDS: E8D36A3     241       0       0       0       0    B271      7B       0       0
  299999982                    18                    18             4.5412269E-05         1.0000000E+30            998479       
 NEXT SEEDS: E8D3793     241       0       0       0       0    B271      7B       0       0
  299999983                    17                    17             4.5412269E-05         1.0000000E+30            998479       
 NEXT SEEDS: E8D385D     241       0       0       0       0    B271      7B       0       0
  299999984                    16                    16             4.5412268E-05         1.0000000E+30            998479       
 NEXT SEEDS: E8D393B     241       0       0       0       0    B271      7B       0       0
  299999985                    15                    15             4.5412268E-05         1.0000000E+30            998479       
 NEXT SEEDS: E8D3A10     241       0       0       0       0    B271      7B       0       0
  299999986                    14                    14             4.5412268E-05         1.0000000E+30            998479       
 NEXT SEEDS: E8D3AE3     241       0       0       0       0    B271      7B       0       0
  299999987                    13                    13             4.5412271E-05         1.0000000E+30            998479       
 NEXT SEEDS: E8D3BC2     241       0       0       0       0    B271      7B       0       0
  299999988                    12                    12             4.5412271E-05         1.0000000E+30            998479       
 NEXT SEEDS: E8D3C93     241       0       0       0       0    B271      7B       0       0
  299999989                    11                    11             4.5412271E-05         1.0000000E+30            998479       
 NEXT SEEDS: E8D3DA6     241       0       0       0       0    B271      7B       0       0
  299999990                    10                    10             4.5412271E-05         1.0000000E+30            998479       
 NEXT SEEDS: E8D3E8A     241       0       0       0       0    B271      7B       0       0
  299999991                     9                     9             4.5412271E-05         1.0000000E+30            998479       
 NEXT SEEDS: E8D3F5D     241       0       0       0       0    B271      7B       0       0
  299999992                     8                     8             4.5412270E-05         1.0000000E+30            998479       
 NEXT SEEDS: E8D3F64     241       0       0       0       0    B271      7B       0       0
  299999993                     7                     7             4.5412274E-05         1.0000000E+30            998479       
 NEXT SEEDS: E8D402B     241       0       0       0       0    B271      7B       0       0
  299999994                     6                     6             4.5412273E-05         1.0000000E+30            998479       
 NEXT SEEDS: E8D40F1     241       0       0       0       0    B271      7B       0       0
  299999995                     5                     5             4.5412273E-05         1.0000000E+30            998479       
 NEXT SEEDS: E8D41CD     241       0       0       0       0    B271      7B       0       0
  299999996                     4                     4             4.5412273E-05         1.0000000E+30            998479       
 NEXT SEEDS: E8D41D4     241       0       0       0       0    B271      7B       0       0
  299999997                     3                     3             4.5412273E-05         1.0000000E+30            998479       
 NEXT SEEDS: E8D429D     241       0       0       0       0    B271      7B       0       0
  299999998                     2                     2             4.5412273E-05         1.0000000E+30            998479       
 NEXT SEEDS: E8D4396     241       0       0       0       0    B271      7B       0       0
  299999999                     1                     1             4.5412273E-05         1.0000000E+30            998479       
 NEXT SEEDS: E8D447C     241       0       0       0       0    B271      7B       0       0
  300000000                     0                     1             4.5412276E-05         1.0000000E+30            998479       
 NEXT SEEDS: E8D4558     241       0       0       0       0    B271      7B       0       0
