  **** corretto_47.rnc ****


  Total primaries run:     12000000000

    Total weight of the primaries run:   1.20000000E+10


  Beam intensity  :   6.24151023E+12  pr/s

  Irradiation time:   3600.00000      s

  Decay time      :   6000.00000      s

  Detector n:            1   Acti_6000 
     (Region           3  Volume:    0.104084887      cmc,
      distr. type  :           3    ,
      Z_max:          46 , N-Z_max:          22 , N-Z_min:          -4 )

     Tot. response (Bq/cmc)   7.68415334E+09   +/-   2.01714449E-02  %
     ( --> Bq                 799804224.       +/-   2.01714449E-02  % )



  **** Residual nuclei distribution  **** ****           (Bq/cmc)            ****



  A \ Z   36         37         38         39         40         41         42         43         44         45         46
 101   0.00E+00   0.00E+00   0.00E+00   0.00E+00   0.00E+00   0.00E+00   4.78E+05   2.53E+06   0.00E+00   0.00E+00   0.00E+00
      +/- 0.0 %  +/- 0.0 %  +/- 0.0 %  +/- 0.0 %  +/- 0.0 %  +/- 0.0 %  +/- 0.9 %  +/- 0.9 %  +/- 0.0 %  +/- 0.0 %  +/- 0.0 %
  99   0.00E+00   0.00E+00   0.00E+00   0.00E+00   0.00E+00   0.00E+00   1.61E+07   3.88E+01   0.00E+00   0.00E+00   0.00E+00
      +/- 0.0 %  +/- 0.0 %  +/- 0.0 %  +/- 0.0 %  +/- 0.0 %  +/- 0.0 %  +/- 0.2 %  +/- 0.0 %  +/- 0.0 %  +/- 0.0 %  +/- 0.0 %
  98   0.00E+00   0.00E+00   0.00E+00   0.00E+00   0.00E+00   0.00E+00   0.00E+00   5.91E-02   0.00E+00   0.00E+00   0.00E+00
      +/- 0.0 %  +/- 0.0 %  +/- 0.0 %  +/- 0.0 %  +/- 0.0 %  +/- 0.0 %  +/- 0.0 %  +/- 0.1 %  +/- 0.0 %  +/- 0.0 %  +/- 0.0 %
  97   0.00E+00   0.00E+00   0.00E+00   0.00E+00   5.63E+02   1.08E+07   0.00E+00   2.99E-03   0.00E+00   0.00E+00   0.00E+00
      +/- 0.0 %  +/- 0.0 %  +/- 0.0 %  +/- 0.0 %  +/-56.2 %  +/- 0.9 %  +/- 0.0 %  +/- 0.5 %  +/- 0.0 %  +/- 0.0 %  +/- 0.0 %
  96   0.00E+00   0.00E+00   0.00E+00   0.00E+00   0.00E+00   4.99E+06   0.00E+00   5.79E+05   0.00E+00   0.00E+00   0.00E+00
      +/- 0.0 %  +/- 0.0 %  +/- 0.0 %  +/- 0.0 %  +/- 0.0 %  +/- 0.5 %  +/- 0.0 %  +/- 0.6 %  +/- 0.0 %  +/- 0.0 %  +/- 0.0 %
  95   0.00E+00   0.00E+00   0.00E+00   0.00E+00   0.00E+00   1.30E+02   0.00E+00   1.55E+06   0.00E+00   0.00E+00   0.00E+00
      +/- 0.0 %  +/- 0.0 %  +/- 0.0 %  +/- 0.0 %  +/- 0.0 %  +/-14.8 %  +/- 0.0 %  +/- 0.9 %  +/- 0.0 %  +/- 0.0 %  +/- 0.0 %
  94   0.00E+00   0.00E+00   0.00E+00   0.00E+00   0.00E+00   2.25E-03   0.00E+00   4.81E+06   0.00E+00   0.00E+00   0.00E+00
      +/- 0.0 %  +/- 0.0 %  +/- 0.0 %  +/- 0.0 %  +/- 0.0 %  +/- 9.9 %  +/- 0.0 %  +/- 0.7 %  +/- 0.0 %  +/- 0.0 %  +/- 0.0 %
  93   0.00E+00   0.00E+00   0.00E+00   0.00E+00   0.00E+00   0.00E+00   3.03E-01   3.72E+06   0.00E+00   0.00E+00   0.00E+00
      +/- 0.0 %  +/- 0.0 %  +/- 0.0 %  +/- 0.0 %  +/- 0.0 %  +/- 0.0 %  +/- 1.2 %  +/- 1.5 %  +/- 0.0 %  +/- 0.0 %  +/- 0.0 %
  92   0.00E+00   0.00E+00   0.00E+00   0.00E+00   0.00E+00   1.73E-06   0.00E+00   1.97E+00   0.00E+00   0.00E+00   0.00E+00
      +/- 0.0 %  +/- 0.0 %  +/- 0.0 %  +/- 0.0 %  +/- 0.0 %  +/- 5.5 %  +/- 0.0 %  +/- 1.3 %  +/- 0.0 %  +/- 0.0 %  +/- 0.0 %
  91   0.00E+00   0.00E+00   0.00E+00   0.00E+00   0.00E+00   9.47E-01   3.55E+04   0.00E+00   0.00E+00   0.00E+00   0.00E+00
      +/- 0.0 %  +/- 0.0 %  +/- 0.0 %  +/- 0.0 %  +/- 0.0 %  +/- 2.2 %  +/- 3.3 %  +/- 0.0 %  +/- 0.0 %  +/- 0.0 %  +/- 0.0 %
  90   0.00E+00   0.00E+00   0.00E+00   0.00E+00   0.00E+00   6.42E+02   0.00E+00   0.00E+00   0.00E+00   0.00E+00   0.00E+00
      +/- 0.0 %  +/- 0.0 %  +/- 0.0 %  +/- 0.0 %  +/- 0.0 %  +/-56.2 %  +/- 0.0 %  +/- 0.0 %  +/- 0.0 %  +/- 0.0 %  +/- 0.0 %
  89   0.00E+00   0.00E+00   0.00E+00   0.00E+00   1.90E+03   2.87E+04   0.00E+00   0.00E+00   0.00E+00   0.00E+00   0.00E+00
      +/- 0.0 %  +/- 0.0 %  +/- 0.0 %  +/- 0.0 %  +/-12.6 %  +/-12.6 %  +/- 0.0 %  +/- 0.0 %  +/- 0.0 %  +/- 0.0 %  +/- 0.0 %

  A \ Z   25         26         27         28         29         30         31         32         33         34         35

  A \ Z   14         15         16         17         18         19         20         21         22         23         24

  A \ Z    3          4          5          6          7          8          9         10         11         12         13

  A \ Z    1          2
   3   6.64E+00   0.00E+00
      +/- 7.4 %  +/- 0.0 %


  **** Isomers (Bq/cmc)     ****
      A        Z       mth
       89      39       1    1.89E+03 +/- 12.6 %
       89      41       1    2.88E+04 +/- 12.6 %
       91      41       1    1.80E+03 +/-  2.9 %
       91      42       1    3.55E-22 +/-  3.3 %
       92      41       1    2.14E+03 +/-  5.5 %
       93      41       1    1.79E+00 +/-  8.6 %
       93      42       1    2.57E+05 +/-  2.9 %
       93      43       1    1.76E+06 +/-  1.5 %
       94      41       1    4.52E+00 +/-  9.9 %
       94      43       1    6.69E+06 +/-  0.7 %
       95      41       1    1.22E+03 +/- 14.8 %
       95      43       1    2.28E+04 +/-  0.9 %
       96      43       1    6.94E+06 +/-  0.6 %
       97      41       1    5.33E+02 +/- 56.2 %
       97      43       1    3.14E+04 +/-  0.5 %
       99      43       1    7.62E+09 +/-  0.0 %

