1NUMBER OF BEAM       NUMBER OF BEAM        APPROXIMATE NUMBER    AVERAGE TIME USED     TIME LEFT (RESERVED   NUMBER OF STARS
 PARTICLES HANDLED    PARTICLES LEFT        OF BEAM PARTICLES     BY A BEAM PARTICLE     10000.0 SECONDS      CREATED
                                            THAT CAN STILL BE                           FOR PRINTOUT)
                                            HANDLED

 NEXT SEEDS:       0       0       0       0       0       0    B270      7B       0       0
          1             299999999             299999999             1.1396408E-04         1.0000000E+30                 0       
 NEXT SEEDS:      E7       0       0       0       0       0    B270      7B       0       0
    6000000             294000000             294000000             4.2846680E-05         1.0000000E+30             19926       
 NEXT SEEDS: 931C1E9       1       0       0       0       0    B270      7B       0       0
   12000000             288000000             288000000             4.3547247E-05         1.0000000E+30             39985       
 NEXT SEEDS:12661BFE       2       0       0       0       0    B270      7B       0       0
   18000000             282000000             282000000             4.3431566E-05         1.0000000E+30             60039       
 NEXT SEEDS:1B9DB29D       3       0       0       0       0    B270      7B       0       0
   24000000             276000000             276000000             4.3614454E-05         1.0000000E+30             79846       
 NEXT SEEDS:24CDE009       4       0       0       0       0    B270      7B       0       0
   30000000             270000000             270000000             4.3753522E-05         1.0000000E+30             99931       
 NEXT SEEDS:2E07E97E       5       0       0       0       0    B270      7B       0       0
   36000000             264000000             264000000             4.4140715E-05         1.0000000E+30            119719       
 NEXT SEEDS:373D4D45       6       0       0       0       0    B270      7B       0       0
  *** Rcfset:kprin,bfcmax,epat00,ppat00,ravpot           1  -6.4725464681863798E-002  0.94283738281840346        9.2668240120985429E-002   12.440777676959296     
   42000000             258000000             258000000             4.4218847E-05         1.0000000E+30            139506       
 NEXT SEEDS: 4D7282A       8       0       0       0       0    B270      7B       0       0
   48000000             252000000             252000000             4.4194976E-05         1.0000000E+30            159397       
 NEXT SEEDS: E0EF992       9       0       0       0       0    B270      7B       0       0
   54000000             246000000             246000000             4.4152763E-05         1.0000000E+30            179397       
 NEXT SEEDS:1745A9E3       A       0       0       0       0    B270      7B       0       0
   60000000             240000000             240000000             4.4197432E-05         1.0000000E+30            199444       
 NEXT SEEDS:207998C8       B       0       0       0       0    B270      7B       0       0
   66000000             234000000             234000000             4.4132941E-05         1.0000000E+30            219318       
 NEXT SEEDS:29AC3729       C       0       0       0       0    B270      7B       0       0
   72000000             228000000             228000000             4.4143201E-05         1.0000000E+30            238969       
 NEXT SEEDS:32D88787       D       0       0       0       0    B270      7B       0       0
   78000000             222000000             222000000             4.4149022E-05         1.0000000E+30            259038       
 NEXT SEEDS:  70587C       F       0       0       0       0    B270      7B       0       0
   84000000             216000000             216000000             4.4136622E-05         1.0000000E+30            278838       
 NEXT SEEDS: 99F2618      10       0       0       0       0    B270      7B       0       0
   90000000             210000000             210000000             4.4156458E-05         1.0000000E+30            298796       
 NEXT SEEDS:12CF3730      11       0       0       0       0    B270      7B       0       0
   96000000             204000000             204000000             4.4184666E-05         1.0000000E+30            318837       
 NEXT SEEDS:1C05D338      12       0       0       0       0    B270      7B       0       0
  102000000             198000000             198000000             4.4172277E-05         1.0000000E+30            338621       
 NEXT SEEDS:2537FB45      13       0       0       0       0    B270      7B       0       0
  108000000             192000000             192000000             4.4164265E-05         1.0000000E+30            358779       
 NEXT SEEDS:2E76EFB0      14       0       0       0       0    B270      7B       0       0
  114000000             186000000             186000000             4.4152433E-05         1.0000000E+30            378800       
 NEXT SEEDS:37AD39C2      15       0       0       0       0    B270      7B       0       0
  120000000             180000000             180000000             4.4149621E-05         1.0000000E+30            398638       
 NEXT SEEDS: 54A14F5      17       0       0       0       0    B270      7B       0       0
  126000000             174000000             174000000             4.4154614E-05         1.0000000E+30            418868       
 NEXT SEEDS: E7DA8A2      18       0       0       0       0    B270      7B       0       0
  132000000             168000000             168000000             4.4178133E-05         1.0000000E+30            438852       
 NEXT SEEDS:17B9F98A      19       0       0       0       0    B270      7B       0       0
  138000000             162000000             162000000             4.4190617E-05         1.0000000E+30            459021       
 NEXT SEEDS:20F961F0      1A       0       0       0       0    B270      7B       0       0
  144000000             156000000             156000000             4.4189897E-05         1.0000000E+30            479094       
 NEXT SEEDS:2A32D638      1B       0       0       0       0    B270      7B       0       0
  150000000             150000000             150000000             4.4164358E-05         1.0000000E+30            499165       
 NEXT SEEDS:336F0356      1C       0       0       0       0    B270      7B       0       0
  156000000             144000000             144000000             4.4170388E-05         1.0000000E+30            518947       
 NEXT SEEDS: 105D8B2      1E       0       0       0       0    B270      7B       0       0
  162000000             138000000             138000000             4.4148422E-05         1.0000000E+30            539151       
 NEXT SEEDS: A3D4BF4      1F       0       0       0       0    B270      7B       0       0
  168000000             132000000             132000000             4.4154843E-05         1.0000000E+30            559116       
 NEXT SEEDS:1372AC38      20       0       0       0       0    B270      7B       0       0
  174000000             126000000             126000000             4.4170881E-05         1.0000000E+30            579015       
 NEXT SEEDS:1CAEE8F0      21       0       0       0       0    B270      7B       0       0
  180000000             120000000             120000000             4.4175984E-05         1.0000000E+30            599094       
 NEXT SEEDS:25E70306      22       0       0       0       0    B270      7B       0       0
  186000000             114000000             114000000             4.4176274E-05         1.0000000E+30            619065       
 NEXT SEEDS:2F1CA776      23       0       0       0       0    B270      7B       0       0
  192000000             108000000             108000000             4.4178212E-05         1.0000000E+30            639041       
 NEXT SEEDS:38558D48      24       0       0       0       0    B270      7B       0       0
  198000000             102000000             102000000             4.4185335E-05         1.0000000E+30            658990       
 NEXT SEEDS: 5F3DB04      26       0       0       0       0    B270      7B       0       0
  204000000              96000000              96000000             4.4197892E-05         1.0000000E+30            679104       
 NEXT SEEDS: F2F437F      27       0       0       0       0    B270      7B       0       0
  210000000              90000000              90000000             4.4211346E-05         1.0000000E+30            699012       
 NEXT SEEDS:185FF2A1      28       0       0       0       0    B270      7B       0       0
  216000000              84000000              84000000             4.4224785E-05         1.0000000E+30            719053       
 NEXT SEEDS:219DAAF6      29       0       0       0       0    B270      7B       0       0
  222000000              78000000              78000000             4.4227020E-05         1.0000000E+30            738907       
 NEXT SEEDS:2AD26D1A      2A       0       0       0       0    B270      7B       0       0
  228000000              72000000              72000000             4.4209669E-05         1.0000000E+30            758777       
 NEXT SEEDS:3404530C      2B       0       0       0       0    B270      7B       0       0
  234000000              66000000              66000000             4.4205028E-05         1.0000000E+30            778647       
 NEXT SEEDS: 19CC07E      2D       0       0       0       0    B270      7B       0       0
  240000000              60000000              60000000             4.4193725E-05         1.0000000E+30            798527       
 NEXT SEEDS: AD5FA97      2E       0       0       0       0    B270      7B       0       0
  246000000              54000000              54000000             4.4188040E-05         1.0000000E+30            818720       
 NEXT SEEDS:140F417B      2F       0       0       0       0    B270      7B       0       0
  *** Rcfset:kprin,bfcmax,epat00,ppat00,ravpot           1  -1.9405429020378895E-002  0.94304084956290590        9.4715976643812788E-002   12.440777676959296     
  *** Rcfset:kprin,bfcmax,epat00,ppat00,ravpot           1  -4.7581524479045179E-002  0.94291227618164897        9.3427152698356816E-002   12.440777676959296     
  252000000              48000000              48000000             4.4203485E-05         1.0000000E+30            838577       
 NEXT SEEDS:1D42389D      30       0       0       0       0    B270      7B       0       0
  258000000              42000000              42000000             4.4205714E-05         1.0000000E+30            858249       
 NEXT SEEDS:266DFE13      31       0       0       0       0    B270      7B       0       0
  264000000              36000000              36000000             4.4201164E-05         1.0000000E+30            877981       
 NEXT SEEDS:2F9F3007      32       0       0       0       0    B270      7B       0       0
  270000000              30000000              30000000             4.4200904E-05         1.0000000E+30            897829       
 NEXT SEEDS:38D14031      33       0       0       0       0    B270      7B       0       0
  *** Rcfset:kprin,bfcmax,epat00,ppat00,ravpot           1  -3.8545155323125524E-002  0.94295274919003569        9.3834745655914514E-002   12.440777676959296     
  276000000              24000000              24000000             4.4195351E-05         1.0000000E+30            917815       
 NEXT SEEDS: 6703C0E      35       0       0       0       0    B270      7B       0       0
  282000000              18000000              18000000             4.4196995E-05         1.0000000E+30            937726       
 NEXT SEEDS: FAAA432      36       0       0       0       0    B270      7B       0       0
  288000000              12000000              12000000             4.4197571E-05         1.0000000E+30            957492       
 NEXT SEEDS:18DD8BB4      37       0       0       0       0    B270      7B       0       0
  294000000               6000000               6000000             4.4209276E-05         1.0000000E+30            977436       
 NEXT SEEDS:22107606      38       0       0       0       0    B270      7B       0       0
  299999950                    50                    50             4.4221094E-05         1.0000000E+30            996969       
 NEXT SEEDS:2B3D4F96      39       0       0       0       0    B270      7B       0       0
  299999951                    49                    49             4.4221094E-05         1.0000000E+30            996969       
 NEXT SEEDS:2B3D5073      39       0       0       0       0    B270      7B       0       0
  299999952                    48                    48             4.4221094E-05         1.0000000E+30            996969       
 NEXT SEEDS:2B3D513B      39       0       0       0       0    B270      7B       0       0
  299999953                    47                    47             4.4221097E-05         1.0000000E+30            996969       
 NEXT SEEDS:2B3D5207      39       0       0       0       0    B270      7B       0       0
  299999954                    46                    46             4.4221097E-05         1.0000000E+30            996969       
 NEXT SEEDS:2B3D52DF      39       0       0       0       0    B270      7B       0       0
  299999955                    45                    45             4.4221097E-05         1.0000000E+30            996969       
 NEXT SEEDS:2B3D53AE      39       0       0       0       0    B270      7B       0       0
  299999956                    44                    44             4.4221097E-05         1.0000000E+30            996969       
 NEXT SEEDS:2B3D54A6      39       0       0       0       0    B270      7B       0       0
  299999957                    43                    43             4.4221100E-05         1.0000000E+30            996969       
 NEXT SEEDS:2B3D558C      39       0       0       0       0    B270      7B       0       0
  299999958                    42                    42             4.4221100E-05         1.0000000E+30            996969       
 NEXT SEEDS:2B3D565D      39       0       0       0       0    B270      7B       0       0
  299999959                    41                    41             4.4221100E-05         1.0000000E+30            996969       
 NEXT SEEDS:2B3D573E      39       0       0       0       0    B270      7B       0       0
  299999960                    40                    40             4.4221099E-05         1.0000000E+30            996969       
 NEXT SEEDS:2B3D5807      39       0       0       0       0    B270      7B       0       0
  299999961                    39                    39             4.4221103E-05         1.0000000E+30            996969       
 NEXT SEEDS:2B3D58E6      39       0       0       0       0    B270      7B       0       0
  299999962                    38                    38             4.4221102E-05         1.0000000E+30            996969       
 NEXT SEEDS:2B3D58EF      39       0       0       0       0    B270      7B       0       0
  299999963                    37                    37             4.4221102E-05         1.0000000E+30            996969       
 NEXT SEEDS:2B3D59BE      39       0       0       0       0    B270      7B       0       0
  299999964                    36                    36             4.4221102E-05         1.0000000E+30            996969       
 NEXT SEEDS:2B3D5A85      39       0       0       0       0    B270      7B       0       0
  299999965                    35                    35             4.4221102E-05         1.0000000E+30            996969       
 NEXT SEEDS:2B3D5B50      39       0       0       0       0    B270      7B       0       0
  299999966                    34                    34             4.4221105E-05         1.0000000E+30            996969       
 NEXT SEEDS:2B3D5C22      39       0       0       0       0    B270      7B       0       0
  299999967                    33                    33             4.4221105E-05         1.0000000E+30            996969       
 NEXT SEEDS:2B3D5CDE      39       0       0       0       0    B270      7B       0       0
  299999968                    32                    32             4.4221105E-05         1.0000000E+30            996969       
 NEXT SEEDS:2B3D5CE7      39       0       0       0       0    B270      7B       0       0
  299999969                    31                    31             4.4221105E-05         1.0000000E+30            996969       
 NEXT SEEDS:2B3D5DBE      39       0       0       0       0    B270      7B       0       0
  299999970                    30                    30             4.4221108E-05         1.0000000E+30            996969       
 NEXT SEEDS:2B3D5E95      39       0       0       0       0    B270      7B       0       0
  299999971                    29                    29             4.4221108E-05         1.0000000E+30            996969       
 NEXT SEEDS:2B3D5F59      39       0       0       0       0    B270      7B       0       0
  299999972                    28                    28             4.4221107E-05         1.0000000E+30            996969       
 NEXT SEEDS:2B3D602F      39       0       0       0       0    B270      7B       0       0
  299999973                    27                    27             4.4221107E-05         1.0000000E+30            996969       
 NEXT SEEDS:2B3D60F5      39       0       0       0       0    B270      7B       0       0
  299999974                    26                    26             4.4221107E-05         1.0000000E+30            996969       
 NEXT SEEDS:2B3D61CF      39       0       0       0       0    B270      7B       0       0
  299999975                    25                    25             4.4221110E-05         1.0000000E+30            996969       
 NEXT SEEDS:2B3D629C      39       0       0       0       0    B270      7B       0       0
  299999976                    24                    24             4.4221110E-05         1.0000000E+30            996969       
 NEXT SEEDS:2B3D6389      39       0       0       0       0    B270      7B       0       0
  299999977                    23                    23             4.4221110E-05         1.0000000E+30            996969       
 NEXT SEEDS:2B3D644A      39       0       0       0       0    B270      7B       0       0
  299999978                    22                    22             4.4221110E-05         1.0000000E+30            996969       
 NEXT SEEDS:2B3D6523      39       0       0       0       0    B270      7B       0       0
  299999979                    21                    21             4.4221113E-05         1.0000000E+30            996969       
 NEXT SEEDS:2B3D6605      39       0       0       0       0    B270      7B       0       0
  299999980                    20                    20             4.4221113E-05         1.0000000E+30            996969       
 NEXT SEEDS:2B3D660E      39       0       0       0       0    B270      7B       0       0
  299999981                    19                    19             4.4221113E-05         1.0000000E+30            996969       
 NEXT SEEDS:2B3D66F2      39       0       0       0       0    B270      7B       0       0
  299999982                    18                    18             4.4221112E-05         1.0000000E+30            996969       
 NEXT SEEDS:2B3D67B7      39       0       0       0       0    B270      7B       0       0
  299999983                    17                    17             4.4221116E-05         1.0000000E+30            996969       
 NEXT SEEDS:2B3D67BE      39       0       0       0       0    B270      7B       0       0
  299999984                    16                    16             4.4221115E-05         1.0000000E+30            996969       
 NEXT SEEDS:2B3D6BDD      39       0       0       0       0    B270      7B       0       0
  299999985                    15                    15             4.4221115E-05         1.0000000E+30            996969       
 NEXT SEEDS:2B3D6CB5      39       0       0       0       0    B270      7B       0       0
  299999986                    14                    14             4.4221115E-05         1.0000000E+30            996969       
 NEXT SEEDS:2B3D6CC0      39       0       0       0       0    B270      7B       0       0
  299999987                    13                    13             4.4221118E-05         1.0000000E+30            996969       
 NEXT SEEDS:2B3D6D9B      39       0       0       0       0    B270      7B       0       0
  299999988                    12                    12             4.4221118E-05         1.0000000E+30            996969       
 NEXT SEEDS:2B3D6E7D      39       0       0       0       0    B270      7B       0       0
  299999989                    11                    11             4.4221118E-05         1.0000000E+30            996969       
 NEXT SEEDS:2B3D6F5C      39       0       0       0       0    B270      7B       0       0
  299999990                    10                    10             4.4221118E-05         1.0000000E+30            996969       
 NEXT SEEDS:2B3D7032      39       0       0       0       0    B270      7B       0       0
  299999991                     9                     9             4.4221121E-05         1.0000000E+30            996969       
 NEXT SEEDS:2B3D710E      39       0       0       0       0    B270      7B       0       0
  299999992                     8                     8             4.4221121E-05         1.0000000E+30            996969       
 NEXT SEEDS:2B3D7211      39       0       0       0       0    B270      7B       0       0
  299999993                     7                     7             4.4221121E-05         1.0000000E+30            996969       
 NEXT SEEDS:2B3D72E8      39       0       0       0       0    B270      7B       0       0
  299999994                     6                     6             4.4221120E-05         1.0000000E+30            996969       
 NEXT SEEDS:2B3D73CA      39       0       0       0       0    B270      7B       0       0
  299999995                     5                     5             4.4221120E-05         1.0000000E+30            996969       
 NEXT SEEDS:2B3D7495      39       0       0       0       0    B270      7B       0       0
  299999996                     4                     4             4.4221123E-05         1.0000000E+30            996969       
 NEXT SEEDS:2B3D7578      39       0       0       0       0    B270      7B       0       0
  299999997                     3                     3             4.4221123E-05         1.0000000E+30            996969       
 NEXT SEEDS:2B3D7658      39       0       0       0       0    B270      7B       0       0
  299999998                     2                     2             4.4221123E-05         1.0000000E+30            996969       
 NEXT SEEDS:2B3D7726      39       0       0       0       0    B270      7B       0       0
  299999999                     1                     1             4.4221123E-05         1.0000000E+30            996969       
 NEXT SEEDS:2B3D77ED      39       0       0       0       0    B270      7B       0       0
  300000000                     0                     1             4.4221126E-05         1.0000000E+30            996969       
 NEXT SEEDS:2B3D77F6      39       0       0       0       0    B270      7B       0       0
