1NUMBER OF BEAM       NUMBER OF BEAM        APPROXIMATE NUMBER    AVERAGE TIME USED     TIME LEFT (RESERVED   NUMBER OF STARS
 PARTICLES HANDLED    PARTICLES LEFT        OF BEAM PARTICLES     BY A BEAM PARTICLE     10000.0 SECONDS      CREATED
                                            THAT CAN STILL BE                           FOR PRINTOUT)
                                            HANDLED

 NEXT SEEDS: 9D7F36A      AD       0       0       0       0    B26F      7B       0       0
          1             299999999             299999999             1.1181831E-04         1.0000000E+30                 0       
 NEXT SEEDS: 9D7F45F      AD       0       0       0       0    B26F      7B       0       0
    6000000             294000000             294000000             4.3436786E-05         1.0000000E+30             19967       
 NEXT SEEDS:13129D73      AE       0       0       0       0    B26F      7B       0       0
   12000000             288000000             288000000             4.3393055E-05         1.0000000E+30             39788       
 NEXT SEEDS:1C40E45C      AF       0       0       0       0    B26F      7B       0       0
   18000000             282000000             282000000             4.3588134E-05         1.0000000E+30             59909       
 NEXT SEEDS:2578923F      B0       0       0       0       0    B26F      7B       0       0
   24000000             276000000             276000000             4.3434066E-05         1.0000000E+30             79652       
 NEXT SEEDS:2EAEE261      B1       0       0       0       0    B26F      7B       0       0
   30000000             270000000             270000000             4.3421785E-05         1.0000000E+30             99480       
 NEXT SEEDS:37E0B8FB      B2       0       0       0       0    B26F      7B       0       0
  *** Rcfset:kprin,bfcmax,epat00,ppat00,ravpot           1  -3.2366903801568814E-002  0.94298082980756870        9.4116511154178711E-002   12.440777676959296     
   36000000             264000000             264000000             4.3510511E-05         1.0000000E+30            119562       
 NEXT SEEDS: 57E4987      B4       0       0       0       0    B26F      7B       0       0
   42000000             258000000             258000000             4.3495835E-05         1.0000000E+30            139500       
 NEXT SEEDS: EB5FD59      B5       0       0       0       0    B26F      7B       0       0
   48000000             252000000             252000000             4.3566070E-05         1.0000000E+30            159539       
 NEXT SEEDS:17F18B24      B6       0       0       0       0    B26F      7B       0       0
   54000000             246000000             246000000             4.3613295E-05         1.0000000E+30            179696       
 NEXT SEEDS:212A143E      B7       0       0       0       0    B26F      7B       0       0
   60000000             240000000             240000000             4.3565812E-05         1.0000000E+30            199660       
 NEXT SEEDS:2A5D8002      B8       0       0       0       0    B26F      7B       0       0
   66000000             234000000             234000000             4.3601329E-05         1.0000000E+30            219893       
 NEXT SEEDS:339C6861      B9       0       0       0       0    B26F      7B       0       0
   72000000             228000000             228000000             4.3622955E-05         1.0000000E+30            239891       
 NEXT SEEDS: 13255B5      BB       0       0       0       0    B26F      7B       0       0
   78000000             222000000             222000000             4.3656607E-05         1.0000000E+30            260087       
 NEXT SEEDS: A6A6F26      BC       0       0       0       0    B26F      7B       0       0
   84000000             216000000             216000000             4.3686985E-05         1.0000000E+30            279910       
 NEXT SEEDS:139E9A27      BD       0       0       0       0    B26F      7B       0       0
   90000000             210000000             210000000             4.3749210E-05         1.0000000E+30            299995       
 NEXT SEEDS:1CD72C96      BE       0       0       0       0    B26F      7B       0       0
   96000000             204000000             204000000             4.3801135E-05         1.0000000E+30            319928       
 NEXT SEEDS:260D9B6D      BF       0       0       0       0    B26F      7B       0       0
  102000000             198000000             198000000             4.3816748E-05         1.0000000E+30            339582       
 NEXT SEEDS:2F419D9D      C0       0       0       0       0    B26F      7B       0       0
  108000000             192000000             192000000             4.3852623E-05         1.0000000E+30            359600       
 NEXT SEEDS:38844ED2      C1       0       0       0       0    B26F      7B       0       0
  114000000             186000000             186000000             4.3880395E-05         1.0000000E+30            379375       
 NEXT SEEDS: 622A795      C3       0       0       0       0    B26F      7B       0       0
  120000000             180000000             180000000             4.3904140E-05         1.0000000E+30            399438       
 NEXT SEEDS: F5C435E      C4       0       0       0       0    B26F      7B       0       0
  126000000             174000000             174000000             4.3932766E-05         1.0000000E+30            419415       
 NEXT SEEDS:18951BD5      C5       0       0       0       0    B26F      7B       0       0
  132000000             168000000             168000000             4.3949420E-05         1.0000000E+30            439276       
 NEXT SEEDS:21C83AED      C6       0       0       0       0    B26F      7B       0       0
  138000000             162000000             162000000             4.3985116E-05         1.0000000E+30            459099       
 NEXT SEEDS:2AFC9633      C7       0       0       0       0    B26F      7B       0       0
  144000000             156000000             156000000             4.4059053E-05         1.0000000E+30            478976       
 NEXT SEEDS:3433AEE6      C8       0       0       0       0    B26F      7B       0       0
  150000000             150000000             150000000             4.4090226E-05         1.0000000E+30            499016       
 NEXT SEEDS: 1CC8132      CA       0       0       0       0    B26F      7B       0       0
  156000000             144000000             144000000             4.4107636E-05         1.0000000E+30            518833       
 NEXT SEEDS: B018D00      CB       0       0       0       0    B26F      7B       0       0
  162000000             138000000             138000000             4.4097350E-05         1.0000000E+30            538832       
 NEXT SEEDS:143795EC      CC       0       0       0       0    B26F      7B       0       0
  168000000             132000000             132000000             4.4110274E-05         1.0000000E+30            558768       
 NEXT SEEDS:1D6931E9      CD       0       0       0       0    B26F      7B       0       0
  174000000             126000000             126000000             4.4137323E-05         1.0000000E+30            578956       
 NEXT SEEDS:26A72DD7      CE       0       0       0       0    B26F      7B       0       0
  180000000             120000000             120000000             4.4125631E-05         1.0000000E+30            598802       
 NEXT SEEDS:2FD45EC6      CF       0       0       0       0    B26F      7B       0       0
  186000000             114000000             114000000             4.4142193E-05         1.0000000E+30            618773       
 NEXT SEEDS:3909FB16      D0       0       0       0       0    B26F      7B       0       0
  192000000             108000000             108000000             4.4159829E-05         1.0000000E+30            638826       
 NEXT SEEDS: 6A6F20C      D2       0       0       0       0    B26F      7B       0       0
  198000000             102000000             102000000             4.4171755E-05         1.0000000E+30            658652       
 NEXT SEEDS: FD62DB2      D3       0       0       0       0    B26F      7B       0       0
  204000000              96000000              96000000             4.4235374E-05         1.0000000E+30            678660       
 NEXT SEEDS:19118A00      D4       0       0       0       0    B26F      7B       0       0
  210000000              90000000              90000000             4.4313141E-05         1.0000000E+30            698533       
 NEXT SEEDS:224540A8      D5       0       0       0       0    B26F      7B       0       0
  216000000              84000000              84000000             4.4389186E-05         1.0000000E+30            718334       
 NEXT SEEDS:2B7A32B8      D6       0       0       0       0    B26F      7B       0       0
  222000000              78000000              78000000             4.4456150E-05         1.0000000E+30            738303       
 NEXT SEEDS:34AF264D      D7       0       0       0       0    B26F      7B       0       0
  228000000              72000000              72000000             4.4502826E-05         1.0000000E+30            757986       
 NEXT SEEDS: 240A258      D9       0       0       0       0    B26F      7B       0       0
  234000000              66000000              66000000             4.4559598E-05         1.0000000E+30            778096       
 NEXT SEEDS: B783DC5      DA       0       0       0       0    B26F      7B       0       0
  240000000              60000000              60000000             4.4630407E-05         1.0000000E+30            798112       
 NEXT SEEDS:14AD8774      DB       0       0       0       0    B26F      7B       0       0
  246000000              54000000              54000000             4.4692894E-05         1.0000000E+30            818226       
 NEXT SEEDS:1DE2C417      DC       0       0       0       0    B26F      7B       0       0
  252000000              48000000              48000000             4.4741295E-05         1.0000000E+30            837865       
 NEXT SEEDS:2717B264      DD       0       0       0       0    B26F      7B       0       0
  258000000              42000000              42000000             4.4777657E-05         1.0000000E+30            857794       
 NEXT SEEDS:304CF3B3      DE       0       0       0       0    B26F      7B       0       0
  264000000              36000000              36000000             4.4823508E-05         1.0000000E+30            877689       
 NEXT SEEDS:397ADA75      DF       0       0       0       0    B26F      7B       0       0
  270000000              30000000              30000000             4.4872699E-05         1.0000000E+30            897688       
 NEXT SEEDS: 7172DA8      E1       0       0       0       0    B26F      7B       0       0
  276000000              24000000              24000000             4.4924818E-05         1.0000000E+30            917493       
 NEXT SEEDS:1043BD1C      E2       0       0       0       0    B26F      7B       0       0
  282000000              18000000              18000000             4.4972285E-05         1.0000000E+30            937278       
 NEXT SEEDS:197116E1      E3       0       0       0       0    B26F      7B       0       0
  288000000              12000000              12000000             4.5019059E-05         1.0000000E+30            957202       
 NEXT SEEDS:22A24F29      E4       0       0       0       0    B26F      7B       0       0
  294000000               6000000               6000000             4.5051780E-05         1.0000000E+30            977247       
 NEXT SEEDS:2BD95D12      E5       0       0       0       0    B26F      7B       0       0
  299999950                    50                    50             4.5091852E-05         1.0000000E+30            997175       
 NEXT SEEDS:350689FA      E6       0       0       0       0    B26F      7B       0       0
  299999951                    49                    49             4.5091852E-05         1.0000000E+30            997175       
 NEXT SEEDS:35068AB9      E6       0       0       0       0    B26F      7B       0       0
  299999952                    48                    48             4.5091852E-05         1.0000000E+30            997175       
 NEXT SEEDS:35068B74      E6       0       0       0       0    B26F      7B       0       0
  299999953                    47                    47             4.5091852E-05         1.0000000E+30            997175       
 NEXT SEEDS:35068C51      E6       0       0       0       0    B26F      7B       0       0
  299999954                    46                    46             4.5091852E-05         1.0000000E+30            997175       
 NEXT SEEDS:35068C58      E6       0       0       0       0    B26F      7B       0       0
  299999955                    45                    45             4.5091855E-05         1.0000000E+30            997175       
 NEXT SEEDS:35068D37      E6       0       0       0       0    B26F      7B       0       0
  299999956                    44                    44             4.5091855E-05         1.0000000E+30            997175       
 NEXT SEEDS:35068E08      E6       0       0       0       0    B26F      7B       0       0
  299999957                    43                    43             4.5091855E-05         1.0000000E+30            997175       
 NEXT SEEDS:35068EDA      E6       0       0       0       0    B26F      7B       0       0
  299999958                    42                    42             4.5091854E-05         1.0000000E+30            997175       
 NEXT SEEDS:35068FA1      E6       0       0       0       0    B26F      7B       0       0
  299999959                    41                    41             4.5091854E-05         1.0000000E+30            997175       
 NEXT SEEDS:3506907F      E6       0       0       0       0    B26F      7B       0       0
  299999960                    40                    40             4.5091854E-05         1.0000000E+30            997175       
 NEXT SEEDS:35069145      E6       0       0       0       0    B26F      7B       0       0
  299999961                    39                    39             4.5091857E-05         1.0000000E+30            997175       
 NEXT SEEDS:3506921F      E6       0       0       0       0    B26F      7B       0       0
  299999962                    38                    38             4.5091857E-05         1.0000000E+30            997175       
 NEXT SEEDS:35069226      E6       0       0       0       0    B26F      7B       0       0
  299999963                    37                    37             4.5091857E-05         1.0000000E+30            997175       
 NEXT SEEDS:350692F1      E6       0       0       0       0    B26F      7B       0       0
  299999964                    36                    36             4.5091857E-05         1.0000000E+30            997175       
 NEXT SEEDS:350693C4      E6       0       0       0       0    B26F      7B       0       0
  299999965                    35                    35             4.5091857E-05         1.0000000E+30            997175       
 NEXT SEEDS:35069481      E6       0       0       0       0    B26F      7B       0       0
  299999966                    34                    34             4.5091856E-05         1.0000000E+30            997175       
 NEXT SEEDS:3506955E      E6       0       0       0       0    B26F      7B       0       0
  299999967                    33                    33             4.5091856E-05         1.0000000E+30            997175       
 NEXT SEEDS:35069640      E6       0       0       0       0    B26F      7B       0       0
  299999968                    32                    32             4.5091859E-05         1.0000000E+30            997175       
 NEXT SEEDS:3506970E      E6       0       0       0       0    B26F      7B       0       0
  299999969                    31                    31             4.5091859E-05         1.0000000E+30            997175       
 NEXT SEEDS:350697D7      E6       0       0       0       0    B26F      7B       0       0
  299999970                    30                    30             4.5091859E-05         1.0000000E+30            997175       
 NEXT SEEDS:350698A7      E6       0       0       0       0    B26F      7B       0       0
  299999971                    29                    29             4.5091859E-05         1.0000000E+30            997175       
 NEXT SEEDS:3506996C      E6       0       0       0       0    B26F      7B       0       0
  299999972                    28                    28             4.5091859E-05         1.0000000E+30            997175       
 NEXT SEEDS:35069A4C      E6       0       0       0       0    B26F      7B       0       0
  299999973                    27                    27             4.5091859E-05         1.0000000E+30            997175       
 NEXT SEEDS:35069B2D      E6       0       0       0       0    B26F      7B       0       0
  299999974                    26                    26             4.5091862E-05         1.0000000E+30            997175       
 NEXT SEEDS:35069B34      E6       0       0       0       0    B26F      7B       0       0
  299999975                    25                    25             4.5091862E-05         1.0000000E+30            997175       
 NEXT SEEDS:35069C02      E6       0       0       0       0    B26F      7B       0       0
  299999976                    24                    24             4.5091861E-05         1.0000000E+30            997175       
 NEXT SEEDS:35069CDC      E6       0       0       0       0    B26F      7B       0       0
  299999977                    23                    23             4.5091861E-05         1.0000000E+30            997175       
 NEXT SEEDS:35069E7A      E6       0       0       0       0    B26F      7B       0       0
  299999978                    22                    22             4.5091861E-05         1.0000000E+30            997175       
 NEXT SEEDS:35069F4C      E6       0       0       0       0    B26F      7B       0       0
  299999979                    21                    21             4.5091861E-05         1.0000000E+30            997175       
 NEXT SEEDS:35069F55      E6       0       0       0       0    B26F      7B       0       0
  299999980                    20                    20             4.5091864E-05         1.0000000E+30            997175       
 NEXT SEEDS:3506A03D      E6       0       0       0       0    B26F      7B       0       0
  299999981                    19                    19             4.5091864E-05         1.0000000E+30            997175       
 NEXT SEEDS:3506A0E6      E6       0       0       0       0    B26F      7B       0       0
  299999982                    18                    18             4.5091864E-05         1.0000000E+30            997175       
 NEXT SEEDS:3506A1BF      E6       0       0       0       0    B26F      7B       0       0
  299999983                    17                    17             4.5091864E-05         1.0000000E+30            997175       
 NEXT SEEDS:3506A1CA      E6       0       0       0       0    B26F      7B       0       0
  299999984                    16                    16             4.5091864E-05         1.0000000E+30            997175       
 NEXT SEEDS:3506A2A5      E6       0       0       0       0    B26F      7B       0       0
  299999985                    15                    15             4.5091863E-05         1.0000000E+30            997175       
 NEXT SEEDS:3506A2AC      E6       0       0       0       0    B26F      7B       0       0
  299999986                    14                    14             4.5091863E-05         1.0000000E+30            997175       
 NEXT SEEDS:3506A392      E6       0       0       0       0    B26F      7B       0       0
  299999987                    13                    13             4.5091866E-05         1.0000000E+30            997175       
 NEXT SEEDS:3506A39D      E6       0       0       0       0    B26F      7B       0       0
  299999988                    12                    12             4.5091866E-05         1.0000000E+30            997175       
 NEXT SEEDS:3506A3A4      E6       0       0       0       0    B26F      7B       0       0
  299999989                    11                    11             4.5091866E-05         1.0000000E+30            997175       
 NEXT SEEDS:3506A436      E6       0       0       0       0    B26F      7B       0       0
  299999990                    10                    10             4.5091866E-05         1.0000000E+30            997175       
 NEXT SEEDS:3506A4FC      E6       0       0       0       0    B26F      7B       0       0
  299999991                     9                     9             4.5091866E-05         1.0000000E+30            997175       
 NEXT SEEDS:3506A5D1      E6       0       0       0       0    B26F      7B       0       0
  299999992                     8                     8             4.5091866E-05         1.0000000E+30            997175       
 NEXT SEEDS:3506A6A8      E6       0       0       0       0    B26F      7B       0       0
  299999993                     7                     7             4.5091869E-05         1.0000000E+30            997175       
 NEXT SEEDS:3506A77C      E6       0       0       0       0    B26F      7B       0       0
  299999994                     6                     6             4.5091869E-05         1.0000000E+30            997175       
 NEXT SEEDS:3506A852      E6       0       0       0       0    B26F      7B       0       0
  299999995                     5                     5             4.5091868E-05         1.0000000E+30            997175       
 NEXT SEEDS:3506A963      E6       0       0       0       0    B26F      7B       0       0
  299999996                     4                     4             4.5091868E-05         1.0000000E+30            997175       
 NEXT SEEDS:3506AA37      E6       0       0       0       0    B26F      7B       0       0
  299999997                     3                     3             4.5091868E-05         1.0000000E+30            997175       
 NEXT SEEDS:3506AB07      E6       0       0       0       0    B26F      7B       0       0
  299999998                     2                     2             4.5091868E-05         1.0000000E+30            997175       
 NEXT SEEDS:3506ABE5      E6       0       0       0       0    B26F      7B       0       0
  299999999                     1                     1             4.5091868E-05         1.0000000E+30            997175       
 NEXT SEEDS:3506ACBA      E6       0       0       0       0    B26F      7B       0       0
  300000000                     0                     1             4.5091871E-05         1.0000000E+30            997175       
 NEXT SEEDS:3506AD9A      E6       0       0       0       0    B26F      7B       0       0
