1NUMBER OF BEAM       NUMBER OF BEAM        APPROXIMATE NUMBER    AVERAGE TIME USED     TIME LEFT (RESERVED   NUMBER OF STARS
 PARTICLES HANDLED    PARTICLES LEFT        OF BEAM PARTICLES     BY A BEAM PARTICLE     10000.0 SECONDS      CREATED
                                            THAT CAN STILL BE                           FOR PRINTOUT)
                                            HANDLED

 NEXT SEEDS:2B4ED77B      39       0       0       0       0    B272      7B       0       0
          1             299999999             299999999             1.3494492E-04         1.0000000E+30                 0       
 NEXT SEEDS:2B4ED85E      39       0       0       0       0    B272      7B       0       0
    6000000             294000000             294000000             4.3507247E-05         1.0000000E+30             19846       
 NEXT SEEDS:34873E73      3A       0       0       0       0    B272      7B       0       0
   12000000             288000000             288000000             4.3582295E-05         1.0000000E+30             39685       
 NEXT SEEDS: 21A25C9      3C       0       0       0       0    B272      7B       0       0
   18000000             282000000             282000000             4.3714030E-05         1.0000000E+30             59550       
 NEXT SEEDS: B4943B5      3D       0       0       0       0    B272      7B       0       0
   24000000             276000000             276000000             4.3503631E-05         1.0000000E+30             79454       
 NEXT SEEDS:147DBF6B      3E       0       0       0       0    B272      7B       0       0
   30000000             270000000             270000000             4.3401656E-05         1.0000000E+30             99636       
 NEXT SEEDS:1DB2E314      3F       0       0       0       0    B272      7B       0       0
   36000000             264000000             264000000             4.3469855E-05         1.0000000E+30            119432       
 NEXT SEEDS:26DE5710      40       0       0       0       0    B272      7B       0       0
   42000000             258000000             258000000             4.3426833E-05         1.0000000E+30            139576       
 NEXT SEEDS:3016AE3E      41       0       0       0       0    B272      7B       0       0
   48000000             252000000             252000000             4.3384043E-05         1.0000000E+30            159423       
 NEXT SEEDS:39455766      42       0       0       0       0    B272      7B       0       0
   54000000             246000000             246000000             4.3341756E-05         1.0000000E+30            179326       
 NEXT SEEDS: 6DDD015      44       0       0       0       0    B272      7B       0       0
   60000000             240000000             240000000             4.3285771E-05         1.0000000E+30            199149       
 NEXT SEEDS:1013750C      45       0       0       0       0    B272      7B       0       0
   66000000             234000000             234000000             4.3303829E-05         1.0000000E+30            218948       
 NEXT SEEDS:193CB7AF      46       0       0       0       0    B272      7B       0       0
   72000000             228000000             228000000             4.3280080E-05         1.0000000E+30            239094       
 NEXT SEEDS:2271B5AB      47       0       0       0       0    B272      7B       0       0
   78000000             222000000             222000000             4.3258773E-05         1.0000000E+30            258751       
 NEXT SEEDS:2B9E0A37      48       0       0       0       0    B272      7B       0       0
   84000000             216000000             216000000             4.3294399E-05         1.0000000E+30            278706       
 NEXT SEEDS:34CC648C      49       0       0       0       0    B272      7B       0       0
   90000000             210000000             210000000             4.3300944E-05         1.0000000E+30            298902       
 NEXT SEEDS: 269A873      4B       0       0       0       0    B272      7B       0       0
   96000000             204000000             204000000             4.3357236E-05         1.0000000E+30            319062       
 NEXT SEEDS: BA77374      4C       0       0       0       0    B272      7B       0       0
  102000000             198000000             198000000             4.3351029E-05         1.0000000E+30            339062       
 NEXT SEEDS:14DF5119      4D       0       0       0       0    B272      7B       0       0
  108000000             192000000             192000000             4.3331138E-05         1.0000000E+30            359390       
 NEXT SEEDS:1E13C27D      4E       0       0       0       0    B272      7B       0       0
  114000000             186000000             186000000             4.3392567E-05         1.0000000E+30            379170       
 NEXT SEEDS:27434E2F      4F       0       0       0       0    B272      7B       0       0
  120000000             180000000             180000000             4.3554002E-05         1.0000000E+30            399274       
 NEXT SEEDS:3079AF10      50       0       0       0       0    B272      7B       0       0
  126000000             174000000             174000000             4.3611714E-05         1.0000000E+30            419157       
 NEXT SEEDS:39ADAEF8      51       0       0       0       0    B272      7B       0       0
  132000000             168000000             168000000             4.3743754E-05         1.0000000E+30            439094       
 NEXT SEEDS: 74F3B57      53       0       0       0       0    B272      7B       0       0
  138000000             162000000             162000000             4.3866807E-05         1.0000000E+30            459004       
 NEXT SEEDS:1082A462      54       0       0       0       0    B272      7B       0       0
  144000000             156000000             156000000             4.3956728E-05         1.0000000E+30            479058       
 NEXT SEEDS:19B7E2D3      55       0       0       0       0    B272      7B       0       0
  150000000             150000000             150000000             4.4035441E-05         1.0000000E+30            498985       
 NEXT SEEDS:22E40FF8      56       0       0       0       0    B272      7B       0       0
  156000000             144000000             144000000             4.4132348E-05         1.0000000E+30            518654       
 NEXT SEEDS:2C13C333      57       0       0       0       0    B272      7B       0       0
  162000000             138000000             138000000             4.4222781E-05         1.0000000E+30            538619       
 NEXT SEEDS:3545E06E      58       0       0       0       0    B272      7B       0       0
  168000000             132000000             132000000             4.4298649E-05         1.0000000E+30            558315       
 NEXT SEEDS: 2D73C9B      5A       0       0       0       0    B272      7B       0       0
  174000000             126000000             126000000             4.4354718E-05         1.0000000E+30            578145       
 NEXT SEEDS: C09680D      5B       0       0       0       0    B272      7B       0       0
  180000000             120000000             120000000             4.4389487E-05         1.0000000E+30            597876       
 NEXT SEEDS:1539544C      5C       0       0       0       0    B272      7B       0       0
  186000000             114000000             114000000             4.4444867E-05         1.0000000E+30            617948       
 NEXT SEEDS:1E71A749      5D       0       0       0       0    B272      7B       0       0
  192000000             108000000             108000000             4.4475852E-05         1.0000000E+30            637944       
 NEXT SEEDS:27AAA0F6      5E       0       0       0       0    B272      7B       0       0
  198000000             102000000             102000000             4.4498729E-05         1.0000000E+30            657939       
 NEXT SEEDS:30E30C60      5F       0       0       0       0    B272      7B       0       0
  204000000              96000000              96000000             4.4535966E-05         1.0000000E+30            678026       
 NEXT SEEDS:3A1E13BB      60       0       0       0       0    B272      7B       0       0
  210000000              90000000              90000000             4.4565798E-05         1.0000000E+30            697818       
 NEXT SEEDS: 7B4D390      62       0       0       0       0    B272      7B       0       0
  216000000              84000000              84000000             4.4589289E-05         1.0000000E+30            717694       
 NEXT SEEDS:10E58E89      63       0       0       0       0    B272      7B       0       0
  222000000              78000000              78000000             4.4617228E-05         1.0000000E+30            737439       
 NEXT SEEDS:1A1F6874      64       0       0       0       0    B272      7B       0       0
  228000000              72000000              72000000             4.4648670E-05         1.0000000E+30            757360       
 NEXT SEEDS:235156E5      65       0       0       0       0    B272      7B       0       0
  234000000              66000000              66000000             4.4671484E-05         1.0000000E+30            777154       
 NEXT SEEDS:2C8363AE      66       0       0       0       0    B272      7B       0       0
  240000000              60000000              60000000             4.4709893E-05         1.0000000E+30            796926       
 NEXT SEEDS:35B69685      67       0       0       0       0    B272      7B       0       0
  246000000              54000000              54000000             4.4738929E-05         1.0000000E+30            817012       
 NEXT SEEDS: 353651E      69       0       0       0       0    B272      7B       0       0
  252000000              48000000              48000000             4.4782503E-05         1.0000000E+30            836971       
 NEXT SEEDS: C8C896F      6A       0       0       0       0    B272      7B       0       0
  258000000              42000000              42000000             4.4808610E-05         1.0000000E+30            857126       
 NEXT SEEDS:15C26CD6      6B       0       0       0       0    B272      7B       0       0
  264000000              36000000              36000000             4.4848952E-05         1.0000000E+30            877230       
 NEXT SEEDS:1EF919C9      6C       0       0       0       0    B272      7B       0       0
  270000000              30000000              30000000             4.4857835E-05         1.0000000E+30            897025       
 NEXT SEEDS:2826148A      6D       0       0       0       0    B272      7B       0       0
  276000000              24000000              24000000             4.4823084E-05         1.0000000E+30            917299       
 NEXT SEEDS:31650E5F      6E       0       0       0       0    B272      7B       0       0
  282000000              18000000              18000000             4.4791200E-05         1.0000000E+30            937407       
 NEXT SEEDS:3A9DF81C      6F       0       0       0       0    B272      7B       0       0
  288000000              12000000              12000000             4.4758244E-05         1.0000000E+30            957139       
 NEXT SEEDS: 83A665B      71       0       0       0       0    B272      7B       0       0
  294000000               6000000               6000000             4.4735558E-05         1.0000000E+30            977013       
 NEXT SEEDS:1170F65F      72       0       0       0       0    B272      7B       0       0
  299999950                    50                    50             4.4696248E-05         1.0000000E+30            997056       
 NEXT SEEDS:1AA6BDFE      73       0       0       0       0    B272      7B       0       0
  299999951                    49                    49             4.4696252E-05         1.0000000E+30            997056       
 NEXT SEEDS:1AA6BED1      73       0       0       0       0    B272      7B       0       0
  299999952                    48                    48             4.4696251E-05         1.0000000E+30            997056       
 NEXT SEEDS:1AA6BFA8      73       0       0       0       0    B272      7B       0       0
  299999953                    47                    47             4.4696251E-05         1.0000000E+30            997056       
 NEXT SEEDS:1AA6C081      73       0       0       0       0    B272      7B       0       0
  299999954                    46                    46             4.4696251E-05         1.0000000E+30            997056       
 NEXT SEEDS:1AA6C161      73       0       0       0       0    B272      7B       0       0
  299999955                    45                    45             4.4696251E-05         1.0000000E+30            997056       
 NEXT SEEDS:1AA6C168      73       0       0       0       0    B272      7B       0       0
  299999956                    44                    44             4.4696254E-05         1.0000000E+30            997056       
 NEXT SEEDS:1AA6C254      73       0       0       0       0    B272      7B       0       0
  299999957                    43                    43             4.4696254E-05         1.0000000E+30            997056       
 NEXT SEEDS:1AA6C329      73       0       0       0       0    B272      7B       0       0
  299999958                    42                    42             4.4696254E-05         1.0000000E+30            997056       
 NEXT SEEDS:1AA6C3F0      73       0       0       0       0    B272      7B       0       0
  299999959                    41                    41             4.4696254E-05         1.0000000E+30            997056       
 NEXT SEEDS:1AA6C4C4      73       0       0       0       0    B272      7B       0       0
  299999960                    40                    40             4.4696257E-05         1.0000000E+30            997056       
 NEXT SEEDS:1AA6C4CF      73       0       0       0       0    B272      7B       0       0
  299999961                    39                    39             4.4696257E-05         1.0000000E+30            997056       
 NEXT SEEDS:1AA6C597      73       0       0       0       0    B272      7B       0       0
  299999962                    38                    38             4.4696256E-05         1.0000000E+30            997056       
 NEXT SEEDS:1AA6C678      73       0       0       0       0    B272      7B       0       0
  299999963                    37                    37             4.4696256E-05         1.0000000E+30            997056       
 NEXT SEEDS:1AA6C75D      73       0       0       0       0    B272      7B       0       0
  299999964                    36                    36             4.4696256E-05         1.0000000E+30            997056       
 NEXT SEEDS:1AA6C825      73       0       0       0       0    B272      7B       0       0
  299999965                    35                    35             4.4696259E-05         1.0000000E+30            997056       
 NEXT SEEDS:1AA6C8F3      73       0       0       0       0    B272      7B       0       0
  299999966                    34                    34             4.4696259E-05         1.0000000E+30            997056       
 NEXT SEEDS:1AA6C9C2      73       0       0       0       0    B272      7B       0       0
  299999967                    33                    33             4.4696259E-05         1.0000000E+30            997056       
 NEXT SEEDS:1AA6CA95      73       0       0       0       0    B272      7B       0       0
  299999968                    32                    32             4.4696259E-05         1.0000000E+30            997056       
 NEXT SEEDS:1AA6CA9E      73       0       0       0       0    B272      7B       0       0
  299999969                    31                    31             4.4696262E-05         1.0000000E+30            997056       
 NEXT SEEDS:1AA6CB83      73       0       0       0       0    B272      7B       0       0
  299999970                    30                    30             4.4696262E-05         1.0000000E+30            997056       
 NEXT SEEDS:1AA6CC5E      73       0       0       0       0    B272      7B       0       0
  299999971                    29                    29             4.4696262E-05         1.0000000E+30            997056       
 NEXT SEEDS:1AA6CD24      73       0       0       0       0    B272      7B       0       0
  299999972                    28                    28             4.4696261E-05         1.0000000E+30            997056       
 NEXT SEEDS:1AA6CDEA      73       0       0       0       0    B272      7B       0       0
  299999973                    27                    27             4.4696261E-05         1.0000000E+30            997056       
 NEXT SEEDS:1AA6CDF5      73       0       0       0       0    B272      7B       0       0
  299999974                    26                    26             4.4696264E-05         1.0000000E+30            997056       
 NEXT SEEDS:1AA6CDFC      73       0       0       0       0    B272      7B       0       0
  299999975                    25                    25             4.4696264E-05         1.0000000E+30            997056       
 NEXT SEEDS:1AA6CEDE      73       0       0       0       0    B272      7B       0       0
  299999976                    24                    24             4.4696264E-05         1.0000000E+30            997056       
 NEXT SEEDS:1AA6CEE9      73       0       0       0       0    B272      7B       0       0
  299999977                    23                    23             4.4696264E-05         1.0000000E+30            997056       
 NEXT SEEDS:1AA6CFDD      73       0       0       0       0    B272      7B       0       0
  299999978                    22                    22             4.4696264E-05         1.0000000E+30            997056       
 NEXT SEEDS:1AA6D0C9      73       0       0       0       0    B272      7B       0       0
  299999979                    21                    21             4.4696267E-05         1.0000000E+30            997056       
 NEXT SEEDS:1AA6D19B      73       0       0       0       0    B272      7B       0       0
  299999980                    20                    20             4.4696267E-05         1.0000000E+30            997056       
 NEXT SEEDS:1AA6D26B      73       0       0       0       0    B272      7B       0       0
  299999981                    19                    19             4.4696267E-05         1.0000000E+30            997056       
 NEXT SEEDS:1AA6D272      73       0       0       0       0    B272      7B       0       0
  299999982                    18                    18             4.4696266E-05         1.0000000E+30            997056       
 NEXT SEEDS:1AA6D336      73       0       0       0       0    B272      7B       0       0
  299999983                    17                    17             4.4696270E-05         1.0000000E+30            997056       
 NEXT SEEDS:1AA6D3FA      73       0       0       0       0    B272      7B       0       0
  299999984                    16                    16             4.4696269E-05         1.0000000E+30            997056       
 NEXT SEEDS:1AA6D4D1      73       0       0       0       0    B272      7B       0       0
  299999985                    15                    15             4.4696269E-05         1.0000000E+30            997056       
 NEXT SEEDS:1AA6D5A7      73       0       0       0       0    B272      7B       0       0
  299999986                    14                    14             4.4696269E-05         1.0000000E+30            997056       
 NEXT SEEDS:1AA6D685      73       0       0       0       0    B272      7B       0       0
  299999987                    13                    13             4.4696269E-05         1.0000000E+30            997056       
 NEXT SEEDS:1AA6D778      73       0       0       0       0    B272      7B       0       0
  299999988                    12                    12             4.4696272E-05         1.0000000E+30            997056       
 NEXT SEEDS:1AA6D77F      73       0       0       0       0    B272      7B       0       0
  299999989                    11                    11             4.4696272E-05         1.0000000E+30            997056       
 NEXT SEEDS:1AA6D859      73       0       0       0       0    B272      7B       0       0
  299999990                    10                    10             4.4696272E-05         1.0000000E+30            997056       
 NEXT SEEDS:1AA6D923      73       0       0       0       0    B272      7B       0       0
  299999991                     9                     9             4.4696272E-05         1.0000000E+30            997056       
 NEXT SEEDS:1AA6D9F3      73       0       0       0       0    B272      7B       0       0
  299999992                     8                     8             4.4696275E-05         1.0000000E+30            997056       
 NEXT SEEDS:1AA6DAC8      73       0       0       0       0    B272      7B       0       0
  299999993                     7                     7             4.4696275E-05         1.0000000E+30            997056       
 NEXT SEEDS:1AA6DAD3      73       0       0       0       0    B272      7B       0       0
  299999994                     6                     6             4.4696274E-05         1.0000000E+30            997056       
 NEXT SEEDS:1AA6DB9F      73       0       0       0       0    B272      7B       0       0
  299999995                     5                     5             4.4696274E-05         1.0000000E+30            997056       
 NEXT SEEDS:1AA6DC5D      73       0       0       0       0    B272      7B       0       0
  299999996                     4                     4             4.4696274E-05         1.0000000E+30            997056       
 NEXT SEEDS:1AA6DD32      73       0       0       0       0    B272      7B       0       0
  299999997                     3                     3             4.4696277E-05         1.0000000E+30            997056       
 NEXT SEEDS:1AA6DDFD      73       0       0       0       0    B272      7B       0       0
  299999998                     2                     2             4.4696277E-05         1.0000000E+30            997056       
 NEXT SEEDS:1AA6DEE5      73       0       0       0       0    B272      7B       0       0
  299999999                     1                     1             4.4696277E-05         1.0000000E+30            997056       
 NEXT SEEDS:1AA6DFB4      73       0       0       0       0    B272      7B       0       0
  300000000                     0                     1             4.4696277E-05         1.0000000E+30            997056       
 NEXT SEEDS:1AA6E08A      73       0       0       0       0    B272      7B       0       0
