1NUMBER OF BEAM       NUMBER OF BEAM        APPROXIMATE NUMBER    AVERAGE TIME USED     TIME LEFT (RESERVED   NUMBER OF STARS
 PARTICLES HANDLED    PARTICLES LEFT        OF BEAM PARTICLES     BY A BEAM PARTICLE     10000.0 SECONDS      CREATED
                                            THAT CAN STILL BE                           FOR PRINTOUT)
                                            HANDLED

 NEXT SEEDS:1EE48DF1     207       0       0       0       0    B270      7B       0       0
          1             299999999             299999999             1.0180473E-04         1.0000000E+30                 0       
 NEXT SEEDS:1EE48EBD     207       0       0       0       0    B270      7B       0       0
    6000000             294000000             294000000             4.3482790E-05         1.0000000E+30             19794       
 NEXT SEEDS:28188FB4     208       0       0       0       0    B270      7B       0       0
   12000000             288000000             288000000             4.3945929E-05         1.0000000E+30             39955       
 NEXT SEEDS:3153C10C     209       0       0       0       0    B270      7B       0       0
   18000000             282000000             282000000             4.3795886E-05         1.0000000E+30             59728       
 NEXT SEEDS:3A816576     20A       0       0       0       0    B270      7B       0       0
   24000000             276000000             276000000             4.3553134E-05         1.0000000E+30             79774       
 NEXT SEEDS: 81AC984     20C       0       0       0       0    B270      7B       0       0
   30000000             270000000             270000000             4.3534019E-05         1.0000000E+30             99605       
 NEXT SEEDS:114BF923     20D       0       0       0       0    B270      7B       0       0
   36000000             264000000             264000000             4.3564479E-05         1.0000000E+30            119177       
 NEXT SEEDS:1A775A11     20E       0       0       0       0    B270      7B       0       0
   42000000             258000000             258000000             4.3586945E-05         1.0000000E+30            139393       
 NEXT SEEDS:23B37FF1     20F       0       0       0       0    B270      7B       0       0
   48000000             252000000             252000000             4.3640482E-05         1.0000000E+30            159366       
 NEXT SEEDS:2CE8EBA6     210       0       0       0       0    B270      7B       0       0
   54000000             246000000             246000000             4.3734844E-05         1.0000000E+30            179336       
 NEXT SEEDS:361F4E99     211       0       0       0       0    B270      7B       0       0
   60000000             240000000             240000000             4.3753694E-05         1.0000000E+30            199390       
 NEXT SEEDS: 3BE5719     213       0       0       0       0    B270      7B       0       0
   66000000             234000000             234000000             4.3756251E-05         1.0000000E+30            219119       
 NEXT SEEDS: CEEE5A3     214       0       0       0       0    B270      7B       0       0
   72000000             228000000             228000000             4.3772047E-05         1.0000000E+30            239333       
 NEXT SEEDS:16259127     215       0       0       0       0    B270      7B       0       0
   78000000             222000000             222000000             4.3742030E-05         1.0000000E+30            259497       
 NEXT SEEDS:1F6201A4     216       0       0       0       0    B270      7B       0       0
   84000000             216000000             216000000             4.3712018E-05         1.0000000E+30            279436       
 NEXT SEEDS:289A3BB5     217       0       0       0       0    B270      7B       0       0
   90000000             210000000             210000000             4.3678526E-05         1.0000000E+30            299479       
 NEXT SEEDS:31D65D2C     218       0       0       0       0    B270      7B       0       0
   96000000             204000000             204000000             4.3691894E-05         1.0000000E+30            319213       
 NEXT SEEDS:3B03868E     219       0       0       0       0    B270      7B       0       0
  102000000             198000000             198000000             4.3675838E-05         1.0000000E+30            339165       
 NEXT SEEDS: 89CFB7E     21B       0       0       0       0    B270      7B       0       0
  108000000             192000000             192000000             4.3654310E-05         1.0000000E+30            359278       
 NEXT SEEDS:11CF5D7A     21C       0       0       0       0    B270      7B       0       0
  114000000             186000000             186000000             4.3644801E-05         1.0000000E+30            378992       
 NEXT SEEDS:1AFE7BB5     21D       0       0       0       0    B270      7B       0       0
  120000000             180000000             180000000             4.3636401E-05         1.0000000E+30            399020       
 NEXT SEEDS:243AEF9B     21E       0       0       0       0    B270      7B       0       0
  126000000             174000000             174000000             4.3649410E-05         1.0000000E+30            419071       
 NEXT SEEDS:2D721701     21F       0       0       0       0    B270      7B       0       0
  132000000             168000000             168000000             4.3631355E-05         1.0000000E+30            438829       
 NEXT SEEDS:36A5AAC0     220       0       0       0       0    B270      7B       0       0
  138000000             162000000             162000000             4.3646831E-05         1.0000000E+30            458696       
 NEXT SEEDS: 4336D37     222       0       0       0       0    B270      7B       0       0
  144000000             156000000             156000000             4.3607964E-05         1.0000000E+30            478453       
 NEXT SEEDS: D664398     223       0       0       0       0    B270      7B       0       0
  150000000             150000000             150000000             4.3607386E-05         1.0000000E+30            498303       
 NEXT SEEDS:169AAE84     224       0       0       0       0    B270      7B       0       0
  156000000             144000000             144000000             4.3624126E-05         1.0000000E+30            518342       
 NEXT SEEDS:1FD4065D     225       0       0       0       0    B270      7B       0       0
  162000000             138000000             138000000             4.3615101E-05         1.0000000E+30            538595       
 NEXT SEEDS:29105BAC     226       0       0       0       0    B270      7B       0       0
  168000000             132000000             132000000             4.3616158E-05         1.0000000E+30            558568       
 NEXT SEEDS:3246494F     227       0       0       0       0    B270      7B       0       0
  174000000             126000000             126000000             4.3621026E-05         1.0000000E+30            578517       
 NEXT SEEDS:3B7EC5B5     228       0       0       0       0    B270      7B       0       0
  180000000             120000000             120000000             4.3596354E-05         1.0000000E+30            598453       
 NEXT SEEDS: 9193715     22A       0       0       0       0    B270      7B       0       0
  186000000             114000000             114000000             4.3610257E-05         1.0000000E+30            618546       
 NEXT SEEDS:124F8F0E     22B       0       0       0       0    B270      7B       0       0
  192000000             108000000             108000000             4.3590250E-05         1.0000000E+30            638606       
 NEXT SEEDS:1B85FED6     22C       0       0       0       0    B270      7B       0       0
  198000000             102000000             102000000             4.3600891E-05         1.0000000E+30            658640       
 NEXT SEEDS:24C1FFA5     22D       0       0       0       0    B270      7B       0       0
  204000000              96000000              96000000             4.3620490E-05         1.0000000E+30            678609       
 NEXT SEEDS:2DF80E7A     22E       0       0       0       0    B270      7B       0       0
  210000000              90000000              90000000             4.3601479E-05         1.0000000E+30            698425       
 NEXT SEEDS:3728EDF7     22F       0       0       0       0    B270      7B       0       0
  216000000              84000000              84000000             4.3600296E-05         1.0000000E+30            718198       
 NEXT SEEDS: 4BD9926     231       0       0       0       0    B270      7B       0       0
  222000000              78000000              78000000             4.3594696E-05         1.0000000E+30            738110       
 NEXT SEEDS: DF60928     232       0       0       0       0    B270      7B       0       0
  228000000              72000000              72000000             4.3578994E-05         1.0000000E+30            758114       
 NEXT SEEDS:172E6ECF     233       0       0       0       0    B270      7B       0       0
  234000000              66000000              66000000             4.3633050E-05         1.0000000E+30            777964       
 NEXT SEEDS:20601C8B     234       0       0       0       0    B270      7B       0       0
  240000000              60000000              60000000             4.3607320E-05         1.0000000E+30            797745       
 NEXT SEEDS:29904AC7     235       0       0       0       0    B270      7B       0       0
  246000000              54000000              54000000             4.3626691E-05         1.0000000E+30            817671       
 NEXT SEEDS:32C6A5BD     236       0       0       0       0    B270      7B       0       0
  252000000              48000000              48000000             4.3651968E-05         1.0000000E+30            837693       
 NEXT SEEDS:  644FEC     238       0       0       0       0    B270      7B       0       0
  258000000              42000000              42000000             4.3650417E-05         1.0000000E+30            857549       
 NEXT SEEDS: 99B86AE     239       0       0       0       0    B270      7B       0       0
  264000000              36000000              36000000             4.3641372E-05         1.0000000E+30            877657       
 NEXT SEEDS:12CF3C7E     23A       0       0       0       0    B270      7B       0       0
  270000000              30000000              30000000             4.3627882E-05         1.0000000E+30            897557       
 NEXT SEEDS:1C0C441D     23B       0       0       0       0    B270      7B       0       0
  276000000              24000000              24000000             4.3614711E-05         1.0000000E+30            917467       
 NEXT SEEDS:2541612A     23C       0       0       0       0    B270      7B       0       0
  282000000              18000000              18000000             4.3605413E-05         1.0000000E+30            937440       
 NEXT SEEDS:2E7D0951     23D       0       0       0       0    B270      7B       0       0
  288000000              12000000              12000000             4.3612250E-05         1.0000000E+30            957558       
 NEXT SEEDS:37B8D407     23E       0       0       0       0    B270      7B       0       0
  294000000               6000000               6000000             4.3614553E-05         1.0000000E+30            977466       
 NEXT SEEDS: 5536014     240       0       0       0       0    B270      7B       0       0
  299999950                    50                    50             4.3606768E-05         1.0000000E+30            997720       
 NEXT SEEDS: E9268EA     241       0       0       0       0    B270      7B       0       0
  299999951                    49                    49             4.3606768E-05         1.0000000E+30            997720       
 NEXT SEEDS: E9269B7     241       0       0       0       0    B270      7B       0       0
  299999952                    48                    48             4.3606771E-05         1.0000000E+30            997720       
 NEXT SEEDS: E926A6D     241       0       0       0       0    B270      7B       0       0
  299999953                    47                    47             4.3606771E-05         1.0000000E+30            997720       
 NEXT SEEDS: E926B39     241       0       0       0       0    B270      7B       0       0
  299999954                    46                    46             4.3606771E-05         1.0000000E+30            997720       
 NEXT SEEDS: E926C14     241       0       0       0       0    B270      7B       0       0
  299999955                    45                    45             4.3606771E-05         1.0000000E+30            997720       
 NEXT SEEDS: E926CEB     241       0       0       0       0    B270      7B       0       0
  299999956                    44                    44             4.3606771E-05         1.0000000E+30            997720       
 NEXT SEEDS: E926DC2     241       0       0       0       0    B270      7B       0       0
  299999957                    43                    43             4.3606770E-05         1.0000000E+30            997720       
 NEXT SEEDS: E926E98     241       0       0       0       0    B270      7B       0       0
  299999958                    42                    42             4.3606774E-05         1.0000000E+30            997720       
 NEXT SEEDS: E926E9F     241       0       0       0       0    B270      7B       0       0
  299999959                    41                    41             4.3606773E-05         1.0000000E+30            997720       
 NEXT SEEDS: E926F73     241       0       0       0       0    B270      7B       0       0
  299999960                    40                    40             4.3606773E-05         1.0000000E+30            997720       
 NEXT SEEDS: E92703E     241       0       0       0       0    B270      7B       0       0
  299999961                    39                    39             4.3606773E-05         1.0000000E+30            997720       
 NEXT SEEDS: E927116     241       0       0       0       0    B270      7B       0       0
  299999962                    38                    38             4.3606773E-05         1.0000000E+30            997720       
 NEXT SEEDS: E9271F0     241       0       0       0       0    B270      7B       0       0
  299999963                    37                    37             4.3606776E-05         1.0000000E+30            997720       
 NEXT SEEDS: E9272BF     241       0       0       0       0    B270      7B       0       0
  299999964                    36                    36             4.3606776E-05         1.0000000E+30            997720       
 NEXT SEEDS: E927389     241       0       0       0       0    B270      7B       0       0
  299999965                    35                    35             4.3606776E-05         1.0000000E+30            997720       
 NEXT SEEDS: E927462     241       0       0       0       0    B270      7B       0       0
  299999966                    34                    34             4.3606776E-05         1.0000000E+30            997720       
 NEXT SEEDS: E92752B     241       0       0       0       0    B270      7B       0       0
  299999967                    33                    33             4.3606775E-05         1.0000000E+30            997720       
 NEXT SEEDS: E9275FF     241       0       0       0       0    B270      7B       0       0
  299999968                    32                    32             4.3606775E-05         1.0000000E+30            997720       
 NEXT SEEDS: E9276CA     241       0       0       0       0    B270      7B       0       0
  299999969                    31                    31             4.3606778E-05         1.0000000E+30            997720       
 NEXT SEEDS: E9276D3     241       0       0       0       0    B270      7B       0       0
  299999970                    30                    30             4.3606778E-05         1.0000000E+30            997720       
 NEXT SEEDS: E9277A3     241       0       0       0       0    B270      7B       0       0
  299999971                    29                    29             4.3606778E-05         1.0000000E+30            997720       
 NEXT SEEDS: E927874     241       0       0       0       0    B270      7B       0       0
  299999972                    28                    28             4.3606778E-05         1.0000000E+30            997720       
 NEXT SEEDS: E92794A     241       0       0       0       0    B270      7B       0       0
  299999973                    27                    27             4.3606778E-05         1.0000000E+30            997720       
 NEXT SEEDS: E927951     241       0       0       0       0    B270      7B       0       0
  299999974                    26                    26             4.3606778E-05         1.0000000E+30            997720       
 NEXT SEEDS: E927A2E     241       0       0       0       0    B270      7B       0       0
  299999975                    25                    25             4.3606778E-05         1.0000000E+30            997720       
 NEXT SEEDS: E927B09     241       0       0       0       0    B270      7B       0       0
  299999976                    24                    24             4.3606777E-05         1.0000000E+30            997720       
 NEXT SEEDS: E927BD9     241       0       0       0       0    B270      7B       0       0
  299999977                    23                    23             4.3606777E-05         1.0000000E+30            997720       
 NEXT SEEDS: E927CAA     241       0       0       0       0    B270      7B       0       0
  299999978                    22                    22             4.3606777E-05         1.0000000E+30            997720       
 NEXT SEEDS: E927D71     241       0       0       0       0    B270      7B       0       0
  299999979                    21                    21             4.3606777E-05         1.0000000E+30            997720       
 NEXT SEEDS: E927E49     241       0       0       0       0    B270      7B       0       0
  299999980                    20                    20             4.3606777E-05         1.0000000E+30            997720       
 NEXT SEEDS: E927F25     241       0       0       0       0    B270      7B       0       0
  299999981                    19                    19             4.3606777E-05         1.0000000E+30            997720       
 NEXT SEEDS: E927FFF     241       0       0       0       0    B270      7B       0       0
  299999982                    18                    18             4.3606777E-05         1.0000000E+30            997720       
 NEXT SEEDS: E9280E1     241       0       0       0       0    B270      7B       0       0
  299999983                    17                    17             4.3606776E-05         1.0000000E+30            997720       
 NEXT SEEDS: E9281C4     241       0       0       0       0    B270      7B       0       0
  299999984                    16                    16             4.3606776E-05         1.0000000E+30            997720       
 NEXT SEEDS: E9281CF     241       0       0       0       0    B270      7B       0       0
  299999985                    15                    15             4.3606776E-05         1.0000000E+30            997720       
 NEXT SEEDS: E9282A9     241       0       0       0       0    B270      7B       0       0
  299999986                    14                    14             4.3606776E-05         1.0000000E+30            997720       
 NEXT SEEDS: E928385     241       0       0       0       0    B270      7B       0       0
  299999987                    13                    13             4.3606776E-05         1.0000000E+30            997720       
 NEXT SEEDS: E928463     241       0       0       0       0    B270      7B       0       0
  299999988                    12                    12             4.3606776E-05         1.0000000E+30            997720       
 NEXT SEEDS: E92852E     241       0       0       0       0    B270      7B       0       0
  299999989                    11                    11             4.3606776E-05         1.0000000E+30            997720       
 NEXT SEEDS: E928618     241       0       0       0       0    B270      7B       0       0
  299999990                    10                    10             4.3606775E-05         1.0000000E+30            997720       
 NEXT SEEDS: E9286F5     241       0       0       0       0    B270      7B       0       0
  299999991                     9                     9             4.3606775E-05         1.0000000E+30            997720       
 NEXT SEEDS: E9287B8     241       0       0       0       0    B270      7B       0       0
  299999992                     8                     8             4.3606775E-05         1.0000000E+30            997720       
 NEXT SEEDS: E92887E     241       0       0       0       0    B270      7B       0       0
  299999993                     7                     7             4.3606775E-05         1.0000000E+30            997720       
 NEXT SEEDS: E92895F     241       0       0       0       0    B270      7B       0       0
  299999994                     6                     6             4.3606775E-05         1.0000000E+30            997720       
 NEXT SEEDS: E928A41     241       0       0       0       0    B270      7B       0       0
  299999995                     5                     5             4.3606775E-05         1.0000000E+30            997720       
 NEXT SEEDS: E928B1F     241       0       0       0       0    B270      7B       0       0
  299999996                     4                     4             4.3606775E-05         1.0000000E+30            997720       
 NEXT SEEDS: E928C0D     241       0       0       0       0    B270      7B       0       0
  299999997                     3                     3             4.3606774E-05         1.0000000E+30            997720       
 NEXT SEEDS: E928CD3     241       0       0       0       0    B270      7B       0       0
  299999998                     2                     2             4.3606777E-05         1.0000000E+30            997720       
 NEXT SEEDS: E928CDC     241       0       0       0       0    B270      7B       0       0
  299999999                     1                     1             4.3606777E-05         1.0000000E+30            997720       
 NEXT SEEDS: E928DAD     241       0       0       0       0    B270      7B       0       0
  300000000                     0                     1             4.3606777E-05         1.0000000E+30            997720       
 NEXT SEEDS: E928E93     241       0       0       0       0    B270      7B       0       0
