# Detector n:     1  
Product   
# A_min-A_max    1  114
  114   0.000       0.000    
  113   0.000       0.000    
  112   0.000       0.000    
  111   0.000       0.000    
  110   0.000       0.000    
  109   0.000       0.000    
  108   0.000       0.000    
  107   0.000       0.000    
  106   0.000       0.000    
  105   0.000       0.000    
  104   0.000       0.000    
  103   0.000       0.000    
  102   0.000       0.000    
  101  9.3465E-06  0.9405    
  100  4.2716E-03  4.3003E-02
   99  2.7415E-02  2.0348E-02
   98  5.0615E-04  0.1332    
   97  4.2761E-05  0.4390    
   96  4.5291E-05  0.3461    
   95  1.6649E-05  0.7992    
   94  1.6714E-05  0.6287    
   93  5.6380E-06   1.199    
   92  1.3797E-05  0.8335    
   91  1.9151E-06   2.159    
   90  2.8823E-08   17.25    
   89  5.5243E-08   12.62    
   88   0.000       0.000    
   87   0.000       0.000    
   86   0.000       0.000    
   85   0.000       0.000    
   84   0.000       0.000    
   83   0.000       0.000    
   82   0.000       0.000    
   81   0.000       0.000    
   80   0.000       0.000    
   79   0.000       0.000    
   78   0.000       0.000    
   77   0.000       0.000    
   76   0.000       0.000    
   75   0.000       0.000    
   74   0.000       0.000    
   73   0.000       0.000    
   72   0.000       0.000    
   71   0.000       0.000    
   70   0.000       0.000    
   69   0.000       0.000    
   68   0.000       0.000    
   67   0.000       0.000    
   66   0.000       0.000    
   65   0.000       0.000    
   64   0.000       0.000    
   63   0.000       0.000    
   62   0.000       0.000    
   61   0.000       0.000    
   60   0.000       0.000    
   59   0.000       0.000    
   58   0.000       0.000    
   57   0.000       0.000    
   56   0.000       0.000    
   55   0.000       0.000    
   54   0.000       0.000    
   53   0.000       0.000    
   52   0.000       0.000    
   51   0.000       0.000    
   50   0.000       0.000    
   49   0.000       0.000    
   48   0.000       0.000    
   47   0.000       0.000    
   46   0.000       0.000    
   45   0.000       0.000    
   44   0.000       0.000    
   43   0.000       0.000    
   42   0.000       0.000    
   41   0.000       0.000    
   40   0.000       0.000    
   39   0.000       0.000    
   38   0.000       0.000    
   37   0.000       0.000    
   36   0.000       0.000    
   35   0.000       0.000    
   34   0.000       0.000    
   33   0.000       0.000    
   32   0.000       0.000    
   31   0.000       0.000    
   30   0.000       0.000    
   29   0.000       0.000    
   28   0.000       0.000    
   27   0.000       0.000    
   26   0.000       0.000    
   25   0.000       0.000    
   24   0.000       0.000    
   23   0.000       0.000    
   22   0.000       0.000    
   21   0.000       0.000    
   20   0.000       0.000    
   19   0.000       0.000    
   18   0.000       0.000    
   17   0.000       0.000    
   16   0.000       0.000    
   15   0.000       0.000    
   14   0.000       0.000    
   13   0.000       0.000    
   12   0.000       0.000    
   11   0.000       0.000    
   10   0.000       0.000    
    9   0.000       0.000    
    8   0.000       0.000    
    7   0.000       0.000    
    6   0.000       0.000    
    5   0.000       0.000    
    4  3.8640E-05  0.3999    
    3  1.6573E-07   7.351    
    2  3.6957E-06   1.161    
    1  5.6493E-03  3.3997E-02
 # Z_min-Z_max           1          46
   46   0.000       0.000    
   45   0.000       0.000    
   44   0.000       0.000    
   43  3.0794E-02  1.9097E-02
   42  1.5109E-03  7.5010E-02
   41  4.0762E-05  0.3857    
   40  2.9623E-08   17.48    
   39   0.000       0.000    
   38   0.000       0.000    
   37   0.000       0.000    
   36   0.000       0.000    
   35   0.000       0.000    
   34   0.000       0.000    
   33   0.000       0.000    
   32   0.000       0.000    
   31   0.000       0.000    
   30   0.000       0.000    
   29   0.000       0.000    
   28   0.000       0.000    
   27   0.000       0.000    
   26   0.000       0.000    
   25   0.000       0.000    
   24   0.000       0.000    
   23   0.000       0.000    
   22   0.000       0.000    
   21   0.000       0.000    
   20   0.000       0.000    
   19   0.000       0.000    
   18   0.000       0.000    
   17   0.000       0.000    
   16   0.000       0.000    
   15   0.000       0.000    
   14   0.000       0.000    
   13   0.000       0.000    
   12   0.000       0.000    
   11   0.000       0.000    
   10   0.000       0.000    
    9   0.000       0.000    
    8   0.000       0.000    
    7   0.000       0.000    
    6   0.000       0.000    
    5   0.000       0.000    
    4   0.000       0.000    
    3   0.000       0.000    
    2  3.8640E-05  0.3999    
    1  5.6531E-03  3.3689E-02
# A/Z Isotopes:
  101   36   0.000       0.000    
  101   37   0.000       0.000    
  101   38   0.000       0.000    
  101   39   0.000       0.000    
  101   40   0.000       0.000    
  101   41   0.000       0.000    
  101   42  9.3465E-06  0.9405    
  101   43   0.000       0.000    
  101   44   0.000       0.000    
  101   45   0.000       0.000    
  101   46   0.000       0.000    
  100   36   0.000       0.000    
  100   37   0.000       0.000    
  100   38   0.000       0.000    
  100   39   0.000       0.000    
  100   40   0.000       0.000    
  100   41  4.0031E-10   99.00    
  100   42  1.2311E-03  8.4206E-02
  100   43  3.0405E-03  5.5348E-02
  100   44   0.000       0.000    
  100   45   0.000       0.000    
  100   46   0.000       0.000    
   99   36   0.000       0.000    
   99   37   0.000       0.000    
   99   38   0.000       0.000    
   99   39   0.000       0.000    
   99   40   0.000       0.000    
   99   41   0.000       0.000    
   99   42  2.5045E-04  0.1641    
   99   43  1.3583E-02  2.0529E-02
   99   44   0.000       0.000    
   99   45   0.000       0.000    
   99   46   0.000       0.000    
   98   36   0.000       0.000    
   98   37   0.000       0.000    
   98   38   0.000       0.000    
   98   39   0.000       0.000    
   98   40   0.000       0.000    
   98   41   0.000       0.000    
   98   42  3.6076E-06   1.609    
   98   43  5.0254E-04  0.1311    
   98   44   0.000       0.000    
   98   45   0.000       0.000    
   98   46   0.000       0.000    
   97   36   0.000       0.000    
   97   37   0.000       0.000    
   97   38   0.000       0.000    
   97   39   0.000       0.000    
   97   40  2.4019E-09   56.24    
   97   41  5.1284E-06  0.9166    
   97   42  1.0833E-06   2.678    
   97   43  1.5709E-05  0.5246    
   97   44   0.000       0.000    
   97   45   0.000       0.000    
   97   46   0.000       0.000    
   96   36   0.000       0.000    
   96   37   0.000       0.000    
   96   38   0.000       0.000    
   96   39   0.000       0.000    
   96   40   0.000       0.000    
   96   41  2.8727E-05  0.4538    
   96   42  1.1353E-06   2.533    
   96   43  7.7145E-06  0.5925    
   96   44   0.000       0.000    
   96   45   0.000       0.000    
   96   46   0.000       0.000    
   95   36   0.000       0.000    
   95   37   0.000       0.000    
   95   38   0.000       0.000    
   95   39   0.000       0.000    
   95   40   0.000       0.000    
   95   41  2.4819E-08   14.78    
   95   42  1.1497E-06   2.799    
   95   43  7.7249E-06  0.8610    
   95   44   0.000       0.000    
   95   45   0.000       0.000    
   95   46   0.000       0.000    
   94   36   0.000       0.000    
   94   37   0.000       0.000    
   94   38   0.000       0.000    
   94   39   0.000       0.000    
   94   40   0.000       0.000    
   94   41  4.6436E-08   9.939    
   94   42  1.8663E-06   2.449    
   94   43  7.3774E-06  0.6883    
   94   44   0.000       0.000    
   94   45   0.000       0.000    
   94   46   0.000       0.000    
   93   36   0.000       0.000    
   93   37   0.000       0.000    
   93   38   0.000       0.000    
   93   39   0.000       0.000    
   93   40   0.000       0.000    
   93   41  5.8446E-08   8.639    
   93   42  5.0720E-07   2.898    
   93   43  2.2534E-06   1.471    
   93   44   0.000       0.000    
   93   45   0.000       0.000    
   93   46   0.000       0.000    
   92   36   0.000       0.000    
   92   37   0.000       0.000    
   92   38   0.000       0.000    
   92   39   0.000       0.000    
   92   40   0.000       0.000    
   92   41  1.2130E-07   5.510    
   92   42  9.4314E-06  0.9953    
   92   43  4.1232E-06   1.319    
   92   44   0.000       0.000    
   92   45   0.000       0.000    
   92   46   0.000       0.000    
   91   36   0.000       0.000    
   91   37   0.000       0.000    
   91   38   0.000       0.000    
   91   39   0.000       0.000    
   91   40  8.0063E-10   99.00    
   91   41  6.0888E-07   2.929    
   91   42  3.4827E-07   3.291    
   91   43   0.000       0.000    
   91   44   0.000       0.000    
   91   45   0.000       0.000    
   91   46   0.000       0.000    
   90   36   0.000       0.000    
   90   37   0.000       0.000    
   90   38   0.000       0.000    
   90   39   0.000       0.000    
   90   40  1.3210E-08   18.86    
   90   41  1.2009E-09   56.24    
   90   42   0.000       0.000    
   90   43   0.000       0.000    
   90   44   0.000       0.000    
   90   45   0.000       0.000    
   90   46   0.000       0.000    
   89   36   0.000       0.000    
   89   37   0.000       0.000    
   89   38   0.000       0.000    
   89   39   0.000       0.000    
   89   40   0.000       0.000    
   89   41  2.7622E-08   12.62    
   89   42   0.000       0.000    
   89   43   0.000       0.000    
   89   44   0.000       0.000    
   89   45   0.000       0.000    
   89   46   0.000       0.000    
    4    1   0.000       0.000    
    4    2  3.8640E-05  0.3999    
    3    1  1.6573E-07   7.351    
    3    2   0.000       0.000    
    2    1  3.6957E-06   1.161    
    2    2   0.000       0.000    
    1    1  5.6493E-03  3.3997E-02
    1    2   0.000       0.000    
# A/Z/m Isomers:
   89   41    1  2.7622E-08   12.62    
   90   40    1  1.3210E-08   18.86    
   90   41    1  1.2009E-09   56.24    
   91   41    1  6.0888E-07   2.929    
   91   42    1  3.4827E-07   3.291    
   92   41    1  1.2130E-07   5.510    
   93   41    1  5.8446E-08   8.639    
   93   42    1  5.0720E-07   2.898    
   93   43    1  2.2534E-06   1.471    
   94   41    1  4.6436E-08   9.939    
   94   43    1  7.3774E-06  0.6883    
   95   41    1  2.4819E-08   14.78    
   95   43    1  7.7249E-06  0.8610    
   96   43    1  7.7145E-06  0.5925    
   97   41    1  5.1284E-06  0.9166    
   97   43    1  1.5709E-05  0.5246    
   99   43    1  1.3583E-02  2.0529E-02
  100   41    1  4.0031E-10   99.00    
