1NUMBER OF BEAM       NUMBER OF BEAM        APPROXIMATE NUMBER    AVERAGE TIME USED     TIME LEFT (RESERVED   NUMBER OF STARS
 PARTICLES HANDLED    PARTICLES LEFT        OF BEAM PARTICLES     BY A BEAM PARTICLE     10000.0 SECONDS      CREATED
                                            THAT CAN STILL BE                           FOR PRINTOUT)
                                            HANDLED

 NEXT SEEDS: A18F42E      AD       0       0       0       0    B271      7B       0       0
          1             299999999             299999999             1.0681152E-04         1.0000000E+30                 0       
 NEXT SEEDS: A18F4F3      AD       0       0       0       0    B271      7B       0       0
    6000000             294000000             294000000             4.5369096E-05         1.0000000E+30             19853       
 NEXT SEEDS:1347969A      AE       0       0       0       0    B271      7B       0       0
   12000000             288000000             288000000             4.6011752E-05         1.0000000E+30             39484       
 NEXT SEEDS:1C7486F4      AF       0       0       0       0    B271      7B       0       0
   18000000             282000000             282000000             4.6195470E-05         1.0000000E+30             59612       
 NEXT SEEDS:25AD9176      B0       0       0       0       0    B271      7B       0       0
   24000000             276000000             276000000             4.6207847E-05         1.0000000E+30             79629       
 NEXT SEEDS:2EE08755      B1       0       0       0       0    B271      7B       0       0
   30000000             270000000             270000000             4.6318055E-05         1.0000000E+30             99573       
 NEXT SEEDS:3817E451      B2       0       0       0       0    B271      7B       0       0
   36000000             264000000             264000000             4.6346989E-05         1.0000000E+30            119686       
 NEXT SEEDS: 5B5DA6A      B4       0       0       0       0    B271      7B       0       0
   42000000             258000000             258000000             4.6368871E-05         1.0000000E+30            139453       
 NEXT SEEDS: EE59E69      B5       0       0       0       0    B271      7B       0       0
   48000000             252000000             252000000             4.6284104E-05         1.0000000E+30            159437       
 NEXT SEEDS:1817D4AE      B6       0       0       0       0    B271      7B       0       0
   54000000             246000000             246000000             4.6348181E-05         1.0000000E+30            179394       
 NEXT SEEDS:21520FDD      B7       0       0       0       0    B271      7B       0       0
   60000000             240000000             240000000             4.6351689E-05         1.0000000E+30            199370       
 NEXT SEEDS:2A899AB9      B8       0       0       0       0    B271      7B       0       0
   66000000             234000000             234000000             4.6369474E-05         1.0000000E+30            219322       
 NEXT SEEDS:33C47387      B9       0       0       0       0    B271      7B       0       0
   72000000             228000000             228000000             4.6367079E-05         1.0000000E+30            239375       
 NEXT SEEDS: 15FB6F6      BB       0       0       0       0    B271      7B       0       0
   78000000             222000000             222000000             4.6341077E-05         1.0000000E+30            259438       
 NEXT SEEDS: A95E1CB      BC       0       0       0       0    B271      7B       0       0
   84000000             216000000             216000000             4.6365055E-05         1.0000000E+30            279354       
 NEXT SEEDS:13CB2712      BD       0       0       0       0    B271      7B       0       0
   90000000             210000000             210000000             4.6384725E-05         1.0000000E+30            299291       
 NEXT SEEDS:1CFB5D52      BE       0       0       0       0    B271      7B       0       0
   96000000             204000000             204000000             4.6202167E-05         1.0000000E+30            319249       
 NEXT SEEDS:2631C5E0      BF       0       0       0       0    B271      7B       0       0
  102000000             198000000             198000000             4.6024613E-05         1.0000000E+30            339325       
 NEXT SEEDS:2F669F17      C0       0       0       0       0    B271      7B       0       0
  108000000             192000000             192000000             4.5862560E-05         1.0000000E+30            359203       
 NEXT SEEDS:38996209      C1       0       0       0       0    B271      7B       0       0
  114000000             186000000             186000000             4.5732317E-05         1.0000000E+30            379181       
 NEXT SEEDS: 635FC98      C3       0       0       0       0    B271      7B       0       0
  120000000             180000000             180000000             4.5620075E-05         1.0000000E+30            399290       
 NEXT SEEDS: F721822      C4       0       0       0       0    B271      7B       0       0
  126000000             174000000             174000000             4.5531977E-05         1.0000000E+30            419374       
 NEXT SEEDS:18A3F481      C5       0       0       0       0    B271      7B       0       0
  132000000             168000000             168000000             4.5441930E-05         1.0000000E+30            439238       
 NEXT SEEDS:21D8B0D2      C6       0       0       0       0    B271      7B       0       0
  138000000             162000000             162000000             4.5353942E-05         1.0000000E+30            459231       
 NEXT SEEDS:2B0FEA0F      C7       0       0       0       0    B271      7B       0       0
  *** Rcfset:kprin,bfcmax,epat00,ppat00,ravpot           1 -0.15365159878256551       0.94248470614554447        8.9008390646708999E-002   12.440777676959296     
  ***RCFSET:EPAT00,VCOUMX,AM(KPRIN),KPRIN  0.94248470614554447        4.4743638127789512E-003  0.93827231000000000                1
  144000000             156000000             156000000             4.5278268E-05         1.0000000E+30            479038       
 NEXT SEEDS:3444B6E9      C8       0       0       0       0    B271      7B       0       0
  150000000             150000000             150000000             4.5282990E-05         1.0000000E+30            499048       
 NEXT SEEDS: 1DEC1D3      CA       0       0       0       0    B271      7B       0       0
  156000000             144000000             144000000             4.5200160E-05         1.0000000E+30            519017       
 NEXT SEEDS: B155598      CB       0       0       0       0    B271      7B       0       0
  162000000             138000000             138000000             4.5133703E-05         1.0000000E+30            538876       
 NEXT SEEDS:14410BE5      CC       0       0       0       0    B271      7B       0       0
  168000000             132000000             132000000             4.5056567E-05         1.0000000E+30            558876       
 NEXT SEEDS:1D78EA46      CD       0       0       0       0    B271      7B       0       0
  174000000             126000000             126000000             4.5017479E-05         1.0000000E+30            578708       
 NEXT SEEDS:26AACCBE      CE       0       0       0       0    B271      7B       0       0
  180000000             120000000             120000000             4.4969096E-05         1.0000000E+30            598698       
 NEXT SEEDS:2FE29E60      CF       0       0       0       0    B271      7B       0       0
  186000000             114000000             114000000             4.4896995E-05         1.0000000E+30            618559       
 NEXT SEEDS:3914ED4B      D0       0       0       0       0    B271      7B       0       0
  192000000             108000000             108000000             4.4857418E-05         1.0000000E+30            638495       
 NEXT SEEDS: 6AB5D32      D2       0       0       0       0    B271      7B       0       0
  198000000             102000000             102000000             4.4823303E-05         1.0000000E+30            658798       
 NEXT SEEDS: FE914B1      D3       0       0       0       0    B271      7B       0       0
  204000000              96000000              96000000             4.4795258E-05         1.0000000E+30            678668       
 NEXT SEEDS:1924CDC5      D4       0       0       0       0    B271      7B       0       0
  210000000              90000000              90000000             4.4763357E-05         1.0000000E+30            698651       
 NEXT SEEDS:225C0A60      D5       0       0       0       0    B271      7B       0       0
  216000000              84000000              84000000             4.4757909E-05         1.0000000E+30            718510       
 NEXT SEEDS:2B8D1C02      D6       0       0       0       0    B271      7B       0       0
  222000000              78000000              78000000             4.4749099E-05         1.0000000E+30            738317       
 NEXT SEEDS:34C40B83      D7       0       0       0       0    B271      7B       0       0
  228000000              72000000              72000000             4.4742086E-05         1.0000000E+30            758030       
 NEXT SEEDS: 25AA201      D9       0       0       0       0    B271      7B       0       0
  234000000              66000000              66000000             4.4726910E-05         1.0000000E+30            778002       
 NEXT SEEDS: B8E1B95      DA       0       0       0       0    B271      7B       0       0
  240000000              60000000              60000000             4.4723300E-05         1.0000000E+30            797703       
 NEXT SEEDS:14BA8596      DB       0       0       0       0    B271      7B       0       0
  246000000              54000000              54000000             4.4712582E-05         1.0000000E+30            817192       
 NEXT SEEDS:1DE59981      DC       0       0       0       0    B271      7B       0       0
  252000000              48000000              48000000             4.4696375E-05         1.0000000E+30            837113       
 NEXT SEEDS:2719E343      DD       0       0       0       0    B271      7B       0       0
  258000000              42000000              42000000             4.4693111E-05         1.0000000E+30            856920       
 NEXT SEEDS:304EC35E      DE       0       0       0       0    B271      7B       0       0
  264000000              36000000              36000000             4.4697185E-05         1.0000000E+30            876845       
 NEXT SEEDS:39882C03      DF       0       0       0       0    B271      7B       0       0
  270000000              30000000              30000000             4.4703054E-05         1.0000000E+30            896931       
 NEXT SEEDS: 72A00B9      E1       0       0       0       0    B271      7B       0       0
  276000000              24000000              24000000             4.4704591E-05         1.0000000E+30            916876       
 NEXT SEEDS:1064E92A      E2       0       0       0       0    B271      7B       0       0
  282000000              18000000              18000000             4.4714575E-05         1.0000000E+30            936712       
 NEXT SEEDS:1997CA12      E3       0       0       0       0    B271      7B       0       0
  288000000              12000000              12000000             4.4713756E-05         1.0000000E+30            956680       
 NEXT SEEDS:22CAF9E2      E4       0       0       0       0    B271      7B       0       0
  294000000               6000000               6000000             4.4719535E-05         1.0000000E+30            976439       
 NEXT SEEDS:2C00AA54      E5       0       0       0       0    B271      7B       0       0
  299999950                    50                    50             4.4721363E-05         1.0000000E+30            996369       
 NEXT SEEDS:3539102C      E6       0       0       0       0    B271      7B       0       0
  299999951                    49                    49             4.4721362E-05         1.0000000E+30            996369       
 NEXT SEEDS:35391111      E6       0       0       0       0    B271      7B       0       0
  299999952                    48                    48             4.4721362E-05         1.0000000E+30            996369       
 NEXT SEEDS:353911E7      E6       0       0       0       0    B271      7B       0       0
  299999953                    47                    47             4.4721362E-05         1.0000000E+30            996369       
 NEXT SEEDS:353912C3      E6       0       0       0       0    B271      7B       0       0
  299999954                    46                    46             4.4721362E-05         1.0000000E+30            996369       
 NEXT SEEDS:3539138E      E6       0       0       0       0    B271      7B       0       0
  299999955                    45                    45             4.4721365E-05         1.0000000E+30            996369       
 NEXT SEEDS:35391468      E6       0       0       0       0    B271      7B       0       0
  299999956                    44                    44             4.4721365E-05         1.0000000E+30            996369       
 NEXT SEEDS:3539152A      E6       0       0       0       0    B271      7B       0       0
  299999957                    43                    43             4.4721365E-05         1.0000000E+30            996369       
 NEXT SEEDS:35391533      E6       0       0       0       0    B271      7B       0       0
  299999958                    42                    42             4.4721365E-05         1.0000000E+30            996369       
 NEXT SEEDS:35391620      E6       0       0       0       0    B271      7B       0       0
  299999959                    41                    41             4.4721364E-05         1.0000000E+30            996369       
 NEXT SEEDS:353916F8      E6       0       0       0       0    B271      7B       0       0
  299999960                    40                    40             4.4721364E-05         1.0000000E+30            996369       
 NEXT SEEDS:353917BD      E6       0       0       0       0    B271      7B       0       0
  299999961                    39                    39             4.4721367E-05         1.0000000E+30            996369       
 NEXT SEEDS:3539189F      E6       0       0       0       0    B271      7B       0       0
  299999962                    38                    38             4.4721367E-05         1.0000000E+30            996369       
 NEXT SEEDS:3539196F      E6       0       0       0       0    B271      7B       0       0
  299999963                    37                    37             4.4721367E-05         1.0000000E+30            996369       
 NEXT SEEDS:35391A62      E6       0       0       0       0    B271      7B       0       0
  299999964                    36                    36             4.4721367E-05         1.0000000E+30            996370       
 NEXT SEEDS:35391DE3      E6       0       0       0       0    B271      7B       0       0
  299999965                    35                    35             4.4721370E-05         1.0000000E+30            996370       
 NEXT SEEDS:35391EAD      E6       0       0       0       0    B271      7B       0       0
  299999966                    34                    34             4.4721370E-05         1.0000000E+30            996370       
 NEXT SEEDS:35391F71      E6       0       0       0       0    B271      7B       0       0
  299999967                    33                    33             4.4721370E-05         1.0000000E+30            996370       
 NEXT SEEDS:35392040      E6       0       0       0       0    B271      7B       0       0
  299999968                    32                    32             4.4721370E-05         1.0000000E+30            996370       
 NEXT SEEDS:3539210A      E6       0       0       0       0    B271      7B       0       0
  299999969                    31                    31             4.4721369E-05         1.0000000E+30            996370       
 NEXT SEEDS:353921D4      E6       0       0       0       0    B271      7B       0       0
  299999970                    30                    30             4.4721369E-05         1.0000000E+30            996370       
 NEXT SEEDS:353921DF      E6       0       0       0       0    B271      7B       0       0
  299999971                    29                    29             4.4721369E-05         1.0000000E+30            996370       
 NEXT SEEDS:353922AC      E6       0       0       0       0    B271      7B       0       0
  299999972                    28                    28             4.4721372E-05         1.0000000E+30            996370       
 NEXT SEEDS:35392383      E6       0       0       0       0    B271      7B       0       0
  299999973                    27                    27             4.4721372E-05         1.0000000E+30            996370       
 NEXT SEEDS:35392473      E6       0       0       0       0    B271      7B       0       0
  299999974                    26                    26             4.4721372E-05         1.0000000E+30            996370       
 NEXT SEEDS:3539256B      E6       0       0       0       0    B271      7B       0       0
  299999975                    25                    25             4.4721372E-05         1.0000000E+30            996370       
 NEXT SEEDS:35392645      E6       0       0       0       0    B271      7B       0       0
  299999976                    24                    24             4.4721372E-05         1.0000000E+30            996370       
 NEXT SEEDS:3539271D      E6       0       0       0       0    B271      7B       0       0
  299999977                    23                    23             4.4721372E-05         1.0000000E+30            996370       
 NEXT SEEDS:353927F2      E6       0       0       0       0    B271      7B       0       0
  299999978                    22                    22             4.4721375E-05         1.0000000E+30            996370       
 NEXT SEEDS:353928B7      E6       0       0       0       0    B271      7B       0       0
  299999979                    21                    21             4.4721375E-05         1.0000000E+30            996370       
 NEXT SEEDS:353928BE      E6       0       0       0       0    B271      7B       0       0
  299999980                    20                    20             4.4721374E-05         1.0000000E+30            996370       
 NEXT SEEDS:3539297A      E6       0       0       0       0    B271      7B       0       0
  299999981                    19                    19             4.4721374E-05         1.0000000E+30            996370       
 NEXT SEEDS:35392AC3      E6       0       0       0       0    B271      7B       0       0
  299999982                    18                    18             4.4721374E-05         1.0000000E+30            996370       
 NEXT SEEDS:35392B9A      E6       0       0       0       0    B271      7B       0       0
  299999983                    17                    17             4.4721374E-05         1.0000000E+30            996370       
 NEXT SEEDS:35392C6C      E6       0       0       0       0    B271      7B       0       0
  299999984                    16                    16             4.4721377E-05         1.0000000E+30            996370       
 NEXT SEEDS:35392D54      E6       0       0       0       0    B271      7B       0       0
  299999985                    15                    15             4.4721377E-05         1.0000000E+30            996370       
 NEXT SEEDS:35392E3B      E6       0       0       0       0    B271      7B       0       0
  299999986                    14                    14             4.4721377E-05         1.0000000E+30            996370       
 NEXT SEEDS:35392F1F      E6       0       0       0       0    B271      7B       0       0
  299999987                    13                    13             4.4721377E-05         1.0000000E+30            996370       
 NEXT SEEDS:35392FE2      E6       0       0       0       0    B271      7B       0       0
  299999988                    12                    12             4.4721376E-05         1.0000000E+30            996370       
 NEXT SEEDS:353930B9      E6       0       0       0       0    B271      7B       0       0
  299999989                    11                    11             4.4721376E-05         1.0000000E+30            996370       
 NEXT SEEDS:35393198      E6       0       0       0       0    B271      7B       0       0
  299999990                    10                    10             4.4721379E-05         1.0000000E+30            996370       
 NEXT SEEDS:35393280      E6       0       0       0       0    B271      7B       0       0
  299999991                     9                     9             4.4721379E-05         1.0000000E+30            996370       
 NEXT SEEDS:35393325      E6       0       0       0       0    B271      7B       0       0
  299999992                     8                     8             4.4721379E-05         1.0000000E+30            996370       
 NEXT SEEDS:353933F9      E6       0       0       0       0    B271      7B       0       0
  299999993                     7                     7             4.4721379E-05         1.0000000E+30            996370       
 NEXT SEEDS:353934BC      E6       0       0       0       0    B271      7B       0       0
  299999994                     6                     6             4.4721379E-05         1.0000000E+30            996370       
 NEXT SEEDS:35393592      E6       0       0       0       0    B271      7B       0       0
  299999995                     5                     5             4.4721379E-05         1.0000000E+30            996370       
 NEXT SEEDS:3539366A      E6       0       0       0       0    B271      7B       0       0
  299999996                     4                     4             4.4721382E-05         1.0000000E+30            996370       
 NEXT SEEDS:35393745      E6       0       0       0       0    B271      7B       0       0
  299999997                     3                     3             4.4721382E-05         1.0000000E+30            996370       
 NEXT SEEDS:3539374C      E6       0       0       0       0    B271      7B       0       0
  299999998                     2                     2             4.4721381E-05         1.0000000E+30            996370       
 NEXT SEEDS:35393831      E6       0       0       0       0    B271      7B       0       0
  299999999                     1                     1             4.4721381E-05         1.0000000E+30            996370       
 NEXT SEEDS:3539390B      E6       0       0       0       0    B271      7B       0       0
  300000000                     0                     1             4.4721381E-05         1.0000000E+30            996370       
 NEXT SEEDS:353939EA      E6       0       0       0       0    B271      7B       0       0
