1NUMBER OF BEAM       NUMBER OF BEAM        APPROXIMATE NUMBER    AVERAGE TIME USED     TIME LEFT (RESERVED   NUMBER OF STARS
 PARTICLES HANDLED    PARTICLES LEFT        OF BEAM PARTICLES     BY A BEAM PARTICLE     10000.0 SECONDS      CREATED
                                            THAT CAN STILL BE                           FOR PRINTOUT)
                                            HANDLED

 NEXT SEEDS:142BC536     15A       0       0       0       0    B26F      7B       0       0
          1             299999999             299999999             7.8201294E-05         1.0000000E+30                 0       
 NEXT SEEDS:142BC53F     15A       0       0       0       0    B26F      7B       0       0
    6000000             294000000             294000000             4.3733309E-05         1.0000000E+30             19927       
 NEXT SEEDS:1D5AFC47     15B       0       0       0       0    B26F      7B       0       0
   12000000             288000000             288000000             4.3738387E-05         1.0000000E+30             39973       
 NEXT SEEDS:26935119     15C       0       0       0       0    B26F      7B       0       0
   18000000             282000000             282000000             4.4407605E-05         1.0000000E+30             60064       
 NEXT SEEDS:2FCA6088     15D       0       0       0       0    B26F      7B       0       0
   24000000             276000000             276000000             4.4707028E-05         1.0000000E+30             80156       
 NEXT SEEDS:390387A0     15E       0       0       0       0    B26F      7B       0       0
   30000000             270000000             270000000             4.4945847E-05         1.0000000E+30            100169       
 NEXT SEEDS: 69EC9E1     160       0       0       0       0    B26F      7B       0       0
   36000000             264000000             264000000             4.5113900E-05         1.0000000E+30            120164       
 NEXT SEEDS: FD42255     161       0       0       0       0    B26F      7B       0       0
   42000000             258000000             258000000             4.5387897E-05         1.0000000E+30            139887       
 NEXT SEEDS:1908413E     162       0       0       0       0    B26F      7B       0       0
   48000000             252000000             252000000             4.5536444E-05         1.0000000E+30            159758       
 NEXT SEEDS:223E1735     163       0       0       0       0    B26F      7B       0       0
   54000000             246000000             246000000             4.5506208E-05         1.0000000E+30            179860       
 NEXT SEEDS:2B776D4F     164       0       0       0       0    B26F      7B       0       0
   60000000             240000000             240000000             4.5560356E-05         1.0000000E+30            199931       
 NEXT SEEDS:34B14A52     165       0       0       0       0    B26F      7B       0       0
   66000000             234000000             234000000             4.5570132E-05         1.0000000E+30            220066       
 NEXT SEEDS: 2503211     167       0       0       0       0    B26F      7B       0       0
   72000000             228000000             228000000             4.5623800E-05         1.0000000E+30            239771       
 NEXT SEEDS: B7E735D     168       0       0       0       0    B26F      7B       0       0
   78000000             222000000             222000000             4.5696459E-05         1.0000000E+30            259742       
 NEXT SEEDS:14B64645     169       0       0       0       0    B26F      7B       0       0
   84000000             216000000             216000000             4.5756941E-05         1.0000000E+30            279428       
 NEXT SEEDS:1DEAE23C     16A       0       0       0       0    B26F      7B       0       0
   90000000             210000000             210000000             4.5799846E-05         1.0000000E+30            299412       
 NEXT SEEDS:2721ADD4     16B       0       0       0       0    B26F      7B       0       0
   96000000             204000000             204000000             4.5625257E-05         1.0000000E+30            319627       
 NEXT SEEDS:305E925A     16C       0       0       0       0    B26F      7B       0       0
  102000000             198000000             198000000             4.5492425E-05         1.0000000E+30            339542       
 NEXT SEEDS:398F61D2     16D       0       0       0       0    B26F      7B       0       0
  108000000             192000000             192000000             4.5369039E-05         1.0000000E+30            359484       
 NEXT SEEDS: 728DD1D     16F       0       0       0       0    B26F      7B       0       0
  114000000             186000000             186000000             4.5259117E-05         1.0000000E+30            379462       
 NEXT SEEDS:1064A799     170       0       0       0       0    B26F      7B       0       0
  120000000             180000000             180000000             4.5162506E-05         1.0000000E+30            399360       
 NEXT SEEDS:199D3DAC     171       0       0       0       0    B26F      7B       0       0
  126000000             174000000             174000000             4.5086637E-05         1.0000000E+30            419144       
 NEXT SEEDS:22D34136     172       0       0       0       0    B26F      7B       0       0
  132000000             168000000             168000000             4.5027364E-05         1.0000000E+30            439065       
 NEXT SEEDS:2C073F4E     173       0       0       0       0    B26F      7B       0       0
  138000000             162000000             162000000             4.4955583E-05         1.0000000E+30            459004       
 NEXT SEEDS:353674D5     174       0       0       0       0    B26F      7B       0       0
  144000000             156000000             156000000             4.4894421E-05         1.0000000E+30            478785       
 NEXT SEEDS: 2CECD4D     176       0       0       0       0    B26F      7B       0       0
  150000000             150000000             150000000             4.4837228E-05         1.0000000E+30            498703       
 NEXT SEEDS: C044142     177       0       0       0       0    B26F      7B       0       0
  156000000             144000000             144000000             4.4763455E-05         1.0000000E+30            518591       
 NEXT SEEDS:153B17E9     178       0       0       0       0    B26F      7B       0       0
  162000000             138000000             138000000             4.4706069E-05         1.0000000E+30            538574       
 NEXT SEEDS:1E75231C     179       0       0       0       0    B26F      7B       0       0
  168000000             132000000             132000000             4.4644228E-05         1.0000000E+30            558610       
 NEXT SEEDS:27A455C0     17A       0       0       0       0    B26F      7B       0       0
  174000000             126000000             126000000             4.4591577E-05         1.0000000E+30            578565       
 NEXT SEEDS:30D62384     17B       0       0       0       0    B26F      7B       0       0
  180000000             120000000             120000000             4.4536020E-05         1.0000000E+30            598694       
 NEXT SEEDS:3A120ED9     17C       0       0       0       0    B26F      7B       0       0
  186000000             114000000             114000000             4.4487256E-05         1.0000000E+30            618681       
 NEXT SEEDS: 7A76ED3     17E       0       0       0       0    B26F      7B       0       0
  192000000             108000000             108000000             4.4440118E-05         1.0000000E+30            638523       
 NEXT SEEDS:10DCE9AE     17F       0       0       0       0    B26F      7B       0       0
  198000000             102000000             102000000             4.4406915E-05         1.0000000E+30            658851       
 NEXT SEEDS:1A1BCA3F     180       0       0       0       0    B26F      7B       0       0
  204000000              96000000              96000000             4.4364984E-05         1.0000000E+30            678783       
 NEXT SEEDS:235433EC     181       0       0       0       0    B26F      7B       0       0
  210000000              90000000              90000000             4.4317428E-05         1.0000000E+30            698548       
 NEXT SEEDS:2C8CA1B2     182       0       0       0       0    B26F      7B       0       0
  216000000              84000000              84000000             4.4291756E-05         1.0000000E+30            718465       
 NEXT SEEDS:35C3DD61     183       0       0       0       0    B26F      7B       0       0
  222000000              78000000              78000000             4.4263271E-05         1.0000000E+30            738531       
 NEXT SEEDS: 363D524     185       0       0       0       0    B26F      7B       0       0
  228000000              72000000              72000000             4.4237192E-05         1.0000000E+30            758430       
 NEXT SEEDS: C93D5C7     186       0       0       0       0    B26F      7B       0       0
  234000000              66000000              66000000             4.4206262E-05         1.0000000E+30            778194       
 NEXT SEEDS:15C4C077     187       0       0       0       0    B26F      7B       0       0
  240000000              60000000              60000000             4.4186425E-05         1.0000000E+30            798074       
 NEXT SEEDS:1EFE4C80     188       0       0       0       0    B26F      7B       0       0
  246000000              54000000              54000000             4.4171370E-05         1.0000000E+30            817834       
 NEXT SEEDS:282F587D     189       0       0       0       0    B26F      7B       0       0
  252000000              48000000              48000000             4.4153048E-05         1.0000000E+30            837865       
 NEXT SEEDS:316FF028     18A       0       0       0       0    B26F      7B       0       0
  258000000              42000000              42000000             4.4135469E-05         1.0000000E+30            857816       
 NEXT SEEDS:3AA6ECEA     18B       0       0       0       0    B26F      7B       0       0
  264000000              36000000              36000000             4.4134003E-05         1.0000000E+30            877595       
 NEXT SEEDS: 83ECBF0     18D       0       0       0       0    B26F      7B       0       0
  270000000              30000000              30000000             4.4112094E-05         1.0000000E+30            897543       
 NEXT SEEDS:1172CA97     18E       0       0       0       0    B26F      7B       0       0
  276000000              24000000              24000000             4.4090112E-05         1.0000000E+30            917206       
 NEXT SEEDS:1AA672EA     18F       0       0       0       0    B26F      7B       0       0
  282000000              18000000              18000000             4.4080490E-05         1.0000000E+30            937291       
 NEXT SEEDS:23DEF049     190       0       0       0       0    B26F      7B       0       0
  288000000              12000000              12000000             4.4046545E-05         1.0000000E+30            957458       
 NEXT SEEDS:2D19B252     191       0       0       0       0    B26F      7B       0       0
  294000000               6000000               6000000             4.4039563E-05         1.0000000E+30            977254       
 NEXT SEEDS:3646A66B     192       0       0       0       0    B26F      7B       0       0
  299999950                    50                    50             4.4020095E-05         1.0000000E+30            997333       
 NEXT SEEDS: 3E6C3A3     194       0       0       0       0    B26F      7B       0       0
  299999951                    49                    49             4.4020094E-05         1.0000000E+30            997333       
 NEXT SEEDS: 3E6C3AA     194       0       0       0       0    B26F      7B       0       0
  299999952                    48                    48             4.4020094E-05         1.0000000E+30            997333       
 NEXT SEEDS: 3E6C481     194       0       0       0       0    B26F      7B       0       0
  299999953                    47                    47             4.4020094E-05         1.0000000E+30            997333       
 NEXT SEEDS: 3E6C48A     194       0       0       0       0    B26F      7B       0       0
  299999954                    46                    46             4.4020094E-05         1.0000000E+30            997333       
 NEXT SEEDS: 3E6C595     194       0       0       0       0    B26F      7B       0       0
  299999955                    45                    45             4.4020094E-05         1.0000000E+30            997333       
 NEXT SEEDS: 3E6C66D     194       0       0       0       0    B26F      7B       0       0
  299999956                    44                    44             4.4020097E-05         1.0000000E+30            997333       
 NEXT SEEDS: 3E6C750     194       0       0       0       0    B26F      7B       0       0
  299999957                    43                    43             4.4020097E-05         1.0000000E+30            997333       
 NEXT SEEDS: 3E6C825     194       0       0       0       0    B26F      7B       0       0
  299999958                    42                    42             4.4020097E-05         1.0000000E+30            997333       
 NEXT SEEDS: 3E6C8F0     194       0       0       0       0    B26F      7B       0       0
  299999959                    41                    41             4.4020096E-05         1.0000000E+30            997333       
 NEXT SEEDS: 3E6C9D7     194       0       0       0       0    B26F      7B       0       0
  299999960                    40                    40             4.4020096E-05         1.0000000E+30            997333       
 NEXT SEEDS: 3E6CACF     194       0       0       0       0    B26F      7B       0       0
  299999961                    39                    39             4.4020096E-05         1.0000000E+30            997333       
 NEXT SEEDS: 3E6CB95     194       0       0       0       0    B26F      7B       0       0
  299999962                    38                    38             4.4020099E-05         1.0000000E+30            997333       
 NEXT SEEDS: 3E6CC66     194       0       0       0       0    B26F      7B       0       0
  299999963                    37                    37             4.4020099E-05         1.0000000E+30            997333       
 NEXT SEEDS: 3E6CD43     194       0       0       0       0    B26F      7B       0       0
  299999964                    36                    36             4.4020099E-05         1.0000000E+30            997333       
 NEXT SEEDS: 3E6CE10     194       0       0       0       0    B26F      7B       0       0
  299999965                    35                    35             4.4020099E-05         1.0000000E+30            997333       
 NEXT SEEDS: 3E6CEF3     194       0       0       0       0    B26F      7B       0       0
  299999966                    34                    34             4.4020099E-05         1.0000000E+30            997333       
 NEXT SEEDS: 3E6CFD2     194       0       0       0       0    B26F      7B       0       0
  299999967                    33                    33             4.4020099E-05         1.0000000E+30            997333       
 NEXT SEEDS: 3E6D0AF     194       0       0       0       0    B26F      7B       0       0
  299999968                    32                    32             4.4020098E-05         1.0000000E+30            997333       
 NEXT SEEDS: 3E6D190     194       0       0       0       0    B26F      7B       0       0
  299999969                    31                    31             4.4020102E-05         1.0000000E+30            997333       
 NEXT SEEDS: 3E6D255     194       0       0       0       0    B26F      7B       0       0
  299999970                    30                    30             4.4020101E-05         1.0000000E+30            997333       
 NEXT SEEDS: 3E6D327     194       0       0       0       0    B26F      7B       0       0
  299999971                    29                    29             4.4020101E-05         1.0000000E+30            997333       
 NEXT SEEDS: 3E6D32E     194       0       0       0       0    B26F      7B       0       0
  299999972                    28                    28             4.4020101E-05         1.0000000E+30            997333       
 NEXT SEEDS: 3E6D3EE     194       0       0       0       0    B26F      7B       0       0
  299999973                    27                    27             4.4020101E-05         1.0000000E+30            997333       
 NEXT SEEDS: 3E6D3F5     194       0       0       0       0    B26F      7B       0       0
  299999974                    26                    26             4.4020101E-05         1.0000000E+30            997333       
 NEXT SEEDS: 3E6D4C3     194       0       0       0       0    B26F      7B       0       0
  299999975                    25                    25             4.4020104E-05         1.0000000E+30            997333       
 NEXT SEEDS: 3E6D595     194       0       0       0       0    B26F      7B       0       0
  299999976                    24                    24             4.4020104E-05         1.0000000E+30            997333       
 NEXT SEEDS: 3E6D67C     194       0       0       0       0    B26F      7B       0       0
  299999977                    23                    23             4.4020104E-05         1.0000000E+30            997333       
 NEXT SEEDS: 3E6D745     194       0       0       0       0    B26F      7B       0       0
  299999978                    22                    22             4.4020103E-05         1.0000000E+30            997333       
 NEXT SEEDS: 3E6D817     194       0       0       0       0    B26F      7B       0       0
  299999979                    21                    21             4.4020103E-05         1.0000000E+30            997333       
 NEXT SEEDS: 3E6D90A     194       0       0       0       0    B26F      7B       0       0
  299999980                    20                    20             4.4020103E-05         1.0000000E+30            997333       
 NEXT SEEDS: 3E6D9CC     194       0       0       0       0    B26F      7B       0       0
  299999981                    19                    19             4.4020103E-05         1.0000000E+30            997333       
 NEXT SEEDS: 3E6D9D3     194       0       0       0       0    B26F      7B       0       0
  299999982                    18                    18             4.4020106E-05         1.0000000E+30            997333       
 NEXT SEEDS: 3E6D9DA     194       0       0       0       0    B26F      7B       0       0
  299999983                    17                    17             4.4020106E-05         1.0000000E+30            997333       
 NEXT SEEDS: 3E6DAA4     194       0       0       0       0    B26F      7B       0       0
  299999984                    16                    16             4.4020106E-05         1.0000000E+30            997333       
 NEXT SEEDS: 3E6DAAB     194       0       0       0       0    B26F      7B       0       0
  299999985                    15                    15             4.4020106E-05         1.0000000E+30            997333       
 NEXT SEEDS: 3E6DB6D     194       0       0       0       0    B26F      7B       0       0
  299999986                    14                    14             4.4020106E-05         1.0000000E+30            997333       
 NEXT SEEDS: 3E6DB74     194       0       0       0       0    B26F      7B       0       0
  299999987                    13                    13             4.4020105E-05         1.0000000E+30            997333       
 NEXT SEEDS: 3E6DC43     194       0       0       0       0    B26F      7B       0       0
  299999988                    12                    12             4.4020105E-05         1.0000000E+30            997333       
 NEXT SEEDS: 3E6DD1A     194       0       0       0       0    B26F      7B       0       0
  299999989                    11                    11             4.4020108E-05         1.0000000E+30            997333       
 NEXT SEEDS: 3E6DD21     194       0       0       0       0    B26F      7B       0       0
  299999990                    10                    10             4.4020108E-05         1.0000000E+30            997333       
 NEXT SEEDS: 3E6DD28     194       0       0       0       0    B26F      7B       0       0
  299999991                     9                     9             4.4020108E-05         1.0000000E+30            997333       
 NEXT SEEDS: 3E6DDF7     194       0       0       0       0    B26F      7B       0       0
  299999992                     8                     8             4.4020108E-05         1.0000000E+30            997333       
 NEXT SEEDS: 3E6DEE1     194       0       0       0       0    B26F      7B       0       0
  299999993                     7                     7             4.4020108E-05         1.0000000E+30            997333       
 NEXT SEEDS: 3E6DFB6     194       0       0       0       0    B26F      7B       0       0
  299999994                     6                     6             4.4020108E-05         1.0000000E+30            997333       
 NEXT SEEDS: 3E6E08F     194       0       0       0       0    B26F      7B       0       0
  299999995                     5                     5             4.4020107E-05         1.0000000E+30            997333       
 NEXT SEEDS: 3E6E173     194       0       0       0       0    B26F      7B       0       0
  299999996                     4                     4             4.4020111E-05         1.0000000E+30            997333       
 NEXT SEEDS: 3E6E261     194       0       0       0       0    B26F      7B       0       0
  299999997                     3                     3             4.4020110E-05         1.0000000E+30            997333       
 NEXT SEEDS: 3E6E34A     194       0       0       0       0    B26F      7B       0       0
  299999998                     2                     2             4.4020110E-05         1.0000000E+30            997333       
 NEXT SEEDS: 3E6E419     194       0       0       0       0    B26F      7B       0       0
  299999999                     1                     1             4.4020110E-05         1.0000000E+30            997333       
 NEXT SEEDS: 3E6E4FA     194       0       0       0       0    B26F      7B       0       0
  300000000                     0                     1             4.4020110E-05         1.0000000E+30            997333       
 NEXT SEEDS: 3E6E501     194       0       0       0       0    B26F      7B       0       0
