1NUMBER OF BEAM       NUMBER OF BEAM        APPROXIMATE NUMBER    AVERAGE TIME USED     TIME LEFT (RESERVED   NUMBER OF STARS
 PARTICLES HANDLED    PARTICLES LEFT        OF BEAM PARTICLES     BY A BEAM PARTICLE     10000.0 SECONDS      CREATED
                                            THAT CAN STILL BE                           FOR PRINTOUT)
                                            HANDLED

 NEXT SEEDS:1ABDF487      73       0       0       0       0    B270      7B       0       0
          1             299999999             299999999             1.0085106E-04         1.0000000E+30                 0       
 NEXT SEEDS:1ABDF571      73       0       0       0       0    B270      7B       0       0
    6000000             294000000             294000000             4.3499071E-05         1.0000000E+30             19989       
 NEXT SEEDS:23F03DEA      74       0       0       0       0    B270      7B       0       0
   12000000             288000000             288000000             4.3850485E-05         1.0000000E+30             39827       
 NEXT SEEDS:2D22627A      75       0       0       0       0    B270      7B       0       0
   18000000             282000000             282000000             4.4033692E-05         1.0000000E+30             59867       
 NEXT SEEDS:365CB1F4      76       0       0       0       0    B270      7B       0       0
   24000000             276000000             276000000             4.4097926E-05         1.0000000E+30             79720       
 NEXT SEEDS: 3F5603C      78       0       0       0       0    B270      7B       0       0
   30000000             270000000             270000000             4.4163111E-05         1.0000000E+30             99725       
 NEXT SEEDS: D23AD76      79       0       0       0       0    B270      7B       0       0
   36000000             264000000             264000000             4.4123112E-05         1.0000000E+30            119695       
 NEXT SEEDS:165F8128      7A       0       0       0       0    B270      7B       0       0
   42000000             258000000             258000000             4.4276905E-05         1.0000000E+30            139626       
 NEXT SEEDS:1F955A7F      7B       0       0       0       0    B270      7B       0       0
   48000000             252000000             252000000             4.4479955E-05         1.0000000E+30            159843       
 NEXT SEEDS:28D6830E      7C       0       0       0       0    B270      7B       0       0
   54000000             246000000             246000000             4.4670740E-05         1.0000000E+30            179759       
 NEXT SEEDS:320E19B6      7D       0       0       0       0    B270      7B       0       0
   60000000             240000000             240000000             4.5052796E-05         1.0000000E+30            199815       
 NEXT SEEDS:3B45CFEA      7E       0       0       0       0    B270      7B       0       0
   66000000             234000000             234000000             4.5179691E-05         1.0000000E+30            219674       
 NEXT SEEDS: 8E58023      80       0       0       0       0    B270      7B       0       0
   72000000             228000000             228000000             4.5277873E-05         1.0000000E+30            239549       
 NEXT SEEDS:12209392      81       0       0       0       0    B270      7B       0       0
   78000000             222000000             222000000             4.5194605E-05         1.0000000E+30            259323       
 NEXT SEEDS:1B5A9E15      82       0       0       0       0    B270      7B       0       0
   84000000             216000000             216000000             4.5128517E-05         1.0000000E+30            279127       
 NEXT SEEDS:2487921A      83       0       0       0       0    B270      7B       0       0
   90000000             210000000             210000000             4.5006133E-05         1.0000000E+30            299137       
 NEXT SEEDS:2DC3C7E9      84       0       0       0       0    B270      7B       0       0
   96000000             204000000             204000000             4.4829778E-05         1.0000000E+30            319043       
 NEXT SEEDS:36FA1895      85       0       0       0       0    B270      7B       0       0
  102000000             198000000             198000000             4.4752523E-05         1.0000000E+30            339016       
 NEXT SEEDS: 491523C      87       0       0       0       0    B270      7B       0       0
  108000000             192000000             192000000             4.4663990E-05         1.0000000E+30            359148       
 NEXT SEEDS: DC618C7      88       0       0       0       0    B270      7B       0       0
  114000000             186000000             186000000             4.4607015E-05         1.0000000E+30            379065       
 NEXT SEEDS:16FE4BA6      89       0       0       0       0    B270      7B       0       0
  120000000             180000000             180000000             4.4534973E-05         1.0000000E+30            398946       
 NEXT SEEDS:20325E94      8A       0       0       0       0    B270      7B       0       0
  126000000             174000000             174000000             4.4488254E-05         1.0000000E+30            419081       
 NEXT SEEDS:296F9B61      8B       0       0       0       0    B270      7B       0       0
  132000000             168000000             168000000             4.4490874E-05         1.0000000E+30            439221       
 NEXT SEEDS:32A9124E      8C       0       0       0       0    B270      7B       0       0
  138000000             162000000             162000000             4.4478459E-05         1.0000000E+30            459155       
 NEXT SEEDS:  4040CA      8E       0       0       0       0    B270      7B       0       0
  144000000             156000000             156000000             4.4477597E-05         1.0000000E+30            479158       
 NEXT SEEDS: 979D5B9      8F       0       0       0       0    B270      7B       0       0
  150000000             150000000             150000000             4.4465443E-05         1.0000000E+30            499063       
 NEXT SEEDS:12ABC36F      90       0       0       0       0    B270      7B       0       0
  156000000             144000000             144000000             4.4472099E-05         1.0000000E+30            518918       
 NEXT SEEDS:1BE11486      91       0       0       0       0    B270      7B       0       0
  162000000             138000000             138000000             4.4470296E-05         1.0000000E+30            538862       
 NEXT SEEDS:2519881D      92       0       0       0       0    B270      7B       0       0
  168000000             132000000             132000000             4.4473182E-05         1.0000000E+30            558925       
 NEXT SEEDS:2E4BBB79      93       0       0       0       0    B270      7B       0       0
  174000000             126000000             126000000             4.4454587E-05         1.0000000E+30            579007       
 NEXT SEEDS:3788022D      94       0       0       0       0    B270      7B       0       0
  180000000             120000000             120000000             4.4432650E-05         1.0000000E+30            599174       
 NEXT SEEDS: 5251741      96       0       0       0       0    B270      7B       0       0
  186000000             114000000             114000000             4.4410500E-05         1.0000000E+30            619104       
 NEXT SEEDS: E5B0E99      97       0       0       0       0    B270      7B       0       0
  192000000             108000000             108000000             4.4405474E-05         1.0000000E+30            639061       
 NEXT SEEDS:17881B4B      98       0       0       0       0    B270      7B       0       0
  198000000             102000000             102000000             4.4412285E-05         1.0000000E+30            658962       
 NEXT SEEDS:20C13F0F      99       0       0       0       0    B270      7B       0       0
  204000000              96000000              96000000             4.4410365E-05         1.0000000E+30            678884       
 NEXT SEEDS:29F5EEE1      9A       0       0       0       0    B270      7B       0       0
  210000000              90000000              90000000             4.4419092E-05         1.0000000E+30            698779       
 NEXT SEEDS:332AD50F      9B       0       0       0       0    B270      7B       0       0
  216000000              84000000              84000000             4.4413115E-05         1.0000000E+30            718642       
 NEXT SEEDS:  BDAD8E      9D       0       0       0       0    B270      7B       0       0
  222000000              78000000              78000000             4.4419475E-05         1.0000000E+30            738856       
 NEXT SEEDS: 9F8C7E5      9E       0       0       0       0    B270      7B       0       0
  228000000              72000000              72000000             4.4416600E-05         1.0000000E+30            758637       
 NEXT SEEDS:13249AE4      9F       0       0       0       0    B270      7B       0       0
  234000000              66000000              66000000             4.4428901E-05         1.0000000E+30            778426       
 NEXT SEEDS:1C5A1CAA      A0       0       0       0       0    B270      7B       0       0
  240000000              60000000              60000000             4.4448301E-05         1.0000000E+30            798300       
 NEXT SEEDS:258B72E6      A1       0       0       0       0    B270      7B       0       0
  246000000              54000000              54000000             4.4457958E-05         1.0000000E+30            818289       
 NEXT SEEDS:2EC33B35      A2       0       0       0       0    B270      7B       0       0
  252000000              48000000              48000000             4.4454805E-05         1.0000000E+30            838414       
 NEXT SEEDS:37FFFC59      A3       0       0       0       0    B270      7B       0       0
  258000000              42000000              42000000             4.4448214E-05         1.0000000E+30            858310       
 NEXT SEEDS: 59674EB      A5       0       0       0       0    B270      7B       0       0
  264000000              36000000              36000000             4.4443006E-05         1.0000000E+30            877913       
 NEXT SEEDS: EC193C5      A6       0       0       0       0    B270      7B       0       0
  270000000              30000000              30000000             4.4435502E-05         1.0000000E+30            897880       
 NEXT SEEDS:17F38CD0      A7       0       0       0       0    B270      7B       0       0
  276000000              24000000              24000000             4.4426024E-05         1.0000000E+30            917913       
 NEXT SEEDS:212C28C5      A8       0       0       0       0    B270      7B       0       0
  282000000              18000000              18000000             4.4421136E-05         1.0000000E+30            937876       
 NEXT SEEDS:2A69AF47      A9       0       0       0       0    B270      7B       0       0
  288000000              12000000              12000000             4.4415814E-05         1.0000000E+30            957644       
 NEXT SEEDS:339D65B4      AA       0       0       0       0    B270      7B       0       0
  294000000               6000000               6000000             4.4401053E-05         1.0000000E+30            977657       
 NEXT SEEDS: 13856AF      AC       0       0       0       0    B270      7B       0       0
  299999950                    50                    50             4.4400175E-05         1.0000000E+30            997681       
 NEXT SEEDS: A6D2BE7      AD       0       0       0       0    B270      7B       0       0
  299999951                    49                    49             4.4400175E-05         1.0000000E+30            997681       
 NEXT SEEDS: A6D2CA9      AD       0       0       0       0    B270      7B       0       0
  299999952                    48                    48             4.4400175E-05         1.0000000E+30            997681       
 NEXT SEEDS: A6D2D88      AD       0       0       0       0    B270      7B       0       0
  299999953                    47                    47             4.4400175E-05         1.0000000E+30            997681       
 NEXT SEEDS: A6D2E5A      AD       0       0       0       0    B270      7B       0       0
  299999954                    46                    46             4.4400178E-05         1.0000000E+30            997681       
 NEXT SEEDS: A6D2F38      AD       0       0       0       0    B270      7B       0       0
  299999955                    45                    45             4.4400178E-05         1.0000000E+30            997681       
 NEXT SEEDS: A6D2F41      AD       0       0       0       0    B270      7B       0       0
  299999956                    44                    44             4.4400177E-05         1.0000000E+30            997681       
 NEXT SEEDS: A6D3020      AD       0       0       0       0    B270      7B       0       0
  299999957                    43                    43             4.4400177E-05         1.0000000E+30            997681       
 NEXT SEEDS: A6D30F3      AD       0       0       0       0    B270      7B       0       0
  299999958                    42                    42             4.4400177E-05         1.0000000E+30            997681       
 NEXT SEEDS: A6D31C7      AD       0       0       0       0    B270      7B       0       0
  299999959                    41                    41             4.4400177E-05         1.0000000E+30            997681       
 NEXT SEEDS: A6D31CE      AD       0       0       0       0    B270      7B       0       0
  299999960                    40                    40             4.4400177E-05         1.0000000E+30            997681       
 NEXT SEEDS: A6D329C      AD       0       0       0       0    B270      7B       0       0
  299999961                    39                    39             4.4400180E-05         1.0000000E+30            997681       
 NEXT SEEDS: A6D337E      AD       0       0       0       0    B270      7B       0       0
  299999962                    38                    38             4.4400180E-05         1.0000000E+30            997681       
 NEXT SEEDS: A6D345C      AD       0       0       0       0    B270      7B       0       0
  299999963                    37                    37             4.4400180E-05         1.0000000E+30            997681       
 NEXT SEEDS: A6D3463      AD       0       0       0       0    B270      7B       0       0
  299999964                    36                    36             4.4400180E-05         1.0000000E+30            997681       
 NEXT SEEDS: A6D3534      AD       0       0       0       0    B270      7B       0       0
  299999965                    35                    35             4.4400179E-05         1.0000000E+30            997681       
 NEXT SEEDS: A6D3612      AD       0       0       0       0    B270      7B       0       0
  299999966                    34                    34             4.4400179E-05         1.0000000E+30            997681       
 NEXT SEEDS: A6D36DA      AD       0       0       0       0    B270      7B       0       0
  299999967                    33                    33             4.4400182E-05         1.0000000E+30            997681       
 NEXT SEEDS: A6D37A2      AD       0       0       0       0    B270      7B       0       0
  299999968                    32                    32             4.4400182E-05         1.0000000E+30            997681       
 NEXT SEEDS: A6D387D      AD       0       0       0       0    B270      7B       0       0
  299999969                    31                    31             4.4400182E-05         1.0000000E+30            997681       
 NEXT SEEDS: A6D3884      AD       0       0       0       0    B270      7B       0       0
  299999970                    30                    30             4.4400182E-05         1.0000000E+30            997681       
 NEXT SEEDS: A6D3961      AD       0       0       0       0    B270      7B       0       0
  299999971                    29                    29             4.4400182E-05         1.0000000E+30            997681       
 NEXT SEEDS: A6D3A2F      AD       0       0       0       0    B270      7B       0       0
  299999972                    28                    28             4.4400182E-05         1.0000000E+30            997681       
 NEXT SEEDS: A6D3AE3      AD       0       0       0       0    B270      7B       0       0
  299999973                    27                    27             4.4400185E-05         1.0000000E+30            997681       
 NEXT SEEDS: A6D3BAE      AD       0       0       0       0    B270      7B       0       0
  299999974                    26                    26             4.4400185E-05         1.0000000E+30            997681       
 NEXT SEEDS: A6D3C8F      AD       0       0       0       0    B270      7B       0       0
  299999975                    25                    25             4.4400184E-05         1.0000000E+30            997681       
 NEXT SEEDS: A6D3D4D      AD       0       0       0       0    B270      7B       0       0
  299999976                    24                    24             4.4400184E-05         1.0000000E+30            997681       
 NEXT SEEDS: A6D3D5E      AD       0       0       0       0    B270      7B       0       0
  299999977                    23                    23             4.4400184E-05         1.0000000E+30            997681       
 NEXT SEEDS: A6D3E2D      AD       0       0       0       0    B270      7B       0       0
  299999978                    22                    22             4.4400184E-05         1.0000000E+30            997681       
 NEXT SEEDS: A6D3EFA      AD       0       0       0       0    B270      7B       0       0
  299999979                    21                    21             4.4400187E-05         1.0000000E+30            997681       
 NEXT SEEDS: A6D3F03      AD       0       0       0       0    B270      7B       0       0
  299999980                    20                    20             4.4400187E-05         1.0000000E+30            997681       
 NEXT SEEDS: A6D3FCC      AD       0       0       0       0    B270      7B       0       0
  299999981                    19                    19             4.4400187E-05         1.0000000E+30            997681       
 NEXT SEEDS: A6D3FD5      AD       0       0       0       0    B270      7B       0       0
  299999982                    18                    18             4.4400187E-05         1.0000000E+30            997681       
 NEXT SEEDS: A6D40A8      AD       0       0       0       0    B270      7B       0       0
  299999983                    17                    17             4.4400186E-05         1.0000000E+30            997681       
 NEXT SEEDS: A6D418D      AD       0       0       0       0    B270      7B       0       0
  299999984                    16                    16             4.4400186E-05         1.0000000E+30            997681       
 NEXT SEEDS: A6D4194      AD       0       0       0       0    B270      7B       0       0
  299999985                    15                    15             4.4400186E-05         1.0000000E+30            997681       
 NEXT SEEDS: A6D428A      AD       0       0       0       0    B270      7B       0       0
  299999986                    14                    14             4.4400189E-05         1.0000000E+30            997681       
 NEXT SEEDS: A6D434D      AD       0       0       0       0    B270      7B       0       0
  299999987                    13                    13             4.4400189E-05         1.0000000E+30            997681       
 NEXT SEEDS: A6D4354      AD       0       0       0       0    B270      7B       0       0
  299999988                    12                    12             4.4400189E-05         1.0000000E+30            997681       
 NEXT SEEDS: A6D442E      AD       0       0       0       0    B270      7B       0       0
  299999989                    11                    11             4.4400189E-05         1.0000000E+30            997681       
 NEXT SEEDS: A6D4509      AD       0       0       0       0    B270      7B       0       0
  299999990                    10                    10             4.4400189E-05         1.0000000E+30            997681       
 NEXT SEEDS: A6D45DA      AD       0       0       0       0    B270      7B       0       0
  299999991                     9                     9             4.4400189E-05         1.0000000E+30            997681       
 NEXT SEEDS: A6D46B0      AD       0       0       0       0    B270      7B       0       0
  299999992                     8                     8             4.4400192E-05         1.0000000E+30            997681       
 NEXT SEEDS: A6D46B7      AD       0       0       0       0    B270      7B       0       0
  299999993                     7                     7             4.4400192E-05         1.0000000E+30            997681       
 NEXT SEEDS: A6D4783      AD       0       0       0       0    B270      7B       0       0
  299999994                     6                     6             4.4400191E-05         1.0000000E+30            997681       
 NEXT SEEDS: A6D485D      AD       0       0       0       0    B270      7B       0       0
  299999995                     5                     5             4.4400191E-05         1.0000000E+30            997681       
 NEXT SEEDS: A6D4926      AD       0       0       0       0    B270      7B       0       0
  299999996                     4                     4             4.4400191E-05         1.0000000E+30            997681       
 NEXT SEEDS: A6D49EA      AD       0       0       0       0    B270      7B       0       0
  299999997                     3                     3             4.4400194E-05         1.0000000E+30            997681       
 NEXT SEEDS: A6D4AB5      AD       0       0       0       0    B270      7B       0       0
  299999998                     2                     2             4.4400194E-05         1.0000000E+30            997681       
 NEXT SEEDS: A6D4B89      AD       0       0       0       0    B270      7B       0       0
  299999999                     1                     1             4.4400194E-05         1.0000000E+30            997681       
 NEXT SEEDS: A6D4C49      AD       0       0       0       0    B270      7B       0       0
  300000000                     0                     1             4.4400194E-05         1.0000000E+30            997681       
 NEXT SEEDS: A6D4D2A      AD       0       0       0       0    B270      7B       0       0
