1NUMBER OF BEAM       NUMBER OF BEAM        APPROXIMATE NUMBER    AVERAGE TIME USED     TIME LEFT (RESERVED   NUMBER OF STARS
 PARTICLES HANDLED    PARTICLES LEFT        OF BEAM PARTICLES     BY A BEAM PARTICLE     10000.0 SECONDS      CREATED
                                            THAT CAN STILL BE                           FOR PRINTOUT)
                                            HANDLED

 NEXT SEEDS:24E8B66B     120       0       0       0       0    B271      7B       0       0
          1             299999999             299999999             1.4114380E-04         1.0000000E+30                 0       
 NEXT SEEDS:24E8B736     120       0       0       0       0    B271      7B       0       0
    6000000             294000000             294000000             4.3836605E-05         1.0000000E+30             20157       
 NEXT SEEDS:2E2093F9     121       0       0       0       0    B271      7B       0       0
   12000000             288000000             288000000             4.3547794E-05         1.0000000E+30             40200       
 NEXT SEEDS:3757DE69     122       0       0       0       0    B271      7B       0       0
   18000000             282000000             282000000             4.3611164E-05         1.0000000E+30             60084       
 NEXT SEEDS: 4F0F879     124       0       0       0       0    B271      7B       0       0
   24000000             276000000             276000000             4.3617062E-05         1.0000000E+30             79976       
 NEXT SEEDS: E20A8F7     125       0       0       0       0    B271      7B       0       0
   30000000             270000000             270000000             4.3622360E-05         1.0000000E+30             99670       
 NEXT SEEDS:17504BF5     126       0       0       0       0    B271      7B       0       0
   36000000             264000000             264000000             4.3770305E-05         1.0000000E+30            119470       
 NEXT SEEDS:207EDCA7     127       0       0       0       0    B271      7B       0       0
   42000000             258000000             258000000             4.3718890E-05         1.0000000E+30            139264       
 NEXT SEEDS:29AC4AF9     128       0       0       0       0    B271      7B       0       0
   48000000             252000000             252000000             4.3722545E-05         1.0000000E+30            159106       
 NEXT SEEDS:32D8F6CE     129       0       0       0       0    B271      7B       0       0
  *** Rcfset:kprin,bfcmax,epat00,ppat00,ravpot           1 -0.14579497349573423       0.94251365553953514        8.9314406261035914E-002   12.440777676959296     
  ***RCFSET:EPAT00,VCOUMX,AM(KPRIN),KPRIN  0.94251365553953514        4.4744817500056450E-003  0.93827231000000000                1
   54000000             246000000             246000000             4.3777173E-05         1.0000000E+30            179174       
 NEXT SEEDS:  767637     12B       0       0       0       0    B271      7B       0       0
   60000000             240000000             240000000             4.3810446E-05         1.0000000E+30            199186       
 NEXT SEEDS: 9B0DE7F     12C       0       0       0       0    B271      7B       0       0
   66000000             234000000             234000000             4.3858632E-05         1.0000000E+30            218963       
 NEXT SEEDS:12E20018     12D       0       0       0       0    B271      7B       0       0
   72000000             228000000             228000000             4.3832564E-05         1.0000000E+30            239004       
 NEXT SEEDS:1C172BA1     12E       0       0       0       0    B271      7B       0       0
   78000000             222000000             222000000             4.3878944E-05         1.0000000E+30            258949       
 NEXT SEEDS:254E640D     12F       0       0       0       0    B271      7B       0       0
   84000000             216000000             216000000             4.3889259E-05         1.0000000E+30            278947       
 NEXT SEEDS:2E862A2A     130       0       0       0       0    B271      7B       0       0
   90000000             210000000             210000000             4.3877759E-05         1.0000000E+30            298862       
 NEXT SEEDS:37B730EB     131       0       0       0       0    B271      7B       0       0
   96000000             204000000             204000000             4.3887324E-05         1.0000000E+30            318746       
 NEXT SEEDS: 55027C8     133       0       0       0       0    B271      7B       0       0
  102000000             198000000             198000000             4.3905542E-05         1.0000000E+30            338647       
 NEXT SEEDS: E80545A     134       0       0       0       0    B271      7B       0       0
  108000000             192000000             192000000             4.3927111E-05         1.0000000E+30            358490       
 NEXT SEEDS:17B6DAE1     135       0       0       0       0    B271      7B       0       0
  114000000             186000000             186000000             4.3917986E-05         1.0000000E+30            378685       
 NEXT SEEDS:20F39C64     136       0       0       0       0    B271      7B       0       0
  120000000             180000000             180000000             4.3864047E-05         1.0000000E+30            398737       
 NEXT SEEDS:2A2F203B     137       0       0       0       0    B271      7B       0       0
  126000000             174000000             174000000             4.3840941E-05         1.0000000E+30            418693       
 NEXT SEEDS:335BFA41     138       0       0       0       0    B271      7B       0       0
  132000000             168000000             168000000             4.3820638E-05         1.0000000E+30            438871       
 NEXT SEEDS:  FACB08     13A       0       0       0       0    B271      7B       0       0
  138000000             162000000             162000000             4.3784095E-05         1.0000000E+30            458975       
 NEXT SEEDS: A33AEBE     13B       0       0       0       0    B271      7B       0       0
  144000000             156000000             156000000             4.3799520E-05         1.0000000E+30            478853       
 NEXT SEEDS:136C8552     13C       0       0       0       0    B271      7B       0       0
  150000000             150000000             150000000             4.3766387E-05         1.0000000E+30            498676       
 NEXT SEEDS:1C9C91BF     13D       0       0       0       0    B271      7B       0       0
  156000000             144000000             144000000             4.3736310E-05         1.0000000E+30            518628       
 NEXT SEEDS:25D48673     13E       0       0       0       0    B271      7B       0       0
  162000000             138000000             138000000             4.3730140E-05         1.0000000E+30            538617       
 NEXT SEEDS:2F112EA2     13F       0       0       0       0    B271      7B       0       0
  168000000             132000000             132000000             4.3687125E-05         1.0000000E+30            558549       
 NEXT SEEDS:38425C3A     140       0       0       0       0    B271      7B       0       0
  174000000             126000000             126000000             4.3665819E-05         1.0000000E+30            578537       
 NEXT SEEDS: 5DB5141     142       0       0       0       0    B271      7B       0       0
  180000000             120000000             120000000             4.3664665E-05         1.0000000E+30            598305       
 NEXT SEEDS: F0F0396     143       0       0       0       0    B271      7B       0       0
  186000000             114000000             114000000             4.3644647E-05         1.0000000E+30            618224       
 NEXT SEEDS:184526D9     144       0       0       0       0    B271      7B       0       0
  192000000             108000000             108000000             4.3630804E-05         1.0000000E+30            638229       
 NEXT SEEDS:217CEB18     145       0       0       0       0    B271      7B       0       0
  198000000             102000000             102000000             4.3607910E-05         1.0000000E+30            658156       
 NEXT SEEDS:2AB248E5     146       0       0       0       0    B271      7B       0       0
  204000000              96000000              96000000             4.3592836E-05         1.0000000E+30            678231       
 NEXT SEEDS:33EB29BF     147       0       0       0       0    B271      7B       0       0
  210000000              90000000              90000000             4.3580529E-05         1.0000000E+30            698337       
 NEXT SEEDS: 1881FBE     149       0       0       0       0    B271      7B       0       0
  216000000              84000000              84000000             4.3567541E-05         1.0000000E+30            718275       
 NEXT SEEDS: AB53C28     14A       0       0       0       0    B271      7B       0       0
  222000000              78000000              78000000             4.3563094E-05         1.0000000E+30            738337       
 NEXT SEEDS:13EAD108     14B       0       0       0       0    B271      7B       0       0
  228000000              72000000              72000000             4.3541054E-05         1.0000000E+30            758071       
 NEXT SEEDS:1D190187     14C       0       0       0       0    B271      7B       0       0
  234000000              66000000              66000000             4.3520963E-05         1.0000000E+30            778020       
 NEXT SEEDS:264AD0F6     14D       0       0       0       0    B271      7B       0       0
  240000000              60000000              60000000             4.3522705E-05         1.0000000E+30            797790       
 NEXT SEEDS:2F7C9690     14E       0       0       0       0    B271      7B       0       0
  246000000              54000000              54000000             4.3507618E-05         1.0000000E+30            817480       
 NEXT SEEDS:38AE1628     14F       0       0       0       0    B271      7B       0       0
  252000000              48000000              48000000             4.3493629E-05         1.0000000E+30            837359       
 NEXT SEEDS: 6476AB4     151       0       0       0       0    B271      7B       0       0
  258000000              42000000              42000000             4.3498603E-05         1.0000000E+30            857227       
 NEXT SEEDS: F7D6DC8     152       0       0       0       0    B271      7B       0       0
  264000000              36000000              36000000             4.3479341E-05         1.0000000E+30            877130       
 NEXT SEEDS:18B452EB     153       0       0       0       0    B271      7B       0       0
  270000000              30000000              30000000             4.3475709E-05         1.0000000E+30            897016       
 NEXT SEEDS:21E7493C     154       0       0       0       0    B271      7B       0       0
  276000000              24000000              24000000             4.3470958E-05         1.0000000E+30            916970       
 NEXT SEEDS:2B16C5D3     155       0       0       0       0    B271      7B       0       0
  282000000              18000000              18000000             4.3464144E-05         1.0000000E+30            936644       
 NEXT SEEDS:34398944     156       0       0       0       0    B271      7B       0       0
  288000000              12000000              12000000             4.3455723E-05         1.0000000E+30            956811       
 NEXT SEEDS: 1D94715     158       0       0       0       0    B271      7B       0       0
  294000000               6000000               6000000             4.3451358E-05         1.0000000E+30            976813       
 NEXT SEEDS: B0E64B3     159       0       0       0       0    B271      7B       0       0
  299999950                    50                    50             4.3446934E-05         1.0000000E+30            996720       
 NEXT SEEDS:143C3FFF     15A       0       0       0       0    B271      7B       0       0
  299999951                    49                    49             4.3446934E-05         1.0000000E+30            996720       
 NEXT SEEDS:143C40DD     15A       0       0       0       0    B271      7B       0       0
  299999952                    48                    48             4.3446934E-05         1.0000000E+30            996720       
 NEXT SEEDS:143C40E8     15A       0       0       0       0    B271      7B       0       0
  299999953                    47                    47             4.3446934E-05         1.0000000E+30            996720       
 NEXT SEEDS:143C41BA     15A       0       0       0       0    B271      7B       0       0
  299999954                    46                    46             4.3446937E-05         1.0000000E+30            996720       
 NEXT SEEDS:143C4294     15A       0       0       0       0    B271      7B       0       0
  299999955                    45                    45             4.3446937E-05         1.0000000E+30            996720       
 NEXT SEEDS:143C4367     15A       0       0       0       0    B271      7B       0       0
  299999956                    44                    44             4.3446937E-05         1.0000000E+30            996720       
 NEXT SEEDS:143C443B     15A       0       0       0       0    B271      7B       0       0
  299999957                    43                    43             4.3446937E-05         1.0000000E+30            996720       
 NEXT SEEDS:143C4538     15A       0       0       0       0    B271      7B       0       0
  299999958                    42                    42             4.3446937E-05         1.0000000E+30            996720       
 NEXT SEEDS:143C460F     15A       0       0       0       0    B271      7B       0       0
  299999959                    41                    41             4.3446936E-05         1.0000000E+30            996720       
 NEXT SEEDS:143C46C1     15A       0       0       0       0    B271      7B       0       0
  299999960                    40                    40             4.3446936E-05         1.0000000E+30            996720       
 NEXT SEEDS:143C46CA     15A       0       0       0       0    B271      7B       0       0
  299999961                    39                    39             4.3446939E-05         1.0000000E+30            996720       
 NEXT SEEDS:143C47AC     15A       0       0       0       0    B271      7B       0       0
  299999962                    38                    38             4.3446939E-05         1.0000000E+30            996720       
 NEXT SEEDS:143C487A     15A       0       0       0       0    B271      7B       0       0
  299999963                    37                    37             4.3446939E-05         1.0000000E+30            996720       
 NEXT SEEDS:143C4952     15A       0       0       0       0    B271      7B       0       0
  299999964                    36                    36             4.3446939E-05         1.0000000E+30            996720       
 NEXT SEEDS:143C4A2C     15A       0       0       0       0    B271      7B       0       0
  299999965                    35                    35             4.3446939E-05         1.0000000E+30            996720       
 NEXT SEEDS:143C4AE8     15A       0       0       0       0    B271      7B       0       0
  299999966                    34                    34             4.3446939E-05         1.0000000E+30            996720       
 NEXT SEEDS:143C4BA8     15A       0       0       0       0    B271      7B       0       0
  299999967                    33                    33             4.3446942E-05         1.0000000E+30            996720       
 NEXT SEEDS:143C4C74     15A       0       0       0       0    B271      7B       0       0
  299999968                    32                    32             4.3446942E-05         1.0000000E+30            996720       
 NEXT SEEDS:143C4D4C     15A       0       0       0       0    B271      7B       0       0
  299999969                    31                    31             4.3446941E-05         1.0000000E+30            996720       
 NEXT SEEDS:143C4E18     15A       0       0       0       0    B271      7B       0       0
  299999970                    30                    30             4.3446941E-05         1.0000000E+30            996720       
 NEXT SEEDS:143C4EF9     15A       0       0       0       0    B271      7B       0       0
  299999971                    29                    29             4.3446941E-05         1.0000000E+30            996720       
 NEXT SEEDS:143C4FC6     15A       0       0       0       0    B271      7B       0       0
  299999972                    28                    28             4.3446941E-05         1.0000000E+30            996720       
 NEXT SEEDS:143C4FCF     15A       0       0       0       0    B271      7B       0       0
  299999973                    27                    27             4.3446944E-05         1.0000000E+30            996720       
 NEXT SEEDS:143C509A     15A       0       0       0       0    B271      7B       0       0
  299999974                    26                    26             4.3446944E-05         1.0000000E+30            996720       
 NEXT SEEDS:143C518E     15A       0       0       0       0    B271      7B       0       0
  299999975                    25                    25             4.3446944E-05         1.0000000E+30            996720       
 NEXT SEEDS:143C5260     15A       0       0       0       0    B271      7B       0       0
  299999976                    24                    24             4.3446944E-05         1.0000000E+30            996720       
 NEXT SEEDS:143C5357     15A       0       0       0       0    B271      7B       0       0
  299999977                    23                    23             4.3446944E-05         1.0000000E+30            996720       
 NEXT SEEDS:143C543D     15A       0       0       0       0    B271      7B       0       0
  299999978                    22                    22             4.3446943E-05         1.0000000E+30            996720       
 NEXT SEEDS:143C5508     15A       0       0       0       0    B271      7B       0       0
  299999979                    21                    21             4.3446943E-05         1.0000000E+30            996720       
 NEXT SEEDS:143C55D0     15A       0       0       0       0    B271      7B       0       0
  299999980                    20                    20             4.3446946E-05         1.0000000E+30            996720       
 NEXT SEEDS:143C56A7     15A       0       0       0       0    B271      7B       0       0
  299999981                    19                    19             4.3446946E-05         1.0000000E+30            996720       
 NEXT SEEDS:143C5794     15A       0       0       0       0    B271      7B       0       0
  299999982                    18                    18             4.3446946E-05         1.0000000E+30            996720       
 NEXT SEEDS:143C586B     15A       0       0       0       0    B271      7B       0       0
  299999983                    17                    17             4.3446946E-05         1.0000000E+30            996720       
 NEXT SEEDS:143C5936     15A       0       0       0       0    B271      7B       0       0
  299999984                    16                    16             4.3446946E-05         1.0000000E+30            996720       
 NEXT SEEDS:143C59DA     15A       0       0       0       0    B271      7B       0       0
  299999985                    15                    15             4.3446946E-05         1.0000000E+30            996720       
 NEXT SEEDS:143C59E1     15A       0       0       0       0    B271      7B       0       0
  299999986                    14                    14             4.3446949E-05         1.0000000E+30            996720       
 NEXT SEEDS:143C5AC2     15A       0       0       0       0    B271      7B       0       0
  299999987                    13                    13             4.3446949E-05         1.0000000E+30            996720       
 NEXT SEEDS:143C5B80     15A       0       0       0       0    B271      7B       0       0
  299999988                    12                    12             4.3446948E-05         1.0000000E+30            996720       
 NEXT SEEDS:143C5C5D     15A       0       0       0       0    B271      7B       0       0
  299999989                    11                    11             4.3446948E-05         1.0000000E+30            996720       
 NEXT SEEDS:143C5D34     15A       0       0       0       0    B271      7B       0       0
  299999990                    10                    10             4.3446948E-05         1.0000000E+30            996720       
 NEXT SEEDS:143C5E13     15A       0       0       0       0    B271      7B       0       0
  299999991                     9                     9             4.3446948E-05         1.0000000E+30            996720       
 NEXT SEEDS:143C5EF1     15A       0       0       0       0    B271      7B       0       0
  299999992                     8                     8             4.3446948E-05         1.0000000E+30            996720       
 NEXT SEEDS:143C5FCF     15A       0       0       0       0    B271      7B       0       0
  299999993                     7                     7             4.3446951E-05         1.0000000E+30            996720       
 NEXT SEEDS:143C60A4     15A       0       0       0       0    B271      7B       0       0
  299999994                     6                     6             4.3446951E-05         1.0000000E+30            996720       
 NEXT SEEDS:143C6184     15A       0       0       0       0    B271      7B       0       0
  299999995                     5                     5             4.3446951E-05         1.0000000E+30            996720       
 NEXT SEEDS:143C625C     15A       0       0       0       0    B271      7B       0       0
  299999996                     4                     4             4.3446951E-05         1.0000000E+30            996720       
 NEXT SEEDS:143C633E     15A       0       0       0       0    B271      7B       0       0
  299999997                     3                     3             4.3446950E-05         1.0000000E+30            996720       
 NEXT SEEDS:143C6409     15A       0       0       0       0    B271      7B       0       0
  299999998                     2                     2             4.3446950E-05         1.0000000E+30            996720       
 NEXT SEEDS:143C6412     15A       0       0       0       0    B271      7B       0       0
  299999999                     1                     1             4.3446953E-05         1.0000000E+30            996720       
 NEXT SEEDS:143C64EB     15A       0       0       0       0    B271      7B       0       0
  300000000                     0                     1             4.3446953E-05         1.0000000E+30            996720       
 NEXT SEEDS:143C658F     15A       0       0       0       0    B271      7B       0       0
