1NUMBER OF BEAM       NUMBER OF BEAM        APPROXIMATE NUMBER    AVERAGE TIME USED     TIME LEFT (RESERVED   NUMBER OF STARS
 PARTICLES HANDLED    PARTICLES LEFT        OF BEAM PARTICLES     BY A BEAM PARTICLE     10000.0 SECONDS      CREATED
                                            THAT CAN STILL BE                           FOR PRINTOUT)
                                            HANDLED

 NEXT SEEDS:2B3D77F6      39       0       0       0       0    B270      7B       0       0
          1             299999999             299999999             1.5306473E-04         1.0000000E+30                 0       
 NEXT SEEDS:2B3D78B7      39       0       0       0       0    B270      7B       0       0
    6000000             294000000             294000000             4.4221810E-05         1.0000000E+30             19914       
 NEXT SEEDS:347326D9      3A       0       0       0       0    B270      7B       0       0
   12000000             288000000             288000000             4.4670135E-05         1.0000000E+30             39828       
 NEXT SEEDS: 20E6C72      3C       0       0       0       0    B270      7B       0       0
   18000000             282000000             282000000             4.4539041E-05         1.0000000E+30             59644       
 NEXT SEEDS: B3E49F3      3D       0       0       0       0    B270      7B       0       0
   24000000             276000000             276000000             4.4599118E-05         1.0000000E+30             79550       
 NEXT SEEDS:14719A1C      3E       0       0       0       0    B270      7B       0       0
   30000000             270000000             270000000             4.4622491E-05         1.0000000E+30             99502       
 NEXT SEEDS:1DA8AA50      3F       0       0       0       0    B270      7B       0       0
   36000000             264000000             264000000             4.4555896E-05         1.0000000E+30            119502       
 NEXT SEEDS:26DCDFC0      40       0       0       0       0    B270      7B       0       0
   42000000             258000000             258000000             4.4512647E-05         1.0000000E+30            139232       
 NEXT SEEDS:300C6F7A      41       0       0       0       0    B270      7B       0       0
   48000000             252000000             252000000             4.4442399E-05         1.0000000E+30            159230       
 NEXT SEEDS:393969B0      42       0       0       0       0    B270      7B       0       0
   54000000             246000000             246000000             4.4431212E-05         1.0000000E+30            179289       
 NEXT SEEDS: 6DB41FE      44       0       0       0       0    B270      7B       0       0
   60000000             240000000             240000000             4.4438433E-05         1.0000000E+30            199244       
 NEXT SEEDS:100FE463      45       0       0       0       0    B270      7B       0       0
   66000000             234000000             234000000             4.4439883E-05         1.0000000E+30            219224       
 NEXT SEEDS:1946771E      46       0       0       0       0    B270      7B       0       0
   72000000             228000000             228000000             4.4417542E-05         1.0000000E+30            239070       
 NEXT SEEDS:22793CC2      47       0       0       0       0    B270      7B       0       0
   78000000             222000000             222000000             4.4433885E-05         1.0000000E+30            259007       
 NEXT SEEDS:2BB5B02E      48       0       0       0       0    B270      7B       0       0
   84000000             216000000             216000000             4.4432964E-05         1.0000000E+30            278855       
 NEXT SEEDS:34ED87EF      49       0       0       0       0    B270      7B       0       0
   90000000             210000000             210000000             4.4486513E-05         1.0000000E+30            298636       
 NEXT SEEDS: 28C4603      4B       0       0       0       0    B270      7B       0       0
   96000000             204000000             204000000             4.4480853E-05         1.0000000E+30            318722       
 NEXT SEEDS: BC360F4      4C       0       0       0       0    B270      7B       0       0
  102000000             198000000             198000000             4.4496757E-05         1.0000000E+30            338691       
 NEXT SEEDS:1501978A      4D       0       0       0       0    B270      7B       0       0
  108000000             192000000             192000000             4.4652636E-05         1.0000000E+30            358673       
 NEXT SEEDS:1E3CFD7A      4E       0       0       0       0    B270      7B       0       0
  114000000             186000000             186000000             4.4557440E-05         1.0000000E+30            378852       
 NEXT SEEDS:2779E8A8      4F       0       0       0       0    B270      7B       0       0
  120000000             180000000             180000000             4.4495994E-05         1.0000000E+30            398705       
 NEXT SEEDS:30ACF1CC      50       0       0       0       0    B270      7B       0       0
  126000000             174000000             174000000             4.4453410E-05         1.0000000E+30            418613       
 NEXT SEEDS:39DB027E      51       0       0       0       0    B270      7B       0       0
  132000000             168000000             168000000             4.4391108E-05         1.0000000E+30            438633       
 NEXT SEEDS: 77307DC      53       0       0       0       0    B270      7B       0       0
  138000000             162000000             162000000             4.4361164E-05         1.0000000E+30            458560       
 NEXT SEEDS:109E4493      54       0       0       0       0    B270      7B       0       0
  144000000             156000000             156000000             4.4300753E-05         1.0000000E+30            478484       
 NEXT SEEDS:19CFD621      55       0       0       0       0    B270      7B       0       0
  150000000             150000000             150000000             4.4239742E-05         1.0000000E+30            498547       
 NEXT SEEDS:230D03F0      56       0       0       0       0    B270      7B       0       0
  156000000             144000000             144000000             4.4209559E-05         1.0000000E+30            518466       
 NEXT SEEDS:2C40BFB2      57       0       0       0       0    B270      7B       0       0
  162000000             138000000             138000000             4.4177543E-05         1.0000000E+30            538573       
 NEXT SEEDS:35764E4F      58       0       0       0       0    B270      7B       0       0
  168000000             132000000             132000000             4.4150064E-05         1.0000000E+30            558614       
 NEXT SEEDS: 312A01F      5A       0       0       0       0    B270      7B       0       0
  174000000             126000000             126000000             4.4131734E-05         1.0000000E+30            578578       
 NEXT SEEDS: C4CBE41      5B       0       0       0       0    B270      7B       0       0
  180000000             120000000             120000000             4.4097259E-05         1.0000000E+30            598305       
 NEXT SEEDS:15804DDF      5C       0       0       0       0    B270      7B       0       0
  186000000             114000000             114000000             4.4090331E-05         1.0000000E+30            618423       
 NEXT SEEDS:1EB7D6E3      5D       0       0       0       0    B270      7B       0       0
  192000000             108000000             108000000             4.4051004E-05         1.0000000E+30            638479       
 NEXT SEEDS:27EF581E      5E       0       0       0       0    B270      7B       0       0
  198000000             102000000             102000000             4.4036576E-05         1.0000000E+30            658274       
 NEXT SEEDS:311F1472      5F       0       0       0       0    B270      7B       0       0
  204000000              96000000              96000000             4.4005887E-05         1.0000000E+30            678083       
 NEXT SEEDS:3A4DE7EE      60       0       0       0       0    B270      7B       0       0
  210000000              90000000              90000000             4.3976557E-05         1.0000000E+30            697860       
 NEXT SEEDS: 7E4C588      62       0       0       0       0    B270      7B       0       0
  216000000              84000000              84000000             4.3970558E-05         1.0000000E+30            717728       
 NEXT SEEDS:11169F88      63       0       0       0       0    B270      7B       0       0
  222000000              78000000              78000000             4.3954387E-05         1.0000000E+30            737699       
 NEXT SEEDS:1A4C89BE      64       0       0       0       0    B270      7B       0       0
  228000000              72000000              72000000             4.3951218E-05         1.0000000E+30            757699       
 NEXT SEEDS:237FF6CC      65       0       0       0       0    B270      7B       0       0
  234000000              66000000              66000000             4.3954668E-05         1.0000000E+30            777759       
 NEXT SEEDS:2CB75C7B      66       0       0       0       0    B270      7B       0       0
  240000000              60000000              60000000             4.3939172E-05         1.0000000E+30            797515       
 NEXT SEEDS:35E830BF      67       0       0       0       0    B270      7B       0       0
  246000000              54000000              54000000             4.3930504E-05         1.0000000E+30            817326       
 NEXT SEEDS: 3803E19      69       0       0       0       0    B270      7B       0       0
  252000000              48000000              48000000             4.3926234E-05         1.0000000E+30            837318       
 NEXT SEEDS: CAFB807      6A       0       0       0       0    B270      7B       0       0
  258000000              42000000              42000000             4.3905008E-05         1.0000000E+30            857200       
 NEXT SEEDS:15E60A73      6B       0       0       0       0    B270      7B       0       0
  264000000              36000000              36000000             4.3896232E-05         1.0000000E+30            877164       
 NEXT SEEDS:1F1DB0B4      6C       0       0       0       0    B270      7B       0       0
  270000000              30000000              30000000             4.3900050E-05         1.0000000E+30            896949       
 NEXT SEEDS:284C192E      6D       0       0       0       0    B270      7B       0       0
  276000000              24000000              24000000             4.3910860E-05         1.0000000E+30            917041       
 NEXT SEEDS:3181504A      6E       0       0       0       0    B270      7B       0       0
  282000000              18000000              18000000             4.3921718E-05         1.0000000E+30            937074       
 NEXT SEEDS:3AB6DCDC      6F       0       0       0       0    B270      7B       0       0
  288000000              12000000              12000000             4.3935160E-05         1.0000000E+30            956930       
 NEXT SEEDS: 853E021      71       0       0       0       0    B270      7B       0       0
  294000000               6000000               6000000             4.3945684E-05         1.0000000E+30            977016       
 NEXT SEEDS:1189035D      72       0       0       0       0    B270      7B       0       0
  299999950                    50                    50             4.3946478E-05         1.0000000E+30            997006       
 NEXT SEEDS:1ABDCF72      73       0       0       0       0    B270      7B       0       0
  299999951                    49                    49             4.3946478E-05         1.0000000E+30            997006       
 NEXT SEEDS:1ABDD049      73       0       0       0       0    B270      7B       0       0
  299999952                    48                    48             4.3946478E-05         1.0000000E+30            997006       
 NEXT SEEDS:1ABDD111      73       0       0       0       0    B270      7B       0       0
  299999953                    47                    47             4.3946478E-05         1.0000000E+30            997006       
 NEXT SEEDS:1ABDD1DF      73       0       0       0       0    B270      7B       0       0
  299999954                    46                    46             4.3946481E-05         1.0000000E+30            997006       
 NEXT SEEDS:1ABDD2A9      73       0       0       0       0    B270      7B       0       0
  299999955                    45                    45             4.3946481E-05         1.0000000E+30            997006       
 NEXT SEEDS:1ABDD35D      73       0       0       0       0    B270      7B       0       0
  299999956                    44                    44             4.3946480E-05         1.0000000E+30            997006       
 NEXT SEEDS:1ABDD423      73       0       0       0       0    B270      7B       0       0
  299999957                    43                    43             4.3946480E-05         1.0000000E+30            997006       
 NEXT SEEDS:1ABDD4F7      73       0       0       0       0    B270      7B       0       0
  299999958                    42                    42             4.3946480E-05         1.0000000E+30            997006       
 NEXT SEEDS:1ABDD5B8      73       0       0       0       0    B270      7B       0       0
  299999959                    41                    41             4.3946480E-05         1.0000000E+30            997006       
 NEXT SEEDS:1ABDD67E      73       0       0       0       0    B270      7B       0       0
  299999960                    40                    40             4.3946483E-05         1.0000000E+30            997006       
 NEXT SEEDS:1ABDD750      73       0       0       0       0    B270      7B       0       0
  299999961                    39                    39             4.3946483E-05         1.0000000E+30            997006       
 NEXT SEEDS:1ABDD82C      73       0       0       0       0    B270      7B       0       0
  299999962                    38                    38             4.3946483E-05         1.0000000E+30            997006       
 NEXT SEEDS:1ABDD833      73       0       0       0       0    B270      7B       0       0
  299999963                    37                    37             4.3946483E-05         1.0000000E+30            997006       
 NEXT SEEDS:1ABDD903      73       0       0       0       0    B270      7B       0       0
  299999964                    36                    36             4.3946482E-05         1.0000000E+30            997006       
 NEXT SEEDS:1ABDD9CF      73       0       0       0       0    B270      7B       0       0
  299999965                    35                    35             4.3946482E-05         1.0000000E+30            997006       
 NEXT SEEDS:1ABDDAAB      73       0       0       0       0    B270      7B       0       0
  299999966                    34                    34             4.3946485E-05         1.0000000E+30            997006       
 NEXT SEEDS:1ABDDB6B      73       0       0       0       0    B270      7B       0       0
  299999967                    33                    33             4.3946485E-05         1.0000000E+30            997006       
 NEXT SEEDS:1ABDDC51      73       0       0       0       0    B270      7B       0       0
  299999968                    32                    32             4.3946485E-05         1.0000000E+30            997006       
 NEXT SEEDS:1ABDDD2E      73       0       0       0       0    B270      7B       0       0
  299999969                    31                    31             4.3946485E-05         1.0000000E+30            997006       
 NEXT SEEDS:1ABDDD35      73       0       0       0       0    B270      7B       0       0
  299999970                    30                    30             4.3946485E-05         1.0000000E+30            997006       
 NEXT SEEDS:1ABDDE0F      73       0       0       0       0    B270      7B       0       0
  299999971                    29                    29             4.3946485E-05         1.0000000E+30            997006       
 NEXT SEEDS:1ABDDEDA      73       0       0       0       0    B270      7B       0       0
  299999972                    28                    28             4.3946485E-05         1.0000000E+30            997006       
 NEXT SEEDS:1ABDDEE3      73       0       0       0       0    B270      7B       0       0
  299999973                    27                    27             4.3946488E-05         1.0000000E+30            997006       
 NEXT SEEDS:1ABDDFA9      73       0       0       0       0    B270      7B       0       0
  299999974                    26                    26             4.3946488E-05         1.0000000E+30            997006       
 NEXT SEEDS:1ABDE083      73       0       0       0       0    B270      7B       0       0
  299999975                    25                    25             4.3946487E-05         1.0000000E+30            997006       
 NEXT SEEDS:1ABDE143      73       0       0       0       0    B270      7B       0       0
  299999976                    24                    24             4.3946487E-05         1.0000000E+30            997006       
 NEXT SEEDS:1ABDE204      73       0       0       0       0    B270      7B       0       0
  299999977                    23                    23             4.3946487E-05         1.0000000E+30            997006       
 NEXT SEEDS:1ABDE2E2      73       0       0       0       0    B270      7B       0       0
  299999978                    22                    22             4.3946487E-05         1.0000000E+30            997006       
 NEXT SEEDS:1ABDE2E9      73       0       0       0       0    B270      7B       0       0
  299999979                    21                    21             4.3946490E-05         1.0000000E+30            997006       
 NEXT SEEDS:1ABDE3BE      73       0       0       0       0    B270      7B       0       0
  299999980                    20                    20             4.3946490E-05         1.0000000E+30            997006       
 NEXT SEEDS:1ABDE4A3      73       0       0       0       0    B270      7B       0       0
  299999981                    19                    19             4.3946490E-05         1.0000000E+30            997006       
 NEXT SEEDS:1ABDE568      73       0       0       0       0    B270      7B       0       0
  299999982                    18                    18             4.3946490E-05         1.0000000E+30            997006       
 NEXT SEEDS:1ABDE661      73       0       0       0       0    B270      7B       0       0
  299999983                    17                    17             4.3946489E-05         1.0000000E+30            997006       
 NEXT SEEDS:1ABDE7B9      73       0       0       0       0    B270      7B       0       0
  299999984                    16                    16             4.3946489E-05         1.0000000E+30            997006       
 NEXT SEEDS:1ABDE89D      73       0       0       0       0    B270      7B       0       0
  299999985                    15                    15             4.3946492E-05         1.0000000E+30            997006       
 NEXT SEEDS:1ABDE98B      73       0       0       0       0    B270      7B       0       0
  299999986                    14                    14             4.3946492E-05         1.0000000E+30            997006       
 NEXT SEEDS:1ABDEA6B      73       0       0       0       0    B270      7B       0       0
  299999987                    13                    13             4.3946492E-05         1.0000000E+30            997006       
 NEXT SEEDS:1ABDEB2E      73       0       0       0       0    B270      7B       0       0
  299999988                    12                    12             4.3946492E-05         1.0000000E+30            997006       
 NEXT SEEDS:1ABDEC02      73       0       0       0       0    B270      7B       0       0
  299999989                    11                    11             4.3946492E-05         1.0000000E+30            997006       
 NEXT SEEDS:1ABDECD7      73       0       0       0       0    B270      7B       0       0
  299999990                    10                    10             4.3946492E-05         1.0000000E+30            997006       
 NEXT SEEDS:1ABDEDAA      73       0       0       0       0    B270      7B       0       0
  299999991                     9                     9             4.3946495E-05         1.0000000E+30            997006       
 NEXT SEEDS:1ABDEE87      73       0       0       0       0    B270      7B       0       0
  299999992                     8                     8             4.3946495E-05         1.0000000E+30            997006       
 NEXT SEEDS:1ABDEF72      73       0       0       0       0    B270      7B       0       0
  299999993                     7                     7             4.3946495E-05         1.0000000E+30            997006       
 NEXT SEEDS:1ABDF034      73       0       0       0       0    B270      7B       0       0
  299999994                     6                     6             4.3946494E-05         1.0000000E+30            997006       
 NEXT SEEDS:1ABDF041      73       0       0       0       0    B270      7B       0       0
  299999995                     5                     5             4.3946494E-05         1.0000000E+30            997006       
 NEXT SEEDS:1ABDF125      73       0       0       0       0    B270      7B       0       0
  299999996                     4                     4             4.3946494E-05         1.0000000E+30            997006       
 NEXT SEEDS:1ABDF210      73       0       0       0       0    B270      7B       0       0
  299999997                     3                     3             4.3946497E-05         1.0000000E+30            997006       
 NEXT SEEDS:1ABDF217      73       0       0       0       0    B270      7B       0       0
  299999998                     2                     2             4.3946497E-05         1.0000000E+30            997006       
 NEXT SEEDS:1ABDF2F4      73       0       0       0       0    B270      7B       0       0
  299999999                     1                     1             4.3946497E-05         1.0000000E+30            997006       
 NEXT SEEDS:1ABDF3C4      73       0       0       0       0    B270      7B       0       0
  300000000                     0                     1             4.3946497E-05         1.0000000E+30            997006       
 NEXT SEEDS:1ABDF487      73       0       0       0       0    B270      7B       0       0
