1NUMBER OF BEAM       NUMBER OF BEAM        APPROXIMATE NUMBER    AVERAGE TIME USED     TIME LEFT (RESERVED   NUMBER OF STARS
 PARTICLES HANDLED    PARTICLES LEFT        OF BEAM PARTICLES     BY A BEAM PARTICLE     10000.0 SECONDS      CREATED
                                            THAT CAN STILL BE                           FOR PRINTOUT)
                                            HANDLED

 NEXT SEEDS:       0       0       0       0       0       0    B271      7B       0       0
          1             299999999             299999999             1.1205673E-04         1.0000000E+30                 0       
 NEXT SEEDS:      CF       0       0       0       0       0    B271      7B       0       0
    6000000             294000000             294000000             4.2099586E-05         1.0000000E+30             20080       
 NEXT SEEDS: 93C2F3F       1       0       0       0       0    B271      7B       0       0
   12000000             288000000             288000000             4.2957121E-05         1.0000000E+30             40256       
 NEXT SEEDS:1271DDAD       2       0       0       0       0    B271      7B       0       0
   18000000             282000000             282000000             4.2963669E-05         1.0000000E+30             59902       
 NEXT SEEDS:1BA10344       3       0       0       0       0    B271      7B       0       0
   24000000             276000000             276000000             4.3146011E-05         1.0000000E+30             79573       
 NEXT SEEDS:24D020D5       4       0       0       0       0    B271      7B       0       0
  *** Rcfset:kprin,bfcmax,epat00,ppat00,ravpot           1  -7.8898530099058561E-003  0.94309547222579138        9.5258291082993302E-002   12.440777676959296     
   30000000             270000000             270000000             4.3141633E-05         1.0000000E+30             99423       
 NEXT SEEDS:2E020294       5       0       0       0       0    B271      7B       0       0
   36000000             264000000             264000000             4.3104780E-05         1.0000000E+30            119398       
 NEXT SEEDS:37389D20       6       0       0       0       0    B271      7B       0       0
   42000000             258000000             258000000             4.3183201E-05         1.0000000E+30            139520       
 NEXT SEEDS: 4D443A6       8       0       0       0       0    B271      7B       0       0
   48000000             252000000             252000000             4.3134160E-05         1.0000000E+30            159509       
 NEXT SEEDS: E0AA5C2       9       0       0       0       0    B271      7B       0       0
   54000000             246000000             246000000             4.3150377E-05         1.0000000E+30            179316       
 NEXT SEEDS:173C8F44       A       0       0       0       0    B271      7B       0       0
   60000000             240000000             240000000             4.3169014E-05         1.0000000E+30            199254       
 NEXT SEEDS:206B987C       B       0       0       0       0    B271      7B       0       0
   66000000             234000000             234000000             4.3096480E-05         1.0000000E+30            219204       
 NEXT SEEDS:29A170C4       C       0       0       0       0    B271      7B       0       0
   72000000             228000000             228000000             4.3121829E-05         1.0000000E+30            239023       
 NEXT SEEDS:32CBC359       D       0       0       0       0    B271      7B       0       0
   78000000             222000000             222000000             4.3120677E-05         1.0000000E+30            259044       
 NEXT SEEDS:  61844C       F       0       0       0       0    B271      7B       0       0
   84000000             216000000             216000000             4.3109979E-05         1.0000000E+30            279057       
 NEXT SEEDS: 99C6115      10       0       0       0       0    B271      7B       0       0
   90000000             210000000             210000000             4.3098483E-05         1.0000000E+30            298967       
 NEXT SEEDS:12D25CEC      11       0       0       0       0    B271      7B       0       0
   96000000             204000000             204000000             4.3118947E-05         1.0000000E+30            319296       
 NEXT SEEDS:1C0FF6A8      12       0       0       0       0    B271      7B       0       0
  102000000             198000000             198000000             4.3083984E-05         1.0000000E+30            339142       
 NEXT SEEDS:2548467D      13       0       0       0       0    B271      7B       0       0
  108000000             192000000             192000000             4.3086891E-05         1.0000000E+30            359008       
 NEXT SEEDS:2E7EC1CE      14       0       0       0       0    B271      7B       0       0
  114000000             186000000             186000000             4.3072514E-05         1.0000000E+30            378883       
 NEXT SEEDS:37AC144B      15       0       0       0       0    B271      7B       0       0
  120000000             180000000             180000000             4.3035563E-05         1.0000000E+30            398796       
 NEXT SEEDS: 543E873      17       0       0       0       0    B271      7B       0       0
  126000000             174000000             174000000             4.3032017E-05         1.0000000E+30            418715       
 NEXT SEEDS: E7FBC3C      18       0       0       0       0    B271      7B       0       0
  132000000             168000000             168000000             4.3039976E-05         1.0000000E+30            438691       
 NEXT SEEDS:17AFAA6A      19       0       0       0       0    B271      7B       0       0
  138000000             162000000             162000000             4.3048860E-05         1.0000000E+30            458784       
 NEXT SEEDS:20E5DD5E      1A       0       0       0       0    B271      7B       0       0
  144000000             156000000             156000000             4.3044939E-05         1.0000000E+30            478943       
 NEXT SEEDS:2A1E3219      1B       0       0       0       0    B271      7B       0       0
  150000000             150000000             150000000             4.3034749E-05         1.0000000E+30            498743       
 NEXT SEEDS:334DD9F9      1C       0       0       0       0    B271      7B       0       0
  156000000             144000000             144000000             4.3020993E-05         1.0000000E+30            518585       
 NEXT SEEDS:  EBABE1      1E       0       0       0       0    B271      7B       0       0
  162000000             138000000             138000000             4.3004087E-05         1.0000000E+30            538291       
 NEXT SEEDS: A223FCD      1F       0       0       0       0    B271      7B       0       0
  168000000             132000000             132000000             4.3018723E-05         1.0000000E+30            558138       
 NEXT SEEDS:135B754A      20       0       0       0       0    B271      7B       0       0
  174000000             126000000             126000000             4.3031048E-05         1.0000000E+30            578089       
 NEXT SEEDS:1C91CADA      21       0       0       0       0    B271      7B       0       0
  180000000             120000000             120000000             4.3022784E-05         1.0000000E+30            598036       
 NEXT SEEDS:25C1B630      22       0       0       0       0    B271      7B       0       0
  186000000             114000000             114000000             4.3022852E-05         1.0000000E+30            618092       
 NEXT SEEDS:2EFC857A      23       0       0       0       0    B271      7B       0       0
  192000000             108000000             108000000             4.3017705E-05         1.0000000E+30            638201       
 NEXT SEEDS:38355C24      24       0       0       0       0    B271      7B       0       0
  198000000             102000000             102000000             4.3011970E-05         1.0000000E+30            657940       
 NEXT SEEDS: 5C82C89      26       0       0       0       0    B271      7B       0       0
  204000000              96000000              96000000             4.3016506E-05         1.0000000E+30            677646       
 NEXT SEEDS: EF5FB1D      27       0       0       0       0    B271      7B       0       0
  210000000              90000000              90000000             4.3010277E-05         1.0000000E+30            697702       
 NEXT SEEDS:182FDFFB      28       0       0       0       0    B271      7B       0       0
  216000000              84000000              84000000             4.3016479E-05         1.0000000E+30            717715       
 NEXT SEEDS:2162506B      29       0       0       0       0    B271      7B       0       0
  222000000              78000000              78000000             4.3022390E-05         1.0000000E+30            737623       
 NEXT SEEDS:2A960507      2A       0       0       0       0    B271      7B       0       0
  228000000              72000000              72000000             4.3026496E-05         1.0000000E+30            757530       
 NEXT SEEDS:33C63BB7      2B       0       0       0       0    B271      7B       0       0
  *** Rcfset:kprin,bfcmax,epat00,ppat00,ravpot           1  -4.1656841271569878E-002  0.94293873278835283        9.3693788907101727E-002   12.440777676959296     
  234000000              66000000              66000000             4.3012391E-05         1.0000000E+30            777384       
 NEXT SEEDS: 15B865F      2D       0       0       0       0    B271      7B       0       0
  240000000              60000000              60000000             4.3011230E-05         1.0000000E+30            797247       
 NEXT SEEDS: A8E0A33      2E       0       0       0       0    B271      7B       0       0
  246000000              54000000              54000000             4.2993132E-05         1.0000000E+30            817143       
 NEXT SEEDS:13B8840A      2F       0       0       0       0    B271      7B       0       0
  252000000              48000000              48000000             4.2980845E-05         1.0000000E+30            837173       
 NEXT SEEDS:1CF23C3B      30       0       0       0       0    B271      7B       0       0
  258000000              42000000              42000000             4.2991196E-05         1.0000000E+30            857183       
 NEXT SEEDS:26297CFF      31       0       0       0       0    B271      7B       0       0
  264000000              36000000              36000000             4.2991647E-05         1.0000000E+30            877200       
 NEXT SEEDS:2F5CCCBC      32       0       0       0       0    B271      7B       0       0
  270000000              30000000              30000000             4.3000969E-05         1.0000000E+30            896941       
 NEXT SEEDS:38933363      33       0       0       0       0    B271      7B       0       0
  276000000              24000000              24000000             4.3005530E-05         1.0000000E+30            916673       
 NEXT SEEDS: 6244279      35       0       0       0       0    B271      7B       0       0
  282000000              18000000              18000000             4.3008557E-05         1.0000000E+30            936623       
 NEXT SEEDS: F57CCC9      36       0       0       0       0    B271      7B       0       0
  288000000              12000000              12000000             4.3003404E-05         1.0000000E+30            956644       
 NEXT SEEDS:188E9708      37       0       0       0       0    B271      7B       0       0
  294000000               6000000               6000000             4.3004561E-05         1.0000000E+30            976655       
 NEXT SEEDS:21C8CFA1      38       0       0       0       0    B271      7B       0       0
  299999950                    50                    50             4.3014763E-05         1.0000000E+30            996392       
 NEXT SEEDS:2AF9481A      39       0       0       0       0    B271      7B       0       0
  299999951                    49                    49             4.3014763E-05         1.0000000E+30            996392       
 NEXT SEEDS:2AF948F6      39       0       0       0       0    B271      7B       0       0
  299999952                    48                    48             4.3014763E-05         1.0000000E+30            996392       
 NEXT SEEDS:2AF949C2      39       0       0       0       0    B271      7B       0       0
  299999953                    47                    47             4.3014763E-05         1.0000000E+30            996392       
 NEXT SEEDS:2AF94AA5      39       0       0       0       0    B271      7B       0       0
  299999954                    46                    46             4.3014766E-05         1.0000000E+30            996392       
 NEXT SEEDS:2AF94B79      39       0       0       0       0    B271      7B       0       0
  299999955                    45                    45             4.3014766E-05         1.0000000E+30            996392       
 NEXT SEEDS:2AF94B80      39       0       0       0       0    B271      7B       0       0
  299999956                    44                    44             4.3014765E-05         1.0000000E+30            996392       
 NEXT SEEDS:2AF94C4D      39       0       0       0       0    B271      7B       0       0
  299999957                    43                    43             4.3014765E-05         1.0000000E+30            996392       
 NEXT SEEDS:2AF94D20      39       0       0       0       0    B271      7B       0       0
  299999958                    42                    42             4.3014765E-05         1.0000000E+30            996392       
 NEXT SEEDS:2AF94DED      39       0       0       0       0    B271      7B       0       0
  299999959                    41                    41             4.3014768E-05         1.0000000E+30            996393       
 NEXT SEEDS:2AF95969      39       0       0       0       0    B271      7B       0       0
  299999960                    40                    40             4.3014768E-05         1.0000000E+30            996393       
 NEXT SEEDS:2AF95A62      39       0       0       0       0    B271      7B       0       0
  299999961                    39                    39             4.3014768E-05         1.0000000E+30            996393       
 NEXT SEEDS:2AF95B33      39       0       0       0       0    B271      7B       0       0
  299999962                    38                    38             4.3014768E-05         1.0000000E+30            996393       
 NEXT SEEDS:2AF95C06      39       0       0       0       0    B271      7B       0       0
  299999963                    37                    37             4.3014768E-05         1.0000000E+30            996393       
 NEXT SEEDS:2AF95C0D      39       0       0       0       0    B271      7B       0       0
  299999964                    36                    36             4.3014771E-05         1.0000000E+30            996393       
 NEXT SEEDS:2AF95CE4      39       0       0       0       0    B271      7B       0       0
  299999965                    35                    35             4.3014771E-05         1.0000000E+30            996393       
 NEXT SEEDS:2AF95DCB      39       0       0       0       0    B271      7B       0       0
  299999966                    34                    34             4.3014770E-05         1.0000000E+30            996393       
 NEXT SEEDS:2AF95E95      39       0       0       0       0    B271      7B       0       0
  299999967                    33                    33             4.3014770E-05         1.0000000E+30            996393       
 NEXT SEEDS:2AF95F70      39       0       0       0       0    B271      7B       0       0
  299999968                    32                    32             4.3014770E-05         1.0000000E+30            996393       
 NEXT SEEDS:2AF96041      39       0       0       0       0    B271      7B       0       0
  299999969                    31                    31             4.3014770E-05         1.0000000E+30            996393       
 NEXT SEEDS:2AF9604A      39       0       0       0       0    B271      7B       0       0
  299999970                    30                    30             4.3014773E-05         1.0000000E+30            996393       
 NEXT SEEDS:2AF9611E      39       0       0       0       0    B271      7B       0       0
  299999971                    29                    29             4.3014773E-05         1.0000000E+30            996393       
 NEXT SEEDS:2AF961F1      39       0       0       0       0    B271      7B       0       0
  299999972                    28                    28             4.3014773E-05         1.0000000E+30            996393       
 NEXT SEEDS:2AF962E0      39       0       0       0       0    B271      7B       0       0
  299999973                    27                    27             4.3014773E-05         1.0000000E+30            996393       
 NEXT SEEDS:2AF963A9      39       0       0       0       0    B271      7B       0       0
  299999974                    26                    26             4.3014773E-05         1.0000000E+30            996393       
 NEXT SEEDS:2AF96484      39       0       0       0       0    B271      7B       0       0
  299999975                    25                    25             4.3014772E-05         1.0000000E+30            996393       
 NEXT SEEDS:2AF96566      39       0       0       0       0    B271      7B       0       0
  299999976                    24                    24             4.3014776E-05         1.0000000E+30            996393       
 NEXT SEEDS:2AF96629      39       0       0       0       0    B271      7B       0       0
  299999977                    23                    23             4.3014775E-05         1.0000000E+30            996393       
 NEXT SEEDS:2AF966FF      39       0       0       0       0    B271      7B       0       0
  299999978                    22                    22             4.3014775E-05         1.0000000E+30            996393       
 NEXT SEEDS:2AF967C7      39       0       0       0       0    B271      7B       0       0
  299999979                    21                    21             4.3014775E-05         1.0000000E+30            996393       
 NEXT SEEDS:2AF96886      39       0       0       0       0    B271      7B       0       0
  299999980                    20                    20             4.3014775E-05         1.0000000E+30            996393       
 NEXT SEEDS:2AF96959      39       0       0       0       0    B271      7B       0       0
  299999981                    19                    19             4.3014778E-05         1.0000000E+30            996393       
 NEXT SEEDS:2AF96A37      39       0       0       0       0    B271      7B       0       0
  299999982                    18                    18             4.3014778E-05         1.0000000E+30            996393       
 NEXT SEEDS:2AF96A3E      39       0       0       0       0    B271      7B       0       0
  299999983                    17                    17             4.3014778E-05         1.0000000E+30            996393       
 NEXT SEEDS:2AF96B16      39       0       0       0       0    B271      7B       0       0
  299999984                    16                    16             4.3014778E-05         1.0000000E+30            996393       
 NEXT SEEDS:2AF96BF6      39       0       0       0       0    B271      7B       0       0
  299999985                    15                    15             4.3014777E-05         1.0000000E+30            996393       
 NEXT SEEDS:2AF96CD4      39       0       0       0       0    B271      7B       0       0
  299999986                    14                    14             4.3014777E-05         1.0000000E+30            996393       
 NEXT SEEDS:2AF96DA3      39       0       0       0       0    B271      7B       0       0
  299999987                    13                    13             4.3014777E-05         1.0000000E+30            996393       
 NEXT SEEDS:2AF96E77      39       0       0       0       0    B271      7B       0       0
  299999988                    12                    12             4.3014780E-05         1.0000000E+30            996393       
 NEXT SEEDS:2AF96E80      39       0       0       0       0    B271      7B       0       0
  299999989                    11                    11             4.3014780E-05         1.0000000E+30            996393       
 NEXT SEEDS:2AF96F53      39       0       0       0       0    B271      7B       0       0
  299999990                    10                    10             4.3014780E-05         1.0000000E+30            996393       
 NEXT SEEDS:2AF97036      39       0       0       0       0    B271      7B       0       0
  299999991                     9                     9             4.3014780E-05         1.0000000E+30            996393       
 NEXT SEEDS:2AF970FE      39       0       0       0       0    B271      7B       0       0
  299999992                     8                     8             4.3014780E-05         1.0000000E+30            996393       
 NEXT SEEDS:2AF971C4      39       0       0       0       0    B271      7B       0       0
  299999993                     7                     7             4.3014780E-05         1.0000000E+30            996393       
 NEXT SEEDS:2AF97292      39       0       0       0       0    B271      7B       0       0
  299999994                     6                     6             4.3014783E-05         1.0000000E+30            996393       
 NEXT SEEDS:2AF97299      39       0       0       0       0    B271      7B       0       0
  299999995                     5                     5             4.3014783E-05         1.0000000E+30            996393       
 NEXT SEEDS:2AF97369      39       0       0       0       0    B271      7B       0       0
  299999996                     4                     4             4.3014782E-05         1.0000000E+30            996393       
 NEXT SEEDS:2AF97447      39       0       0       0       0    B271      7B       0       0
  299999997                     3                     3             4.3014782E-05         1.0000000E+30            996393       
 NEXT SEEDS:2AF9744E      39       0       0       0       0    B271      7B       0       0
  299999998                     2                     2             4.3014782E-05         1.0000000E+30            996393       
 NEXT SEEDS:2AF97863      39       0       0       0       0    B271      7B       0       0
  299999999                     1                     1             4.3014785E-05         1.0000000E+30            996393       
 NEXT SEEDS:2AF9794D      39       0       0       0       0    B271      7B       0       0
  300000000                     0                     1             4.3014785E-05         1.0000000E+30            996393       
 NEXT SEEDS:2AF97A1C      39       0       0       0       0    B271      7B       0       0
