1NUMBER OF BEAM       NUMBER OF BEAM        APPROXIMATE NUMBER    AVERAGE TIME USED     TIME LEFT (RESERVED   NUMBER OF STARS
 PARTICLES HANDLED    PARTICLES LEFT        OF BEAM PARTICLES     BY A BEAM PARTICLE     10000.0 SECONDS      CREATED
                                            THAT CAN STILL BE                           FOR PRINTOUT)
                                            HANDLED

 NEXT SEEDS: 424376B     194       0       0       0       0    B271      7B       0       0
          1             299999999             299999999             9.9897385E-05         1.0000000E+30                 0       
 NEXT SEEDS: 4243830     194       0       0       0       0    B271      7B       0       0
    6000000             294000000             294000000             4.2806696E-05         1.0000000E+30             20072       
 NEXT SEEDS: D5CDCA2     195       0       0       0       0    B271      7B       0       0
   12000000             288000000             288000000             4.3056600E-05         1.0000000E+30             40010       
 NEXT SEEDS:16902687     196       0       0       0       0    B271      7B       0       0
   18000000             282000000             282000000             4.2813012E-05         1.0000000E+30             60082       
 NEXT SEEDS:1FC7EB91     197       0       0       0       0    B271      7B       0       0
   24000000             276000000             276000000             4.2850499E-05         1.0000000E+30             79996       
 NEXT SEEDS:28FE0E75     198       0       0       0       0    B271      7B       0       0
   30000000             270000000             270000000             4.2863200E-05         1.0000000E+30            100166       
 NEXT SEEDS:3237CFB6     199       0       0       0       0    B271      7B       0       0
   36000000             264000000             264000000             4.2818054E-05         1.0000000E+30            120010       
 NEXT SEEDS:3B6A0A4E     19A       0       0       0       0    B271      7B       0       0
   42000000             258000000             258000000             4.2830595E-05         1.0000000E+30            140106       
 NEXT SEEDS: 90CEE23     19C       0       0       0       0    B271      7B       0       0
   48000000             252000000             252000000             4.2941185E-05         1.0000000E+30            160176       
 NEXT SEEDS:1240D180     19D       0       0       0       0    B271      7B       0       0
   54000000             246000000             246000000             4.2946915E-05         1.0000000E+30            180167       
 NEXT SEEDS:1B7424C5     19E       0       0       0       0    B271      7B       0       0
   60000000             240000000             240000000             4.2937937E-05         1.0000000E+30            199885       
 NEXT SEEDS:24A45D7B     19F       0       0       0       0    B271      7B       0       0
   66000000             234000000             234000000             4.3099293E-05         1.0000000E+30            219790       
 NEXT SEEDS:2DDD9F40     1A0       0       0       0       0    B271      7B       0       0
   72000000             228000000             228000000             4.3037281E-05         1.0000000E+30            239669       
 NEXT SEEDS:370E97B7     1A1       0       0       0       0    B271      7B       0       0
   78000000             222000000             222000000             4.3026873E-05         1.0000000E+30            259541       
 NEXT SEEDS: 4A81CD0     1A3       0       0       0       0    B271      7B       0       0
   84000000             216000000             216000000             4.3020123E-05         1.0000000E+30            279469       
 NEXT SEEDS: DD8ACD4     1A4       0       0       0       0    B271      7B       0       0
   90000000             210000000             210000000             4.3021901E-05         1.0000000E+30            299304       
 NEXT SEEDS:170FA5DF     1A5       0       0       0       0    B271      7B       0       0
   96000000             204000000             204000000             4.2988066E-05         1.0000000E+30            319273       
 NEXT SEEDS:203C6A5A     1A6       0       0       0       0    B271      7B       0       0
  102000000             198000000             198000000             4.2936024E-05         1.0000000E+30            339090       
 NEXT SEEDS:296D715E     1A7       0       0       0       0    B271      7B       0       0
  108000000             192000000             192000000             4.3010727E-05         1.0000000E+30            359324       
 NEXT SEEDS:32A3661D     1A8       0       0       0       0    B271      7B       0       0
  114000000             186000000             186000000             4.3143708E-05         1.0000000E+30            379259       
 NEXT SEEDS:  3CE8B5     1AA       0       0       0       0    B271      7B       0       0
  120000000             180000000             180000000             4.3257425E-05         1.0000000E+30            399094       
 NEXT SEEDS: 96BC825     1AB       0       0       0       0    B271      7B       0       0
  126000000             174000000             174000000             4.3336642E-05         1.0000000E+30            419207       
 NEXT SEEDS:12A138EF     1AC       0       0       0       0    B271      7B       0       0
  132000000             168000000             168000000             4.3452295E-05         1.0000000E+30            438987       
 NEXT SEEDS:1BD4C508     1AD       0       0       0       0    B271      7B       0       0
  138000000             162000000             162000000             4.3542331E-05         1.0000000E+30            458918       
 NEXT SEEDS:250835AC     1AE       0       0       0       0    B271      7B       0       0
  144000000             156000000             156000000             4.3619299E-05         1.0000000E+30            478890       
 NEXT SEEDS:2E3FC924     1AF       0       0       0       0    B271      7B       0       0
  150000000             150000000             150000000             4.3683212E-05         1.0000000E+30            498898       
 NEXT SEEDS:37798C9E     1B0       0       0       0       0    B271      7B       0       0
  156000000             144000000             144000000             4.3737908E-05         1.0000000E+30            519008       
 NEXT SEEDS: 51A0906     1B2       0       0       0       0    B271      7B       0       0
  162000000             138000000             138000000             4.3802682E-05         1.0000000E+30            539056       
 NEXT SEEDS: E4E6175     1B3       0       0       0       0    B271      7B       0       0
  168000000             132000000             132000000             4.3850614E-05         1.0000000E+30            558964       
 NEXT SEEDS:177C0BDC     1B4       0       0       0       0    B271      7B       0       0
  174000000             126000000             126000000             4.3916924E-05         1.0000000E+30            578970       
 NEXT SEEDS:20B5D0AF     1B5       0       0       0       0    B271      7B       0       0
  180000000             120000000             120000000             4.3976011E-05         1.0000000E+30            599090       
 NEXT SEEDS:29EF37A2     1B6       0       0       0       0    B271      7B       0       0
  186000000             114000000             114000000             4.4021746E-05         1.0000000E+30            618934       
 NEXT SEEDS:33253946     1B7       0       0       0       0    B271      7B       0       0
  192000000             108000000             108000000             4.4066011E-05         1.0000000E+30            638742       
 NEXT SEEDS:  B99AC2     1B9       0       0       0       0    B271      7B       0       0
  198000000             102000000             102000000             4.4105914E-05         1.0000000E+30            658906       
 NEXT SEEDS: 9EB3715     1BA       0       0       0       0    B271      7B       0       0
  204000000              96000000              96000000             4.4131201E-05         1.0000000E+30            678774       
 NEXT SEEDS:13185A90     1BB       0       0       0       0    B271      7B       0       0
  210000000              90000000              90000000             4.4179420E-05         1.0000000E+30            698884       
 NEXT SEEDS:1C541099     1BC       0       0       0       0    B271      7B       0       0
  216000000              84000000              84000000             4.4202150E-05         1.0000000E+30            718819       
 NEXT SEEDS:25888D80     1BD       0       0       0       0    B271      7B       0       0
  222000000              78000000              78000000             4.4260893E-05         1.0000000E+30            739043       
 NEXT SEEDS:2EC21DA3     1BE       0       0       0       0    B271      7B       0       0
  228000000              72000000              72000000             4.4302646E-05         1.0000000E+30            758914       
 NEXT SEEDS:37F6F6F3     1BF       0       0       0       0    B271      7B       0       0
  234000000              66000000              66000000             4.4338030E-05         1.0000000E+30            778690       
 NEXT SEEDS: 5923843     1C1       0       0       0       0    B271      7B       0       0
  240000000              60000000              60000000             4.4381365E-05         1.0000000E+30            798625       
 NEXT SEEDS: EC8CEE3     1C2       0       0       0       0    B271      7B       0       0
  246000000              54000000              54000000             4.4397367E-05         1.0000000E+30            818638       
 NEXT SEEDS:180538E4     1C3       0       0       0       0    B271      7B       0       0
  252000000              48000000              48000000             4.4419981E-05         1.0000000E+30            838878       
 NEXT SEEDS:214339E0     1C4       0       0       0       0    B271      7B       0       0
  258000000              42000000              42000000             4.4446881E-05         1.0000000E+30            858663       
 NEXT SEEDS:2A78E38F     1C5       0       0       0       0    B271      7B       0       0
  264000000              36000000              36000000             4.4466891E-05         1.0000000E+30            878529       
 NEXT SEEDS:33AF7BAD     1C6       0       0       0       0    B271      7B       0       0
  270000000              30000000              30000000             4.4501130E-05         1.0000000E+30            898438       
 NEXT SEEDS: 1456918     1C8       0       0       0       0    B271      7B       0       0
  276000000              24000000              24000000             4.4551802E-05         1.0000000E+30            918668       
 NEXT SEEDS: A87490C     1C9       0       0       0       0    B271      7B       0       0
  *** Rcfset:kprin,bfcmax,epat00,ppat00,ravpot           1  -1.9351761774471843E-002  0.94304110125697727        9.4718482606280865E-002   12.440777676959296     
  282000000              18000000              18000000             4.4582247E-05         1.0000000E+30            938668       
 NEXT SEEDS:13C0875E     1CA       0       0       0       0    B271      7B       0       0
  288000000              12000000              12000000             4.4599092E-05         1.0000000E+30            958519       
 NEXT SEEDS:1CF4AE4B     1CB       0       0       0       0    B271      7B       0       0
  294000000               6000000               6000000             4.4636800E-05         1.0000000E+30            978428       
 NEXT SEEDS:262BE589     1CC       0       0       0       0    B271      7B       0       0
  299999950                    50                    50             4.4664979E-05         1.0000000E+30            998293       
 NEXT SEEDS:2F5BB006     1CD       0       0       0       0    B271      7B       0       0
  299999951                    49                    49             4.4664979E-05         1.0000000E+30            998293       
 NEXT SEEDS:2F5BB0C2     1CD       0       0       0       0    B271      7B       0       0
  299999952                    48                    48             4.4664982E-05         1.0000000E+30            998293       
 NEXT SEEDS:2F5BB193     1CD       0       0       0       0    B271      7B       0       0
  299999953                    47                    47             4.4664982E-05         1.0000000E+30            998293       
 NEXT SEEDS:2F5BB25E     1CD       0       0       0       0    B271      7B       0       0
  299999954                    46                    46             4.4664982E-05         1.0000000E+30            998293       
 NEXT SEEDS:2F5BB33C     1CD       0       0       0       0    B271      7B       0       0
  299999955                    45                    45             4.4664982E-05         1.0000000E+30            998293       
 NEXT SEEDS:2F5BB426     1CD       0       0       0       0    B271      7B       0       0
  299999956                    44                    44             4.4664982E-05         1.0000000E+30            998293       
 NEXT SEEDS:2F5BB505     1CD       0       0       0       0    B271      7B       0       0
  299999957                    43                    43             4.4664982E-05         1.0000000E+30            998293       
 NEXT SEEDS:2F5BB512     1CD       0       0       0       0    B271      7B       0       0
  299999958                    42                    42             4.4664985E-05         1.0000000E+30            998293       
 NEXT SEEDS:2F5BB5E6     1CD       0       0       0       0    B271      7B       0       0
  299999959                    41                    41             4.4664985E-05         1.0000000E+30            998293       
 NEXT SEEDS:2F5BB6CD     1CD       0       0       0       0    B271      7B       0       0
  299999960                    40                    40             4.4664984E-05         1.0000000E+30            998293       
 NEXT SEEDS:2F5BB791     1CD       0       0       0       0    B271      7B       0       0
  299999961                    39                    39             4.4664984E-05         1.0000000E+30            998293       
 NEXT SEEDS:2F5BB86B     1CD       0       0       0       0    B271      7B       0       0
  299999962                    38                    38             4.4664984E-05         1.0000000E+30            998293       
 NEXT SEEDS:2F5BB93A     1CD       0       0       0       0    B271      7B       0       0
  299999963                    37                    37             4.4664984E-05         1.0000000E+30            998293       
 NEXT SEEDS:2F5BBA18     1CD       0       0       0       0    B271      7B       0       0
  299999964                    36                    36             4.4664987E-05         1.0000000E+30            998293       
 NEXT SEEDS:2F5BBB19     1CD       0       0       0       0    B271      7B       0       0
  299999965                    35                    35             4.4664987E-05         1.0000000E+30            998293       
 NEXT SEEDS:2F5BBBF9     1CD       0       0       0       0    B271      7B       0       0
  299999966                    34                    34             4.4664987E-05         1.0000000E+30            998293       
 NEXT SEEDS:2F5BBC00     1CD       0       0       0       0    B271      7B       0       0
  299999967                    33                    33             4.4664987E-05         1.0000000E+30            998293       
 NEXT SEEDS:2F5BBCDF     1CD       0       0       0       0    B271      7B       0       0
  299999968                    32                    32             4.4664986E-05         1.0000000E+30            998293       
 NEXT SEEDS:2F5BBDBA     1CD       0       0       0       0    B271      7B       0       0
  299999969                    31                    31             4.4664986E-05         1.0000000E+30            998293       
 NEXT SEEDS:2F5BBDC7     1CD       0       0       0       0    B271      7B       0       0
  299999970                    30                    30             4.4664986E-05         1.0000000E+30            998293       
 NEXT SEEDS:2F5BBE9B     1CD       0       0       0       0    B271      7B       0       0
  299999971                    29                    29             4.4664989E-05         1.0000000E+30            998293       
 NEXT SEEDS:2F5BBF77     1CD       0       0       0       0    B271      7B       0       0
  299999972                    28                    28             4.4664989E-05         1.0000000E+30            998293       
 NEXT SEEDS:2F5BC044     1CD       0       0       0       0    B271      7B       0       0
  299999973                    27                    27             4.4664989E-05         1.0000000E+30            998293       
 NEXT SEEDS:2F5BC12E     1CD       0       0       0       0    B271      7B       0       0
  299999974                    26                    26             4.4664989E-05         1.0000000E+30            998293       
 NEXT SEEDS:2F5BC1F5     1CD       0       0       0       0    B271      7B       0       0
  299999975                    25                    25             4.4664989E-05         1.0000000E+30            998293       
 NEXT SEEDS:2F5BC2DB     1CD       0       0       0       0    B271      7B       0       0
  299999976                    24                    24             4.4664989E-05         1.0000000E+30            998293       
 NEXT SEEDS:2F5BC3BB     1CD       0       0       0       0    B271      7B       0       0
  299999977                    23                    23             4.4664992E-05         1.0000000E+30            998293       
 NEXT SEEDS:2F5BC4A2     1CD       0       0       0       0    B271      7B       0       0
  299999978                    22                    22             4.4664991E-05         1.0000000E+30            998293       
 NEXT SEEDS:2F5BC571     1CD       0       0       0       0    B271      7B       0       0
  299999979                    21                    21             4.4664991E-05         1.0000000E+30            998293       
 NEXT SEEDS:2F5BC653     1CD       0       0       0       0    B271      7B       0       0
  299999980                    20                    20             4.4664991E-05         1.0000000E+30            998293       
 NEXT SEEDS:2F5BC71F     1CD       0       0       0       0    B271      7B       0       0
  299999981                    19                    19             4.4664991E-05         1.0000000E+30            998293       
 NEXT SEEDS:2F5BC7FA     1CD       0       0       0       0    B271      7B       0       0
  299999982                    18                    18             4.4664991E-05         1.0000000E+30            998293       
 NEXT SEEDS:2F5BC8F6     1CD       0       0       0       0    B271      7B       0       0
  299999983                    17                    17             4.4664994E-05         1.0000000E+30            998293       
 NEXT SEEDS:2F5BC9D0     1CD       0       0       0       0    B271      7B       0       0
  299999984                    16                    16             4.4664994E-05         1.0000000E+30            998293       
 NEXT SEEDS:2F5BC9D7     1CD       0       0       0       0    B271      7B       0       0
  299999985                    15                    15             4.4664994E-05         1.0000000E+30            998293       
 NEXT SEEDS:2F5BC9E0     1CD       0       0       0       0    B271      7B       0       0
  299999986                    14                    14             4.4664994E-05         1.0000000E+30            998293       
 NEXT SEEDS:2F5BC9E9     1CD       0       0       0       0    B271      7B       0       0
  299999987                    13                    13             4.4664993E-05         1.0000000E+30            998293       
 NEXT SEEDS:2F5BCAAE     1CD       0       0       0       0    B271      7B       0       0
  299999988                    12                    12             4.4664993E-05         1.0000000E+30            998293       
 NEXT SEEDS:2F5BCAB5     1CD       0       0       0       0    B271      7B       0       0
  299999989                    11                    11             4.4664993E-05         1.0000000E+30            998293       
 NEXT SEEDS:2F5BCB9B     1CD       0       0       0       0    B271      7B       0       0
  299999990                    10                    10             4.4664996E-05         1.0000000E+30            998293       
 NEXT SEEDS:2F5BCC7F     1CD       0       0       0       0    B271      7B       0       0
  299999991                     9                     9             4.4664996E-05         1.0000000E+30            998293       
 NEXT SEEDS:2F5BCD5D     1CD       0       0       0       0    B271      7B       0       0
  299999992                     8                     8             4.4664996E-05         1.0000000E+30            998293       
 NEXT SEEDS:2F5BCE4A     1CD       0       0       0       0    B271      7B       0       0
  299999993                     7                     7             4.4664996E-05         1.0000000E+30            998293       
 NEXT SEEDS:2F5BCF16     1CD       0       0       0       0    B271      7B       0       0
  299999994                     6                     6             4.4664996E-05         1.0000000E+30            998293       
 NEXT SEEDS:2F5BCFDC     1CD       0       0       0       0    B271      7B       0       0
  299999995                     5                     5             4.4664995E-05         1.0000000E+30            998293       
 NEXT SEEDS:2F5BD0B8     1CD       0       0       0       0    B271      7B       0       0
  299999996                     4                     4             4.4664995E-05         1.0000000E+30            998293       
 NEXT SEEDS:2F5BD0BF     1CD       0       0       0       0    B271      7B       0       0
  299999997                     3                     3             4.4664998E-05         1.0000000E+30            998293       
 NEXT SEEDS:2F5BD191     1CD       0       0       0       0    B271      7B       0       0
  299999998                     2                     2             4.4664998E-05         1.0000000E+30            998293       
 NEXT SEEDS:2F5BD26C     1CD       0       0       0       0    B271      7B       0       0
  299999999                     1                     1             4.4664998E-05         1.0000000E+30            998293       
 NEXT SEEDS:2F5BD342     1CD       0       0       0       0    B271      7B       0       0
  300000000                     0                     1             4.4664998E-05         1.0000000E+30            998293       
 NEXT SEEDS:2F5BD43A     1CD       0       0       0       0    B271      7B       0       0
