1NUMBER OF BEAM       NUMBER OF BEAM        APPROXIMATE NUMBER    AVERAGE TIME USED     TIME LEFT (RESERVED   NUMBER OF STARS
 PARTICLES HANDLED    PARTICLES LEFT        OF BEAM PARTICLES     BY A BEAM PARTICLE     10000.0 SECONDS      CREATED
                                            THAT CAN STILL BE                           FOR PRINTOUT)
                                            HANDLED

 NEXT SEEDS:35B1681D      E6       0       0       0       0    B270      7B       0       0
          1             299999999             299999999             1.0395050E-04         1.0000000E+30                 0       
 NEXT SEEDS:35B168E3      E6       0       0       0       0    B270      7B       0       0
    6000000             294000000             294000000             4.3142783E-05         1.0000000E+30             19859       
 NEXT SEEDS: 34BCBF0      E8       0       0       0       0    B270      7B       0       0
   12000000             288000000             288000000             4.3023881E-05         1.0000000E+30             39986       
 NEXT SEEDS: C87EDA9      E9       0       0       0       0    B270      7B       0       0
   18000000             282000000             282000000             4.3063155E-05         1.0000000E+30             59983       
 NEXT SEEDS:15B917BD      EA       0       0       0       0    B270      7B       0       0
   24000000             276000000             276000000             4.3238332E-05         1.0000000E+30             79699       
 NEXT SEEDS:1EE67A38      EB       0       0       0       0    B270      7B       0       0
   30000000             270000000             270000000             4.3258647E-05         1.0000000E+30             99568       
 NEXT SEEDS:28152CEA      EC       0       0       0       0    B270      7B       0       0
   36000000             264000000             264000000             4.3274431E-05         1.0000000E+30            119439       
 NEXT SEEDS:3144EE09      ED       0       0       0       0    B270      7B       0       0
   42000000             258000000             258000000             4.3276347E-05         1.0000000E+30            139297       
 NEXT SEEDS:3A7E115F      EE       0       0       0       0    B270      7B       0       0
   48000000             252000000             252000000             4.3297666E-05         1.0000000E+30            159248       
 NEXT SEEDS: 8175796      F0       0       0       0       0    B270      7B       0       0
   54000000             246000000             246000000             4.3223943E-05         1.0000000E+30            179079       
 NEXT SEEDS:114992DB      F1       0       0       0       0    B270      7B       0       0
   60000000             240000000             240000000             4.3217369E-05         1.0000000E+30            198926       
 NEXT SEEDS:1A813A4D      F2       0       0       0       0    B270      7B       0       0
   66000000             234000000             234000000             4.3194427E-05         1.0000000E+30            218822       
 NEXT SEEDS:23B7804D      F3       0       0       0       0    B270      7B       0       0
   72000000             228000000             228000000             4.3198437E-05         1.0000000E+30            238869       
 NEXT SEEDS:2CF39717      F4       0       0       0       0    B270      7B       0       0
   78000000             222000000             222000000             4.3216169E-05         1.0000000E+30            258746       
 NEXT SEEDS:3626C346      F5       0       0       0       0    B270      7B       0       0
   84000000             216000000             216000000             4.3174181E-05         1.0000000E+30            278732       
 NEXT SEEDS: 3C9295F      F7       0       0       0       0    B270      7B       0       0
   90000000             210000000             210000000             4.3168434E-05         1.0000000E+30            298635       
 NEXT SEEDS: CF83E45      F8       0       0       0       0    B270      7B       0       0
   96000000             204000000             204000000             4.3142946E-05         1.0000000E+30            318486       
 NEXT SEEDS:162DC4D7      F9       0       0       0       0    B270      7B       0       0
  102000000             198000000             198000000             4.3141340E-05         1.0000000E+30            338501       
 NEXT SEEDS:1F64CFAC      FA       0       0       0       0    B270      7B       0       0
  108000000             192000000             192000000             4.3170497E-05         1.0000000E+30            358656       
 NEXT SEEDS:28A1D1D9      FB       0       0       0       0    B270      7B       0       0
  114000000             186000000             186000000             4.3179243E-05         1.0000000E+30            378546       
 NEXT SEEDS:31D6A461      FC       0       0       0       0    B270      7B       0       0
  120000000             180000000             180000000             4.3164979E-05         1.0000000E+30            398687       
 NEXT SEEDS:3B123D16      FD       0       0       0       0    B270      7B       0       0
  126000000             174000000             174000000             4.3165009E-05         1.0000000E+30            418854       
 NEXT SEEDS: 8B31F34      FF       0       0       0       0    B270      7B       0       0
  132000000             168000000             168000000             4.3155282E-05         1.0000000E+30            438818       
 NEXT SEEDS:11EBC2AB     100       0       0       0       0    B270      7B       0       0
  138000000             162000000             162000000             4.3140835E-05         1.0000000E+30            458809       
 NEXT SEEDS:1B217D3C     101       0       0       0       0    B270      7B       0       0
  144000000             156000000             156000000             4.3126656E-05         1.0000000E+30            478711       
 NEXT SEEDS:2455E88B     102       0       0       0       0    B270      7B       0       0
  150000000             150000000             150000000             4.3123546E-05         1.0000000E+30            498785       
 NEXT SEEDS:2D8EA7C9     103       0       0       0       0    B270      7B       0       0
  156000000             144000000             144000000             4.3139305E-05         1.0000000E+30            518837       
 NEXT SEEDS:36C37A62     104       0       0       0       0    B270      7B       0       0
  162000000             138000000             138000000             4.3157887E-05         1.0000000E+30            538765       
 NEXT SEEDS: 46221B6     106       0       0       0       0    B270      7B       0       0
  168000000             132000000             132000000             4.3175445E-05         1.0000000E+30            558639       
 NEXT SEEDS: D904D15     107       0       0       0       0    B270      7B       0       0
  174000000             126000000             126000000             4.3323560E-05         1.0000000E+30            578591       
 NEXT SEEDS:16C58662     108       0       0       0       0    B270      7B       0       0
  180000000             120000000             120000000             4.3399529E-05         1.0000000E+30            598654       
 NEXT SEEDS:1FFB0D8D     109       0       0       0       0    B270      7B       0       0
  186000000             114000000             114000000             4.3401935E-05         1.0000000E+30            618699       
 NEXT SEEDS:29342996     10A       0       0       0       0    B270      7B       0       0
  192000000             108000000             108000000             4.3405643E-05         1.0000000E+30            638667       
 NEXT SEEDS:32672F21     10B       0       0       0       0    B270      7B       0       0
  198000000             102000000             102000000             4.3415368E-05         1.0000000E+30            658840       
 NEXT SEEDS:   A6ACA     10D       0       0       0       0    B270      7B       0       0
  204000000              96000000              96000000             4.3391940E-05         1.0000000E+30            678720       
 NEXT SEEDS: 93C04C3     10E       0       0       0       0    B270      7B       0       0
  210000000              90000000              90000000             4.3394646E-05         1.0000000E+30            698648       
 NEXT SEEDS:126DE743     10F       0       0       0       0    B270      7B       0       0
  216000000              84000000              84000000             4.3379180E-05         1.0000000E+30            718564       
 NEXT SEEDS:1B9FBE60     110       0       0       0       0    B270      7B       0       0
  222000000              78000000              78000000             4.3382529E-05         1.0000000E+30            738306       
 NEXT SEEDS:24CEDFBE     111       0       0       0       0    B270      7B       0       0
  228000000              72000000              72000000             4.3389501E-05         1.0000000E+30            758184       
 NEXT SEEDS:2DFFB078     112       0       0       0       0    B270      7B       0       0
  234000000              66000000              66000000             4.3399546E-05         1.0000000E+30            778115       
 NEXT SEEDS:372E9434     113       0       0       0       0    B270      7B       0       0
  240000000              60000000              60000000             4.3398786E-05         1.0000000E+30            798093       
 NEXT SEEDS: 4C4375B     115       0       0       0       0    B270      7B       0       0
  246000000              54000000              54000000             4.3394748E-05         1.0000000E+30            818203       
 NEXT SEEDS: DF89E54     116       0       0       0       0    B270      7B       0       0
  252000000              48000000              48000000             4.3402098E-05         1.0000000E+30            838286       
 NEXT SEEDS:17322B9B     117       0       0       0       0    B270      7B       0       0
  258000000              42000000              42000000             4.3388390E-05         1.0000000E+30            858283       
 NEXT SEEDS:206A5D80     118       0       0       0       0    B270      7B       0       0
  264000000              36000000              36000000             4.3377695E-05         1.0000000E+30            878016       
 NEXT SEEDS:299BC010     119       0       0       0       0    B270      7B       0       0
  270000000              30000000              30000000             4.3380681E-05         1.0000000E+30            898104       
 NEXT SEEDS:32D62BE5     11A       0       0       0       0    B270      7B       0       0
  276000000              24000000              24000000             4.3363245E-05         1.0000000E+30            917912       
 NEXT SEEDS:  7151F8     11C       0       0       0       0    B270      7B       0       0
  282000000              18000000              18000000             4.3351146E-05         1.0000000E+30            937737       
 NEXT SEEDS: 9A4A717     11D       0       0       0       0    B270      7B       0       0
  288000000              12000000              12000000             4.3356230E-05         1.0000000E+30            957652       
 NEXT SEEDS:12D64546     11E       0       0       0       0    B270      7B       0       0
  294000000               6000000               6000000             4.3355820E-05         1.0000000E+30            977641       
 NEXT SEEDS:1C0D9A5E     11F       0       0       0       0    B270      7B       0       0
  299999950                    50                    50             4.3365761E-05         1.0000000E+30            997572       
 NEXT SEEDS:2541D830     120       0       0       0       0    B270      7B       0       0
  299999951                    49                    49             4.3365761E-05         1.0000000E+30            997572       
 NEXT SEEDS:2541D90D     120       0       0       0       0    B270      7B       0       0
  299999952                    48                    48             4.3365761E-05         1.0000000E+30            997572       
 NEXT SEEDS:2541D9E7     120       0       0       0       0    B270      7B       0       0
  299999953                    47                    47             4.3365764E-05         1.0000000E+30            997572       
 NEXT SEEDS:2541DAB7     120       0       0       0       0    B270      7B       0       0
  299999954                    46                    46             4.3365764E-05         1.0000000E+30            997572       
 NEXT SEEDS:2541DB8D     120       0       0       0       0    B270      7B       0       0
  299999955                    45                    45             4.3365764E-05         1.0000000E+30            997572       
 NEXT SEEDS:2541DC70     120       0       0       0       0    B270      7B       0       0
  299999956                    44                    44             4.3365764E-05         1.0000000E+30            997572       
 NEXT SEEDS:2541DC7B     120       0       0       0       0    B270      7B       0       0
  299999957                    43                    43             4.3365763E-05         1.0000000E+30            997572       
 NEXT SEEDS:2541DD5C     120       0       0       0       0    B270      7B       0       0
  299999958                    42                    42             4.3365763E-05         1.0000000E+30            997572       
 NEXT SEEDS:2541DE18     120       0       0       0       0    B270      7B       0       0
  299999959                    41                    41             4.3365766E-05         1.0000000E+30            997572       
 NEXT SEEDS:2541DEEE     120       0       0       0       0    B270      7B       0       0
  299999960                    40                    40             4.3365766E-05         1.0000000E+30            997572       
 NEXT SEEDS:2541DFC8     120       0       0       0       0    B270      7B       0       0
  299999961                    39                    39             4.3365766E-05         1.0000000E+30            997572       
 NEXT SEEDS:2541E0A3     120       0       0       0       0    B270      7B       0       0
  299999962                    38                    38             4.3365766E-05         1.0000000E+30            997572       
 NEXT SEEDS:2541E174     120       0       0       0       0    B270      7B       0       0
  299999963                    37                    37             4.3365766E-05         1.0000000E+30            997572       
 NEXT SEEDS:2541E246     120       0       0       0       0    B270      7B       0       0
  299999964                    36                    36             4.3365769E-05         1.0000000E+30            997572       
 NEXT SEEDS:2541E304     120       0       0       0       0    B270      7B       0       0
  299999965                    35                    35             4.3365769E-05         1.0000000E+30            997572       
 NEXT SEEDS:2541E30D     120       0       0       0       0    B270      7B       0       0
  299999966                    34                    34             4.3365769E-05         1.0000000E+30            997572       
 NEXT SEEDS:2541E314     120       0       0       0       0    B270      7B       0       0
  299999967                    33                    33             4.3365769E-05         1.0000000E+30            997572       
 NEXT SEEDS:2541E3E3     120       0       0       0       0    B270      7B       0       0
  299999968                    32                    32             4.3365768E-05         1.0000000E+30            997572       
 NEXT SEEDS:2541E4D3     120       0       0       0       0    B270      7B       0       0
  299999969                    31                    31             4.3365768E-05         1.0000000E+30            997572       
 NEXT SEEDS:2541E69E     120       0       0       0       0    B270      7B       0       0
  299999970                    30                    30             4.3365768E-05         1.0000000E+30            997572       
 NEXT SEEDS:2541E76B     120       0       0       0       0    B270      7B       0       0
  299999971                    29                    29             4.3365771E-05         1.0000000E+30            997572       
 NEXT SEEDS:2541E82E     120       0       0       0       0    B270      7B       0       0
  299999972                    28                    28             4.3365771E-05         1.0000000E+30            997572       
 NEXT SEEDS:2541E837     120       0       0       0       0    B270      7B       0       0
  299999973                    27                    27             4.3365771E-05         1.0000000E+30            997572       
 NEXT SEEDS:2541E904     120       0       0       0       0    B270      7B       0       0
  299999974                    26                    26             4.3365771E-05         1.0000000E+30            997572       
 NEXT SEEDS:2541E90B     120       0       0       0       0    B270      7B       0       0
  299999975                    25                    25             4.3365771E-05         1.0000000E+30            997572       
 NEXT SEEDS:2541E9E1     120       0       0       0       0    B270      7B       0       0
  299999976                    24                    24             4.3365771E-05         1.0000000E+30            997572       
 NEXT SEEDS:2541E9EA     120       0       0       0       0    B270      7B       0       0
  299999977                    23                    23             4.3365770E-05         1.0000000E+30            997572       
 NEXT SEEDS:2541E9F1     120       0       0       0       0    B270      7B       0       0
  299999978                    22                    22             4.3365773E-05         1.0000000E+30            997572       
 NEXT SEEDS:2541EAD3     120       0       0       0       0    B270      7B       0       0
  299999979                    21                    21             4.3365773E-05         1.0000000E+30            997572       
 NEXT SEEDS:2541EBB4     120       0       0       0       0    B270      7B       0       0
  299999980                    20                    20             4.3365773E-05         1.0000000E+30            997572       
 NEXT SEEDS:2541EC8A     120       0       0       0       0    B270      7B       0       0
  299999981                    19                    19             4.3365773E-05         1.0000000E+30            997572       
 NEXT SEEDS:2541ED48     120       0       0       0       0    B270      7B       0       0
  299999982                    18                    18             4.3365773E-05         1.0000000E+30            997572       
 NEXT SEEDS:2541EE08     120       0       0       0       0    B270      7B       0       0
  299999983                    17                    17             4.3365773E-05         1.0000000E+30            997572       
 NEXT SEEDS:2541EEF4     120       0       0       0       0    B270      7B       0       0
  299999984                    16                    16             4.3365773E-05         1.0000000E+30            997572       
 NEXT SEEDS:2541EFCB     120       0       0       0       0    B270      7B       0       0
  299999985                    15                    15             4.3365776E-05         1.0000000E+30            997572       
 NEXT SEEDS:2541F0A2     120       0       0       0       0    B270      7B       0       0
  299999986                    14                    14             4.3365776E-05         1.0000000E+30            997572       
 NEXT SEEDS:2541F171     120       0       0       0       0    B270      7B       0       0
  299999987                    13                    13             4.3365775E-05         1.0000000E+30            997572       
 NEXT SEEDS:2541F231     120       0       0       0       0    B270      7B       0       0
  299999988                    12                    12             4.3365775E-05         1.0000000E+30            997572       
 NEXT SEEDS:2541F32B     120       0       0       0       0    B270      7B       0       0
  299999989                    11                    11             4.3365775E-05         1.0000000E+30            997572       
 NEXT SEEDS:2541F334     120       0       0       0       0    B270      7B       0       0
  299999990                    10                    10             4.3365775E-05         1.0000000E+30            997572       
 NEXT SEEDS:2541F3FC     120       0       0       0       0    B270      7B       0       0
  299999991                     9                     9             4.3365778E-05         1.0000000E+30            997572       
 NEXT SEEDS:2541F4A7     120       0       0       0       0    B270      7B       0       0
  299999992                     8                     8             4.3365778E-05         1.0000000E+30            997572       
 NEXT SEEDS:2541F56B     120       0       0       0       0    B270      7B       0       0
  299999993                     7                     7             4.3365778E-05         1.0000000E+30            997572       
 NEXT SEEDS:2541F64F     120       0       0       0       0    B270      7B       0       0
  299999994                     6                     6             4.3365778E-05         1.0000000E+30            997572       
 NEXT SEEDS:2541F731     120       0       0       0       0    B270      7B       0       0
  299999995                     5                     5             4.3365778E-05         1.0000000E+30            997572       
 NEXT SEEDS:2541F80D     120       0       0       0       0    B270      7B       0       0
  299999996                     4                     4             4.3365777E-05         1.0000000E+30            997572       
 NEXT SEEDS:2541F8E0     120       0       0       0       0    B270      7B       0       0
  299999997                     3                     3             4.3365780E-05         1.0000000E+30            997572       
 NEXT SEEDS:2541F8E7     120       0       0       0       0    B270      7B       0       0
  299999998                     2                     2             4.3365780E-05         1.0000000E+30            997572       
 NEXT SEEDS:2541F9C1     120       0       0       0       0    B270      7B       0       0
  299999999                     1                     1             4.3365780E-05         1.0000000E+30            997572       
 NEXT SEEDS:2541FA8D     120       0       0       0       0    B270      7B       0       0
  300000000                     0                     1             4.3365780E-05         1.0000000E+30            997572       
 NEXT SEEDS:2541FB68     120       0       0       0       0    B270      7B       0       0
