1NUMBER OF BEAM       NUMBER OF BEAM        APPROXIMATE NUMBER    AVERAGE TIME USED     TIME LEFT (RESERVED   NUMBER OF STARS
 PARTICLES HANDLED    PARTICLES LEFT        OF BEAM PARTICLES     BY A BEAM PARTICLE     10000.0 SECONDS      CREATED
                                            THAT CAN STILL BE                           FOR PRINTOUT)
                                            HANDLED

 NEXT SEEDS:2F23E068     1CD       0       0       0       0    B270      7B       0       0
          1             299999999             299999999             1.0395050E-04         1.0000000E+30                 0       
 NEXT SEEDS:2F23E125     1CD       0       0       0       0    B270      7B       0       0
    6000000             294000000             294000000             4.2815625E-05         1.0000000E+30             19778       
 NEXT SEEDS:3857D7C1     1CE       0       0       0       0    B270      7B       0       0
   12000000             288000000             288000000             4.2942458E-05         1.0000000E+30             39750       
 NEXT SEEDS: 5F0944F     1D0       0       0       0       0    B270      7B       0       0
   18000000             282000000             282000000             4.2941548E-05         1.0000000E+30             59703       
 NEXT SEEDS: F2FB181     1D1       0       0       0       0    B270      7B       0       0
   24000000             276000000             276000000             4.2946408E-05         1.0000000E+30             79625       
 NEXT SEEDS:18692EA3     1D2       0       0       0       0    B270      7B       0       0
   30000000             270000000             270000000             4.2970815E-05         1.0000000E+30             99657       
 NEXT SEEDS:21A55CB2     1D3       0       0       0       0    B270      7B       0       0
   36000000             264000000             264000000             4.2968229E-05         1.0000000E+30            119771       
 NEXT SEEDS:2ADCEA74     1D4       0       0       0       0    B270      7B       0       0
   42000000             258000000             258000000             4.2919063E-05         1.0000000E+30            139675       
 NEXT SEEDS:340F748D     1D5       0       0       0       0    B270      7B       0       0
   48000000             252000000             252000000             4.2931804E-05         1.0000000E+30            159721       
 NEXT SEEDS: 1B3C223     1D7       0       0       0       0    B270      7B       0       0
   54000000             246000000             246000000             4.2993965E-05         1.0000000E+30            179832       
 NEXT SEEDS: AF13F9F     1D8       0       0       0       0    B270      7B       0       0
   60000000             240000000             240000000             4.3005254E-05         1.0000000E+30            199962       
 NEXT SEEDS:142A9AAC     1D9       0       0       0       0    B270      7B       0       0
   66000000             234000000             234000000             4.3039729E-05         1.0000000E+30            220099       
 NEXT SEEDS:1D5DD840     1DA       0       0       0       0    B270      7B       0       0
   72000000             228000000             228000000             4.3044838E-05         1.0000000E+30            239844       
 NEXT SEEDS:26953394     1DB       0       0       0       0    B270      7B       0       0
   78000000             222000000             222000000             4.3042512E-05         1.0000000E+30            259768       
 NEXT SEEDS:2FCCD601     1DC       0       0       0       0    B270      7B       0       0
   84000000             216000000             216000000             4.3011115E-05         1.0000000E+30            279728       
 NEXT SEEDS:39021DC7     1DD       0       0       0       0    B270      7B       0       0
   90000000             210000000             210000000             4.3022820E-05         1.0000000E+30            299628       
 NEXT SEEDS: 6A0D43B     1DF       0       0       0       0    B270      7B       0       0
   96000000             204000000             204000000             4.2998353E-05         1.0000000E+30            319556       
 NEXT SEEDS: FD2A4D1     1E0       0       0       0       0    B270      7B       0       0
  102000000             198000000             198000000             4.2995204E-05         1.0000000E+30            339463       
 NEXT SEEDS:1904F071     1E1       0       0       0       0    B270      7B       0       0
  108000000             192000000             192000000             4.2966630E-05         1.0000000E+30            359530       
 NEXT SEEDS:22367CA0     1E2       0       0       0       0    B270      7B       0       0
  *** Rcfset:kprin,bfcmax,epat00,ppat00,ravpot           1  -4.6694727924889934E-002  0.94291621705476480        9.3466917527712565E-002   12.440777676959296     
  114000000             186000000             186000000             4.2960878E-05         1.0000000E+30            379765       
 NEXT SEEDS:2B77ACAE     1E3       0       0       0       0    B270      7B       0       0
  120000000             180000000             180000000             4.2974756E-05         1.0000000E+30            399815       
 NEXT SEEDS:34ABEFDA     1E4       0       0       0       0    B270      7B       0       0
  126000000             174000000             174000000             4.2955109E-05         1.0000000E+30            419896       
 NEXT SEEDS: 24C9A0B     1E6       0       0       0       0    B270      7B       0       0
  132000000             168000000             168000000             4.2970463E-05         1.0000000E+30            439379       
 NEXT SEEDS: B7D419B     1E7       0       0       0       0    B270      7B       0       0
  138000000             162000000             162000000             4.2975862E-05         1.0000000E+30            459405       
 NEXT SEEDS:14B49BFB     1E8       0       0       0       0    B270      7B       0       0
  144000000             156000000             156000000             4.2978089E-05         1.0000000E+30            479694       
 NEXT SEEDS:1DEC6F90     1E9       0       0       0       0    B270      7B       0       0
  150000000             150000000             150000000             4.3035629E-05         1.0000000E+30            499961       
 NEXT SEEDS:272AE174     1EA       0       0       0       0    B270      7B       0       0
  156000000             144000000             144000000             4.3049076E-05         1.0000000E+30            520009       
 NEXT SEEDS:3065B4B2     1EB       0       0       0       0    B270      7B       0       0
  162000000             138000000             138000000             4.3027621E-05         1.0000000E+30            539769       
 NEXT SEEDS:3994A0DF     1EC       0       0       0       0    B270      7B       0       0
  168000000             132000000             132000000             4.3022665E-05         1.0000000E+30            559718       
 NEXT SEEDS: 72D34CE     1EE       0       0       0       0    B270      7B       0       0
  174000000             126000000             126000000             4.3012151E-05         1.0000000E+30            579755       
 NEXT SEEDS:105BB938     1EF       0       0       0       0    B270      7B       0       0
  180000000             120000000             120000000             4.3025451E-05         1.0000000E+30            599529       
 NEXT SEEDS:19929F1C     1F0       0       0       0       0    B270      7B       0       0
  186000000             114000000             114000000             4.3050456E-05         1.0000000E+30            619542       
 NEXT SEEDS:22C73B30     1F1       0       0       0       0    B270      7B       0       0
  192000000             108000000             108000000             4.3045309E-05         1.0000000E+30            639534       
 NEXT SEEDS:2C007E17     1F2       0       0       0       0    B270      7B       0       0
  198000000             102000000             102000000             4.3043585E-05         1.0000000E+30            659554       
 NEXT SEEDS:353A160A     1F3       0       0       0       0    B270      7B       0       0
  204000000              96000000              96000000             4.3036741E-05         1.0000000E+30            679537       
 NEXT SEEDS: 2D4F01A     1F5       0       0       0       0    B270      7B       0       0
  210000000              90000000              90000000             4.3046819E-05         1.0000000E+30            699629       
 NEXT SEEDS: C0EBE0C     1F6       0       0       0       0    B270      7B       0       0
  216000000              84000000              84000000             4.3053657E-05         1.0000000E+30            719681       
 NEXT SEEDS:154351AE     1F7       0       0       0       0    B270      7B       0       0
  222000000              78000000              78000000             4.3042199E-05         1.0000000E+30            739755       
 NEXT SEEDS:1E7E4AB8     1F8       0       0       0       0    B270      7B       0       0
  228000000              72000000              72000000             4.3052790E-05         1.0000000E+30            759607       
 NEXT SEEDS:27A96950     1F9       0       0       0       0    B270      7B       0       0
  234000000              66000000              66000000             4.3061803E-05         1.0000000E+30            779459       
 NEXT SEEDS:30E010D6     1FA       0       0       0       0    B270      7B       0       0
  240000000              60000000              60000000             4.3074394E-05         1.0000000E+30            799255       
 NEXT SEEDS:3A0E02EF     1FB       0       0       0       0    B270      7B       0       0
  246000000              54000000              54000000             4.3077458E-05         1.0000000E+30            819264       
 NEXT SEEDS: 7A88B5B     1FD       0       0       0       0    B270      7B       0       0
  252000000              48000000              48000000             4.3083128E-05         1.0000000E+30            839020       
 NEXT SEEDS:10D2B2B1     1FE       0       0       0       0    B270      7B       0       0
  258000000              42000000              42000000             4.3076986E-05         1.0000000E+30            859066       
 NEXT SEEDS:1A069284     1FF       0       0       0       0    B270      7B       0       0
  264000000              36000000              36000000             4.3125026E-05         1.0000000E+30            878932       
 NEXT SEEDS:2340282D     200       0       0       0       0    B270      7B       0       0
  270000000              30000000              30000000             4.3167745E-05         1.0000000E+30            899242       
 NEXT SEEDS:2C8010F6     201       0       0       0       0    B270      7B       0       0
  276000000              24000000              24000000             4.3247944E-05         1.0000000E+30            919396       
 NEXT SEEDS:35B4AC9D     202       0       0       0       0    B270      7B       0       0
  282000000              18000000              18000000             4.3262952E-05         1.0000000E+30            939483       
 NEXT SEEDS: 35086A2     204       0       0       0       0    B270      7B       0       0
  288000000              12000000              12000000             4.3261031E-05         1.0000000E+30            959233       
 NEXT SEEDS: C83CDDC     205       0       0       0       0    B270      7B       0       0
  294000000               6000000               6000000             4.3260975E-05         1.0000000E+30            979130       
 NEXT SEEDS:15B5AEB9     206       0       0       0       0    B270      7B       0       0
  299999950                    50                    50             4.3245632E-05         1.0000000E+30            999103       
 NEXT SEEDS:1EE46C06     207       0       0       0       0    B270      7B       0       0
  299999951                    49                    49             4.3245635E-05         1.0000000E+30            999103       
 NEXT SEEDS:1EE46CF6     207       0       0       0       0    B270      7B       0       0
  299999952                    48                    48             4.3245635E-05         1.0000000E+30            999103       
 NEXT SEEDS:1EE46CFD     207       0       0       0       0    B270      7B       0       0
  299999953                    47                    47             4.3245635E-05         1.0000000E+30            999103       
 NEXT SEEDS:1EE46DCF     207       0       0       0       0    B270      7B       0       0
  299999954                    46                    46             4.3245635E-05         1.0000000E+30            999103       
 NEXT SEEDS:1EE46E91     207       0       0       0       0    B270      7B       0       0
  299999955                    45                    45             4.3245635E-05         1.0000000E+30            999103       
 NEXT SEEDS:1EE46F68     207       0       0       0       0    B270      7B       0       0
  299999956                    44                    44             4.3245638E-05         1.0000000E+30            999103       
 NEXT SEEDS:1EE4704E     207       0       0       0       0    B270      7B       0       0
  299999957                    43                    43             4.3245638E-05         1.0000000E+30            999103       
 NEXT SEEDS:1EE47121     207       0       0       0       0    B270      7B       0       0
  299999958                    42                    42             4.3245638E-05         1.0000000E+30            999103       
 NEXT SEEDS:1EE471F6     207       0       0       0       0    B270      7B       0       0
  299999959                    41                    41             4.3245638E-05         1.0000000E+30            999103       
 NEXT SEEDS:1EE471FD     207       0       0       0       0    B270      7B       0       0
  299999960                    40                    40             4.3245637E-05         1.0000000E+30            999103       
 NEXT SEEDS:1EE472D8     207       0       0       0       0    B270      7B       0       0
  299999961                    39                    39             4.3245637E-05         1.0000000E+30            999103       
 NEXT SEEDS:1EE473AF     207       0       0       0       0    B270      7B       0       0
  299999962                    38                    38             4.3245637E-05         1.0000000E+30            999103       
 NEXT SEEDS:1EE47490     207       0       0       0       0    B270      7B       0       0
  299999963                    37                    37             4.3245640E-05         1.0000000E+30            999103       
 NEXT SEEDS:1EE47497     207       0       0       0       0    B270      7B       0       0
  299999964                    36                    36             4.3245640E-05         1.0000000E+30            999103       
 NEXT SEEDS:1EE4756C     207       0       0       0       0    B270      7B       0       0
  299999965                    35                    35             4.3245640E-05         1.0000000E+30            999103       
 NEXT SEEDS:1EE47653     207       0       0       0       0    B270      7B       0       0
  299999966                    34                    34             4.3245640E-05         1.0000000E+30            999103       
 NEXT SEEDS:1EE47724     207       0       0       0       0    B270      7B       0       0
  299999967                    33                    33             4.3245640E-05         1.0000000E+30            999103       
 NEXT SEEDS:1EE477EB     207       0       0       0       0    B270      7B       0       0
  299999968                    32                    32             4.3245640E-05         1.0000000E+30            999103       
 NEXT SEEDS:1EE478C5     207       0       0       0       0    B270      7B       0       0
  299999969                    31                    31             4.3245639E-05         1.0000000E+30            999103       
 NEXT SEEDS:1EE478CC     207       0       0       0       0    B270      7B       0       0
  299999970                    30                    30             4.3245642E-05         1.0000000E+30            999103       
 NEXT SEEDS:1EE47996     207       0       0       0       0    B270      7B       0       0
  299999971                    29                    29             4.3245642E-05         1.0000000E+30            999103       
 NEXT SEEDS:1EE47A63     207       0       0       0       0    B270      7B       0       0
  299999972                    28                    28             4.3245642E-05         1.0000000E+30            999103       
 NEXT SEEDS:1EE47B18     207       0       0       0       0    B270      7B       0       0
  299999973                    27                    27             4.3245642E-05         1.0000000E+30            999103       
 NEXT SEEDS:1EE47C0B     207       0       0       0       0    B270      7B       0       0
  299999974                    26                    26             4.3245642E-05         1.0000000E+30            999103       
 NEXT SEEDS:1EE47CE2     207       0       0       0       0    B270      7B       0       0
  299999975                    25                    25             4.3245645E-05         1.0000000E+30            999103       
 NEXT SEEDS:1EE47DA7     207       0       0       0       0    B270      7B       0       0
  299999976                    24                    24             4.3245645E-05         1.0000000E+30            999103       
 NEXT SEEDS:1EE47E69     207       0       0       0       0    B270      7B       0       0
  299999977                    23                    23             4.3245645E-05         1.0000000E+30            999103       
 NEXT SEEDS:1EE47F52     207       0       0       0       0    B270      7B       0       0
  299999978                    22                    22             4.3245645E-05         1.0000000E+30            999103       
 NEXT SEEDS:1EE4802F     207       0       0       0       0    B270      7B       0       0
  299999979                    21                    21             4.3245644E-05         1.0000000E+30            999103       
 NEXT SEEDS:1EE48112     207       0       0       0       0    B270      7B       0       0
  299999980                    20                    20             4.3245644E-05         1.0000000E+30            999103       
 NEXT SEEDS:1EE48119     207       0       0       0       0    B270      7B       0       0
  299999981                    19                    19             4.3245644E-05         1.0000000E+30            999103       
 NEXT SEEDS:1EE481F0     207       0       0       0       0    B270      7B       0       0
  299999982                    18                    18             4.3245647E-05         1.0000000E+30            999103       
 NEXT SEEDS:1EE481F7     207       0       0       0       0    B270      7B       0       0
  299999983                    17                    17             4.3245647E-05         1.0000000E+30            999103       
 NEXT SEEDS:1EE482BE     207       0       0       0       0    B270      7B       0       0
  299999984                    16                    16             4.3245647E-05         1.0000000E+30            999103       
 NEXT SEEDS:1EE482C5     207       0       0       0       0    B270      7B       0       0
  299999985                    15                    15             4.3245647E-05         1.0000000E+30            999103       
 NEXT SEEDS:1EE483AB     207       0       0       0       0    B270      7B       0       0
  299999986                    14                    14             4.3245647E-05         1.0000000E+30            999103       
 NEXT SEEDS:1EE48487     207       0       0       0       0    B270      7B       0       0
  299999987                    13                    13             4.3245647E-05         1.0000000E+30            999103       
 NEXT SEEDS:1EE4848E     207       0       0       0       0    B270      7B       0       0
  299999988                    12                    12             4.3245646E-05         1.0000000E+30            999103       
 NEXT SEEDS:1EE48495     207       0       0       0       0    B270      7B       0       0
  299999989                    11                    11             4.3245650E-05         1.0000000E+30            999103       
 NEXT SEEDS:1EE4855F     207       0       0       0       0    B270      7B       0       0
  299999990                    10                    10             4.3245649E-05         1.0000000E+30            999103       
 NEXT SEEDS:1EE4863F     207       0       0       0       0    B270      7B       0       0
  299999991                     9                     9             4.3245649E-05         1.0000000E+30            999103       
 NEXT SEEDS:1EE48704     207       0       0       0       0    B270      7B       0       0
  299999992                     8                     8             4.3245649E-05         1.0000000E+30            999103       
 NEXT SEEDS:1EE48803     207       0       0       0       0    B270      7B       0       0
  299999993                     7                     7             4.3245649E-05         1.0000000E+30            999103       
 NEXT SEEDS:1EE488DF     207       0       0       0       0    B270      7B       0       0
  299999994                     6                     6             4.3245649E-05         1.0000000E+30            999103       
 NEXT SEEDS:1EE489B9     207       0       0       0       0    B270      7B       0       0
  299999995                     5                     5             4.3245652E-05         1.0000000E+30            999103       
 NEXT SEEDS:1EE48A80     207       0       0       0       0    B270      7B       0       0
  299999996                     4                     4             4.3245652E-05         1.0000000E+30            999103       
 NEXT SEEDS:1EE48B63     207       0       0       0       0    B270      7B       0       0
  299999997                     3                     3             4.3245652E-05         1.0000000E+30            999103       
 NEXT SEEDS:1EE48C23     207       0       0       0       0    B270      7B       0       0
  299999998                     2                     2             4.3245651E-05         1.0000000E+30            999103       
 NEXT SEEDS:1EE48CFD     207       0       0       0       0    B270      7B       0       0
  299999999                     1                     1             4.3245651E-05         1.0000000E+30            999103       
 NEXT SEEDS:1EE48D04     207       0       0       0       0    B270      7B       0       0
  300000000                     0                     1             4.3245651E-05         1.0000000E+30            999103       
 NEXT SEEDS:1EE48DF1     207       0       0       0       0    B270      7B       0       0
