1NUMBER OF BEAM       NUMBER OF BEAM        APPROXIMATE NUMBER    AVERAGE TIME USED     TIME LEFT (RESERVED   NUMBER OF STARS
 PARTICLES HANDLED    PARTICLES LEFT        OF BEAM PARTICLES     BY A BEAM PARTICLE     10000.0 SECONDS      CREATED
                                            THAT CAN STILL BE                           FOR PRINTOUT)
                                            HANDLED

 NEXT SEEDS:2B1E72DC      39       0       0       0       0    B26F      7B       0       0
          1             299999999             299999999             9.7036362E-05         1.0000000E+30                 0       
 NEXT SEEDS:2B1E73A6      39       0       0       0       0    B26F      7B       0       0
    6000000             294000000             294000000             4.6015845E-05         1.0000000E+30             19930       
 NEXT SEEDS:3454235A      3A       0       0       0       0    B26F      7B       0       0
   12000000             288000000             288000000             4.5995586E-05         1.0000000E+30             39983       
 NEXT SEEDS: 1EFE739      3C       0       0       0       0    B26F      7B       0       0
   18000000             282000000             282000000             4.6105293E-05         1.0000000E+30             60002       
 NEXT SEEDS: B227169      3D       0       0       0       0    B26F      7B       0       0
   24000000             276000000             276000000             4.6154956E-05         1.0000000E+30             80238       
 NEXT SEEDS:145E645B      3E       0       0       0       0    B26F      7B       0       0
   30000000             270000000             270000000             4.6246145E-05         1.0000000E+30            100151       
 NEXT SEEDS:1D91A9B2      3F       0       0       0       0    B26F      7B       0       0
   36000000             264000000             264000000             4.6232003E-05         1.0000000E+30            119848       
 NEXT SEEDS:26BE7AE1      40       0       0       0       0    B26F      7B       0       0
   42000000             258000000             258000000             4.6220112E-05         1.0000000E+30            139777       
 NEXT SEEDS:2FF2B7B2      41       0       0       0       0    B26F      7B       0       0
   48000000             252000000             252000000             4.6204629E-05         1.0000000E+30            159337       
 NEXT SEEDS:392298D8      42       0       0       0       0    B26F      7B       0       0
   54000000             246000000             246000000             4.6210105E-05         1.0000000E+30            179049       
 NEXT SEEDS: 6BFB461      44       0       0       0       0    B26F      7B       0       0
   60000000             240000000             240000000             4.6235884E-05         1.0000000E+30            198759       
 NEXT SEEDS: FEEAC06      45       0       0       0       0    B26F      7B       0       0
   66000000             234000000             234000000             4.6286165E-05         1.0000000E+30            218790       
 NEXT SEEDS:1925A380      46       0       0       0       0    B26F      7B       0       0
   72000000             228000000             228000000             4.6346645E-05         1.0000000E+30            238696       
 NEXT SEEDS:22560377      47       0       0       0       0    B26F      7B       0       0
   78000000             222000000             222000000             4.6354373E-05         1.0000000E+30            258649       
 NEXT SEEDS:2B8AF1B3      48       0       0       0       0    B26F      7B       0       0
   84000000             216000000             216000000             4.6371337E-05         1.0000000E+30            278682       
 NEXT SEEDS:34BE7F89      49       0       0       0       0    B26F      7B       0       0
   90000000             210000000             210000000             4.6398179E-05         1.0000000E+30            298423       
 NEXT SEEDS: 2539565      4B       0       0       0       0    B26F      7B       0       0
   96000000             204000000             204000000             4.6521018E-05         1.0000000E+30            318475       
 NEXT SEEDS: B85FA53      4C       0       0       0       0    B26F      7B       0       0
  102000000             198000000             198000000             4.6482902E-05         1.0000000E+30            338358       
 NEXT SEEDS:14B52D0B      4D       0       0       0       0    B26F      7B       0       0
  108000000             192000000             192000000             4.6293251E-05         1.0000000E+30            358235       
 NEXT SEEDS:1DE1DC56      4E       0       0       0       0    B26F      7B       0       0
  114000000             186000000             186000000             4.6122359E-05         1.0000000E+30            378341       
 NEXT SEEDS:27164624      4F       0       0       0       0    B26F      7B       0       0
  120000000             180000000             180000000             4.5990871E-05         1.0000000E+30            398383       
 NEXT SEEDS:30493662      50       0       0       0       0    B26F      7B       0       0
  126000000             174000000             174000000             4.5866247E-05         1.0000000E+30            418247       
 NEXT SEEDS:39784E45      51       0       0       0       0    B26F      7B       0       0
  132000000             168000000             168000000             4.5734743E-05         1.0000000E+30            438199       
 NEXT SEEDS: 7160A42      53       0       0       0       0    B26F      7B       0       0
  138000000             162000000             162000000             4.5635758E-05         1.0000000E+30            458104       
 NEXT SEEDS:104C3BD0      54       0       0       0       0    B26F      7B       0       0
  144000000             156000000             156000000             4.5546537E-05         1.0000000E+30            477935       
 NEXT SEEDS:1983C907      55       0       0       0       0    B26F      7B       0       0
  150000000             150000000             150000000             4.5463182E-05         1.0000000E+30            497862       
 NEXT SEEDS:22BA0B02      56       0       0       0       0    B26F      7B       0       0
  156000000             144000000             144000000             4.5384025E-05         1.0000000E+30            517807       
 NEXT SEEDS:2BF524FB      57       0       0       0       0    B26F      7B       0       0
  162000000             138000000             138000000             4.5309773E-05         1.0000000E+30            537675       
 NEXT SEEDS:35239A62      58       0       0       0       0    B26F      7B       0       0
  168000000             132000000             132000000             4.5240988E-05         1.0000000E+30            557745       
 NEXT SEEDS: 2C2FC94      5A       0       0       0       0    B26F      7B       0       0
  174000000             126000000             126000000             4.5178423E-05         1.0000000E+30            577811       
 NEXT SEEDS: BF951D0      5B       0       0       0       0    B26F      7B       0       0
  180000000             120000000             120000000             4.5106129E-05         1.0000000E+30            597597       
 NEXT SEEDS:1528F81B      5C       0       0       0       0    B26F      7B       0       0
  186000000             114000000             114000000             4.5057463E-05         1.0000000E+30            617572       
 NEXT SEEDS:1E5D33F9      5D       0       0       0       0    B26F      7B       0       0
  192000000             108000000             108000000             4.5002923E-05         1.0000000E+30            637462       
 NEXT SEEDS:279183F9      5E       0       0       0       0    B26F      7B       0       0
  198000000             102000000             102000000             4.4924719E-05         1.0000000E+30            657336       
 NEXT SEEDS:30C0C6C4      5F       0       0       0       0    B26F      7B       0       0
  204000000              96000000              96000000             4.4883031E-05         1.0000000E+30            677295       
 NEXT SEEDS:39F9C68F      60       0       0       0       0    B26F      7B       0       0
  210000000              90000000              90000000             4.4842791E-05         1.0000000E+30            697357       
 NEXT SEEDS: 78EFF71      62       0       0       0       0    B26F      7B       0       0
  216000000              84000000              84000000             4.4803556E-05         1.0000000E+30            716978       
 NEXT SEEDS:10B8C1DA      63       0       0       0       0    B26F      7B       0       0
  222000000              78000000              78000000             4.4762351E-05         1.0000000E+30            736985       
 NEXT SEEDS:19F0955B      64       0       0       0       0    B26F      7B       0       0
  228000000              72000000              72000000             4.4725255E-05         1.0000000E+30            756948       
 NEXT SEEDS:232A6132      65       0       0       0       0    B26F      7B       0       0
  234000000              66000000              66000000             4.4703808E-05         1.0000000E+30            776864       
 NEXT SEEDS:2C5C8249      66       0       0       0       0    B26F      7B       0       0
  240000000              60000000              60000000             4.4676297E-05         1.0000000E+30            796826       
 NEXT SEEDS:3592121C      67       0       0       0       0    B26F      7B       0       0
  246000000              54000000              54000000             4.4632903E-05         1.0000000E+30            816679       
 NEXT SEEDS: 32DF7BF      69       0       0       0       0    B26F      7B       0       0
  252000000              48000000              48000000             4.4624863E-05         1.0000000E+30            836509       
 NEXT SEEDS: C5FA528      6A       0       0       0       0    B26F      7B       0       0
  258000000              42000000              42000000             4.4673982E-05         1.0000000E+30            856383       
 NEXT SEEDS:159731C7      6B       0       0       0       0    B26F      7B       0       0
  264000000              36000000              36000000             4.4709645E-05         1.0000000E+30            876172       
 NEXT SEEDS:1EC6203D      6C       0       0       0       0    B26F      7B       0       0
  270000000              30000000              30000000             4.4722435E-05         1.0000000E+30            896030       
 NEXT SEEDS:27F645C1      6D       0       0       0       0    B26F      7B       0       0
  276000000              24000000              24000000             4.4754057E-05         1.0000000E+30            915807       
 NEXT SEEDS:312D550D      6E       0       0       0       0    B26F      7B       0       0
  282000000              18000000              18000000             4.4778877E-05         1.0000000E+30            935893       
 NEXT SEEDS:3A65DD4B      6F       0       0       0       0    B26F      7B       0       0
  288000000              12000000              12000000             4.4798844E-05         1.0000000E+30            955716       
 NEXT SEEDS: 7F98826      71       0       0       0       0    B26F      7B       0       0
  294000000               6000000               6000000             4.4821999E-05         1.0000000E+30            975399       
 NEXT SEEDS:112506A2      72       0       0       0       0    B26F      7B       0       0
  299999950                    50                    50             4.4852132E-05         1.0000000E+30            995392       
 NEXT SEEDS:1A5ECC30      73       0       0       0       0    B26F      7B       0       0
  299999951                    49                    49             4.4852132E-05         1.0000000E+30            995392       
 NEXT SEEDS:1A5ECCE5      73       0       0       0       0    B26F      7B       0       0
  299999952                    48                    48             4.4852132E-05         1.0000000E+30            995392       
 NEXT SEEDS:1A5ECDBC      73       0       0       0       0    B26F      7B       0       0
  299999953                    47                    47             4.4852132E-05         1.0000000E+30            995392       
 NEXT SEEDS:1A5ECE88      73       0       0       0       0    B26F      7B       0       0
  299999954                    46                    46             4.4852135E-05         1.0000000E+30            995392       
 NEXT SEEDS:1A5ECE93      73       0       0       0       0    B26F      7B       0       0
  299999955                    45                    45             4.4852135E-05         1.0000000E+30            995392       
 NEXT SEEDS:1A5ECF58      73       0       0       0       0    B26F      7B       0       0
  299999956                    44                    44             4.4852135E-05         1.0000000E+30            995392       
 NEXT SEEDS:1A5ED02B      73       0       0       0       0    B26F      7B       0       0
  299999957                    43                    43             4.4852134E-05         1.0000000E+30            995392       
 NEXT SEEDS:1A5ED103      73       0       0       0       0    B26F      7B       0       0
  299999958                    42                    42             4.4852134E-05         1.0000000E+30            995392       
 NEXT SEEDS:1A5ED1DA      73       0       0       0       0    B26F      7B       0       0
  299999959                    41                    41             4.4852134E-05         1.0000000E+30            995392       
 NEXT SEEDS:1A5ED29F      73       0       0       0       0    B26F      7B       0       0
  299999960                    40                    40             4.4852137E-05         1.0000000E+30            995392       
 NEXT SEEDS:1A5ED377      73       0       0       0       0    B26F      7B       0       0
  299999961                    39                    39             4.4852137E-05         1.0000000E+30            995392       
 NEXT SEEDS:1A5ED37E      73       0       0       0       0    B26F      7B       0       0
  299999962                    38                    38             4.4852137E-05         1.0000000E+30            995392       
 NEXT SEEDS:1A5ED460      73       0       0       0       0    B26F      7B       0       0
  299999963                    37                    37             4.4852137E-05         1.0000000E+30            995392       
 NEXT SEEDS:1A5ED543      73       0       0       0       0    B26F      7B       0       0
  299999964                    36                    36             4.4852137E-05         1.0000000E+30            995392       
 NEXT SEEDS:1A5ED610      73       0       0       0       0    B26F      7B       0       0
  299999965                    35                    35             4.4852136E-05         1.0000000E+30            995392       
 NEXT SEEDS:1A5ED6E3      73       0       0       0       0    B26F      7B       0       0
  299999966                    34                    34             4.4852136E-05         1.0000000E+30            995392       
 NEXT SEEDS:1A5ED7B9      73       0       0       0       0    B26F      7B       0       0
  299999967                    33                    33             4.4852136E-05         1.0000000E+30            995392       
 NEXT SEEDS:1A5ED893      73       0       0       0       0    B26F      7B       0       0
  299999968                    32                    32             4.4852136E-05         1.0000000E+30            995392       
 NEXT SEEDS:1A5ED95B      73       0       0       0       0    B26F      7B       0       0
  299999969                    31                    31             4.4852136E-05         1.0000000E+30            995392       
 NEXT SEEDS:1A5ED962      73       0       0       0       0    B26F      7B       0       0
  299999970                    30                    30             4.4852136E-05         1.0000000E+30            995392       
 NEXT SEEDS:1A5EDA32      73       0       0       0       0    B26F      7B       0       0
  299999971                    29                    29             4.4852136E-05         1.0000000E+30            995392       
 NEXT SEEDS:1A5EDB16      73       0       0       0       0    B26F      7B       0       0
  299999972                    28                    28             4.4852135E-05         1.0000000E+30            995392       
 NEXT SEEDS:1A5EDBE7      73       0       0       0       0    B26F      7B       0       0
  299999973                    27                    27             4.4852135E-05         1.0000000E+30            995392       
 NEXT SEEDS:1A5EDBF4      73       0       0       0       0    B26F      7B       0       0
  299999974                    26                    26             4.4852135E-05         1.0000000E+30            995392       
 NEXT SEEDS:1A5EDCB5      73       0       0       0       0    B26F      7B       0       0
  299999975                    25                    25             4.4852135E-05         1.0000000E+30            995392       
 NEXT SEEDS:1A5EDD83      73       0       0       0       0    B26F      7B       0       0
  299999976                    24                    24             4.4852135E-05         1.0000000E+30            995392       
 NEXT SEEDS:1A5EDE53      73       0       0       0       0    B26F      7B       0       0
  299999977                    23                    23             4.4852135E-05         1.0000000E+30            995392       
 NEXT SEEDS:1A5EDE5A      73       0       0       0       0    B26F      7B       0       0
  299999978                    22                    22             4.4852134E-05         1.0000000E+30            995392       
 NEXT SEEDS:1A5EDE6F      73       0       0       0       0    B26F      7B       0       0
  299999979                    21                    21             4.4852134E-05         1.0000000E+30            995392       
 NEXT SEEDS:1A5EDF68      73       0       0       0       0    B26F      7B       0       0
  299999980                    20                    20             4.4852134E-05         1.0000000E+30            995392       
 NEXT SEEDS:1A5EE043      73       0       0       0       0    B26F      7B       0       0
  299999981                    19                    19             4.4852134E-05         1.0000000E+30            995392       
 NEXT SEEDS:1A5EE119      73       0       0       0       0    B26F      7B       0       0
  299999982                    18                    18             4.4852134E-05         1.0000000E+30            995392       
 NEXT SEEDS:1A5EE120      73       0       0       0       0    B26F      7B       0       0
  299999983                    17                    17             4.4852134E-05         1.0000000E+30            995392       
 NEXT SEEDS:1A5EE20D      73       0       0       0       0    B26F      7B       0       0
  299999984                    16                    16             4.4852134E-05         1.0000000E+30            995392       
 NEXT SEEDS:1A5EE2D4      73       0       0       0       0    B26F      7B       0       0
  299999985                    15                    15             4.4852133E-05         1.0000000E+30            995392       
 NEXT SEEDS:1A5EE3B0      73       0       0       0       0    B26F      7B       0       0
  299999986                    14                    14             4.4852133E-05         1.0000000E+30            995392       
 NEXT SEEDS:1A5EE48D      73       0       0       0       0    B26F      7B       0       0
  299999987                    13                    13             4.4852133E-05         1.0000000E+30            995392       
 NEXT SEEDS:1A5EE575      73       0       0       0       0    B26F      7B       0       0
  299999988                    12                    12             4.4852133E-05         1.0000000E+30            995392       
 NEXT SEEDS:1A5EE65B      73       0       0       0       0    B26F      7B       0       0
  299999989                    11                    11             4.4852133E-05         1.0000000E+30            995392       
 NEXT SEEDS:1A5EE668      73       0       0       0       0    B26F      7B       0       0
  299999990                    10                    10             4.4852133E-05         1.0000000E+30            995392       
 NEXT SEEDS:1A5EE66F      73       0       0       0       0    B26F      7B       0       0
  299999991                     9                     9             4.4852133E-05         1.0000000E+30            995392       
 NEXT SEEDS:1A5EE830      73       0       0       0       0    B26F      7B       0       0
  299999992                     8                     8             4.4852136E-05         1.0000000E+30            995392       
 NEXT SEEDS:1A5EE90B      73       0       0       0       0    B26F      7B       0       0
  299999993                     7                     7             4.4852135E-05         1.0000000E+30            995392       
 NEXT SEEDS:1A5EE9E0      73       0       0       0       0    B26F      7B       0       0
  299999994                     6                     6             4.4852135E-05         1.0000000E+30            995392       
 NEXT SEEDS:1A5EEAB3      73       0       0       0       0    B26F      7B       0       0
  299999995                     5                     5             4.4852135E-05         1.0000000E+30            995392       
 NEXT SEEDS:1A5EEB8D      73       0       0       0       0    B26F      7B       0       0
  299999996                     4                     4             4.4852135E-05         1.0000000E+30            995392       
 NEXT SEEDS:1A5EEC59      73       0       0       0       0    B26F      7B       0       0
  299999997                     3                     3             4.4852135E-05         1.0000000E+30            995392       
 NEXT SEEDS:1A5EED25      73       0       0       0       0    B26F      7B       0       0
  299999998                     2                     2             4.4852135E-05         1.0000000E+30            995392       
 NEXT SEEDS:1A5EEDF3      73       0       0       0       0    B26F      7B       0       0
  299999999                     1                     1             4.4852138E-05         1.0000000E+30            995392       
 NEXT SEEDS:1A5EEDFA      73       0       0       0       0    B26F      7B       0       0
  300000000                     0                     1             4.4852138E-05         1.0000000E+30            995392       
 NEXT SEEDS:1A5EEEDE      73       0       0       0       0    B26F      7B       0       0
