1NUMBER OF BEAM       NUMBER OF BEAM        APPROXIMATE NUMBER    AVERAGE TIME USED     TIME LEFT (RESERVED   NUMBER OF STARS
 PARTICLES HANDLED    PARTICLES LEFT        OF BEAM PARTICLES     BY A BEAM PARTICLE     10000.0 SECONDS      CREATED
                                            THAT CAN STILL BE                           FOR PRINTOUT)
                                            HANDLED

 NEXT SEEDS:143C658F     15A       0       0       0       0    B271      7B       0       0
          1             299999999             299999999             1.3732910E-04         1.0000000E+30                 0       
 NEXT SEEDS:143C6685     15A       0       0       0       0    B271      7B       0       0
    6000000             294000000             294000000             4.3709177E-05         1.0000000E+30             20076       
 NEXT SEEDS:1D7BF710     15B       0       0       0       0    B271      7B       0       0
   12000000             288000000             288000000             4.3735089E-05         1.0000000E+30             39926       
 NEXT SEEDS:26AB3A32     15C       0       0       0       0    B271      7B       0       0
  *** Rcfset:kprin,bfcmax,epat00,ppat00,ravpot           1  -9.7258352568746265E-002  0.94270171222340526        9.1277546615824254E-002   12.440777676959296     
  ***RCFSET:EPAT00,VCOUMX,AM(KPRIN),KPRIN  0.94270171222340526        4.4752473566926606E-003  0.93827231000000000                1
   18000000             282000000             282000000             4.3754952E-05         1.0000000E+30             59694       
 NEXT SEEDS:2FDEE51D     15D       0       0       0       0    B271      7B       0       0
   24000000             276000000             276000000             4.3463217E-05         1.0000000E+30             79859       
 NEXT SEEDS:391D01D3     15E       0       0       0       0    B271      7B       0       0
   30000000             270000000             270000000             4.3351763E-05         1.0000000E+30             99896       
 NEXT SEEDS: 6BC8681     160       0       0       0       0    B271      7B       0       0
   36000000             264000000             264000000             4.3181302E-05         1.0000000E+30            119926       
 NEXT SEEDS: FF30432     161       0       0       0       0    B271      7B       0       0
   42000000             258000000             258000000             4.3117528E-05         1.0000000E+30            139896       
 NEXT SEEDS:1927AFEF     162       0       0       0       0    B271      7B       0       0
   48000000             252000000             252000000             4.3058833E-05         1.0000000E+30            159966       
 NEXT SEEDS:22606D40     163       0       0       0       0    B271      7B       0       0
   54000000             246000000             246000000             4.2996632E-05         1.0000000E+30            179953       
 NEXT SEEDS:2B965B3D     164       0       0       0       0    B271      7B       0       0
   60000000             240000000             240000000             4.2952206E-05         1.0000000E+30            200036       
 NEXT SEEDS:34CE2A7F     165       0       0       0       0    B271      7B       0       0
   66000000             234000000             234000000             4.2951853E-05         1.0000000E+30            219989       
 NEXT SEEDS: 26B18E7     167       0       0       0       0    B271      7B       0       0
   72000000             228000000             228000000             4.2921160E-05         1.0000000E+30            240104       
 NEXT SEEDS: BA3CB26     168       0       0       0       0    B271      7B       0       0
   78000000             222000000             222000000             4.2862909E-05         1.0000000E+30            260253       
 NEXT SEEDS:14DE8C0B     169       0       0       0       0    B271      7B       0       0
   84000000             216000000             216000000             4.2862224E-05         1.0000000E+30            280312       
 NEXT SEEDS:1E1CB50B     16A       0       0       0       0    B271      7B       0       0
   90000000             210000000             210000000             4.2846626E-05         1.0000000E+30            300165       
 NEXT SEEDS:274E4A77     16B       0       0       0       0    B271      7B       0       0
   96000000             204000000             204000000             4.2812409E-05         1.0000000E+30            320093       
 NEXT SEEDS:308649EF     16C       0       0       0       0    B271      7B       0       0
  102000000             198000000             198000000             4.2890740E-05         1.0000000E+30            340384       
 NEXT SEEDS:39BD992C     16D       0       0       0       0    B271      7B       0       0
  108000000             192000000             192000000             4.2922517E-05         1.0000000E+30            360332       
 NEXT SEEDS: 758AB01     16F       0       0       0       0    B271      7B       0       0
  114000000             186000000             186000000             4.2984919E-05         1.0000000E+30            380195       
 NEXT SEEDS:10908CF0     170       0       0       0       0    B271      7B       0       0
  120000000             180000000             180000000             4.3054810E-05         1.0000000E+30            400322       
 NEXT SEEDS:19C59F71     171       0       0       0       0    B271      7B       0       0
  126000000             174000000             174000000             4.3129523E-05         1.0000000E+30            420532       
 NEXT SEEDS:22FC66AC     172       0       0       0       0    B271      7B       0       0
  132000000             168000000             168000000             4.3201597E-05         1.0000000E+30            440757       
 NEXT SEEDS:2C356AE8     173       0       0       0       0    B271      7B       0       0
  138000000             162000000             162000000             4.3265675E-05         1.0000000E+30            460688       
 NEXT SEEDS:356FCA8A     174       0       0       0       0    B271      7B       0       0
  144000000             156000000             156000000             4.3316325E-05         1.0000000E+30            480481       
 NEXT SEEDS: 3048DBB     176       0       0       0       0    B271      7B       0       0
  150000000             150000000             150000000             4.3378620E-05         1.0000000E+30            500494       
 NEXT SEEDS: C3866BB     177       0       0       0       0    B271      7B       0       0
  156000000             144000000             144000000             4.3404000E-05         1.0000000E+30            520472       
 NEXT SEEDS:156FBE6A     178       0       0       0       0    B271      7B       0       0
  162000000             138000000             138000000             4.3414780E-05         1.0000000E+30            540557       
 NEXT SEEDS:1EA45CC9     179       0       0       0       0    B271      7B       0       0
  168000000             132000000             132000000             4.3465260E-05         1.0000000E+30            560564       
 NEXT SEEDS:27D6CDB8     17A       0       0       0       0    B271      7B       0       0
  174000000             126000000             126000000             4.3484804E-05         1.0000000E+30            580446       
 NEXT SEEDS:310B119C     17B       0       0       0       0    B271      7B       0       0
  180000000             120000000             120000000             4.3501742E-05         1.0000000E+30            600317       
 NEXT SEEDS:3A3F4099     17C       0       0       0       0    B271      7B       0       0
  186000000             114000000             114000000             4.3513102E-05         1.0000000E+30            620307       
 NEXT SEEDS: 7DA4061     17E       0       0       0       0    B271      7B       0       0
  192000000             108000000             108000000             4.3533541E-05         1.0000000E+30            640141       
 NEXT SEEDS:1107AED4     17F       0       0       0       0    B271      7B       0       0
  198000000             102000000             102000000             4.3541812E-05         1.0000000E+30            660243       
 NEXT SEEDS:1A409065     180       0       0       0       0    B271      7B       0       0
  204000000              96000000              96000000             4.3543622E-05         1.0000000E+30            680209       
 NEXT SEEDS:23758D06     181       0       0       0       0    B271      7B       0       0
  210000000              90000000              90000000             4.3568194E-05         1.0000000E+30            700253       
 NEXT SEEDS:2CA9BADB     182       0       0       0       0    B271      7B       0       0
  216000000              84000000              84000000             4.3579529E-05         1.0000000E+30            720203       
 NEXT SEEDS:35E39E7B     183       0       0       0       0    B271      7B       0       0
  222000000              78000000              78000000             4.3590906E-05         1.0000000E+30            740454       
 NEXT SEEDS: 385FAAE     185       0       0       0       0    B271      7B       0       0
  228000000              72000000              72000000             4.3597539E-05         1.0000000E+30            760378       
 NEXT SEEDS: CBAE884     186       0       0       0       0    B271      7B       0       0
  234000000              66000000              66000000             4.3596273E-05         1.0000000E+30            780416       
 NEXT SEEDS:15F426B5     187       0       0       0       0    B271      7B       0       0
  240000000              60000000              60000000             4.3612201E-05         1.0000000E+30            800292       
 NEXT SEEDS:1F29E161     188       0       0       0       0    B271      7B       0       0
  246000000              54000000              54000000             4.3642548E-05         1.0000000E+30            820386       
 NEXT SEEDS:28602666     189       0       0       0       0    B271      7B       0       0
  252000000              48000000              48000000             4.3653594E-05         1.0000000E+30            840457       
 NEXT SEEDS:319822A0     18A       0       0       0       0    B271      7B       0       0
  258000000              42000000              42000000             4.3668122E-05         1.0000000E+30            860676       
 NEXT SEEDS:3AD082A6     18B       0       0       0       0    B271      7B       0       0
  264000000              36000000              36000000             4.3677070E-05         1.0000000E+30            880507       
 NEXT SEEDS: 86910ED     18D       0       0       0       0    B271      7B       0       0
  270000000              30000000              30000000             4.3715345E-05         1.0000000E+30            900575       
 NEXT SEEDS:11A31FF2     18E       0       0       0       0    B271      7B       0       0
  276000000              24000000              24000000             4.3721745E-05         1.0000000E+30            920503       
 NEXT SEEDS:1AD5FA9E     18F       0       0       0       0    B271      7B       0       0
  282000000              18000000              18000000             4.3745313E-05         1.0000000E+30            940508       
 NEXT SEEDS:240B1EEE     190       0       0       0       0    B271      7B       0       0
  288000000              12000000              12000000             4.3749734E-05         1.0000000E+30            960805       
 NEXT SEEDS:2D47EC38     191       0       0       0       0    B271      7B       0       0
  294000000               6000000               6000000             4.3735573E-05         1.0000000E+30            981079       
 NEXT SEEDS:368D95F8     192       0       0       0       0    B271      7B       0       0
  299999950                    50                    50             4.3732789E-05         1.0000000E+30           1001033       
 NEXT SEEDS: 424136D     194       0       0       0       0    B271      7B       0       0
  299999951                    49                    49             4.3732792E-05         1.0000000E+30           1001033       
 NEXT SEEDS: 4241378     194       0       0       0       0    B271      7B       0       0
  299999952                    48                    48             4.3732792E-05         1.0000000E+30           1001033       
 NEXT SEEDS: 4241455     194       0       0       0       0    B271      7B       0       0
  299999953                    47                    47             4.3732792E-05         1.0000000E+30           1001033       
 NEXT SEEDS: 424152A     194       0       0       0       0    B271      7B       0       0
  299999954                    46                    46             4.3732792E-05         1.0000000E+30           1001033       
 NEXT SEEDS: 4241610     194       0       0       0       0    B271      7B       0       0
  299999955                    45                    45             4.3732795E-05         1.0000000E+30           1001033       
 NEXT SEEDS: 42416D8     194       0       0       0       0    B271      7B       0       0
  299999956                    44                    44             4.3732795E-05         1.0000000E+30           1001033       
 NEXT SEEDS: 42417B6     194       0       0       0       0    B271      7B       0       0
  299999957                    43                    43             4.3732794E-05         1.0000000E+30           1001033       
 NEXT SEEDS: 4241889     194       0       0       0       0    B271      7B       0       0
  299999958                    42                    42             4.3732794E-05         1.0000000E+30           1001033       
 NEXT SEEDS: 424196A     194       0       0       0       0    B271      7B       0       0
  299999959                    41                    41             4.3732797E-05         1.0000000E+30           1001033       
 NEXT SEEDS: 4241A45     194       0       0       0       0    B271      7B       0       0
  299999960                    40                    40             4.3732797E-05         1.0000000E+30           1001033       
 NEXT SEEDS: 4241B26     194       0       0       0       0    B271      7B       0       0
  299999961                    39                    39             4.3732797E-05         1.0000000E+30           1001033       
 NEXT SEEDS: 4241C03     194       0       0       0       0    B271      7B       0       0
  299999962                    38                    38             4.3732797E-05         1.0000000E+30           1001033       
 NEXT SEEDS: 4241C0A     194       0       0       0       0    B271      7B       0       0
  299999963                    37                    37             4.3732797E-05         1.0000000E+30           1001033       
 NEXT SEEDS: 4241CE3     194       0       0       0       0    B271      7B       0       0
  299999964                    36                    36             4.3732800E-05         1.0000000E+30           1001033       
 NEXT SEEDS: 4241DBD     194       0       0       0       0    B271      7B       0       0
  299999965                    35                    35             4.3732800E-05         1.0000000E+30           1001033       
 NEXT SEEDS: 4241E9B     194       0       0       0       0    B271      7B       0       0
  299999966                    34                    34             4.3732800E-05         1.0000000E+30           1001033       
 NEXT SEEDS: 4241EA4     194       0       0       0       0    B271      7B       0       0
  299999967                    33                    33             4.3732799E-05         1.0000000E+30           1001033       
 NEXT SEEDS: 4241F88     194       0       0       0       0    B271      7B       0       0
  299999968                    32                    32             4.3732803E-05         1.0000000E+30           1001033       
 NEXT SEEDS: 424204A     194       0       0       0       0    B271      7B       0       0
  299999969                    31                    31             4.3732802E-05         1.0000000E+30           1001033       
 NEXT SEEDS: 4242130     194       0       0       0       0    B271      7B       0       0
  299999970                    30                    30             4.3732802E-05         1.0000000E+30           1001033       
 NEXT SEEDS: 42421F7     194       0       0       0       0    B271      7B       0       0
  299999971                    29                    29             4.3732802E-05         1.0000000E+30           1001033       
 NEXT SEEDS: 42422D1     194       0       0       0       0    B271      7B       0       0
  299999972                    28                    28             4.3732805E-05         1.0000000E+30           1001033       
 NEXT SEEDS: 424239E     194       0       0       0       0    B271      7B       0       0
  299999973                    27                    27             4.3732805E-05         1.0000000E+30           1001033       
 NEXT SEEDS: 42423A5     194       0       0       0       0    B271      7B       0       0
  299999974                    26                    26             4.3732805E-05         1.0000000E+30           1001033       
 NEXT SEEDS: 42423AC     194       0       0       0       0    B271      7B       0       0
  299999975                    25                    25             4.3732805E-05         1.0000000E+30           1001033       
 NEXT SEEDS: 424248D     194       0       0       0       0    B271      7B       0       0
  299999976                    24                    24             4.3732805E-05         1.0000000E+30           1001033       
 NEXT SEEDS: 424256D     194       0       0       0       0    B271      7B       0       0
  299999977                    23                    23             4.3732808E-05         1.0000000E+30           1001033       
 NEXT SEEDS: 424264D     194       0       0       0       0    B271      7B       0       0
  299999978                    22                    22             4.3732808E-05         1.0000000E+30           1001033       
 NEXT SEEDS: 424271D     194       0       0       0       0    B271      7B       0       0
  299999979                    21                    21             4.3732808E-05         1.0000000E+30           1001033       
 NEXT SEEDS: 42427EA     194       0       0       0       0    B271      7B       0       0
  299999980                    20                    20             4.3732807E-05         1.0000000E+30           1001033       
 NEXT SEEDS: 42427F5     194       0       0       0       0    B271      7B       0       0
  299999981                    19                    19             4.3732807E-05         1.0000000E+30           1001033       
 NEXT SEEDS: 42427FE     194       0       0       0       0    B271      7B       0       0
  299999982                    18                    18             4.3732810E-05         1.0000000E+30           1001033       
 NEXT SEEDS: 42428B0     194       0       0       0       0    B271      7B       0       0
  299999983                    17                    17             4.3732810E-05         1.0000000E+30           1001033       
 NEXT SEEDS: 424298D     194       0       0       0       0    B271      7B       0       0
  299999984                    16                    16             4.3732810E-05         1.0000000E+30           1001033       
 NEXT SEEDS: 4242A60     194       0       0       0       0    B271      7B       0       0
  299999985                    15                    15             4.3732810E-05         1.0000000E+30           1001033       
 NEXT SEEDS: 4242B42     194       0       0       0       0    B271      7B       0       0
  299999986                    14                    14             4.3732813E-05         1.0000000E+30           1001033       
 NEXT SEEDS: 4242C20     194       0       0       0       0    B271      7B       0       0
  299999987                    13                    13             4.3732813E-05         1.0000000E+30           1001033       
 NEXT SEEDS: 4242CF3     194       0       0       0       0    B271      7B       0       0
  299999988                    12                    12             4.3732813E-05         1.0000000E+30           1001033       
 NEXT SEEDS: 4242DD5     194       0       0       0       0    B271      7B       0       0
  299999989                    11                    11             4.3732813E-05         1.0000000E+30           1001033       
 NEXT SEEDS: 4242EBE     194       0       0       0       0    B271      7B       0       0
  299999990                    10                    10             4.3732816E-05         1.0000000E+30           1001033       
 NEXT SEEDS: 4242F87     194       0       0       0       0    B271      7B       0       0
  299999991                     9                     9             4.3732816E-05         1.0000000E+30           1001033       
 NEXT SEEDS: 4243051     194       0       0       0       0    B271      7B       0       0
  299999992                     8                     8             4.3732815E-05         1.0000000E+30           1001033       
 NEXT SEEDS: 4243127     194       0       0       0       0    B271      7B       0       0
  299999993                     7                     7             4.3732815E-05         1.0000000E+30           1001033       
 NEXT SEEDS: 4243231     194       0       0       0       0    B271      7B       0       0
  299999994                     6                     6             4.3732818E-05         1.0000000E+30           1001033       
 NEXT SEEDS: 4243320     194       0       0       0       0    B271      7B       0       0
  299999995                     5                     5             4.3732818E-05         1.0000000E+30           1001033       
 NEXT SEEDS: 42433F8     194       0       0       0       0    B271      7B       0       0
  299999996                     4                     4             4.3732818E-05         1.0000000E+30           1001033       
 NEXT SEEDS: 42433FF     194       0       0       0       0    B271      7B       0       0
  299999997                     3                     3             4.3732818E-05         1.0000000E+30           1001033       
 NEXT SEEDS: 424350A     194       0       0       0       0    B271      7B       0       0
  299999998                     2                     2             4.3732818E-05         1.0000000E+30           1001033       
 NEXT SEEDS: 42435CC     194       0       0       0       0    B271      7B       0       0
  299999999                     1                     1             4.3732821E-05         1.0000000E+30           1001033       
 NEXT SEEDS: 42436A6     194       0       0       0       0    B271      7B       0       0
  300000000                     0                     1             4.3732821E-05         1.0000000E+30           1001033       
 NEXT SEEDS: 424376B     194       0       0       0       0    B271      7B       0       0
