1NUMBER OF BEAM       NUMBER OF BEAM        APPROXIMATE NUMBER    AVERAGE TIME USED     TIME LEFT (RESERVED   NUMBER OF STARS
 PARTICLES HANDLED    PARTICLES LEFT        OF BEAM PARTICLES     BY A BEAM PARTICLE     10000.0 SECONDS      CREATED
                                            THAT CAN STILL BE                           FOR PRINTOUT)
                                            HANDLED

 NEXT SEEDS:14E2BB9B     15A       0       0       0       0    B270      7B       0       0
          1             299999999             299999999             1.1205673E-04         1.0000000E+30                 0       
 NEXT SEEDS:14E2BC69     15A       0       0       0       0    B270      7B       0       0
    6000000             294000000             294000000             4.4757590E-05         1.0000000E+30             20067       
 NEXT SEEDS:1E184203     15B       0       0       0       0    B270      7B       0       0
   12000000             288000000             288000000             4.4812165E-05         1.0000000E+30             40213       
 NEXT SEEDS:274B013B     15C       0       0       0       0    B270      7B       0       0
   18000000             282000000             282000000             4.4648424E-05         1.0000000E+30             59999       
 NEXT SEEDS:307C8C39     15D       0       0       0       0    B270      7B       0       0
   24000000             276000000             276000000             4.4057221E-05         1.0000000E+30             80077       
 NEXT SEEDS:39B0888A     15E       0       0       0       0    B270      7B       0       0
   30000000             270000000             270000000             4.4292904E-05         1.0000000E+30             99710       
 NEXT SEEDS: 73F1CC1     160       0       0       0       0    B270      7B       0       0
   36000000             264000000             264000000             4.4129910E-05         1.0000000E+30            119678       
 NEXT SEEDS:106C7FFD     161       0       0       0       0    B270      7B       0       0
   42000000             258000000             258000000             4.3885414E-05         1.0000000E+30            139398       
 NEXT SEEDS:1999F149     162       0       0       0       0    B270      7B       0       0
   48000000             252000000             252000000             4.3881452E-05         1.0000000E+30            159433       
 NEXT SEEDS:22D10840     163       0       0       0       0    B270      7B       0       0
   54000000             246000000             246000000             4.3843468E-05         1.0000000E+30            179377       
 NEXT SEEDS:2C0D7E95     164       0       0       0       0    B270      7B       0       0
   60000000             240000000             240000000             4.3769277E-05         1.0000000E+30            199456       
 NEXT SEEDS:35436C64     165       0       0       0       0    B270      7B       0       0
   66000000             234000000             234000000             4.3729679E-05         1.0000000E+30            219474       
 NEXT SEEDS: 2E19957     167       0       0       0       0    B270      7B       0       0
   72000000             228000000             228000000             4.3672324E-05         1.0000000E+30            239294       
 NEXT SEEDS: C0FE144     168       0       0       0       0    B270      7B       0       0
   78000000             222000000             222000000             4.3614444E-05         1.0000000E+30            259265       
 NEXT SEEDS:15454DB5     169       0       0       0       0    B270      7B       0       0
   84000000             216000000             216000000             4.3584486E-05         1.0000000E+30            279108       
 NEXT SEEDS:1E766748     16A       0       0       0       0    B270      7B       0       0
   90000000             210000000             210000000             4.3589742E-05         1.0000000E+30            299229       
 NEXT SEEDS:27AFBF85     16B       0       0       0       0    B270      7B       0       0
   96000000             204000000             204000000             4.3547972E-05         1.0000000E+30            319300       
 NEXT SEEDS:30E06B4B     16C       0       0       0       0    B270      7B       0       0
  102000000             198000000             198000000             4.3552805E-05         1.0000000E+30            339146       
 NEXT SEEDS:3A105644     16D       0       0       0       0    B270      7B       0       0
  108000000             192000000             192000000             4.3543117E-05         1.0000000E+30            359139       
 NEXT SEEDS: 7AF5165     16F       0       0       0       0    B270      7B       0       0
  114000000             186000000             186000000             4.3569613E-05         1.0000000E+30            379107       
 NEXT SEEDS:10E58CC8     170       0       0       0       0    B270      7B       0       0
  120000000             180000000             180000000             4.3554394E-05         1.0000000E+30            399181       
 NEXT SEEDS:1A1E2F0F     171       0       0       0       0    B270      7B       0       0
  126000000             174000000             174000000             4.3527796E-05         1.0000000E+30            419181       
 NEXT SEEDS:23580AC9     172       0       0       0       0    B270      7B       0       0
  132000000             168000000             168000000             4.3529033E-05         1.0000000E+30            439208       
 NEXT SEEDS:2C8AC8C3     173       0       0       0       0    B270      7B       0       0
  138000000             162000000             162000000             4.3506651E-05         1.0000000E+30            459042       
 NEXT SEEDS:35BD0C67     174       0       0       0       0    B270      7B       0       0
  144000000             156000000             156000000             4.3522379E-05         1.0000000E+30            478916       
 NEXT SEEDS: 3512A81     176       0       0       0       0    B270      7B       0       0
  150000000             150000000             150000000             4.3530341E-05         1.0000000E+30            499162       
 NEXT SEEDS: C8D1B42     177       0       0       0       0    B270      7B       0       0
  156000000             144000000             144000000             4.3522272E-05         1.0000000E+30            519159       
 NEXT SEEDS:15C3822A     178       0       0       0       0    B270      7B       0       0
  162000000             138000000             138000000             4.3528190E-05         1.0000000E+30            539000       
 NEXT SEEDS:1EF44BA2     179       0       0       0       0    B270      7B       0       0
  168000000             132000000             132000000             4.3530438E-05         1.0000000E+30            558875       
 NEXT SEEDS:282980C5     17A       0       0       0       0    B270      7B       0       0
  174000000             126000000             126000000             4.3521776E-05         1.0000000E+30            578667       
 NEXT SEEDS:315A9FAB     17B       0       0       0       0    B270      7B       0       0
  180000000             120000000             120000000             4.3513997E-05         1.0000000E+30            598400       
 NEXT SEEDS:3A91B1B0     17C       0       0       0       0    B270      7B       0       0
  186000000             114000000             114000000             4.3507486E-05         1.0000000E+30            618246       
 NEXT SEEDS: 82B3D1C     17E       0       0       0       0    B270      7B       0       0
  192000000             108000000             108000000             4.3492940E-05         1.0000000E+30            638100       
 NEXT SEEDS:115CD9F0     17F       0       0       0       0    B270      7B       0       0
  198000000             102000000             102000000             4.3487551E-05         1.0000000E+30            658207       
 NEXT SEEDS:1A9607FF     180       0       0       0       0    B270      7B       0       0
  204000000              96000000              96000000             4.3484441E-05         1.0000000E+30            678132       
 NEXT SEEDS:23CF8962     181       0       0       0       0    B270      7B       0       0
  210000000              90000000              90000000             4.3482384E-05         1.0000000E+30            698237       
 NEXT SEEDS:2D084978     182       0       0       0       0    B270      7B       0       0
  216000000              84000000              84000000             4.3454901E-05         1.0000000E+30            717787       
 NEXT SEEDS:36308146     183       0       0       0       0    B270      7B       0       0
  222000000              78000000              78000000             4.3457387E-05         1.0000000E+30            737649       
 NEXT SEEDS: 3C1DABD     185       0       0       0       0    B270      7B       0       0
  228000000              72000000              72000000             4.3458508E-05         1.0000000E+30            757732       
 NEXT SEEDS: CFEF9BA     186       0       0       0       0    B270      7B       0       0
  234000000              66000000              66000000             4.3452056E-05         1.0000000E+30            777843       
 NEXT SEEDS:163BCB29     187       0       0       0       0    B270      7B       0       0
  240000000              60000000              60000000             4.3458504E-05         1.0000000E+30            797757       
 NEXT SEEDS:1F6B1C53     188       0       0       0       0    B270      7B       0       0
  246000000              54000000              54000000             4.3440239E-05         1.0000000E+30            817626       
 NEXT SEEDS:289FDF3E     189       0       0       0       0    B270      7B       0       0
  252000000              48000000              48000000             4.3429509E-05         1.0000000E+30            837561       
 NEXT SEEDS:31D4311E     18A       0       0       0       0    B270      7B       0       0
  258000000              42000000              42000000             4.3427836E-05         1.0000000E+30            857365       
 NEXT SEEDS:3B058145     18B       0       0       0       0    B270      7B       0       0
  264000000              36000000              36000000             4.3449059E-05         1.0000000E+30            877208       
 NEXT SEEDS: 89B2D89     18D       0       0       0       0    B270      7B       0       0
  270000000              30000000              30000000             4.3446893E-05         1.0000000E+30            897218       
 NEXT SEEDS:11D36A5A     18E       0       0       0       0    B270      7B       0       0
  276000000              24000000              24000000             4.3442198E-05         1.0000000E+30            916824       
 NEXT SEEDS:1B055351     18F       0       0       0       0    B270      7B       0       0
  282000000              18000000              18000000             4.3449887E-05         1.0000000E+30            936724       
 NEXT SEEDS:24363C45     190       0       0       0       0    B270      7B       0       0
  288000000              12000000              12000000             4.3472117E-05         1.0000000E+30            956460       
 NEXT SEEDS:2D630306     191       0       0       0       0    B270      7B       0       0
  294000000               6000000               6000000             4.3474220E-05         1.0000000E+30            976439       
 NEXT SEEDS:369C8F19     192       0       0       0       0    B270      7B       0       0
  299999950                    50                    50             4.3481989E-05         1.0000000E+30            996386       
 NEXT SEEDS: 435C9AC     194       0       0       0       0    B270      7B       0       0
  299999951                    49                    49             4.3481989E-05         1.0000000E+30            996386       
 NEXT SEEDS: 435CA7E     194       0       0       0       0    B270      7B       0       0
  299999952                    48                    48             4.3481989E-05         1.0000000E+30            996386       
 NEXT SEEDS: 435CB86     194       0       0       0       0    B270      7B       0       0
  299999953                    47                    47             4.3481989E-05         1.0000000E+30            996386       
 NEXT SEEDS: 435CC86     194       0       0       0       0    B270      7B       0       0
  299999954                    46                    46             4.3481992E-05         1.0000000E+30            996386       
 NEXT SEEDS: 435CC8D     194       0       0       0       0    B270      7B       0       0
  299999955                    45                    45             4.3481992E-05         1.0000000E+30            996386       
 NEXT SEEDS: 435CD8D     194       0       0       0       0    B270      7B       0       0
  299999956                    44                    44             4.3481992E-05         1.0000000E+30            996386       
 NEXT SEEDS: 435CE78     194       0       0       0       0    B270      7B       0       0
  299999957                    43                    43             4.3481992E-05         1.0000000E+30            996386       
 NEXT SEEDS: 435CF3E     194       0       0       0       0    B270      7B       0       0
  299999958                    42                    42             4.3481991E-05         1.0000000E+30            996386       
 NEXT SEEDS: 435D00A     194       0       0       0       0    B270      7B       0       0
  299999959                    41                    41             4.3481991E-05         1.0000000E+30            996386       
 NEXT SEEDS: 435D0DB     194       0       0       0       0    B270      7B       0       0
  299999960                    40                    40             4.3481994E-05         1.0000000E+30            996386       
 NEXT SEEDS: 435D1AB     194       0       0       0       0    B270      7B       0       0
  299999961                    39                    39             4.3481994E-05         1.0000000E+30            996386       
 NEXT SEEDS: 435D1B4     194       0       0       0       0    B270      7B       0       0
  299999962                    38                    38             4.3481994E-05         1.0000000E+30            996386       
 NEXT SEEDS: 435D27A     194       0       0       0       0    B270      7B       0       0
  299999963                    37                    37             4.3481994E-05         1.0000000E+30            996386       
 NEXT SEEDS: 435D353     194       0       0       0       0    B270      7B       0       0
  299999964                    36                    36             4.3481994E-05         1.0000000E+30            996386       
 NEXT SEEDS: 435D42F     194       0       0       0       0    B270      7B       0       0
  299999965                    35                    35             4.3481994E-05         1.0000000E+30            996386       
 NEXT SEEDS: 435D507     194       0       0       0       0    B270      7B       0       0
  299999966                    34                    34             4.3481997E-05         1.0000000E+30            996386       
 NEXT SEEDS: 435D5F8     194       0       0       0       0    B270      7B       0       0
  299999967                    33                    33             4.3481997E-05         1.0000000E+30            996386       
 NEXT SEEDS: 435D6D4     194       0       0       0       0    B270      7B       0       0
  299999968                    32                    32             4.3481996E-05         1.0000000E+30            996386       
 NEXT SEEDS: 435D7B6     194       0       0       0       0    B270      7B       0       0
  299999969                    31                    31             4.3481996E-05         1.0000000E+30            996386       
 NEXT SEEDS: 435D87C     194       0       0       0       0    B270      7B       0       0
  299999970                    30                    30             4.3481996E-05         1.0000000E+30            996386       
 NEXT SEEDS: 435D96C     194       0       0       0       0    B270      7B       0       0
  299999971                    29                    29             4.3481996E-05         1.0000000E+30            996386       
 NEXT SEEDS: 435DA5B     194       0       0       0       0    B270      7B       0       0
  299999972                    28                    28             4.3481999E-05         1.0000000E+30            996386       
 NEXT SEEDS: 435DB2E     194       0       0       0       0    B270      7B       0       0
  299999973                    27                    27             4.3481999E-05         1.0000000E+30            996386       
 NEXT SEEDS: 435DBF6     194       0       0       0       0    B270      7B       0       0
  299999974                    26                    26             4.3481999E-05         1.0000000E+30            996386       
 NEXT SEEDS: 435DCDF     194       0       0       0       0    B270      7B       0       0
  299999975                    25                    25             4.3481999E-05         1.0000000E+30            996386       
 NEXT SEEDS: 435DDB2     194       0       0       0       0    B270      7B       0       0
  299999976                    24                    24             4.3481999E-05         1.0000000E+30            996386       
 NEXT SEEDS: 435DE74     194       0       0       0       0    B270      7B       0       0
  299999977                    23                    23             4.3481998E-05         1.0000000E+30            996386       
 NEXT SEEDS: 435DF51     194       0       0       0       0    B270      7B       0       0
  299999978                    22                    22             4.3482002E-05         1.0000000E+30            996386       
 NEXT SEEDS: 435E02D     194       0       0       0       0    B270      7B       0       0
  299999979                    21                    21             4.3482001E-05         1.0000000E+30            996386       
 NEXT SEEDS: 435E0FB     194       0       0       0       0    B270      7B       0       0
  299999980                    20                    20             4.3482001E-05         1.0000000E+30            996386       
 NEXT SEEDS: 435E1DD     194       0       0       0       0    B270      7B       0       0
  299999981                    19                    19             4.3482001E-05         1.0000000E+30            996386       
 NEXT SEEDS: 435E2B1     194       0       0       0       0    B270      7B       0       0
  299999982                    18                    18             4.3482001E-05         1.0000000E+30            996386       
 NEXT SEEDS: 435E384     194       0       0       0       0    B270      7B       0       0
  299999983                    17                    17             4.3482001E-05         1.0000000E+30            996386       
 NEXT SEEDS: 435E38D     194       0       0       0       0    B270      7B       0       0
  299999984                    16                    16             4.3482001E-05         1.0000000E+30            996386       
 NEXT SEEDS: 435E45F     194       0       0       0       0    B270      7B       0       0
  299999985                    15                    15             4.3482004E-05         1.0000000E+30            996386       
 NEXT SEEDS: 435E466     194       0       0       0       0    B270      7B       0       0
  299999986                    14                    14             4.3482004E-05         1.0000000E+30            996386       
 NEXT SEEDS: 435E52A     194       0       0       0       0    B270      7B       0       0
  299999987                    13                    13             4.3482003E-05         1.0000000E+30            996386       
 NEXT SEEDS: 435E60A     194       0       0       0       0    B270      7B       0       0
  299999988                    12                    12             4.3482003E-05         1.0000000E+30            996386       
 NEXT SEEDS: 435E611     194       0       0       0       0    B270      7B       0       0
  299999989                    11                    11             4.3482003E-05         1.0000000E+30            996386       
 NEXT SEEDS: 435E6DE     194       0       0       0       0    B270      7B       0       0
  299999990                    10                    10             4.3482003E-05         1.0000000E+30            996386       
 NEXT SEEDS: 435E7D9     194       0       0       0       0    B270      7B       0       0
  299999991                     9                     9             4.3482006E-05         1.0000000E+30            996386       
 NEXT SEEDS: 435E7E0     194       0       0       0       0    B270      7B       0       0
  299999992                     8                     8             4.3482006E-05         1.0000000E+30            996386       
 NEXT SEEDS: 435E8B5     194       0       0       0       0    B270      7B       0       0
  299999993                     7                     7             4.3482006E-05         1.0000000E+30            996386       
 NEXT SEEDS: 435E997     194       0       0       0       0    B270      7B       0       0
  299999994                     6                     6             4.3482006E-05         1.0000000E+30            996386       
 NEXT SEEDS: 435EA75     194       0       0       0       0    B270      7B       0       0
  299999995                     5                     5             4.3482006E-05         1.0000000E+30            996386       
 NEXT SEEDS: 435EB62     194       0       0       0       0    B270      7B       0       0
  299999996                     4                     4             4.3482005E-05         1.0000000E+30            996386       
 NEXT SEEDS: 435EC28     194       0       0       0       0    B270      7B       0       0
  299999997                     3                     3             4.3482009E-05         1.0000000E+30            996386       
 NEXT SEEDS: 435ED07     194       0       0       0       0    B270      7B       0       0
  299999998                     2                     2             4.3482008E-05         1.0000000E+30            996386       
 NEXT SEEDS: 435EDEE     194       0       0       0       0    B270      7B       0       0
  299999999                     1                     1             4.3482008E-05         1.0000000E+30            996386       
 NEXT SEEDS: 435EDF5     194       0       0       0       0    B270      7B       0       0
  300000000                     0                     1             4.3482008E-05         1.0000000E+30            996386       
 NEXT SEEDS: 435EEBE     194       0       0       0       0    B270      7B       0       0
