  **** corretto_41.rnc ****


  Total primaries run:     12000000000

    Total weight of the primaries run:   1.20000000E+10


  Detector n:            1   Product   
     (Region           3  Volume:    0.104084887      cmc,
      distr. type  :           3    ,
      Z_max:          46 , N-Z_max:          22 , N-Z_min:          -4 )

     Tot. response (n/cmc/pr)   3.80371585E-02   +/-   1.60066094E-02  %
     ( --> Nuclei/pr            3.95909324E-03   +/-   1.60066094E-02  % )

  **** Isotope Yield as a function of Mass Number **** ****            (nuclei / cmc / pr)             ****


  A_min:           1  -  A_max:         114

  A:          101  9.3465376E-06 +/-   9.4049030E-01 %
  A:          100  4.2715654E-03 +/-   4.3003424E-02 %
  A:           99  2.7415489E-02 +/-   2.0348314E-02 %
  A:           98  5.0614615E-04 +/-   1.3320345E-01 %
  A:           97  4.2760770E-05 +/-   4.3897236E-01 %
  A:           96  4.5290756E-05 +/-   3.4606003E-01 %
  A:           95  1.6649071E-05 +/-   7.9920825E-01 %
  A:           94  1.6713921E-05 +/-   6.2866932E-01 %
  A:           93  5.6380261E-06 +/-   1.1992671E+00 %
  A:           92  1.3797232E-05 +/-   8.3354076E-01 %
  A:           91  1.9151035E-06 +/-   2.1590197E+00 %
  A:           90  2.8822627E-08 +/-   1.7250001E+01 %
  A:           89  5.5243369E-08 +/-   1.2623829E+01 %
  A:            4  3.8639936E-05 +/-   3.9992319E-01 %
  A:            3  1.6573011E-07 +/-   7.3513188E+00 %
  A:            2  3.6957013E-06 +/-   1.1612748E+00 %
  A:            1  5.6492622E-03 +/-   3.3997409E-02 %

  **** Isotope Yield as a function of Atomic Number **** ****            (nuclei / cmc / pr)               ****


  Z_min:           1  -  Z_max:          46

  Z:           43  3.0793737E-02 +/-   1.9097392E-02 %
  Z:           42  1.5108677E-03 +/-   7.5009604E-02 %
  Z:           41  4.0761600E-05 +/-   3.8574182E-01 %
  Z:           40  2.9623256E-08 +/-   1.7478049E+01 %
  Z:            2  3.8639936E-05 +/-   3.9992319E-01 %
  Z:            1  5.6531236E-03 +/-   3.3689013E-02 %

  **** Residual nuclei distribution  **** ****    (nuclei / cmc / pr)        ****



  A \ Z   36         37         38         39         40         41         42         43         44         45         46
 101   0.00E+00   0.00E+00   0.00E+00   0.00E+00   0.00E+00   0.00E+00   9.35E-06   0.00E+00   0.00E+00   0.00E+00   0.00E+00
      +/- 0.0 %  +/- 0.0 %  +/- 0.0 %  +/- 0.0 %  +/- 0.0 %  +/- 0.0 %  +/- 0.9 %  +/- 0.0 %  +/- 0.0 %  +/- 0.0 %  +/- 0.0 %
 100   0.00E+00   0.00E+00   0.00E+00   0.00E+00   0.00E+00   4.00E-10   1.23E-03   3.04E-03   0.00E+00   0.00E+00   0.00E+00
      +/- 0.0 %  +/- 0.0 %  +/- 0.0 %  +/- 0.0 %  +/- 0.0 %  +/-99.0 %  +/- 0.1 %  +/- 0.1 %  +/- 0.0 %  +/- 0.0 %  +/- 0.0 %
  99   0.00E+00   0.00E+00   0.00E+00   0.00E+00   0.00E+00   0.00E+00   2.50E-04   1.36E-02   0.00E+00   0.00E+00   0.00E+00
      +/- 0.0 %  +/- 0.0 %  +/- 0.0 %  +/- 0.0 %  +/- 0.0 %  +/- 0.0 %  +/- 0.2 %  +/- 0.0 %  +/- 0.0 %  +/- 0.0 %  +/- 0.0 %
  98   0.00E+00   0.00E+00   0.00E+00   0.00E+00   0.00E+00   0.00E+00   3.61E-06   5.03E-04   0.00E+00   0.00E+00   0.00E+00
      +/- 0.0 %  +/- 0.0 %  +/- 0.0 %  +/- 0.0 %  +/- 0.0 %  +/- 0.0 %  +/- 1.6 %  +/- 0.1 %  +/- 0.0 %  +/- 0.0 %  +/- 0.0 %
  97   0.00E+00   0.00E+00   0.00E+00   0.00E+00   2.40E-09   5.13E-06   1.08E-06   1.57E-05   0.00E+00   0.00E+00   0.00E+00
      +/- 0.0 %  +/- 0.0 %  +/- 0.0 %  +/- 0.0 %  +/-56.2 %  +/- 0.9 %  +/- 2.7 %  +/- 0.5 %  +/- 0.0 %  +/- 0.0 %  +/- 0.0 %
  96   0.00E+00   0.00E+00   0.00E+00   0.00E+00   0.00E+00   2.87E-05   1.14E-06   7.71E-06   0.00E+00   0.00E+00   0.00E+00
      +/- 0.0 %  +/- 0.0 %  +/- 0.0 %  +/- 0.0 %  +/- 0.0 %  +/- 0.5 %  +/- 2.5 %  +/- 0.6 %  +/- 0.0 %  +/- 0.0 %  +/- 0.0 %
  95   0.00E+00   0.00E+00   0.00E+00   0.00E+00   0.00E+00   2.48E-08   1.15E-06   7.72E-06   0.00E+00   0.00E+00   0.00E+00
      +/- 0.0 %  +/- 0.0 %  +/- 0.0 %  +/- 0.0 %  +/- 0.0 %  +/-14.8 %  +/- 2.8 %  +/- 0.9 %  +/- 0.0 %  +/- 0.0 %  +/- 0.0 %
  94   0.00E+00   0.00E+00   0.00E+00   0.00E+00   0.00E+00   4.64E-08   1.87E-06   7.38E-06   0.00E+00   0.00E+00   0.00E+00
      +/- 0.0 %  +/- 0.0 %  +/- 0.0 %  +/- 0.0 %  +/- 0.0 %  +/- 9.9 %  +/- 2.4 %  +/- 0.7 %  +/- 0.0 %  +/- 0.0 %  +/- 0.0 %
  93   0.00E+00   0.00E+00   0.00E+00   0.00E+00   0.00E+00   5.84E-08   5.07E-07   2.25E-06   0.00E+00   0.00E+00   0.00E+00
      +/- 0.0 %  +/- 0.0 %  +/- 0.0 %  +/- 0.0 %  +/- 0.0 %  +/- 8.6 %  +/- 2.9 %  +/- 1.5 %  +/- 0.0 %  +/- 0.0 %  +/- 0.0 %
  92   0.00E+00   0.00E+00   0.00E+00   0.00E+00   0.00E+00   1.21E-07   9.43E-06   4.12E-06   0.00E+00   0.00E+00   0.00E+00
      +/- 0.0 %  +/- 0.0 %  +/- 0.0 %  +/- 0.0 %  +/- 0.0 %  +/- 5.5 %  +/- 1.0 %  +/- 1.3 %  +/- 0.0 %  +/- 0.0 %  +/- 0.0 %
  91   0.00E+00   0.00E+00   0.00E+00   0.00E+00   8.01E-10   6.09E-07   3.48E-07   0.00E+00   0.00E+00   0.00E+00   0.00E+00
      +/- 0.0 %  +/- 0.0 %  +/- 0.0 %  +/- 0.0 %  +/-99.0 %  +/- 2.9 %  +/- 3.3 %  +/- 0.0 %  +/- 0.0 %  +/- 0.0 %  +/- 0.0 %
  90   0.00E+00   0.00E+00   0.00E+00   0.00E+00   1.32E-08   1.20E-09   0.00E+00   0.00E+00   0.00E+00   0.00E+00   0.00E+00
      +/- 0.0 %  +/- 0.0 %  +/- 0.0 %  +/- 0.0 %  +/-18.9 %  +/-56.2 %  +/- 0.0 %  +/- 0.0 %  +/- 0.0 %  +/- 0.0 %  +/- 0.0 %
  89   0.00E+00   0.00E+00   0.00E+00   0.00E+00   0.00E+00   2.76E-08   0.00E+00   0.00E+00   0.00E+00   0.00E+00   0.00E+00
      +/- 0.0 %  +/- 0.0 %  +/- 0.0 %  +/- 0.0 %  +/- 0.0 %  +/-12.6 %  +/- 0.0 %  +/- 0.0 %  +/- 0.0 %  +/- 0.0 %  +/- 0.0 %

  A \ Z   25         26         27         28         29         30         31         32         33         34         35

  A \ Z   14         15         16         17         18         19         20         21         22         23         24

  A \ Z    3          4          5          6          7          8          9         10         11         12         13

  A \ Z    1          2
   4   0.00E+00   3.86E-05
      +/- 0.0 %  +/- 0.4 %
   3   1.66E-07   0.00E+00
      +/- 7.4 %  +/- 0.0 %
   2   3.70E-06   0.00E+00
      +/- 1.2 %  +/- 0.0 %
   1   5.65E-03   0.00E+00
      +/- 0.0 %  +/- 0.0 %


  **** Isomers (nuclei / cmc / pr)     ****
      A        Z       mth
       89      41       1    2.76E-08 +/- 12.6 %
       90      40       1    1.32E-08 +/- 18.9 %
       90      41       1    1.20E-09 +/- 56.2 %
       91      41       1    6.09E-07 +/-  2.9 %
       91      42       1    3.48E-07 +/-  3.3 %
       92      41       1    1.21E-07 +/-  5.5 %
       93      41       1    5.84E-08 +/-  8.6 %
       93      42       1    5.07E-07 +/-  2.9 %
       93      43       1    2.25E-06 +/-  1.5 %
       94      41       1    4.64E-08 +/-  9.9 %
       94      43       1    7.38E-06 +/-  0.7 %
       95      41       1    2.48E-08 +/- 14.8 %
       95      43       1    7.72E-06 +/-  0.9 %
       96      43       1    7.71E-06 +/-  0.6 %
       97      41       1    5.13E-06 +/-  0.9 %
       97      43       1    1.57E-05 +/-  0.5 %
       99      43       1    1.36E-02 +/-  0.0 %
      100      41       1    4.00E-10 +/- 99.0 %

