1NUMBER OF BEAM       NUMBER OF BEAM        APPROXIMATE NUMBER    AVERAGE TIME USED     TIME LEFT (RESERVED   NUMBER OF STARS
 PARTICLES HANDLED    PARTICLES LEFT        OF BEAM PARTICLES     BY A BEAM PARTICLE     10000.0 SECONDS      CREATED
                                            THAT CAN STILL BE                           FOR PRINTOUT)
                                            HANDLED

 NEXT SEEDS:2F70394B     1CD       0       0       0       0    B272      7B       0       0
          1             299999999             299999999             9.4890594E-05         1.0000000E+30                 0       
 NEXT SEEDS:2F703A23     1CD       0       0       0       0    B272      7B       0       0
    6000000             294000000             294000000             4.4657012E-05         1.0000000E+30             19848       
 NEXT SEEDS:38A2C5FE     1CE       0       0       0       0    B272      7B       0       0
   12000000             288000000             288000000             4.4608754E-05         1.0000000E+30             39850       
 NEXT SEEDS: 6440074     1D0       0       0       0       0    B272      7B       0       0
   18000000             282000000             282000000             4.4734961E-05         1.0000000E+30             59999       
 NEXT SEEDS: F7B6053     1D1       0       0       0       0    B272      7B       0       0
   24000000             276000000             276000000             4.4922564E-05         1.0000000E+30             79832       
 NEXT SEEDS:18AE8407     1D2       0       0       0       0    B272      7B       0       0
   30000000             270000000             270000000             4.4923793E-05         1.0000000E+30             99689       
 NEXT SEEDS:21E30384     1D3       0       0       0       0    B272      7B       0       0
   36000000             264000000             264000000             4.4955622E-05         1.0000000E+30            119635       
 NEXT SEEDS:2B17B9E6     1D4       0       0       0       0    B272      7B       0       0
   42000000             258000000             258000000             4.5041467E-05         1.0000000E+30            139553       
 NEXT SEEDS:344D04DE     1D5       0       0       0       0    B272      7B       0       0
   48000000             252000000             252000000             4.5147706E-05         1.0000000E+30            159678       
 NEXT SEEDS: 1F0B2DC     1D7       0       0       0       0    B272      7B       0       0
   54000000             246000000             246000000             4.5157155E-05         1.0000000E+30            179521       
 NEXT SEEDS: B23E807     1D8       0       0       0       0    B272      7B       0       0
   60000000             240000000             240000000             4.5187216E-05         1.0000000E+30            199813       
 NEXT SEEDS:145E7E67     1D9       0       0       0       0    B272      7B       0       0
   66000000             234000000             234000000             4.5166538E-05         1.0000000E+30            219888       
 NEXT SEEDS:1D92D590     1DA       0       0       0       0    B272      7B       0       0
   72000000             228000000             228000000             4.5157770E-05         1.0000000E+30            239777       
 NEXT SEEDS:26C03D47     1DB       0       0       0       0    B272      7B       0       0
   78000000             222000000             222000000             4.5159415E-05         1.0000000E+30            259662       
 NEXT SEEDS:2FF04DB5     1DC       0       0       0       0    B272      7B       0       0
   84000000             216000000             216000000             4.5125890E-05         1.0000000E+30            279306       
 NEXT SEEDS:39222BCD     1DD       0       0       0       0    B272      7B       0       0
   90000000             210000000             210000000             4.5130179E-05         1.0000000E+30            299224       
 NEXT SEEDS: 6B8CDC6     1DF       0       0       0       0    B272      7B       0       0
   96000000             204000000             204000000             4.5102364E-05         1.0000000E+30            319223       
 NEXT SEEDS: FF76EFB     1E0       0       0       0       0    B272      7B       0       0
  102000000             198000000             198000000             4.5118215E-05         1.0000000E+30            338985       
 NEXT SEEDS:192C1CFE     1E1       0       0       0       0    B272      7B       0       0
  108000000             192000000             192000000             4.5133005E-05         1.0000000E+30            358698       
 NEXT SEEDS:2258C1E7     1E2       0       0       0       0    B272      7B       0       0
  114000000             186000000             186000000             4.5143639E-05         1.0000000E+30            378861       
 NEXT SEEDS:2B8C66BF     1E3       0       0       0       0    B272      7B       0       0
  120000000             180000000             180000000             4.5218268E-05         1.0000000E+30            398977       
 NEXT SEEDS:34C11B79     1E4       0       0       0       0    B272      7B       0       0
  126000000             174000000             174000000             4.5213370E-05         1.0000000E+30            419232       
 NEXT SEEDS: 267DD62     1E6       0       0       0       0    B272      7B       0       0
  132000000             168000000             168000000             4.5209627E-05         1.0000000E+30            438983       
 NEXT SEEDS: B9D5C50     1E7       0       0       0       0    B272      7B       0       0
  138000000             162000000             162000000             4.5201602E-05         1.0000000E+30            459011       
 NEXT SEEDS:14D4C9C1     1E8       0       0       0       0    B272      7B       0       0
  144000000             156000000             156000000             4.5195816E-05         1.0000000E+30            478964       
 NEXT SEEDS:1E0A9414     1E9       0       0       0       0    B272      7B       0       0
  150000000             150000000             150000000             4.5197899E-05         1.0000000E+30            498947       
 NEXT SEEDS:2740FB6C     1EA       0       0       0       0    B272      7B       0       0
  156000000             144000000             144000000             4.5200247E-05         1.0000000E+30            518934       
 NEXT SEEDS:307602D0     1EB       0       0       0       0    B272      7B       0       0
  162000000             138000000             138000000             4.5199832E-05         1.0000000E+30            538813       
 NEXT SEEDS:39A7AAEA     1EC       0       0       0       0    B272      7B       0       0
  168000000             132000000             132000000             4.5178785E-05         1.0000000E+30            558911       
 NEXT SEEDS: 74883EB     1EE       0       0       0       0    B272      7B       0       0
  174000000             126000000             126000000             4.5186679E-05         1.0000000E+30            578731       
 NEXT SEEDS:107F0D5C     1EF       0       0       0       0    B272      7B       0       0
  180000000             120000000             120000000             4.5201605E-05         1.0000000E+30            598811       
 NEXT SEEDS:19B94F8D     1F0       0       0       0       0    B272      7B       0       0
  186000000             114000000             114000000             4.5193555E-05         1.0000000E+30            618936       
 NEXT SEEDS:22F6F47A     1F1       0       0       0       0    B272      7B       0       0
  192000000             108000000             108000000             4.5162187E-05         1.0000000E+30            638937       
 NEXT SEEDS:2C2F1E0B     1F2       0       0       0       0    B272      7B       0       0
  198000000             102000000             102000000             4.5111759E-05         1.0000000E+30            658923       
 NEXT SEEDS:356412DD     1F3       0       0       0       0    B272      7B       0       0
  204000000              96000000              96000000             4.5077236E-05         1.0000000E+30            678970       
 NEXT SEEDS: 30248D0     1F5       0       0       0       0    B272      7B       0       0
  210000000              90000000              90000000             4.5084874E-05         1.0000000E+30            698989       
 NEXT SEEDS: C39917A     1F6       0       0       0       0    B272      7B       0       0
  216000000              84000000              84000000             4.5100289E-05         1.0000000E+30            718828       
 NEXT SEEDS:15709866     1F7       0       0       0       0    B272      7B       0       0
  222000000              78000000              78000000             4.5100552E-05         1.0000000E+30            738912       
 NEXT SEEDS:1EAABAC0     1F8       0       0       0       0    B272      7B       0       0
  228000000              72000000              72000000             4.5136951E-05         1.0000000E+30            758877       
 NEXT SEEDS:27E4DF91     1F9       0       0       0       0    B272      7B       0       0
  234000000              66000000              66000000             4.5179430E-05         1.0000000E+30            779082       
 NEXT SEEDS:311A0B3F     1FA       0       0       0       0    B272      7B       0       0
  240000000              60000000              60000000             4.5246815E-05         1.0000000E+30            799192       
 NEXT SEEDS:3A54C0DF     1FB       0       0       0       0    B272      7B       0       0
  246000000              54000000              54000000             4.5257877E-05         1.0000000E+30            819079       
 NEXT SEEDS: 7EEC0B9     1FD       0       0       0       0    B272      7B       0       0
  252000000              48000000              48000000             4.5261177E-05         1.0000000E+30            839036       
 NEXT SEEDS:111E0C44     1FE       0       0       0       0    B272      7B       0       0
  *** Rcfset:kprin,bfcmax,epat00,ppat00,ravpot           1  -7.6035447572117443E-002  0.94278928475879908        9.2177588074714767E-002   12.440777676959296     
  258000000              42000000              42000000             4.5285615E-05         1.0000000E+30            859032       
 NEXT SEEDS:1A511AC3     1FF       0       0       0       0    B272      7B       0       0
  264000000              36000000              36000000             4.5308521E-05         1.0000000E+30            878913       
 NEXT SEEDS:23818F4E     200       0       0       0       0    B272      7B       0       0
  270000000              30000000              30000000             4.5320296E-05         1.0000000E+30            898841       
 NEXT SEEDS:2CB486EF     201       0       0       0       0    B272      7B       0       0
  276000000              24000000              24000000             4.5325582E-05         1.0000000E+30            918993       
 NEXT SEEDS:35EDA876     202       0       0       0       0    B272      7B       0       0
  282000000              18000000              18000000             4.5333937E-05         1.0000000E+30            938909       
 NEXT SEEDS: 3861860     204       0       0       0       0    B272      7B       0       0
  288000000              12000000              12000000             4.5334694E-05         1.0000000E+30            959057       
 NEXT SEEDS: CBF8415     205       0       0       0       0    B272      7B       0       0
  294000000               6000000               6000000             4.5331896E-05         1.0000000E+30            978934       
 NEXT SEEDS:15EF4A85     206       0       0       0       0    B272      7B       0       0
  299999950                    50                    50             4.5328996E-05         1.0000000E+30            998950       
 NEXT SEEDS:1F27071C     207       0       0       0       0    B272      7B       0       0
  299999951                    49                    49             4.5328996E-05         1.0000000E+30            998950       
 NEXT SEEDS:1F2707EC     207       0       0       0       0    B272      7B       0       0
  299999952                    48                    48             4.5328999E-05         1.0000000E+30            998950       
 NEXT SEEDS:1F2708A8     207       0       0       0       0    B272      7B       0       0
  299999953                    47                    47             4.5328999E-05         1.0000000E+30            998950       
 NEXT SEEDS:1F270980     207       0       0       0       0    B272      7B       0       0
  299999954                    46                    46             4.5328999E-05         1.0000000E+30            998950       
 NEXT SEEDS:1F270A71     207       0       0       0       0    B272      7B       0       0
  299999955                    45                    45             4.5328999E-05         1.0000000E+30            998950       
 NEXT SEEDS:1F270B3C     207       0       0       0       0    B272      7B       0       0
  299999956                    44                    44             4.5328999E-05         1.0000000E+30            998950       
 NEXT SEEDS:1F270C0A     207       0       0       0       0    B272      7B       0       0
  299999957                    43                    43             4.5328998E-05         1.0000000E+30            998950       
 NEXT SEEDS:1F270CDC     207       0       0       0       0    B272      7B       0       0
  299999958                    42                    42             4.5328998E-05         1.0000000E+30            998950       
 NEXT SEEDS:1F270DA7     207       0       0       0       0    B272      7B       0       0
  299999959                    41                    41             4.5328998E-05         1.0000000E+30            998950       
 NEXT SEEDS:1F270E7F     207       0       0       0       0    B272      7B       0       0
  299999960                    40                    40             4.5328998E-05         1.0000000E+30            998950       
 NEXT SEEDS:1F270F5D     207       0       0       0       0    B272      7B       0       0
  299999961                    39                    39             4.5328998E-05         1.0000000E+30            998950       
 NEXT SEEDS:1F270F66     207       0       0       0       0    B272      7B       0       0
  299999962                    38                    38             4.5328998E-05         1.0000000E+30            998950       
 NEXT SEEDS:1F27102C     207       0       0       0       0    B272      7B       0       0
  299999963                    37                    37             4.5328997E-05         1.0000000E+30            998950       
 NEXT SEEDS:1F27112B     207       0       0       0       0    B272      7B       0       0
  299999964                    36                    36             4.5328997E-05         1.0000000E+30            998950       
 NEXT SEEDS:1F2711FF     207       0       0       0       0    B272      7B       0       0
  299999965                    35                    35             4.5328997E-05         1.0000000E+30            998950       
 NEXT SEEDS:1F2712C6     207       0       0       0       0    B272      7B       0       0
  299999966                    34                    34             4.5328997E-05         1.0000000E+30            998950       
 NEXT SEEDS:1F2712CF     207       0       0       0       0    B272      7B       0       0
  299999967                    33                    33             4.5328997E-05         1.0000000E+30            998950       
 NEXT SEEDS:1F2713A5     207       0       0       0       0    B272      7B       0       0
  299999968                    32                    32             4.5328997E-05         1.0000000E+30            998950       
 NEXT SEEDS:1F27148C     207       0       0       0       0    B272      7B       0       0
  299999969                    31                    31             4.5328997E-05         1.0000000E+30            998950       
 NEXT SEEDS:1F271567     207       0       0       0       0    B272      7B       0       0
  299999970                    30                    30             4.5328996E-05         1.0000000E+30            998950       
 NEXT SEEDS:1F27164A     207       0       0       0       0    B272      7B       0       0
  299999971                    29                    29             4.5328996E-05         1.0000000E+30            998950       
 NEXT SEEDS:1F271712     207       0       0       0       0    B272      7B       0       0
  299999972                    28                    28             4.5328996E-05         1.0000000E+30            998950       
 NEXT SEEDS:1F271805     207       0       0       0       0    B272      7B       0       0
  299999973                    27                    27             4.5328996E-05         1.0000000E+30            998950       
 NEXT SEEDS:1F27180C     207       0       0       0       0    B272      7B       0       0
  299999974                    26                    26             4.5328996E-05         1.0000000E+30            998950       
 NEXT SEEDS:1F2718E1     207       0       0       0       0    B272      7B       0       0
  299999975                    25                    25             4.5328996E-05         1.0000000E+30            998950       
 NEXT SEEDS:1F2719B5     207       0       0       0       0    B272      7B       0       0
  299999976                    24                    24             4.5328996E-05         1.0000000E+30            998950       
 NEXT SEEDS:1F271A73     207       0       0       0       0    B272      7B       0       0
  299999977                    23                    23             4.5328995E-05         1.0000000E+30            998950       
 NEXT SEEDS:1F271B45     207       0       0       0       0    B272      7B       0       0
  299999978                    22                    22             4.5328995E-05         1.0000000E+30            998950       
 NEXT SEEDS:1F271C03     207       0       0       0       0    B272      7B       0       0
  299999979                    21                    21             4.5328995E-05         1.0000000E+30            998951       
 NEXT SEEDS:1F2721D3     207       0       0       0       0    B272      7B       0       0
  299999980                    20                    20             4.5328995E-05         1.0000000E+30            998951       
 NEXT SEEDS:1F27229A     207       0       0       0       0    B272      7B       0       0
  299999981                    19                    19             4.5328995E-05         1.0000000E+30            998951       
 NEXT SEEDS:1F272379     207       0       0       0       0    B272      7B       0       0
  299999982                    18                    18             4.5328998E-05         1.0000000E+30            998951       
 NEXT SEEDS:1F272384     207       0       0       0       0    B272      7B       0       0
  299999983                    17                    17             4.5328998E-05         1.0000000E+30            998951       
 NEXT SEEDS:1F27241F     207       0       0       0       0    B272      7B       0       0
  299999984                    16                    16             4.5328998E-05         1.0000000E+30            998951       
 NEXT SEEDS:1F272503     207       0       0       0       0    B272      7B       0       0
  299999985                    15                    15             4.5328997E-05         1.0000000E+30            998951       
 NEXT SEEDS:1F2725D7     207       0       0       0       0    B272      7B       0       0
  299999986                    14                    14             4.5328997E-05         1.0000000E+30            998951       
 NEXT SEEDS:1F27269D     207       0       0       0       0    B272      7B       0       0
  299999987                    13                    13             4.5328997E-05         1.0000000E+30            998951       
 NEXT SEEDS:1F27278F     207       0       0       0       0    B272      7B       0       0
  299999988                    12                    12             4.5328997E-05         1.0000000E+30            998951       
 NEXT SEEDS:1F272865     207       0       0       0       0    B272      7B       0       0
  299999989                    11                    11             4.5329000E-05         1.0000000E+30            998951       
 NEXT SEEDS:1F27286E     207       0       0       0       0    B272      7B       0       0
  299999990                    10                    10             4.5329000E-05         1.0000000E+30            998951       
 NEXT SEEDS:1F272950     207       0       0       0       0    B272      7B       0       0
  299999991                     9                     9             4.5329000E-05         1.0000000E+30            998951       
 NEXT SEEDS:1F272A2F     207       0       0       0       0    B272      7B       0       0
  299999992                     8                     8             4.5329000E-05         1.0000000E+30            998951       
 NEXT SEEDS:1F272AFC     207       0       0       0       0    B272      7B       0       0
  299999993                     7                     7             4.5328999E-05         1.0000000E+30            998951       
 NEXT SEEDS:1F272BCF     207       0       0       0       0    B272      7B       0       0
  299999994                     6                     6             4.5328999E-05         1.0000000E+30            998951       
 NEXT SEEDS:1F272CB9     207       0       0       0       0    B272      7B       0       0
  299999995                     5                     5             4.5329002E-05         1.0000000E+30            998951       
 NEXT SEEDS:1F272D8F     207       0       0       0       0    B272      7B       0       0
  299999996                     4                     4             4.5329002E-05         1.0000000E+30            998951       
 NEXT SEEDS:1F272E6F     207       0       0       0       0    B272      7B       0       0
  299999997                     3                     3             4.5329002E-05         1.0000000E+30            998951       
 NEXT SEEDS:1F272F53     207       0       0       0       0    B272      7B       0       0
  299999998                     2                     2             4.5329002E-05         1.0000000E+30            998951       
 NEXT SEEDS:1F272F5A     207       0       0       0       0    B272      7B       0       0
  299999999                     1                     1             4.5329002E-05         1.0000000E+30            998951       
 NEXT SEEDS:1F273029     207       0       0       0       0    B272      7B       0       0
  300000000                     0                     1             4.5329002E-05         1.0000000E+30            998951       
 NEXT SEEDS:1F273124     207       0       0       0       0    B272      7B       0       0
