1NUMBER OF BEAM       NUMBER OF BEAM        APPROXIMATE NUMBER    AVERAGE TIME USED     TIME LEFT (RESERVED   NUMBER OF STARS
 PARTICLES HANDLED    PARTICLES LEFT        OF BEAM PARTICLES     BY A BEAM PARTICLE     10000.0 SECONDS      CREATED
                                            THAT CAN STILL BE                           FOR PRINTOUT)
                                            HANDLED

 NEXT SEEDS:3506AD9A      E6       0       0       0       0    B26F      7B       0       0
          1             299999999             299999999             1.3303757E-04         1.0000000E+30                 0       
 NEXT SEEDS:3506AE66      E6       0       0       0       0    B26F      7B       0       0
    6000000             294000000             294000000             4.6741757E-05         1.0000000E+30             20108       
 NEXT SEEDS: 29DEF76      E8       0       0       0       0    B26F      7B       0       0
   12000000             288000000             288000000             4.6833896E-05         1.0000000E+30             39981       
 NEXT SEEDS: BCA17C3      E9       0       0       0       0    B26F      7B       0       0
   18000000             282000000             282000000             4.6722357E-05         1.0000000E+30             59937       
 NEXT SEEDS:1501FA0B      EA       0       0       0       0    B26F      7B       0       0
   24000000             276000000             276000000             4.6284398E-05         1.0000000E+30             80045       
 NEXT SEEDS:1E3D02C5      EB       0       0       0       0    B26F      7B       0       0
   30000000             270000000             270000000             4.5805163E-05         1.0000000E+30            100033       
 NEXT SEEDS:2777D89E      EC       0       0       0       0    B26F      7B       0       0
   36000000             264000000             264000000             4.5512271E-05         1.0000000E+30            119992       
 NEXT SEEDS:30AF0841      ED       0       0       0       0    B26F      7B       0       0
   42000000             258000000             258000000             4.5300054E-05         1.0000000E+30            139735       
 NEXT SEEDS:39E55107      EE       0       0       0       0    B26F      7B       0       0
   48000000             252000000             252000000             4.5111491E-05         1.0000000E+30            159555       
 NEXT SEEDS: 7767C7B      F0       0       0       0       0    B26F      7B       0       0
   54000000             246000000             246000000             4.4948717E-05         1.0000000E+30            179587       
 NEXT SEEDS:10B18676      F1       0       0       0       0    B26F      7B       0       0
   60000000             240000000             240000000             4.4786849E-05         1.0000000E+30            199484       
 NEXT SEEDS:19E6D40E      F2       0       0       0       0    B26F      7B       0       0
   66000000             234000000             234000000             4.4712920E-05         1.0000000E+30            219575       
 NEXT SEEDS:23228E8B      F3       0       0       0       0    B26F      7B       0       0
   72000000             228000000             228000000             4.4589267E-05         1.0000000E+30            239474       
 NEXT SEEDS:2C58E95A      F4       0       0       0       0    B26F      7B       0       0
   78000000             222000000             222000000             4.4511484E-05         1.0000000E+30            259332       
 NEXT SEEDS:359136F5      F5       0       0       0       0    B26F      7B       0       0
   84000000             216000000             216000000             4.4470066E-05         1.0000000E+30            279240       
 NEXT SEEDS: 32ADD35      F7       0       0       0       0    B26F      7B       0       0
   90000000             210000000             210000000             4.4424786E-05         1.0000000E+30            299082       
 NEXT SEEDS: C5884B0      F8       0       0       0       0    B26F      7B       0       0
   96000000             204000000             204000000             4.4419863E-05         1.0000000E+30            318940       
 NEXT SEEDS:1584FADC      F9       0       0       0       0    B26F      7B       0       0
  102000000             198000000             198000000             4.4394605E-05         1.0000000E+30            339133       
 NEXT SEEDS:1EBC60B6      FA       0       0       0       0    B26F      7B       0       0
  108000000             192000000             192000000             4.4373677E-05         1.0000000E+30            359185       
 NEXT SEEDS:27F27E5E      FB       0       0       0       0    B26F      7B       0       0
  114000000             186000000             186000000             4.4349885E-05         1.0000000E+30            379070       
 NEXT SEEDS:3125B904      FC       0       0       0       0    B26F      7B       0       0
  120000000             180000000             180000000             4.4336822E-05         1.0000000E+30            399127       
 NEXT SEEDS:3A582FB0      FD       0       0       0       0    B26F      7B       0       0
  126000000             174000000             174000000             4.4328022E-05         1.0000000E+30            419152       
 NEXT SEEDS: 7F9C762      FF       0       0       0       0    B26F      7B       0       0
  132000000             168000000             168000000             4.4314962E-05         1.0000000E+30            439309       
 NEXT SEEDS:1139F653     100       0       0       0       0    B26F      7B       0       0
  138000000             162000000             162000000             4.4288930E-05         1.0000000E+30            459240       
 NEXT SEEDS:1A6CBEC2     101       0       0       0       0    B26F      7B       0       0
  144000000             156000000             156000000             4.4268546E-05         1.0000000E+30            479188       
 NEXT SEEDS:23A68EC0     102       0       0       0       0    B26F      7B       0       0
  150000000             150000000             150000000             4.4412990E-05         1.0000000E+30            499284       
 NEXT SEEDS:2CDEB542     103       0       0       0       0    B26F      7B       0       0
  156000000             144000000             144000000             4.4480154E-05         1.0000000E+30            519433       
 NEXT SEEDS:36184226     104       0       0       0       0    B26F      7B       0       0
  162000000             138000000             138000000             4.4476178E-05         1.0000000E+30            539470       
 NEXT SEEDS: 3B45B23     106       0       0       0       0    B26F      7B       0       0
  168000000             132000000             132000000             4.4456352E-05         1.0000000E+30            559472       
 NEXT SEEDS: CECDCBB     107       0       0       0       0    B26F      7B       0       0
  174000000             126000000             126000000             4.4440002E-05         1.0000000E+30            579388       
 NEXT SEEDS:161E6EBA     108       0       0       0       0    B26F      7B       0       0
  180000000             120000000             120000000             4.4406281E-05         1.0000000E+30            599228       
 NEXT SEEDS:1F500A71     109       0       0       0       0    B26F      7B       0       0
  186000000             114000000             114000000             4.4407110E-05         1.0000000E+30            619074       
 NEXT SEEDS:2885C069     10A       0       0       0       0    B26F      7B       0       0
  192000000             108000000             108000000             4.4381875E-05         1.0000000E+30            638800       
 NEXT SEEDS:31B86D0B     10B       0       0       0       0    B26F      7B       0       0
  198000000             102000000             102000000             4.4350797E-05         1.0000000E+30            658475       
 NEXT SEEDS:3AE59577     10C       0       0       0       0    B26F      7B       0       0
  204000000              96000000              96000000             4.4359120E-05         1.0000000E+30            678438       
 NEXT SEEDS: 87E14F6     10E       0       0       0       0    B26F      7B       0       0
  210000000              90000000              90000000             4.4366470E-05         1.0000000E+30            698211       
 NEXT SEEDS:11AD17D0     10F       0       0       0       0    B26F      7B       0       0
  216000000              84000000              84000000             4.4372241E-05         1.0000000E+30            718127       
 NEXT SEEDS:1AE09F14     110       0       0       0       0    B26F      7B       0       0
  222000000              78000000              78000000             4.4367481E-05         1.0000000E+30            738299       
 NEXT SEEDS:241AA9A3     111       0       0       0       0    B26F      7B       0       0
  228000000              72000000              72000000             4.4359922E-05         1.0000000E+30            758418       
 NEXT SEEDS:2D4F9665     112       0       0       0       0    B26F      7B       0       0
  234000000              66000000              66000000             4.4346904E-05         1.0000000E+30            778503       
 NEXT SEEDS:3683A922     113       0       0       0       0    B26F      7B       0       0
  240000000              60000000              60000000             4.4348351E-05         1.0000000E+30            798255       
 NEXT SEEDS: 41ACF72     115       0       0       0       0    B26F      7B       0       0
  246000000              54000000              54000000             4.4339378E-05         1.0000000E+30            818127       
 NEXT SEEDS: D5270B7     116       0       0       0       0    B26F      7B       0       0
  252000000              48000000              48000000             4.4313716E-05         1.0000000E+30            838030       
 NEXT SEEDS:1683B97D     117       0       0       0       0    B26F      7B       0       0
  258000000              42000000              42000000             4.4303513E-05         1.0000000E+30            857886       
 NEXT SEEDS:1FB760F0     118       0       0       0       0    B26F      7B       0       0
  264000000              36000000              36000000             4.4310746E-05         1.0000000E+30            877747       
 NEXT SEEDS:28ECAFC4     119       0       0       0       0    B26F      7B       0       0
  270000000              30000000              30000000             4.4302068E-05         1.0000000E+30            897448       
 NEXT SEEDS:321AB7B4     11A       0       0       0       0    B26F      7B       0       0
  276000000              24000000              24000000             4.4307641E-05         1.0000000E+30            917250       
 NEXT SEEDS:3B4F4870     11B       0       0       0       0    B26F      7B       0       0
  282000000              18000000              18000000             4.4295994E-05         1.0000000E+30            936831       
 NEXT SEEDS: 8DE78FC     11D       0       0       0       0    B26F      7B       0       0
  288000000              12000000              12000000             4.4303120E-05         1.0000000E+30            956815       
 NEXT SEEDS:12160D7A     11E       0       0       0       0    B26F      7B       0       0
  294000000               6000000               6000000             4.4298502E-05         1.0000000E+30            976999       
 NEXT SEEDS:1B550B06     11F       0       0       0       0    B26F      7B       0       0
  299999950                    50                    50             4.4286292E-05         1.0000000E+30            997066       
 NEXT SEEDS:248AA8FA     120       0       0       0       0    B26F      7B       0       0
  299999951                    49                    49             4.4286292E-05         1.0000000E+30            997066       
 NEXT SEEDS:248AA9DF     120       0       0       0       0    B26F      7B       0       0
  299999952                    48                    48             4.4286292E-05         1.0000000E+30            997066       
 NEXT SEEDS:248AAA9C     120       0       0       0       0    B26F      7B       0       0
  299999953                    47                    47             4.4286295E-05         1.0000000E+30            997066       
 NEXT SEEDS:248AAB6A     120       0       0       0       0    B26F      7B       0       0
  299999954                    46                    46             4.4286295E-05         1.0000000E+30            997066       
 NEXT SEEDS:248AAC4A     120       0       0       0       0    B26F      7B       0       0
  299999955                    45                    45             4.4286295E-05         1.0000000E+30            997066       
 NEXT SEEDS:248AAD27     120       0       0       0       0    B26F      7B       0       0
  299999956                    44                    44             4.4286295E-05         1.0000000E+30            997066       
 NEXT SEEDS:248AAD30     120       0       0       0       0    B26F      7B       0       0
  299999957                    43                    43             4.4286295E-05         1.0000000E+30            997066       
 NEXT SEEDS:248AAE13     120       0       0       0       0    B26F      7B       0       0
  299999958                    42                    42             4.4286294E-05         1.0000000E+30            997066       
 NEXT SEEDS:248AAEF8     120       0       0       0       0    B26F      7B       0       0
  299999959                    41                    41             4.4286297E-05         1.0000000E+30            997066       
 NEXT SEEDS:248AAFD1     120       0       0       0       0    B26F      7B       0       0
  299999960                    40                    40             4.4286297E-05         1.0000000E+30            997066       
 NEXT SEEDS:248AB0A3     120       0       0       0       0    B26F      7B       0       0
  299999961                    39                    39             4.4286297E-05         1.0000000E+30            997066       
 NEXT SEEDS:248AB17B     120       0       0       0       0    B26F      7B       0       0
  299999962                    38                    38             4.4286297E-05         1.0000000E+30            997066       
 NEXT SEEDS:248AB24A     120       0       0       0       0    B26F      7B       0       0
  299999963                    37                    37             4.4286297E-05         1.0000000E+30            997066       
 NEXT SEEDS:248AB314     120       0       0       0       0    B26F      7B       0       0
  299999964                    36                    36             4.4286297E-05         1.0000000E+30            997066       
 NEXT SEEDS:248AB3F4     120       0       0       0       0    B26F      7B       0       0
  299999965                    35                    35             4.4286300E-05         1.0000000E+30            997066       
 NEXT SEEDS:248AB4BB     120       0       0       0       0    B26F      7B       0       0
  299999966                    34                    34             4.4286300E-05         1.0000000E+30            997066       
 NEXT SEEDS:248AB5A4     120       0       0       0       0    B26F      7B       0       0
  299999967                    33                    33             4.4286300E-05         1.0000000E+30            997066       
 NEXT SEEDS:248AB661     120       0       0       0       0    B26F      7B       0       0
  299999968                    32                    32             4.4286299E-05         1.0000000E+30            997066       
 NEXT SEEDS:248AB736     120       0       0       0       0    B26F      7B       0       0
  299999969                    31                    31             4.4286299E-05         1.0000000E+30            997066       
 NEXT SEEDS:248AB819     120       0       0       0       0    B26F      7B       0       0
  299999970                    30                    30             4.4286299E-05         1.0000000E+30            997066       
 NEXT SEEDS:248AB8EB     120       0       0       0       0    B26F      7B       0       0
  299999971                    29                    29             4.4286299E-05         1.0000000E+30            997066       
 NEXT SEEDS:248AB9B9     120       0       0       0       0    B26F      7B       0       0
  299999972                    28                    28             4.4286299E-05         1.0000000E+30            997066       
 NEXT SEEDS:248ABA8D     120       0       0       0       0    B26F      7B       0       0
  299999973                    27                    27             4.4286299E-05         1.0000000E+30            997066       
 NEXT SEEDS:248ABB6C     120       0       0       0       0    B26F      7B       0       0
  299999974                    26                    26             4.4286299E-05         1.0000000E+30            997066       
 NEXT SEEDS:248ABC0E     120       0       0       0       0    B26F      7B       0       0
  299999975                    25                    25             4.4286298E-05         1.0000000E+30            997066       
 NEXT SEEDS:248ABCCE     120       0       0       0       0    B26F      7B       0       0
  299999976                    24                    24             4.4286298E-05         1.0000000E+30            997066       
 NEXT SEEDS:248ABD96     120       0       0       0       0    B26F      7B       0       0
  299999977                    23                    23             4.4286298E-05         1.0000000E+30            997066       
 NEXT SEEDS:248ABE70     120       0       0       0       0    B26F      7B       0       0
  299999978                    22                    22             4.4286298E-05         1.0000000E+30            997066       
 NEXT SEEDS:248ABF3B     120       0       0       0       0    B26F      7B       0       0
  299999979                    21                    21             4.4286298E-05         1.0000000E+30            997066       
 NEXT SEEDS:248AC004     120       0       0       0       0    B26F      7B       0       0
  299999980                    20                    20             4.4286298E-05         1.0000000E+30            997066       
 NEXT SEEDS:248AC0C7     120       0       0       0       0    B26F      7B       0       0
  299999981                    19                    19             4.4286298E-05         1.0000000E+30            997066       
 NEXT SEEDS:248AC1A2     120       0       0       0       0    B26F      7B       0       0
  299999982                    18                    18             4.4286297E-05         1.0000000E+30            997066       
 NEXT SEEDS:248AC27C     120       0       0       0       0    B26F      7B       0       0
  299999983                    17                    17             4.4286297E-05         1.0000000E+30            997066       
 NEXT SEEDS:248AC35E     120       0       0       0       0    B26F      7B       0       0
  299999984                    16                    16             4.4286297E-05         1.0000000E+30            997066       
 NEXT SEEDS:248AC428     120       0       0       0       0    B26F      7B       0       0
  299999985                    15                    15             4.4286297E-05         1.0000000E+30            997066       
 NEXT SEEDS:248AC505     120       0       0       0       0    B26F      7B       0       0
  299999986                    14                    14             4.4286297E-05         1.0000000E+30            997066       
 NEXT SEEDS:248AC5F5     120       0       0       0       0    B26F      7B       0       0
  299999987                    13                    13             4.4286297E-05         1.0000000E+30            997066       
 NEXT SEEDS:248AC6D9     120       0       0       0       0    B26F      7B       0       0
  299999988                    12                    12             4.4286296E-05         1.0000000E+30            997066       
 NEXT SEEDS:248AC6E0     120       0       0       0       0    B26F      7B       0       0
  299999989                    11                    11             4.4286296E-05         1.0000000E+30            997066       
 NEXT SEEDS:248AC7E6     120       0       0       0       0    B26F      7B       0       0
  299999990                    10                    10             4.4286296E-05         1.0000000E+30            997066       
 NEXT SEEDS:248AC7ED     120       0       0       0       0    B26F      7B       0       0
  299999991                     9                     9             4.4286296E-05         1.0000000E+30            997066       
 NEXT SEEDS:248AC7F6     120       0       0       0       0    B26F      7B       0       0
  299999992                     8                     8             4.4286296E-05         1.0000000E+30            997066       
 NEXT SEEDS:248AC8D5     120       0       0       0       0    B26F      7B       0       0
  299999993                     7                     7             4.4286299E-05         1.0000000E+30            997066       
 NEXT SEEDS:248AC9B5     120       0       0       0       0    B26F      7B       0       0
  299999994                     6                     6             4.4286299E-05         1.0000000E+30            997066       
 NEXT SEEDS:248AC9BE     120       0       0       0       0    B26F      7B       0       0
  299999995                     5                     5             4.4286299E-05         1.0000000E+30            997066       
 NEXT SEEDS:248ACA90     120       0       0       0       0    B26F      7B       0       0
  299999996                     4                     4             4.4286299E-05         1.0000000E+30            997066       
 NEXT SEEDS:248ACB8A     120       0       0       0       0    B26F      7B       0       0
  299999997                     3                     3             4.4286298E-05         1.0000000E+30            997066       
 NEXT SEEDS:248ACB91     120       0       0       0       0    B26F      7B       0       0
  299999998                     2                     2             4.4286298E-05         1.0000000E+30            997066       
 NEXT SEEDS:248ACB98     120       0       0       0       0    B26F      7B       0       0
  299999999                     1                     1             4.4286301E-05         1.0000000E+30            997066       
 NEXT SEEDS:248ACC68     120       0       0       0       0    B26F      7B       0       0
  300000000                     0                     1             4.4286301E-05         1.0000000E+30            997066       
 NEXT SEEDS:248ACD34     120       0       0       0       0    B26F      7B       0       0
