1NUMBER OF BEAM       NUMBER OF BEAM        APPROXIMATE NUMBER    AVERAGE TIME USED     TIME LEFT (RESERVED   NUMBER OF STARS
 PARTICLES HANDLED    PARTICLES LEFT        OF BEAM PARTICLES     BY A BEAM PARTICLE     10000.0 SECONDS      CREATED
                                            THAT CAN STILL BE                           FOR PRINTOUT)
                                            HANDLED

 NEXT SEEDS: A6D4D2A      AD       0       0       0       0    B270      7B       0       0
          1             299999999             299999999             9.4890594E-05         1.0000000E+30                 0       
 NEXT SEEDS: A6D4DFE      AD       0       0       0       0    B270      7B       0       0
    6000000             294000000             294000000             4.3932358E-05         1.0000000E+30             19839       
 NEXT SEEDS:13A46953      AE       0       0       0       0    B270      7B       0       0
   12000000             288000000             288000000             4.4255656E-05         1.0000000E+30             39770       
 NEXT SEEDS:1CDD5A1A      AF       0       0       0       0    B270      7B       0       0
   18000000             282000000             282000000             4.4129683E-05         1.0000000E+30             59608       
 NEXT SEEDS:261175EB      B0       0       0       0       0    B270      7B       0       0
   24000000             276000000             276000000             4.4207812E-05         1.0000000E+30             79565       
 NEXT SEEDS:2F432413      B1       0       0       0       0    B270      7B       0       0
   30000000             270000000             270000000             4.4317153E-05         1.0000000E+30             99595       
 NEXT SEEDS:3879E4CE      B2       0       0       0       0    B270      7B       0       0
   36000000             264000000             264000000             4.4316242E-05         1.0000000E+30            119866       
 NEXT SEEDS: 6147DD9      B4       0       0       0       0    B270      7B       0       0
   42000000             258000000             258000000             4.4398308E-05         1.0000000E+30            139920       
 NEXT SEEDS: F496F96      B5       0       0       0       0    B270      7B       0       0
   48000000             252000000             252000000             4.4464408E-05         1.0000000E+30            159742       
 NEXT SEEDS:18790653      B6       0       0       0       0    B270      7B       0       0
   54000000             246000000             246000000             4.4489847E-05         1.0000000E+30            179680       
 NEXT SEEDS:21AA9EEA      B7       0       0       0       0    B270      7B       0       0
   60000000             240000000             240000000             4.4478346E-05         1.0000000E+30            199715       
 NEXT SEEDS:2AE21AE3      B8       0       0       0       0    B270      7B       0       0
   66000000             234000000             234000000             4.4435822E-05         1.0000000E+30            219887       
 NEXT SEEDS:3418581D      B9       0       0       0       0    B270      7B       0       0
   72000000             228000000             228000000             4.4418529E-05         1.0000000E+30            239915       
 NEXT SEEDS: 1AF0D7F      BB       0       0       0       0    B270      7B       0       0
   78000000             222000000             222000000             4.4467120E-05         1.0000000E+30            259817       
 NEXT SEEDS: AE035A4      BC       0       0       0       0    B270      7B       0       0
   84000000             216000000             216000000             4.4477825E-05         1.0000000E+30            279661       
 NEXT SEEDS:141659CD      BD       0       0       0       0    B270      7B       0       0
   90000000             210000000             210000000             4.4478430E-05         1.0000000E+30            299854       
 NEXT SEEDS:1D503673      BE       0       0       0       0    B270      7B       0       0
   96000000             204000000             204000000             4.4418341E-05         1.0000000E+30            319602       
 NEXT SEEDS:2684863E      BF       0       0       0       0    B270      7B       0       0
  102000000             198000000             198000000             4.4350979E-05         1.0000000E+30            339589       
 NEXT SEEDS:2FB6CFF9      C0       0       0       0       0    B270      7B       0       0
  108000000             192000000             192000000             4.4271616E-05         1.0000000E+30            359494       
 NEXT SEEDS:38E6FE62      C1       0       0       0       0    B270      7B       0       0
  114000000             186000000             186000000             4.4214523E-05         1.0000000E+30            379418       
 NEXT SEEDS: 682BEBB      C3       0       0       0       0    B270      7B       0       0
  120000000             180000000             180000000             4.4160128E-05         1.0000000E+30            399449       
 NEXT SEEDS: FC0948D      C4       0       0       0       0    B270      7B       0       0
  126000000             174000000             174000000             4.4114917E-05         1.0000000E+30            419432       
 NEXT SEEDS:18F5D459      C5       0       0       0       0    B270      7B       0       0
  132000000             168000000             168000000             4.4060359E-05         1.0000000E+30            439575       
 NEXT SEEDS:222E695F      C6       0       0       0       0    B270      7B       0       0
  138000000             162000000             162000000             4.4028830E-05         1.0000000E+30            459438       
 NEXT SEEDS:2B67D7F6      C7       0       0       0       0    B270      7B       0       0
  144000000             156000000             156000000             4.4004449E-05         1.0000000E+30            479457       
 NEXT SEEDS:34A173A7      C8       0       0       0       0    B270      7B       0       0
  150000000             150000000             150000000             4.3986302E-05         1.0000000E+30            499453       
 NEXT SEEDS: 23A1C30      CA       0       0       0       0    B270      7B       0       0
  156000000             144000000             144000000             4.3963655E-05         1.0000000E+30            519371       
 NEXT SEEDS: B6AA3FA      CB       0       0       0       0    B270      7B       0       0
  162000000             138000000             138000000             4.3923928E-05         1.0000000E+30            539446       
 NEXT SEEDS:14A391AB      CC       0       0       0       0    B270      7B       0       0
  168000000             132000000             132000000             4.3878779E-05         1.0000000E+30            559441       
 NEXT SEEDS:1DDA83FC      CD       0       0       0       0    B270      7B       0       0
  174000000             126000000             126000000             4.3829079E-05         1.0000000E+30            579283       
 NEXT SEEDS:27109DF3      CE       0       0       0       0    B270      7B       0       0
  180000000             120000000             120000000             4.3788854E-05         1.0000000E+30            599254       
 NEXT SEEDS:30436A3D      CF       0       0       0       0    B270      7B       0       0
  186000000             114000000             114000000             4.3761194E-05         1.0000000E+30            619029       
 NEXT SEEDS:3973760E      D0       0       0       0       0    B270      7B       0       0
  192000000             108000000             108000000             4.3736583E-05         1.0000000E+30            638997       
 NEXT SEEDS: 70FF059      D2       0       0       0       0    B270      7B       0       0
  198000000             102000000             102000000             4.3715224E-05         1.0000000E+30            659261       
 NEXT SEEDS:1050B8A9      D3       0       0       0       0    B270      7B       0       0
  204000000              96000000              96000000             4.3712671E-05         1.0000000E+30            679025       
 NEXT SEEDS:197F79E4      D4       0       0       0       0    B270      7B       0       0
  210000000              90000000              90000000             4.3693457E-05         1.0000000E+30            699177       
 NEXT SEEDS:22BFF5ED      D5       0       0       0       0    B270      7B       0       0
  216000000              84000000              84000000             4.3690394E-05         1.0000000E+30            719149       
 NEXT SEEDS:2BF27228      D6       0       0       0       0    B270      7B       0       0
  222000000              78000000              78000000             4.3671576E-05         1.0000000E+30            739216       
 NEXT SEEDS:352E9A1E      D7       0       0       0       0    B270      7B       0       0
  228000000              72000000              72000000             4.3659124E-05         1.0000000E+30            759328       
 NEXT SEEDS: 2C91F60      D9       0       0       0       0    B270      7B       0       0
  234000000              66000000              66000000             4.3645525E-05         1.0000000E+30            779176       
 NEXT SEEDS: C00A6C9      DA       0       0       0       0    B270      7B       0       0
  240000000              60000000              60000000             4.3639437E-05         1.0000000E+30            799163       
 NEXT SEEDS:153302C8      DB       0       0       0       0    B270      7B       0       0
  246000000              54000000              54000000             4.3630911E-05         1.0000000E+30            818875       
 NEXT SEEDS:1E62CF0D      DC       0       0       0       0    B270      7B       0       0
  252000000              48000000              48000000             4.3612142E-05         1.0000000E+30            838772       
 NEXT SEEDS:279AC1DC      DD       0       0       0       0    B270      7B       0       0
  258000000              42000000              42000000             4.3591419E-05         1.0000000E+30            858730       
 NEXT SEEDS:30CF2F37      DE       0       0       0       0    B270      7B       0       0
  264000000              36000000              36000000             4.3590906E-05         1.0000000E+30            878667       
 NEXT SEEDS:3A08BE1E      DF       0       0       0       0    B270      7B       0       0
  270000000              30000000              30000000             4.3584487E-05         1.0000000E+30            898583       
 NEXT SEEDS: 7A099D0      E1       0       0       0       0    B270      7B       0       0
  276000000              24000000              24000000             4.3585301E-05         1.0000000E+30            918409       
 NEXT SEEDS:10D0844B      E2       0       0       0       0    B270      7B       0       0
  282000000              18000000              18000000             4.3579064E-05         1.0000000E+30            938430       
 NEXT SEEDS:1A0794E2      E3       0       0       0       0    B270      7B       0       0
  288000000              12000000              12000000             4.3566566E-05         1.0000000E+30            958398       
 NEXT SEEDS:234060FF      E4       0       0       0       0    B270      7B       0       0
  294000000               6000000               6000000             4.3564264E-05         1.0000000E+30            978316       
 NEXT SEEDS:2C79283F      E5       0       0       0       0    B270      7B       0       0
  299999950                    50                    50             4.3559340E-05         1.0000000E+30            998196       
 NEXT SEEDS:35B1447D      E6       0       0       0       0    B270      7B       0       0
  299999951                    49                    49             4.3559343E-05         1.0000000E+30            998196       
 NEXT SEEDS:35B14563      E6       0       0       0       0    B270      7B       0       0
  299999952                    48                    48             4.3559343E-05         1.0000000E+30            998196       
 NEXT SEEDS:35B14635      E6       0       0       0       0    B270      7B       0       0
  299999953                    47                    47             4.3559343E-05         1.0000000E+30            998196       
 NEXT SEEDS:35B1463C      E6       0       0       0       0    B270      7B       0       0
  299999954                    46                    46             4.3559343E-05         1.0000000E+30            998196       
 NEXT SEEDS:35B146E8      E6       0       0       0       0    B270      7B       0       0
  299999955                    45                    45             4.3559343E-05         1.0000000E+30            998196       
 NEXT SEEDS:35B147AC      E6       0       0       0       0    B270      7B       0       0
  299999956                    44                    44             4.3559346E-05         1.0000000E+30            998196       
 NEXT SEEDS:35B14888      E6       0       0       0       0    B270      7B       0       0
  299999957                    43                    43             4.3559346E-05         1.0000000E+30            998196       
 NEXT SEEDS:35B1495F      E6       0       0       0       0    B270      7B       0       0
  299999958                    42                    42             4.3559345E-05         1.0000000E+30            998196       
 NEXT SEEDS:35B14A3A      E6       0       0       0       0    B270      7B       0       0
  299999959                    41                    41             4.3559345E-05         1.0000000E+30            998196       
 NEXT SEEDS:35B14B13      E6       0       0       0       0    B270      7B       0       0
  299999960                    40                    40             4.3559345E-05         1.0000000E+30            998196       
 NEXT SEEDS:35B14B1E      E6       0       0       0       0    B270      7B       0       0
  299999961                    39                    39             4.3559345E-05         1.0000000E+30            998196       
 NEXT SEEDS:35B14BF2      E6       0       0       0       0    B270      7B       0       0
  299999962                    38                    38             4.3559348E-05         1.0000000E+30            998196       
 NEXT SEEDS:35B14CD5      E6       0       0       0       0    B270      7B       0       0
  299999963                    37                    37             4.3559348E-05         1.0000000E+30            998196       
 NEXT SEEDS:35B14CDC      E6       0       0       0       0    B270      7B       0       0
  299999964                    36                    36             4.3559348E-05         1.0000000E+30            998196       
 NEXT SEEDS:35B14DD0      E6       0       0       0       0    B270      7B       0       0
  299999965                    35                    35             4.3559348E-05         1.0000000E+30            998196       
 NEXT SEEDS:35B14EB0      E6       0       0       0       0    B270      7B       0       0
  299999966                    34                    34             4.3559348E-05         1.0000000E+30            998196       
 NEXT SEEDS:35B14F7D      E6       0       0       0       0    B270      7B       0       0
  299999967                    33                    33             4.3559347E-05         1.0000000E+30            998196       
 NEXT SEEDS:35B15071      E6       0       0       0       0    B270      7B       0       0
  299999968                    32                    32             4.3559347E-05         1.0000000E+30            998196       
 NEXT SEEDS:35B15078      E6       0       0       0       0    B270      7B       0       0
  299999969                    31                    31             4.3559350E-05         1.0000000E+30            998196       
 NEXT SEEDS:35B1507F      E6       0       0       0       0    B270      7B       0       0
  299999970                    30                    30             4.3559350E-05         1.0000000E+30            998196       
 NEXT SEEDS:35B15147      E6       0       0       0       0    B270      7B       0       0
  299999971                    29                    29             4.3559350E-05         1.0000000E+30            998196       
 NEXT SEEDS:35B15217      E6       0       0       0       0    B270      7B       0       0
  299999972                    28                    28             4.3559350E-05         1.0000000E+30            998196       
 NEXT SEEDS:35B152F0      E6       0       0       0       0    B270      7B       0       0
  299999973                    27                    27             4.3559350E-05         1.0000000E+30            998196       
 NEXT SEEDS:35B153B5      E6       0       0       0       0    B270      7B       0       0
  299999974                    26                    26             4.3559350E-05         1.0000000E+30            998196       
 NEXT SEEDS:35B1547C      E6       0       0       0       0    B270      7B       0       0
  299999975                    25                    25             4.3559353E-05         1.0000000E+30            998196       
 NEXT SEEDS:35B1556A      E6       0       0       0       0    B270      7B       0       0
  299999976                    24                    24             4.3559353E-05         1.0000000E+30            998196       
 NEXT SEEDS:35B1564D      E6       0       0       0       0    B270      7B       0       0
  299999977                    23                    23             4.3559353E-05         1.0000000E+30            998196       
 NEXT SEEDS:35B15740      E6       0       0       0       0    B270      7B       0       0
  299999978                    22                    22             4.3559352E-05         1.0000000E+30            998196       
 NEXT SEEDS:35B1581E      E6       0       0       0       0    B270      7B       0       0
  299999979                    21                    21             4.3559352E-05         1.0000000E+30            998196       
 NEXT SEEDS:35B158E6      E6       0       0       0       0    B270      7B       0       0
  299999980                    20                    20             4.3559352E-05         1.0000000E+30            998196       
 NEXT SEEDS:35B159B0      E6       0       0       0       0    B270      7B       0       0
  299999981                    19                    19             4.3559355E-05         1.0000000E+30            998196       
 NEXT SEEDS:35B15A8A      E6       0       0       0       0    B270      7B       0       0
  299999982                    18                    18             4.3559355E-05         1.0000000E+30            998196       
 NEXT SEEDS:35B15A91      E6       0       0       0       0    B270      7B       0       0
  299999983                    17                    17             4.3559355E-05         1.0000000E+30            998196       
 NEXT SEEDS:35B15B77      E6       0       0       0       0    B270      7B       0       0
  299999984                    16                    16             4.3559355E-05         1.0000000E+30            998196       
 NEXT SEEDS:35B15C5B      E6       0       0       0       0    B270      7B       0       0
  299999985                    15                    15             4.3559355E-05         1.0000000E+30            998196       
 NEXT SEEDS:35B15D3A      E6       0       0       0       0    B270      7B       0       0
  299999986                    14                    14             4.3559354E-05         1.0000000E+30            998196       
 NEXT SEEDS:35B15E23      E6       0       0       0       0    B270      7B       0       0
  299999987                    13                    13             4.3559358E-05         1.0000000E+30            998196       
 NEXT SEEDS:35B15EF2      E6       0       0       0       0    B270      7B       0       0
  299999988                    12                    12             4.3559357E-05         1.0000000E+30            998196       
 NEXT SEEDS:35B15FC9      E6       0       0       0       0    B270      7B       0       0
  299999989                    11                    11             4.3559357E-05         1.0000000E+30            998196       
 NEXT SEEDS:35B160A8      E6       0       0       0       0    B270      7B       0       0
  299999990                    10                    10             4.3559357E-05         1.0000000E+30            998196       
 NEXT SEEDS:35B160B1      E6       0       0       0       0    B270      7B       0       0
  299999991                     9                     9             4.3559357E-05         1.0000000E+30            998196       
 NEXT SEEDS:35B16174      E6       0       0       0       0    B270      7B       0       0
  299999992                     8                     8             4.3559357E-05         1.0000000E+30            998196       
 NEXT SEEDS:35B1624E      E6       0       0       0       0    B270      7B       0       0
  299999993                     7                     7             4.3559360E-05         1.0000000E+30            998196       
 NEXT SEEDS:35B16311      E6       0       0       0       0    B270      7B       0       0
  299999994                     6                     6             4.3559360E-05         1.0000000E+30            998196       
 NEXT SEEDS:35B163E2      E6       0       0       0       0    B270      7B       0       0
  299999995                     5                     5             4.3559360E-05         1.0000000E+30            998196       
 NEXT SEEDS:35B164BF      E6       0       0       0       0    B270      7B       0       0
  299999996                     4                     4             4.3559360E-05         1.0000000E+30            998196       
 NEXT SEEDS:35B164C8      E6       0       0       0       0    B270      7B       0       0
  299999997                     3                     3             4.3559359E-05         1.0000000E+30            998196       
 NEXT SEEDS:35B165AF      E6       0       0       0       0    B270      7B       0       0
  299999998                     2                     2             4.3559359E-05         1.0000000E+30            998196       
 NEXT SEEDS:35B16675      E6       0       0       0       0    B270      7B       0       0
  299999999                     1                     1             4.3559362E-05         1.0000000E+30            998196       
 NEXT SEEDS:35B1674A      E6       0       0       0       0    B270      7B       0       0
  300000000                     0                     1             4.3559362E-05         1.0000000E+30            998196       
 NEXT SEEDS:35B1681D      E6       0       0       0       0    B270      7B       0       0
