  **** corretto_34.bnx ****

  target_base                                                                     

  Total primaries run:     12000000000
   Total weight of the primaries run:   1.20000000E+10


  Detector n:            1 (           1 )  Neu_out   
     (Area:            3.67307162      cmq,
      distr. scored:           8    ,
      from reg.           3  to            2 ,
      one way scoring,
      fluence scoring scoring)

     Tot. resp. (Part/cmq/pr)  2.7809555E-03  +/-  7.0472129E-02 %
     ( -->      (Part/pr)      1.0214648E-02  +/-  7.0472129E-02 % )

  **** Different. Fluxes as a function of energy **** ****      (integrated over solid angle)        ****


  Energy boundaries (GeV):


  Lowest boundary   (GeV):  2.0000000E-02

  Flux (Part/GeV/cmq/pr):



  Energy boundaries (GeV):

  2.0000000E-02  1.9640300E-02  1.9155400E-02  1.8682500E-02  1.8221200E-02
  1.7771300E-02  1.7332500E-02  1.6904600E-02  1.6487200E-02  1.6080100E-02
  1.5683100E-02  1.5295900E-02  1.4918300E-02  1.4549900E-02  1.4190700E-02
  1.3840300E-02  1.3498600E-02  1.3165300E-02  1.2840200E-02  1.2523200E-02
  1.2214000E-02  1.1912500E-02  1.1618300E-02  1.1331500E-02  1.1051700E-02
  1.0778800E-02  1.0512700E-02  1.0253200E-02  9.9999998E-03  9.7530996E-03
  9.5122904E-03  9.2774397E-03  9.0483697E-03  8.8249696E-03  8.6070802E-03
  8.3945701E-03  8.1873098E-03  7.9851598E-03  7.7880099E-03  7.5957198E-03
  7.4081798E-03  7.2252699E-03  7.0468802E-03  6.8728901E-03  6.7031998E-03
  6.6475999E-03  6.5923799E-03  6.5377001E-03  6.3762800E-03  6.2188501E-03
  6.0653100E-03  5.9155500E-03  5.7695000E-03  5.4881200E-03  5.2204598E-03
  4.9658502E-03  4.8432499E-03  4.7236700E-03  4.6070400E-03  4.4932901E-03
  4.2741499E-03  4.0656999E-03  3.8674099E-03  3.6787901E-03  3.4993801E-03
  3.3287101E-03  3.2465300E-03  3.1663701E-03  3.0881900E-03  3.0119400E-03
  2.8650500E-03  2.7253199E-03  2.5923999E-03  2.4659701E-03  2.4251300E-03
  2.3852000E-03  2.3652499E-03  2.3457000E-03  2.3068599E-03  2.2688799E-03
  2.2313001E-03  2.1224800E-03  2.0189700E-03  1.9691200E-03  1.9205000E-03
  1.8730800E-03  1.8268300E-03  1.7377400E-03  1.6529900E-03  1.6121800E-03
  1.5723699E-03  1.5335500E-03  1.4956900E-03  1.4227401E-03  1.3533500E-03
  1.2873500E-03  1.2245600E-03  1.1943300E-03  1.1648400E-03  1.1080300E-03
  1.0539900E-03  1.0025901E-03  9.7783399E-04  9.6163998E-04  9.5369201E-04
  9.0717903E-04  8.6293602E-04  8.2085002E-04  7.8081700E-04  7.4273598E-04
  7.0651202E-04  6.7205500E-04  6.3927902E-04  6.0810102E-04  5.7844300E-04
  5.5023201E-04  5.3664698E-04  5.2339700E-04  5.1047403E-04  4.9787102E-04
  4.7358900E-04  4.5049199E-04  4.2852099E-04  4.0762199E-04  3.8774201E-04
  3.6883200E-04  3.5084400E-04  3.3373301E-04  3.1745600E-04  3.0961799E-04
  3.0197401E-04  2.9451799E-04  2.8724599E-04  2.8015400E-04  2.7323700E-04
  2.5991100E-04  2.4723500E-04  2.3517800E-04  2.2370800E-04  2.1279699E-04
  2.0241900E-04  1.9254700E-04  1.8315599E-04  1.7422400E-04  1.6992200E-04
  1.6572700E-04  1.6163501E-04  1.5764400E-04  1.4995600E-04  1.4264201E-04
  1.3568600E-04  1.2906799E-04  1.2277300E-04  1.1678600E-04  1.1109000E-04
  9.8036500E-05  8.6516899E-05  7.6350902E-05  6.7379500E-05  6.2510902E-05
  5.9462200E-05  5.6562199E-05  5.2475199E-05  4.6309200E-05  4.0867701E-05
  3.6065601E-05  3.5175199E-05  3.4306700E-05  3.1827800E-05  2.8087899E-05
  2.6058400E-05  2.4787500E-05  2.4175501E-05  2.3578599E-05  2.1874899E-05
  2.1334799E-05  1.9304500E-05  1.7036200E-05  1.5034400E-05  1.3267800E-05
  1.1708800E-05  1.0333000E-05  9.1188203E-06  8.0473301E-06  7.1017398E-06
  6.2672698E-06  5.5308401E-06  5.0045101E-06  4.5282700E-06  4.3074201E-06
  4.0973500E-06  3.7074401E-06  3.3546301E-06  3.0353899E-06  2.8634900E-06
  2.7465401E-06  2.6125899E-06  2.4851699E-06  2.2486699E-06  2.0346799E-06
  1.8410600E-06  1.6658601E-06  1.5846100E-06  1.5073300E-06  1.3638900E-06
  1.2341000E-06
  Lowest boundary   (GeV):  9.6111603E-07

  Flux (Part/GeV/cmq/pr):

   0.000000     +/-    0.000000     %    0.000000     +/-    0.000000     % 
   0.000000     +/-    0.000000     %    0.000000     +/-    0.000000     % 
   0.000000     +/-    0.000000     %   3.0352360E-06 +/-    35.40144     % 
  4.3347161E-05 +/-    15.49018     %   1.5072415E-04 +/-    23.19821     % 
  3.5483390E-04 +/-    22.11179     %   3.8963699E-04 +/-    6.838633     % 
  5.4872927E-04 +/-    8.091783     %   5.8317848E-04 +/-    4.487230     % 
  7.4659532E-04 +/-    5.131610     %   8.1766717E-04 +/-    4.275956     % 
  1.0504361E-03 +/-    4.022205     %   1.1988857E-03 +/-    4.188305     % 
  1.4408053E-03 +/-    3.460524     %   1.5929497E-03 +/-    3.021938     % 
  1.7785081E-03 +/-    3.914337     %   2.1508615E-03 +/-    5.275903     % 
  2.2305152E-03 +/-    2.758698     %   2.4139546E-03 +/-    3.093822     % 
  2.8109734E-03 +/-    5.852236     %   3.0125270E-03 +/-    3.094474     % 
  3.0910345E-03 +/-    2.403847     %   3.5143015E-03 +/-    2.963810     % 
  3.6534714E-03 +/-    2.390517     %   3.9910255E-03 +/-    2.419684     % 
  4.2418684E-03 +/-    2.397495     %   4.7893557E-03 +/-    2.690689     % 
  5.3109303E-03 +/-    2.586009     %   5.4325447E-03 +/-    2.021568     % 
  6.3563380E-03 +/-    5.396275     %   6.3033397E-03 +/-    1.812634     % 
  6.9420659E-03 +/-    2.072726     %   7.6348209E-03 +/-    1.862274     % 
  8.0888215E-03 +/-    1.758043     %   9.0966905E-03 +/-    2.033576     % 
  9.7685866E-03 +/-    2.729467     %   1.0681484E-02 +/-    1.973970     % 
  1.1748446E-02 +/-    1.650380     %   1.2745200E-02 +/-    1.426487     % 
  1.3921516E-02 +/-    1.595518     %   1.5820643E-02 +/-    1.521080     % 
  1.6133118E-02 +/-    1.862953     %   1.6959060E-02 +/-    3.805328     % 
  1.7610781E-02 +/-    3.242074     %   1.8510010E-02 +/-    1.377608     % 
  2.0202504E-02 +/-    1.494104     %   2.2493389E-02 +/-    1.301208     % 
  2.5009982E-02 +/-    1.211182     %   2.9599117E-02 +/-    4.796867     % 
  3.2049719E-02 +/-    1.271224     %   3.9134569E-02 +/-   0.9099320     % 
  4.6793602E-02 +/-   0.5454167     %   5.4615725E-02 +/-   0.9437800     % 
  6.0132213E-02 +/-   0.8715509     %   6.6562004E-02 +/-    1.341469     % 
  7.0641503E-02 +/-   0.7001923     %   8.0927052E-02 +/-   0.5562991     % 
  9.8467886E-02 +/-    1.744226     %   0.1150355     +/-   0.6923395     % 
  0.1339653     +/-   0.5588216     %   0.1566214     +/-   0.4875093     % 
  0.1815103     +/-   0.3645236     %   0.2040415     +/-   0.6423594     % 
  0.2181433     +/-   0.9952894     %   0.2313882     +/-   0.5676814     % 
  0.2468649     +/-   0.5234443     %   0.2721966     +/-   0.4369668     % 
  0.3071813     +/-   0.3383214     %   0.3481985     +/-   0.5612699     % 
  0.3898057     +/-   0.5500969     %   0.4228478     +/-   0.9877733     % 
  0.4333396     +/-   0.6800481     %   0.4437671     +/-   0.8430617     % 
  0.4584787     +/-    1.346409     %   0.4591135     +/-   0.4880444     % 
  0.4767728     +/-   0.4780573     %   0.4932392     +/-   0.8991271     % 
  0.5266426     +/-   0.3695361     %   0.5766420     +/-   0.3458090     % 
  0.6164310     +/-   0.4295119     %   0.6396728     +/-   0.4518639     % 
  0.6671265     +/-   0.4469570     %   0.6869372     +/-   0.3762068     % 
  0.7268500     +/-   0.2639949     %   0.7768068     +/-   0.3841856     % 
  0.8108056     +/-   0.5164409     %   0.8384235     +/-   0.4094768     % 
  0.8609074     +/-   0.3994126     %   0.8789117     +/-   0.4340964     % 
  0.9091429     +/-   0.2630912     %   0.9609345     +/-   0.6301106     % 
  0.9953989     +/-   0.3429369     %    1.030934     +/-   0.2432577     % 
   1.053821     +/-   0.4425163     %    1.076888     +/-   0.5135869     % 
   1.095246     +/-   0.2269838     %    1.131524     +/-   0.3080392     % 
   1.154539     +/-   0.2504212     %    1.169136     +/-   0.4136863     % 
   1.186828     +/-   0.4605305     %    1.201855     +/-   0.5522964     % 
   1.206328     +/-   0.3120292     %    1.225624     +/-   0.2597800     % 
   1.256029     +/-   0.6370941     %    1.267628     +/-   0.4370463     % 
   1.267967     +/-   0.3694981     %    1.288166     +/-   0.2868215     % 
   1.303259     +/-   0.3477575     %    1.320229     +/-    1.009683     % 
   1.311050     +/-   0.3045407     %    1.312001     +/-   0.3454410     % 
   1.312556     +/-   0.2916172     %    1.311468     +/-   0.4362585     % 
   1.305336     +/-   0.4152032     %    1.319795     +/-   0.4887888     % 
   1.308785     +/-   0.5484952     %    1.298941     +/-   0.3642834     % 
   1.297159     +/-   0.3714943     %    1.282391     +/-   0.3505853     % 
   1.277670     +/-   0.4563137     %    1.278561     +/-   0.7061398     % 
   1.239836     +/-   0.4298297     %    1.226952     +/-   0.3956608     % 
   1.204121     +/-   0.4477499     %    1.210112     +/-   0.4713677     % 
   1.179954     +/-   0.7684996     %    1.173125     +/-   0.7484821     % 
   1.160118     +/-   0.7456252     %    1.140159     +/-   0.6724997     % 
   1.143251     +/-   0.5820362     %    1.138618     +/-   0.8250229     % 
   1.114432     +/-   0.4538032     %    1.102067     +/-   0.6234698     % 
   1.073929     +/-   0.6727646     %    1.065179     +/-   0.6749738     % 
   1.063703     +/-    2.186288     %    1.040522     +/-    1.334920     % 
  0.9971804     +/-   0.5566974     %   0.9770391     +/-   0.7902999     % 
  0.9724011     +/-   0.7022474     %   0.9615982     +/-    1.117732     % 
  0.9437956     +/-   0.9446567     %   0.9516861     +/-    2.804941     % 
  0.9104340     +/-    1.157236     %   0.8946488     +/-   0.7528964     % 
  0.8677782     +/-   0.8825535     %   0.8834237     +/-   0.8301497     % 
  0.8485140     +/-   0.8861045     %   0.8348542     +/-   0.8991831     % 
  0.8139557     +/-   0.8693061     %   0.8156269     +/-    2.664577     % 
  0.7717909     +/-   0.6057013     %   0.7444105     +/-   0.9306489     % 
  0.7107621     +/-    1.487736     %   0.6550623     +/-   0.7880981     % 
  0.6344147     +/-    1.234069     %   0.6239305     +/-    2.155901     % 
  0.6048992     +/-    2.069597     %   0.5932307     +/-    1.101980     % 
  0.5808764     +/-    1.560050     %   0.5535550     +/-   0.8118024     % 
  0.5346842     +/-    1.582918     %   0.5015586     +/-    2.257711     % 
  0.4987462     +/-    2.351105     %   0.5029210     +/-    1.560391     % 
  0.4935996     +/-    1.880295     %   0.4536757     +/-    1.737492     % 
  0.4434417     +/-    1.740239     %   0.4246467     +/-    2.789330     % 
  0.4732828     +/-    3.846964     %   0.4348798     +/-    1.526252     % 
  0.4312930     +/-    4.097348     %   0.4212361     +/-    1.577393     % 
  0.4332000     +/-    2.287834     %   0.4271401     +/-    3.395968     % 
  0.3971132     +/-    2.146450     %   0.3730108     +/-    2.370060     % 
  0.4010152     +/-    2.407078     %   0.3641246     +/-    2.096388     % 
  0.3694636     +/-    2.546710     %   0.3318765     +/-    3.048828     % 
  0.3871263     +/-    9.086960     %   0.3848750     +/-    11.25329     % 
  0.3348855     +/-    3.981220     %   0.3452023     +/-    4.600139     % 
  0.3404140     +/-    9.237717     %   0.2973390     +/-    5.403530     % 
  0.3270475     +/-    5.232841     %   0.2653438     +/-    5.172326     % 
  0.2969624     +/-    6.554717     %   0.2748297     +/-    9.177693     % 
  0.3154973     +/-    7.769185     %   0.2938915     +/-    10.56294     % 
  0.2683271     +/-    7.907275     %   0.2564056     +/-    4.844801     % 
  0.2675503     +/-    7.465522     %   0.2835378     +/-    9.582290     % 
  0.2429531     +/-    6.778059     %   0.3112929     +/-    15.93822     % 
  0.2342054     +/-    11.92714     %   0.2404467     +/-    4.832653     % 
  0.2533371     +/-    9.996463     %   0.2118181     +/-    6.333675     % 


  **** Cumulative Fluxes as a function of energy **** ****      (integrated over solid angle)        ****


  Energy boundaries (GeV):


  Lowest boundary   (GeV):  2.0000000E-02

  Cumul. Flux (Part/cmq/pr):



  Energy boundaries (GeV):

  2.0000000E-02  1.9640300E-02  1.9155400E-02  1.8682500E-02  1.8221200E-02
  1.7771300E-02  1.7332500E-02  1.6904600E-02  1.6487200E-02  1.6080100E-02
  1.5683100E-02  1.5295900E-02  1.4918300E-02  1.4549900E-02  1.4190700E-02
  1.3840300E-02  1.3498600E-02  1.3165300E-02  1.2840200E-02  1.2523200E-02
  1.2214000E-02  1.1912500E-02  1.1618300E-02  1.1331500E-02  1.1051700E-02
  1.0778800E-02  1.0512700E-02  1.0253200E-02  9.9999998E-03  9.7530996E-03
  9.5122904E-03  9.2774397E-03  9.0483697E-03  8.8249696E-03  8.6070802E-03
  8.3945701E-03  8.1873098E-03  7.9851598E-03  7.7880099E-03  7.5957198E-03
  7.4081798E-03  7.2252699E-03  7.0468802E-03  6.8728901E-03  6.7031998E-03
  6.6475999E-03  6.5923799E-03  6.5377001E-03  6.3762800E-03  6.2188501E-03
  6.0653100E-03  5.9155500E-03  5.7695000E-03  5.4881200E-03  5.2204598E-03
  4.9658502E-03  4.8432499E-03  4.7236700E-03  4.6070400E-03  4.4932901E-03
  4.2741499E-03  4.0656999E-03  3.8674099E-03  3.6787901E-03  3.4993801E-03
  3.3287101E-03  3.2465300E-03  3.1663701E-03  3.0881900E-03  3.0119400E-03
  2.8650500E-03  2.7253199E-03  2.5923999E-03  2.4659701E-03  2.4251300E-03
  2.3852000E-03  2.3652499E-03  2.3457000E-03  2.3068599E-03  2.2688799E-03
  2.2313001E-03  2.1224800E-03  2.0189700E-03  1.9691200E-03  1.9205000E-03
  1.8730800E-03  1.8268300E-03  1.7377400E-03  1.6529900E-03  1.6121800E-03
  1.5723699E-03  1.5335500E-03  1.4956900E-03  1.4227401E-03  1.3533500E-03
  1.2873500E-03  1.2245600E-03  1.1943300E-03  1.1648400E-03  1.1080300E-03
  1.0539900E-03  1.0025901E-03  9.7783399E-04  9.6163998E-04  9.5369201E-04
  9.0717903E-04  8.6293602E-04  8.2085002E-04  7.8081700E-04  7.4273598E-04
  7.0651202E-04  6.7205500E-04  6.3927902E-04  6.0810102E-04  5.7844300E-04
  5.5023201E-04  5.3664698E-04  5.2339700E-04  5.1047403E-04  4.9787102E-04
  4.7358900E-04  4.5049199E-04  4.2852099E-04  4.0762199E-04  3.8774201E-04
  3.6883200E-04  3.5084400E-04  3.3373301E-04  3.1745600E-04  3.0961799E-04
  3.0197401E-04  2.9451799E-04  2.8724599E-04  2.8015400E-04  2.7323700E-04
  2.5991100E-04  2.4723500E-04  2.3517800E-04  2.2370800E-04  2.1279699E-04
  2.0241900E-04  1.9254700E-04  1.8315599E-04  1.7422400E-04  1.6992200E-04
  1.6572700E-04  1.6163501E-04  1.5764400E-04  1.4995600E-04  1.4264201E-04
  1.3568600E-04  1.2906799E-04  1.2277300E-04  1.1678600E-04  1.1109000E-04
  9.8036500E-05  8.6516899E-05  7.6350902E-05  6.7379500E-05  6.2510902E-05
  5.9462200E-05  5.6562199E-05  5.2475199E-05  4.6309200E-05  4.0867701E-05
  3.6065601E-05  3.5175199E-05  3.4306700E-05  3.1827800E-05  2.8087899E-05
  2.6058400E-05  2.4787500E-05  2.4175501E-05  2.3578599E-05  2.1874899E-05
  2.1334799E-05  1.9304500E-05  1.7036200E-05  1.5034400E-05  1.3267800E-05
  1.1708800E-05  1.0333000E-05  9.1188203E-06  8.0473301E-06  7.1017398E-06
  6.2672698E-06  5.5308401E-06  5.0045101E-06  4.5282700E-06  4.3074201E-06
  4.0973500E-06  3.7074401E-06  3.3546301E-06  3.0353899E-06  2.8634900E-06
  2.7465401E-06  2.6125899E-06  2.4851699E-06  2.2486699E-06  2.0346799E-06
  1.8410600E-06  1.6658601E-06  1.5846100E-06  1.5073300E-06  1.3638900E-06
  1.2341000E-06
  Lowest boundary   (GeV):  9.6111603E-07

  Cumul. Flux (Part/cmq/pr):

   0.000000     +/-    0.000000     %    0.000000     +/-    0.000000     % 
   0.000000     +/-    0.000000     %    0.000000     +/-    0.000000     % 
   0.000000     +/-    0.000000     %   1.3318618E-09 +/-    35.40144     % 
  1.9880108E-08 +/-    14.30023     %   8.2792390E-08 +/-    18.23187     % 
  2.2724518E-07 +/-    14.56229     %   3.8193124E-07 +/-    8.689158     % 
  5.9439878E-07 +/-    6.335378     %   8.1460701E-07 +/-    4.758875     % 
  1.0896531E-06 +/-    3.874496     %   1.3833591E-06 +/-    3.037463     % 
  1.7514318E-06 +/-    2.489026     %   2.1610915E-06 +/-    2.088413     % 
  2.6413118E-06 +/-    1.800112     %   3.1591790E-06 +/-    1.654611     % 
  3.7229659E-06 +/-    1.456042     %   4.3880123E-06 +/-    1.401685     % 
  5.0605145E-06 +/-    1.269019     %   5.7706980E-06 +/-    1.240860     % 
  6.5768872E-06 +/-    1.332017     %   7.4197897E-06 +/-    1.256773     % 
  8.2633351E-06 +/-    1.147543     %   9.1984884E-06 +/-   0.9938872     % 
  1.0146565E-05 +/-   0.9426635     %   1.1157094E-05 +/-   0.9234588     % 
  1.2204412E-05 +/-   0.8309749     %   1.3357733E-05 +/-   0.8313413     % 
  1.4605009E-05 +/-   0.8126045     %   1.5849442E-05 +/-   0.8027231     % 
  1.7269449E-05 +/-   0.9026951     %   1.8642879E-05 +/-   0.8601875     % 
  2.0118139E-05 +/-   0.8200808     %   2.1700533E-05 +/-   0.7359035     % 
  2.3335690E-05 +/-   0.6829145     %   2.5129100E-05 +/-   0.6287531     % 
  2.7007503E-05 +/-   0.5808864     %   2.9010709E-05 +/-   0.5789390     % 
  3.1159616E-05 +/-   0.5326623     %   3.3433229E-05 +/-   0.5083400     % 
  3.5855435E-05 +/-   0.4984499     %   3.8540042E-05 +/-   0.4827472     % 
  3.9437044E-05 +/-   0.4691518     %   4.0373525E-05 +/-   0.4639191     % 
  4.1336476E-05 +/-   0.4615503     %   4.4324366E-05 +/-   0.4238689     % 
  4.7504840E-05 +/-   0.4023455     %   5.0958479E-05 +/-   0.3874235     % 
  5.4703974E-05 +/-   0.3959607     %   5.9026923E-05 +/-   0.5248703     % 
  6.8045076E-05 +/-   0.4660686     %   7.8519843E-05 +/-   0.4202707     % 
  9.0433947E-05 +/-   0.3774349     %   9.7129843E-05 +/-   0.3457364     % 
  1.0432045E-04 +/-   0.3238287     %   1.1208358E-04 +/-   0.3137105     % 
  1.2011904E-04 +/-   0.2992678     %   1.3785341E-04 +/-   0.2766117     % 
  1.5837904E-04 +/-   0.3854316     %   1.8118945E-04 +/-   0.3504042     % 
  2.0645796E-04 +/-   0.3098162     %   2.3455740E-04 +/-   0.2787683     % 
  2.6553575E-04 +/-   0.2467782     %   2.8230390E-04 +/-   0.2326665     % 
  2.9979023E-04 +/-   0.2278589     %   3.1788019E-04 +/-   0.2177497     % 
  3.3670364E-04 +/-   0.2063577     %   3.7668660E-04 +/-   0.1938099     % 
  4.1960907E-04 +/-   0.1785755     %   4.6589162E-04 +/-   0.1649978     % 
  5.1517470E-04 +/-   0.1638323     %   5.3244381E-04 +/-   0.1536323     % 
  5.4974708E-04 +/-   0.1500017     %   5.5860030E-04 +/-   0.1482477     % 
  5.6756346E-04 +/-   0.1459257     %   5.8539549E-04 +/-   0.1458887     % 
  6.0350331E-04 +/-   0.1435158     %   6.2203914E-04 +/-   0.1354563     % 
  6.7934848E-04 +/-   0.1282063     %   7.3903671E-04 +/-   0.1299864     % 
  7.6976576E-04 +/-   0.1217550     %   8.0086669E-04 +/-   0.1223385     % 
  8.3250174E-04 +/-   0.1176137     %   8.6427265E-04 +/-   0.1133052     % 
  9.2902768E-04 +/-   0.1069178     %   9.9486206E-04 +/-   0.1032717     % 
  1.0279510E-03 +/-   0.1078172     %   1.0613287E-03 +/-   0.1015275     % 
  1.0947491E-03 +/-   0.1017034     %   1.1280248E-03 +/-   0.1005044     % 
  1.1943467E-03 +/-   9.4902650E-02 %   1.2610259E-03 +/-   9.9069409E-02 % 
  1.3267223E-03 +/-   9.4910473E-02 %   1.3914546E-03 +/-   9.1277607E-02 % 
  1.4233115E-03 +/-   9.0276703E-02 %   1.4550691E-03 +/-   8.8800035E-02 % 
  1.5172899E-03 +/-   8.5070945E-02 %   1.5784375E-03 +/-   8.4758118E-02 % 
  1.6377807E-03 +/-   8.4209710E-02 %   1.6667240E-03 +/-   8.2448550E-02 % 
  1.6859435E-03 +/-   8.1009082E-02 %   1.6954958E-03 +/-   7.9780072E-02 % 
  1.7516057E-03 +/-   7.7304572E-02 %   1.8058310E-03 +/-   7.7185020E-02 % 
  1.8586922E-03 +/-   7.4879251E-02 %   1.9094391E-03 +/-   7.4232928E-02 % 
  1.9577246E-03 +/-   7.3318131E-02 %   2.0043871E-03 +/-   7.2430499E-02 % 
  2.0492936E-03 +/-   7.2393276E-02 %   2.0925654E-03 +/-   8.2197279E-02 % 
  2.1334412E-03 +/-   8.0290914E-02 %   2.1723525E-03 +/-   7.8906991E-02 % 
  2.2093810E-03 +/-   7.7093430E-02 %   2.2271974E-03 +/-   7.6833241E-02 % 
  2.2444930E-03 +/-   7.6003708E-02 %   2.2615488E-03 +/-   7.5810835E-02 % 
  2.2780434E-03 +/-   7.4915588E-02 %   2.3095843E-03 +/-   7.4859880E-02 % 
  2.3395447E-03 +/-   7.3898621E-02 %   2.3677202E-03 +/-   7.3761754E-02 % 
  2.3944222E-03 +/-   7.1950138E-02 %   2.4198401E-03 +/-   7.1172394E-02 % 
  2.4432852E-03 +/-   7.0990533E-02 %   2.4653557E-03 +/-   7.0898592E-02 % 
  2.4859593E-03 +/-   6.9667421E-02 %   2.5056563E-03 +/-   6.9712721E-02 % 
  2.5149048E-03 +/-   6.9513254E-02 %   2.5238723E-03 +/-   6.9519840E-02 % 
  2.5325222E-03 +/-   6.9486327E-02 %   2.5408133E-03 +/-   6.9092833E-02 % 
  2.5489214E-03 +/-   6.8983324E-02 %   2.5567971E-03 +/-   6.8726681E-02 % 
  2.5716480E-03 +/-   6.8764642E-02 %   2.5856178E-03 +/-   6.8403549E-02 % 
  2.5985662E-03 +/-   6.8402521E-02 %   2.6107838E-03 +/-   6.8275332E-02 % 
  2.6223899E-03 +/-   6.9455348E-02 %   2.6331884E-03 +/-   7.0942715E-02 % 
  2.6430325E-03 +/-   7.0610911E-02 %   2.6522079E-03 +/-   7.1123935E-02 % 
  2.6608934E-03 +/-   7.0968300E-02 %   2.6650303E-03 +/-   7.0588075E-02 % 
  2.6689894E-03 +/-   7.0667833E-02 %   2.6728837E-03 +/-   7.0841007E-02 % 
  2.6765172E-03 +/-   7.0953816E-02 %   2.6833953E-03 +/-   7.0997074E-02 % 
  2.6897423E-03 +/-   7.1155488E-02 %   2.6958873E-03 +/-   7.0945062E-02 % 
  2.7015028E-03 +/-   7.0712991E-02 %   2.7067582E-03 +/-   7.0419267E-02 % 
  2.7116314E-03 +/-   7.0222661E-02 %   2.7162773E-03 +/-   7.0438743E-02 % 
  2.7263518E-03 +/-   7.0786439E-02 %   2.7349270E-03 +/-   7.0581652E-02 % 
  2.7421527E-03 +/-   7.1296155E-02 %   2.7480295E-03 +/-   7.0506200E-02 % 
  2.7511183E-03 +/-   7.0801042E-02 %   2.7530205E-03 +/-   7.0668377E-02 % 
  2.7547746E-03 +/-   7.0943169E-02 %   2.7571991E-03 +/-   7.1052976E-02 % 
  2.7607807E-03 +/-   7.1015373E-02 %   2.7637929E-03 +/-   7.0847161E-02 % 
  2.7663605E-03 +/-   7.0624478E-02 %   2.7668071E-03 +/-   7.0607916E-02 % 
  2.7672404E-03 +/-   7.0691235E-02 %   2.7684870E-03 +/-   7.0603989E-02 % 
  2.7703331E-03 +/-   7.0512846E-02 %   2.7712537E-03 +/-   7.0519939E-02 % 
  2.7718174E-03 +/-   7.0587367E-02 %   2.7720772E-03 +/-   7.0610106E-02 % 
  2.7723596E-03 +/-   7.0512488E-02 %   2.7731007E-03 +/-   7.0535824E-02 % 
  2.7733336E-03 +/-   7.0458695E-02 %   2.7741888E-03 +/-   7.0398055E-02 % 
  2.7751715E-03 +/-   7.0462763E-02 %   2.7760265E-03 +/-   7.0467338E-02 % 
  2.7767280E-03 +/-   7.0698202E-02 %   2.7773096E-03 +/-   7.0659854E-02 % 
  2.7778612E-03 +/-   7.0618272E-02 %   2.7783033E-03 +/-   7.0596412E-02 % 
  2.7786992E-03 +/-   7.0587881E-02 %   2.7790130E-03 +/-   7.0551395E-02 % 
  2.7793362E-03 +/-   7.0478022E-02 %   2.7796195E-03 +/-   7.0423491E-02 % 
  2.7797958E-03 +/-   7.0484810E-02 %   2.7799602E-03 +/-   7.0461802E-02 % 
  2.7800354E-03 +/-   7.0476606E-02 %   2.7800978E-03 +/-   7.0501797E-02 % 
  2.7802254E-03 +/-   7.0484981E-02 %   2.7803190E-03 +/-   7.0496947E-02 % 
  2.7804137E-03 +/-   7.0498429E-02 %   2.7804610E-03 +/-   7.0486777E-02 % 
  2.7804980E-03 +/-   7.0482329E-02 %   2.7805374E-03 +/-   7.0456132E-02 % 
  2.7805716E-03 +/-   7.0473775E-02 %   2.7806321E-03 +/-   7.0510112E-02 % 
  2.7806894E-03 +/-   7.0480667E-02 %   2.7807443E-03 +/-   7.0449241E-02 % 
  2.7807869E-03 +/-   7.0455499E-02 %   2.7808121E-03 +/-   7.0452712E-02 % 
  2.7808303E-03 +/-   7.0444703E-02 %   2.7808647E-03 +/-   7.0445776E-02 % 
  2.7808975E-03 +/-   7.0459768E-02 %   2.7809555E-03 +/-   7.0472129E-02 % 

  **** Double diff. Fluxes as a function of energy ****


  Solid angle minimum value (sr):   0.000000    

  Solid angle upper boundaries (sr):

   6.283185    

  Angular minimum value (deg.):   0.000000    

  Angular upper boundaries (deg.):

   90.00000    


  Energy interval (GeV):  2.0000000E-02  1.9640300E-02

  Flux (Part/sr/GeV/cmq/pr):

   0.000000     +/-    0.000000     % 

  Flux (Part/deg/GeV/cmq/pr):

   0.000000     +/-    0.000000     % 

  Energy interval (GeV):  1.9640300E-02  1.9155400E-02

  Flux (Part/sr/GeV/cmq/pr):

   0.000000     +/-    0.000000     % 

  Flux (Part/deg/GeV/cmq/pr):

   0.000000     +/-    0.000000     % 

  Energy interval (GeV):  1.9155400E-02  1.8682500E-02

  Flux (Part/sr/GeV/cmq/pr):

   0.000000     +/-    0.000000     % 

  Flux (Part/deg/GeV/cmq/pr):

   0.000000     +/-    0.000000     % 

  Energy interval (GeV):  1.8682500E-02  1.8221200E-02

  Flux (Part/sr/GeV/cmq/pr):

   0.000000     +/-    0.000000     % 

  Flux (Part/deg/GeV/cmq/pr):

   0.000000     +/-    0.000000     % 

  Energy interval (GeV):  1.8221200E-02  1.7771300E-02

  Flux (Part/sr/GeV/cmq/pr):

   0.000000     +/-    0.000000     % 

  Flux (Part/deg/GeV/cmq/pr):

   0.000000     +/-    0.000000     % 

  Energy interval (GeV):  1.7771300E-02  1.7332500E-02

  Flux (Part/sr/GeV/cmq/pr):

  4.8307277E-07 +/-    35.40144     % 

  Flux (Part/deg/GeV/cmq/pr):

  3.3724845E-08 +/-    35.40144     % 

  Energy interval (GeV):  1.7332500E-02  1.6904600E-02

  Flux (Part/sr/GeV/cmq/pr):

  6.8989148E-06 +/-    15.49018     % 

  Flux (Part/deg/GeV/cmq/pr):

  4.8163514E-07 +/-    15.49018     % 

  Energy interval (GeV):  1.6904600E-02  1.6487200E-02

  Flux (Part/sr/GeV/cmq/pr):

  2.3988494E-05 +/-    23.19821     % 

  Flux (Part/deg/GeV/cmq/pr):

  1.6747128E-06 +/-    23.19821     % 

  Energy interval (GeV):  1.6487200E-02  1.6080100E-02

  Flux (Part/sr/GeV/cmq/pr):

  5.6473567E-05 +/-    22.11179     % 

  Flux (Part/deg/GeV/cmq/pr):

  3.9425991E-06 +/-    22.11179     % 

  Energy interval (GeV):  1.6080100E-02  1.5683100E-02

  Flux (Part/sr/GeV/cmq/pr):

  6.2012652E-05 +/-    6.838633     % 

  Flux (Part/deg/GeV/cmq/pr):

  4.3293003E-06 +/-    6.838633     % 

  Energy interval (GeV):  1.5683100E-02  1.5295900E-02

  Flux (Part/sr/GeV/cmq/pr):

  8.7332970E-05 +/-    8.091783     % 

  Flux (Part/deg/GeV/cmq/pr):

  6.0969919E-06 +/-    8.091783     % 

  Energy interval (GeV):  1.5295900E-02  1.4918300E-02

  Flux (Part/sr/GeV/cmq/pr):

  9.2815731E-05 +/-    4.487230     % 

  Flux (Part/deg/GeV/cmq/pr):

  6.4797609E-06 +/-    4.487230     % 

  Energy interval (GeV):  1.4918300E-02  1.4549900E-02

  Flux (Part/sr/GeV/cmq/pr):

  1.1882433E-04 +/-    5.131610     % 

  Flux (Part/deg/GeV/cmq/pr):

  8.2955039E-06 +/-    5.131610     % 

  Energy interval (GeV):  1.4549900E-02  1.4190700E-02

  Flux (Part/sr/GeV/cmq/pr):

  1.3013577E-04 +/-    4.275956     % 

  Flux (Part/deg/GeV/cmq/pr):

  9.0851909E-06 +/-    4.275956     % 

  Energy interval (GeV):  1.4190700E-02  1.3840300E-02

  Flux (Part/sr/GeV/cmq/pr):

  1.6718209E-04 +/-    4.022205     % 

  Flux (Part/deg/GeV/cmq/pr):

  1.1671512E-05 +/-    4.022205     % 

  Energy interval (GeV):  1.3840300E-02  1.3498600E-02

  Flux (Part/sr/GeV/cmq/pr):

  1.9080860E-04 +/-    4.188305     % 

  Flux (Part/deg/GeV/cmq/pr):

  1.3320953E-05 +/-    4.188305     % 

  Energy interval (GeV):  1.3498600E-02  1.3165300E-02

  Flux (Part/sr/GeV/cmq/pr):

  2.2931128E-04 +/-    3.460524     % 

  Flux (Part/deg/GeV/cmq/pr):

  1.6008948E-05 +/-    3.460524     % 

  Energy interval (GeV):  1.3165300E-02  1.2840200E-02

  Flux (Part/sr/GeV/cmq/pr):

  2.5352582E-04 +/-    3.021938     % 

  Flux (Part/deg/GeV/cmq/pr):

  1.7699442E-05 +/-    3.021938     % 

  Energy interval (GeV):  1.2840200E-02  1.2523200E-02

  Flux (Part/sr/GeV/cmq/pr):

  2.8305835E-04 +/-    3.914337     % 

  Flux (Part/deg/GeV/cmq/pr):

  1.9761203E-05 +/-    3.914337     % 

  Energy interval (GeV):  1.2523200E-02  1.2214000E-02

  Flux (Part/sr/GeV/cmq/pr):

  3.4232021E-04 +/-    5.275903     % 

  Flux (Part/deg/GeV/cmq/pr):

  2.3898461E-05 +/-    5.275903     % 

  Energy interval (GeV):  1.2214000E-02  1.1912500E-02

  Flux (Part/sr/GeV/cmq/pr):

  3.5499752E-04 +/-    2.758698     % 

  Flux (Part/deg/GeV/cmq/pr):

  2.4783503E-05 +/-    2.758698     % 

  Energy interval (GeV):  1.1912500E-02  1.1618300E-02

  Flux (Part/sr/GeV/cmq/pr):

  3.8419277E-04 +/-    3.093822     % 

  Flux (Part/deg/GeV/cmq/pr):

  2.6821717E-05 +/-    3.093822     % 

  Energy interval (GeV):  1.1618300E-02  1.1331500E-02

  Flux (Part/sr/GeV/cmq/pr):

  4.4738033E-04 +/-    5.852236     % 

  Flux (Part/deg/GeV/cmq/pr):

  3.1233041E-05 +/-    5.852236     % 

  Energy interval (GeV):  1.1331500E-02  1.1051700E-02

  Flux (Part/sr/GeV/cmq/pr):

  4.7945854E-04 +/-    3.094474     % 

  Flux (Part/deg/GeV/cmq/pr):

  3.3472523E-05 +/-    3.094474     % 

  Energy interval (GeV):  1.1051700E-02  1.0778800E-02

  Flux (Part/sr/GeV/cmq/pr):

  4.9195340E-04 +/-    2.403847     % 

  Flux (Part/deg/GeV/cmq/pr):

  3.4344830E-05 +/-    2.403847     % 

  Energy interval (GeV):  1.0778800E-02  1.0512700E-02

  Flux (Part/sr/GeV/cmq/pr):

  5.5931846E-04 +/-    2.963810     % 

  Flux (Part/deg/GeV/cmq/pr):

  3.9047798E-05 +/-    2.963810     % 

  Energy interval (GeV):  1.0512700E-02  1.0253200E-02

  Flux (Part/sr/GeV/cmq/pr):

  5.8146799E-04 +/-    2.390517     % 

  Flux (Part/deg/GeV/cmq/pr):

  4.0594128E-05 +/-    2.390517     % 

  Energy interval (GeV):  1.0253200E-02  9.9999998E-03

  Flux (Part/sr/GeV/cmq/pr):

  6.3519139E-04 +/-    2.419684     % 

  Flux (Part/deg/GeV/cmq/pr):

  4.4344728E-05 +/-    2.419684     % 

  Energy interval (GeV):  9.9999998E-03  9.7530996E-03

  Flux (Part/sr/GeV/cmq/pr):

  6.7511428E-04 +/-    2.397495     % 

  Flux (Part/deg/GeV/cmq/pr):

  4.7131871E-05 +/-    2.397495     % 

  Energy interval (GeV):  9.7530996E-03  9.5122904E-03

  Flux (Part/sr/GeV/cmq/pr):

  7.6224958E-04 +/-    2.690689     % 

  Flux (Part/deg/GeV/cmq/pr):

  5.3215063E-05 +/-    2.690689     % 

  Energy interval (GeV):  9.5122904E-03  9.2774397E-03

  Flux (Part/sr/GeV/cmq/pr):

  8.4526080E-04 +/-    2.586009     % 

  Flux (Part/deg/GeV/cmq/pr):

  5.9010337E-05 +/-    2.586009     % 

  Energy interval (GeV):  9.2774397E-03  9.0483697E-03

  Flux (Part/sr/GeV/cmq/pr):

  8.6461630E-04 +/-    2.021568     % 

  Flux (Part/deg/GeV/cmq/pr):

  6.0361610E-05 +/-    2.021568     % 

  Energy interval (GeV):  9.0483697E-03  8.8249696E-03

  Flux (Part/sr/GeV/cmq/pr):

  1.0116426E-03 +/-    5.396275     % 

  Flux (Part/deg/GeV/cmq/pr):

  7.0625982E-05 +/-    5.396275     % 

  Energy interval (GeV):  8.8249696E-03  8.6070802E-03

  Flux (Part/sr/GeV/cmq/pr):

  1.0032076E-03 +/-    1.812634     % 

  Flux (Part/deg/GeV/cmq/pr):

  7.0037109E-05 +/-    1.812634     % 

  Energy interval (GeV):  8.6070802E-03  8.3945701E-03

  Flux (Part/sr/GeV/cmq/pr):

  1.1048641E-03 +/-    2.072726     % 

  Flux (Part/deg/GeV/cmq/pr):

  7.7134071E-05 +/-    2.072726     % 

  Energy interval (GeV):  8.3945701E-03  8.1873098E-03

  Flux (Part/sr/GeV/cmq/pr):

  1.2151194E-03 +/-    1.862274     % 

  Flux (Part/deg/GeV/cmq/pr):

  8.4831343E-05 +/-    1.862274     % 

  Energy interval (GeV):  8.1873098E-03  7.9851598E-03

  Flux (Part/sr/GeV/cmq/pr):

  1.2873759E-03 +/-    1.758043     % 

  Flux (Part/deg/GeV/cmq/pr):

  8.9875801E-05 +/-    1.758043     % 

  Energy interval (GeV):  7.9851598E-03  7.7880099E-03

  Flux (Part/sr/GeV/cmq/pr):

  1.4477832E-03 +/-    2.033576     % 

  Flux (Part/deg/GeV/cmq/pr):

  1.0107434E-04 +/-    2.033576     % 

  Energy interval (GeV):  7.7880099E-03  7.5957198E-03

  Flux (Part/sr/GeV/cmq/pr):

  1.5547188E-03 +/-    2.729467     % 

  Flux (Part/deg/GeV/cmq/pr):

  1.0853986E-04 +/-    2.729467     % 

  Energy interval (GeV):  7.5957198E-03  7.4081798E-03

  Flux (Part/sr/GeV/cmq/pr):

  1.7000110E-03 +/-    1.973970     % 

  Flux (Part/deg/GeV/cmq/pr):

  1.1868316E-04 +/-    1.973970     % 

  Energy interval (GeV):  7.4081798E-03  7.2252699E-03

  Flux (Part/sr/GeV/cmq/pr):

  1.8698232E-03 +/-    1.650380     % 

  Flux (Part/deg/GeV/cmq/pr):

  1.3053829E-04 +/-    1.650380     % 

  Energy interval (GeV):  7.2252699E-03  7.0468802E-03

  Flux (Part/sr/GeV/cmq/pr):

  2.0284615E-03 +/-    1.426487     % 

  Flux (Part/deg/GeV/cmq/pr):

  1.4161335E-04 +/-    1.426487     % 

  Energy interval (GeV):  7.0468802E-03  6.8728901E-03

  Flux (Part/sr/GeV/cmq/pr):

  2.2156781E-03 +/-    1.595518     % 

  Flux (Part/deg/GeV/cmq/pr):

  1.5468351E-04 +/-    1.595518     % 

  Energy interval (GeV):  6.8728901E-03  6.7031998E-03

  Flux (Part/sr/GeV/cmq/pr):

  2.5179335E-03 +/-    1.521080     % 

  Flux (Part/deg/GeV/cmq/pr):

  1.7578492E-04 +/-    1.521080     % 

  Energy interval (GeV):  6.7031998E-03  6.6475999E-03

  Flux (Part/sr/GeV/cmq/pr):

  2.5676654E-03 +/-    1.862953     % 

  Flux (Part/deg/GeV/cmq/pr):

  1.7925688E-04 +/-    1.862953     % 

  Energy interval (GeV):  6.6475999E-03  6.5923799E-03

  Flux (Part/sr/GeV/cmq/pr):

  2.6991181E-03 +/-    3.805328     % 

  Flux (Part/deg/GeV/cmq/pr):

  1.8843400E-04 +/-    3.805328     % 

  Energy interval (GeV):  6.5923799E-03  6.5377001E-03

  Flux (Part/sr/GeV/cmq/pr):

  2.8028428E-03 +/-    3.242074     % 

  Flux (Part/deg/GeV/cmq/pr):

  1.9567534E-04 +/-    3.242074     % 

  Energy interval (GeV):  6.5377001E-03  6.3762800E-03

  Flux (Part/sr/GeV/cmq/pr):

  2.9459596E-03 +/-    1.377608     % 

  Flux (Part/deg/GeV/cmq/pr):

  2.0566679E-04 +/-    1.377608     % 

  Energy interval (GeV):  6.3762800E-03  6.2188501E-03

  Flux (Part/sr/GeV/cmq/pr):

  3.2153283E-03 +/-    1.494104     % 

  Flux (Part/deg/GeV/cmq/pr):

  2.2447227E-04 +/-    1.494104     % 

  Energy interval (GeV):  6.2188501E-03  6.0653100E-03

  Flux (Part/sr/GeV/cmq/pr):

  3.5799337E-03 +/-    1.301208     % 

  Flux (Part/deg/GeV/cmq/pr):

  2.4992652E-04 +/-    1.301208     % 

  Energy interval (GeV):  6.0653100E-03  5.9155500E-03

  Flux (Part/sr/GeV/cmq/pr):

  3.9804620E-03 +/-    1.211182     % 

  Flux (Part/deg/GeV/cmq/pr):

  2.7788870E-04 +/-    1.211182     % 

  Energy interval (GeV):  5.9155500E-03  5.7695000E-03

  Flux (Part/sr/GeV/cmq/pr):

  4.7108456E-03 +/-    4.796867     % 

  Flux (Part/deg/GeV/cmq/pr):

  3.2887908E-04 +/-    4.796867     % 

  Energy interval (GeV):  5.7695000E-03  5.4881200E-03

  Flux (Part/sr/GeV/cmq/pr):

  5.1008710E-03 +/-    1.271224     % 

  Flux (Part/deg/GeV/cmq/pr):

  3.5610798E-04 +/-    1.271224     % 

  Energy interval (GeV):  5.4881200E-03  5.2204598E-03

  Flux (Part/sr/GeV/cmq/pr):

  6.2284605E-03 +/-   0.9099320     % 

  Flux (Part/deg/GeV/cmq/pr):

  4.3482857E-04 +/-   0.9099320     % 

  Energy interval (GeV):  5.2204598E-03  4.9658502E-03

  Flux (Part/sr/GeV/cmq/pr):

  7.4474332E-03 +/-   0.5454167     % 

  Flux (Part/deg/GeV/cmq/pr):

  5.1992893E-04 +/-   0.5454167     % 

  Energy interval (GeV):  4.9658502E-03  4.8432499E-03

  Flux (Part/sr/GeV/cmq/pr):

  8.6923623E-03 +/-   0.9437800     % 

  Flux (Part/deg/GeV/cmq/pr):

  6.0684141E-04 +/-   0.9437800     % 

  Energy interval (GeV):  4.8432499E-03  4.7236700E-03

  Flux (Part/sr/GeV/cmq/pr):

  9.5703388E-03 +/-   0.8715509     % 

  Flux (Part/deg/GeV/cmq/pr):

  6.6813570E-04 +/-   0.8715509     % 

  Energy interval (GeV):  4.7236700E-03  4.6070400E-03

  Flux (Part/sr/GeV/cmq/pr):

  1.0593672E-02 +/-    1.341469     % 

  Flux (Part/deg/GeV/cmq/pr):

  7.3957787E-04 +/-    1.341469     % 

  Energy interval (GeV):  4.6070400E-03  4.4932901E-03

  Flux (Part/sr/GeV/cmq/pr):

  1.1242945E-02 +/-   0.7001923     % 

  Flux (Part/deg/GeV/cmq/pr):

  7.8490563E-04 +/-   0.7001923     % 

  Energy interval (GeV):  4.4932901E-03  4.2741499E-03

  Flux (Part/sr/GeV/cmq/pr):

  1.2879940E-02 +/-   0.5562991     % 

  Flux (Part/deg/GeV/cmq/pr):

  8.9918950E-04 +/-   0.5562991     % 

  Energy interval (GeV):  4.2741499E-03  4.0656999E-03

  Flux (Part/sr/GeV/cmq/pr):

  1.5671650E-02 +/-    1.744226     % 

  Flux (Part/deg/GeV/cmq/pr):

  1.0940877E-03 +/-    1.744226     % 

  Energy interval (GeV):  4.0656999E-03  3.8674099E-03

  Flux (Part/sr/GeV/cmq/pr):

  1.8308474E-02 +/-   0.6923395     % 

  Flux (Part/deg/GeV/cmq/pr):

  1.2781726E-03 +/-   0.6923395     % 

  Energy interval (GeV):  3.8674099E-03  3.6787901E-03

  Flux (Part/sr/GeV/cmq/pr):

  2.1321241E-02 +/-   0.5588216     % 

  Flux (Part/deg/GeV/cmq/pr):

  1.4885035E-03 +/-   0.5588216     % 

  Energy interval (GeV):  3.6787901E-03  3.4993801E-03

  Flux (Part/sr/GeV/cmq/pr):

  2.4927072E-02 +/-   0.4875093     % 

  Flux (Part/deg/GeV/cmq/pr):

  1.7402380E-03 +/-   0.4875093     % 

  Energy interval (GeV):  3.4993801E-03  3.3287101E-03

  Flux (Part/sr/GeV/cmq/pr):

  2.8888255E-02 +/-   0.3645236     % 

  Flux (Part/deg/GeV/cmq/pr):

  2.0167809E-03 +/-   0.3645236     % 

  Energy interval (GeV):  3.3287101E-03  3.2465300E-03

  Flux (Part/sr/GeV/cmq/pr):

  3.2474205E-02 +/-   0.6423594     % 

  Flux (Part/deg/GeV/cmq/pr):

  2.2671272E-03 +/-   0.6423594     % 

  Energy interval (GeV):  3.2465300E-03  3.1663701E-03

  Flux (Part/sr/GeV/cmq/pr):

  3.4718577E-02 +/-   0.9952894     % 

  Flux (Part/deg/GeV/cmq/pr):

  2.4238140E-03 +/-   0.9952894     % 

  Energy interval (GeV):  3.1663701E-03  3.0881900E-03

  Flux (Part/sr/GeV/cmq/pr):

  3.6826573E-02 +/-   0.5676814     % 

  Flux (Part/deg/GeV/cmq/pr):

  2.5709800E-03 +/-   0.5676814     % 

  Energy interval (GeV):  3.0881900E-03  3.0119400E-03

  Flux (Part/sr/GeV/cmq/pr):

  3.9289761E-02 +/-   0.5234443     % 

  Flux (Part/deg/GeV/cmq/pr):

  2.7429431E-03 +/-   0.5234443     % 

  Energy interval (GeV):  3.0119400E-03  2.8650500E-03

  Flux (Part/sr/GeV/cmq/pr):

  4.3321431E-02 +/-   0.4369668     % 

  Flux (Part/deg/GeV/cmq/pr):

  3.0244065E-03 +/-   0.4369668     % 

  Energy interval (GeV):  2.8650500E-03  2.7253199E-03

  Flux (Part/sr/GeV/cmq/pr):

  4.8889425E-02 +/-   0.3383214     % 

  Flux (Part/deg/GeV/cmq/pr):

  3.4131259E-03 +/-   0.3383214     % 

  Energy interval (GeV):  2.7253199E-03  2.5923999E-03

  Flux (Part/sr/GeV/cmq/pr):

  5.5417519E-02 +/-   0.5612699     % 

  Flux (Part/deg/GeV/cmq/pr):

  3.8688728E-03 +/-   0.5612699     % 

  Energy interval (GeV):  2.5923999E-03  2.4659701E-03

  Flux (Part/sr/GeV/cmq/pr):

  6.2039502E-02 +/-   0.5500969     % 

  Flux (Part/deg/GeV/cmq/pr):

  4.3311748E-03 +/-   0.5500969     % 

  Energy interval (GeV):  2.4659701E-03  2.4251300E-03

  Flux (Part/sr/GeV/cmq/pr):

  6.7298315E-02 +/-   0.9877733     % 

  Flux (Part/deg/GeV/cmq/pr):

  4.6983091E-03 +/-   0.9877733     % 

  Energy interval (GeV):  2.4251300E-03  2.3852000E-03

  Flux (Part/sr/GeV/cmq/pr):

  6.8968140E-02 +/-   0.6800481     % 

  Flux (Part/deg/GeV/cmq/pr):

  4.8148846E-03 +/-   0.6800481     % 

  Energy interval (GeV):  2.3852000E-03  2.3652499E-03

  Flux (Part/sr/GeV/cmq/pr):

  7.0627727E-02 +/-   0.8430617     % 

  Flux (Part/deg/GeV/cmq/pr):

  4.9307458E-03 +/-   0.8430617     % 

  Energy interval (GeV):  2.3652499E-03  2.3457000E-03

  Flux (Part/sr/GeV/cmq/pr):

  7.2969146E-02 +/-    1.346409     % 

  Flux (Part/deg/GeV/cmq/pr):

  5.0942074E-03 +/-    1.346409     % 

  Energy interval (GeV):  2.3457000E-03  2.3068599E-03

  Flux (Part/sr/GeV/cmq/pr):

  7.3070176E-02 +/-   0.4880444     % 

  Flux (Part/deg/GeV/cmq/pr):

  5.1012612E-03 +/-   0.4880444     % 

  Energy interval (GeV):  2.3068599E-03  2.2688799E-03

  Flux (Part/sr/GeV/cmq/pr):

  7.5880744E-02 +/-   0.4780573     % 

  Flux (Part/deg/GeV/cmq/pr):

  5.2974755E-03 +/-   0.4780573     % 

  Energy interval (GeV):  2.2688799E-03  2.2313001E-03

  Flux (Part/sr/GeV/cmq/pr):

  7.8501448E-02 +/-   0.8991271     % 

  Flux (Part/deg/GeV/cmq/pr):

  5.4804352E-03 +/-   0.8991271     % 

  Energy interval (GeV):  2.2313001E-03  2.1224800E-03

  Flux (Part/sr/GeV/cmq/pr):

  8.3817758E-02 +/-   0.3695361     % 

  Flux (Part/deg/GeV/cmq/pr):

  5.8515840E-03 +/-   0.3695361     % 

  Energy interval (GeV):  2.1224800E-03  2.0189700E-03

  Flux (Part/sr/GeV/cmq/pr):

  9.1775432E-02 +/-   0.3458090     % 

  Flux (Part/deg/GeV/cmq/pr):

  6.4071342E-03 +/-   0.3458090     % 

  Energy interval (GeV):  2.0189700E-03  1.9691200E-03

  Flux (Part/sr/GeV/cmq/pr):

  9.8108038E-02 +/-   0.4295119     % 

  Flux (Part/deg/GeV/cmq/pr):

  6.8492335E-03 +/-   0.4295119     % 

  Energy interval (GeV):  1.9691200E-03  1.9205000E-03

  Flux (Part/sr/GeV/cmq/pr):

  0.1018071     +/-   0.4518639     % 

  Flux (Part/deg/GeV/cmq/pr):

  7.1074748E-03 +/-   0.4518639     % 

  Energy interval (GeV):  1.9205000E-03  1.8730800E-03

  Flux (Part/sr/GeV/cmq/pr):

  0.1061765     +/-   0.4469570     % 

  Flux (Part/deg/GeV/cmq/pr):

  7.4125174E-03 +/-   0.4469570     % 

  Energy interval (GeV):  1.8730800E-03  1.8268300E-03

  Flux (Part/sr/GeV/cmq/pr):

  0.1093294     +/-   0.3762068     % 

  Flux (Part/deg/GeV/cmq/pr):

  7.6326355E-03 +/-   0.3762068     % 

  Energy interval (GeV):  1.8268300E-03  1.7377400E-03

  Flux (Part/sr/GeV/cmq/pr):

  0.1156818     +/-   0.2639949     % 

  Flux (Part/deg/GeV/cmq/pr):

  8.0761118E-03 +/-   0.2639949     % 

  Energy interval (GeV):  1.7377400E-03  1.6529900E-03

  Flux (Part/sr/GeV/cmq/pr):

  0.1236326     +/-   0.3841856     % 

  Flux (Part/deg/GeV/cmq/pr):

  8.6311866E-03 +/-   0.3841856     % 

  Energy interval (GeV):  1.6529900E-03  1.6121800E-03

  Flux (Part/sr/GeV/cmq/pr):

  0.1290437     +/-   0.5164409     % 

  Flux (Part/deg/GeV/cmq/pr):

  9.0089515E-03 +/-   0.5164409     % 

  Energy interval (GeV):  1.6121800E-03  1.5723699E-03

  Flux (Part/sr/GeV/cmq/pr):

  0.1334392     +/-   0.4094768     % 

  Flux (Part/deg/GeV/cmq/pr):

  9.3158167E-03 +/-   0.4094768     % 

  Energy interval (GeV):  1.5723699E-03  1.5335500E-03

  Flux (Part/sr/GeV/cmq/pr):

  0.1370177     +/-   0.3994126     % 

  Flux (Part/deg/GeV/cmq/pr):

  9.5656374E-03 +/-   0.3994126     % 

  Energy interval (GeV):  1.5335500E-03  1.4956900E-03

  Flux (Part/sr/GeV/cmq/pr):

  0.1398831     +/-   0.4340964     % 

  Flux (Part/deg/GeV/cmq/pr):

  9.7656865E-03 +/-   0.4340964     % 

  Energy interval (GeV):  1.4956900E-03  1.4227401E-03

  Flux (Part/sr/GeV/cmq/pr):

  0.1446946     +/-   0.2630912     % 

  Flux (Part/deg/GeV/cmq/pr):

  1.0101588E-02 +/-   0.2630912     % 

  Energy interval (GeV):  1.4227401E-03  1.3533500E-03

  Flux (Part/sr/GeV/cmq/pr):

  0.1529375     +/-   0.6301106     % 

  Flux (Part/deg/GeV/cmq/pr):

  1.0677050E-02 +/-   0.6301106     % 

  Energy interval (GeV):  1.3533500E-03  1.2873500E-03

  Flux (Part/sr/GeV/cmq/pr):

  0.1584226     +/-   0.3429369     % 

  Flux (Part/deg/GeV/cmq/pr):

  1.1059987E-02 +/-   0.3429369     % 

  Energy interval (GeV):  1.2873500E-03  1.2245600E-03

  Flux (Part/sr/GeV/cmq/pr):

  0.1640782     +/-   0.2432577     % 

  Flux (Part/deg/GeV/cmq/pr):

  1.1454818E-02 +/-   0.2432577     % 

  Energy interval (GeV):  1.2245600E-03  1.1943300E-03

  Flux (Part/sr/GeV/cmq/pr):

  0.1677208     +/-   0.4425163     % 

  Flux (Part/deg/GeV/cmq/pr):

  1.1709123E-02 +/-   0.4425163     % 

  Energy interval (GeV):  1.1943300E-03  1.1648400E-03

  Flux (Part/sr/GeV/cmq/pr):

  0.1713920     +/-   0.5135869     % 

  Flux (Part/deg/GeV/cmq/pr):

  1.1965420E-02 +/-   0.5135869     % 

  Energy interval (GeV):  1.1648400E-03  1.1080300E-03

  Flux (Part/sr/GeV/cmq/pr):

  0.1743138     +/-   0.2269838     % 

  Flux (Part/deg/GeV/cmq/pr):

  1.2169396E-02 +/-   0.2269838     % 

  Energy interval (GeV):  1.1080300E-03  1.0539900E-03

  Flux (Part/sr/GeV/cmq/pr):

  0.1800877     +/-   0.3080392     % 

  Flux (Part/deg/GeV/cmq/pr):

  1.2572494E-02 +/-   0.3080392     % 

  Energy interval (GeV):  1.0539900E-03  1.0025901E-03

  Flux (Part/sr/GeV/cmq/pr):

  0.1837506     +/-   0.2504212     % 

  Flux (Part/deg/GeV/cmq/pr):

  1.2828211E-02 +/-   0.2504212     % 

  Energy interval (GeV):  1.0025901E-03  9.7783399E-04

  Flux (Part/sr/GeV/cmq/pr):

  0.1860738     +/-   0.4136863     % 

  Flux (Part/deg/GeV/cmq/pr):

  1.2990404E-02 +/-   0.4136863     % 

  Energy interval (GeV):  9.7783399E-04  9.6163998E-04

  Flux (Part/sr/GeV/cmq/pr):

  0.1888895     +/-   0.4605305     % 

  Flux (Part/deg/GeV/cmq/pr):

  1.3186973E-02 +/-   0.4605305     % 

  Energy interval (GeV):  9.6163998E-04  9.5369201E-04

  Flux (Part/sr/GeV/cmq/pr):

  0.1912812     +/-   0.5522964     % 

  Flux (Part/deg/GeV/cmq/pr):

  1.3353948E-02 +/-   0.5522964     % 

  Energy interval (GeV):  9.5369201E-04  9.0717903E-04

  Flux (Part/sr/GeV/cmq/pr):

  0.1919930     +/-   0.3120292     % 

  Flux (Part/deg/GeV/cmq/pr):

  1.3403644E-02 +/-   0.3120292     % 

  Energy interval (GeV):  9.0717903E-04  8.6293602E-04

  Flux (Part/sr/GeV/cmq/pr):

  0.1950640     +/-   0.2597800     % 

  Flux (Part/deg/GeV/cmq/pr):

  1.3618040E-02 +/-   0.2597800     % 

  Energy interval (GeV):  8.6293602E-04  8.2085002E-04

  Flux (Part/sr/GeV/cmq/pr):

  0.1999031     +/-   0.6370941     % 

  Flux (Part/deg/GeV/cmq/pr):

  1.3955873E-02 +/-   0.6370941     % 

  Energy interval (GeV):  8.2085002E-04  7.8081700E-04

  Flux (Part/sr/GeV/cmq/pr):

  0.2017493     +/-   0.4370463     % 

  Flux (Part/deg/GeV/cmq/pr):

  1.4084757E-02 +/-   0.4370463     % 

  Energy interval (GeV):  7.8081700E-04  7.4273598E-04

  Flux (Part/sr/GeV/cmq/pr):

  0.2018033     +/-   0.3694981     % 

  Flux (Part/deg/GeV/cmq/pr):

  1.4088525E-02 +/-   0.3694981     % 

  Energy interval (GeV):  7.4273598E-04  7.0651202E-04

  Flux (Part/sr/GeV/cmq/pr):

  0.2050180     +/-   0.2868215     % 

  Flux (Part/deg/GeV/cmq/pr):

  1.4312958E-02 +/-   0.2868215     % 

  Energy interval (GeV):  7.0651202E-04  6.7205500E-04

  Flux (Part/sr/GeV/cmq/pr):

  0.2074200     +/-   0.3477575     % 

  Flux (Part/deg/GeV/cmq/pr):

  1.4480650E-02 +/-   0.3477575     % 

  Energy interval (GeV):  6.7205500E-04  6.3927902E-04

  Flux (Part/sr/GeV/cmq/pr):

  0.2101210     +/-    1.009683     % 

  Flux (Part/deg/GeV/cmq/pr):

  1.4669215E-02 +/-    1.009683     % 

  Energy interval (GeV):  6.3927902E-04  6.0810102E-04

  Flux (Part/sr/GeV/cmq/pr):

  0.2086600     +/-   0.3045407     % 

  Flux (Part/deg/GeV/cmq/pr):

  1.4567220E-02 +/-   0.3045407     % 

  Energy interval (GeV):  6.0810102E-04  5.7844300E-04

  Flux (Part/sr/GeV/cmq/pr):

  0.2088115     +/-   0.3454410     % 

  Flux (Part/deg/GeV/cmq/pr):

  1.4577792E-02 +/-   0.3454410     % 

  Energy interval (GeV):  5.7844300E-04  5.5023201E-04

  Flux (Part/sr/GeV/cmq/pr):

  0.2088997     +/-   0.2916172     % 

  Flux (Part/deg/GeV/cmq/pr):

  1.4583952E-02 +/-   0.2916172     % 

  Energy interval (GeV):  5.5023201E-04  5.3664698E-04

  Flux (Part/sr/GeV/cmq/pr):

  0.2087266     +/-   0.4362585     % 

  Flux (Part/deg/GeV/cmq/pr):

  1.4571870E-02 +/-   0.4362585     % 

  Energy interval (GeV):  5.3664698E-04  5.2339700E-04

  Flux (Part/sr/GeV/cmq/pr):

  0.2077507     +/-   0.4152032     % 

  Flux (Part/deg/GeV/cmq/pr):

  1.4503736E-02 +/-   0.4152032     % 

  Energy interval (GeV):  5.2339700E-04  5.1047403E-04

  Flux (Part/sr/GeV/cmq/pr):

  0.2100519     +/-   0.4887888     % 

  Flux (Part/deg/GeV/cmq/pr):

  1.4664390E-02 +/-   0.4887888     % 

  Energy interval (GeV):  5.1047403E-04  4.9787102E-04

  Flux (Part/sr/GeV/cmq/pr):

  0.2082995     +/-   0.5484952     % 

  Flux (Part/deg/GeV/cmq/pr):

  1.4542051E-02 +/-   0.5484952     % 

  Energy interval (GeV):  4.9787102E-04  4.7358900E-04

  Flux (Part/sr/GeV/cmq/pr):

  0.2067328     +/-   0.3642834     % 

  Flux (Part/deg/GeV/cmq/pr):

  1.4432676E-02 +/-   0.3642834     % 

  Energy interval (GeV):  4.7358900E-04  4.5049199E-04

  Flux (Part/sr/GeV/cmq/pr):

  0.2064492     +/-   0.3714943     % 

  Flux (Part/deg/GeV/cmq/pr):

  1.4412876E-02 +/-   0.3714943     % 

  Energy interval (GeV):  4.5049199E-04  4.2852099E-04

  Flux (Part/sr/GeV/cmq/pr):

  0.2040988     +/-   0.3505853     % 

  Flux (Part/deg/GeV/cmq/pr):

  1.4248787E-02 +/-   0.3505853     % 

  Energy interval (GeV):  4.2852099E-04  4.0762199E-04

  Flux (Part/sr/GeV/cmq/pr):

  0.2033475     +/-   0.4563137     % 

  Flux (Part/deg/GeV/cmq/pr):

  1.4196337E-02 +/-   0.4563137     % 

  Energy interval (GeV):  4.0762199E-04  3.8774201E-04

  Flux (Part/sr/GeV/cmq/pr):

  0.2034892     +/-   0.7061398     % 

  Flux (Part/deg/GeV/cmq/pr):

  1.4206229E-02 +/-   0.7061398     % 

  Energy interval (GeV):  3.8774201E-04  3.6883200E-04

  Flux (Part/sr/GeV/cmq/pr):

  0.1973260     +/-   0.4298297     % 

  Flux (Part/deg/GeV/cmq/pr):

  1.3775952E-02 +/-   0.4298297     % 

  Energy interval (GeV):  3.6883200E-04  3.5084400E-04

  Flux (Part/sr/GeV/cmq/pr):

  0.1952755     +/-   0.3956608     % 

  Flux (Part/deg/GeV/cmq/pr):

  1.3632799E-02 +/-   0.3956608     % 

  Energy interval (GeV):  3.5084400E-04  3.3373301E-04

  Flux (Part/sr/GeV/cmq/pr):

  0.1916418     +/-   0.4477499     % 

  Flux (Part/deg/GeV/cmq/pr):

  1.3379123E-02 +/-   0.4477499     % 

  Energy interval (GeV):  3.3373301E-04  3.1745600E-04

  Flux (Part/sr/GeV/cmq/pr):

  0.1925953     +/-   0.4713677     % 

  Flux (Part/deg/GeV/cmq/pr):

  1.3445693E-02 +/-   0.4713677     % 

  Energy interval (GeV):  3.1745600E-04  3.0961799E-04

  Flux (Part/sr/GeV/cmq/pr):

  0.1877955     +/-   0.7684996     % 

  Flux (Part/deg/GeV/cmq/pr):

  1.3110598E-02 +/-   0.7684996     % 

  Energy interval (GeV):  3.0961799E-04  3.0197401E-04

  Flux (Part/sr/GeV/cmq/pr):

  0.1867087     +/-   0.7484821     % 

  Flux (Part/deg/GeV/cmq/pr):

  1.3034726E-02 +/-   0.7484821     % 

  Energy interval (GeV):  3.0197401E-04  2.9451799E-04

  Flux (Part/sr/GeV/cmq/pr):

  0.1846386     +/-   0.7456252     % 

  Flux (Part/deg/GeV/cmq/pr):

  1.2890206E-02 +/-   0.7456252     % 

  Energy interval (GeV):  2.9451799E-04  2.8724599E-04

  Flux (Part/sr/GeV/cmq/pr):

  0.1814620     +/-   0.6724997     % 

  Flux (Part/deg/GeV/cmq/pr):

  1.2668439E-02 +/-   0.6724997     % 

  Energy interval (GeV):  2.8724599E-04  2.8015400E-04

  Flux (Part/sr/GeV/cmq/pr):

  0.1819540     +/-   0.5820362     % 

  Flux (Part/deg/GeV/cmq/pr):

  1.2702785E-02 +/-   0.5820362     % 

  Energy interval (GeV):  2.8015400E-04  2.7323700E-04

  Flux (Part/sr/GeV/cmq/pr):

  0.1812167     +/-   0.8250229     % 

  Flux (Part/deg/GeV/cmq/pr):

  1.2651312E-02 +/-   0.8250229     % 

  Energy interval (GeV):  2.7323700E-04  2.5991100E-04

  Flux (Part/sr/GeV/cmq/pr):

  0.1773674     +/-   0.4538032     % 

  Flux (Part/deg/GeV/cmq/pr):

  1.2382582E-02 +/-   0.4538032     % 

  Energy interval (GeV):  2.5991100E-04  2.4723500E-04

  Flux (Part/sr/GeV/cmq/pr):

  0.1753993     +/-   0.6234698     % 

  Flux (Part/deg/GeV/cmq/pr):

  1.2245184E-02 +/-   0.6234698     % 

  Energy interval (GeV):  2.4723500E-04  2.3517800E-04

  Flux (Part/sr/GeV/cmq/pr):

  0.1709210     +/-   0.6727646     % 

  Flux (Part/deg/GeV/cmq/pr):

  1.1932540E-02 +/-   0.6727646     % 

  Energy interval (GeV):  2.3517800E-04  2.2370800E-04

  Flux (Part/sr/GeV/cmq/pr):

  0.1695285     +/-   0.6749738     % 

  Flux (Part/deg/GeV/cmq/pr):

  1.1835326E-02 +/-   0.6749738     % 

  Energy interval (GeV):  2.2370800E-04  2.1279699E-04

  Flux (Part/sr/GeV/cmq/pr):

  0.1692937     +/-    2.186288     % 

  Flux (Part/deg/GeV/cmq/pr):

  1.1818928E-02 +/-    2.186288     % 

  Energy interval (GeV):  2.1279699E-04  2.0241900E-04

  Flux (Part/sr/GeV/cmq/pr):

  0.1656042     +/-    1.334920     % 

  Flux (Part/deg/GeV/cmq/pr):

  1.1561355E-02 +/-    1.334920     % 

  Energy interval (GeV):  2.0241900E-04  1.9254700E-04

  Flux (Part/sr/GeV/cmq/pr):

  0.1587062     +/-   0.5566974     % 

  Flux (Part/deg/GeV/cmq/pr):

  1.1079783E-02 +/-   0.5566974     % 

  Energy interval (GeV):  1.9254700E-04  1.8315599E-04

  Flux (Part/sr/GeV/cmq/pr):

  0.1555006     +/-   0.7902999     % 

  Flux (Part/deg/GeV/cmq/pr):

  1.0855990E-02 +/-   0.7902999     % 

  Energy interval (GeV):  1.8315599E-04  1.7422400E-04

  Flux (Part/sr/GeV/cmq/pr):

  0.1547624     +/-   0.7022474     % 

  Flux (Part/deg/GeV/cmq/pr):

  1.0804458E-02 +/-   0.7022474     % 

  Energy interval (GeV):  1.7422400E-04  1.6992200E-04

  Flux (Part/sr/GeV/cmq/pr):

  0.1530431     +/-    1.117732     % 

  Flux (Part/deg/GeV/cmq/pr):

  1.0684424E-02 +/-    1.117732     % 

  Energy interval (GeV):  1.6992200E-04  1.6572700E-04

  Flux (Part/sr/GeV/cmq/pr):

  0.1502097     +/-   0.9446567     % 

  Flux (Part/deg/GeV/cmq/pr):

  1.0486618E-02 +/-   0.9446567     % 

  Energy interval (GeV):  1.6572700E-04  1.6163501E-04

  Flux (Part/sr/GeV/cmq/pr):

  0.1514655     +/-    2.804941     % 

  Flux (Part/deg/GeV/cmq/pr):

  1.0574290E-02 +/-    2.804941     % 

  Energy interval (GeV):  1.6163501E-04  1.5764400E-04

  Flux (Part/sr/GeV/cmq/pr):

  0.1449001     +/-    1.157236     % 

  Flux (Part/deg/GeV/cmq/pr):

  1.0115934E-02 +/-    1.157236     % 

  Energy interval (GeV):  1.5764400E-04  1.4995600E-04

  Flux (Part/sr/GeV/cmq/pr):

  0.1423878     +/-   0.7528964     % 

  Flux (Part/deg/GeV/cmq/pr):

  9.9405423E-03 +/-   0.7528964     % 

  Energy interval (GeV):  1.4995600E-04  1.4264201E-04

  Flux (Part/sr/GeV/cmq/pr):

  0.1381112     +/-   0.8825535     % 

  Flux (Part/deg/GeV/cmq/pr):

  9.6419798E-03 +/-   0.8825535     % 

  Energy interval (GeV):  1.4264201E-04  1.3568600E-04

  Flux (Part/sr/GeV/cmq/pr):

  0.1406012     +/-   0.8301497     % 

  Flux (Part/deg/GeV/cmq/pr):

  9.8158186E-03 +/-   0.8301497     % 

  Energy interval (GeV):  1.3568600E-04  1.2906799E-04

  Flux (Part/sr/GeV/cmq/pr):

  0.1350452     +/-   0.8861045     % 

  Flux (Part/deg/GeV/cmq/pr):

  9.4279340E-03 +/-   0.8861045     % 

  Energy interval (GeV):  1.2906799E-04  1.2277300E-04

  Flux (Part/sr/GeV/cmq/pr):

  0.1328712     +/-   0.8991831     % 

  Flux (Part/deg/GeV/cmq/pr):

  9.2761582E-03 +/-   0.8991831     % 

  Energy interval (GeV):  1.2277300E-04  1.1678600E-04

  Flux (Part/sr/GeV/cmq/pr):

  0.1295451     +/-   0.8693061     % 

  Flux (Part/deg/GeV/cmq/pr):

  9.0439525E-03 +/-   0.8693061     % 

  Energy interval (GeV):  1.1678600E-04  1.1109000E-04

  Flux (Part/sr/GeV/cmq/pr):

  0.1298110     +/-    2.664577     % 

  Flux (Part/deg/GeV/cmq/pr):

  9.0625212E-03 +/-    2.664577     % 

  Energy interval (GeV):  1.1109000E-04  9.8036500E-05

  Flux (Part/sr/GeV/cmq/pr):

  0.1228343     +/-   0.6057013     % 

  Flux (Part/deg/GeV/cmq/pr):

  8.5754544E-03 +/-   0.6057013     % 

  Energy interval (GeV):  9.8036500E-05  8.6516899E-05

  Flux (Part/sr/GeV/cmq/pr):

  0.1184766     +/-   0.9306489     % 

  Flux (Part/deg/GeV/cmq/pr):

  8.2712285E-03 +/-   0.9306489     % 

  Energy interval (GeV):  8.6516899E-05  7.6350902E-05

  Flux (Part/sr/GeV/cmq/pr):

  0.1131213     +/-    1.487736     % 

  Flux (Part/deg/GeV/cmq/pr):

  7.8973565E-03 +/-    1.487736     % 

  Energy interval (GeV):  7.6350902E-05  6.7379500E-05

  Flux (Part/sr/GeV/cmq/pr):

  0.1042564     +/-   0.7880981     % 

  Flux (Part/deg/GeV/cmq/pr):

  7.2784703E-03 +/-   0.7880981     % 

  Energy interval (GeV):  6.7379500E-05  6.2510902E-05

  Flux (Part/sr/GeV/cmq/pr):

  0.1009702     +/-    1.234069     % 

  Flux (Part/deg/GeV/cmq/pr):

  7.0490525E-03 +/-    1.234069     % 

  Energy interval (GeV):  6.2510902E-05  5.9462200E-05

  Flux (Part/sr/GeV/cmq/pr):

  9.9301614E-02 +/-    2.155901     % 

  Flux (Part/deg/GeV/cmq/pr):

  6.9325613E-03 +/-    2.155901     % 

  Energy interval (GeV):  5.9462200E-05  5.6562199E-05

  Flux (Part/sr/GeV/cmq/pr):

  9.6272700E-02 +/-    2.069597     % 

  Flux (Part/deg/GeV/cmq/pr):

  6.7211026E-03 +/-    2.069597     % 

  Energy interval (GeV):  5.6562199E-05  5.2475199E-05

  Flux (Part/sr/GeV/cmq/pr):

  9.4415598E-02 +/-    1.101980     % 

  Flux (Part/deg/GeV/cmq/pr):

  6.5914528E-03 +/-    1.101980     % 

  Energy interval (GeV):  5.2475199E-05  4.6309200E-05

  Flux (Part/sr/GeV/cmq/pr):

  9.2449345E-02 +/-    1.560050     % 

  Flux (Part/deg/GeV/cmq/pr):

  6.4541823E-03 +/-    1.560050     % 

  Energy interval (GeV):  4.6309200E-05  4.0867701E-05

  Flux (Part/sr/GeV/cmq/pr):

  8.8101007E-02 +/-   0.8118024     % 

  Flux (Part/deg/GeV/cmq/pr):

  6.1506112E-03 +/-   0.8118024     % 

  Energy interval (GeV):  4.0867701E-05  3.6065601E-05

  Flux (Part/sr/GeV/cmq/pr):

  8.5097626E-02 +/-    1.582918     % 

  Flux (Part/deg/GeV/cmq/pr):

  5.9409356E-03 +/-    1.582918     % 

  Energy interval (GeV):  3.6065601E-05  3.5175199E-05

  Flux (Part/sr/GeV/cmq/pr):

  7.9825528E-02 +/-    2.257711     % 

  Flux (Part/deg/GeV/cmq/pr):

  5.5728732E-03 +/-    2.257711     % 

  Energy interval (GeV):  3.5175199E-05  3.4306700E-05

  Flux (Part/sr/GeV/cmq/pr):

  7.9377927E-02 +/-    2.351105     % 

  Flux (Part/deg/GeV/cmq/pr):

  5.5416250E-03 +/-    2.351105     % 

  Energy interval (GeV):  3.4306700E-05  3.1827800E-05

  Flux (Part/sr/GeV/cmq/pr):

  8.0042370E-02 +/-    1.560391     % 

  Flux (Part/deg/GeV/cmq/pr):

  5.5880118E-03 +/-    1.560391     % 

  Energy interval (GeV):  3.1827800E-05  2.8087899E-05

  Flux (Part/sr/GeV/cmq/pr):

  7.8558810E-02 +/-    1.880295     % 

  Flux (Part/deg/GeV/cmq/pr):

  5.4844399E-03 +/-    1.880295     % 

  Energy interval (GeV):  2.8087899E-05  2.6058400E-05

  Flux (Part/sr/GeV/cmq/pr):

  7.2204717E-02 +/-    1.737492     % 

  Flux (Part/deg/GeV/cmq/pr):

  5.0408407E-03 +/-    1.737492     % 

  Energy interval (GeV):  2.6058400E-05  2.4787500E-05

  Flux (Part/sr/GeV/cmq/pr):

  7.0575938E-02 +/-    1.740239     % 

  Flux (Part/deg/GeV/cmq/pr):

  4.9271304E-03 +/-    1.740239     % 

  Energy interval (GeV):  2.4787500E-05  2.4175501E-05

  Flux (Part/sr/GeV/cmq/pr):

  6.7584611E-02 +/-    2.789330     % 

  Flux (Part/deg/GeV/cmq/pr):

  4.7182967E-03 +/-    2.789330     % 

  Energy interval (GeV):  2.4175501E-05  2.3578599E-05

  Flux (Part/sr/GeV/cmq/pr):

  7.5325288E-02 +/-    3.846964     % 

  Flux (Part/deg/GeV/cmq/pr):

  5.2586976E-03 +/-    3.846964     % 

  Energy interval (GeV):  2.3578599E-05  2.1874899E-05

  Flux (Part/sr/GeV/cmq/pr):

  6.9213264E-02 +/-    1.526252     % 

  Flux (Part/deg/GeV/cmq/pr):

  4.8319977E-03 +/-    1.526252     % 

  Energy interval (GeV):  2.1874899E-05  2.1334799E-05

  Flux (Part/sr/GeV/cmq/pr):

  6.8642408E-02 +/-    4.097348     % 

  Flux (Part/deg/GeV/cmq/pr):

  4.7921445E-03 +/-    4.097348     % 

  Energy interval (GeV):  2.1334799E-05  1.9304500E-05

  Flux (Part/sr/GeV/cmq/pr):

  6.7041807E-02 +/-    1.577393     % 

  Flux (Part/deg/GeV/cmq/pr):

  4.6804012E-03 +/-    1.577393     % 

  Energy interval (GeV):  1.9304500E-05  1.7036200E-05

  Flux (Part/sr/GeV/cmq/pr):

  6.8945922E-02 +/-    2.287834     % 

  Flux (Part/deg/GeV/cmq/pr):

  4.8133335E-03 +/-    2.287834     % 

  Energy interval (GeV):  1.7036200E-05  1.5034400E-05

  Flux (Part/sr/GeV/cmq/pr):

  6.7981452E-02 +/-    3.395968     % 

  Flux (Part/deg/GeV/cmq/pr):

  4.7460007E-03 +/-    3.395968     % 

  Energy interval (GeV):  1.5034400E-05  1.3267800E-05

  Flux (Part/sr/GeV/cmq/pr):

  6.3202523E-02 +/-    2.146450     % 

  Flux (Part/deg/GeV/cmq/pr):

  4.4123684E-03 +/-    2.146450     % 

  Energy interval (GeV):  1.3267800E-05  1.1708800E-05

  Flux (Part/sr/GeV/cmq/pr):

  5.9366509E-02 +/-    2.370060     % 

  Flux (Part/deg/GeV/cmq/pr):

  4.1445643E-03 +/-    2.370060     % 

  Energy interval (GeV):  1.1708800E-05  1.0333000E-05

  Flux (Part/sr/GeV/cmq/pr):

  6.3823551E-02 +/-    2.407078     % 

  Flux (Part/deg/GeV/cmq/pr):

  4.4557247E-03 +/-    2.407078     % 

  Energy interval (GeV):  1.0333000E-05  9.1188203E-06

  Flux (Part/sr/GeV/cmq/pr):

  5.7952229E-02 +/-    2.096388     % 

  Flux (Part/deg/GeV/cmq/pr):

  4.0458292E-03 +/-    2.096388     % 

  Energy interval (GeV):  9.1188203E-06  8.0473301E-06

  Flux (Part/sr/GeV/cmq/pr):

  5.8801949E-02 +/-    2.546710     % 

  Flux (Part/deg/GeV/cmq/pr):

  4.1051507E-03 +/-    2.546710     % 

  Energy interval (GeV):  8.0473301E-06  7.1017398E-06

  Flux (Part/sr/GeV/cmq/pr):

  5.2819792E-02 +/-    3.048828     % 

  Flux (Part/deg/GeV/cmq/pr):

  3.6875173E-03 +/-    3.048828     % 

  Energy interval (GeV):  7.1017398E-06  6.2672698E-06

  Flux (Part/sr/GeV/cmq/pr):

  6.1613068E-02 +/-    9.086960     % 

  Flux (Part/deg/GeV/cmq/pr):

  4.3014036E-03 +/-    9.086960     % 

  Energy interval (GeV):  6.2672698E-06  5.5308401E-06

  Flux (Part/sr/GeV/cmq/pr):

  6.1254758E-02 +/-    11.25329     % 

  Flux (Part/deg/GeV/cmq/pr):

  4.2763893E-03 +/-    11.25329     % 

  Energy interval (GeV):  5.5308401E-06  5.0045101E-06

  Flux (Part/sr/GeV/cmq/pr):

  5.3298686E-02 +/-    3.981220     % 

  Flux (Part/deg/GeV/cmq/pr):

  3.7209503E-03 +/-    3.981220     % 

  Energy interval (GeV):  5.0045101E-06  4.5282700E-06

  Flux (Part/sr/GeV/cmq/pr):

  5.4940645E-02 +/-    4.600139     % 

  Flux (Part/deg/GeV/cmq/pr):

  3.8355808E-03 +/-    4.600139     % 

  Energy interval (GeV):  4.5282700E-06  4.3074201E-06

  Flux (Part/sr/GeV/cmq/pr):

  5.4178566E-02 +/-    9.237717     % 

  Flux (Part/deg/GeV/cmq/pr):

  3.7823778E-03 +/-    9.237717     % 

  Energy interval (GeV):  4.3074201E-06  4.0973500E-06

  Flux (Part/sr/GeV/cmq/pr):

  4.7322966E-02 +/-    5.403530     % 

  Flux (Part/deg/GeV/cmq/pr):

  3.3037665E-03 +/-    5.403530     % 

  Energy interval (GeV):  4.0973500E-06  3.7074401E-06

  Flux (Part/sr/GeV/cmq/pr):

  5.2051224E-02 +/-    5.232841     % 

  Flux (Part/deg/GeV/cmq/pr):

  3.6338612E-03 +/-    5.232841     % 

  Energy interval (GeV):  3.7074401E-06  3.3546301E-06

  Flux (Part/sr/GeV/cmq/pr):

  4.2230770E-02 +/-    5.172326     % 

  Flux (Part/deg/GeV/cmq/pr):

  2.9482641E-03 +/-    5.172326     % 

  Energy interval (GeV):  3.3546301E-06  3.0353899E-06

  Flux (Part/sr/GeV/cmq/pr):

  4.7263037E-02 +/-    6.554717     % 

  Flux (Part/deg/GeV/cmq/pr):

  3.2995825E-03 +/-    6.554717     % 

  Energy interval (GeV):  3.0353899E-06  2.8634900E-06

  Flux (Part/sr/GeV/cmq/pr):

  4.3740496E-02 +/-    9.177693     % 

  Flux (Part/deg/GeV/cmq/pr):

  3.0536628E-03 +/-    9.177693     % 

  Energy interval (GeV):  2.8634900E-06  2.7465401E-06

  Flux (Part/sr/GeV/cmq/pr):

  5.0212953E-02 +/-    7.769185     % 

  Flux (Part/deg/GeV/cmq/pr):

  3.5055256E-03 +/-    7.769185     % 

  Energy interval (GeV):  2.7465401E-06  2.6125899E-06

  Flux (Part/sr/GeV/cmq/pr):

  4.6774291E-02 +/-    10.56294     % 

  Flux (Part/deg/GeV/cmq/pr):

  3.2654619E-03 +/-    10.56294     % 

  Energy interval (GeV):  2.6125899E-06  2.4851699E-06

  Flux (Part/sr/GeV/cmq/pr):

  4.2705584E-02 +/-    7.907275     % 

  Flux (Part/deg/GeV/cmq/pr):

  2.9814125E-03 +/-    7.907275     % 

  Energy interval (GeV):  2.4851699E-06  2.2486699E-06

  Flux (Part/sr/GeV/cmq/pr):

  4.0808212E-02 +/-    4.844801     % 

  Flux (Part/deg/GeV/cmq/pr):

  2.8489509E-03 +/-    4.844801     % 

  Energy interval (GeV):  2.2486699E-06  2.0346799E-06

  Flux (Part/sr/GeV/cmq/pr):

  4.2581942E-02 +/-    7.465522     % 

  Flux (Part/deg/GeV/cmq/pr):

  2.9727805E-03 +/-    7.465522     % 

  Energy interval (GeV):  2.0346799E-06  1.8410600E-06

  Flux (Part/sr/GeV/cmq/pr):

  4.5126446E-02 +/-    9.582290     % 

  Flux (Part/deg/GeV/cmq/pr):

  3.1504203E-03 +/-    9.582290     % 

  Energy interval (GeV):  1.8410600E-06  1.6658601E-06

  Flux (Part/sr/GeV/cmq/pr):

  3.8667187E-02 +/-    6.778059     % 

  Flux (Part/deg/GeV/cmq/pr):

  2.6994792E-03 +/-    6.778059     % 

  Energy interval (GeV):  1.6658601E-06  1.5846100E-06

  Flux (Part/sr/GeV/cmq/pr):

  4.9543813E-02 +/-    15.93822     % 

  Flux (Part/deg/GeV/cmq/pr):

  3.4588107E-03 +/-    15.93822     % 

  Energy interval (GeV):  1.5846100E-06  1.5073300E-06

  Flux (Part/sr/GeV/cmq/pr):

  3.7274953E-02 +/-    11.92714     % 

  Flux (Part/deg/GeV/cmq/pr):

  2.6022827E-03 +/-    11.92714     % 

  Energy interval (GeV):  1.5073300E-06  1.3638900E-06

  Flux (Part/sr/GeV/cmq/pr):

  3.8268279E-02 +/-    4.832653     % 

  Flux (Part/deg/GeV/cmq/pr):

  2.6716301E-03 +/-    4.832653     % 

  Energy interval (GeV):  1.3638900E-06  1.2341000E-06

  Flux (Part/sr/GeV/cmq/pr):

  4.0319860E-02 +/-    9.996463     % 

  Flux (Part/deg/GeV/cmq/pr):

  2.8148573E-03 +/-    9.996463     % 

  Energy interval (GeV):  1.2341000E-06  9.6111603E-07

  Flux (Part/sr/GeV/cmq/pr):

  3.3711899E-02 +/-    6.333675     % 

  Flux (Part/deg/GeV/cmq/pr):

  2.3535348E-03 +/-    6.333675     % 
