1NUMBER OF BEAM       NUMBER OF BEAM        APPROXIMATE NUMBER    AVERAGE TIME USED     TIME LEFT (RESERVED   NUMBER OF STARS
 PARTICLES HANDLED    PARTICLES LEFT        OF BEAM PARTICLES     BY A BEAM PARTICLE     10000.0 SECONDS      CREATED
                                            THAT CAN STILL BE                           FOR PRINTOUT)
                                            HANDLED

 NEXT SEEDS:       0       0       0       0       0       0    B272      7B       0       0
          1             299999999             299999999             1.0013580E-04         1.0000000E+30                 0       
 NEXT SEEDS:      F4       0       0       0       0       0    B272      7B       0       0
    6000000             294000000             294000000             4.2766220E-05         1.0000000E+30             19980       
 NEXT SEEDS: 9341A39       1       0       0       0       0    B272      7B       0       0
   12000000             288000000             288000000             4.3571915E-05         1.0000000E+30             39973       
 NEXT SEEDS:1266465A       2       0       0       0       0    B272      7B       0       0
   18000000             282000000             282000000             4.3667355E-05         1.0000000E+30             59494       
 NEXT SEEDS:1B92A28F       3       0       0       0       0    B272      7B       0       0
   24000000             276000000             276000000             4.3620079E-05         1.0000000E+30             79481       
 NEXT SEEDS:24C4FD01       4       0       0       0       0    B272      7B       0       0
   30000000             270000000             270000000             4.3565135E-05         1.0000000E+30             99490       
 NEXT SEEDS:2DFC47FD       5       0       0       0       0    B272      7B       0       0
   36000000             264000000             264000000             4.3567178E-05         1.0000000E+30            119437       
 NEXT SEEDS:373191A7       6       0       0       0       0    B272      7B       0       0
  *** Rcfset:kprin,bfcmax,epat00,ppat00,ravpot           1 -0.14217267968707170       0.94252713708860214        8.9456561725233599E-002   12.440777676959296     
  ***RCFSET:EPAT00,VCOUMX,AM(KPRIN),KPRIN  0.94252713708860214        4.4745366653415469E-003  0.93827231000000000                1
   42000000             258000000             258000000             4.3490622E-05         1.0000000E+30            139763       
 NEXT SEEDS: 4D4C3A0       8       0       0       0       0    B272      7B       0       0
   48000000             252000000             252000000             4.3457022E-05         1.0000000E+30            159778       
 NEXT SEEDS: E0A0DBD       9       0       0       0       0    B272      7B       0       0
   54000000             246000000             246000000             4.3368011E-05         1.0000000E+30            179691       
 NEXT SEEDS:173C63C4       A       0       0       0       0    B272      7B       0       0
   60000000             240000000             240000000             4.3409828E-05         1.0000000E+30            199596       
 NEXT SEEDS:2071BBFD       B       0       0       0       0    B272      7B       0       0
   66000000             234000000             234000000             4.3377516E-05         1.0000000E+30            219580       
 NEXT SEEDS:29ACAE74       C       0       0       0       0    B272      7B       0       0
   72000000             228000000             228000000             4.3426328E-05         1.0000000E+30            239367       
 NEXT SEEDS:32E0DA46       D       0       0       0       0    B272      7B       0       0
   78000000             222000000             222000000             4.3399765E-05         1.0000000E+30            259460       
 NEXT SEEDS:  817B0C       F       0       0       0       0    B272      7B       0       0
   84000000             216000000             216000000             4.3346346E-05         1.0000000E+30            279616       
 NEXT SEEDS: 9B688E8      10       0       0       0       0    B272      7B       0       0
   90000000             210000000             210000000             4.3350302E-05         1.0000000E+30            299563       
 NEXT SEEDS:12E96B21      11       0       0       0       0    B272      7B       0       0
   96000000             204000000             204000000             4.3355355E-05         1.0000000E+30            319642       
 NEXT SEEDS:1C25EBA9      12       0       0       0       0    B272      7B       0       0
  102000000             198000000             198000000             4.3331479E-05         1.0000000E+30            339646       
 NEXT SEEDS:255A1C69      13       0       0       0       0    B272      7B       0       0
  108000000             192000000             192000000             4.3311965E-05         1.0000000E+30            359593       
 NEXT SEEDS:2E928CD8      14       0       0       0       0    B272      7B       0       0
  114000000             186000000             186000000             4.3319724E-05         1.0000000E+30            379239       
 NEXT SEEDS:37BF4E03      15       0       0       0       0    B272      7B       0       0
  120000000             180000000             180000000             4.3278437E-05         1.0000000E+30            398754       
 NEXT SEEDS: 552F02F      17       0       0       0       0    B272      7B       0       0
  126000000             174000000             174000000             4.3272169E-05         1.0000000E+30            418591       
 NEXT SEEDS: E8672EA      18       0       0       0       0    B272      7B       0       0
  132000000             168000000             168000000             4.3293655E-05         1.0000000E+30            438787       
 NEXT SEEDS:17C16EE2      19       0       0       0       0    B272      7B       0       0
  138000000             162000000             162000000             4.3291909E-05         1.0000000E+30            458838       
 NEXT SEEDS:20FE1EE9      1A       0       0       0       0    B272      7B       0       0
  144000000             156000000             156000000             4.3299966E-05         1.0000000E+30            478696       
 NEXT SEEDS:2A3370C2      1B       0       0       0       0    B272      7B       0       0
  150000000             150000000             150000000             4.3283371E-05         1.0000000E+30            498605       
 NEXT SEEDS:336792EF      1C       0       0       0       0    B272      7B       0       0
  156000000             144000000             144000000             4.3289140E-05         1.0000000E+30            518650       
 NEXT SEEDS: 10DD98F      1E       0       0       0       0    B272      7B       0       0
  162000000             138000000             138000000             4.3300114E-05         1.0000000E+30            538667       
 NEXT SEEDS: A443F30      1F       0       0       0       0    B272      7B       0       0
  168000000             132000000             132000000             4.3286045E-05         1.0000000E+30            558796       
 NEXT SEEDS:13835873      20       0       0       0       0    B272      7B       0       0
  174000000             126000000             126000000             4.3309740E-05         1.0000000E+30            578498       
 NEXT SEEDS:1CB5939F      21       0       0       0       0    B272      7B       0       0
  180000000             120000000             120000000             4.3308761E-05         1.0000000E+30            598697       
 NEXT SEEDS:25F370B3      22       0       0       0       0    B272      7B       0       0
  186000000             114000000             114000000             4.3311895E-05         1.0000000E+30            618598       
 NEXT SEEDS:2F2C2642      23       0       0       0       0    B272      7B       0       0
  192000000             108000000             108000000             4.3297311E-05         1.0000000E+30            638375       
 NEXT SEEDS:385CB4AA      24       0       0       0       0    B272      7B       0       0
  198000000             102000000             102000000             4.3278117E-05         1.0000000E+30            658345       
 NEXT SEEDS: 5F7AC09      26       0       0       0       0    B272      7B       0       0
  204000000              96000000              96000000             4.3279947E-05         1.0000000E+30            678301       
 NEXT SEEDS: F2D6ACD      27       0       0       0       0    B272      7B       0       0
  210000000              90000000              90000000             4.3288266E-05         1.0000000E+30            698267       
 NEXT SEEDS:18613B8B      28       0       0       0       0    B272      7B       0       0
  216000000              84000000              84000000             4.3301391E-05         1.0000000E+30            718166       
 NEXT SEEDS:2197968C      29       0       0       0       0    B272      7B       0       0
  222000000              78000000              78000000             4.3319221E-05         1.0000000E+30            738318       
 NEXT SEEDS:2AD2F08F      2A       0       0       0       0    B272      7B       0       0
  228000000              72000000              72000000             4.3318089E-05         1.0000000E+30            757991       
 NEXT SEEDS:3402C82A      2B       0       0       0       0    B272      7B       0       0
  234000000              66000000              66000000             4.3293682E-05         1.0000000E+30            777948       
 NEXT SEEDS: 19ABC49      2D       0       0       0       0    B272      7B       0       0
  240000000              60000000              60000000             4.3292069E-05         1.0000000E+30            798181       
 NEXT SEEDS: AD7AEC6      2E       0       0       0       0    B272      7B       0       0
  246000000              54000000              54000000             4.3280495E-05         1.0000000E+30            818278       
 NEXT SEEDS:14173BA8      2F       0       0       0       0    B272      7B       0       0
  252000000              48000000              48000000             4.3277835E-05         1.0000000E+30            838445       
 NEXT SEEDS:1D524FE2      30       0       0       0       0    B272      7B       0       0
  258000000              42000000              42000000             4.3288229E-05         1.0000000E+30            858268       
 NEXT SEEDS:2684584E      31       0       0       0       0    B272      7B       0       0
  264000000              36000000              36000000             4.3281841E-05         1.0000000E+30            878287       
 NEXT SEEDS:2FBB5413      32       0       0       0       0    B272      7B       0       0
  270000000              30000000              30000000             4.3287633E-05         1.0000000E+30            898249       
 NEXT SEEDS:38EF96F2      33       0       0       0       0    B272      7B       0       0
  276000000              24000000              24000000             4.3285920E-05         1.0000000E+30            918241       
 NEXT SEEDS: 688117A      35       0       0       0       0    B272      7B       0       0
  282000000              18000000              18000000             4.3279958E-05         1.0000000E+30            938069       
 NEXT SEEDS: FB9239A      36       0       0       0       0    B272      7B       0       0
  288000000              12000000              12000000             4.3283769E-05         1.0000000E+30            957757       
 NEXT SEEDS:18E9CBED      37       0       0       0       0    B272      7B       0       0
  294000000               6000000               6000000             4.3293390E-05         1.0000000E+30            977692       
 NEXT SEEDS:221F1DCF      38       0       0       0       0    B272      7B       0       0
  299999950                    50                    50             4.3294938E-05         1.0000000E+30            997571       
 NEXT SEEDS:2B4EB574      39       0       0       0       0    B272      7B       0       0
  299999951                    49                    49             4.3294938E-05         1.0000000E+30            997571       
 NEXT SEEDS:2B4EB651      39       0       0       0       0    B272      7B       0       0
  299999952                    48                    48             4.3294938E-05         1.0000000E+30            997571       
 NEXT SEEDS:2B4EB736      39       0       0       0       0    B272      7B       0       0
  299999953                    47                    47             4.3294938E-05         1.0000000E+30            997571       
 NEXT SEEDS:2B4EB809      39       0       0       0       0    B272      7B       0       0
  299999954                    46                    46             4.3294941E-05         1.0000000E+30            997571       
 NEXT SEEDS:2B4EB906      39       0       0       0       0    B272      7B       0       0
  299999955                    45                    45             4.3294941E-05         1.0000000E+30            997571       
 NEXT SEEDS:2B4EB90D      39       0       0       0       0    B272      7B       0       0
  299999956                    44                    44             4.3294941E-05         1.0000000E+30            997571       
 NEXT SEEDS:2B4EB9DD      39       0       0       0       0    B272      7B       0       0
  299999957                    43                    43             4.3294940E-05         1.0000000E+30            997571       
 NEXT SEEDS:2B4EBAB8      39       0       0       0       0    B272      7B       0       0
  299999958                    42                    42             4.3294940E-05         1.0000000E+30            997571       
 NEXT SEEDS:2B4EBB79      39       0       0       0       0    B272      7B       0       0
  299999959                    41                    41             4.3294940E-05         1.0000000E+30            997571       
 NEXT SEEDS:2B4EBB80      39       0       0       0       0    B272      7B       0       0
  299999960                    40                    40             4.3294940E-05         1.0000000E+30            997571       
 NEXT SEEDS:2B4EBC50      39       0       0       0       0    B272      7B       0       0
  299999961                    39                    39             4.3294943E-05         1.0000000E+30            997571       
 NEXT SEEDS:2B4EBCFD      39       0       0       0       0    B272      7B       0       0
  299999962                    38                    38             4.3294943E-05         1.0000000E+30            997571       
 NEXT SEEDS:2B4EBDC7      39       0       0       0       0    B272      7B       0       0
  299999963                    37                    37             4.3294943E-05         1.0000000E+30            997571       
 NEXT SEEDS:2B4EBDD0      39       0       0       0       0    B272      7B       0       0
  299999964                    36                    36             4.3294943E-05         1.0000000E+30            997571       
 NEXT SEEDS:2B4EBEA3      39       0       0       0       0    B272      7B       0       0
  299999965                    35                    35             4.3294943E-05         1.0000000E+30            997571       
 NEXT SEEDS:2B4EBEAC      39       0       0       0       0    B272      7B       0       0
  299999966                    34                    34             4.3294942E-05         1.0000000E+30            997571       
 NEXT SEEDS:2B4EBF86      39       0       0       0       0    B272      7B       0       0
  299999967                    33                    33             4.3294946E-05         1.0000000E+30            997571       
 NEXT SEEDS:2B4EC06C      39       0       0       0       0    B272      7B       0       0
  299999968                    32                    32             4.3294945E-05         1.0000000E+30            997571       
 NEXT SEEDS:2B4EC144      39       0       0       0       0    B272      7B       0       0
  299999969                    31                    31             4.3294945E-05         1.0000000E+30            997571       
 NEXT SEEDS:2B4EC22C      39       0       0       0       0    B272      7B       0       0
  299999970                    30                    30             4.3294945E-05         1.0000000E+30            997571       
 NEXT SEEDS:2B4EC2F9      39       0       0       0       0    B272      7B       0       0
  299999971                    29                    29             4.3294945E-05         1.0000000E+30            997571       
 NEXT SEEDS:2B4EC3C3      39       0       0       0       0    B272      7B       0       0
  299999972                    28                    28             4.3294945E-05         1.0000000E+30            997571       
 NEXT SEEDS:2B4EC491      39       0       0       0       0    B272      7B       0       0
  299999973                    27                    27             4.3294948E-05         1.0000000E+30            997571       
 NEXT SEEDS:2B4EC566      39       0       0       0       0    B272      7B       0       0
  299999974                    26                    26             4.3294948E-05         1.0000000E+30            997571       
 NEXT SEEDS:2B4EC636      39       0       0       0       0    B272      7B       0       0
  299999975                    25                    25             4.3294948E-05         1.0000000E+30            997571       
 NEXT SEEDS:2B4EC6F5      39       0       0       0       0    B272      7B       0       0
  299999976                    24                    24             4.3294948E-05         1.0000000E+30            997571       
 NEXT SEEDS:2B4EC7B7      39       0       0       0       0    B272      7B       0       0
  299999977                    23                    23             4.3294947E-05         1.0000000E+30            997571       
 NEXT SEEDS:2B4EC88E      39       0       0       0       0    B272      7B       0       0
  299999978                    22                    22             4.3294947E-05         1.0000000E+30            997571       
 NEXT SEEDS:2B4EC95A      39       0       0       0       0    B272      7B       0       0
  299999979                    21                    21             4.3294947E-05         1.0000000E+30            997571       
 NEXT SEEDS:2B4ECA2E      39       0       0       0       0    B272      7B       0       0
  299999980                    20                    20             4.3294950E-05         1.0000000E+30            997571       
 NEXT SEEDS:2B4ECA37      39       0       0       0       0    B272      7B       0       0
  299999981                    19                    19             4.3294950E-05         1.0000000E+30            997571       
 NEXT SEEDS:2B4ECADE      39       0       0       0       0    B272      7B       0       0
  299999982                    18                    18             4.3294950E-05         1.0000000E+30            997571       
 NEXT SEEDS:2B4ECAE5      39       0       0       0       0    B272      7B       0       0
  299999983                    17                    17             4.3294950E-05         1.0000000E+30            997571       
 NEXT SEEDS:2B4ECBBD      39       0       0       0       0    B272      7B       0       0
  299999984                    16                    16             4.3294950E-05         1.0000000E+30            997571       
 NEXT SEEDS:2B4ECC99      39       0       0       0       0    B272      7B       0       0
  299999985                    15                    15             4.3294949E-05         1.0000000E+30            997571       
 NEXT SEEDS:2B4ECD6C      39       0       0       0       0    B272      7B       0       0
  299999986                    14                    14             4.3294953E-05         1.0000000E+30            997571       
 NEXT SEEDS:2B4ECE46      39       0       0       0       0    B272      7B       0       0
  299999987                    13                    13             4.3294952E-05         1.0000000E+30            997571       
 NEXT SEEDS:2B4ECF12      39       0       0       0       0    B272      7B       0       0
  299999988                    12                    12             4.3294952E-05         1.0000000E+30            997571       
 NEXT SEEDS:2B4ECFEF      39       0       0       0       0    B272      7B       0       0
  299999989                    11                    11             4.3294952E-05         1.0000000E+30            997571       
 NEXT SEEDS:2B4ED0B5      39       0       0       0       0    B272      7B       0       0
  299999990                    10                    10             4.3294952E-05         1.0000000E+30            997571       
 NEXT SEEDS:2B4ED0BC      39       0       0       0       0    B272      7B       0       0
  299999991                     9                     9             4.3294952E-05         1.0000000E+30            997571       
 NEXT SEEDS:2B4ED191      39       0       0       0       0    B272      7B       0       0
  299999992                     8                     8             4.3294955E-05         1.0000000E+30            997571       
 NEXT SEEDS:2B4ED272      39       0       0       0       0    B272      7B       0       0
  299999993                     7                     7             4.3294955E-05         1.0000000E+30            997571       
 NEXT SEEDS:2B4ED340      39       0       0       0       0    B272      7B       0       0
  299999994                     6                     6             4.3294955E-05         1.0000000E+30            997571       
 NEXT SEEDS:2B4ED422      39       0       0       0       0    B272      7B       0       0
  299999995                     5                     5             4.3294955E-05         1.0000000E+30            997571       
 NEXT SEEDS:2B4ED429      39       0       0       0       0    B272      7B       0       0
  299999996                     4                     4             4.3294954E-05         1.0000000E+30            997571       
 NEXT SEEDS:2B4ED507      39       0       0       0       0    B272      7B       0       0
  299999997                     3                     3             4.3294954E-05         1.0000000E+30            997571       
 NEXT SEEDS:2B4ED512      39       0       0       0       0    B272      7B       0       0
  299999998                     2                     2             4.3294954E-05         1.0000000E+30            997571       
 NEXT SEEDS:2B4ED5D4      39       0       0       0       0    B272      7B       0       0
  299999999                     1                     1             4.3294957E-05         1.0000000E+30            997571       
 NEXT SEEDS:2B4ED6AB      39       0       0       0       0    B272      7B       0       0
  300000000                     0                     1             4.3294957E-05         1.0000000E+30            997571       
 NEXT SEEDS:2B4ED77B      39       0       0       0       0    B272      7B       0       0
