1NUMBER OF BEAM       NUMBER OF BEAM        APPROXIMATE NUMBER    AVERAGE TIME USED     TIME LEFT (RESERVED   NUMBER OF STARS
 PARTICLES HANDLED    PARTICLES LEFT        OF BEAM PARTICLES     BY A BEAM PARTICLE     10000.0 SECONDS      CREATED
                                            THAT CAN STILL BE                           FOR PRINTOUT)
                                            HANDLED

 NEXT SEEDS:2AF97A1C      39       0       0       0       0    B271      7B       0       0
          1             299999999             299999999             1.3589859E-04         1.0000000E+30                 0       
 NEXT SEEDS:2AF97AF0      39       0       0       0       0    B271      7B       0       0
    6000000             294000000             294000000             4.2760052E-05         1.0000000E+30             20324       
 NEXT SEEDS:34363464      3A       0       0       0       0    B271      7B       0       0
   12000000             288000000             288000000             4.3111688E-05         1.0000000E+30             40068       
 NEXT SEEDS: 1C9D01B      3C       0       0       0       0    B271      7B       0       0
   18000000             282000000             282000000             4.3118014E-05         1.0000000E+30             60206       
 NEXT SEEDS: B06E85C      3D       0       0       0       0    B271      7B       0       0
   24000000             276000000             276000000             4.3148134E-05         1.0000000E+30             80168       
 NEXT SEEDS:143A63EC      3E       0       0       0       0    B271      7B       0       0
   30000000             270000000             270000000             4.3085544E-05         1.0000000E+30            100168       
 NEXT SEEDS:1D6D8184      3F       0       0       0       0    B271      7B       0       0
   36000000             264000000             264000000             4.3117514E-05         1.0000000E+30            120233       
 NEXT SEEDS:26A5A459      40       0       0       0       0    B271      7B       0       0
   42000000             258000000             258000000             4.3056319E-05         1.0000000E+30            139883       
 NEXT SEEDS:2FD7001F      41       0       0       0       0    B271      7B       0       0
   48000000             252000000             252000000             4.3036614E-05         1.0000000E+30            159590       
 NEXT SEEDS:390C9651      42       0       0       0       0    B271      7B       0       0
   54000000             246000000             246000000             4.3073797E-05         1.0000000E+30            179844       
 NEXT SEEDS: 6AD1959      44       0       0       0       0    B271      7B       0       0
  *** Rcfset:kprin,bfcmax,epat00,ppat00,ravpot           1  -5.9043991269056573E-003  0.94310501670016378        9.5352738881902016E-002   12.440777676959296     
   60000000             240000000             240000000             4.3069709E-05         1.0000000E+30            200003       
 NEXT SEEDS: FE2904E      45       0       0       0       0    B271      7B       0       0
   66000000             234000000             234000000             4.3086739E-05         1.0000000E+30            219852       
 NEXT SEEDS:1918F512      46       0       0       0       0    B271      7B       0       0
   72000000             228000000             228000000             4.3092050E-05         1.0000000E+30            239737       
 NEXT SEEDS:2248C285      47       0       0       0       0    B271      7B       0       0
   78000000             222000000             222000000             4.3104754E-05         1.0000000E+30            259672       
 NEXT SEEDS:2B84752D      48       0       0       0       0    B271      7B       0       0
   84000000             216000000             216000000             4.3122363E-05         1.0000000E+30            279692       
 NEXT SEEDS:34BBFACC      49       0       0       0       0    B271      7B       0       0
   90000000             210000000             210000000             4.3089821E-05         1.0000000E+30            299633       
 NEXT SEEDS: 255169C      4B       0       0       0       0    B271      7B       0       0
   96000000             204000000             204000000             4.3124725E-05         1.0000000E+30            319791       
 NEXT SEEDS: B94909C      4C       0       0       0       0    B271      7B       0       0
  102000000             198000000             198000000             4.3124583E-05         1.0000000E+30            339627       
 NEXT SEEDS:14C2C505      4D       0       0       0       0    B271      7B       0       0
  108000000             192000000             192000000             4.3118294E-05         1.0000000E+30            359467       
 NEXT SEEDS:1DFB7934      4E       0       0       0       0    B271      7B       0       0
  114000000             186000000             186000000             4.3119765E-05         1.0000000E+30            379276       
 NEXT SEEDS:272C645C      4F       0       0       0       0    B271      7B       0       0
  120000000             180000000             180000000             4.3305851E-05         1.0000000E+30            399255       
 NEXT SEEDS:305DDDBA      50       0       0       0       0    B271      7B       0       0
  126000000             174000000             174000000             4.3319304E-05         1.0000000E+30            419148       
 NEXT SEEDS:3997A52B      51       0       0       0       0    B271      7B       0       0
  132000000             168000000             168000000             4.3370117E-05         1.0000000E+30            439184       
 NEXT SEEDS: 72F1075      53       0       0       0       0    B271      7B       0       0
  138000000             162000000             162000000             4.3438334E-05         1.0000000E+30            458963       
 NEXT SEEDS:105CE0D6      54       0       0       0       0    B271      7B       0       0
  144000000             156000000             156000000             4.3463626E-05         1.0000000E+30            478978       
 NEXT SEEDS:1995B999      55       0       0       0       0    B271      7B       0       0
  150000000             150000000             150000000             4.3523912E-05         1.0000000E+30            499292       
 NEXT SEEDS:22D17B87      56       0       0       0       0    B271      7B       0       0
  156000000             144000000             144000000             4.3537190E-05         1.0000000E+30            519253       
 NEXT SEEDS:2C0F1ECA      57       0       0       0       0    B271      7B       0       0
  162000000             138000000             138000000             4.3574288E-05         1.0000000E+30            539329       
 NEXT SEEDS:3548D7B6      58       0       0       0       0    B271      7B       0       0
  168000000             132000000             132000000             4.3619928E-05         1.0000000E+30            559271       
 NEXT SEEDS: 2E2BBE6      5A       0       0       0       0    B271      7B       0       0
  174000000             126000000             126000000             4.3662889E-05         1.0000000E+30            579403       
 NEXT SEEDS: C20C744      5B       0       0       0       0    B271      7B       0       0
  180000000             120000000             120000000             4.3724644E-05         1.0000000E+30            599324       
 NEXT SEEDS:1555AEAF      5C       0       0       0       0    B271      7B       0       0
  186000000             114000000             114000000             4.3776054E-05         1.0000000E+30            619295       
 NEXT SEEDS:1E8D6BC5      5D       0       0       0       0    B271      7B       0       0
  192000000             108000000             108000000             4.3814471E-05         1.0000000E+30            639455       
 NEXT SEEDS:27CAE42A      5E       0       0       0       0    B271      7B       0       0
  198000000             102000000             102000000             4.3893187E-05         1.0000000E+30            659413       
 NEXT SEEDS:3101A72E      5F       0       0       0       0    B271      7B       0       0
  204000000              96000000              96000000             4.3932174E-05         1.0000000E+30            679163       
 NEXT SEEDS:3A32FEBE      60       0       0       0       0    B271      7B       0       0
  210000000              90000000              90000000             4.3962721E-05         1.0000000E+30            699294       
 NEXT SEEDS: 7C8100E      62       0       0       0       0    B271      7B       0       0
  216000000              84000000              84000000             4.3991014E-05         1.0000000E+30            719440       
 NEXT SEEDS:110292AB      63       0       0       0       0    B271      7B       0       0
  222000000              78000000              78000000             4.4050088E-05         1.0000000E+30            739420       
 NEXT SEEDS:1A39060B      64       0       0       0       0    B271      7B       0       0
  228000000              72000000              72000000             4.4097135E-05         1.0000000E+30            759694       
 NEXT SEEDS:237649AD      65       0       0       0       0    B271      7B       0       0
  234000000              66000000              66000000             4.4140602E-05         1.0000000E+30            779475       
 NEXT SEEDS:2CA3CF74      66       0       0       0       0    B271      7B       0       0
  240000000              60000000              60000000             4.4184206E-05         1.0000000E+30            799383       
 NEXT SEEDS:35DA3B72      67       0       0       0       0    B271      7B       0       0
  246000000              54000000              54000000             4.4189534E-05         1.0000000E+30            819115       
 NEXT SEEDS: 371671A      69       0       0       0       0    B271      7B       0       0
  252000000              48000000              48000000             4.4210327E-05         1.0000000E+30            839064       
 NEXT SEEDS: C9E2DA9      6A       0       0       0       0    B271      7B       0       0
  258000000              42000000              42000000             4.4224221E-05         1.0000000E+30            859217       
 NEXT SEEDS:15CF87A9      6B       0       0       0       0    B271      7B       0       0
  264000000              36000000              36000000             4.4209141E-05         1.0000000E+30            879095       
 NEXT SEEDS:1EFE54AC      6C       0       0       0       0    B271      7B       0       0
  270000000              30000000              30000000             4.4212668E-05         1.0000000E+30            899007       
 NEXT SEEDS:282D8845      6D       0       0       0       0    B271      7B       0       0
  276000000              24000000              24000000             4.4210444E-05         1.0000000E+30            919044       
 NEXT SEEDS:3163718B      6E       0       0       0       0    B271      7B       0       0
  282000000              18000000              18000000             4.4186348E-05         1.0000000E+30            938769       
 NEXT SEEDS:3A9827BB      6F       0       0       0       0    B271      7B       0       0
  288000000              12000000              12000000             4.4172178E-05         1.0000000E+30            958786       
 NEXT SEEDS: 8354A6C      71       0       0       0       0    B271      7B       0       0
  294000000               6000000               6000000             4.4145456E-05         1.0000000E+30            978799       
 NEXT SEEDS:116849A8      72       0       0       0       0    B271      7B       0       0
  299999950                    50                    50             4.4133449E-05         1.0000000E+30            998695       
 NEXT SEEDS:1A9F8FB6      73       0       0       0       0    B271      7B       0       0
  299999951                    49                    49             4.4133449E-05         1.0000000E+30            998695       
 NEXT SEEDS:1A9F8FC1      73       0       0       0       0    B271      7B       0       0
  299999952                    48                    48             4.4133449E-05         1.0000000E+30            998695       
 NEXT SEEDS:1A9F8FCA      73       0       0       0       0    B271      7B       0       0
  299999953                    47                    47             4.4133449E-05         1.0000000E+30            998695       
 NEXT SEEDS:1A9F90A1      73       0       0       0       0    B271      7B       0       0
  299999954                    46                    46             4.4133452E-05         1.0000000E+30            998695       
 NEXT SEEDS:1A9F9185      73       0       0       0       0    B271      7B       0       0
  299999955                    45                    45             4.4133452E-05         1.0000000E+30            998695       
 NEXT SEEDS:1A9F925F      73       0       0       0       0    B271      7B       0       0
  299999956                    44                    44             4.4133452E-05         1.0000000E+30            998695       
 NEXT SEEDS:1A9F933D      73       0       0       0       0    B271      7B       0       0
  299999957                    43                    43             4.4133452E-05         1.0000000E+30            998695       
 NEXT SEEDS:1A9F9423      73       0       0       0       0    B271      7B       0       0
  299999958                    42                    42             4.4133452E-05         1.0000000E+30            998695       
 NEXT SEEDS:1A9F9502      73       0       0       0       0    B271      7B       0       0
  299999959                    41                    41             4.4133451E-05         1.0000000E+30            998695       
 NEXT SEEDS:1A9F95D6      73       0       0       0       0    B271      7B       0       0
  299999960                    40                    40             4.4133451E-05         1.0000000E+30            998695       
 NEXT SEEDS:1A9F967E      73       0       0       0       0    B271      7B       0       0
  299999961                    39                    39             4.4133454E-05         1.0000000E+30            998695       
 NEXT SEEDS:1A9F9736      73       0       0       0       0    B271      7B       0       0
  299999962                    38                    38             4.4133454E-05         1.0000000E+30            998695       
 NEXT SEEDS:1A9F980E      73       0       0       0       0    B271      7B       0       0
  299999963                    37                    37             4.4133454E-05         1.0000000E+30            998695       
 NEXT SEEDS:1A9F981B      73       0       0       0       0    B271      7B       0       0
  299999964                    36                    36             4.4133454E-05         1.0000000E+30            998695       
 NEXT SEEDS:1A9F9824      73       0       0       0       0    B271      7B       0       0
  299999965                    35                    35             4.4133454E-05         1.0000000E+30            998695       
 NEXT SEEDS:1A9F98D2      73       0       0       0       0    B271      7B       0       0
  299999966                    34                    34             4.4133454E-05         1.0000000E+30            998695       
 NEXT SEEDS:1A9F99AF      73       0       0       0       0    B271      7B       0       0
  299999967                    33                    33             4.4133457E-05         1.0000000E+30            998695       
 NEXT SEEDS:1A9F9A83      73       0       0       0       0    B271      7B       0       0
  299999968                    32                    32             4.4133457E-05         1.0000000E+30            998695       
 NEXT SEEDS:1A9F9B62      73       0       0       0       0    B271      7B       0       0
  299999969                    31                    31             4.4133456E-05         1.0000000E+30            998695       
 NEXT SEEDS:1A9F9C3C      73       0       0       0       0    B271      7B       0       0
  299999970                    30                    30             4.4133456E-05         1.0000000E+30            998695       
 NEXT SEEDS:1A9F9D15      73       0       0       0       0    B271      7B       0       0
  299999971                    29                    29             4.4133456E-05         1.0000000E+30            998695       
 NEXT SEEDS:1A9F9DFA      73       0       0       0       0    B271      7B       0       0
  299999972                    28                    28             4.4133456E-05         1.0000000E+30            998695       
 NEXT SEEDS:1A9F9EC7      73       0       0       0       0    B271      7B       0       0
  299999973                    27                    27             4.4133459E-05         1.0000000E+30            998695       
 NEXT SEEDS:1A9F9F8F      73       0       0       0       0    B271      7B       0       0
  299999974                    26                    26             4.4133459E-05         1.0000000E+30            998695       
 NEXT SEEDS:1A9FA06E      73       0       0       0       0    B271      7B       0       0
  299999975                    25                    25             4.4133459E-05         1.0000000E+30            998695       
 NEXT SEEDS:1A9FA137      73       0       0       0       0    B271      7B       0       0
  299999976                    24                    24             4.4133459E-05         1.0000000E+30            998695       
 NEXT SEEDS:1A9FA20B      73       0       0       0       0    B271      7B       0       0
  299999977                    23                    23             4.4133459E-05         1.0000000E+30            998695       
 NEXT SEEDS:1A9FA2CE      73       0       0       0       0    B271      7B       0       0
  299999978                    22                    22             4.4133458E-05         1.0000000E+30            998695       
 NEXT SEEDS:1A9FA3B0      73       0       0       0       0    B271      7B       0       0
  299999979                    21                    21             4.4133461E-05         1.0000000E+30            998695       
 NEXT SEEDS:1A9FA491      73       0       0       0       0    B271      7B       0       0
  299999980                    20                    20             4.4133461E-05         1.0000000E+30            998695       
 NEXT SEEDS:1A9FA58F      73       0       0       0       0    B271      7B       0       0
  299999981                    19                    19             4.4133461E-05         1.0000000E+30            998695       
 NEXT SEEDS:1A9FA668      73       0       0       0       0    B271      7B       0       0
  299999982                    18                    18             4.4133461E-05         1.0000000E+30            998695       
 NEXT SEEDS:1A9FA733      73       0       0       0       0    B271      7B       0       0
  299999983                    17                    17             4.4133461E-05         1.0000000E+30            998695       
 NEXT SEEDS:1A9FA801      73       0       0       0       0    B271      7B       0       0
  299999984                    16                    16             4.4133461E-05         1.0000000E+30            998695       
 NEXT SEEDS:1A9FA8D8      73       0       0       0       0    B271      7B       0       0
  299999985                    15                    15             4.4133461E-05         1.0000000E+30            998695       
 NEXT SEEDS:1A9FA9A3      73       0       0       0       0    B271      7B       0       0
  299999986                    14                    14             4.4133464E-05         1.0000000E+30            998695       
 NEXT SEEDS:1A9FAA7B      73       0       0       0       0    B271      7B       0       0
  299999987                    13                    13             4.4133464E-05         1.0000000E+30            998695       
 NEXT SEEDS:1A9FAA82      73       0       0       0       0    B271      7B       0       0
  299999988                    12                    12             4.4133463E-05         1.0000000E+30            998695       
 NEXT SEEDS:1A9FAA8D      73       0       0       0       0    B271      7B       0       0
  299999989                    11                    11             4.4133463E-05         1.0000000E+30            998695       
 NEXT SEEDS:1A9FAB74      73       0       0       0       0    B271      7B       0       0
  299999990                    10                    10             4.4133463E-05         1.0000000E+30            998695       
 NEXT SEEDS:1A9FAC4D      73       0       0       0       0    B271      7B       0       0
  299999991                     9                     9             4.4133463E-05         1.0000000E+30            998695       
 NEXT SEEDS:1A9FAD28      73       0       0       0       0    B271      7B       0       0
  299999992                     8                     8             4.4133466E-05         1.0000000E+30            998695       
 NEXT SEEDS:1A9FADEF      73       0       0       0       0    B271      7B       0       0
  299999993                     7                     7             4.4133466E-05         1.0000000E+30            998695       
 NEXT SEEDS:1A9FAEBE      73       0       0       0       0    B271      7B       0       0
  299999994                     6                     6             4.4133466E-05         1.0000000E+30            998695       
 NEXT SEEDS:1A9FAFAC      73       0       0       0       0    B271      7B       0       0
  299999995                     5                     5             4.4133466E-05         1.0000000E+30            998695       
 NEXT SEEDS:1A9FB076      73       0       0       0       0    B271      7B       0       0
  299999996                     4                     4             4.4133465E-05         1.0000000E+30            998695       
 NEXT SEEDS:1A9FB146      73       0       0       0       0    B271      7B       0       0
  299999997                     3                     3             4.4133465E-05         1.0000000E+30            998695       
 NEXT SEEDS:1A9FB230      73       0       0       0       0    B271      7B       0       0
  299999998                     2                     2             4.4133468E-05         1.0000000E+30            998695       
 NEXT SEEDS:1A9FB2FA      73       0       0       0       0    B271      7B       0       0
  299999999                     1                     1             4.4133468E-05         1.0000000E+30            998695       
 NEXT SEEDS:1A9FB3DA      73       0       0       0       0    B271      7B       0       0
  300000000                     0                     1             4.4133468E-05         1.0000000E+30            998695       
 NEXT SEEDS:1A9FB3E1      73       0       0       0       0    B271      7B       0       0
