1NUMBER OF BEAM       NUMBER OF BEAM        APPROXIMATE NUMBER    AVERAGE TIME USED     TIME LEFT (RESERVED   NUMBER OF STARS
 PARTICLES HANDLED    PARTICLES LEFT        OF BEAM PARTICLES     BY A BEAM PARTICLE     10000.0 SECONDS      CREATED
                                            THAT CAN STILL BE                           FOR PRINTOUT)
                                            HANDLED

 NEXT SEEDS:14AAD373     15A       0       0       0       0    B272      7B       0       0
          1             299999999             299999999             1.0013580E-04         1.0000000E+30                 0       
 NEXT SEEDS:14AAD44B     15A       0       0       0       0    B272      7B       0       0
    6000000             294000000             294000000             4.3294625E-05         1.0000000E+30             20263       
 NEXT SEEDS:1DDFC5C6     15B       0       0       0       0    B272      7B       0       0
   12000000             288000000             288000000             4.3647340E-05         1.0000000E+30             40202       
 NEXT SEEDS:27193479     15C       0       0       0       0    B272      7B       0       0
   18000000             282000000             282000000             4.3621881E-05         1.0000000E+30             60146       
 NEXT SEEDS:304C00E9     15D       0       0       0       0    B272      7B       0       0
   24000000             276000000             276000000             4.3675601E-05         1.0000000E+30             79966       
 NEXT SEEDS:397A8920     15E       0       0       0       0    B272      7B       0       0
   30000000             270000000             270000000             4.3673444E-05         1.0000000E+30            100072       
 NEXT SEEDS: 71E073C     160       0       0       0       0    B272      7B       0       0
   36000000             264000000             264000000             4.3733468E-05         1.0000000E+30            119716       
 NEXT SEEDS:104A1410     161       0       0       0       0    B272      7B       0       0
   42000000             258000000             258000000             4.3831269E-05         1.0000000E+30            139599       
 NEXT SEEDS:197AE1BB     162       0       0       0       0    B272      7B       0       0
   48000000             252000000             252000000             4.3796727E-05         1.0000000E+30            159553       
 NEXT SEEDS:22B86BD1     163       0       0       0       0    B272      7B       0       0
   54000000             246000000             246000000             4.3795920E-05         1.0000000E+30            179369       
 NEXT SEEDS:2BEFF761     164       0       0       0       0    B272      7B       0       0
   60000000             240000000             240000000             4.3808528E-05         1.0000000E+30            199349       
 NEXT SEEDS:3526CBEC     165       0       0       0       0    B272      7B       0       0
   66000000             234000000             234000000             4.3778068E-05         1.0000000E+30            219281       
 NEXT SEEDS: 2BC1423     167       0       0       0       0    B272      7B       0       0
   72000000             228000000             228000000             4.3769192E-05         1.0000000E+30            239337       
 NEXT SEEDS: BF73510     168       0       0       0       0    B272      7B       0       0
   78000000             222000000             222000000             4.3774589E-05         1.0000000E+30            259428       
 NEXT SEEDS:152F2979     169       0       0       0       0    B272      7B       0       0
   84000000             216000000             216000000             4.3778259E-05         1.0000000E+30            279218       
 NEXT SEEDS:1E65F5FC     16A       0       0       0       0    B272      7B       0       0
   90000000             210000000             210000000             4.3861463E-05         1.0000000E+30            299214       
 NEXT SEEDS:27A1DAFB     16B       0       0       0       0    B272      7B       0       0
   96000000             204000000             204000000             4.3994679E-05         1.0000000E+30            319173       
 NEXT SEEDS:30DBD0BA     16C       0       0       0       0    B272      7B       0       0
  102000000             198000000             198000000             4.4097321E-05         1.0000000E+30            339117       
 NEXT SEEDS:3A0D5AE8     16D       0       0       0       0    B272      7B       0       0
  108000000             192000000             192000000             4.4191872E-05         1.0000000E+30            359063       
 NEXT SEEDS: 7A9773E     16F       0       0       0       0    B272      7B       0       0
  114000000             186000000             186000000             4.4288655E-05         1.0000000E+30            378901       
 NEXT SEEDS:10DD0C25     170       0       0       0       0    B272      7B       0       0
  120000000             180000000             180000000             4.4381335E-05         1.0000000E+30            398808       
 NEXT SEEDS:1A0D16D8     171       0       0       0       0    B272      7B       0       0
  126000000             174000000             174000000             4.4453659E-05         1.0000000E+30            418781       
 NEXT SEEDS:2340F933     172       0       0       0       0    B272      7B       0       0
  132000000             168000000             168000000             4.4541977E-05         1.0000000E+30            438530       
 NEXT SEEDS:2C759809     173       0       0       0       0    B272      7B       0       0
  138000000             162000000             162000000             4.4635756E-05         1.0000000E+30            458376       
 NEXT SEEDS:35A49A39     174       0       0       0       0    B272      7B       0       0
  144000000             156000000             156000000             4.4683797E-05         1.0000000E+30            478252       
 NEXT SEEDS: 33A7C10     176       0       0       0       0    B272      7B       0       0
  150000000             150000000             150000000             4.4710312E-05         1.0000000E+30            498190       
 NEXT SEEDS: C74A33A     177       0       0       0       0    B272      7B       0       0
  156000000             144000000             144000000             4.4734043E-05         1.0000000E+30            518011       
 NEXT SEEDS:15A85C3B     178       0       0       0       0    B272      7B       0       0
  162000000             138000000             138000000             4.4780496E-05         1.0000000E+30            537948       
 NEXT SEEDS:1EDF70CD     179       0       0       0       0    B272      7B       0       0
  168000000             132000000             132000000             4.4821428E-05         1.0000000E+30            557778       
 NEXT SEEDS:28140005     17A       0       0       0       0    B272      7B       0       0
  174000000             126000000             126000000             4.4849792E-05         1.0000000E+30            577729       
 NEXT SEEDS:314FD599     17B       0       0       0       0    B272      7B       0       0
  180000000             120000000             120000000             4.4902078E-05         1.0000000E+30            597845       
 NEXT SEEDS:3A87D36E     17C       0       0       0       0    B272      7B       0       0
  186000000             114000000             114000000             4.4905074E-05         1.0000000E+30            617659       
 NEXT SEEDS: 82473B7     17E       0       0       0       0    B272      7B       0       0
  192000000             108000000             108000000             4.4920639E-05         1.0000000E+30            637629       
 NEXT SEEDS:11557951     17F       0       0       0       0    B272      7B       0       0
  198000000             102000000             102000000             4.4943428E-05         1.0000000E+30            657621       
 NEXT SEEDS:1A8C2966     180       0       0       0       0    B272      7B       0       0
  204000000              96000000              96000000             4.4978171E-05         1.0000000E+30            677641       
 NEXT SEEDS:23C4A916     181       0       0       0       0    B272      7B       0       0
  210000000              90000000              90000000             4.5010914E-05         1.0000000E+30            697661       
 NEXT SEEDS:2CF6CB23     182       0       0       0       0    B272      7B       0       0
  216000000              84000000              84000000             4.5036598E-05         1.0000000E+30            717742       
 NEXT SEEDS:362CD329     183       0       0       0       0    B272      7B       0       0
  222000000              78000000              78000000             4.5055088E-05         1.0000000E+30            737882       
 NEXT SEEDS: 3CCC49A     185       0       0       0       0    B272      7B       0       0
  228000000              72000000              72000000             4.5083684E-05         1.0000000E+30            758028       
 NEXT SEEDS: D09AE35     186       0       0       0       0    B272      7B       0       0
  234000000              66000000              66000000             4.5109750E-05         1.0000000E+30            778130       
 NEXT SEEDS:163E1170     187       0       0       0       0    B272      7B       0       0
  240000000              60000000              60000000             4.5138017E-05         1.0000000E+30            798126       
 NEXT SEEDS:1F7746B5     188       0       0       0       0    B272      7B       0       0
  246000000              54000000              54000000             4.5158366E-05         1.0000000E+30            818187       
 NEXT SEEDS:28B04118     189       0       0       0       0    B272      7B       0       0
  252000000              48000000              48000000             4.5207469E-05         1.0000000E+30            838230       
 NEXT SEEDS:31E51B95     18A       0       0       0       0    B272      7B       0       0
  258000000              42000000              42000000             4.5230359E-05         1.0000000E+30            857910       
 NEXT SEEDS:3B1062DF     18B       0       0       0       0    B272      7B       0       0
  264000000              36000000              36000000             4.5245635E-05         1.0000000E+30            877992       
 NEXT SEEDS: 8AB67FB     18D       0       0       0       0    B272      7B       0       0
  270000000              30000000              30000000             4.5244571E-05         1.0000000E+30            898018       
 NEXT SEEDS:11E2340D     18E       0       0       0       0    B272      7B       0       0
  276000000              24000000              24000000             4.5222086E-05         1.0000000E+30            917795       
 NEXT SEEDS:1B0F7000     18F       0       0       0       0    B272      7B       0       0
  282000000              18000000              18000000             4.5224114E-05         1.0000000E+30            937528       
 NEXT SEEDS:243F4238     190       0       0       0       0    B272      7B       0       0
  288000000              12000000              12000000             4.5216651E-05         1.0000000E+30            957411       
 NEXT SEEDS:2D742036     191       0       0       0       0    B272      7B       0       0
  294000000               6000000               6000000             4.5205556E-05         1.0000000E+30            977167       
 NEXT SEEDS:36A52E01     192       0       0       0       0    B272      7B       0       0
  299999950                    50                    50             4.5190756E-05         1.0000000E+30            997247       
 NEXT SEEDS: 442C6D0     194       0       0       0       0    B272      7B       0       0
  299999951                    49                    49             4.5190759E-05         1.0000000E+30            997247       
 NEXT SEEDS: 442C79E     194       0       0       0       0    B272      7B       0       0
  299999952                    48                    48             4.5190759E-05         1.0000000E+30            997247       
 NEXT SEEDS: 442C881     194       0       0       0       0    B272      7B       0       0
  299999953                    47                    47             4.5190759E-05         1.0000000E+30            997247       
 NEXT SEEDS: 442C95C     194       0       0       0       0    B272      7B       0       0
  299999954                    46                    46             4.5190759E-05         1.0000000E+30            997247       
 NEXT SEEDS: 442C965     194       0       0       0       0    B272      7B       0       0
  299999955                    45                    45             4.5190759E-05         1.0000000E+30            997247       
 NEXT SEEDS: 442CA2D     194       0       0       0       0    B272      7B       0       0
  299999956                    44                    44             4.5190758E-05         1.0000000E+30            997247       
 NEXT SEEDS: 442CAF8     194       0       0       0       0    B272      7B       0       0
  299999957                    43                    43             4.5190758E-05         1.0000000E+30            997247       
 NEXT SEEDS: 442CBBD     194       0       0       0       0    B272      7B       0       0
  299999958                    42                    42             4.5190761E-05         1.0000000E+30            997247       
 NEXT SEEDS: 442CC93     194       0       0       0       0    B272      7B       0       0
  299999959                    41                    41             4.5190761E-05         1.0000000E+30            997247       
 NEXT SEEDS: 442CD78     194       0       0       0       0    B272      7B       0       0
  299999960                    40                    40             4.5190761E-05         1.0000000E+30            997247       
 NEXT SEEDS: 442CD83     194       0       0       0       0    B272      7B       0       0
  299999961                    39                    39             4.5190761E-05         1.0000000E+30            997247       
 NEXT SEEDS: 442CE38     194       0       0       0       0    B272      7B       0       0
  299999962                    38                    38             4.5190761E-05         1.0000000E+30            997247       
 NEXT SEEDS: 442CF18     194       0       0       0       0    B272      7B       0       0
  299999963                    37                    37             4.5190761E-05         1.0000000E+30            997247       
 NEXT SEEDS: 442CFF7     194       0       0       0       0    B272      7B       0       0
  299999964                    36                    36             4.5190764E-05         1.0000000E+30            997247       
 NEXT SEEDS: 442D0CA     194       0       0       0       0    B272      7B       0       0
  299999965                    35                    35             4.5190764E-05         1.0000000E+30            997247       
 NEXT SEEDS: 442D19D     194       0       0       0       0    B272      7B       0       0
  299999966                    34                    34             4.5190763E-05         1.0000000E+30            997247       
 NEXT SEEDS: 442D1A6     194       0       0       0       0    B272      7B       0       0
  299999967                    33                    33             4.5190763E-05         1.0000000E+30            997247       
 NEXT SEEDS: 442D277     194       0       0       0       0    B272      7B       0       0
  299999968                    32                    32             4.5190763E-05         1.0000000E+30            997247       
 NEXT SEEDS: 442D345     194       0       0       0       0    B272      7B       0       0
  299999969                    31                    31             4.5190763E-05         1.0000000E+30            997247       
 NEXT SEEDS: 442D34C     194       0       0       0       0    B272      7B       0       0
  299999970                    30                    30             4.5190763E-05         1.0000000E+30            997247       
 NEXT SEEDS: 442D415     194       0       0       0       0    B272      7B       0       0
  299999971                    29                    29             4.5190766E-05         1.0000000E+30            997247       
 NEXT SEEDS: 442D4E6     194       0       0       0       0    B272      7B       0       0
  299999972                    28                    28             4.5190766E-05         1.0000000E+30            997247       
 NEXT SEEDS: 442D58B     194       0       0       0       0    B272      7B       0       0
  299999973                    27                    27             4.5190766E-05         1.0000000E+30            997247       
 NEXT SEEDS: 442D670     194       0       0       0       0    B272      7B       0       0
  299999974                    26                    26             4.5190765E-05         1.0000000E+30            997247       
 NEXT SEEDS: 442D74B     194       0       0       0       0    B272      7B       0       0
  299999975                    25                    25             4.5190765E-05         1.0000000E+30            997247       
 NEXT SEEDS: 442D817     194       0       0       0       0    B272      7B       0       0
  299999976                    24                    24             4.5190765E-05         1.0000000E+30            997247       
 NEXT SEEDS: 442D8F7     194       0       0       0       0    B272      7B       0       0
  299999977                    23                    23             4.5190768E-05         1.0000000E+30            997247       
 NEXT SEEDS: 442D9C2     194       0       0       0       0    B272      7B       0       0
  299999978                    22                    22             4.5190768E-05         1.0000000E+30            997247       
 NEXT SEEDS: 442DAA5     194       0       0       0       0    B272      7B       0       0
  299999979                    21                    21             4.5190768E-05         1.0000000E+30            997247       
 NEXT SEEDS: 442DAAC     194       0       0       0       0    B272      7B       0       0
  299999980                    20                    20             4.5190768E-05         1.0000000E+30            997247       
 NEXT SEEDS: 442DB8F     194       0       0       0       0    B272      7B       0       0
  299999981                    19                    19             4.5190768E-05         1.0000000E+30            997247       
 NEXT SEEDS: 442DC51     194       0       0       0       0    B272      7B       0       0
  299999982                    18                    18             4.5190768E-05         1.0000000E+30            997247       
 NEXT SEEDS: 442DD20     194       0       0       0       0    B272      7B       0       0
  299999983                    17                    17             4.5190767E-05         1.0000000E+30            997247       
 NEXT SEEDS: 442DDE4     194       0       0       0       0    B272      7B       0       0
  299999984                    16                    16             4.5190771E-05         1.0000000E+30            997247       
 NEXT SEEDS: 442DEBB     194       0       0       0       0    B272      7B       0       0
  299999985                    15                    15             4.5190770E-05         1.0000000E+30            997247       
 NEXT SEEDS: 442DF97     194       0       0       0       0    B272      7B       0       0
  299999986                    14                    14             4.5190770E-05         1.0000000E+30            997247       
 NEXT SEEDS: 442E058     194       0       0       0       0    B272      7B       0       0
  299999987                    13                    13             4.5190770E-05         1.0000000E+30            997247       
 NEXT SEEDS: 442E12F     194       0       0       0       0    B272      7B       0       0
  299999988                    12                    12             4.5190770E-05         1.0000000E+30            997247       
 NEXT SEEDS: 442E20A     194       0       0       0       0    B272      7B       0       0
  299999989                    11                    11             4.5190770E-05         1.0000000E+30            997247       
 NEXT SEEDS: 442E2EF     194       0       0       0       0    B272      7B       0       0
  299999990                    10                    10             4.5190773E-05         1.0000000E+30            997247       
 NEXT SEEDS: 442E3E2     194       0       0       0       0    B272      7B       0       0
  299999991                     9                     9             4.5190773E-05         1.0000000E+30            997247       
 NEXT SEEDS: 442E3EB     194       0       0       0       0    B272      7B       0       0
  299999992                     8                     8             4.5190773E-05         1.0000000E+30            997247       
 NEXT SEEDS: 442E4BF     194       0       0       0       0    B272      7B       0       0
  299999993                     7                     7             4.5190772E-05         1.0000000E+30            997247       
 NEXT SEEDS: 442E584     194       0       0       0       0    B272      7B       0       0
  299999994                     6                     6             4.5190772E-05         1.0000000E+30            997247       
 NEXT SEEDS: 442E65E     194       0       0       0       0    B272      7B       0       0
  299999995                     5                     5             4.5190772E-05         1.0000000E+30            997247       
 NEXT SEEDS: 442E727     194       0       0       0       0    B272      7B       0       0
  299999996                     4                     4             4.5190772E-05         1.0000000E+30            997247       
 NEXT SEEDS: 442E7FF     194       0       0       0       0    B272      7B       0       0
  299999997                     3                     3             4.5190775E-05         1.0000000E+30            997247       
 NEXT SEEDS: 442E806     194       0       0       0       0    B272      7B       0       0
  299999998                     2                     2             4.5190775E-05         1.0000000E+30            997247       
 NEXT SEEDS: 442E8DD     194       0       0       0       0    B272      7B       0       0
  299999999                     1                     1             4.5190775E-05         1.0000000E+30            997247       
 NEXT SEEDS: 442E9BB     194       0       0       0       0    B272      7B       0       0
  300000000                     0                     1             4.5190775E-05         1.0000000E+30            997247       
 NEXT SEEDS: 442EA69     194       0       0       0       0    B272      7B       0       0
