1NUMBER OF BEAM       NUMBER OF BEAM        APPROXIMATE NUMBER    AVERAGE TIME USED     TIME LEFT (RESERVED   NUMBER OF STARS
 PARTICLES HANDLED    PARTICLES LEFT        OF BEAM PARTICLES     BY A BEAM PARTICLE     10000.0 SECONDS      CREATED
                                            THAT CAN STILL BE                           FOR PRINTOUT)
                                            HANDLED

 NEXT SEEDS:2541FB68     120       0       0       0       0    B270      7B       0       0
          1             299999999             299999999             4.8160553E-05         1.0000000E+30                 0       
 NEXT SEEDS:2541FB71     120       0       0       0       0    B270      7B       0       0
    6000000             294000000             294000000             4.3176908E-05         1.0000000E+30             20060       
 NEXT SEEDS:2E79D67F     121       0       0       0       0    B270      7B       0       0
   12000000             288000000             288000000             4.3274530E-05         1.0000000E+30             39970       
 NEXT SEEDS:37ACA13C     122       0       0       0       0    B270      7B       0       0
   18000000             282000000             282000000             4.3917653E-05         1.0000000E+30             60008       
 NEXT SEEDS: 54F2559     124       0       0       0       0    B270      7B       0       0
   24000000             276000000             276000000             4.4561874E-05         1.0000000E+30             79936       
 NEXT SEEDS: E83B9A1     125       0       0       0       0    B270      7B       0       0
   30000000             270000000             270000000             4.5141597E-05         1.0000000E+30             99733       
 NEXT SEEDS:17B3FA2E     126       0       0       0       0    B270      7B       0       0
   36000000             264000000             264000000             4.5417205E-05         1.0000000E+30            119561       
 NEXT SEEDS:20E0EB08     127       0       0       0       0    B270      7B       0       0
   42000000             258000000             258000000             4.5586097E-05         1.0000000E+30            139630       
 NEXT SEEDS:2A17E02D     128       0       0       0       0    B270      7B       0       0
   48000000             252000000             252000000             4.5848093E-05         1.0000000E+30            159603       
 NEXT SEEDS:33535758     129       0       0       0       0    B270      7B       0       0
  *** Rcfset:kprin,bfcmax,epat00,ppat00,ravpot           1  -8.9701647695961118E-002  0.94273250163867850        9.1594988581171530E-002   12.440777676959296     
  ***RCFSET:EPAT00,VCOUMX,AM(KPRIN),KPRIN  0.94273250163867850        4.4753726192719029E-003  0.93827231000000000                1
   54000000             246000000             246000000             4.6032032E-05         1.0000000E+30            179712       
 NEXT SEEDS:  F17A01     12B       0       0       0       0    B270      7B       0       0
   60000000             240000000             240000000             4.6166601E-05         1.0000000E+30            199729       
 NEXT SEEDS: A28347A     12C       0       0       0       0    B270      7B       0       0
   66000000             234000000             234000000             4.6195283E-05         1.0000000E+30            219679       
 NEXT SEEDS:135E5DE3     12D       0       0       0       0    B270      7B       0       0
   72000000             228000000             228000000             4.6264367E-05         1.0000000E+30            239678       
 NEXT SEEDS:1C95B3D3     12E       0       0       0       0    B270      7B       0       0
   78000000             222000000             222000000             4.6334138E-05         1.0000000E+30            259688       
 NEXT SEEDS:25D1086F     12F       0       0       0       0    B270      7B       0       0
   84000000             216000000             216000000             4.6211792E-05         1.0000000E+30            279768       
 NEXT SEEDS:2F058F93     130       0       0       0       0    B270      7B       0       0
   90000000             210000000             210000000             4.6158518E-05         1.0000000E+30            299753       
 NEXT SEEDS:38405E74     131       0       0       0       0    B270      7B       0       0
   96000000             204000000             204000000             4.6028107E-05         1.0000000E+30            319756       
 NEXT SEEDS: 5DDA76B     133       0       0       0       0    B270      7B       0       0
  102000000             198000000             198000000             4.5979478E-05         1.0000000E+30            339584       
 NEXT SEEDS: F105B9F     134       0       0       0       0    B270      7B       0       0
  108000000             192000000             192000000             4.5911729E-05         1.0000000E+30            359462       
 NEXT SEEDS:18409489     135       0       0       0       0    B270      7B       0       0
  114000000             186000000             186000000             4.5838790E-05         1.0000000E+30            379586       
 NEXT SEEDS:217638D8     136       0       0       0       0    B270      7B       0       0
  120000000             180000000             180000000             4.5796619E-05         1.0000000E+30            399292       
 NEXT SEEDS:2AA97889     137       0       0       0       0    B270      7B       0       0
  126000000             174000000             174000000             4.5736452E-05         1.0000000E+30            419425       
 NEXT SEEDS:33E61E60     138       0       0       0       0    B270      7B       0       0
  132000000             168000000             168000000             4.5713486E-05         1.0000000E+30            439412       
 NEXT SEEDS: 1828BEC     13A       0       0       0       0    B270      7B       0       0
  138000000             162000000             162000000             4.5687192E-05         1.0000000E+30            459416       
 NEXT SEEDS: AB7E1F8     13B       0       0       0       0    B270      7B       0       0
  144000000             156000000             156000000             4.5620856E-05         1.0000000E+30            479257       
 NEXT SEEDS:13E9B549     13C       0       0       0       0    B270      7B       0       0
  150000000             150000000             150000000             4.5578753E-05         1.0000000E+30            499097       
 NEXT SEEDS:1D1B6E7F     13D       0       0       0       0    B270      7B       0       0
  156000000             144000000             144000000             4.5548862E-05         1.0000000E+30            518936       
 NEXT SEEDS:264D1764     13E       0       0       0       0    B270      7B       0       0
  162000000             138000000             138000000             4.5531084E-05         1.0000000E+30            538820       
 NEXT SEEDS:2F88475B     13F       0       0       0       0    B270      7B       0       0
  168000000             132000000             132000000             4.5513608E-05         1.0000000E+30            558769       
 NEXT SEEDS:38BAF390     140       0       0       0       0    B270      7B       0       0
  174000000             126000000             126000000             4.5458381E-05         1.0000000E+30            578884       
 NEXT SEEDS: 6506B36     142       0       0       0       0    B270      7B       0       0
  180000000             120000000             120000000             4.5436667E-05         1.0000000E+30            598860       
 NEXT SEEDS: F89F71D     143       0       0       0       0    B270      7B       0       0
  186000000             114000000             114000000             4.5413522E-05         1.0000000E+30            618831       
 NEXT SEEDS:18C12CF9     144       0       0       0       0    B270      7B       0       0
  192000000             108000000             108000000             4.5365244E-05         1.0000000E+30            638729       
 NEXT SEEDS:21F2970B     145       0       0       0       0    B270      7B       0       0
  198000000             102000000             102000000             4.5343755E-05         1.0000000E+30            658656       
 NEXT SEEDS:2B29FAE5     146       0       0       0       0    B270      7B       0       0
  204000000              96000000              96000000             4.5364444E-05         1.0000000E+30            678307       
 NEXT SEEDS:3457C138     147       0       0       0       0    B270      7B       0       0
  210000000              90000000              90000000             4.5369750E-05         1.0000000E+30            698318       
 NEXT SEEDS: 1F90E6A     149       0       0       0       0    B270      7B       0       0
  216000000              84000000              84000000             4.5344980E-05         1.0000000E+30            718406       
 NEXT SEEDS: B2D692A     14A       0       0       0       0    B270      7B       0       0
  222000000              78000000              78000000             4.5318166E-05         1.0000000E+30            738438       
 NEXT SEEDS:1461E464     14B       0       0       0       0    B270      7B       0       0
  228000000              72000000              72000000             4.5279237E-05         1.0000000E+30            758335       
 NEXT SEEDS:1D9D570F     14C       0       0       0       0    B270      7B       0       0
  234000000              66000000              66000000             4.5271393E-05         1.0000000E+30            778391       
 NEXT SEEDS:26D02EFC     14D       0       0       0       0    B270      7B       0       0
  240000000              60000000              60000000             4.5249699E-05         1.0000000E+30            798268       
 NEXT SEEDS:30042AC6     14E       0       0       0       0    B270      7B       0       0
  246000000              54000000              54000000             4.5220251E-05         1.0000000E+30            818080       
 NEXT SEEDS:3934A62E     14F       0       0       0       0    B270      7B       0       0
  252000000              48000000              48000000             4.5186605E-05         1.0000000E+30            838459       
 NEXT SEEDS: 6D72AB2     151       0       0       0       0    B270      7B       0       0
  258000000              42000000              42000000             4.5173673E-05         1.0000000E+30            858345       
 NEXT SEEDS:1009FDD5     152       0       0       0       0    B270      7B       0       0
  264000000              36000000              36000000             4.5163090E-05         1.0000000E+30            878312       
 NEXT SEEDS:193D0C9D     153       0       0       0       0    B270      7B       0       0
  270000000              30000000              30000000             4.5151411E-05         1.0000000E+30            898331       
 NEXT SEEDS:2271C380     154       0       0       0       0    B270      7B       0       0
  276000000              24000000              24000000             4.5146000E-05         1.0000000E+30            918331       
 NEXT SEEDS:2BAA1743     155       0       0       0       0    B270      7B       0       0
  282000000              18000000              18000000             4.5135718E-05         1.0000000E+30            938305       
 NEXT SEEDS:34DF3D33     156       0       0       0       0    B270      7B       0       0
  288000000              12000000              12000000             4.5123589E-05         1.0000000E+30            958134       
 NEXT SEEDS: 276344B     158       0       0       0       0    B270      7B       0       0
  294000000               6000000               6000000             4.5106336E-05         1.0000000E+30            978020       
 NEXT SEEDS: BA987A0     159       0       0       0       0    B270      7B       0       0
  299999950                    50                    50             4.5100886E-05         1.0000000E+30            998232       
 NEXT SEEDS:14E29830     15A       0       0       0       0    B270      7B       0       0
  299999951                    49                    49             4.5100886E-05         1.0000000E+30            998232       
 NEXT SEEDS:14E29902     15A       0       0       0       0    B270      7B       0       0
  299999952                    48                    48             4.5100889E-05         1.0000000E+30            998232       
 NEXT SEEDS:14E299E7     15A       0       0       0       0    B270      7B       0       0
  299999953                    47                    47             4.5100889E-05         1.0000000E+30            998232       
 NEXT SEEDS:14E299EE     15A       0       0       0       0    B270      7B       0       0
  299999954                    46                    46             4.5100889E-05         1.0000000E+30            998232       
 NEXT SEEDS:14E29ABF     15A       0       0       0       0    B270      7B       0       0
  299999955                    45                    45             4.5100889E-05         1.0000000E+30            998232       
 NEXT SEEDS:14E29B9B     15A       0       0       0       0    B270      7B       0       0
  299999956                    44                    44             4.5100889E-05         1.0000000E+30            998232       
 NEXT SEEDS:14E29C67     15A       0       0       0       0    B270      7B       0       0
  299999957                    43                    43             4.5100889E-05         1.0000000E+30            998232       
 NEXT SEEDS:14E29D32     15A       0       0       0       0    B270      7B       0       0
  299999958                    42                    42             4.5100888E-05         1.0000000E+30            998232       
 NEXT SEEDS:14E29E09     15A       0       0       0       0    B270      7B       0       0
  299999959                    41                    41             4.5100892E-05         1.0000000E+30            998232       
 NEXT SEEDS:14E29EE0     15A       0       0       0       0    B270      7B       0       0
  299999960                    40                    40             4.5100891E-05         1.0000000E+30            998232       
 NEXT SEEDS:14E29FD8     15A       0       0       0       0    B270      7B       0       0
  299999961                    39                    39             4.5100891E-05         1.0000000E+30            998232       
 NEXT SEEDS:14E2A098     15A       0       0       0       0    B270      7B       0       0
  299999962                    38                    38             4.5100891E-05         1.0000000E+30            998232       
 NEXT SEEDS:14E2A168     15A       0       0       0       0    B270      7B       0       0
  299999963                    37                    37             4.5100891E-05         1.0000000E+30            998232       
 NEXT SEEDS:14E2A23E     15A       0       0       0       0    B270      7B       0       0
  299999964                    36                    36             4.5100891E-05         1.0000000E+30            998232       
 NEXT SEEDS:14E2A310     15A       0       0       0       0    B270      7B       0       0
  299999965                    35                    35             4.5100894E-05         1.0000000E+30            998232       
 NEXT SEEDS:14E2A317     15A       0       0       0       0    B270      7B       0       0
  299999966                    34                    34             4.5100894E-05         1.0000000E+30            998232       
 NEXT SEEDS:14E2A3ED     15A       0       0       0       0    B270      7B       0       0
  299999967                    33                    33             4.5100894E-05         1.0000000E+30            998232       
 NEXT SEEDS:14E2A4D1     15A       0       0       0       0    B270      7B       0       0
  299999968                    32                    32             4.5100893E-05         1.0000000E+30            998232       
 NEXT SEEDS:14E2A5AC     15A       0       0       0       0    B270      7B       0       0
  299999969                    31                    31             4.5100893E-05         1.0000000E+30            998232       
 NEXT SEEDS:14E2A693     15A       0       0       0       0    B270      7B       0       0
  299999970                    30                    30             4.5100893E-05         1.0000000E+30            998232       
 NEXT SEEDS:14E2A77E     15A       0       0       0       0    B270      7B       0       0
  299999971                    29                    29             4.5100896E-05         1.0000000E+30            998232       
 NEXT SEEDS:14E2A85E     15A       0       0       0       0    B270      7B       0       0
  299999972                    28                    28             4.5100896E-05         1.0000000E+30            998232       
 NEXT SEEDS:14E2A958     15A       0       0       0       0    B270      7B       0       0
  299999973                    27                    27             4.5100896E-05         1.0000000E+30            998232       
 NEXT SEEDS:14E2A9FB     15A       0       0       0       0    B270      7B       0       0
  299999974                    26                    26             4.5100896E-05         1.0000000E+30            998232       
 NEXT SEEDS:14E2AAC8     15A       0       0       0       0    B270      7B       0       0
  299999975                    25                    25             4.5100896E-05         1.0000000E+30            998232       
 NEXT SEEDS:14E2ABB7     15A       0       0       0       0    B270      7B       0       0
  299999976                    24                    24             4.5100895E-05         1.0000000E+30            998232       
 NEXT SEEDS:14E2AC65     15A       0       0       0       0    B270      7B       0       0
  299999977                    23                    23             4.5100899E-05         1.0000000E+30            998232       
 NEXT SEEDS:14E2AD39     15A       0       0       0       0    B270      7B       0       0
  299999978                    22                    22             4.5100898E-05         1.0000000E+30            998232       
 NEXT SEEDS:14E2AE0A     15A       0       0       0       0    B270      7B       0       0
  299999979                    21                    21             4.5100898E-05         1.0000000E+30            998232       
 NEXT SEEDS:14E2AEE1     15A       0       0       0       0    B270      7B       0       0
  299999980                    20                    20             4.5100898E-05         1.0000000E+30            998232       
 NEXT SEEDS:14E2AFB3     15A       0       0       0       0    B270      7B       0       0
  299999981                    19                    19             4.5100898E-05         1.0000000E+30            998232       
 NEXT SEEDS:14E2B08B     15A       0       0       0       0    B270      7B       0       0
  299999982                    18                    18             4.5100898E-05         1.0000000E+30            998232       
 NEXT SEEDS:14E2B092     15A       0       0       0       0    B270      7B       0       0
  299999983                    17                    17             4.5100898E-05         1.0000000E+30            998232       
 NEXT SEEDS:14E2B178     15A       0       0       0       0    B270      7B       0       0
  299999984                    16                    16             4.5100901E-05         1.0000000E+30            998232       
 NEXT SEEDS:14E2B247     15A       0       0       0       0    B270      7B       0       0
  299999985                    15                    15             4.5100901E-05         1.0000000E+30            998232       
 NEXT SEEDS:14E2B30E     15A       0       0       0       0    B270      7B       0       0
  299999986                    14                    14             4.5100901E-05         1.0000000E+30            998232       
 NEXT SEEDS:14E2B3D4     15A       0       0       0       0    B270      7B       0       0
  299999987                    13                    13             4.5100900E-05         1.0000000E+30            998232       
 NEXT SEEDS:14E2B4AA     15A       0       0       0       0    B270      7B       0       0
  299999988                    12                    12             4.5100900E-05         1.0000000E+30            998232       
 NEXT SEEDS:14E2B58E     15A       0       0       0       0    B270      7B       0       0
  299999989                    11                    11             4.5100900E-05         1.0000000E+30            998232       
 NEXT SEEDS:14E2B599     15A       0       0       0       0    B270      7B       0       0
  299999990                    10                    10             4.5100903E-05         1.0000000E+30            998232       
 NEXT SEEDS:14E2B66B     15A       0       0       0       0    B270      7B       0       0
  299999991                     9                     9             4.5100903E-05         1.0000000E+30            998232       
 NEXT SEEDS:14E2B745     15A       0       0       0       0    B270      7B       0       0
  299999992                     8                     8             4.5100903E-05         1.0000000E+30            998232       
 NEXT SEEDS:14E2B74C     15A       0       0       0       0    B270      7B       0       0
  299999993                     7                     7             4.5100903E-05         1.0000000E+30            998232       
 NEXT SEEDS:14E2B753     15A       0       0       0       0    B270      7B       0       0
  299999994                     6                     6             4.5100903E-05         1.0000000E+30            998232       
 NEXT SEEDS:14E2B835     15A       0       0       0       0    B270      7B       0       0
  299999995                     5                     5             4.5100902E-05         1.0000000E+30            998232       
 NEXT SEEDS:14E2B919     15A       0       0       0       0    B270      7B       0       0
  299999996                     4                     4             4.5100902E-05         1.0000000E+30            998232       
 NEXT SEEDS:14E2B9EB     15A       0       0       0       0    B270      7B       0       0
  299999997                     3                     3             4.5100905E-05         1.0000000E+30            998232       
 NEXT SEEDS:14E2BAC0     15A       0       0       0       0    B270      7B       0       0
  299999998                     2                     2             4.5100905E-05         1.0000000E+30            998232       
 NEXT SEEDS:14E2BAC7     15A       0       0       0       0    B270      7B       0       0
  299999999                     1                     1             4.5100905E-05         1.0000000E+30            998232       
 NEXT SEEDS:14E2BAD0     15A       0       0       0       0    B270      7B       0       0
  300000000                     0                     1             4.5100905E-05         1.0000000E+30            998232       
 NEXT SEEDS:14E2BB9B     15A       0       0       0       0    B270      7B       0       0
