1NUMBER OF BEAM       NUMBER OF BEAM        APPROXIMATE NUMBER    AVERAGE TIME USED     TIME LEFT (RESERVED   NUMBER OF STARS
 PARTICLES HANDLED    PARTICLES LEFT        OF BEAM PARTICLES     BY A BEAM PARTICLE     10000.0 SECONDS      CREATED
                                            THAT CAN STILL BE                           FOR PRINTOUT)
                                            HANDLED

 NEXT SEEDS:248ACD34     120       0       0       0       0    B26F      7B       0       0
          1             299999999             299999999             1.4686584E-04         1.0000000E+30                 0       
 NEXT SEEDS:248ACE01     120       0       0       0       0    B26F      7B       0       0
    6000000             294000000             294000000             4.3659808E-05         1.0000000E+30             19780       
 NEXT SEEDS:2DBD2971     121       0       0       0       0    B26F      7B       0       0
   12000000             288000000             288000000             4.3137061E-05         1.0000000E+30             39600       
 NEXT SEEDS:36E928DF     122       0       0       0       0    B26F      7B       0       0
   18000000             282000000             282000000             4.2756535E-05         1.0000000E+30             59631       
 NEXT SEEDS: 486D3A5     124       0       0       0       0    B26F      7B       0       0
   24000000             276000000             276000000             4.2803869E-05         1.0000000E+30             79545       
 NEXT SEEDS: DB5B055     125       0       0       0       0    B26F      7B       0       0
   30000000             270000000             270000000             4.2927141E-05         1.0000000E+30             99586       
 NEXT SEEDS:16E9E16D     126       0       0       0       0    B26F      7B       0       0
   36000000             264000000             264000000             4.3082293E-05         1.0000000E+30            119480       
 NEXT SEEDS:201BD35D     127       0       0       0       0    B26F      7B       0       0
   42000000             258000000             258000000             4.3127445E-05         1.0000000E+30            139371       
 NEXT SEEDS:295430C7     128       0       0       0       0    B26F      7B       0       0
   48000000             252000000             252000000             4.3172880E-05         1.0000000E+30            159283       
 NEXT SEEDS:32889F51     129       0       0       0       0    B26F      7B       0       0
   54000000             246000000             246000000             4.3193999E-05         1.0000000E+30            179158       
 NEXT SEEDS:  1DFFB7     12B       0       0       0       0    B26F      7B       0       0
   60000000             240000000             240000000             4.3244395E-05         1.0000000E+30            199111       
 NEXT SEEDS: 951F266     12C       0       0       0       0    B26F      7B       0       0
   66000000             234000000             234000000             4.3445977E-05         1.0000000E+30            219140       
 NEXT SEEDS:1289BC86     12D       0       0       0       0    B26F      7B       0       0
   72000000             228000000             228000000             4.3728392E-05         1.0000000E+30            239323       
 NEXT SEEDS:1BC18929     12E       0       0       0       0    B26F      7B       0       0
   78000000             222000000             222000000             4.3941061E-05         1.0000000E+30            259316       
 NEXT SEEDS:24FF1350     12F       0       0       0       0    B26F      7B       0       0
   84000000             216000000             216000000             4.4179585E-05         1.0000000E+30            279254       
 NEXT SEEDS:2E303202     130       0       0       0       0    B26F      7B       0       0
   90000000             210000000             210000000             4.4325129E-05         1.0000000E+30            299289       
 NEXT SEEDS:3767E342     131       0       0       0       0    B26F      7B       0       0
   96000000             204000000             204000000             4.4485801E-05         1.0000000E+30            319232       
 NEXT SEEDS: 4FEA303     133       0       0       0       0    B26F      7B       0       0
  102000000             198000000             198000000             4.4506952E-05         1.0000000E+30            339293       
 NEXT SEEDS: E32F8A1     134       0       0       0       0    B26F      7B       0       0
  108000000             192000000             192000000             4.4454089E-05         1.0000000E+30            359182       
 NEXT SEEDS:17649806     135       0       0       0       0    B26F      7B       0       0
  114000000             186000000             186000000             4.4412993E-05         1.0000000E+30            379259       
 NEXT SEEDS:209D1F4D     136       0       0       0       0    B26F      7B       0       0
  120000000             180000000             180000000             4.4384201E-05         1.0000000E+30            399413       
 NEXT SEEDS:29D4DE35     137       0       0       0       0    B26F      7B       0       0
  126000000             174000000             174000000             4.4369087E-05         1.0000000E+30            419588       
 NEXT SEEDS:330D07AE     138       0       0       0       0    B26F      7B       0       0
  132000000             168000000             168000000             4.4322119E-05         1.0000000E+30            439482       
 NEXT SEEDS:  A3A7C3     13A       0       0       0       0    B26F      7B       0       0
  138000000             162000000             162000000             4.4290146E-05         1.0000000E+30            459543       
 NEXT SEEDS: 9DE0643     13B       0       0       0       0    B26F      7B       0       0
  144000000             156000000             156000000             4.4261710E-05         1.0000000E+30            479661       
 NEXT SEEDS:1319C525     13C       0       0       0       0    B26F      7B       0       0
  150000000             150000000             150000000             4.4260379E-05         1.0000000E+30            499805       
 NEXT SEEDS:1C512079     13D       0       0       0       0    B26F      7B       0       0
  156000000             144000000             144000000             4.4223956E-05         1.0000000E+30            519778       
 NEXT SEEDS:258600CF     13E       0       0       0       0    B26F      7B       0       0
  162000000             138000000             138000000             4.4232938E-05         1.0000000E+30            539741       
 NEXT SEEDS:2EC2735B     13F       0       0       0       0    B26F      7B       0       0
  168000000             132000000             132000000             4.4212502E-05         1.0000000E+30            559806       
 NEXT SEEDS:37FA1F9A     140       0       0       0       0    B26F      7B       0       0
  174000000             126000000             126000000             4.4195611E-05         1.0000000E+30            579760       
 NEXT SEEDS: 5919C25     142       0       0       0       0    B26F      7B       0       0
  180000000             120000000             120000000             4.4182471E-05         1.0000000E+30            599696       
 NEXT SEEDS: EC239EA     143       0       0       0       0    B26F      7B       0       0
  186000000             114000000             114000000             4.4149436E-05         1.0000000E+30            619351       
 NEXT SEEDS:17EE1D40     144       0       0       0       0    B26F      7B       0       0
  192000000             108000000             108000000             4.4147930E-05         1.0000000E+30            639302       
 NEXT SEEDS:2129D426     145       0       0       0       0    B26F      7B       0       0
  198000000             102000000             102000000             4.4117736E-05         1.0000000E+30            659144       
 NEXT SEEDS:2A614CBA     146       0       0       0       0    B26F      7B       0       0
  204000000              96000000              96000000             4.4098954E-05         1.0000000E+30            679034       
 NEXT SEEDS:339626F2     147       0       0       0       0    B26F      7B       0       0
  210000000              90000000              90000000             4.4082743E-05         1.0000000E+30            699011       
 NEXT SEEDS: 134778D     149       0       0       0       0    B26F      7B       0       0
  216000000              84000000              84000000             4.4081345E-05         1.0000000E+30            718933       
 NEXT SEEDS: A63EE52     14A       0       0       0       0    B26F      7B       0       0
  222000000              78000000              78000000             4.4074536E-05         1.0000000E+30            739074       
 NEXT SEEDS:13A048F8     14B       0       0       0       0    B26F      7B       0       0
  228000000              72000000              72000000             4.4063460E-05         1.0000000E+30            759215       
 NEXT SEEDS:1CD4741F     14C       0       0       0       0    B26F      7B       0       0
  234000000              66000000              66000000             4.4049768E-05         1.0000000E+30            779149       
 NEXT SEEDS:260D80C6     14D       0       0       0       0    B26F      7B       0       0
  240000000              60000000              60000000             4.4051124E-05         1.0000000E+30            798999       
 NEXT SEEDS:2F450083     14E       0       0       0       0    B26F      7B       0       0
  246000000              54000000              54000000             4.4036634E-05         1.0000000E+30            818982       
 NEXT SEEDS:387E62A5     14F       0       0       0       0    B26F      7B       0       0
  252000000              48000000              48000000             4.4036075E-05         1.0000000E+30            838940       
 NEXT SEEDS: 619CFE7     151       0       0       0       0    B26F      7B       0       0
  258000000              42000000              42000000             4.4046395E-05         1.0000000E+30            858844       
 NEXT SEEDS: F4D3C89     152       0       0       0       0    B26F      7B       0       0
  264000000              36000000              36000000             4.4020512E-05         1.0000000E+30            878822       
 NEXT SEEDS:187FD088     153       0       0       0       0    B26F      7B       0       0
  270000000              30000000              30000000             4.4022035E-05         1.0000000E+30            898947       
 NEXT SEEDS:21B63DBF     154       0       0       0       0    B26F      7B       0       0
  276000000              24000000              24000000             4.4013761E-05         1.0000000E+30            918886       
 NEXT SEEDS:2AEA5BAF     155       0       0       0       0    B26F      7B       0       0
  282000000              18000000              18000000             4.4013755E-05         1.0000000E+30            938992       
 NEXT SEEDS:34220249     156       0       0       0       0    B26F      7B       0       0
  288000000              12000000              12000000             4.4000858E-05         1.0000000E+30            959080       
 NEXT SEEDS: 1BEE245     158       0       0       0       0    B26F      7B       0       0
  294000000               6000000               6000000             4.3991291E-05         1.0000000E+30            978968       
 NEXT SEEDS: AEE7A5A     159       0       0       0       0    B26F      7B       0       0
  299999950                    50                    50             4.3990307E-05         1.0000000E+30            998767       
 NEXT SEEDS:142B96FA     15A       0       0       0       0    B26F      7B       0       0
  299999951                    49                    49             4.3990310E-05         1.0000000E+30            998767       
 NEXT SEEDS:142B97E2     15A       0       0       0       0    B26F      7B       0       0
  299999952                    48                    48             4.3990310E-05         1.0000000E+30            998767       
 NEXT SEEDS:142B98E1     15A       0       0       0       0    B26F      7B       0       0
  299999953                    47                    47             4.3990310E-05         1.0000000E+30            998767       
 NEXT SEEDS:142B99C1     15A       0       0       0       0    B26F      7B       0       0
  299999954                    46                    46             4.3990313E-05         1.0000000E+30            998767       
 NEXT SEEDS:142B9AA0     15A       0       0       0       0    B26F      7B       0       0
  299999955                    45                    45             4.3990313E-05         1.0000000E+30            998767       
 NEXT SEEDS:142B9B61     15A       0       0       0       0    B26F      7B       0       0
  299999956                    44                    44             4.3990313E-05         1.0000000E+30            998767       
 NEXT SEEDS:142B9C2E     15A       0       0       0       0    B26F      7B       0       0
  299999957                    43                    43             4.3990313E-05         1.0000000E+30            998767       
 NEXT SEEDS:142B9D04     15A       0       0       0       0    B26F      7B       0       0
  299999958                    42                    42             4.3990316E-05         1.0000000E+30            998767       
 NEXT SEEDS:142B9DDE     15A       0       0       0       0    B26F      7B       0       0
  299999959                    41                    41             4.3990316E-05         1.0000000E+30            998767       
 NEXT SEEDS:142B9DE9     15A       0       0       0       0    B26F      7B       0       0
  299999960                    40                    40             4.3990316E-05         1.0000000E+30            998767       
 NEXT SEEDS:142B9EC0     15A       0       0       0       0    B26F      7B       0       0
  299999961                    39                    39             4.3990315E-05         1.0000000E+30            998767       
 NEXT SEEDS:142B9F99     15A       0       0       0       0    B26F      7B       0       0
  299999962                    38                    38             4.3990315E-05         1.0000000E+30            998767       
 NEXT SEEDS:142BA06B     15A       0       0       0       0    B26F      7B       0       0
  299999963                    37                    37             4.3990318E-05         1.0000000E+30            998767       
 NEXT SEEDS:142BA14D     15A       0       0       0       0    B26F      7B       0       0
  299999964                    36                    36             4.3990318E-05         1.0000000E+30            998767       
 NEXT SEEDS:142BA22E     15A       0       0       0       0    B26F      7B       0       0
  299999965                    35                    35             4.3990318E-05         1.0000000E+30            998767       
 NEXT SEEDS:142BA30A     15A       0       0       0       0    B26F      7B       0       0
  299999966                    34                    34             4.3990321E-05         1.0000000E+30            998767       
 NEXT SEEDS:142BA3DC     15A       0       0       0       0    B26F      7B       0       0
  299999967                    33                    33             4.3990321E-05         1.0000000E+30            998767       
 NEXT SEEDS:142BA49F     15A       0       0       0       0    B26F      7B       0       0
  299999968                    32                    32             4.3990321E-05         1.0000000E+30            998767       
 NEXT SEEDS:142BA578     15A       0       0       0       0    B26F      7B       0       0
  299999969                    31                    31             4.3990321E-05         1.0000000E+30            998767       
 NEXT SEEDS:142BA640     15A       0       0       0       0    B26F      7B       0       0
  299999970                    30                    30             4.3990324E-05         1.0000000E+30            998767       
 NEXT SEEDS:142BA71B     15A       0       0       0       0    B26F      7B       0       0
  299999971                    29                    29             4.3990324E-05         1.0000000E+30            998767       
 NEXT SEEDS:142BA7F7     15A       0       0       0       0    B26F      7B       0       0
  299999972                    28                    28             4.3990324E-05         1.0000000E+30            998767       
 NEXT SEEDS:142BA8D4     15A       0       0       0       0    B26F      7B       0       0
  299999973                    27                    27             4.3990327E-05         1.0000000E+30            998767       
 NEXT SEEDS:142BA9AF     15A       0       0       0       0    B26F      7B       0       0
  299999974                    26                    26             4.3990327E-05         1.0000000E+30            998767       
 NEXT SEEDS:142BAA8C     15A       0       0       0       0    B26F      7B       0       0
  299999975                    25                    25             4.3990326E-05         1.0000000E+30            998767       
 NEXT SEEDS:142BAB5C     15A       0       0       0       0    B26F      7B       0       0
  299999976                    24                    24             4.3990326E-05         1.0000000E+30            998767       
 NEXT SEEDS:142BAC35     15A       0       0       0       0    B26F      7B       0       0
  299999977                    23                    23             4.3990329E-05         1.0000000E+30            998767       
 NEXT SEEDS:142BACF8     15A       0       0       0       0    B26F      7B       0       0
  299999978                    22                    22             4.3990332E-05         1.0000000E+30            998768       
 NEXT SEEDS:142BB08F     15A       0       0       0       0    B26F      7B       0       0
  299999979                    21                    21             4.3990332E-05         1.0000000E+30            998768       
 NEXT SEEDS:142BB150     15A       0       0       0       0    B26F      7B       0       0
  299999980                    20                    20             4.3990332E-05         1.0000000E+30            998768       
 NEXT SEEDS:142BB235     15A       0       0       0       0    B26F      7B       0       0
  299999981                    19                    19             4.3990332E-05         1.0000000E+30            998768       
 NEXT SEEDS:142BB310     15A       0       0       0       0    B26F      7B       0       0
  299999982                    18                    18             4.3990335E-05         1.0000000E+30            998768       
 NEXT SEEDS:142BB3E7     15A       0       0       0       0    B26F      7B       0       0
  299999983                    17                    17             4.3990335E-05         1.0000000E+30            998768       
 NEXT SEEDS:142BB4B1     15A       0       0       0       0    B26F      7B       0       0
  299999984                    16                    16             4.3990335E-05         1.0000000E+30            998768       
 NEXT SEEDS:142BB585     15A       0       0       0       0    B26F      7B       0       0
  299999985                    15                    15             4.3990335E-05         1.0000000E+30            998768       
 NEXT SEEDS:142BB9D7     15A       0       0       0       0    B26F      7B       0       0
  299999986                    14                    14             4.3990335E-05         1.0000000E+30            998768       
 NEXT SEEDS:142BB9E0     15A       0       0       0       0    B26F      7B       0       0
  299999987                    13                    13             4.3990334E-05         1.0000000E+30            998768       
 NEXT SEEDS:142BBAA4     15A       0       0       0       0    B26F      7B       0       0
  299999988                    12                    12             4.3990338E-05         1.0000000E+30            998768       
 NEXT SEEDS:142BBB79     15A       0       0       0       0    B26F      7B       0       0
  299999989                    11                    11             4.3990337E-05         1.0000000E+30            998768       
 NEXT SEEDS:142BBC4C     15A       0       0       0       0    B26F      7B       0       0
  299999990                    10                    10             4.3990337E-05         1.0000000E+30            998768       
 NEXT SEEDS:142BBD21     15A       0       0       0       0    B26F      7B       0       0
  299999991                     9                     9             4.3990340E-05         1.0000000E+30            998768       
 NEXT SEEDS:142BBDE8     15A       0       0       0       0    B26F      7B       0       0
  299999992                     8                     8             4.3990340E-05         1.0000000E+30            998768       
 NEXT SEEDS:142BBEBD     15A       0       0       0       0    B26F      7B       0       0
  299999993                     7                     7             4.3990340E-05         1.0000000E+30            998768       
 NEXT SEEDS:142BBF94     15A       0       0       0       0    B26F      7B       0       0
  299999994                     6                     6             4.3990340E-05         1.0000000E+30            998768       
 NEXT SEEDS:142BC05F     15A       0       0       0       0    B26F      7B       0       0
  299999995                     5                     5             4.3990343E-05         1.0000000E+30            998768       
 NEXT SEEDS:142BC11A     15A       0       0       0       0    B26F      7B       0       0
  299999996                     4                     4             4.3990343E-05         1.0000000E+30            998768       
 NEXT SEEDS:142BC1DD     15A       0       0       0       0    B26F      7B       0       0
  299999997                     3                     3             4.3990343E-05         1.0000000E+30            998768       
 NEXT SEEDS:142BC2BA     15A       0       0       0       0    B26F      7B       0       0
  299999998                     2                     2             4.3990343E-05         1.0000000E+30            998768       
 NEXT SEEDS:142BC38E     15A       0       0       0       0    B26F      7B       0       0
  299999999                     1                     1             4.3990342E-05         1.0000000E+30            998768       
 NEXT SEEDS:142BC45D     15A       0       0       0       0    B26F      7B       0       0
  300000000                     0                     1             4.3990346E-05         1.0000000E+30            998768       
 NEXT SEEDS:142BC536     15A       0       0       0       0    B26F      7B       0       0
