1NUMBER OF BEAM       NUMBER OF BEAM        APPROXIMATE NUMBER    AVERAGE TIME USED     TIME LEFT (RESERVED   NUMBER OF STARS
 PARTICLES HANDLED    PARTICLES LEFT        OF BEAM PARTICLES     BY A BEAM PARTICLE     10000.0 SECONDS      CREATED
                                            THAT CAN STILL BE                           FOR PRINTOUT)
                                            HANDLED

 NEXT SEEDS: 3E6E501     194       0       0       0       0    B26F      7B       0       0
          1             299999999             299999999             1.6808510E-04         1.0000000E+30                 0       
 NEXT SEEDS: 3E6E5EA     194       0       0       0       0    B26F      7B       0       0
    6000000             294000000             294000000             4.2830336E-05         1.0000000E+30             19742       
 NEXT SEEDS: D16FA04     195       0       0       0       0    B26F      7B       0       0
   12000000             288000000             288000000             4.3149985E-05         1.0000000E+30             39634       
 NEXT SEEDS:16466D79     196       0       0       0       0    B26F      7B       0       0
   18000000             282000000             282000000             4.3068432E-05         1.0000000E+30             59856       
 NEXT SEEDS:1F82A6DF     197       0       0       0       0    B26F      7B       0       0
   24000000             276000000             276000000             4.3197297E-05         1.0000000E+30             79710       
 NEXT SEEDS:28B66601     198       0       0       0       0    B26F      7B       0       0
   30000000             270000000             270000000             4.3225839E-05         1.0000000E+30             99588       
 NEXT SEEDS:31E97437     199       0       0       0       0    B26F      7B       0       0
   36000000             264000000             264000000             4.3311873E-05         1.0000000E+30            119678       
 NEXT SEEDS:3B258C9C     19A       0       0       0       0    B26F      7B       0       0
   42000000             258000000             258000000             4.3386443E-05         1.0000000E+30            139701       
 NEXT SEEDS: 8BF6B3F     19C       0       0       0       0    B26F      7B       0       0
   48000000             252000000             252000000             4.3452116E-05         1.0000000E+30            159615       
 NEXT SEEDS:11F22505     19D       0       0       0       0    B26F      7B       0       0
   54000000             246000000             246000000             4.3480232E-05         1.0000000E+30            179472       
 NEXT SEEDS:1B22F962     19E       0       0       0       0    B26F      7B       0       0
   60000000             240000000             240000000             4.3536807E-05         1.0000000E+30            199354       
 NEXT SEEDS:24587A94     19F       0       0       0       0    B26F      7B       0       0
   66000000             234000000             234000000             4.3721552E-05         1.0000000E+30            219301       
 NEXT SEEDS:2D8E8B3A     1A0       0       0       0       0    B26F      7B       0       0
   72000000             228000000             228000000             4.3706481E-05         1.0000000E+30            239294       
 NEXT SEEDS:36C08E79     1A1       0       0       0       0    B26F      7B       0       0
   78000000             222000000             222000000             4.3710489E-05         1.0000000E+30            259192       
 NEXT SEEDS: 457ADD5     1A3       0       0       0       0    B26F      7B       0       0
   84000000             216000000             216000000             4.3718987E-05         1.0000000E+30            279221       
 NEXT SEEDS: D95AD11     1A4       0       0       0       0    B26F      7B       0       0
   90000000             210000000             210000000             4.3702573E-05         1.0000000E+30            299047       
 NEXT SEEDS:16C8ECD8     1A5       0       0       0       0    B26F      7B       0       0
   96000000             204000000             204000000             4.3636499E-05         1.0000000E+30            319133       
 NEXT SEEDS:20023BC6     1A6       0       0       0       0    B26F      7B       0       0
  102000000             198000000             198000000             4.3635004E-05         1.0000000E+30            339244       
 NEXT SEEDS:293D10B9     1A7       0       0       0       0    B26F      7B       0       0
  108000000             192000000             192000000             4.3630637E-05         1.0000000E+30            359348       
 NEXT SEEDS:32761D87     1A8       0       0       0       0    B26F      7B       0       0
  114000000             186000000             186000000             4.3616908E-05         1.0000000E+30            379288       
 NEXT SEEDS:   FCBA6     1AA       0       0       0       0    B26F      7B       0       0
  120000000             180000000             180000000             4.3633406E-05         1.0000000E+30            399360       
 NEXT SEEDS: 94786C4     1AB       0       0       0       0    B26F      7B       0       0
  126000000             174000000             174000000             4.3634788E-05         1.0000000E+30            419247       
 NEXT SEEDS:127CEB60     1AC       0       0       0       0    B26F      7B       0       0
  132000000             168000000             168000000             4.3652365E-05         1.0000000E+30            439304       
 NEXT SEEDS:1BB42295     1AD       0       0       0       0    B26F      7B       0       0
  138000000             162000000             162000000             4.3639683E-05         1.0000000E+30            459537       
 NEXT SEEDS:24EE4975     1AE       0       0       0       0    B26F      7B       0       0
  144000000             156000000             156000000             4.3660352E-05         1.0000000E+30            479444       
 NEXT SEEDS:2E1DBB4E     1AF       0       0       0       0    B26F      7B       0       0
  150000000             150000000             150000000             4.3664078E-05         1.0000000E+30            499380       
 NEXT SEEDS:374D7D27     1B0       0       0       0       0    B26F      7B       0       0
  156000000             144000000             144000000             4.3665258E-05         1.0000000E+30            519283       
 NEXT SEEDS: 4E3D447     1B2       0       0       0       0    B26F      7B       0       0
  162000000             138000000             138000000             4.3668559E-05         1.0000000E+30            539265       
 NEXT SEEDS: E1AB6AC     1B3       0       0       0       0    B26F      7B       0       0
  168000000             132000000             132000000             4.3686889E-05         1.0000000E+30            559363       
 NEXT SEEDS:174EA22E     1B4       0       0       0       0    B26F      7B       0       0
  174000000             126000000             126000000             4.3694330E-05         1.0000000E+30            579545       
 NEXT SEEDS:20854EE1     1B5       0       0       0       0    B26F      7B       0       0
  180000000             120000000             120000000             4.3698708E-05         1.0000000E+30            599672       
 NEXT SEEDS:29BF3ECF     1B6       0       0       0       0    B26F      7B       0       0
  186000000             114000000             114000000             4.3696968E-05         1.0000000E+30            619324       
 NEXT SEEDS:32ECD74B     1B7       0       0       0       0    B26F      7B       0       0
  192000000             108000000             108000000             4.3707328E-05         1.0000000E+30            639427       
 NEXT SEEDS:  8D778A     1B9       0       0       0       0    B26F      7B       0       0
  198000000             102000000             102000000             4.3713553E-05         1.0000000E+30            659390       
 NEXT SEEDS: 9BFA450     1BA       0       0       0       0    B26F      7B       0       0
  204000000              96000000              96000000             4.3707220E-05         1.0000000E+30            679391       
 NEXT SEEDS:12EE40A9     1BB       0       0       0       0    B26F      7B       0       0
  210000000              90000000              90000000             4.3712706E-05         1.0000000E+30            699466       
 NEXT SEEDS:1C2B2802     1BC       0       0       0       0    B26F      7B       0       0
  216000000              84000000              84000000             4.3713987E-05         1.0000000E+30            719506       
 NEXT SEEDS:25610CFC     1BD       0       0       0       0    B26F      7B       0       0
  222000000              78000000              78000000             4.3739735E-05         1.0000000E+30            739426       
 NEXT SEEDS:2E98262D     1BE       0       0       0       0    B26F      7B       0       0
  228000000              72000000              72000000             4.3753522E-05         1.0000000E+30            759595       
 NEXT SEEDS:37DCF3C2     1BF       0       0       0       0    B26F      7B       0       0
  234000000              66000000              66000000             4.3752272E-05         1.0000000E+30            779600       
 NEXT SEEDS: 576DD12     1C1       0       0       0       0    B26F      7B       0       0
  240000000              60000000              60000000             4.3753123E-05         1.0000000E+30            799684       
 NEXT SEEDS: EAE2986     1C2       0       0       0       0    B26F      7B       0       0
  246000000              54000000              54000000             4.3745282E-05         1.0000000E+30            819750       
 NEXT SEEDS:17E10426     1C3       0       0       0       0    B26F      7B       0       0
  252000000              48000000              48000000             4.3759217E-05         1.0000000E+30            839603       
 NEXT SEEDS:21160215     1C4       0       0       0       0    B26F      7B       0       0
  258000000              42000000              42000000             4.3758950E-05         1.0000000E+30            859594       
 NEXT SEEDS:2A4E8561     1C5       0       0       0       0    B26F      7B       0       0
  264000000              36000000              36000000             4.3766085E-05         1.0000000E+30            879591       
 NEXT SEEDS:33800E05     1C6       0       0       0       0    B26F      7B       0       0
  270000000              30000000              30000000             4.3776850E-05         1.0000000E+30            899797       
 NEXT SEEDS: 11C1BF1     1C8       0       0       0       0    B26F      7B       0       0
  276000000              24000000              24000000             4.3776609E-05         1.0000000E+30            919506       
 NEXT SEEDS: A501203     1C9       0       0       0       0    B26F      7B       0       0
  282000000              18000000              18000000             4.3789760E-05         1.0000000E+30            939519       
 NEXT SEEDS:13848939     1CA       0       0       0       0    B26F      7B       0       0
  288000000              12000000              12000000             4.3792295E-05         1.0000000E+30            959616       
 NEXT SEEDS:1CBD88F4     1CB       0       0       0       0    B26F      7B       0       0
  294000000               6000000               6000000             4.3794561E-05         1.0000000E+30            979565       
 NEXT SEEDS:25F6F3E5     1CC       0       0       0       0    B26F      7B       0       0
  299999950                    50                    50             4.3786067E-05         1.0000000E+30            999150       
 NEXT SEEDS:2F2509A9     1CD       0       0       0       0    B26F      7B       0       0
  299999951                    49                    49             4.3786066E-05         1.0000000E+30            999150       
 NEXT SEEDS:2F250A7E     1CD       0       0       0       0    B26F      7B       0       0
  299999952                    48                    48             4.3786069E-05         1.0000000E+30            999150       
 NEXT SEEDS:2F250B56     1CD       0       0       0       0    B26F      7B       0       0
  299999953                    47                    47             4.3786069E-05         1.0000000E+30            999150       
 NEXT SEEDS:2F250C27     1CD       0       0       0       0    B26F      7B       0       0
  299999954                    46                    46             4.3786069E-05         1.0000000E+30            999150       
 NEXT SEEDS:2F250D28     1CD       0       0       0       0    B26F      7B       0       0
  299999955                    45                    45             4.3786069E-05         1.0000000E+30            999150       
 NEXT SEEDS:2F250E0B     1CD       0       0       0       0    B26F      7B       0       0
  299999956                    44                    44             4.3786069E-05         1.0000000E+30            999150       
 NEXT SEEDS:2F250EB2     1CD       0       0       0       0    B26F      7B       0       0
  299999957                    43                    43             4.3786072E-05         1.0000000E+30            999150       
 NEXT SEEDS:2F250F74     1CD       0       0       0       0    B26F      7B       0       0
  299999958                    42                    42             4.3786072E-05         1.0000000E+30            999150       
 NEXT SEEDS:2F251032     1CD       0       0       0       0    B26F      7B       0       0
  299999959                    41                    41             4.3786072E-05         1.0000000E+30            999150       
 NEXT SEEDS:2F25113D     1CD       0       0       0       0    B26F      7B       0       0
  299999960                    40                    40             4.3786072E-05         1.0000000E+30            999150       
 NEXT SEEDS:2F251144     1CD       0       0       0       0    B26F      7B       0       0
  299999961                    39                    39             4.3786071E-05         1.0000000E+30            999150       
 NEXT SEEDS:2F251224     1CD       0       0       0       0    B26F      7B       0       0
  299999962                    38                    38             4.3786071E-05         1.0000000E+30            999150       
 NEXT SEEDS:2F2512F7     1CD       0       0       0       0    B26F      7B       0       0
  299999963                    37                    37             4.3786074E-05         1.0000000E+30            999150       
 NEXT SEEDS:2F2513D1     1CD       0       0       0       0    B26F      7B       0       0
  299999964                    36                    36             4.3786074E-05         1.0000000E+30            999150       
 NEXT SEEDS:2F2514A9     1CD       0       0       0       0    B26F      7B       0       0
  299999965                    35                    35             4.3786074E-05         1.0000000E+30            999150       
 NEXT SEEDS:2F2514B0     1CD       0       0       0       0    B26F      7B       0       0
  299999966                    34                    34             4.3786074E-05         1.0000000E+30            999150       
 NEXT SEEDS:2F2514B9     1CD       0       0       0       0    B26F      7B       0       0
  299999967                    33                    33             4.3786074E-05         1.0000000E+30            999150       
 NEXT SEEDS:2F251596     1CD       0       0       0       0    B26F      7B       0       0
  299999968                    32                    32             4.3786074E-05         1.0000000E+30            999150       
 NEXT SEEDS:2F251680     1CD       0       0       0       0    B26F      7B       0       0
  299999969                    31                    31             4.3786077E-05         1.0000000E+30            999150       
 NEXT SEEDS:2F251740     1CD       0       0       0       0    B26F      7B       0       0
  299999970                    30                    30             4.3786077E-05         1.0000000E+30            999150       
 NEXT SEEDS:2F251807     1CD       0       0       0       0    B26F      7B       0       0
  299999971                    29                    29             4.3786076E-05         1.0000000E+30            999150       
 NEXT SEEDS:2F2518CB     1CD       0       0       0       0    B26F      7B       0       0
  299999972                    28                    28             4.3786076E-05         1.0000000E+30            999150       
 NEXT SEEDS:2F2519A5     1CD       0       0       0       0    B26F      7B       0       0
  299999973                    27                    27             4.3786076E-05         1.0000000E+30            999150       
 NEXT SEEDS:2F251A84     1CD       0       0       0       0    B26F      7B       0       0
  299999974                    26                    26             4.3786079E-05         1.0000000E+30            999150       
 NEXT SEEDS:2F251B47     1CD       0       0       0       0    B26F      7B       0       0
  299999975                    25                    25             4.3786079E-05         1.0000000E+30            999150       
 NEXT SEEDS:2F251B50     1CD       0       0       0       0    B26F      7B       0       0
  299999976                    24                    24             4.3786079E-05         1.0000000E+30            999150       
 NEXT SEEDS:2F251C13     1CD       0       0       0       0    B26F      7B       0       0
  299999977                    23                    23             4.3786079E-05         1.0000000E+30            999150       
 NEXT SEEDS:2F251CF4     1CD       0       0       0       0    B26F      7B       0       0
  299999978                    22                    22             4.3786079E-05         1.0000000E+30            999150       
 NEXT SEEDS:2F251DD6     1CD       0       0       0       0    B26F      7B       0       0
  299999979                    21                    21             4.3786079E-05         1.0000000E+30            999150       
 NEXT SEEDS:2F251EB0     1CD       0       0       0       0    B26F      7B       0       0
  299999980                    20                    20             4.3786078E-05         1.0000000E+30            999150       
 NEXT SEEDS:2F251EBB     1CD       0       0       0       0    B26F      7B       0       0
  299999981                    19                    19             4.3786082E-05         1.0000000E+30            999150       
 NEXT SEEDS:2F251F89     1CD       0       0       0       0    B26F      7B       0       0
  299999982                    18                    18             4.3786081E-05         1.0000000E+30            999150       
 NEXT SEEDS:2F25205B     1CD       0       0       0       0    B26F      7B       0       0
  299999983                    17                    17             4.3786081E-05         1.0000000E+30            999150       
 NEXT SEEDS:2F252134     1CD       0       0       0       0    B26F      7B       0       0
  299999984                    16                    16             4.3786081E-05         1.0000000E+30            999150       
 NEXT SEEDS:2F252209     1CD       0       0       0       0    B26F      7B       0       0
  299999985                    15                    15             4.3786081E-05         1.0000000E+30            999150       
 NEXT SEEDS:2F2522E6     1CD       0       0       0       0    B26F      7B       0       0
  299999986                    14                    14             4.3786084E-05         1.0000000E+30            999150       
 NEXT SEEDS:2F2523B9     1CD       0       0       0       0    B26F      7B       0       0
  299999987                    13                    13             4.3786084E-05         1.0000000E+30            999150       
 NEXT SEEDS:2F2524CE     1CD       0       0       0       0    B26F      7B       0       0
  299999988                    12                    12             4.3786084E-05         1.0000000E+30            999150       
 NEXT SEEDS:2F2525A2     1CD       0       0       0       0    B26F      7B       0       0
  299999989                    11                    11             4.3786084E-05         1.0000000E+30            999150       
 NEXT SEEDS:2F25267D     1CD       0       0       0       0    B26F      7B       0       0
  299999990                    10                    10             4.3786083E-05         1.0000000E+30            999150       
 NEXT SEEDS:2F252743     1CD       0       0       0       0    B26F      7B       0       0
  299999991                     9                     9             4.3786087E-05         1.0000000E+30            999150       
 NEXT SEEDS:2F252817     1CD       0       0       0       0    B26F      7B       0       0
  299999992                     8                     8             4.3786086E-05         1.0000000E+30            999150       
 NEXT SEEDS:2F25281E     1CD       0       0       0       0    B26F      7B       0       0
  299999993                     7                     7             4.3786086E-05         1.0000000E+30            999150       
 NEXT SEEDS:2F25290E     1CD       0       0       0       0    B26F      7B       0       0
  299999994                     6                     6             4.3786086E-05         1.0000000E+30            999150       
 NEXT SEEDS:2F2529E3     1CD       0       0       0       0    B26F      7B       0       0
  299999995                     5                     5             4.3786086E-05         1.0000000E+30            999150       
 NEXT SEEDS:2F2529EA     1CD       0       0       0       0    B26F      7B       0       0
  299999996                     4                     4             4.3786086E-05         1.0000000E+30            999150       
 NEXT SEEDS:2F252ACC     1CD       0       0       0       0    B26F      7B       0       0
  299999997                     3                     3             4.3786086E-05         1.0000000E+30            999150       
 NEXT SEEDS:2F252BA9     1CD       0       0       0       0    B26F      7B       0       0
  299999998                     2                     2             4.3786089E-05         1.0000000E+30            999150       
 NEXT SEEDS:2F252C71     1CD       0       0       0       0    B26F      7B       0       0
  299999999                     1                     1             4.3786089E-05         1.0000000E+30            999150       
 NEXT SEEDS:2F252D59     1CD       0       0       0       0    B26F      7B       0       0
  300000000                     0                     1             4.3786089E-05         1.0000000E+30            999150       
 NEXT SEEDS:2F252E1F     1CD       0       0       0       0    B26F      7B       0       0
