1NUMBER OF BEAM       NUMBER OF BEAM        APPROXIMATE NUMBER    AVERAGE TIME USED     TIME LEFT (RESERVED   NUMBER OF STARS
 PARTICLES HANDLED    PARTICLES LEFT        OF BEAM PARTICLES     BY A BEAM PARTICLE     10000.0 SECONDS      CREATED
                                            THAT CAN STILL BE                           FOR PRINTOUT)
                                            HANDLED

 NEXT SEEDS: 442EA69     194       0       0       0       0    B272      7B       0       0
          1             299999999             299999999             1.0514259E-04         1.0000000E+30                 0       
 NEXT SEEDS: 442EBB8     194       0       0       0       0    B272      7B       0       0
    6000000             294000000             294000000             4.4369966E-05         1.0000000E+30             20060       
 NEXT SEEDS: D7A94C6     195       0       0       0       0    B272      7B       0       0
   12000000             288000000             288000000             4.4430830E-05         1.0000000E+30             39852       
 NEXT SEEDS:16A8DD0A     196       0       0       0       0    B272      7B       0       0
   18000000             282000000             282000000             4.4645171E-05         1.0000000E+30             59784       
 NEXT SEEDS:1FDE7389     197       0       0       0       0    B272      7B       0       0
   24000000             276000000             276000000             4.4717948E-05         1.0000000E+30             79523       
 NEXT SEEDS:290F15E8     198       0       0       0       0    B272      7B       0       0
   30000000             270000000             270000000             4.4881316E-05         1.0000000E+30             99310       
 NEXT SEEDS:32485D64     199       0       0       0       0    B272      7B       0       0
   36000000             264000000             264000000             4.4896764E-05         1.0000000E+30            119367       
 NEXT SEEDS:3B8684DA     19A       0       0       0       0    B272      7B       0       0
   42000000             258000000             258000000             4.4967495E-05         1.0000000E+30            139120       
 NEXT SEEDS: 919584A     19C       0       0       0       0    B272      7B       0       0
   48000000             252000000             252000000             4.5207927E-05         1.0000000E+30            159257       
 NEXT SEEDS:12549FCB     19D       0       0       0       0    B272      7B       0       0
   54000000             246000000             246000000             4.5107414E-05         1.0000000E+30            179176       
 NEXT SEEDS:1B85292F     19E       0       0       0       0    B272      7B       0       0
   60000000             240000000             240000000             4.5062753E-05         1.0000000E+30            199196       
 NEXT SEEDS:24BBA116     19F       0       0       0       0    B272      7B       0       0
   66000000             234000000             234000000             4.5000348E-05         1.0000000E+30            219046       
 NEXT SEEDS:2DF06C34     1A0       0       0       0       0    B272      7B       0       0
   72000000             228000000             228000000             4.5006918E-05         1.0000000E+30            239089       
 NEXT SEEDS:3726AF3E     1A1       0       0       0       0    B272      7B       0       0
   78000000             222000000             222000000             4.4967383E-05         1.0000000E+30            259194       
 NEXT SEEDS: 4C53514     1A3       0       0       0       0    B272      7B       0       0
   84000000             216000000             216000000             4.4984088E-05         1.0000000E+30            279434       
 NEXT SEEDS: E040A01     1A4       0       0       0       0    B272      7B       0       0
   90000000             210000000             210000000             4.4975470E-05         1.0000000E+30            299315       
 NEXT SEEDS:17378615     1A5       0       0       0       0    B272      7B       0       0
   96000000             204000000             204000000             4.5012764E-05         1.0000000E+30            319288       
 NEXT SEEDS:206B011B     1A6       0       0       0       0    B272      7B       0       0
  102000000             198000000             198000000             4.5017619E-05         1.0000000E+30            339503       
 NEXT SEEDS:29A56D1D     1A7       0       0       0       0    B272      7B       0       0
  108000000             192000000             192000000             4.5000902E-05         1.0000000E+30            359601       
 NEXT SEEDS:32E28689     1A8       0       0       0       0    B272      7B       0       0
  114000000             186000000             186000000             4.4983320E-05         1.0000000E+30            379455       
 NEXT SEEDS:  7578C4     1AA       0       0       0       0    B272      7B       0       0
  120000000             180000000             180000000             4.4849111E-05         1.0000000E+30            399448       
 NEXT SEEDS: 9AB127F     1AB       0       0       0       0    B272      7B       0       0
  126000000             174000000             174000000             4.4772161E-05         1.0000000E+30            419221       
 NEXT SEEDS:12DD09F5     1AC       0       0       0       0    B272      7B       0       0
  132000000             168000000             168000000             4.4713618E-05         1.0000000E+30            439158       
 NEXT SEEDS:1C151111     1AD       0       0       0       0    B272      7B       0       0
  138000000             162000000             162000000             4.4629616E-05         1.0000000E+30            459177       
 NEXT SEEDS:2547C5D1     1AE       0       0       0       0    B272      7B       0       0
  144000000             156000000             156000000             4.4568707E-05         1.0000000E+30            479078       
 NEXT SEEDS:2E7B25F9     1AF       0       0       0       0    B272      7B       0       0
  150000000             150000000             150000000             4.4492079E-05         1.0000000E+30            499028       
 NEXT SEEDS:37AB92EE     1B0       0       0       0       0    B272      7B       0       0
  156000000             144000000             144000000             4.4437248E-05         1.0000000E+30            519077       
 NEXT SEEDS: 5480518     1B2       0       0       0       0    B272      7B       0       0
  162000000             138000000             138000000             4.4403412E-05         1.0000000E+30            538920       
 NEXT SEEDS: E7E0ACA     1B3       0       0       0       0    B272      7B       0       0
  168000000             132000000             132000000             4.4344978E-05         1.0000000E+30            558983       
 NEXT SEEDS:17B84984     1B4       0       0       0       0    B272      7B       0       0
  174000000             126000000             126000000             4.4322458E-05         1.0000000E+30            578704       
 NEXT SEEDS:20E471F1     1B5       0       0       0       0    B272      7B       0       0
  180000000             120000000             120000000             4.4282003E-05         1.0000000E+30            598524       
 NEXT SEEDS:2A15C147     1B6       0       0       0       0    B272      7B       0       0
  186000000             114000000             114000000             4.4245649E-05         1.0000000E+30            618433       
 NEXT SEEDS:3351F614     1B7       0       0       0       0    B272      7B       0       0
  192000000             108000000             108000000             4.4197643E-05         1.0000000E+30            638342       
 NEXT SEEDS:  E9F949     1B9       0       0       0       0    B272      7B       0       0
  198000000             102000000             102000000             4.4167354E-05         1.0000000E+30            658531       
 NEXT SEEDS: A238EFC     1BA       0       0       0       0    B272      7B       0       0
  204000000              96000000              96000000             4.4139166E-05         1.0000000E+30            678535       
 NEXT SEEDS:1355AA7F     1BB       0       0       0       0    B272      7B       0       0
  210000000              90000000              90000000             4.4090245E-05         1.0000000E+30            698379       
 NEXT SEEDS:1C8A923B     1BC       0       0       0       0    B272      7B       0       0
  216000000              84000000              84000000             4.4064197E-05         1.0000000E+30            718624       
 NEXT SEEDS:25C4FBC5     1BD       0       0       0       0    B272      7B       0       0
  *** Rcfset:kprin,bfcmax,epat00,ppat00,ravpot           1  -5.0224570972075888E-002  0.94290057020871387        9.3308936266478085E-002   12.440777676959296     
  222000000              78000000              78000000             4.4046234E-05         1.0000000E+30            738417       
 NEXT SEEDS:2EF640FB     1BE       0       0       0       0    B272      7B       0       0
  228000000              72000000              72000000             4.4015138E-05         1.0000000E+30            758374       
 NEXT SEEDS:382F3476     1BF       0       0       0       0    B272      7B       0       0
  234000000              66000000              66000000             4.3992510E-05         1.0000000E+30            778360       
 NEXT SEEDS: 5CCDC44     1C1       0       0       0       0    B272      7B       0       0
  240000000              60000000              60000000             4.3970578E-05         1.0000000E+30            798189       
 NEXT SEEDS: EFE033C     1C2       0       0       0       0    B272      7B       0       0
  246000000              54000000              54000000             4.3945917E-05         1.0000000E+30            818088       
 NEXT SEEDS:1827F33F     1C3       0       0       0       0    B272      7B       0       0
  252000000              48000000              48000000             4.3923473E-05         1.0000000E+30            838100       
 NEXT SEEDS:2162ECB4     1C4       0       0       0       0    B272      7B       0       0
  258000000              42000000              42000000             4.3905812E-05         1.0000000E+30            858034       
 NEXT SEEDS:2A9EFDC3     1C5       0       0       0       0    B272      7B       0       0
  264000000              36000000              36000000             4.3883942E-05         1.0000000E+30            877869       
 NEXT SEEDS:33D1DB3B     1C6       0       0       0       0    B272      7B       0       0
  270000000              30000000              30000000             4.3883526E-05         1.0000000E+30            897833       
 NEXT SEEDS: 169578A     1C8       0       0       0       0    B272      7B       0       0
  276000000              24000000              24000000             4.3913727E-05         1.0000000E+30            917784       
 NEXT SEEDS: A9BBC60     1C9       0       0       0       0    B272      7B       0       0
  282000000              18000000              18000000             4.3941577E-05         1.0000000E+30            937887       
 NEXT SEEDS:13CCD7DA     1CA       0       0       0       0    B272      7B       0       0
  288000000              12000000              12000000             4.3978903E-05         1.0000000E+30            957845       
 NEXT SEEDS:1D00250A     1CB       0       0       0       0    B272      7B       0       0
  294000000               6000000               6000000             4.4003339E-05         1.0000000E+30            977822       
 NEXT SEEDS:26376550     1CC       0       0       0       0    B272      7B       0       0
  299999950                    50                    50             4.4033967E-05         1.0000000E+30            997738       
 NEXT SEEDS:2F7016C5     1CD       0       0       0       0    B272      7B       0       0
  299999951                    49                    49             4.4033966E-05         1.0000000E+30            997738       
 NEXT SEEDS:2F7017B1     1CD       0       0       0       0    B272      7B       0       0
  299999952                    48                    48             4.4033966E-05         1.0000000E+30            997738       
 NEXT SEEDS:2F701875     1CD       0       0       0       0    B272      7B       0       0
  299999953                    47                    47             4.4033966E-05         1.0000000E+30            997738       
 NEXT SEEDS:2F70193C     1CD       0       0       0       0    B272      7B       0       0
  299999954                    46                    46             4.4033966E-05         1.0000000E+30            997738       
 NEXT SEEDS:2F701A01     1CD       0       0       0       0    B272      7B       0       0
  299999955                    45                    45             4.4033966E-05         1.0000000E+30            997738       
 NEXT SEEDS:2F701ACD     1CD       0       0       0       0    B272      7B       0       0
  299999956                    44                    44             4.4033969E-05         1.0000000E+30            997738       
 NEXT SEEDS:2F701AD4     1CD       0       0       0       0    B272      7B       0       0
  299999957                    43                    43             4.4033969E-05         1.0000000E+30            997738       
 NEXT SEEDS:2F701BB8     1CD       0       0       0       0    B272      7B       0       0
  299999958                    42                    42             4.4033969E-05         1.0000000E+30            997738       
 NEXT SEEDS:2F701C8D     1CD       0       0       0       0    B272      7B       0       0
  299999959                    41                    41             4.4033969E-05         1.0000000E+30            997738       
 NEXT SEEDS:2F701D61     1CD       0       0       0       0    B272      7B       0       0
  299999960                    40                    40             4.4033968E-05         1.0000000E+30            997738       
 NEXT SEEDS:2F701E36     1CD       0       0       0       0    B272      7B       0       0
  299999961                    39                    39             4.4033968E-05         1.0000000E+30            997738       
 NEXT SEEDS:2F701F18     1CD       0       0       0       0    B272      7B       0       0
  299999962                    38                    38             4.4033971E-05         1.0000000E+30            997738       
 NEXT SEEDS:2F701FF7     1CD       0       0       0       0    B272      7B       0       0
  299999963                    37                    37             4.4033971E-05         1.0000000E+30            997738       
 NEXT SEEDS:2F7020BA     1CD       0       0       0       0    B272      7B       0       0
  299999964                    36                    36             4.4033971E-05         1.0000000E+30            997738       
 NEXT SEEDS:2F70218E     1CD       0       0       0       0    B272      7B       0       0
  299999965                    35                    35             4.4033971E-05         1.0000000E+30            997738       
 NEXT SEEDS:2F702195     1CD       0       0       0       0    B272      7B       0       0
  299999966                    34                    34             4.4033971E-05         1.0000000E+30            997738       
 NEXT SEEDS:2F702271     1CD       0       0       0       0    B272      7B       0       0
  299999967                    33                    33             4.4033971E-05         1.0000000E+30            997738       
 NEXT SEEDS:2F702355     1CD       0       0       0       0    B272      7B       0       0
  299999968                    32                    32             4.4033970E-05         1.0000000E+30            997738       
 NEXT SEEDS:2F702440     1CD       0       0       0       0    B272      7B       0       0
  299999969                    31                    31             4.4033974E-05         1.0000000E+30            997738       
 NEXT SEEDS:2F702449     1CD       0       0       0       0    B272      7B       0       0
  299999970                    30                    30             4.4033973E-05         1.0000000E+30            997738       
 NEXT SEEDS:2F702529     1CD       0       0       0       0    B272      7B       0       0
  299999971                    29                    29             4.4033973E-05         1.0000000E+30            997738       
 NEXT SEEDS:2F7025F5     1CD       0       0       0       0    B272      7B       0       0
  299999972                    28                    28             4.4033973E-05         1.0000000E+30            997738       
 NEXT SEEDS:2F7026E0     1CD       0       0       0       0    B272      7B       0       0
  299999973                    27                    27             4.4033973E-05         1.0000000E+30            997738       
 NEXT SEEDS:2F7027BB     1CD       0       0       0       0    B272      7B       0       0
  299999974                    26                    26             4.4033973E-05         1.0000000E+30            997738       
 NEXT SEEDS:2F7028B1     1CD       0       0       0       0    B272      7B       0       0
  299999975                    25                    25             4.4033976E-05         1.0000000E+30            997738       
 NEXT SEEDS:2F7028B8     1CD       0       0       0       0    B272      7B       0       0
  299999976                    24                    24             4.4033976E-05         1.0000000E+30            997738       
 NEXT SEEDS:2F70297D     1CD       0       0       0       0    B272      7B       0       0
  299999977                    23                    23             4.4033976E-05         1.0000000E+30            997738       
 NEXT SEEDS:2F702A41     1CD       0       0       0       0    B272      7B       0       0
  299999978                    22                    22             4.4033976E-05         1.0000000E+30            997738       
 NEXT SEEDS:2F702B0D     1CD       0       0       0       0    B272      7B       0       0
  299999979                    21                    21             4.4033975E-05         1.0000000E+30            997738       
 NEXT SEEDS:2F702BE4     1CD       0       0       0       0    B272      7B       0       0
  299999980                    20                    20             4.4033975E-05         1.0000000E+30            997738       
 NEXT SEEDS:2F702BF1     1CD       0       0       0       0    B272      7B       0       0
  299999981                    19                    19             4.4033975E-05         1.0000000E+30            997738       
 NEXT SEEDS:2F702CC1     1CD       0       0       0       0    B272      7B       0       0
  299999982                    18                    18             4.4033978E-05         1.0000000E+30            997738       
 NEXT SEEDS:2F702DAB     1CD       0       0       0       0    B272      7B       0       0
  299999983                    17                    17             4.4033978E-05         1.0000000E+30            997738       
 NEXT SEEDS:2F702DB8     1CD       0       0       0       0    B272      7B       0       0
  299999984                    16                    16             4.4033978E-05         1.0000000E+30            997738       
 NEXT SEEDS:2F702DC1     1CD       0       0       0       0    B272      7B       0       0
  299999985                    15                    15             4.4033978E-05         1.0000000E+30            997738       
 NEXT SEEDS:2F702E8D     1CD       0       0       0       0    B272      7B       0       0
  299999986                    14                    14             4.4033978E-05         1.0000000E+30            997738       
 NEXT SEEDS:2F702F66     1CD       0       0       0       0    B272      7B       0       0
  299999987                    13                    13             4.4033977E-05         1.0000000E+30            997738       
 NEXT SEEDS:2F703040     1CD       0       0       0       0    B272      7B       0       0
  299999988                    12                    12             4.4033977E-05         1.0000000E+30            997738       
 NEXT SEEDS:2F703049     1CD       0       0       0       0    B272      7B       0       0
  299999989                    11                    11             4.4033980E-05         1.0000000E+30            997738       
 NEXT SEEDS:2F703119     1CD       0       0       0       0    B272      7B       0       0
  299999990                    10                    10             4.4033980E-05         1.0000000E+30            997738       
 NEXT SEEDS:2F7031DE     1CD       0       0       0       0    B272      7B       0       0
  299999991                     9                     9             4.4033980E-05         1.0000000E+30            997738       
 NEXT SEEDS:2F7032BC     1CD       0       0       0       0    B272      7B       0       0
  299999992                     8                     8             4.4033980E-05         1.0000000E+30            997738       
 NEXT SEEDS:2F7032C7     1CD       0       0       0       0    B272      7B       0       0
  299999993                     7                     7             4.4033980E-05         1.0000000E+30            997738       
 NEXT SEEDS:2F70338B     1CD       0       0       0       0    B272      7B       0       0
  299999994                     6                     6             4.4033980E-05         1.0000000E+30            997738       
 NEXT SEEDS:2F703451     1CD       0       0       0       0    B272      7B       0       0
  299999995                     5                     5             4.4033983E-05         1.0000000E+30            997738       
 NEXT SEEDS:2F703519     1CD       0       0       0       0    B272      7B       0       0
  299999996                     4                     4             4.4033983E-05         1.0000000E+30            997738       
 NEXT SEEDS:2F7035EB     1CD       0       0       0       0    B272      7B       0       0
  299999997                     3                     3             4.4033983E-05         1.0000000E+30            997738       
 NEXT SEEDS:2F7036D2     1CD       0       0       0       0    B272      7B       0       0
  299999998                     2                     2             4.4033982E-05         1.0000000E+30            997738       
 NEXT SEEDS:2F7037AA     1CD       0       0       0       0    B272      7B       0       0
  299999999                     1                     1             4.4033982E-05         1.0000000E+30            997738       
 NEXT SEEDS:2F70387B     1CD       0       0       0       0    B272      7B       0       0
  300000000                     0                     1             4.4033982E-05         1.0000000E+30            997738       
 NEXT SEEDS:2F70394B     1CD       0       0       0       0    B272      7B       0       0
