1NUMBER OF BEAM       NUMBER OF BEAM        APPROXIMATE NUMBER    AVERAGE TIME USED     TIME LEFT (RESERVED   NUMBER OF STARS
 PARTICLES HANDLED    PARTICLES LEFT        OF BEAM PARTICLES     BY A BEAM PARTICLE     10000.0 SECONDS      CREATED
                                            THAT CAN STILL BE                           FOR PRINTOUT)
                                            HANDLED

 NEXT SEEDS: A2E8285      AD       0       0       0       0    B272      7B       0       0
          1             299999999             299999999             4.5061111E-05         1.0000000E+30                 0       
 NEXT SEEDS: A2E828E      AD       0       0       0       0    B272      7B       0       0
    6000000             294000000             294000000             4.2787495E-05         1.0000000E+30             19928       
 NEXT SEEDS:135EF089      AE       0       0       0       0    B272      7B       0       0
   12000000             288000000             288000000             4.3064000E-05         1.0000000E+30             39696       
 NEXT SEEDS:1C9697C1      AF       0       0       0       0    B272      7B       0       0
   18000000             282000000             282000000             4.2884864E-05         1.0000000E+30             59662       
 NEXT SEEDS:25CC830D      B0       0       0       0       0    B272      7B       0       0
   24000000             276000000             276000000             4.2908203E-05         1.0000000E+30             79290       
 NEXT SEEDS:2EFD7862      B1       0       0       0       0    B272      7B       0       0
   30000000             270000000             270000000             4.2914563E-05         1.0000000E+30             99148       
 NEXT SEEDS:38324638      B2       0       0       0       0    B272      7B       0       0
   36000000             264000000             264000000             4.2902852E-05         1.0000000E+30            119088       
 NEXT SEEDS: 5CA3204      B4       0       0       0       0    B272      7B       0       0
   42000000             258000000             258000000             4.2888788E-05         1.0000000E+30            139038       
 NEXT SEEDS: EFF62DF      B5       0       0       0       0    B272      7B       0       0
   48000000             252000000             252000000             4.2983434E-05         1.0000000E+30            159281       
 NEXT SEEDS:183C6FFB      B6       0       0       0       0    B272      7B       0       0
   54000000             246000000             246000000             4.2900838E-05         1.0000000E+30            179266       
 NEXT SEEDS:216FB48B      B7       0       0       0       0    B272      7B       0       0
   60000000             240000000             240000000             4.2975061E-05         1.0000000E+30            199064       
 NEXT SEEDS:2AA451C3      B8       0       0       0       0    B272      7B       0       0
   66000000             234000000             234000000             4.2941639E-05         1.0000000E+30            219024       
 NEXT SEEDS:33D8BFED      B9       0       0       0       0    B272      7B       0       0
   72000000             228000000             228000000             4.2937015E-05         1.0000000E+30            238913       
 NEXT SEEDS: 16F34D3      BB       0       0       0       0    B272      7B       0       0
   78000000             222000000             222000000             4.2935118E-05         1.0000000E+30            258819       
 NEXT SEEDS: AA789AF      BC       0       0       0       0    B272      7B       0       0
   84000000             216000000             216000000             4.2967178E-05         1.0000000E+30            278748       
 NEXT SEEDS:13DE688A      BD       0       0       0       0    B272      7B       0       0
   90000000             210000000             210000000             4.2984917E-05         1.0000000E+30            298704       
 NEXT SEEDS:1D103E56      BE       0       0       0       0    B272      7B       0       0
   96000000             204000000             204000000             4.2969747E-05         1.0000000E+30            318953       
 NEXT SEEDS:264CB4BC      BF       0       0       0       0    B272      7B       0       0
  102000000             198000000             198000000             4.3140596E-05         1.0000000E+30            338706       
 NEXT SEEDS:2F7ECD0D      C0       0       0       0       0    B272      7B       0       0
  108000000             192000000             192000000             4.3304773E-05         1.0000000E+30            358762       
 NEXT SEEDS:38B91C96      C1       0       0       0       0    B272      7B       0       0
  114000000             186000000             186000000             4.3419613E-05         1.0000000E+30            378596       
 NEXT SEEDS: 652CC6D      C3       0       0       0       0    B272      7B       0       0
  120000000             180000000             180000000             4.3568164E-05         1.0000000E+30            398497       
 NEXT SEEDS: F882ED2      C4       0       0       0       0    B272      7B       0       0
  126000000             174000000             174000000             4.3705822E-05         1.0000000E+30            418545       
 NEXT SEEDS:18BBCBFB      C5       0       0       0       0    B272      7B       0       0
  132000000             168000000             168000000             4.3838642E-05         1.0000000E+30            438253       
 NEXT SEEDS:21F059EF      C6       0       0       0       0    B272      7B       0       0
  138000000             162000000             162000000             4.3956660E-05         1.0000000E+30            457884       
 NEXT SEEDS:2B23B12C      C7       0       0       0       0    B272      7B       0       0
  144000000             156000000             156000000             4.4026282E-05         1.0000000E+30            477795       
 NEXT SEEDS:3458B1B8      C8       0       0       0       0    B272      7B       0       0
  150000000             150000000             150000000             4.4167894E-05         1.0000000E+30            497974       
 NEXT SEEDS: 1F31555      CA       0       0       0       0    B272      7B       0       0
  156000000             144000000             144000000             4.4269697E-05         1.0000000E+30            517950       
 NEXT SEEDS: B2DA0C5      CB       0       0       0       0    B272      7B       0       0
  162000000             138000000             138000000             4.4357422E-05         1.0000000E+30            538035       
 NEXT SEEDS:145D510A      CC       0       0       0       0    B272      7B       0       0
  168000000             132000000             132000000             4.4441339E-05         1.0000000E+30            558060       
 NEXT SEEDS:1D8D2B70      CD       0       0       0       0    B272      7B       0       0
  174000000             126000000             126000000             4.4500508E-05         1.0000000E+30            577981       
 NEXT SEEDS:26C31697      CE       0       0       0       0    B272      7B       0       0
  180000000             120000000             120000000             4.4580721E-05         1.0000000E+30            597822       
 NEXT SEEDS:2FF3E3FE      CF       0       0       0       0    B272      7B       0       0
  186000000             114000000             114000000             4.4629644E-05         1.0000000E+30            617774       
 NEXT SEEDS:3925F313      D0       0       0       0       0    B272      7B       0       0
  192000000             108000000             108000000             4.4679680E-05         1.0000000E+30            637728       
 NEXT SEEDS: 6BE8F49      D2       0       0       0       0    B272      7B       0       0
  198000000             102000000             102000000             4.4737021E-05         1.0000000E+30            657918       
 NEXT SEEDS: FFC8E73      D3       0       0       0       0    B272      7B       0       0
  204000000              96000000              96000000             4.4777772E-05         1.0000000E+30            678020       
 NEXT SEEDS:19344735      D4       0       0       0       0    B272      7B       0       0
  210000000              90000000              90000000             4.4784698E-05         1.0000000E+30            697674       
 NEXT SEEDS:22662811      D5       0       0       0       0    B272      7B       0       0
  216000000              84000000              84000000             4.4741918E-05         1.0000000E+30            717771       
 NEXT SEEDS:2BA369D5      D6       0       0       0       0    B272      7B       0       0
  222000000              78000000              78000000             4.4712695E-05         1.0000000E+30            737910       
 NEXT SEEDS:34DE29F7      D7       0       0       0       0    B272      7B       0       0
  228000000              72000000              72000000             4.4673243E-05         1.0000000E+30            757533       
 NEXT SEEDS: 26EE0AA      D9       0       0       0       0    B272      7B       0       0
  234000000              66000000              66000000             4.4640765E-05         1.0000000E+30            777310       
 NEXT SEEDS: B9C8391      DA       0       0       0       0    B272      7B       0       0
  240000000              60000000              60000000             4.4592190E-05         1.0000000E+30            797162       
 NEXT SEEDS:14C84B0E      DB       0       0       0       0    B272      7B       0       0
  246000000              54000000              54000000             4.4571152E-05         1.0000000E+30            816857       
 NEXT SEEDS:1DFAD148      DC       0       0       0       0    B272      7B       0       0
  252000000              48000000              48000000             4.4539440E-05         1.0000000E+30            836599       
 NEXT SEEDS:2729F69A      DD       0       0       0       0    B272      7B       0       0
  258000000              42000000              42000000             4.4513594E-05         1.0000000E+30            856656       
 NEXT SEEDS:30614B31      DE       0       0       0       0    B272      7B       0       0
  264000000              36000000              36000000             4.4510511E-05         1.0000000E+30            876613       
 NEXT SEEDS:3994B959      DF       0       0       0       0    B272      7B       0       0
  270000000              30000000              30000000             4.4493274E-05         1.0000000E+30            896578       
 NEXT SEEDS: 72F6A72      E1       0       0       0       0    B272      7B       0       0
  276000000              24000000              24000000             4.4471986E-05         1.0000000E+30            916553       
 NEXT SEEDS:10637718      E2       0       0       0       0    B272      7B       0       0
  282000000              18000000              18000000             4.4457026E-05         1.0000000E+30            936459       
 NEXT SEEDS:199222B9      E3       0       0       0       0    B272      7B       0       0
  288000000              12000000              12000000             4.4439699E-05         1.0000000E+30            956447       
 NEXT SEEDS:22C8EFC0      E4       0       0       0       0    B272      7B       0       0
  294000000               6000000               6000000             4.4414918E-05         1.0000000E+30            976373       
 NEXT SEEDS:2C04A435      E5       0       0       0       0    B272      7B       0       0
  299999950                    50                    50             4.4405715E-05         1.0000000E+30            996232       
 NEXT SEEDS:3535A5AF      E6       0       0       0       0    B272      7B       0       0
  299999951                    49                    49             4.4405719E-05         1.0000000E+30            996232       
 NEXT SEEDS:3535A682      E6       0       0       0       0    B272      7B       0       0
  299999952                    48                    48             4.4405718E-05         1.0000000E+30            996232       
 NEXT SEEDS:3535A751      E6       0       0       0       0    B272      7B       0       0
  299999953                    47                    47             4.4405718E-05         1.0000000E+30            996232       
 NEXT SEEDS:3535A823      E6       0       0       0       0    B272      7B       0       0
  299999954                    46                    46             4.4405718E-05         1.0000000E+30            996232       
 NEXT SEEDS:3535A922      E6       0       0       0       0    B272      7B       0       0
  299999955                    45                    45             4.4405718E-05         1.0000000E+30            996232       
 NEXT SEEDS:3535A929      E6       0       0       0       0    B272      7B       0       0
  299999956                    44                    44             4.4405721E-05         1.0000000E+30            996232       
 NEXT SEEDS:3535AA34      E6       0       0       0       0    B272      7B       0       0
  299999957                    43                    43             4.4405721E-05         1.0000000E+30            996232       
 NEXT SEEDS:3535AAFF      E6       0       0       0       0    B272      7B       0       0
  299999958                    42                    42             4.4405721E-05         1.0000000E+30            996232       
 NEXT SEEDS:3535ABCF      E6       0       0       0       0    B272      7B       0       0
  299999959                    41                    41             4.4405721E-05         1.0000000E+30            996232       
 NEXT SEEDS:3535AC97      E6       0       0       0       0    B272      7B       0       0
  299999960                    40                    40             4.4405720E-05         1.0000000E+30            996232       
 NEXT SEEDS:3535AD5E      E6       0       0       0       0    B272      7B       0       0
  299999961                    39                    39             4.4405720E-05         1.0000000E+30            996232       
 NEXT SEEDS:3535AE31      E6       0       0       0       0    B272      7B       0       0
  299999962                    38                    38             4.4405723E-05         1.0000000E+30            996232       
 NEXT SEEDS:3535AF17      E6       0       0       0       0    B272      7B       0       0
  299999963                    37                    37             4.4405723E-05         1.0000000E+30            996232       
 NEXT SEEDS:3535AFE9      E6       0       0       0       0    B272      7B       0       0
  299999964                    36                    36             4.4405723E-05         1.0000000E+30            996232       
 NEXT SEEDS:3535B0BE      E6       0       0       0       0    B272      7B       0       0
  299999965                    35                    35             4.4405723E-05         1.0000000E+30            996232       
 NEXT SEEDS:3535B196      E6       0       0       0       0    B272      7B       0       0
  299999966                    34                    34             4.4405723E-05         1.0000000E+30            996232       
 NEXT SEEDS:3535B252      E6       0       0       0       0    B272      7B       0       0
  299999967                    33                    33             4.4405723E-05         1.0000000E+30            996232       
 NEXT SEEDS:3535B33D      E6       0       0       0       0    B272      7B       0       0
  299999968                    32                    32             4.4405726E-05         1.0000000E+30            996232       
 NEXT SEEDS:3535B410      E6       0       0       0       0    B272      7B       0       0
  299999969                    31                    31             4.4405726E-05         1.0000000E+30            996232       
 NEXT SEEDS:3535B4F3      E6       0       0       0       0    B272      7B       0       0
  299999970                    30                    30             4.4405725E-05         1.0000000E+30            996232       
 NEXT SEEDS:3535B5C8      E6       0       0       0       0    B272      7B       0       0
  299999971                    29                    29             4.4405725E-05         1.0000000E+30            996232       
 NEXT SEEDS:3535B5CF      E6       0       0       0       0    B272      7B       0       0
  299999972                    28                    28             4.4405725E-05         1.0000000E+30            996232       
 NEXT SEEDS:3535B6A5      E6       0       0       0       0    B272      7B       0       0
  299999973                    27                    27             4.4405728E-05         1.0000000E+30            996232       
 NEXT SEEDS:3535B6AE      E6       0       0       0       0    B272      7B       0       0
  299999974                    26                    26             4.4405728E-05         1.0000000E+30            996232       
 NEXT SEEDS:3535B78A      E6       0       0       0       0    B272      7B       0       0
  299999975                    25                    25             4.4405728E-05         1.0000000E+30            996232       
 NEXT SEEDS:3535B863      E6       0       0       0       0    B272      7B       0       0
  299999976                    24                    24             4.4405728E-05         1.0000000E+30            996232       
 NEXT SEEDS:3535B943      E6       0       0       0       0    B272      7B       0       0
  299999977                    23                    23             4.4405728E-05         1.0000000E+30            996232       
 NEXT SEEDS:3535BA27      E6       0       0       0       0    B272      7B       0       0
  299999978                    22                    22             4.4405728E-05         1.0000000E+30            996232       
 NEXT SEEDS:3535BAF0      E6       0       0       0       0    B272      7B       0       0
  299999979                    21                    21             4.4405731E-05         1.0000000E+30            996232       
 NEXT SEEDS:3535BBC1      E6       0       0       0       0    B272      7B       0       0
  299999980                    20                    20             4.4405730E-05         1.0000000E+30            996232       
 NEXT SEEDS:3535BCA9      E6       0       0       0       0    B272      7B       0       0
  299999981                    19                    19             4.4405730E-05         1.0000000E+30            996232       
 NEXT SEEDS:3535BCB6      E6       0       0       0       0    B272      7B       0       0
  299999982                    18                    18             4.4405730E-05         1.0000000E+30            996232       
 NEXT SEEDS:3535BD9E      E6       0       0       0       0    B272      7B       0       0
  299999983                    17                    17             4.4405730E-05         1.0000000E+30            996232       
 NEXT SEEDS:3535BE76      E6       0       0       0       0    B272      7B       0       0
  299999984                    16                    16             4.4405730E-05         1.0000000E+30            996232       
 NEXT SEEDS:3535BE7D      E6       0       0       0       0    B272      7B       0       0
  299999985                    15                    15             4.4405730E-05         1.0000000E+30            996232       
 NEXT SEEDS:3535BE84      E6       0       0       0       0    B272      7B       0       0
  299999986                    14                    14             4.4405733E-05         1.0000000E+30            996232       
 NEXT SEEDS:3535BF68      E6       0       0       0       0    B272      7B       0       0
  299999987                    13                    13             4.4405733E-05         1.0000000E+30            996232       
 NEXT SEEDS:3535C060      E6       0       0       0       0    B272      7B       0       0
  299999988                    12                    12             4.4405733E-05         1.0000000E+30            996232       
 NEXT SEEDS:3535C139      E6       0       0       0       0    B272      7B       0       0
  299999989                    11                    11             4.4405732E-05         1.0000000E+30            996232       
 NEXT SEEDS:3535C205      E6       0       0       0       0    B272      7B       0       0
  299999990                    10                    10             4.4405732E-05         1.0000000E+30            996232       
 NEXT SEEDS:3535C2CF      E6       0       0       0       0    B272      7B       0       0
  299999991                     9                     9             4.4405735E-05         1.0000000E+30            996232       
 NEXT SEEDS:3535C3A5      E6       0       0       0       0    B272      7B       0       0
  299999992                     8                     8             4.4405735E-05         1.0000000E+30            996232       
 NEXT SEEDS:3535C46F      E6       0       0       0       0    B272      7B       0       0
  299999993                     7                     7             4.4405735E-05         1.0000000E+30            996232       
 NEXT SEEDS:3535C52B      E6       0       0       0       0    B272      7B       0       0
  299999994                     6                     6             4.4405735E-05         1.0000000E+30            996232       
 NEXT SEEDS:3535C5FD      E6       0       0       0       0    B272      7B       0       0
  299999995                     5                     5             4.4405735E-05         1.0000000E+30            996232       
 NEXT SEEDS:3535C6C2      E6       0       0       0       0    B272      7B       0       0
  299999996                     4                     4             4.4405738E-05         1.0000000E+30            996232       
 NEXT SEEDS:3535C793      E6       0       0       0       0    B272      7B       0       0
  299999997                     3                     3             4.4405738E-05         1.0000000E+30            996232       
 NEXT SEEDS:3535C85F      E6       0       0       0       0    B272      7B       0       0
  299999998                     2                     2             4.4405738E-05         1.0000000E+30            996232       
 NEXT SEEDS:3535C866      E6       0       0       0       0    B272      7B       0       0
  299999999                     1                     1             4.4405737E-05         1.0000000E+30            996232       
 NEXT SEEDS:3535C931      E6       0       0       0       0    B272      7B       0       0
  300000000                     0                     1             4.4405737E-05         1.0000000E+30            996232       
 NEXT SEEDS:3535CA0A      E6       0       0       0       0    B272      7B       0       0
