1NUMBER OF BEAM       NUMBER OF BEAM        APPROXIMATE NUMBER    AVERAGE TIME USED     TIME LEFT (RESERVED   NUMBER OF STARS
 PARTICLES HANDLED    PARTICLES LEFT        OF BEAM PARTICLES     BY A BEAM PARTICLE     10000.0 SECONDS      CREATED
                                            THAT CAN STILL BE                           FOR PRINTOUT)
                                            HANDLED

 NEXT SEEDS:1A5EEEDE      73       0       0       0       0    B26F      7B       0       0
          1             299999999             299999999             1.4257431E-04         1.0000000E+30                 0       
 NEXT SEEDS:1A5EEFBB      73       0       0       0       0    B26F      7B       0       0
    6000000             294000000             294000000             4.6536689E-05         1.0000000E+30             20087       
 NEXT SEEDS:239983EB      74       0       0       0       0    B26F      7B       0       0
   12000000             288000000             288000000             4.6543399E-05         1.0000000E+30             39925       
 NEXT SEEDS:2CC71F76      75       0       0       0       0    B26F      7B       0       0
   18000000             282000000             282000000             4.6544748E-05         1.0000000E+30             59908       
 NEXT SEEDS:35FBBF82      76       0       0       0       0    B26F      7B       0       0
   24000000             276000000             276000000             4.6165969E-05         1.0000000E+30             79666       
 NEXT SEEDS: 38FB526      78       0       0       0       0    B26F      7B       0       0
   30000000             270000000             270000000             4.5459419E-05         1.0000000E+30             99332       
 NEXT SEEDS: CC73D32      79       0       0       0       0    B26F      7B       0       0
   36000000             264000000             264000000             4.4988803E-05         1.0000000E+30            119037       
 NEXT SEEDS:15F9598B      7A       0       0       0       0    B26F      7B       0       0
   42000000             258000000             258000000             4.4909961E-05         1.0000000E+30            138912       
 NEXT SEEDS:1F2766B4      7B       0       0       0       0    B26F      7B       0       0
   48000000             252000000             252000000             4.4689722E-05         1.0000000E+30            158964       
 NEXT SEEDS:2860DB40      7C       0       0       0       0    B26F      7B       0       0
   54000000             246000000             246000000             4.4481689E-05         1.0000000E+30            179059       
 NEXT SEEDS:319510D0      7D       0       0       0       0    B26F      7B       0       0
   60000000             240000000             240000000             4.4328491E-05         1.0000000E+30            199062       
 NEXT SEEDS:3AC637BB      7E       0       0       0       0    B26F      7B       0       0
   66000000             234000000             234000000             4.4183275E-05         1.0000000E+30            218978       
 NEXT SEEDS: 867D378      80       0       0       0       0    B26F      7B       0       0
   72000000             228000000             228000000             4.4078908E-05         1.0000000E+30            238892       
 NEXT SEEDS:119C0450      81       0       0       0       0    B26F      7B       0       0
   78000000             222000000             222000000             4.3965448E-05         1.0000000E+30            258805       
 NEXT SEEDS:1ACD8658      82       0       0       0       0    B26F      7B       0       0
   84000000             216000000             216000000             4.3887579E-05         1.0000000E+30            278873       
 NEXT SEEDS:2407918C      83       0       0       0       0    B26F      7B       0       0
   90000000             210000000             210000000             4.3821142E-05         1.0000000E+30            298893       
 NEXT SEEDS:2D3DD7A6      84       0       0       0       0    B26F      7B       0       0
   96000000             204000000             204000000             4.3716367E-05         1.0000000E+30            319000       
 NEXT SEEDS:3678BC34      85       0       0       0       0    B26F      7B       0       0
  102000000             198000000             198000000             4.3655539E-05         1.0000000E+30            338930       
 NEXT SEEDS: 417B84B      87       0       0       0       0    B26F      7B       0       0
  108000000             192000000             192000000             4.3633475E-05         1.0000000E+30            358984       
 NEXT SEEDS: D5529FD      88       0       0       0       0    B26F      7B       0       0
  114000000             186000000             186000000             4.3615977E-05         1.0000000E+30            378891       
 NEXT SEEDS:168A12F3      89       0       0       0       0    B26F      7B       0       0
  120000000             180000000             180000000             4.3599355E-05         1.0000000E+30            398688       
 NEXT SEEDS:1FBB1F18      8A       0       0       0       0    B26F      7B       0       0
  *** Rcfset:kprin,bfcmax,epat00,ppat00,ravpot           1  -2.0285621705153911E-003  0.94312375789157710        9.5537924337898386E-002   12.440777676959296     
  126000000             174000000             174000000             4.3552577E-05         1.0000000E+30            418563       
 NEXT SEEDS:28EEEB83      8B       0       0       0       0    B26F      7B       0       0
  132000000             168000000             168000000             4.3559272E-05         1.0000000E+30            438567       
 NEXT SEEDS:32229A1D      8C       0       0       0       0    B26F      7B       0       0
  138000000             162000000             162000000             4.3539124E-05         1.0000000E+30            458541       
 NEXT SEEDS:3B553939      8D       0       0       0       0    B26F      7B       0       0
  144000000             156000000             156000000             4.3501653E-05         1.0000000E+30            478264       
 NEXT SEEDS: 8EBABC4      8F       0       0       0       0    B26F      7B       0       0
  150000000             150000000             150000000             4.3494224E-05         1.0000000E+30            498188       
 NEXT SEEDS:12220B0F      90       0       0       0       0    B26F      7B       0       0
  156000000             144000000             144000000             4.3433576E-05         1.0000000E+30            518136       
 NEXT SEEDS:1B5498EF      91       0       0       0       0    B26F      7B       0       0
  162000000             138000000             138000000             4.3402273E-05         1.0000000E+30            538188       
 NEXT SEEDS:248A1EB2      92       0       0       0       0    B26F      7B       0       0
  168000000             132000000             132000000             4.3361635E-05         1.0000000E+30            557936       
 NEXT SEEDS:2DBC5668      93       0       0       0       0    B26F      7B       0       0
  174000000             126000000             126000000             4.3329403E-05         1.0000000E+30            578025       
 NEXT SEEDS:36ECCDE5      94       0       0       0       0    B26F      7B       0       0
  180000000             120000000             120000000             4.3307065E-05         1.0000000E+30            598072       
 NEXT SEEDS: 4879CBC      96       0       0       0       0    B26F      7B       0       0
  186000000             114000000             114000000             4.3308201E-05         1.0000000E+30            617893       
 NEXT SEEDS: DBA161D      97       0       0       0       0    B26F      7B       0       0
  192000000             108000000             108000000             4.3299503E-05         1.0000000E+30            637859       
 NEXT SEEDS:16F4E172      98       0       0       0       0    B26F      7B       0       0
  198000000             102000000             102000000             4.3320824E-05         1.0000000E+30            657864       
 NEXT SEEDS:2026A32C      99       0       0       0       0    B26F      7B       0       0
  204000000              96000000              96000000             4.3297946E-05         1.0000000E+30            677717       
 NEXT SEEDS:295C3FCB      9A       0       0       0       0    B26F      7B       0       0
  210000000              90000000              90000000             4.3292335E-05         1.0000000E+30            697890       
 NEXT SEEDS:32956120      9B       0       0       0       0    B26F      7B       0       0
  216000000              84000000              84000000             4.3283758E-05         1.0000000E+30            717881       
 NEXT SEEDS:  356CBF      9D       0       0       0       0    B26F      7B       0       0
  222000000              78000000              78000000             4.3265474E-05         1.0000000E+30            737828       
 NEXT SEEDS: 963BF30      9E       0       0       0       0    B26F      7B       0       0
  228000000              72000000              72000000             4.3264459E-05         1.0000000E+30            757550       
 NEXT SEEDS:128FDF62      9F       0       0       0       0    B26F      7B       0       0
  234000000              66000000              66000000             4.3276349E-05         1.0000000E+30            777235       
 NEXT SEEDS:1BC00702      A0       0       0       0       0    B26F      7B       0       0
  240000000              60000000              60000000             4.3264912E-05         1.0000000E+30            797178       
 NEXT SEEDS:24FD529A      A1       0       0       0       0    B26F      7B       0       0
  246000000              54000000              54000000             4.3250118E-05         1.0000000E+30            817256       
 NEXT SEEDS:2E325EBC      A2       0       0       0       0    B26F      7B       0       0
  252000000              48000000              48000000             4.3242814E-05         1.0000000E+30            837104       
 NEXT SEEDS:3765709E      A3       0       0       0       0    B26F      7B       0       0
  258000000              42000000              42000000             4.3239382E-05         1.0000000E+30            857139       
 NEXT SEEDS: 4F8DD58      A5       0       0       0       0    B26F      7B       0       0
  264000000              36000000              36000000             4.3212187E-05         1.0000000E+30            876935       
 NEXT SEEDS: E2E4A11      A6       0       0       0       0    B26F      7B       0       0
  270000000              30000000              30000000             4.3198075E-05         1.0000000E+30            896720       
 NEXT SEEDS:1761CB5E      A7       0       0       0       0    B26F      7B       0       0
  276000000              24000000              24000000             4.3190351E-05         1.0000000E+30            916649       
 NEXT SEEDS:209988B6      A8       0       0       0       0    B26F      7B       0       0
  282000000              18000000              18000000             4.3183575E-05         1.0000000E+30            936447       
 NEXT SEEDS:29CA12B8      A9       0       0       0       0    B26F      7B       0       0
  288000000              12000000              12000000             4.3184617E-05         1.0000000E+30            956683       
 NEXT SEEDS:3306B74A      AA       0       0       0       0    B26F      7B       0       0
  294000000               6000000               6000000             4.3181278E-05         1.0000000E+30            976697       
 NEXT SEEDS:  A46C90      AC       0       0       0       0    B26F      7B       0       0
  299999950                    50                    50             4.3183815E-05         1.0000000E+30            996341       
 NEXT SEEDS: 9D7CCFF      AD       0       0       0       0    B26F      7B       0       0
  299999951                    49                    49             4.3183818E-05         1.0000000E+30            996341       
 NEXT SEEDS: 9D7CDD3      AD       0       0       0       0    B26F      7B       0       0
  299999952                    48                    48             4.3183818E-05         1.0000000E+30            996341       
 NEXT SEEDS: 9D7CE9A      AD       0       0       0       0    B26F      7B       0       0
  299999953                    47                    47             4.3183818E-05         1.0000000E+30            996341       
 NEXT SEEDS: 9D7CF7D      AD       0       0       0       0    B26F      7B       0       0
  299999954                    46                    46             4.3183818E-05         1.0000000E+30            996341       
 NEXT SEEDS: 9D7D055      AD       0       0       0       0    B26F      7B       0       0
  299999955                    45                    45             4.3183817E-05         1.0000000E+30            996341       
 NEXT SEEDS: 9D7D118      AD       0       0       0       0    B26F      7B       0       0
  299999956                    44                    44             4.3183817E-05         1.0000000E+30            996341       
 NEXT SEEDS: 9D7D201      AD       0       0       0       0    B26F      7B       0       0
  299999957                    43                    43             4.3183817E-05         1.0000000E+30            996341       
 NEXT SEEDS: 9D7D2DE      AD       0       0       0       0    B26F      7B       0       0
  299999958                    42                    42             4.3183817E-05         1.0000000E+30            996341       
 NEXT SEEDS: 9D7D3B1      AD       0       0       0       0    B26F      7B       0       0
  299999959                    41                    41             4.3183817E-05         1.0000000E+30            996341       
 NEXT SEEDS: 9D7D3BC      AD       0       0       0       0    B26F      7B       0       0
  299999960                    40                    40             4.3183817E-05         1.0000000E+30            996341       
 NEXT SEEDS: 9D7D497      AD       0       0       0       0    B26F      7B       0       0
  299999961                    39                    39             4.3183817E-05         1.0000000E+30            996341       
 NEXT SEEDS: 9D7D577      AD       0       0       0       0    B26F      7B       0       0
  299999962                    38                    38             4.3183816E-05         1.0000000E+30            996341       
 NEXT SEEDS: 9D7D57E      AD       0       0       0       0    B26F      7B       0       0
  299999963                    37                    37             4.3183816E-05         1.0000000E+30            996341       
 NEXT SEEDS: 9D7D652      AD       0       0       0       0    B26F      7B       0       0
  299999964                    36                    36             4.3183816E-05         1.0000000E+30            996341       
 NEXT SEEDS: 9D7D73B      AD       0       0       0       0    B26F      7B       0       0
  299999965                    35                    35             4.3183816E-05         1.0000000E+30            996341       
 NEXT SEEDS: 9D7D814      AD       0       0       0       0    B26F      7B       0       0
  299999966                    34                    34             4.3183816E-05         1.0000000E+30            996341       
 NEXT SEEDS: 9D7D8E3      AD       0       0       0       0    B26F      7B       0       0
  299999967                    33                    33             4.3183816E-05         1.0000000E+30            996341       
 NEXT SEEDS: 9D7D9AA      AD       0       0       0       0    B26F      7B       0       0
  299999968                    32                    32             4.3183819E-05         1.0000000E+30            996341       
 NEXT SEEDS: 9D7DA80      AD       0       0       0       0    B26F      7B       0       0
  299999969                    31                    31             4.3183819E-05         1.0000000E+30            996341       
 NEXT SEEDS: 9D7DB6B      AD       0       0       0       0    B26F      7B       0       0
  299999970                    30                    30             4.3183819E-05         1.0000000E+30            996341       
 NEXT SEEDS: 9D7DC43      AD       0       0       0       0    B26F      7B       0       0
  299999971                    29                    29             4.3183822E-05         1.0000000E+30            996341       
 NEXT SEEDS: 9D7DDD1      AD       0       0       0       0    B26F      7B       0       0
  299999972                    28                    28             4.3183822E-05         1.0000000E+30            996341       
 NEXT SEEDS: 9D7DEA2      AD       0       0       0       0    B26F      7B       0       0
  299999973                    27                    27             4.3183821E-05         1.0000000E+30            996341       
 NEXT SEEDS: 9D7DF70      AD       0       0       0       0    B26F      7B       0       0
  299999974                    26                    26             4.3183821E-05         1.0000000E+30            996341       
 NEXT SEEDS: 9D7E04A      AD       0       0       0       0    B26F      7B       0       0
  299999975                    25                    25             4.3183824E-05         1.0000000E+30            996341       
 NEXT SEEDS: 9D7E117      AD       0       0       0       0    B26F      7B       0       0
  299999976                    24                    24             4.3183824E-05         1.0000000E+30            996341       
 NEXT SEEDS: 9D7E1F1      AD       0       0       0       0    B26F      7B       0       0
  299999977                    23                    23             4.3183824E-05         1.0000000E+30            996341       
 NEXT SEEDS: 9D7E2CA      AD       0       0       0       0    B26F      7B       0       0
  299999978                    22                    22             4.3183827E-05         1.0000000E+30            996341       
 NEXT SEEDS: 9D7E391      AD       0       0       0       0    B26F      7B       0       0
  299999979                    21                    21             4.3183827E-05         1.0000000E+30            996341       
 NEXT SEEDS: 9D7E47A      AD       0       0       0       0    B26F      7B       0       0
  299999980                    20                    20             4.3183827E-05         1.0000000E+30            996341       
 NEXT SEEDS: 9D7E53F      AD       0       0       0       0    B26F      7B       0       0
  299999981                    19                    19             4.3183827E-05         1.0000000E+30            996341       
 NEXT SEEDS: 9D7E626      AD       0       0       0       0    B26F      7B       0       0
  299999982                    18                    18             4.3183830E-05         1.0000000E+30            996341       
 NEXT SEEDS: 9D7E62D      AD       0       0       0       0    B26F      7B       0       0
  299999983                    17                    17             4.3183830E-05         1.0000000E+30            996341       
 NEXT SEEDS: 9D7E702      AD       0       0       0       0    B26F      7B       0       0
  299999984                    16                    16             4.3183830E-05         1.0000000E+30            996341       
 NEXT SEEDS: 9D7E70B      AD       0       0       0       0    B26F      7B       0       0
  299999985                    15                    15             4.3183829E-05         1.0000000E+30            996341       
 NEXT SEEDS: 9D7E7DC      AD       0       0       0       0    B26F      7B       0       0
  299999986                    14                    14             4.3183833E-05         1.0000000E+30            996341       
 NEXT SEEDS: 9D7E8C0      AD       0       0       0       0    B26F      7B       0       0
  299999987                    13                    13             4.3183832E-05         1.0000000E+30            996341       
 NEXT SEEDS: 9D7E988      AD       0       0       0       0    B26F      7B       0       0
  299999988                    12                    12             4.3183832E-05         1.0000000E+30            996341       
 NEXT SEEDS: 9D7E98F      AD       0       0       0       0    B26F      7B       0       0
  299999989                    11                    11             4.3183835E-05         1.0000000E+30            996341       
 NEXT SEEDS: 9D7EA4A      AD       0       0       0       0    B26F      7B       0       0
  299999990                    10                    10             4.3183835E-05         1.0000000E+30            996341       
 NEXT SEEDS: 9D7EB10      AD       0       0       0       0    B26F      7B       0       0
  299999991                     9                     9             4.3183835E-05         1.0000000E+30            996341       
 NEXT SEEDS: 9D7EBDD      AD       0       0       0       0    B26F      7B       0       0
  299999992                     8                     8             4.3183835E-05         1.0000000E+30            996341       
 NEXT SEEDS: 9D7ECA7      AD       0       0       0       0    B26F      7B       0       0
  299999993                     7                     7             4.3183838E-05         1.0000000E+30            996341       
 NEXT SEEDS: 9D7ED77      AD       0       0       0       0    B26F      7B       0       0
  299999994                     6                     6             4.3183838E-05         1.0000000E+30            996341       
 NEXT SEEDS: 9D7EE58      AD       0       0       0       0    B26F      7B       0       0
  299999995                     5                     5             4.3183838E-05         1.0000000E+30            996341       
 NEXT SEEDS: 9D7EF2E      AD       0       0       0       0    B26F      7B       0       0
  299999996                     4                     4             4.3183838E-05         1.0000000E+30            996341       
 NEXT SEEDS: 9D7F007      AD       0       0       0       0    B26F      7B       0       0
  299999997                     3                     3             4.3183837E-05         1.0000000E+30            996341       
 NEXT SEEDS: 9D7F0E9      AD       0       0       0       0    B26F      7B       0       0
  299999998                     2                     2             4.3183837E-05         1.0000000E+30            996341       
 NEXT SEEDS: 9D7F1C0      AD       0       0       0       0    B26F      7B       0       0
  299999999                     1                     1             4.3183837E-05         1.0000000E+30            996341       
 NEXT SEEDS: 9D7F291      AD       0       0       0       0    B26F      7B       0       0
  300000000                     0                     1             4.3183837E-05         1.0000000E+30            996341       
 NEXT SEEDS: 9D7F36A      AD       0       0       0       0    B26F      7B       0       0
